2026-06-13 13:16:07.581 [INFO] Esecuzione singola (once mode)
2026-06-13 13:16:07.662 [INFO] ===== INIZIO SCANSIONE COMPLETA #0 =====
2026-06-13 13:16:07.702 [INFO] Scansione in corso: Speace Core (Cervello) (C:\cellular_speace\speace_core)
2026-06-13 13:16:07.924 [WARN] ISSUE: [Speace Core (Cervello)] orchestrator.py - FILE_TROPPO_GRANDE: orchestrator.py ha 2958 linee (>2000)
2026-06-13 13:16:08.040 [WARN] ISSUE: [Speace Core (Cervello)] __init__.py - FILE_VUOTO: __init__.py e vuoto
2026-06-13 13:16:08.085 [WARN] ISSUE: [Speace Core (Cervello)] neurofunctional_benchmark.py - FILE_TROPPO_GRANDE: neurofunctional_benchmark.py ha 3377 linee (>2000)
2026-06-13 13:16:08.087 [WARN] ISSUE: [Speace Core (Cervello)] __init__.py - FILE_VUOTO: __init__.py e vuoto
2026-06-13 13:16:08.099 [WARN] ISSUE: [Speace Core (Cervello)] __init__.py - FILE_VUOTO: __init__.py e vuoto
2026-06-13 13:16:08.210 [WARN] ISSUE: [Speace Core (Cervello)] cognitive_mutation_sandbox.py - USO_DI_EXEC_EVAL: cognitive_mutation_sandbox.py contiene eval/exec
2026-06-13 13:16:08.263 [WARN] ISSUE: [Speace Core (Cervello)] __init__.py - FILE_VUOTO: __init__.py e vuoto
2026-06-13 13:16:08.384 [WARN] ISSUE: [Speace Core (Cervello)] __init__.py - FILE_VUOTO: __init__.py e vuoto
2026-06-13 13:16:08.462 [WARN] ISSUE: [Speace Core (Cervello)] causal_model_engine.py - TODO_FOUND: causal_model_engine.py contiene TODO/FIXME da risolvere
2026-06-13 13:16:08.462 [WARN] ISSUE: [Speace Core (Cervello)] causal_model_engine.py - FILE_TROPPO_GRANDE: causal_model_engine.py ha 2418 linee (>2000)
2026-06-13 13:16:08.579 [WARN] ISSUE: [Speace Core (Cervello)] imitation_learning_sandbox.py - USO_DI_EXEC_EVAL: imitation_learning_sandbox.py contiene eval/exec
2026-06-13 13:16:08.660 [WARN] ISSUE: [Speace Core (Cervello)] __init__.py - FILE_VUOTO: __init__.py e vuoto
2026-06-13 13:16:08.821 [WARN] ISSUE: [Speace Core (Cervello)] __init__.py - FILE_VUOTO: __init__.py e vuoto
2026-06-13 13:16:08.827 [WARN] ISSUE: [Speace Core (Cervello)] __init__.py - FILE_VUOTO: __init__.py e vuoto
2026-06-13 13:16:08.831 [WARN] ISSUE: [Speace Core (Cervello)] __init__.py - FILE_VUOTO: __init__.py e vuoto
2026-06-13 13:16:08.831 [WARN] ISSUE: [Speace Core (Cervello)] __init__.py - FILE_VUOTO: __init__.py e vuoto
2026-06-13 13:16:08.840 [WARN] ISSUE: [Speace Core (Cervello)] __init__.py - FILE_VUOTO: __init__.py e vuoto
2026-06-13 13:16:08.856 [WARN] ISSUE: [Speace Core (Cervello)] trust_governor.py - USO_DI_EXEC_EVAL: trust_governor.py contiene eval/exec
2026-06-13 13:16:08.878 [WARN] ISSUE: [Speace Core (Cervello)] evolution_controller.py - TODO_FOUND: evolution_controller.py contiene TODO/FIXME da risolvere
2026-06-13 13:16:08.930 [WARN] ISSUE: [Speace Core (Cervello)] subsystem_connector.py - TODO_FOUND: subsystem_connector.py contiene TODO/FIXME da risolvere
2026-06-13 13:16:08.935 [WARN] ISSUE: [Speace Core (Cervello)] __init__.py - FILE_VUOTO: __init__.py e vuoto
2026-06-13 13:16:08.939 [WARN] ISSUE: [Speace Core (Cervello)] __init__.py - FILE_VUOTO: __init__.py e vuoto
2026-06-13 13:16:08.946 [WARN] ISSUE: [Speace Core (Cervello)] __init__.py - FILE_VUOTO: __init__.py e vuoto
2026-06-13 13:16:09.003 [WARN] ISSUE: [Speace Core (Cervello)] __init__.py - FILE_VUOTO: __init__.py e vuoto
2026-06-13 13:16:09.029 [WARN] ISSUE: [Speace Core (Cervello)] test_morphological_memory.py - USO_DI_EXEC_EVAL: test_morphological_memory.py contiene eval/exec
2026-06-13 13:16:09.044 [WARN] ISSUE: [Speace Core (Cervello)] __init__.py - FILE_VUOTO: __init__.py e vuoto
2026-06-13 13:16:09.084 [WARN] ISSUE: [Speace Core (Cervello)] __init__.py - FILE_VUOTO: __init__.py e vuoto
2026-06-13 13:16:09.233 [WARN] Scansione completata: Speace Core (Cervello) - 26 issue trovate
2026-06-13 13:16:09.241 [INFO] Scansione in corso: Speace AGI Team (C:\cellular_speace\speace_agi_team)
2026-06-13 13:16:09.272 [WARN] ISSUE: [Speace AGI Team] config.py - USO_DI_EXEC_EVAL: config.py contiene eval/exec
2026-06-13 13:16:09.410 [WARN] Scansione completata: Speace AGI Team - 1 issue trovate
2026-06-13 13:16:09.410 [INFO] Scansione in corso: Data (C:\cellular_speace\data)
2026-06-13 13:16:11.081 [WARN] ISSUE: [Data] evaluation.json - FILE_TROPPO_GRANDE: evaluation.json ha 844336 linee (>2000)
2026-06-13 13:16:11.997 [WARN] ISSUE: [Data] training.json - FILE_TROPPO_GRANDE: training.json ha 522201 linee (>2000)
2026-06-13 13:16:14.334 [WARN] ISSUE: [Data] latest_snapshot.json - JSON_INVALIDO: latest_snapshot.json non e JSON valido
2026-06-13 13:16:14.334 [WARN] ISSUE: [Data] latest_snapshot.json - FILE_TROPPO_GRANDE: latest_snapshot.json ha 2244 linee (>2000)
2026-06-13 13:16:14.415 [WARN] ISSUE: [Data] checkpoint_1781347769994.json - FILE_TROPPO_GRANDE: checkpoint_1781347769994.json ha 11022 linee (>2000)
2026-06-13 13:16:14.477 [WARN] ISSUE: [Data] checkpoint_1781347792037.json - FILE_TROPPO_GRANDE: checkpoint_1781347792037.json ha 11022 linee (>2000)
2026-06-13 13:16:14.540 [WARN] ISSUE: [Data] checkpoint_1781348035541.json - FILE_TROPPO_GRANDE: checkpoint_1781348035541.json ha 11022 linee (>2000)
2026-06-13 13:16:14.612 [WARN] ISSUE: [Data] checkpoint_1781348071659.json - FILE_TROPPO_GRANDE: checkpoint_1781348071659.json ha 11022 linee (>2000)
2026-06-13 13:16:14.712 [WARN] ISSUE: [Data] checkpoint_1781348072435.json - FILE_TROPPO_GRANDE: checkpoint_1781348072435.json ha 11022 linee (>2000)
2026-06-13 13:16:14.745 [WARN] ISSUE: [Data] checkpoint_1781348095270.json - FILE_TROPPO_GRANDE: checkpoint_1781348095270.json ha 11022 linee (>2000)
2026-06-13 13:16:14.792 [WARN] ISSUE: [Data] checkpoint_1781348370010.json - FILE_TROPPO_GRANDE: checkpoint_1781348370010.json ha 11022 linee (>2000)
2026-06-13 13:16:14.843 [WARN] ISSUE: [Data] checkpoint_1781348395464.json - FILE_TROPPO_GRANDE: checkpoint_1781348395464.json ha 11022 linee (>2000)
2026-06-13 13:16:14.907 [WARN] ISSUE: [Data] checkpoint_1781348402219.json - FILE_TROPPO_GRANDE: checkpoint_1781348402219.json ha 11022 linee (>2000)
2026-06-13 13:16:14.981 [WARN] ISSUE: [Data] checkpoint_1781348423399.json - FILE_TROPPO_GRANDE: checkpoint_1781348423399.json ha 11022 linee (>2000)
2026-06-13 13:16:15.087 [WARN] Scansione completata: Data - 13 issue trovate
2026-06-13 13:16:15.106 [INFO] Scansione in corso: Scripts (C:\cellular_speace\scripts)
2026-06-13 13:16:15.140 [WARN] ISSUE: [Scripts] speace_seed.py - USO_DI_EXEC_EVAL: speace_seed.py contiene eval/exec
2026-06-13 13:16:15.169 [WARN] ISSUE: [Scripts] __init__.py - FILE_VUOTO: __init__.py e vuoto
2026-06-13 13:16:15.193 [WARN] Scansione completata: Scripts - 2 issue trovate
2026-06-13 13:16:15.196 [INFO] Scansione in corso: Tests (C:\cellular_speace\tests)
2026-06-13 13:16:15.316 [WARN] ISSUE: [Tests] test_phase8_mmapr_veto.py - USO_DI_EXEC_EVAL: test_phase8_mmapr_veto.py contiene eval/exec
2026-06-13 13:16:15.325 [WARN] ISSUE: [Tests] __init__.py - FILE_VUOTO: __init__.py e vuoto
2026-06-13 13:16:15.337 [WARN] ISSUE: [Tests] __init__.py - FILE_VUOTO: __init__.py e vuoto
2026-06-13 13:16:15.365 [WARN] ISSUE: [Tests] __init__.py - FILE_VUOTO: __init__.py e vuoto
2026-06-13 13:16:15.450 [WARN] ISSUE: [Tests] test_coherence_proposal_executor.py - TODO_FOUND: test_coherence_proposal_executor.py contiene TODO/FIXME da risolvere
2026-06-13 13:16:15.477 [WARN] ISSUE: [Tests] __init__.py - FILE_VUOTO: __init__.py e vuoto
2026-06-13 13:16:15.477 [WARN] ISSUE: [Tests] __init__.py - FILE_VUOTO: __init__.py e vuoto
2026-06-13 13:16:15.494 [WARN] ISSUE: [Tests] __init__.py - FILE_VUOTO: __init__.py e vuoto
2026-06-13 13:16:15.517 [WARN] ISSUE: [Tests] __init__.py - FILE_VUOTO: __init__.py e vuoto
2026-06-13 13:16:15.544 [WARN] ISSUE: [Tests] __init__.py - FILE_VUOTO: __init__.py e vuoto
2026-06-13 13:16:15.547 [WARN] ISSUE: [Tests] __init__.py - FILE_VUOTO: __init__.py e vuoto
2026-06-13 13:16:15.556 [WARN] ISSUE: [Tests] __init__.py - FILE_VUOTO: __init__.py e vuoto
2026-06-13 13:16:15.587 [WARN] ISSUE: [Tests] __init__.py - FILE_VUOTO: __init__.py e vuoto
2026-06-13 13:16:15.601 [WARN] ISSUE: [Tests] __init__.py - FILE_VUOTO: __init__.py e vuoto
2026-06-13 13:16:15.631 [WARN] ISSUE: [Tests] __init__.py - FILE_VUOTO: __init__.py e vuoto
2026-06-13 13:16:15.634 [WARN] ISSUE: [Tests] __init__.py - FILE_VUOTO: __init__.py e vuoto
2026-06-13 13:16:15.649 [WARN] ISSUE: [Tests] __init__.py - FILE_VUOTO: __init__.py e vuoto
2026-06-13 13:16:15.657 [WARN] ISSUE: [Tests] __init__.py - FILE_VUOTO: __init__.py e vuoto
2026-06-13 13:16:15.686 [WARN] ISSUE: [Tests] __init__.py - FILE_VUOTO: __init__.py e vuoto
2026-06-13 13:16:15.714 [WARN] ISSUE: [Tests] __init__.py - FILE_VUOTO: __init__.py e vuoto
2026-06-13 13:16:15.734 [WARN] ISSUE: [Tests] __init__.py - FILE_VUOTO: __init__.py e vuoto
2026-06-13 13:16:15.743 [WARN] ISSUE: [Tests] __init__.py - FILE_VUOTO: __init__.py e vuoto
2026-06-13 13:16:15.743 [WARN] ISSUE: [Tests] test_evolutionary_memory_governance_audit_runner.py - TODO_FOUND: test_evolutionary_memory_governance_audit_runner.py contiene TODO/FIXME da risolvere
2026-06-13 13:16:15.759 [WARN] ISSUE: [Tests] __init__.py - FILE_VUOTO: __init__.py e vuoto
2026-06-13 13:16:15.764 [WARN] ISSUE: [Tests] __init__.py - FILE_VUOTO: __init__.py e vuoto
2026-06-13 13:16:15.786 [WARN] ISSUE: [Tests] __init__.py - FILE_VUOTO: __init__.py e vuoto
2026-06-13 13:16:15.790 [WARN] ISSUE: [Tests] __init__.py - FILE_VUOTO: __init__.py e vuoto
2026-06-13 13:16:15.806 [WARN] ISSUE: [Tests] __init__.py - FILE_VUOTO: __init__.py e vuoto
2026-06-13 13:16:15.806 [WARN] ISSUE: [Tests] __init__.py - FILE_VUOTO: __init__.py e vuoto
2026-06-13 13:16:15.828 [WARN] ISSUE: [Tests] __init__.py - FILE_VUOTO: __init__.py e vuoto
2026-06-13 13:16:15.834 [WARN] ISSUE: [Tests] __init__.py - FILE_VUOTO: __init__.py e vuoto
2026-06-13 13:16:15.875 [WARN] ISSUE: [Tests] __init__.py - FILE_VUOTO: __init__.py e vuoto
2026-06-13 13:16:15.901 [WARN] ISSUE: [Tests] __init__.py - FILE_VUOTO: __init__.py e vuoto
2026-06-13 13:16:15.919 [WARN] ISSUE: [Tests] __init__.py - FILE_VUOTO: __init__.py e vuoto
2026-06-13 13:16:15.922 [WARN] ISSUE: [Tests] __init__.py - FILE_VUOTO: __init__.py e vuoto
2026-06-13 13:16:15.972 [WARN] ISSUE: [Tests] __init__.py - FILE_VUOTO: __init__.py e vuoto
2026-06-13 13:16:15.998 [WARN] ISSUE: [Tests] __init__.py - FILE_VUOTO: __init__.py e vuoto
2026-06-13 13:16:16.012 [WARN] ISSUE: [Tests] __init__.py - FILE_VUOTO: __init__.py e vuoto
2026-06-13 13:16:16.036 [WARN] ISSUE: [Tests] __init__.py - FILE_VUOTO: __init__.py e vuoto
2026-06-13 13:16:16.071 [WARN] ISSUE: [Tests] __init__.py - FILE_VUOTO: __init__.py e vuoto
2026-06-13 13:16:16.114 [WARN] ISSUE: [Tests] __init__.py - FILE_VUOTO: __init__.py e vuoto
2026-06-13 13:16:16.122 [WARN] ISSUE: [Tests] __init__.py - FILE_VUOTO: __init__.py e vuoto
2026-06-13 13:16:16.131 [WARN] ISSUE: [Tests] __init__.py - FILE_VUOTO: __init__.py e vuoto
2026-06-13 13:16:16.144 [WARN] ISSUE: [Tests] __init__.py - FILE_VUOTO: __init__.py e vuoto
2026-06-13 13:16:16.151 [WARN] ISSUE: [Tests] __init__.py - FILE_VUOTO: __init__.py e vuoto
2026-06-13 13:16:16.154 [WARN] ISSUE: [Tests] test_auth_engine.py - TODO_FOUND: test_auth_engine.py contiene TODO/FIXME da risolvere
2026-06-13 13:16:16.196 [WARN] ISSUE: [Tests] __init__.py - FILE_VUOTO: __init__.py e vuoto
2026-06-13 13:16:16.251 [WARN] Scansione completata: Tests - 47 issue trovate
2026-06-13 13:16:16.257 [INFO] Scansione in corso: Documentazione (C:\cellular_speace\docs)
2026-06-13 13:16:16.281 [WARN] ISSUE: [Documentazione] cellular_speace.md - FILE_TROPPO_GRANDE: cellular_speace.md ha 2117 linee (>2000)
2026-06-13 13:16:16.343 [WARN] ISSUE: [Documentazione] metacognizione_pensiero_linguaggio_di_SPEACE.md - FILE_TROPPO_GRANDE: metacognizione_pensiero_linguaggio_di_SPEACE.md ha 3321 linee (>2000)
2026-06-13 13:16:16.423 [WARN] ISSUE: [Documentazione] 104_NeuroEvolve_A_Dynamic_Brai.pdf - FILE_TROPPO_GRANDE: 104_NeuroEvolve_A_Dynamic_Brai.pdf ha 3743 linee (>2000)
2026-06-13 13:16:16.686 [WARN] ISSUE: [Documentazione] 2604.25917v1.pdf - FILE_TROPPO_GRANDE: 2604.25917v1.pdf ha 47384 linee (>2000)
2026-06-13 13:16:16.816 [WARN] ISSUE: [Documentazione] A brain-inspired framework for.pdf - FILE_TROPPO_GRANDE: A brain-inspired framework for.pdf ha 29697 linee (>2000)
2026-06-13 13:16:16.926 [WARN] ISSUE: [Documentazione] Network geometry of the Drosophila brain.pdf - FILE_TROPPO_GRANDE: Network geometry of the Drosophila brain.pdf ha 34584 linee (>2000)
2026-06-13 13:16:16.967 [WARN] ISSUE: [Documentazione] NeuroEvolve--A-brain-inspired-mutation-optimiz_2026_International-Journal-of.pdf - FILE_TROPPO_GRANDE: NeuroEvolve--A-brain-inspired-mutation-optimiz_2026_International-Journal-of.pdf ha 52360 linee (>2000)
2026-06-13 13:16:17.266 [WARN] ISSUE: [Documentazione] Recursive Multi-Agent Systems.pdf - FILE_TROPPO_GRANDE: Recursive Multi-Agent Systems.pdf ha 47384 linee (>2000)
2026-06-13 13:16:17.312 [WARN] ISSUE: [Documentazione] Reti neurali artificiali e apprendimenti basati sulla biofisica dei neuroni.pdf - FILE_TROPPO_GRANDE: Reti neurali artificiali e apprendimenti basati sulla biofisica dei neuroni.pdf ha 16566 linee (>2000)
2026-06-13 13:16:17.314 [WARN] Scansione completata: Documentazione - 9 issue trovate
2026-06-13 13:16:17.321 [INFO] Scansione in corso: Reports (C:\cellular_speace\reports)
2026-06-13 13:16:26.089 [WARN] ISSUE: [Reports] arc_agi_report_20260528_074249.json - FILE_TROPPO_GRANDE: arc_agi_report_20260528_074249.json ha 2132 linee (>2000)
2026-06-13 13:16:26.124 [WARN] ISSUE: [Reports] arc_agi_report_20260528_084421.json - FILE_TROPPO_GRANDE: arc_agi_report_20260528_084421.json ha 2565 linee (>2000)
2026-06-13 13:16:33.911 [WARN] ISSUE: [Reports] calibration_20260519_113608.json - FILE_TROPPO_GRANDE: calibration_20260519_113608.json ha 2212 linee (>2000)
2026-06-13 13:16:33.960 [WARN] ISSUE: [Reports] calibration_20260519_123918.json - FILE_TROPPO_GRANDE: calibration_20260519_123918.json ha 2212 linee (>2000)
2026-06-13 13:16:33.995 [WARN] ISSUE: [Reports] calibration_20260519_143733.json - FILE_TROPPO_GRANDE: calibration_20260519_143733.json ha 2212 linee (>2000)
2026-06-13 13:16:34.079 [WARN] ISSUE: [Reports] calibration_20260519_162439.json - FILE_TROPPO_GRANDE: calibration_20260519_162439.json ha 2212 linee (>2000)
2026-06-13 13:16:34.136 [WARN] ISSUE: [Reports] calibration_20260519_183750.json - FILE_TROPPO_GRANDE: calibration_20260519_183750.json ha 2212 linee (>2000)
2026-06-13 13:16:34.202 [WARN] ISSUE: [Reports] calibration_20260519_203926.json - FILE_TROPPO_GRANDE: calibration_20260519_203926.json ha 2332 linee (>2000)
2026-06-13 13:16:34.245 [WARN] ISSUE: [Reports] calibration_20260519_204627.json - FILE_TROPPO_GRANDE: calibration_20260519_204627.json ha 2332 linee (>2000)
2026-06-13 13:16:34.311 [WARN] ISSUE: [Reports] calibration_20260519_204828.json - FILE_TROPPO_GRANDE: calibration_20260519_204828.json ha 2332 linee (>2000)
2026-06-13 13:16:34.467 [WARN] ISSUE: [Reports] calibration_20260520_131929.json - FILE_TROPPO_GRANDE: calibration_20260520_131929.json ha 2708 linee (>2000)
2026-06-13 13:16:34.485 [WARN] ISSUE: [Reports] calibration_20260520_131930.json - FILE_TROPPO_GRANDE: calibration_20260520_131930.json ha 2018 linee (>2000)
2026-06-13 13:16:34.526 [WARN] ISSUE: [Reports] calibration_20260520_150158.json - FILE_TROPPO_GRANDE: calibration_20260520_150158.json ha 2804 linee (>2000)
2026-06-13 13:16:34.551 [WARN] ISSUE: [Reports] calibration_20260520_150159.json - FILE_TROPPO_GRANDE: calibration_20260520_150159.json ha 2090 linee (>2000)
2026-06-13 13:16:34.588 [WARN] ISSUE: [Reports] calibration_20260520_150246.json - FILE_TROPPO_GRANDE: calibration_20260520_150246.json ha 2804 linee (>2000)
2026-06-13 13:16:34.614 [WARN] ISSUE: [Reports] calibration_20260520_150247.json - FILE_TROPPO_GRANDE: calibration_20260520_150247.json ha 2090 linee (>2000)
2026-06-13 13:16:34.646 [WARN] ISSUE: [Reports] calibration_20260520_150402.json - FILE_TROPPO_GRANDE: calibration_20260520_150402.json ha 2090 linee (>2000)
2026-06-13 13:16:34.689 [WARN] ISSUE: [Reports] calibration_20260521_102444.json - FILE_TROPPO_GRANDE: calibration_20260521_102444.json ha 2804 linee (>2000)
2026-06-13 13:16:34.703 [WARN] ISSUE: [Reports] calibration_20260521_102445.json - FILE_TROPPO_GRANDE: calibration_20260521_102445.json ha 2090 linee (>2000)
2026-06-13 13:16:34.746 [WARN] ISSUE: [Reports] calibration_20260521_103431.json - FILE_TROPPO_GRANDE: calibration_20260521_103431.json ha 2090 linee (>2000)
2026-06-13 13:16:34.784 [WARN] ISSUE: [Reports] calibration_20260521_103625.json - FILE_TROPPO_GRANDE: calibration_20260521_103625.json ha 2804 linee (>2000)
2026-06-13 13:16:34.817 [WARN] ISSUE: [Reports] calibration_20260521_103626.json - FILE_TROPPO_GRANDE: calibration_20260521_103626.json ha 2090 linee (>2000)
2026-06-13 13:16:34.851 [WARN] ISSUE: [Reports] calibration_20260522_085147.json - FILE_TROPPO_GRANDE: calibration_20260522_085147.json ha 2090 linee (>2000)
2026-06-13 13:16:34.878 [WARN] ISSUE: [Reports] calibration_20260522_085311.json - FILE_TROPPO_GRANDE: calibration_20260522_085311.json ha 2090 linee (>2000)
2026-06-13 13:16:34.916 [WARN] ISSUE: [Reports] calibration_20260522_085352.json - FILE_TROPPO_GRANDE: calibration_20260522_085352.json ha 2090 linee (>2000)
2026-06-13 13:16:34.938 [WARN] ISSUE: [Reports] calibration_20260522_110739.json - FILE_TROPPO_GRANDE: calibration_20260522_110739.json ha 2090 linee (>2000)
2026-06-13 13:16:34.966 [WARN] ISSUE: [Reports] calibration_20260522_111318.json - FILE_TROPPO_GRANDE: calibration_20260522_111318.json ha 2804 linee (>2000)
2026-06-13 13:16:34.990 [WARN] ISSUE: [Reports] calibration_20260522_111319.json - FILE_TROPPO_GRANDE: calibration_20260522_111319.json ha 2090 linee (>2000)
2026-06-13 13:16:35.032 [WARN] ISSUE: [Reports] calibration_20260522_114415.json - FILE_TROPPO_GRANDE: calibration_20260522_114415.json ha 2804 linee (>2000)
2026-06-13 13:16:35.047 [WARN] ISSUE: [Reports] calibration_20260522_114416.json - FILE_TROPPO_GRANDE: calibration_20260522_114416.json ha 2090 linee (>2000)
2026-06-13 13:16:35.077 [WARN] ISSUE: [Reports] calibration_20260522_114707.json - FILE_TROPPO_GRANDE: calibration_20260522_114707.json ha 2804 linee (>2000)
2026-06-13 13:16:35.105 [WARN] ISSUE: [Reports] calibration_20260522_114708.json - FILE_TROPPO_GRANDE: calibration_20260522_114708.json ha 2090 linee (>2000)
2026-06-13 13:16:35.145 [WARN] ISSUE: [Reports] calibration_20260522_114719.json - FILE_TROPPO_GRANDE: calibration_20260522_114719.json ha 2804 linee (>2000)
2026-06-13 13:16:35.185 [WARN] ISSUE: [Reports] calibration_20260522_114720.json - FILE_TROPPO_GRANDE: calibration_20260522_114720.json ha 2090 linee (>2000)
2026-06-13 13:16:35.221 [WARN] ISSUE: [Reports] calibration_20260522_114904.json - FILE_TROPPO_GRANDE: calibration_20260522_114904.json ha 2090 linee (>2000)
2026-06-13 13:16:35.250 [WARN] ISSUE: [Reports] calibration_20260522_133123.json - FILE_TROPPO_GRANDE: calibration_20260522_133123.json ha 2090 linee (>2000)
2026-06-13 13:16:35.283 [WARN] ISSUE: [Reports] calibration_20260522_133842.json - FILE_TROPPO_GRANDE: calibration_20260522_133842.json ha 2804 linee (>2000)
2026-06-13 13:16:35.308 [WARN] ISSUE: [Reports] calibration_20260522_133843.json - FILE_TROPPO_GRANDE: calibration_20260522_133843.json ha 2090 linee (>2000)
2026-06-13 13:16:35.354 [WARN] ISSUE: [Reports] calibration_20260522_134102.json - FILE_TROPPO_GRANDE: calibration_20260522_134102.json ha 2804 linee (>2000)
2026-06-13 13:16:35.378 [WARN] ISSUE: [Reports] calibration_20260522_134103.json - FILE_TROPPO_GRANDE: calibration_20260522_134103.json ha 2090 linee (>2000)
2026-06-13 13:16:35.405 [WARN] ISSUE: [Reports] calibration_20260522_150547.json - FILE_TROPPO_GRANDE: calibration_20260522_150547.json ha 2804 linee (>2000)
2026-06-13 13:16:35.429 [WARN] ISSUE: [Reports] calibration_20260522_150548.json - FILE_TROPPO_GRANDE: calibration_20260522_150548.json ha 2090 linee (>2000)
2026-06-13 13:16:35.462 [WARN] ISSUE: [Reports] calibration_20260522_152541.json - FILE_TROPPO_GRANDE: calibration_20260522_152541.json ha 2090 linee (>2000)
2026-06-13 13:16:35.557 [WARN] ISSUE: [Reports] calibration_20260522_162803.json - FILE_TROPPO_GRANDE: calibration_20260522_162803.json ha 2804 linee (>2000)
2026-06-13 13:16:35.643 [WARN] ISSUE: [Reports] calibration_20260522_162804.json - FILE_TROPPO_GRANDE: calibration_20260522_162804.json ha 2090 linee (>2000)
2026-06-13 13:16:35.718 [WARN] ISSUE: [Reports] calibration_20260522_163121.json - FILE_TROPPO_GRANDE: calibration_20260522_163121.json ha 2090 linee (>2000)
2026-06-13 13:16:35.790 [WARN] ISSUE: [Reports] calibration_20260522_163434.json - FILE_TROPPO_GRANDE: calibration_20260522_163434.json ha 2804 linee (>2000)
2026-06-13 13:16:35.854 [WARN] ISSUE: [Reports] calibration_20260522_163435.json - FILE_TROPPO_GRANDE: calibration_20260522_163435.json ha 2090 linee (>2000)
2026-06-13 13:16:35.925 [WARN] ISSUE: [Reports] calibration_20260522_163551.json - FILE_TROPPO_GRANDE: calibration_20260522_163551.json ha 2090 linee (>2000)
2026-06-13 13:16:35.985 [WARN] ISSUE: [Reports] calibration_20260522_164145.json - FILE_TROPPO_GRANDE: calibration_20260522_164145.json ha 2821 linee (>2000)
2026-06-13 13:16:36.016 [WARN] ISSUE: [Reports] calibration_20260522_164146.json - FILE_TROPPO_GRANDE: calibration_20260522_164146.json ha 2090 linee (>2000)
2026-06-13 13:16:36.066 [WARN] ISSUE: [Reports] calibration_20260522_164157.json - FILE_TROPPO_GRANDE: calibration_20260522_164157.json ha 2821 linee (>2000)
2026-06-13 13:16:36.094 [WARN] ISSUE: [Reports] calibration_20260522_164158.json - FILE_TROPPO_GRANDE: calibration_20260522_164158.json ha 2090 linee (>2000)
2026-06-13 13:16:36.179 [WARN] ISSUE: [Reports] calibration_20260522_164355.json - FILE_TROPPO_GRANDE: calibration_20260522_164355.json ha 2821 linee (>2000)
2026-06-13 13:16:36.201 [WARN] ISSUE: [Reports] calibration_20260522_164356.json - FILE_TROPPO_GRANDE: calibration_20260522_164356.json ha 2090 linee (>2000)
2026-06-13 13:16:36.230 [WARN] ISSUE: [Reports] calibration_20260522_172728.json - FILE_TROPPO_GRANDE: calibration_20260522_172728.json ha 2821 linee (>2000)
2026-06-13 13:16:36.257 [WARN] ISSUE: [Reports] calibration_20260522_172729.json - FILE_TROPPO_GRANDE: calibration_20260522_172729.json ha 2090 linee (>2000)
2026-06-13 13:16:36.297 [WARN] ISSUE: [Reports] calibration_20260522_172831.json - FILE_TROPPO_GRANDE: calibration_20260522_172831.json ha 2821 linee (>2000)
2026-06-13 13:16:36.335 [WARN] ISSUE: [Reports] calibration_20260522_172832.json - FILE_TROPPO_GRANDE: calibration_20260522_172832.json ha 2090 linee (>2000)
2026-06-13 13:16:36.397 [WARN] ISSUE: [Reports] calibration_20260522_172951.json - FILE_TROPPO_GRANDE: calibration_20260522_172951.json ha 2090 linee (>2000)
2026-06-13 13:16:36.448 [WARN] ISSUE: [Reports] calibration_20260522_175403.json - FILE_TROPPO_GRANDE: calibration_20260522_175403.json ha 2821 linee (>2000)
2026-06-13 13:16:36.494 [WARN] ISSUE: [Reports] calibration_20260522_175404.json - FILE_TROPPO_GRANDE: calibration_20260522_175404.json ha 2090 linee (>2000)
2026-06-13 13:16:36.524 [WARN] ISSUE: [Reports] calibration_20260522_175651.json - FILE_TROPPO_GRANDE: calibration_20260522_175651.json ha 2821 linee (>2000)
2026-06-13 13:16:36.564 [WARN] ISSUE: [Reports] calibration_20260522_175652.json - FILE_TROPPO_GRANDE: calibration_20260522_175652.json ha 2090 linee (>2000)
2026-06-13 13:16:36.609 [WARN] ISSUE: [Reports] calibration_20260522_175859.json - FILE_TROPPO_GRANDE: calibration_20260522_175859.json ha 2821 linee (>2000)
2026-06-13 13:16:36.641 [WARN] ISSUE: [Reports] calibration_20260522_175900.json - FILE_TROPPO_GRANDE: calibration_20260522_175900.json ha 2090 linee (>2000)
2026-06-13 13:16:36.661 [WARN] ISSUE: [Reports] calibration_20260522_180234.json - FILE_TROPPO_GRANDE: calibration_20260522_180234.json ha 2090 linee (>2000)
2026-06-13 13:16:36.683 [WARN] ISSUE: [Reports] calibration_20260522_200442.json - FILE_TROPPO_GRANDE: calibration_20260522_200442.json ha 2090 linee (>2000)
2026-06-13 13:16:36.709 [WARN] ISSUE: [Reports] calibration_20260522_200629.json - FILE_TROPPO_GRANDE: calibration_20260522_200629.json ha 2821 linee (>2000)
2026-06-13 13:16:36.738 [WARN] ISSUE: [Reports] calibration_20260522_200630.json - FILE_TROPPO_GRANDE: calibration_20260522_200630.json ha 2090 linee (>2000)
2026-06-13 13:16:36.794 [WARN] ISSUE: [Reports] calibration_20260524_174454.json - FILE_TROPPO_GRANDE: calibration_20260524_174454.json ha 2090 linee (>2000)
2026-06-13 13:16:36.799 [WARN] ISSUE: [Reports] calibration_20260524_175729.json - FILE_TROPPO_GRANDE: calibration_20260524_175729.json ha 2821 linee (>2000)
2026-06-13 13:16:36.837 [WARN] ISSUE: [Reports] calibration_20260524_175730.json - FILE_TROPPO_GRANDE: calibration_20260524_175730.json ha 2090 linee (>2000)
2026-06-13 13:16:36.867 [WARN] ISSUE: [Reports] calibration_20260525_090925.json - FILE_TROPPO_GRANDE: calibration_20260525_090925.json ha 2090 linee (>2000)
2026-06-13 13:16:36.904 [WARN] ISSUE: [Reports] calibration_20260525_091027.json - FILE_TROPPO_GRANDE: calibration_20260525_091027.json ha 2821 linee (>2000)
2026-06-13 13:16:36.954 [WARN] ISSUE: [Reports] calibration_20260525_091028.json - FILE_TROPPO_GRANDE: calibration_20260525_091028.json ha 2090 linee (>2000)
2026-06-13 13:16:36.979 [WARN] ISSUE: [Reports] calibration_20260525_091654.json - FILE_TROPPO_GRANDE: calibration_20260525_091654.json ha 2090 linee (>2000)
2026-06-13 13:16:37.010 [WARN] ISSUE: [Reports] calibration_20260528_092819.json - FILE_TROPPO_GRANDE: calibration_20260528_092819.json ha 2090 linee (>2000)
2026-06-13 13:16:37.032 [WARN] ISSUE: [Reports] calibration_20260603_134833.json - FILE_TROPPO_GRANDE: calibration_20260603_134833.json ha 2090 linee (>2000)
2026-06-13 13:16:37.063 [WARN] ISSUE: [Reports] calibration_20260603_135336.json - FILE_TROPPO_GRANDE: calibration_20260603_135336.json ha 2821 linee (>2000)
2026-06-13 13:16:37.092 [WARN] ISSUE: [Reports] calibration_20260603_135337.json - FILE_TROPPO_GRANDE: calibration_20260603_135337.json ha 2090 linee (>2000)
2026-06-13 13:16:37.149 [WARN] ISSUE: [Reports] calibration_20260603_135411.json - FILE_TROPPO_GRANDE: calibration_20260603_135411.json ha 2821 linee (>2000)
2026-06-13 13:16:37.190 [WARN] ISSUE: [Reports] calibration_20260603_135412.json - FILE_TROPPO_GRANDE: calibration_20260603_135412.json ha 2090 linee (>2000)
2026-06-13 13:16:37.222 [WARN] ISSUE: [Reports] calibration_20260603_140425.json - FILE_TROPPO_GRANDE: calibration_20260603_140425.json ha 2090 linee (>2000)
2026-06-13 13:16:37.259 [WARN] ISSUE: [Reports] calibration_20260603_140506.json - FILE_TROPPO_GRANDE: calibration_20260603_140506.json ha 2090 linee (>2000)
2026-06-13 13:16:37.304 [WARN] ISSUE: [Reports] calibration_20260603_141518.json - FILE_TROPPO_GRANDE: calibration_20260603_141518.json ha 2821 linee (>2000)
2026-06-13 13:16:37.323 [WARN] ISSUE: [Reports] calibration_20260603_141519.json - FILE_TROPPO_GRANDE: calibration_20260603_141519.json ha 2090 linee (>2000)
2026-06-13 13:16:37.384 [WARN] ISSUE: [Reports] calibration_20260603_142531.json - FILE_TROPPO_GRANDE: calibration_20260603_142531.json ha 2821 linee (>2000)
2026-06-13 13:16:37.403 [WARN] ISSUE: [Reports] calibration_20260603_142532.json - FILE_TROPPO_GRANDE: calibration_20260603_142532.json ha 2090 linee (>2000)
2026-06-13 13:16:37.446 [WARN] ISSUE: [Reports] calibration_20260603_143545.json - FILE_TROPPO_GRANDE: calibration_20260603_143545.json ha 2821 linee (>2000)
2026-06-13 13:16:37.473 [WARN] ISSUE: [Reports] calibration_20260603_143546.json - FILE_TROPPO_GRANDE: calibration_20260603_143546.json ha 2090 linee (>2000)
2026-06-13 13:16:37.495 [WARN] ISSUE: [Reports] calibration_20260603_153336.json - FILE_TROPPO_GRANDE: calibration_20260603_153336.json ha 2090 linee (>2000)
2026-06-13 13:16:37.566 [WARN] ISSUE: [Reports] calibration_20260603_153849.json - FILE_TROPPO_GRANDE: calibration_20260603_153849.json ha 2821 linee (>2000)
2026-06-13 13:16:37.576 [WARN] ISSUE: [Reports] calibration_20260603_153850.json - FILE_TROPPO_GRANDE: calibration_20260603_153850.json ha 2090 linee (>2000)
2026-06-13 13:16:37.629 [WARN] ISSUE: [Reports] calibration_20260603_154351.json - FILE_TROPPO_GRANDE: calibration_20260603_154351.json ha 2090 linee (>2000)
2026-06-13 13:16:37.670 [WARN] ISSUE: [Reports] calibration_20260603_224852.json - FILE_TROPPO_GRANDE: calibration_20260603_224852.json ha 2821 linee (>2000)
2026-06-13 13:16:37.744 [WARN] ISSUE: [Reports] calibration_20260603_224853.json - FILE_TROPPO_GRANDE: calibration_20260603_224853.json ha 2090 linee (>2000)
2026-06-13 13:16:37.782 [WARN] ISSUE: [Reports] calibration_20260603_230350.json - FILE_TROPPO_GRANDE: calibration_20260603_230350.json ha 2821 linee (>2000)
2026-06-13 13:16:37.835 [WARN] ISSUE: [Reports] calibration_20260603_230351.json - FILE_TROPPO_GRANDE: calibration_20260603_230351.json ha 2090 linee (>2000)
2026-06-13 13:16:37.888 [WARN] ISSUE: [Reports] calibration_20260603_230839.json - FILE_TROPPO_GRANDE: calibration_20260603_230839.json ha 2821 linee (>2000)
2026-06-13 13:16:37.920 [WARN] ISSUE: [Reports] calibration_20260603_230840.json - FILE_TROPPO_GRANDE: calibration_20260603_230840.json ha 2090 linee (>2000)
2026-06-13 13:16:37.966 [WARN] ISSUE: [Reports] calibration_20260604_090715.json - FILE_TROPPO_GRANDE: calibration_20260604_090715.json ha 2821 linee (>2000)
2026-06-13 13:16:37.997 [WARN] ISSUE: [Reports] calibration_20260604_090716.json - FILE_TROPPO_GRANDE: calibration_20260604_090716.json ha 2090 linee (>2000)
2026-06-13 13:16:38.079 [WARN] ISSUE: [Reports] calibration_20260604_092914.json - FILE_TROPPO_GRANDE: calibration_20260604_092914.json ha 2821 linee (>2000)
2026-06-13 13:16:38.102 [WARN] ISSUE: [Reports] calibration_20260604_092915.json - FILE_TROPPO_GRANDE: calibration_20260604_092915.json ha 2090 linee (>2000)
2026-06-13 13:16:38.147 [WARN] ISSUE: [Reports] calibration_20260604_132412.json - FILE_TROPPO_GRANDE: calibration_20260604_132412.json ha 2090 linee (>2000)
2026-06-13 13:16:38.193 [WARN] ISSUE: [Reports] calibration_20260604_141002.json - FILE_TROPPO_GRANDE: calibration_20260604_141002.json ha 2090 linee (>2000)
2026-06-13 13:16:38.256 [WARN] ISSUE: [Reports] calibration_20260605_085333.json - FILE_TROPPO_GRANDE: calibration_20260605_085333.json ha 2821 linee (>2000)
2026-06-13 13:16:38.294 [WARN] ISSUE: [Reports] calibration_20260605_085336.json - FILE_TROPPO_GRANDE: calibration_20260605_085336.json ha 2090 linee (>2000)
2026-06-13 13:16:38.380 [WARN] ISSUE: [Reports] calibration_20260605_085622.json - FILE_TROPPO_GRANDE: calibration_20260605_085622.json ha 2821 linee (>2000)
2026-06-13 13:16:38.414 [WARN] ISSUE: [Reports] calibration_20260605_085625.json - FILE_TROPPO_GRANDE: calibration_20260605_085625.json ha 2090 linee (>2000)
2026-06-13 13:16:38.475 [WARN] ISSUE: [Reports] calibration_20260605_123607.json - FILE_TROPPO_GRANDE: calibration_20260605_123607.json ha 2821 linee (>2000)
2026-06-13 13:16:38.524 [WARN] ISSUE: [Reports] calibration_20260605_123612.json - FILE_TROPPO_GRANDE: calibration_20260605_123612.json ha 2090 linee (>2000)
2026-06-13 13:16:45.884 [WARN] ISSUE: [Reports] deep_region_audit_20260520_080704.json - FILE_TROPPO_GRANDE: deep_region_audit_20260520_080704.json ha 2053 linee (>2000)
2026-06-13 13:16:45.949 [WARN] ISSUE: [Reports] deep_region_audit_20260520_131917.json - FILE_TROPPO_GRANDE: deep_region_audit_20260520_131917.json ha 2107 linee (>2000)
2026-06-13 13:16:46.241 [WARN] ISSUE: [Reports] deep_region_audit_20260520_150147.json - FILE_TROPPO_GRANDE: deep_region_audit_20260520_150147.json ha 2179 linee (>2000)
2026-06-13 13:16:46.723 [WARN] ISSUE: [Reports] deep_region_audit_20260520_150235.json - FILE_TROPPO_GRANDE: deep_region_audit_20260520_150235.json ha 2179 linee (>2000)
2026-06-13 13:16:46.925 [WARN] ISSUE: [Reports] deep_region_audit_20260520_150350.json - FILE_TROPPO_GRANDE: deep_region_audit_20260520_150350.json ha 2179 linee (>2000)
2026-06-13 13:16:47.110 [WARN] ISSUE: [Reports] deep_region_audit_20260521_102432.json - FILE_TROPPO_GRANDE: deep_region_audit_20260521_102432.json ha 2179 linee (>2000)
2026-06-13 13:16:47.259 [WARN] ISSUE: [Reports] deep_region_audit_20260521_103419.json - FILE_TROPPO_GRANDE: deep_region_audit_20260521_103419.json ha 2179 linee (>2000)
2026-06-13 13:16:47.315 [WARN] ISSUE: [Reports] deep_region_audit_20260521_103613.json - FILE_TROPPO_GRANDE: deep_region_audit_20260521_103613.json ha 2179 linee (>2000)
2026-06-13 13:16:47.378 [WARN] ISSUE: [Reports] deep_region_audit_20260522_085136.json - FILE_TROPPO_GRANDE: deep_region_audit_20260522_085136.json ha 2179 linee (>2000)
2026-06-13 13:16:47.415 [WARN] ISSUE: [Reports] deep_region_audit_20260522_085259.json - FILE_TROPPO_GRANDE: deep_region_audit_20260522_085259.json ha 2179 linee (>2000)
2026-06-13 13:16:47.472 [WARN] ISSUE: [Reports] deep_region_audit_20260522_085340.json - FILE_TROPPO_GRANDE: deep_region_audit_20260522_085340.json ha 2179 linee (>2000)
2026-06-13 13:16:47.537 [WARN] ISSUE: [Reports] deep_region_audit_20260522_110725.json - FILE_TROPPO_GRANDE: deep_region_audit_20260522_110725.json ha 2179 linee (>2000)
2026-06-13 13:16:47.622 [WARN] ISSUE: [Reports] deep_region_audit_20260522_111307.json - FILE_TROPPO_GRANDE: deep_region_audit_20260522_111307.json ha 2179 linee (>2000)
2026-06-13 13:16:47.675 [WARN] ISSUE: [Reports] deep_region_audit_20260522_114403.json - FILE_TROPPO_GRANDE: deep_region_audit_20260522_114403.json ha 2179 linee (>2000)
2026-06-13 13:16:47.719 [WARN] ISSUE: [Reports] deep_region_audit_20260522_114653.json - FILE_TROPPO_GRANDE: deep_region_audit_20260522_114653.json ha 2179 linee (>2000)
2026-06-13 13:16:47.778 [WARN] ISSUE: [Reports] deep_region_audit_20260522_114703.json - FILE_TROPPO_GRANDE: deep_region_audit_20260522_114703.json ha 2179 linee (>2000)
2026-06-13 13:16:47.826 [WARN] ISSUE: [Reports] deep_region_audit_20260522_114851.json - FILE_TROPPO_GRANDE: deep_region_audit_20260522_114851.json ha 2179 linee (>2000)
2026-06-13 13:16:47.932 [WARN] ISSUE: [Reports] deep_region_audit_20260522_133110.json - FILE_TROPPO_GRANDE: deep_region_audit_20260522_133110.json ha 2179 linee (>2000)
2026-06-13 13:16:47.998 [WARN] ISSUE: [Reports] deep_region_audit_20260522_133830.json - FILE_TROPPO_GRANDE: deep_region_audit_20260522_133830.json ha 2179 linee (>2000)
2026-06-13 13:16:48.085 [WARN] ISSUE: [Reports] deep_region_audit_20260522_134050.json - FILE_TROPPO_GRANDE: deep_region_audit_20260522_134050.json ha 2179 linee (>2000)
2026-06-13 13:16:48.165 [WARN] ISSUE: [Reports] deep_region_audit_20260522_150535.json - FILE_TROPPO_GRANDE: deep_region_audit_20260522_150535.json ha 2179 linee (>2000)
2026-06-13 13:16:48.247 [WARN] ISSUE: [Reports] deep_region_audit_20260522_152529.json - FILE_TROPPO_GRANDE: deep_region_audit_20260522_152529.json ha 2179 linee (>2000)
2026-06-13 13:16:48.288 [WARN] ISSUE: [Reports] deep_region_audit_20260522_162751.json - FILE_TROPPO_GRANDE: deep_region_audit_20260522_162751.json ha 2179 linee (>2000)
2026-06-13 13:16:48.336 [WARN] ISSUE: [Reports] deep_region_audit_20260522_163109.json - FILE_TROPPO_GRANDE: deep_region_audit_20260522_163109.json ha 2179 linee (>2000)
2026-06-13 13:16:48.380 [WARN] ISSUE: [Reports] deep_region_audit_20260522_163422.json - FILE_TROPPO_GRANDE: deep_region_audit_20260522_163422.json ha 2179 linee (>2000)
2026-06-13 13:16:48.408 [WARN] ISSUE: [Reports] deep_region_audit_20260522_163539.json - FILE_TROPPO_GRANDE: deep_region_audit_20260522_163539.json ha 2179 linee (>2000)
2026-06-13 13:16:48.446 [WARN] ISSUE: [Reports] deep_region_audit_20260522_164133.json - FILE_TROPPO_GRANDE: deep_region_audit_20260522_164133.json ha 2179 linee (>2000)
2026-06-13 13:16:48.470 [WARN] ISSUE: [Reports] deep_region_audit_20260522_164145.json - FILE_TROPPO_GRANDE: deep_region_audit_20260522_164145.json ha 2179 linee (>2000)
2026-06-13 13:16:48.501 [WARN] ISSUE: [Reports] deep_region_audit_20260522_164343.json - FILE_TROPPO_GRANDE: deep_region_audit_20260522_164343.json ha 2179 linee (>2000)
2026-06-13 13:16:48.538 [WARN] ISSUE: [Reports] deep_region_audit_20260522_172717.json - FILE_TROPPO_GRANDE: deep_region_audit_20260522_172717.json ha 2179 linee (>2000)
2026-06-13 13:16:48.576 [WARN] ISSUE: [Reports] deep_region_audit_20260522_172939.json - FILE_TROPPO_GRANDE: deep_region_audit_20260522_172939.json ha 2179 linee (>2000)
2026-06-13 13:16:48.608 [WARN] ISSUE: [Reports] deep_region_audit_20260522_174926.json - FILE_TROPPO_GRANDE: deep_region_audit_20260522_174926.json ha 2179 linee (>2000)
2026-06-13 13:16:48.671 [WARN] ISSUE: [Reports] deep_region_audit_20260522_175351.json - FILE_TROPPO_GRANDE: deep_region_audit_20260522_175351.json ha 2179 linee (>2000)
2026-06-13 13:16:48.707 [WARN] ISSUE: [Reports] deep_region_audit_20260522_175848.json - FILE_TROPPO_GRANDE: deep_region_audit_20260522_175848.json ha 2179 linee (>2000)
2026-06-13 13:16:48.735 [WARN] ISSUE: [Reports] deep_region_audit_20260522_180222.json - FILE_TROPPO_GRANDE: deep_region_audit_20260522_180222.json ha 2179 linee (>2000)
2026-06-13 13:16:48.772 [WARN] ISSUE: [Reports] deep_region_audit_20260522_200430.json - FILE_TROPPO_GRANDE: deep_region_audit_20260522_200430.json ha 2179 linee (>2000)
2026-06-13 13:16:48.804 [WARN] ISSUE: [Reports] deep_region_audit_20260522_200617.json - FILE_TROPPO_GRANDE: deep_region_audit_20260522_200617.json ha 2179 linee (>2000)
2026-06-13 13:16:48.837 [WARN] ISSUE: [Reports] deep_region_audit_20260524_174442.json - FILE_TROPPO_GRANDE: deep_region_audit_20260524_174442.json ha 2179 linee (>2000)
2026-06-13 13:16:48.867 [WARN] ISSUE: [Reports] deep_region_audit_20260524_175718.json - FILE_TROPPO_GRANDE: deep_region_audit_20260524_175718.json ha 2179 linee (>2000)
2026-06-13 13:16:48.894 [WARN] ISSUE: [Reports] deep_region_audit_20260525_090848.json - FILE_TROPPO_GRANDE: deep_region_audit_20260525_090848.json ha 2179 linee (>2000)
2026-06-13 13:16:48.932 [WARN] ISSUE: [Reports] deep_region_audit_20260526_141156.json - FILE_TROPPO_GRANDE: deep_region_audit_20260526_141156.json ha 2179 linee (>2000)
2026-06-13 13:16:48.957 [WARN] ISSUE: [Reports] deep_region_audit_20260528_092806.json - FILE_TROPPO_GRANDE: deep_region_audit_20260528_092806.json ha 2179 linee (>2000)
2026-06-13 13:16:49.002 [WARN] ISSUE: [Reports] deep_region_audit_20260603_134546.json - FILE_TROPPO_GRANDE: deep_region_audit_20260603_134546.json ha 2179 linee (>2000)
2026-06-13 13:16:49.053 [WARN] ISSUE: [Reports] deep_region_audit_20260603_134820.json - FILE_TROPPO_GRANDE: deep_region_audit_20260603_134820.json ha 2179 linee (>2000)
2026-06-13 13:16:49.079 [WARN] ISSUE: [Reports] deep_region_audit_20260603_135324.json - FILE_TROPPO_GRANDE: deep_region_audit_20260603_135324.json ha 2179 linee (>2000)
2026-06-13 13:16:49.110 [WARN] ISSUE: [Reports] deep_region_audit_20260603_135359.json - FILE_TROPPO_GRANDE: deep_region_audit_20260603_135359.json ha 2179 linee (>2000)
2026-06-13 13:16:49.171 [WARN] ISSUE: [Reports] deep_region_audit_20260603_140412.json - FILE_TROPPO_GRANDE: deep_region_audit_20260603_140412.json ha 2179 linee (>2000)
2026-06-13 13:16:49.287 [WARN] ISSUE: [Reports] deep_region_audit_20260603_140453.json - FILE_TROPPO_GRANDE: deep_region_audit_20260603_140453.json ha 2179 linee (>2000)
2026-06-13 13:16:49.311 [WARN] ISSUE: [Reports] deep_region_audit_20260603_141506.json - FILE_TROPPO_GRANDE: deep_region_audit_20260603_141506.json ha 2179 linee (>2000)
2026-06-13 13:16:49.358 [WARN] ISSUE: [Reports] deep_region_audit_20260603_142519.json - FILE_TROPPO_GRANDE: deep_region_audit_20260603_142519.json ha 2179 linee (>2000)
2026-06-13 13:16:49.388 [WARN] ISSUE: [Reports] deep_region_audit_20260603_143533.json - FILE_TROPPO_GRANDE: deep_region_audit_20260603_143533.json ha 2179 linee (>2000)
2026-06-13 13:16:49.444 [WARN] ISSUE: [Reports] deep_region_audit_20260603_153323.json - FILE_TROPPO_GRANDE: deep_region_audit_20260603_153323.json ha 2179 linee (>2000)
2026-06-13 13:16:49.490 [WARN] ISSUE: [Reports] deep_region_audit_20260603_153836.json - FILE_TROPPO_GRANDE: deep_region_audit_20260603_153836.json ha 2179 linee (>2000)
2026-06-13 13:16:49.533 [WARN] ISSUE: [Reports] deep_region_audit_20260603_154337.json - FILE_TROPPO_GRANDE: deep_region_audit_20260603_154337.json ha 2179 linee (>2000)
2026-06-13 13:16:49.566 [WARN] ISSUE: [Reports] deep_region_audit_20260603_224837.json - FILE_TROPPO_GRANDE: deep_region_audit_20260603_224837.json ha 2179 linee (>2000)
2026-06-13 13:16:49.604 [WARN] ISSUE: [Reports] deep_region_audit_20260603_230335.json - FILE_TROPPO_GRANDE: deep_region_audit_20260603_230335.json ha 2179 linee (>2000)
2026-06-13 13:16:49.627 [WARN] ISSUE: [Reports] deep_region_audit_20260603_230824.json - FILE_TROPPO_GRANDE: deep_region_audit_20260603_230824.json ha 2179 linee (>2000)
2026-06-13 13:16:49.656 [WARN] ISSUE: [Reports] deep_region_audit_20260604_090700.json - FILE_TROPPO_GRANDE: deep_region_audit_20260604_090700.json ha 2179 linee (>2000)
2026-06-13 13:16:49.680 [WARN] ISSUE: [Reports] deep_region_audit_20260604_092859.json - FILE_TROPPO_GRANDE: deep_region_audit_20260604_092859.json ha 2179 linee (>2000)
2026-06-13 13:16:49.703 [WARN] ISSUE: [Reports] deep_region_audit_20260604_132400.json - FILE_TROPPO_GRANDE: deep_region_audit_20260604_132400.json ha 2179 linee (>2000)
2026-06-13 13:16:49.737 [WARN] ISSUE: [Reports] deep_region_audit_20260604_140950.json - FILE_TROPPO_GRANDE: deep_region_audit_20260604_140950.json ha 2179 linee (>2000)
2026-06-13 13:16:49.774 [WARN] ISSUE: [Reports] deep_region_audit_20260605_073612.json - FILE_TROPPO_GRANDE: deep_region_audit_20260605_073612.json ha 2179 linee (>2000)
2026-06-13 13:16:49.821 [WARN] ISSUE: [Reports] deep_region_audit_20260605_085130.json - FILE_TROPPO_GRANDE: deep_region_audit_20260605_085130.json ha 2179 linee (>2000)
2026-06-13 13:16:49.856 [WARN] ISSUE: [Reports] deep_region_audit_20260605_122228.json - FILE_TROPPO_GRANDE: deep_region_audit_20260605_122228.json ha 2179 linee (>2000)
2026-06-13 13:16:49.889 [WARN] ISSUE: [Reports] deep_region_audit_20260605_123159.json - FILE_TROPPO_GRANDE: deep_region_audit_20260605_123159.json ha 2179 linee (>2000)
2026-06-13 13:16:49.919 [WARN] ISSUE: [Reports] deep_region_audit_20260611_103841.json - FILE_TROPPO_GRANDE: deep_region_audit_20260611_103841.json ha 2179 linee (>2000)
2026-06-13 13:17:02.407 [WARN] ISSUE: [Reports] pathway_20260520_080718.json - FILE_TROPPO_GRANDE: pathway_20260520_080718.json ha 2034 linee (>2000)
2026-06-13 13:17:02.442 [WARN] ISSUE: [Reports] pathway_20260520_131931.json - FILE_TROPPO_GRANDE: pathway_20260520_131931.json ha 2088 linee (>2000)
2026-06-13 13:17:02.460 [WARN] ISSUE: [Reports] pathway_20260520_150200.json - FILE_TROPPO_GRANDE: pathway_20260520_150200.json ha 2160 linee (>2000)
2026-06-13 13:17:02.489 [WARN] ISSUE: [Reports] pathway_20260520_150248.json - FILE_TROPPO_GRANDE: pathway_20260520_150248.json ha 2160 linee (>2000)
2026-06-13 13:17:02.547 [WARN] ISSUE: [Reports] pathway_20260520_150403.json - FILE_TROPPO_GRANDE: pathway_20260520_150403.json ha 2160 linee (>2000)
2026-06-13 13:17:02.588 [WARN] ISSUE: [Reports] pathway_20260521_102446.json - FILE_TROPPO_GRANDE: pathway_20260521_102446.json ha 2160 linee (>2000)
2026-06-13 13:17:02.628 [WARN] ISSUE: [Reports] pathway_20260521_103432.json - FILE_TROPPO_GRANDE: pathway_20260521_103432.json ha 2160 linee (>2000)
2026-06-13 13:17:02.644 [WARN] ISSUE: [Reports] pathway_20260521_103627.json - FILE_TROPPO_GRANDE: pathway_20260521_103627.json ha 2160 linee (>2000)
2026-06-13 13:17:02.678 [WARN] ISSUE: [Reports] pathway_20260522_085149.json - FILE_TROPPO_GRANDE: pathway_20260522_085149.json ha 2160 linee (>2000)
2026-06-13 13:17:02.714 [WARN] ISSUE: [Reports] pathway_20260522_085313.json - FILE_TROPPO_GRANDE: pathway_20260522_085313.json ha 2160 linee (>2000)
2026-06-13 13:17:02.794 [WARN] ISSUE: [Reports] pathway_20260522_085353.json - FILE_TROPPO_GRANDE: pathway_20260522_085353.json ha 2160 linee (>2000)
2026-06-13 13:17:02.835 [WARN] ISSUE: [Reports] pathway_20260522_110741.json - FILE_TROPPO_GRANDE: pathway_20260522_110741.json ha 2160 linee (>2000)
2026-06-13 13:17:02.865 [WARN] ISSUE: [Reports] pathway_20260522_111320.json - FILE_TROPPO_GRANDE: pathway_20260522_111320.json ha 2160 linee (>2000)
2026-06-13 13:17:02.893 [WARN] ISSUE: [Reports] pathway_20260522_114417.json - FILE_TROPPO_GRANDE: pathway_20260522_114417.json ha 2160 linee (>2000)
2026-06-13 13:17:02.928 [WARN] ISSUE: [Reports] pathway_20260522_114710.json - FILE_TROPPO_GRANDE: pathway_20260522_114710.json ha 2160 linee (>2000)
2026-06-13 13:17:02.968 [WARN] ISSUE: [Reports] pathway_20260522_114721.json - FILE_TROPPO_GRANDE: pathway_20260522_114721.json ha 2160 linee (>2000)
2026-06-13 13:17:03.012 [WARN] ISSUE: [Reports] pathway_20260522_114906.json - FILE_TROPPO_GRANDE: pathway_20260522_114906.json ha 2160 linee (>2000)
2026-06-13 13:17:03.052 [WARN] ISSUE: [Reports] pathway_20260522_133124.json - FILE_TROPPO_GRANDE: pathway_20260522_133124.json ha 2160 linee (>2000)
2026-06-13 13:17:03.079 [WARN] ISSUE: [Reports] pathway_20260522_133844.json - FILE_TROPPO_GRANDE: pathway_20260522_133844.json ha 2160 linee (>2000)
2026-06-13 13:17:03.153 [WARN] ISSUE: [Reports] pathway_20260522_134104.json - FILE_TROPPO_GRANDE: pathway_20260522_134104.json ha 2160 linee (>2000)
2026-06-13 13:17:03.177 [WARN] ISSUE: [Reports] pathway_20260522_150549.json - FILE_TROPPO_GRANDE: pathway_20260522_150549.json ha 2160 linee (>2000)
2026-06-13 13:17:03.206 [WARN] ISSUE: [Reports] pathway_20260522_152543.json - FILE_TROPPO_GRANDE: pathway_20260522_152543.json ha 2160 linee (>2000)
2026-06-13 13:17:03.247 [WARN] ISSUE: [Reports] pathway_20260522_162805.json - FILE_TROPPO_GRANDE: pathway_20260522_162805.json ha 2160 linee (>2000)
2026-06-13 13:17:03.276 [WARN] ISSUE: [Reports] pathway_20260522_163123.json - FILE_TROPPO_GRANDE: pathway_20260522_163123.json ha 2160 linee (>2000)
2026-06-13 13:17:03.304 [WARN] ISSUE: [Reports] pathway_20260522_163436.json - FILE_TROPPO_GRANDE: pathway_20260522_163436.json ha 2160 linee (>2000)
2026-06-13 13:17:03.329 [WARN] ISSUE: [Reports] pathway_20260522_163552.json - FILE_TROPPO_GRANDE: pathway_20260522_163552.json ha 2160 linee (>2000)
2026-06-13 13:17:03.354 [WARN] ISSUE: [Reports] pathway_20260522_164147.json - FILE_TROPPO_GRANDE: pathway_20260522_164147.json ha 2160 linee (>2000)
2026-06-13 13:17:03.369 [WARN] ISSUE: [Reports] pathway_20260522_164159.json - FILE_TROPPO_GRANDE: pathway_20260522_164159.json ha 2160 linee (>2000)
2026-06-13 13:17:03.413 [WARN] ISSUE: [Reports] pathway_20260522_164357.json - FILE_TROPPO_GRANDE: pathway_20260522_164357.json ha 2160 linee (>2000)
2026-06-13 13:17:03.428 [WARN] ISSUE: [Reports] pathway_20260522_172730.json - FILE_TROPPO_GRANDE: pathway_20260522_172730.json ha 2160 linee (>2000)
2026-06-13 13:17:03.461 [WARN] ISSUE: [Reports] pathway_20260522_172833.json - FILE_TROPPO_GRANDE: pathway_20260522_172833.json ha 2160 linee (>2000)
2026-06-13 13:17:03.500 [WARN] ISSUE: [Reports] pathway_20260522_172953.json - FILE_TROPPO_GRANDE: pathway_20260522_172953.json ha 2160 linee (>2000)
2026-06-13 13:17:03.526 [WARN] ISSUE: [Reports] pathway_20260522_175405.json - FILE_TROPPO_GRANDE: pathway_20260522_175405.json ha 2160 linee (>2000)
2026-06-13 13:17:03.594 [WARN] ISSUE: [Reports] pathway_20260522_175653.json - FILE_TROPPO_GRANDE: pathway_20260522_175653.json ha 2160 linee (>2000)
2026-06-13 13:17:03.629 [WARN] ISSUE: [Reports] pathway_20260522_175901.json - FILE_TROPPO_GRANDE: pathway_20260522_175901.json ha 2160 linee (>2000)
2026-06-13 13:17:03.667 [WARN] ISSUE: [Reports] pathway_20260522_180236.json - FILE_TROPPO_GRANDE: pathway_20260522_180236.json ha 2160 linee (>2000)
2026-06-13 13:17:03.711 [WARN] ISSUE: [Reports] pathway_20260522_200443.json - FILE_TROPPO_GRANDE: pathway_20260522_200443.json ha 2160 linee (>2000)
2026-06-13 13:17:03.733 [WARN] ISSUE: [Reports] pathway_20260522_200631.json - FILE_TROPPO_GRANDE: pathway_20260522_200631.json ha 2160 linee (>2000)
2026-06-13 13:17:03.758 [WARN] ISSUE: [Reports] pathway_20260524_174456.json - FILE_TROPPO_GRANDE: pathway_20260524_174456.json ha 2160 linee (>2000)
2026-06-13 13:17:03.799 [WARN] ISSUE: [Reports] pathway_20260524_175731.json - FILE_TROPPO_GRANDE: pathway_20260524_175731.json ha 2160 linee (>2000)
2026-06-13 13:17:03.826 [WARN] ISSUE: [Reports] pathway_20260525_090927.json - FILE_TROPPO_GRANDE: pathway_20260525_090927.json ha 2160 linee (>2000)
2026-06-13 13:17:03.848 [WARN] ISSUE: [Reports] pathway_20260525_091029.json - FILE_TROPPO_GRANDE: pathway_20260525_091029.json ha 2160 linee (>2000)
2026-06-13 13:17:03.875 [WARN] ISSUE: [Reports] pathway_20260525_091656.json - FILE_TROPPO_GRANDE: pathway_20260525_091656.json ha 2160 linee (>2000)
2026-06-13 13:17:03.907 [WARN] ISSUE: [Reports] pathway_20260528_092821.json - FILE_TROPPO_GRANDE: pathway_20260528_092821.json ha 2160 linee (>2000)
2026-06-13 13:17:03.939 [WARN] ISSUE: [Reports] pathway_20260603_134835.json - FILE_TROPPO_GRANDE: pathway_20260603_134835.json ha 2160 linee (>2000)
2026-06-13 13:17:03.956 [WARN] ISSUE: [Reports] pathway_20260603_135338.json - FILE_TROPPO_GRANDE: pathway_20260603_135338.json ha 2160 linee (>2000)
2026-06-13 13:17:03.981 [WARN] ISSUE: [Reports] pathway_20260603_135413.json - FILE_TROPPO_GRANDE: pathway_20260603_135413.json ha 2160 linee (>2000)
2026-06-13 13:17:04.000 [WARN] ISSUE: [Reports] pathway_20260603_140427.json - FILE_TROPPO_GRANDE: pathway_20260603_140427.json ha 2160 linee (>2000)
2026-06-13 13:17:04.032 [WARN] ISSUE: [Reports] pathway_20260603_140508.json - FILE_TROPPO_GRANDE: pathway_20260603_140508.json ha 2160 linee (>2000)
2026-06-13 13:17:04.060 [WARN] ISSUE: [Reports] pathway_20260603_141520.json - FILE_TROPPO_GRANDE: pathway_20260603_141520.json ha 2160 linee (>2000)
2026-06-13 13:17:04.117 [WARN] ISSUE: [Reports] pathway_20260603_142533.json - FILE_TROPPO_GRANDE: pathway_20260603_142533.json ha 2160 linee (>2000)
2026-06-13 13:17:04.141 [WARN] ISSUE: [Reports] pathway_20260603_143547.json - FILE_TROPPO_GRANDE: pathway_20260603_143547.json ha 2160 linee (>2000)
2026-06-13 13:17:04.173 [WARN] ISSUE: [Reports] pathway_20260603_153338.json - FILE_TROPPO_GRANDE: pathway_20260603_153338.json ha 2160 linee (>2000)
2026-06-13 13:17:04.200 [WARN] ISSUE: [Reports] pathway_20260603_153851.json - FILE_TROPPO_GRANDE: pathway_20260603_153851.json ha 2160 linee (>2000)
2026-06-13 13:17:04.243 [WARN] ISSUE: [Reports] pathway_20260603_154353.json - FILE_TROPPO_GRANDE: pathway_20260603_154353.json ha 2160 linee (>2000)
2026-06-13 13:17:04.273 [WARN] ISSUE: [Reports] pathway_20260603_224855.json - FILE_TROPPO_GRANDE: pathway_20260603_224855.json ha 2160 linee (>2000)
2026-06-13 13:17:04.303 [WARN] ISSUE: [Reports] pathway_20260603_230352.json - FILE_TROPPO_GRANDE: pathway_20260603_230352.json ha 2160 linee (>2000)
2026-06-13 13:17:04.333 [WARN] ISSUE: [Reports] pathway_20260603_230842.json - FILE_TROPPO_GRANDE: pathway_20260603_230842.json ha 2160 linee (>2000)
2026-06-13 13:17:04.363 [WARN] ISSUE: [Reports] pathway_20260604_090717.json - FILE_TROPPO_GRANDE: pathway_20260604_090717.json ha 2160 linee (>2000)
2026-06-13 13:17:04.404 [WARN] ISSUE: [Reports] pathway_20260604_092917.json - FILE_TROPPO_GRANDE: pathway_20260604_092917.json ha 2160 linee (>2000)
2026-06-13 13:17:04.430 [WARN] ISSUE: [Reports] pathway_20260604_132414.json - FILE_TROPPO_GRANDE: pathway_20260604_132414.json ha 2160 linee (>2000)
2026-06-13 13:17:04.457 [WARN] ISSUE: [Reports] pathway_20260604_141004.json - FILE_TROPPO_GRANDE: pathway_20260604_141004.json ha 2160 linee (>2000)
2026-06-13 13:17:04.481 [WARN] ISSUE: [Reports] pathway_20260605_085341.json - FILE_TROPPO_GRANDE: pathway_20260605_085341.json ha 2160 linee (>2000)
2026-06-13 13:17:04.527 [WARN] ISSUE: [Reports] pathway_20260605_085631.json - FILE_TROPPO_GRANDE: pathway_20260605_085631.json ha 2160 linee (>2000)
2026-06-13 13:17:04.568 [WARN] ISSUE: [Reports] pathway_20260605_123623.json - FILE_TROPPO_GRANDE: pathway_20260605_123623.json ha 2160 linee (>2000)
2026-06-13 13:17:04.602 [WARN] ISSUE: [Reports] t54b_audit_20260518_101821.json - FILE_TROPPO_GRANDE: t54b_audit_20260518_101821.json ha 2511 linee (>2000)
2026-06-13 13:17:04.669 [WARN] ISSUE: [Reports] t54b_audit_20260518_101904.json - FILE_TROPPO_GRANDE: t54b_audit_20260518_101904.json ha 2511 linee (>2000)
2026-06-13 13:17:04.696 [WARN] ISSUE: [Reports] t54b_audit_20260518_103333.json - FILE_TROPPO_GRANDE: t54b_audit_20260518_103333.json ha 2511 linee (>2000)
2026-06-13 13:17:04.723 [WARN] ISSUE: [Reports] t54b_audit_20260518_103646.json - FILE_TROPPO_GRANDE: t54b_audit_20260518_103646.json ha 2511 linee (>2000)
2026-06-13 13:17:04.745 [WARN] ISSUE: [Reports] t54b_audit_20260518_104130.json - FILE_TROPPO_GRANDE: t54b_audit_20260518_104130.json ha 2511 linee (>2000)
2026-06-13 13:17:04.771 [WARN] ISSUE: [Reports] t54b_audit_20260518_122316.json - FILE_TROPPO_GRANDE: t54b_audit_20260518_122316.json ha 2511 linee (>2000)
2026-06-13 13:17:04.792 [WARN] ISSUE: [Reports] t54b_audit_20260518_135418.json - FILE_TROPPO_GRANDE: t54b_audit_20260518_135418.json ha 2511 linee (>2000)
2026-06-13 13:17:04.835 [WARN] ISSUE: [Reports] t54b_audit_20260518_141922.json - FILE_TROPPO_GRANDE: t54b_audit_20260518_141922.json ha 2511 linee (>2000)
2026-06-13 13:17:04.852 [WARN] ISSUE: [Reports] t54b_audit_20260518_151456.json - FILE_TROPPO_GRANDE: t54b_audit_20260518_151456.json ha 2511 linee (>2000)
2026-06-13 13:17:04.879 [WARN] ISSUE: [Reports] t54b_audit_20260518_161609.json - FILE_TROPPO_GRANDE: t54b_audit_20260518_161609.json ha 2511 linee (>2000)
2026-06-13 13:17:04.905 [WARN] ISSUE: [Reports] t54b_audit_20260518_161701.json - FILE_TROPPO_GRANDE: t54b_audit_20260518_161701.json ha 2511 linee (>2000)
2026-06-13 13:17:04.936 [WARN] ISSUE: [Reports] t54b_audit_20260518_161929.json - FILE_TROPPO_GRANDE: t54b_audit_20260518_161929.json ha 2511 linee (>2000)
2026-06-13 13:17:04.964 [WARN] ISSUE: [Reports] t54b_audit_20260518_165542.json - FILE_TROPPO_GRANDE: t54b_audit_20260518_165542.json ha 2511 linee (>2000)
2026-06-13 13:17:04.992 [WARN] ISSUE: [Reports] t54b_audit_20260518_165903.json - FILE_TROPPO_GRANDE: t54b_audit_20260518_165903.json ha 2511 linee (>2000)
2026-06-13 13:17:05.025 [WARN] ISSUE: [Reports] t54b_audit_20260518_181738.json - FILE_TROPPO_GRANDE: t54b_audit_20260518_181738.json ha 2511 linee (>2000)
2026-06-13 13:17:05.040 [WARN] ISSUE: [Reports] t54b_audit_20260518_201758.json - FILE_TROPPO_GRANDE: t54b_audit_20260518_201758.json ha 2511 linee (>2000)
2026-06-13 13:17:05.114 [WARN] ISSUE: [Reports] t54b_audit_20260518_201954.json - FILE_TROPPO_GRANDE: t54b_audit_20260518_201954.json ha 2511 linee (>2000)
2026-06-13 13:17:05.161 [WARN] ISSUE: [Reports] t54b_audit_20260518_205116.json - FILE_TROPPO_GRANDE: t54b_audit_20260518_205116.json ha 2511 linee (>2000)
2026-06-13 13:17:05.189 [WARN] ISSUE: [Reports] t54b_audit_20260518_214351.json - FILE_TROPPO_GRANDE: t54b_audit_20260518_214351.json ha 2511 linee (>2000)
2026-06-13 13:17:05.227 [WARN] ISSUE: [Reports] t54b_audit_20260518_214604.json - FILE_TROPPO_GRANDE: t54b_audit_20260518_214604.json ha 2511 linee (>2000)
2026-06-13 13:17:05.254 [WARN] ISSUE: [Reports] t54b_audit_20260518_214743.json - FILE_TROPPO_GRANDE: t54b_audit_20260518_214743.json ha 2511 linee (>2000)
2026-06-13 13:17:05.288 [WARN] ISSUE: [Reports] t54b_audit_20260518_214850.json - FILE_TROPPO_GRANDE: t54b_audit_20260518_214850.json ha 2511 linee (>2000)
2026-06-13 13:17:05.311 [WARN] ISSUE: [Reports] t54b_audit_20260518_214947.json - FILE_TROPPO_GRANDE: t54b_audit_20260518_214947.json ha 2511 linee (>2000)
2026-06-13 13:17:05.338 [WARN] ISSUE: [Reports] t54b_audit_20260518_215047.json - FILE_TROPPO_GRANDE: t54b_audit_20260518_215047.json ha 2511 linee (>2000)
2026-06-13 13:17:05.362 [WARN] ISSUE: [Reports] t54b_audit_20260518_215146.json - FILE_TROPPO_GRANDE: t54b_audit_20260518_215146.json ha 2511 linee (>2000)
2026-06-13 13:17:05.384 [WARN] ISSUE: [Reports] t54b_audit_20260518_215246.json - FILE_TROPPO_GRANDE: t54b_audit_20260518_215246.json ha 2511 linee (>2000)
2026-06-13 13:17:05.417 [WARN] ISSUE: [Reports] t54b_audit_20260518_215353.json - FILE_TROPPO_GRANDE: t54b_audit_20260518_215353.json ha 2511 linee (>2000)
2026-06-13 13:17:05.439 [WARN] ISSUE: [Reports] t54b_audit_20260518_215511.json - FILE_TROPPO_GRANDE: t54b_audit_20260518_215511.json ha 2511 linee (>2000)
2026-06-13 13:17:05.462 [WARN] ISSUE: [Reports] t54b_audit_20260518_215624.json - FILE_TROPPO_GRANDE: t54b_audit_20260518_215624.json ha 2511 linee (>2000)
2026-06-13 13:17:05.488 [WARN] ISSUE: [Reports] t54b_audit_20260518_215724.json - FILE_TROPPO_GRANDE: t54b_audit_20260518_215724.json ha 2511 linee (>2000)
2026-06-13 13:17:05.525 [WARN] ISSUE: [Reports] t54b_audit_20260518_215838.json - FILE_TROPPO_GRANDE: t54b_audit_20260518_215838.json ha 2511 linee (>2000)
2026-06-13 13:17:05.589 [WARN] ISSUE: [Reports] t54b_audit_20260518_215936.json - FILE_TROPPO_GRANDE: t54b_audit_20260518_215936.json ha 2511 linee (>2000)
2026-06-13 13:17:05.619 [WARN] ISSUE: [Reports] t54b_audit_20260518_220034.json - FILE_TROPPO_GRANDE: t54b_audit_20260518_220034.json ha 2511 linee (>2000)
2026-06-13 13:17:05.646 [WARN] ISSUE: [Reports] t54b_audit_20260518_220231.json - FILE_TROPPO_GRANDE: t54b_audit_20260518_220231.json ha 2511 linee (>2000)
2026-06-13 13:17:05.675 [WARN] ISSUE: [Reports] t54b_audit_20260518_220452.json - FILE_TROPPO_GRANDE: t54b_audit_20260518_220452.json ha 2511 linee (>2000)
2026-06-13 13:17:05.715 [WARN] ISSUE: [Reports] t54b_audit_20260518_220553.json - FILE_TROPPO_GRANDE: t54b_audit_20260518_220553.json ha 2511 linee (>2000)
2026-06-13 13:17:05.761 [WARN] ISSUE: [Reports] t54b_audit_20260518_223526.json - FILE_TROPPO_GRANDE: t54b_audit_20260518_223526.json ha 2511 linee (>2000)
2026-06-13 13:17:05.802 [WARN] ISSUE: [Reports] t54b_audit_20260518_223925.json - FILE_TROPPO_GRANDE: t54b_audit_20260518_223925.json ha 2511 linee (>2000)
2026-06-13 13:17:05.845 [WARN] ISSUE: [Reports] t54b_audit_20260518_224038.json - FILE_TROPPO_GRANDE: t54b_audit_20260518_224038.json ha 2511 linee (>2000)
2026-06-13 13:17:05.878 [WARN] ISSUE: [Reports] t54b_audit_20260519_073210.json - FILE_TROPPO_GRANDE: t54b_audit_20260519_073210.json ha 2511 linee (>2000)
2026-06-13 13:17:05.926 [WARN] ISSUE: [Reports] t54b_audit_20260519_093630.json - FILE_TROPPO_GRANDE: t54b_audit_20260519_093630.json ha 2511 linee (>2000)
2026-06-13 13:17:06.008 [WARN] ISSUE: [Reports] t54b_audit_20260519_103939.json - FILE_TROPPO_GRANDE: t54b_audit_20260519_103939.json ha 2511 linee (>2000)
2026-06-13 13:17:06.048 [WARN] ISSUE: [Reports] t54b_audit_20260519_123753.json - FILE_TROPPO_GRANDE: t54b_audit_20260519_123753.json ha 2511 linee (>2000)
2026-06-13 13:17:06.089 [WARN] ISSUE: [Reports] t54b_audit_20260519_123901.json - FILE_TROPPO_GRANDE: t54b_audit_20260519_123901.json ha 2511 linee (>2000)
2026-06-13 13:17:06.123 [WARN] ISSUE: [Reports] t54b_audit_20260519_141659.json - FILE_TROPPO_GRANDE: t54b_audit_20260519_141659.json ha 2511 linee (>2000)
2026-06-13 13:17:06.180 [WARN] ISSUE: [Reports] t54b_audit_20260519_142500.json - FILE_TROPPO_GRANDE: t54b_audit_20260519_142500.json ha 2511 linee (>2000)
2026-06-13 13:17:06.325 [WARN] ISSUE: [Reports] t54b_audit_20260519_163813.json - FILE_TROPPO_GRANDE: t54b_audit_20260519_163813.json ha 2511 linee (>2000)
2026-06-13 13:17:06.536 [WARN] ISSUE: [Reports] t54b_audit_20260519_183813.json - FILE_TROPPO_GRANDE: t54b_audit_20260519_183813.json ha 2511 linee (>2000)
2026-06-13 13:17:06.589 [WARN] ISSUE: [Reports] t54b_audit_20260519_183949.json - FILE_TROPPO_GRANDE: t54b_audit_20260519_183949.json ha 2511 linee (>2000)
2026-06-13 13:17:06.686 [WARN] ISSUE: [Reports] t54b_audit_20260519_184455.json - FILE_TROPPO_GRANDE: t54b_audit_20260519_184455.json ha 2511 linee (>2000)
2026-06-13 13:17:06.727 [WARN] ISSUE: [Reports] t54b_audit_20260519_184650.json - FILE_TROPPO_GRANDE: t54b_audit_20260519_184650.json ha 2511 linee (>2000)
2026-06-13 13:17:06.790 [WARN] ISSUE: [Reports] t54b_audit_20260519_184851.json - FILE_TROPPO_GRANDE: t54b_audit_20260519_184851.json ha 2511 linee (>2000)
2026-06-13 13:17:06.816 [WARN] ISSUE: [Reports] t54b_audit_20260519_185301.json - FILE_TROPPO_GRANDE: t54b_audit_20260519_185301.json ha 2511 linee (>2000)
2026-06-13 13:17:06.883 [WARN] ISSUE: [Reports] t54b_audit_20260519_195646.json - FILE_TROPPO_GRANDE: t54b_audit_20260519_195646.json ha 2511 linee (>2000)
2026-06-13 13:17:06.925 [WARN] ISSUE: [Reports] t54b_audit_20260519_204947.json - FILE_TROPPO_GRANDE: t54b_audit_20260519_204947.json ha 2511 linee (>2000)
2026-06-13 13:17:06.967 [WARN] ISSUE: [Reports] t54b_audit_20260519_210047.json - FILE_TROPPO_GRANDE: t54b_audit_20260519_210047.json ha 2511 linee (>2000)
2026-06-13 13:17:07.037 [WARN] ISSUE: [Reports] t54b_audit_20260520_060737.json - FILE_TROPPO_GRANDE: t54b_audit_20260520_060737.json ha 2511 linee (>2000)
2026-06-13 13:17:07.080 [WARN] ISSUE: [Reports] t54b_audit_20260520_111953.json - FILE_TROPPO_GRANDE: t54b_audit_20260520_111953.json ha 2511 linee (>2000)
2026-06-13 13:17:07.130 [WARN] ISSUE: [Reports] t54b_audit_20260520_130219.json - FILE_TROPPO_GRANDE: t54b_audit_20260520_130219.json ha 2511 linee (>2000)
2026-06-13 13:17:07.192 [WARN] ISSUE: [Reports] t54b_audit_20260520_130307.json - FILE_TROPPO_GRANDE: t54b_audit_20260520_130307.json ha 2511 linee (>2000)
2026-06-13 13:17:07.271 [WARN] ISSUE: [Reports] t54b_audit_20260520_130423.json - FILE_TROPPO_GRANDE: t54b_audit_20260520_130423.json ha 2511 linee (>2000)
2026-06-13 13:17:07.331 [WARN] ISSUE: [Reports] t54b_audit_20260521_082507.json - FILE_TROPPO_GRANDE: t54b_audit_20260521_082507.json ha 2511 linee (>2000)
2026-06-13 13:17:07.375 [WARN] ISSUE: [Reports] t54b_audit_20260521_083452.json - FILE_TROPPO_GRANDE: t54b_audit_20260521_083452.json ha 2511 linee (>2000)
2026-06-13 13:17:07.418 [WARN] ISSUE: [Reports] t54b_audit_20260521_083647.json - FILE_TROPPO_GRANDE: t54b_audit_20260521_083647.json ha 2511 linee (>2000)
2026-06-13 13:17:07.463 [WARN] ISSUE: [Reports] t54b_audit_20260522_065208.json - FILE_TROPPO_GRANDE: t54b_audit_20260522_065208.json ha 2511 linee (>2000)
2026-06-13 13:17:07.509 [WARN] ISSUE: [Reports] t54b_audit_20260522_065413.json - FILE_TROPPO_GRANDE: t54b_audit_20260522_065413.json ha 2511 linee (>2000)
2026-06-13 13:17:07.566 [WARN] ISSUE: [Reports] t54b_audit_20260522_090803.json - FILE_TROPPO_GRANDE: t54b_audit_20260522_090803.json ha 2511 linee (>2000)
2026-06-13 13:17:07.646 [WARN] ISSUE: [Reports] t54b_audit_20260522_091340.json - FILE_TROPPO_GRANDE: t54b_audit_20260522_091340.json ha 2511 linee (>2000)
2026-06-13 13:17:07.675 [WARN] ISSUE: [Reports] t54b_audit_20260522_094439.json - FILE_TROPPO_GRANDE: t54b_audit_20260522_094439.json ha 2511 linee (>2000)
2026-06-13 13:17:07.716 [WARN] ISSUE: [Reports] t54b_audit_20260522_094737.json - FILE_TROPPO_GRANDE: t54b_audit_20260522_094737.json ha 2511 linee (>2000)
2026-06-13 13:17:07.819 [WARN] ISSUE: [Reports] t54b_audit_20260522_094749.json - FILE_TROPPO_GRANDE: t54b_audit_20260522_094749.json ha 2511 linee (>2000)
2026-06-13 13:17:07.862 [WARN] ISSUE: [Reports] t54b_audit_20260522_094928.json - FILE_TROPPO_GRANDE: t54b_audit_20260522_094928.json ha 2511 linee (>2000)
2026-06-13 13:17:07.906 [WARN] ISSUE: [Reports] t54b_audit_20260522_113145.json - FILE_TROPPO_GRANDE: t54b_audit_20260522_113145.json ha 2511 linee (>2000)
2026-06-13 13:17:07.971 [WARN] ISSUE: [Reports] t54b_audit_20260522_113905.json - FILE_TROPPO_GRANDE: t54b_audit_20260522_113905.json ha 2511 linee (>2000)
2026-06-13 13:17:08.048 [WARN] ISSUE: [Reports] t54b_audit_20260522_114125.json - FILE_TROPPO_GRANDE: t54b_audit_20260522_114125.json ha 2511 linee (>2000)
2026-06-13 13:17:08.094 [WARN] ISSUE: [Reports] t54b_audit_20260522_130610.json - FILE_TROPPO_GRANDE: t54b_audit_20260522_130610.json ha 2511 linee (>2000)
2026-06-13 13:17:08.200 [WARN] ISSUE: [Reports] t54b_audit_20260522_132603.json - FILE_TROPPO_GRANDE: t54b_audit_20260522_132603.json ha 2511 linee (>2000)
2026-06-13 13:17:08.287 [WARN] ISSUE: [Reports] t54b_audit_20260522_142826.json - FILE_TROPPO_GRANDE: t54b_audit_20260522_142826.json ha 2511 linee (>2000)
2026-06-13 13:17:08.331 [WARN] ISSUE: [Reports] t54b_audit_20260522_143143.json - FILE_TROPPO_GRANDE: t54b_audit_20260522_143143.json ha 2511 linee (>2000)
2026-06-13 13:17:08.361 [WARN] ISSUE: [Reports] t54b_audit_20260522_143457.json - FILE_TROPPO_GRANDE: t54b_audit_20260522_143457.json ha 2511 linee (>2000)
2026-06-13 13:17:08.411 [WARN] ISSUE: [Reports] t54b_audit_20260522_143612.json - FILE_TROPPO_GRANDE: t54b_audit_20260522_143612.json ha 2511 linee (>2000)
2026-06-13 13:17:08.459 [WARN] ISSUE: [Reports] t54b_audit_20260522_144208.json - FILE_TROPPO_GRANDE: t54b_audit_20260522_144208.json ha 2511 linee (>2000)
2026-06-13 13:17:08.491 [WARN] ISSUE: [Reports] t54b_audit_20260522_144220.json - FILE_TROPPO_GRANDE: t54b_audit_20260522_144220.json ha 2511 linee (>2000)
2026-06-13 13:17:08.524 [WARN] ISSUE: [Reports] t54b_audit_20260522_144420.json - FILE_TROPPO_GRANDE: t54b_audit_20260522_144420.json ha 2511 linee (>2000)
2026-06-13 13:17:08.582 [WARN] ISSUE: [Reports] t54b_audit_20260522_152750.json - FILE_TROPPO_GRANDE: t54b_audit_20260522_152750.json ha 2511 linee (>2000)
2026-06-13 13:17:08.619 [WARN] ISSUE: [Reports] t54b_audit_20260522_152853.json - FILE_TROPPO_GRANDE: t54b_audit_20260522_152853.json ha 2511 linee (>2000)
2026-06-13 13:17:08.651 [WARN] ISSUE: [Reports] t54b_audit_20260522_153013.json - FILE_TROPPO_GRANDE: t54b_audit_20260522_153013.json ha 2511 linee (>2000)
2026-06-13 13:17:08.731 [WARN] ISSUE: [Reports] t54b_audit_20260522_155434.json - FILE_TROPPO_GRANDE: t54b_audit_20260522_155434.json ha 2511 linee (>2000)
2026-06-13 13:17:08.788 [WARN] ISSUE: [Reports] t54b_audit_20260522_155721.json - FILE_TROPPO_GRANDE: t54b_audit_20260522_155721.json ha 2511 linee (>2000)
2026-06-13 13:17:08.849 [WARN] ISSUE: [Reports] t54b_audit_20260522_155946.json - FILE_TROPPO_GRANDE: t54b_audit_20260522_155946.json ha 2511 linee (>2000)
2026-06-13 13:17:08.893 [WARN] ISSUE: [Reports] t54b_audit_20260522_160327.json - FILE_TROPPO_GRANDE: t54b_audit_20260522_160327.json ha 2511 linee (>2000)
2026-06-13 13:17:09.036 [WARN] ISSUE: [Reports] t54b_audit_20260522_180531.json - FILE_TROPPO_GRANDE: t54b_audit_20260522_180531.json ha 2511 linee (>2000)
2026-06-13 13:17:09.094 [WARN] ISSUE: [Reports] t54b_audit_20260522_180723.json - FILE_TROPPO_GRANDE: t54b_audit_20260522_180723.json ha 2511 linee (>2000)
2026-06-13 13:17:09.124 [WARN] ISSUE: [Reports] t54b_audit_20260603_133636.json - FILE_TROPPO_GRANDE: t54b_audit_20260603_133636.json ha 2511 linee (>2000)
2026-06-13 13:17:09.172 [WARN] ISSUE: [Reports] t54b_audit_20260603_134210.json - FILE_TROPPO_GRANDE: t54b_audit_20260603_134210.json ha 2511 linee (>2000)
2026-06-13 13:17:09.258 [WARN] ISSUE: [Reports] t54b_audit_20260603_134708.json - FILE_TROPPO_GRANDE: t54b_audit_20260603_134708.json ha 2511 linee (>2000)
2026-06-13 13:17:09.368 [WARN] ISSUE: [Reports] t54b_audit_20260603_205227.json - FILE_TROPPO_GRANDE: t54b_audit_20260603_205227.json ha 2511 linee (>2000)
2026-06-13 13:17:09.403 [WARN] ISSUE: [Reports] t54b_audit_20260603_211240.json - FILE_TROPPO_GRANDE: t54b_audit_20260603_211240.json ha 2511 linee (>2000)
2026-06-13 13:17:09.439 [WARN] ISSUE: [Reports] t54b_audit_20260604_071138.json - FILE_TROPPO_GRANDE: t54b_audit_20260604_071138.json ha 2511 linee (>2000)
2026-06-13 13:17:09.503 [WARN] ISSUE: [Reports] t54b_audit_20260604_073350.json - FILE_TROPPO_GRANDE: t54b_audit_20260604_073350.json ha 2511 linee (>2000)
2026-06-13 13:17:09.537 [WARN] ISSUE: [Reports] t54b_audit_20260604_112716.json - FILE_TROPPO_GRANDE: t54b_audit_20260604_112716.json ha 2511 linee (>2000)
2026-06-13 13:17:09.569 [WARN] ISSUE: [Reports] t54b_audit_20260604_121308.json - FILE_TROPPO_GRANDE: t54b_audit_20260604_121308.json ha 2511 linee (>2000)
2026-06-13 13:17:24.186 [WARN] Scansione completata: Reports - 346 issue trovate
2026-06-13 13:17:24.253 [WARN] ===== SCANSIONE COMPLETA #0: 444 ISSUE TOTALI =====
2026-06-13 13:17:24.720 [OK] Report salvato: C:\cellular_speace\reports\ispettore\report_scan_20260613_131724.json
2026-06-13 13:17:25.055 [DIAG] Diagnosi salvata: C:\cellular_speace\data\diagnosi\diagnosi_20260613_131724.md
2026-06-13 13:17:25.104 [OK] Esecuzione singola completata.
2026-06-13 13:17:25.120 [INFO] ===== ISPETTORE ARRESTATO =====
