2026-06-13 09:48:53.212 [INFO] Esecuzione singola (once mode)
2026-06-13 09:48:53.338 [INFO] ===== INIZIO SCANSIONE COMPLETA #0 =====
2026-06-13 09:48:53.398 [INFO] Scansione in corso: Speace Core (Cervello) (C:\cellular_speace\speace_core)
2026-06-13 09:48:53.704 [WARN] ISSUE: [Speace Core (Cervello)] orchestrator.py - FILE_TROPPO_GRANDE: orchestrator.py ha 2958 linee (>2000)
2026-06-13 09:48:53.867 [WARN] ISSUE: [Speace Core (Cervello)] __init__.py - FILE_VUOTO: __init__.py e vuoto
2026-06-13 09:48:53.932 [WARN] ISSUE: [Speace Core (Cervello)] neurofunctional_benchmark.py - FILE_TROPPO_GRANDE: neurofunctional_benchmark.py ha 3377 linee (>2000)
2026-06-13 09:48:53.942 [WARN] ISSUE: [Speace Core (Cervello)] __init__.py - FILE_VUOTO: __init__.py e vuoto
2026-06-13 09:48:53.963 [WARN] ISSUE: [Speace Core (Cervello)] __init__.py - FILE_VUOTO: __init__.py e vuoto
2026-06-13 09:48:54.090 [WARN] ISSUE: [Speace Core (Cervello)] cognitive_mutation_sandbox.py - USO_DI_EXEC_EVAL: cognitive_mutation_sandbox.py contiene eval/exec
2026-06-13 09:48:54.162 [WARN] ISSUE: [Speace Core (Cervello)] __init__.py - FILE_VUOTO: __init__.py e vuoto
2026-06-13 09:48:54.296 [WARN] ISSUE: [Speace Core (Cervello)] __init__.py - FILE_VUOTO: __init__.py e vuoto
2026-06-13 09:48:54.431 [WARN] ISSUE: [Speace Core (Cervello)] causal_model_engine.py - TODO_FOUND: causal_model_engine.py contiene TODO/FIXME da risolvere
2026-06-13 09:48:54.436 [WARN] ISSUE: [Speace Core (Cervello)] causal_model_engine.py - FILE_TROPPO_GRANDE: causal_model_engine.py ha 2418 linee (>2000)
2026-06-13 09:48:54.523 [WARN] ISSUE: [Speace Core (Cervello)] imitation_learning_sandbox.py - USO_DI_EXEC_EVAL: imitation_learning_sandbox.py contiene eval/exec
2026-06-13 09:48:54.597 [WARN] ISSUE: [Speace Core (Cervello)] __init__.py - FILE_VUOTO: __init__.py e vuoto
2026-06-13 09:48:54.741 [WARN] ISSUE: [Speace Core (Cervello)] __init__.py - FILE_VUOTO: __init__.py e vuoto
2026-06-13 09:48:54.741 [WARN] ISSUE: [Speace Core (Cervello)] __init__.py - FILE_VUOTO: __init__.py e vuoto
2026-06-13 09:48:54.755 [WARN] ISSUE: [Speace Core (Cervello)] __init__.py - FILE_VUOTO: __init__.py e vuoto
2026-06-13 09:48:54.760 [WARN] ISSUE: [Speace Core (Cervello)] __init__.py - FILE_VUOTO: __init__.py e vuoto
2026-06-13 09:48:54.768 [WARN] ISSUE: [Speace Core (Cervello)] __init__.py - FILE_VUOTO: __init__.py e vuoto
2026-06-13 09:48:54.793 [WARN] ISSUE: [Speace Core (Cervello)] trust_governor.py - USO_DI_EXEC_EVAL: trust_governor.py contiene eval/exec
2026-06-13 09:48:54.802 [WARN] ISSUE: [Speace Core (Cervello)] evolution_controller.py - TODO_FOUND: evolution_controller.py contiene TODO/FIXME da risolvere
2026-06-13 09:48:54.852 [WARN] ISSUE: [Speace Core (Cervello)] subsystem_connector.py - TODO_FOUND: subsystem_connector.py contiene TODO/FIXME da risolvere
2026-06-13 09:48:54.866 [WARN] ISSUE: [Speace Core (Cervello)] __init__.py - FILE_VUOTO: __init__.py e vuoto
2026-06-13 09:48:54.871 [WARN] ISSUE: [Speace Core (Cervello)] __init__.py - FILE_VUOTO: __init__.py e vuoto
2026-06-13 09:48:54.877 [WARN] ISSUE: [Speace Core (Cervello)] __init__.py - FILE_VUOTO: __init__.py e vuoto
2026-06-13 09:48:54.929 [WARN] ISSUE: [Speace Core (Cervello)] __init__.py - FILE_VUOTO: __init__.py e vuoto
2026-06-13 09:48:54.960 [WARN] ISSUE: [Speace Core (Cervello)] test_morphological_memory.py - USO_DI_EXEC_EVAL: test_morphological_memory.py contiene eval/exec
2026-06-13 09:48:54.997 [WARN] ISSUE: [Speace Core (Cervello)] __init__.py - FILE_VUOTO: __init__.py e vuoto
2026-06-13 09:48:55.032 [WARN] ISSUE: [Speace Core (Cervello)] __init__.py - FILE_VUOTO: __init__.py e vuoto
2026-06-13 09:48:55.165 [WARN] Scansione completata: Speace Core (Cervello) - 26 issue trovate
2026-06-13 09:48:55.165 [INFO] Scansione in corso: Speace AGI Team (C:\cellular_speace\speace_agi_team)
2026-06-13 09:48:55.207 [WARN] ISSUE: [Speace AGI Team] config.py - USO_DI_EXEC_EVAL: config.py contiene eval/exec
2026-06-13 09:48:55.330 [WARN] Scansione completata: Speace AGI Team - 1 issue trovate
2026-06-13 09:48:55.335 [INFO] Scansione in corso: Data (C:\cellular_speace\data)
2026-06-13 09:48:56.751 [WARN] ISSUE: [Data] evaluation.json - FILE_TROPPO_GRANDE: evaluation.json ha 844336 linee (>2000)
2026-06-13 09:48:57.571 [WARN] ISSUE: [Data] training.json - FILE_TROPPO_GRANDE: training.json ha 522201 linee (>2000)
2026-06-13 09:48:59.948 [WARN] ISSUE: [Data] latest_snapshot.json - JSON_INVALIDO: latest_snapshot.json non e JSON valido
2026-06-13 09:48:59.954 [WARN] ISSUE: [Data] latest_snapshot.json - FILE_TROPPO_GRANDE: latest_snapshot.json ha 2174 linee (>2000)
2026-06-13 09:49:00.033 [WARN] ISSUE: [Data] checkpoint_1781334419065.json - FILE_TROPPO_GRANDE: checkpoint_1781334419065.json ha 8052 linee (>2000)
2026-06-13 09:49:00.138 [WARN] ISSUE: [Data] checkpoint_1781334719559.json - FILE_TROPPO_GRANDE: checkpoint_1781334719559.json ha 10186 linee (>2000)
2026-06-13 09:49:00.223 [WARN] ISSUE: [Data] checkpoint_1781335021306.json - FILE_TROPPO_GRANDE: checkpoint_1781335021306.json ha 11022 linee (>2000)
2026-06-13 09:49:00.321 [WARN] ISSUE: [Data] checkpoint_1781335322539.json - FILE_TROPPO_GRANDE: checkpoint_1781335322539.json ha 11022 linee (>2000)
2026-06-13 09:49:00.462 [WARN] ISSUE: [Data] checkpoint_1781335622808.json - FILE_TROPPO_GRANDE: checkpoint_1781335622808.json ha 11022 linee (>2000)
2026-06-13 09:49:00.560 [WARN] ISSUE: [Data] checkpoint_1781335923623.json - FILE_TROPPO_GRANDE: checkpoint_1781335923623.json ha 11022 linee (>2000)
2026-06-13 09:49:00.633 [WARN] ISSUE: [Data] checkpoint_1781336225723.json - FILE_TROPPO_GRANDE: checkpoint_1781336225723.json ha 11022 linee (>2000)
2026-06-13 09:49:00.733 [WARN] ISSUE: [Data] checkpoint_1781336526724.json - FILE_TROPPO_GRANDE: checkpoint_1781336526724.json ha 11022 linee (>2000)
2026-06-13 09:49:00.834 [WARN] ISSUE: [Data] checkpoint_1781336714320.json - FILE_TROPPO_GRANDE: checkpoint_1781336714320.json ha 11022 linee (>2000)
2026-06-13 09:49:00.917 [WARN] ISSUE: [Data] checkpoint_1781336843200.json - FILE_TROPPO_GRANDE: checkpoint_1781336843200.json ha 11022 linee (>2000)
2026-06-13 09:49:01.011 [WARN] Scansione completata: Data - 13 issue trovate
2026-06-13 09:49:01.027 [INFO] Scansione in corso: Scripts (C:\cellular_speace\scripts)
2026-06-13 09:49:01.048 [WARN] ISSUE: [Scripts] speace_seed.py - USO_DI_EXEC_EVAL: speace_seed.py contiene eval/exec
2026-06-13 09:49:01.071 [WARN] ISSUE: [Scripts] __init__.py - FILE_VUOTO: __init__.py e vuoto
2026-06-13 09:49:01.099 [WARN] Scansione completata: Scripts - 2 issue trovate
2026-06-13 09:49:01.103 [INFO] Scansione in corso: Tests (C:\cellular_speace\tests)
2026-06-13 09:49:01.192 [WARN] ISSUE: [Tests] test_phase8_mmapr_veto.py - USO_DI_EXEC_EVAL: test_phase8_mmapr_veto.py contiene eval/exec
2026-06-13 09:49:01.196 [WARN] ISSUE: [Tests] __init__.py - FILE_VUOTO: __init__.py e vuoto
2026-06-13 09:49:01.210 [WARN] ISSUE: [Tests] __init__.py - FILE_VUOTO: __init__.py e vuoto
2026-06-13 09:49:01.225 [WARN] ISSUE: [Tests] __init__.py - FILE_VUOTO: __init__.py e vuoto
2026-06-13 09:49:01.231 [WARN] ISSUE: [Tests] test_coherence_proposal_executor.py - TODO_FOUND: test_coherence_proposal_executor.py contiene TODO/FIXME da risolvere
2026-06-13 09:49:01.253 [WARN] ISSUE: [Tests] __init__.py - FILE_VUOTO: __init__.py e vuoto
2026-06-13 09:49:01.260 [WARN] ISSUE: [Tests] __init__.py - FILE_VUOTO: __init__.py e vuoto
2026-06-13 09:49:01.260 [WARN] ISSUE: [Tests] __init__.py - FILE_VUOTO: __init__.py e vuoto
2026-06-13 09:49:01.283 [WARN] ISSUE: [Tests] __init__.py - FILE_VUOTO: __init__.py e vuoto
2026-06-13 09:49:01.305 [WARN] ISSUE: [Tests] __init__.py - FILE_VUOTO: __init__.py e vuoto
2026-06-13 09:49:01.305 [WARN] ISSUE: [Tests] __init__.py - FILE_VUOTO: __init__.py e vuoto
2026-06-13 09:49:01.319 [WARN] ISSUE: [Tests] __init__.py - FILE_VUOTO: __init__.py e vuoto
2026-06-13 09:49:01.352 [WARN] ISSUE: [Tests] __init__.py - FILE_VUOTO: __init__.py e vuoto
2026-06-13 09:49:01.365 [WARN] ISSUE: [Tests] __init__.py - FILE_VUOTO: __init__.py e vuoto
2026-06-13 09:49:01.389 [WARN] ISSUE: [Tests] __init__.py - FILE_VUOTO: __init__.py e vuoto
2026-06-13 09:49:01.399 [WARN] ISSUE: [Tests] __init__.py - FILE_VUOTO: __init__.py e vuoto
2026-06-13 09:49:01.407 [WARN] ISSUE: [Tests] __init__.py - FILE_VUOTO: __init__.py e vuoto
2026-06-13 09:49:01.419 [WARN] ISSUE: [Tests] __init__.py - FILE_VUOTO: __init__.py e vuoto
2026-06-13 09:49:01.438 [WARN] ISSUE: [Tests] __init__.py - FILE_VUOTO: __init__.py e vuoto
2026-06-13 09:49:01.472 [WARN] ISSUE: [Tests] __init__.py - FILE_VUOTO: __init__.py e vuoto
2026-06-13 09:49:01.479 [WARN] ISSUE: [Tests] __init__.py - FILE_VUOTO: __init__.py e vuoto
2026-06-13 09:49:01.493 [WARN] ISSUE: [Tests] __init__.py - FILE_VUOTO: __init__.py e vuoto
2026-06-13 09:49:01.500 [WARN] ISSUE: [Tests] test_evolutionary_memory_governance_audit_runner.py - TODO_FOUND: test_evolutionary_memory_governance_audit_runner.py contiene TODO/FIXME da risolvere
2026-06-13 09:49:01.504 [WARN] ISSUE: [Tests] __init__.py - FILE_VUOTO: __init__.py e vuoto
2026-06-13 09:49:01.508 [WARN] ISSUE: [Tests] __init__.py - FILE_VUOTO: __init__.py e vuoto
2026-06-13 09:49:01.524 [WARN] ISSUE: [Tests] __init__.py - FILE_VUOTO: __init__.py e vuoto
2026-06-13 09:49:01.526 [WARN] ISSUE: [Tests] __init__.py - FILE_VUOTO: __init__.py e vuoto
2026-06-13 09:49:01.538 [WARN] ISSUE: [Tests] __init__.py - FILE_VUOTO: __init__.py e vuoto
2026-06-13 09:49:01.540 [WARN] ISSUE: [Tests] __init__.py - FILE_VUOTO: __init__.py e vuoto
2026-06-13 09:49:01.558 [WARN] ISSUE: [Tests] __init__.py - FILE_VUOTO: __init__.py e vuoto
2026-06-13 09:49:01.558 [WARN] ISSUE: [Tests] __init__.py - FILE_VUOTO: __init__.py e vuoto
2026-06-13 09:49:01.598 [WARN] ISSUE: [Tests] __init__.py - FILE_VUOTO: __init__.py e vuoto
2026-06-13 09:49:01.624 [WARN] ISSUE: [Tests] __init__.py - FILE_VUOTO: __init__.py e vuoto
2026-06-13 09:49:01.645 [WARN] ISSUE: [Tests] __init__.py - FILE_VUOTO: __init__.py e vuoto
2026-06-13 09:49:01.649 [WARN] ISSUE: [Tests] __init__.py - FILE_VUOTO: __init__.py e vuoto
2026-06-13 09:49:01.698 [WARN] ISSUE: [Tests] __init__.py - FILE_VUOTO: __init__.py e vuoto
2026-06-13 09:49:01.722 [WARN] ISSUE: [Tests] __init__.py - FILE_VUOTO: __init__.py e vuoto
2026-06-13 09:49:01.740 [WARN] ISSUE: [Tests] __init__.py - FILE_VUOTO: __init__.py e vuoto
2026-06-13 09:49:01.777 [WARN] ISSUE: [Tests] __init__.py - FILE_VUOTO: __init__.py e vuoto
2026-06-13 09:49:01.819 [WARN] ISSUE: [Tests] __init__.py - FILE_VUOTO: __init__.py e vuoto
2026-06-13 09:49:01.870 [WARN] ISSUE: [Tests] __init__.py - FILE_VUOTO: __init__.py e vuoto
2026-06-13 09:49:01.880 [WARN] ISSUE: [Tests] __init__.py - FILE_VUOTO: __init__.py e vuoto
2026-06-13 09:49:01.886 [WARN] ISSUE: [Tests] __init__.py - FILE_VUOTO: __init__.py e vuoto
2026-06-13 09:49:01.888 [WARN] ISSUE: [Tests] __init__.py - FILE_VUOTO: __init__.py e vuoto
2026-06-13 09:49:01.888 [WARN] ISSUE: [Tests] __init__.py - FILE_VUOTO: __init__.py e vuoto
2026-06-13 09:49:01.902 [WARN] ISSUE: [Tests] test_auth_engine.py - TODO_FOUND: test_auth_engine.py contiene TODO/FIXME da risolvere
2026-06-13 09:49:01.932 [WARN] ISSUE: [Tests] __init__.py - FILE_VUOTO: __init__.py e vuoto
2026-06-13 09:49:01.977 [WARN] Scansione completata: Tests - 47 issue trovate
2026-06-13 09:49:01.981 [INFO] Scansione in corso: Documentazione (C:\cellular_speace\docs)
2026-06-13 09:49:02.010 [WARN] ISSUE: [Documentazione] cellular_speace.md - FILE_TROPPO_GRANDE: cellular_speace.md ha 2117 linee (>2000)
2026-06-13 09:49:02.052 [WARN] ISSUE: [Documentazione] metacognizione_pensiero_linguaggio_di_SPEACE.md - FILE_TROPPO_GRANDE: metacognizione_pensiero_linguaggio_di_SPEACE.md ha 3321 linee (>2000)
2026-06-13 09:49:02.123 [WARN] ISSUE: [Documentazione] 104_NeuroEvolve_A_Dynamic_Brai.pdf - FILE_TROPPO_GRANDE: 104_NeuroEvolve_A_Dynamic_Brai.pdf ha 3743 linee (>2000)
2026-06-13 09:49:02.344 [WARN] ISSUE: [Documentazione] 2604.25917v1.pdf - FILE_TROPPO_GRANDE: 2604.25917v1.pdf ha 47384 linee (>2000)
2026-06-13 09:49:02.471 [WARN] ISSUE: [Documentazione] A brain-inspired framework for.pdf - FILE_TROPPO_GRANDE: A brain-inspired framework for.pdf ha 29697 linee (>2000)
2026-06-13 09:49:02.598 [WARN] ISSUE: [Documentazione] Network geometry of the Drosophila brain.pdf - FILE_TROPPO_GRANDE: Network geometry of the Drosophila brain.pdf ha 34584 linee (>2000)
2026-06-13 09:49:02.654 [WARN] ISSUE: [Documentazione] NeuroEvolve--A-brain-inspired-mutation-optimiz_2026_International-Journal-of.pdf - FILE_TROPPO_GRANDE: NeuroEvolve--A-brain-inspired-mutation-optimiz_2026_International-Journal-of.pdf ha 52360 linee (>2000)
2026-06-13 09:49:02.931 [WARN] ISSUE: [Documentazione] Recursive Multi-Agent Systems.pdf - FILE_TROPPO_GRANDE: Recursive Multi-Agent Systems.pdf ha 47384 linee (>2000)
2026-06-13 09:49:02.977 [WARN] ISSUE: [Documentazione] Reti neurali artificiali e apprendimenti basati sulla biofisica dei neuroni.pdf - FILE_TROPPO_GRANDE: Reti neurali artificiali e apprendimenti basati sulla biofisica dei neuroni.pdf ha 16566 linee (>2000)
2026-06-13 09:49:02.981 [WARN] Scansione completata: Documentazione - 9 issue trovate
2026-06-13 09:49:02.990 [INFO] Scansione in corso: Reports (C:\cellular_speace\reports)
