2026-06-13 15:35:15.134 [DIAG] Diagnostica processi...
2026-06-13 15:35:15.282 [DIAG] Diagnostica processi...
2026-06-13 15:35:15.458 [DIAG] Generazione raccomandazioni...
2026-06-13 15:35:15.716 [DIAG] Generazione raccomandazioni...
2026-06-13 15:35:15.731 [OK] Report diagnostica salvato: C:\cellular_speace\reports\manutenzione\correttiva\diagnosi_20260613_153515.json
2026-06-13 15:35:15.778 [OK] Diagnosi Markdown salvata: C:\cellular_speace\data\diagnosi\diagnosi_20260613_153515.md
2026-06-13 15:35:15.788 [OK] Report diagnostica salvato: C:\cellular_speace\reports\manutenzione\correttiva\diagnosi_20260613_153515.json
2026-06-13 15:35:15.814 [OK] Diagnosi Markdown salvata: C:\cellular_speace\data\diagnosi\diagnosi_20260613_153515.md
2026-06-13 15:35:15.905 [DIAG] Diagnostica runtime...
2026-06-13 15:35:15.917 [ERROR] [alto] Runtime/snapshot_vecchio: Snapshot ha 156.7min (>30min)
2026-06-13 15:35:16.116 [WARN] [medio] Runtime/errore_lettura_snapshot: Errore lettura snapshot: Impossibile convertire la stringa JSON perché un dizionario convertito da tale stringa contiene le chiavi duplicate 'Server' e 'SERVER'.
2026-06-13 15:35:16.731 [DIAG] Diagnostica memoria...
2026-06-13 15:35:17.395 [DIAG] Diagnostica file...
2026-06-13 15:35:22.691 [DIAG] Diagnostica processi...
2026-06-13 15:35:22.952 [DIAG] Diagnostica log errori...
2026-06-13 15:35:33.298 [ERROR] [critico] Log/errori_recenti: 3436 errori nelle ultime 2 ore
2026-06-13 15:35:33.390 [DIAG] Generazione raccomandazioni...
2026-06-13 15:35:33.474 [FIX] Avvio azioni correttive automatiche...
2026-06-13 15:35:33.495 [INFO] Nessuna azione correttiva automatica disponibile
2026-06-13 15:35:33.503 [OK] Report diagnostica salvato: C:\cellular_speace\reports\manutenzione\correttiva\diagnosi_20260613_153515.json
2026-06-13 15:35:33.517 [OK] Diagnosi Markdown salvata: C:\cellular_speace\data\diagnosi\diagnosi_20260613_153515.md
