2026-06-13 18:28:12.407 [DIAG] Diagnostica processi...
2026-06-13 18:28:12.448 [DIAG] Diagnostica processi...
2026-06-13 18:28:12.673 [DIAG] Generazione raccomandazioni...
2026-06-13 18:28:12.697 [DIAG] Generazione raccomandazioni...
2026-06-13 18:28:12.729 [OK] Report diagnostica salvato: C:\cellular_speace\reports\manutenzione\correttiva\diagnosi_20260613_182812.json
2026-06-13 18:28:12.760 [OK] Report diagnostica salvato: C:\cellular_speace\reports\manutenzione\correttiva\diagnosi_20260613_182812.json
2026-06-13 18:28:12.766 [OK] Diagnosi Markdown salvata: C:\cellular_speace\data\diagnosi\diagnosi_20260613_182812.md
2026-06-13 18:28:12.835 [DIAG] Diagnostica runtime...
2026-06-13 18:28:12.839 [ERROR] [alto] Runtime/snapshot_vecchio: Snapshot ha 329.7min (>30min)
2026-06-13 18:28:12.858 [WARN] [medio] Runtime/errore_lettura_snapshot: Errore lettura snapshot: Impossibile convertire la stringa JSON perché un dizionario convertito da tale stringa contiene le chiavi duplicate 'Server' e 'SERVER'.
2026-06-13 18:28:13.288 [DIAG] Diagnostica memoria...
2026-06-13 18:28:13.849 [DIAG] Diagnostica file...
2026-06-13 18:28:20.140 [DIAG] Diagnostica processi...
2026-06-13 18:28:20.382 [DIAG] Diagnostica log errori...
2026-06-13 18:28:38.889 [ERROR] [critico] Log/errori_recenti: 3370 errori nelle ultime 2 ore
2026-06-13 18:28:39.220 [DIAG] Generazione raccomandazioni...
2026-06-13 18:28:39.368 [FIX] Avvio azioni correttive automatiche...
2026-06-13 18:28:39.385 [INFO] Nessuna azione correttiva automatica disponibile
2026-06-13 18:28:39.415 [OK] Report diagnostica salvato: C:\cellular_speace\reports\manutenzione\correttiva\diagnosi_20260613_182812.json
2026-06-13 18:28:39.436 [OK] Diagnosi Markdown salvata: C:\cellular_speace\data\diagnosi\diagnosi_20260613_182812.md
