2026-06-13 13:21:53.102 [DIAG] Diagnostica processi...
2026-06-13 13:21:53.290 [DIAG] Generazione raccomandazioni...
2026-06-13 13:21:53.306 [OK] Report diagnostica salvato: C:\cellular_speace\reports\manutenzione\correttiva\diagnosi_20260613_132153.json
2026-06-13 13:21:53.316 [OK] Diagnosi Markdown salvata: C:\cellular_speace\data\diagnosi\diagnosi_20260613_132153.md
2026-06-13 13:21:53.381 [DIAG] Diagnostica processi...
2026-06-13 13:21:53.518 [DIAG] Generazione raccomandazioni...
2026-06-13 13:21:53.540 [OK] Report diagnostica salvato: C:\cellular_speace\reports\manutenzione\correttiva\diagnosi_20260613_132153.json
2026-06-13 13:21:53.550 [OK] Diagnosi Markdown salvata: C:\cellular_speace\data\diagnosi\diagnosi_20260613_132153.md
2026-06-13 13:21:53.580 [DIAG] Diagnostica runtime...
2026-06-13 13:21:53.602 [WARN] [medio] Runtime/errore_lettura_snapshot: Errore lettura snapshot: Impossibile convertire la stringa JSON perché un dizionario convertito da tale stringa contiene le chiavi duplicate 'Server' e 'SERVER'.
2026-06-13 13:21:53.619 [DIAG] Diagnostica memoria...
2026-06-13 13:21:53.988 [DIAG] Diagnostica file...
2026-06-13 13:21:56.261 [DIAG] Diagnostica processi...
2026-06-13 13:21:56.392 [DIAG] Diagnostica log errori...
2026-06-13 13:21:57.356 [ERROR] [critico] Log/errori_recenti: 1123 errori nelle ultime 2 ore
2026-06-13 13:21:57.362 [DIAG] Generazione raccomandazioni...
2026-06-13 13:21:57.406 [FIX] Avvio azioni correttive automatiche...
2026-06-13 13:21:57.408 [INFO] Nessuna azione correttiva automatica disponibile
2026-06-13 13:21:57.417 [OK] Report diagnostica salvato: C:\cellular_speace\reports\manutenzione\correttiva\diagnosi_20260613_132153.json
2026-06-13 13:21:57.421 [OK] Diagnosi Markdown salvata: C:\cellular_speace\data\diagnosi\diagnosi_20260613_132153.md
