2026-06-13 14:49:42.171 [DIAG] Diagnostica processi...
2026-06-13 14:49:42.466 [DIAG] Generazione raccomandazioni...
2026-06-13 14:49:42.648 [OK] Report diagnostica salvato: C:\cellular_speace\reports\manutenzione\correttiva\diagnosi_20260613_144942.json
2026-06-13 14:49:42.671 [OK] Diagnosi Markdown salvata: C:\cellular_speace\data\diagnosi\diagnosi_20260613_144942.md
2026-06-13 14:49:42.691 [DIAG] Diagnostica runtime...
2026-06-13 14:49:42.798 [ERROR] [alto] Runtime/snapshot_vecchio: Snapshot ha 111.2min (>30min)
2026-06-13 14:49:42.858 [DIAG] Diagnostica runtime...
2026-06-13 14:49:42.880 [ERROR] [alto] Runtime/snapshot_vecchio: Snapshot ha 111.2min (>30min)
2026-06-13 14:49:42.993 [WARN] [medio] Runtime/errore_lettura_snapshot: Errore lettura snapshot: Impossibile convertire la stringa JSON perché un dizionario convertito da tale stringa contiene le chiavi duplicate 'Server' e 'SERVER'.
2026-06-13 14:49:43.225 [WARN] [medio] Runtime/errore_lettura_snapshot: Errore lettura snapshot: Impossibile convertire la stringa JSON perché un dizionario convertito da tale stringa contiene le chiavi duplicate 'Server' e 'SERVER'.
2026-06-13 14:49:43.863 [DIAG] Diagnostica memoria...
2026-06-13 14:49:44.244 [DIAG] Diagnostica memoria...
2026-06-13 14:49:44.553 [DIAG] Diagnostica file...
2026-06-13 14:49:44.857 [DIAG] Diagnostica file...
2026-06-13 14:49:50.662 [DIAG] Diagnostica processi...
2026-06-13 14:49:51.019 [DIAG] Diagnostica log errori...
2026-06-13 14:49:51.350 [DIAG] Diagnostica processi...
2026-06-13 14:49:51.876 [DIAG] Diagnostica log errori...
2026-06-13 14:50:05.005 [ERROR] [critico] Log/errori_recenti: 3537 errori nelle ultime 2 ore
2026-06-13 14:50:05.159 [ERROR] [critico] Log/errori_recenti: 3537 errori nelle ultime 2 ore
2026-06-13 14:50:05.195 [DIAG] Generazione raccomandazioni...
2026-06-13 14:50:05.290 [FIX] Avvio azioni correttive automatiche...
2026-06-13 14:50:05.296 [INFO] Nessuna azione correttiva automatica disponibile
2026-06-13 14:50:05.311 [OK] Report diagnostica salvato: C:\cellular_speace\reports\manutenzione\correttiva\diagnosi_20260613_144942.json
2026-06-13 14:50:05.313 [ERROR] ERRORE FATALE: Il processo non può accedere al file 'C:\cellular_speace\data\logs\manutenzione\correttiva\diagnostica_20260613_144942.log' perché è in uso da un altro processo.
2026-06-13 14:50:05.320 [OK] Diagnosi Markdown salvata: C:\cellular_speace\data\diagnosi\diagnosi_20260613_144942.md
