2026-06-13 13:55:48.569 [DIAG] Diagnostica processi...
2026-06-13 13:55:48.721 [DIAG] Diagnostica processi...
2026-06-13 13:55:48.871 [DIAG] Generazione raccomandazioni...
2026-06-13 13:55:48.899 [OK] Report diagnostica salvato: C:\cellular_speace\reports\manutenzione\correttiva\diagnosi_20260613_135548.json
2026-06-13 13:55:48.911 [OK] Diagnosi Markdown salvata: C:\cellular_speace\data\diagnosi\diagnosi_20260613_135548.md
2026-06-13 13:55:48.960 [DIAG] Generazione raccomandazioni...
2026-06-13 13:55:48.985 [DIAG] Diagnostica runtime...
2026-06-13 13:55:48.995 [ERROR] [alto] Runtime/snapshot_vecchio: Snapshot ha 57.3min (>30min)
2026-06-13 13:55:49.006 [OK] Report diagnostica salvato: C:\cellular_speace\reports\manutenzione\correttiva\diagnosi_20260613_135548.json
2026-06-13 13:55:49.013 [OK] Diagnosi Markdown salvata: C:\cellular_speace\data\diagnosi\diagnosi_20260613_135548.md
2026-06-13 13:55:49.046 [WARN] [medio] Runtime/errore_lettura_snapshot: Errore lettura snapshot: Impossibile convertire la stringa JSON perché un dizionario convertito da tale stringa contiene le chiavi duplicate 'Server' e 'SERVER'.
2026-06-13 13:55:49.186 [DIAG] Diagnostica memoria...
2026-06-13 13:55:49.597 [DIAG] Diagnostica file...
2026-06-13 13:55:52.272 [DIAG] Diagnostica processi...
2026-06-13 13:55:52.415 [DIAG] Diagnostica log errori...
2026-06-13 13:55:54.801 [ERROR] [critico] Log/errori_recenti: 2089 errori nelle ultime 2 ore
2026-06-13 13:55:54.807 [DIAG] Generazione raccomandazioni...
2026-06-13 13:55:54.821 [FIX] Avvio azioni correttive automatiche...
2026-06-13 13:55:54.827 [INFO] Nessuna azione correttiva automatica disponibile
2026-06-13 13:55:54.831 [OK] Report diagnostica salvato: C:\cellular_speace\reports\manutenzione\correttiva\diagnosi_20260613_135548.json
2026-06-13 13:55:54.833 [OK] Diagnosi Markdown salvata: C:\cellular_speace\data\diagnosi\diagnosi_20260613_135548.md
