2026-06-13 13:15:42.196 [DIAG] Diagnostica processi...
2026-06-13 13:15:42.371 [DIAG] Generazione raccomandazioni...
2026-06-13 13:15:42.396 [OK] Report diagnostica salvato: C:\cellular_speace\reports\manutenzione\correttiva\diagnosi_20260613_131542.json
2026-06-13 13:15:42.403 [OK] Diagnosi Markdown salvata: C:\cellular_speace\data\diagnosi\diagnosi_20260613_131542.md
2026-06-13 13:15:42.435 [DIAG] Diagnostica runtime...
2026-06-13 13:15:42.461 [ERROR] [alto] Runtime/tick_stall: Tick non avanza: #213095, eta 29688920.5min
2026-06-13 13:15:42.478 [WARN] [medio] Runtime/errore_lettura_snapshot: Errore lettura snapshot: Impossibile convertire la stringa JSON perché un dizionario convertito da tale stringa contiene le chiavi duplicate 'Server' e 'SERVER'.
2026-06-13 13:15:42.493 [DIAG] Diagnostica memoria...
2026-06-13 13:15:42.848 [DIAG] Diagnostica processi...
2026-06-13 13:15:42.878 [DIAG] Diagnostica file...
2026-06-13 13:15:43.048 [DIAG] Generazione raccomandazioni...
2026-06-13 13:15:43.069 [OK] Report diagnostica salvato: C:\cellular_speace\reports\manutenzione\correttiva\diagnosi_20260613_131542.json
2026-06-13 13:15:43.073 [OK] Diagnosi Markdown salvata: C:\cellular_speace\data\diagnosi\diagnosi_20260613_131542.md
2026-06-13 13:15:45.500 [DIAG] Diagnostica processi...
2026-06-13 13:15:45.651 [DIAG] Diagnostica log errori...
2026-06-13 13:15:46.290 [ERROR] [critico] Log/errori_recenti: 957 errori nelle ultime 2 ore
2026-06-13 13:15:46.306 [DIAG] Generazione raccomandazioni...
2026-06-13 13:15:46.348 [FIX] Avvio azioni correttive automatiche...
2026-06-13 13:15:46.350 [INFO] Nessuna azione correttiva automatica disponibile
2026-06-13 13:15:46.352 [OK] Report diagnostica salvato: C:\cellular_speace\reports\manutenzione\correttiva\diagnosi_20260613_131542.json
2026-06-13 13:15:46.362 [OK] Diagnosi Markdown salvata: C:\cellular_speace\data\diagnosi\diagnosi_20260613_131542.md
