2026-06-13 15:31:23.477 [DIAG] Diagnostica runtime...
2026-06-13 15:31:23.497 [ERROR] [alto] Runtime/snapshot_vecchio: Snapshot ha 152.8min (>30min)
2026-06-13 15:31:23.729 [DIAG] Diagnostica runtime...
2026-06-13 15:31:23.794 [ERROR] [alto] Runtime/snapshot_vecchio: Snapshot ha 152.8min (>30min)
2026-06-13 15:31:24.192 [WARN] [medio] Runtime/errore_lettura_snapshot: Errore lettura snapshot: Impossibile convertire la stringa JSON perché un dizionario convertito da tale stringa contiene le chiavi duplicate 'Server' e 'SERVER'.
2026-06-13 15:31:24.307 [WARN] [medio] Runtime/errore_lettura_snapshot: Errore lettura snapshot: Impossibile convertire la stringa JSON perché un dizionario convertito da tale stringa contiene le chiavi duplicate 'Server' e 'SERVER'.
2026-06-13 15:31:25.449 [DIAG] Diagnostica memoria...
2026-06-13 15:31:25.560 [DIAG] Diagnostica memoria...
2026-06-13 15:31:26.277 [DIAG] Diagnostica file...
2026-06-13 15:31:26.314 [DIAG] Diagnostica file...
2026-06-13 15:31:32.434 [DIAG] Diagnostica processi...
2026-06-13 15:31:33.083 [DIAG] Diagnostica log errori...
2026-06-13 15:31:33.864 [DIAG] Diagnostica processi...
2026-06-13 15:31:34.333 [DIAG] Diagnostica log errori...
2026-06-13 15:31:57.130 [ERROR] [critico] Log/errori_recenti: 3455 errori nelle ultime 2 ore
2026-06-13 15:31:57.641 [ERROR] [critico] Log/errori_recenti: 3459 errori nelle ultime 2 ore
2026-06-13 15:31:57.974 [DIAG] Generazione raccomandazioni...
2026-06-13 15:31:58.421 [DIAG] Generazione raccomandazioni...
2026-06-13 15:31:58.778 [FIX] Avvio azioni correttive automatiche...
2026-06-13 15:31:58.796 [ERROR] ERRORE FATALE: Il processo non può accedere al file 'C:\cellular_speace\data\logs\manutenzione\correttiva\diagnostica_20260613_153123.log' perché è in uso da un altro processo.
2026-06-13 15:31:58.942 [INFO] Nessuna azione correttiva automatica disponibile
2026-06-13 15:31:59.013 [OK] Report diagnostica salvato: C:\cellular_speace\reports\manutenzione\correttiva\diagnosi_20260613_153123.json
2026-06-13 15:31:59.124 [OK] Diagnosi Markdown salvata: C:\cellular_speace\data\diagnosi\diagnosi_20260613_153123.md
