2026-06-13 14:49:08.097 [DIAG] Diagnostica processi...
2026-06-13 14:49:08.216 [DIAG] Diagnostica processi...
2026-06-13 14:49:08.452 [DIAG] Generazione raccomandazioni...
2026-06-13 14:49:08.511 [DIAG] Generazione raccomandazioni...
2026-06-13 14:49:08.596 [OK] Report diagnostica salvato: C:\cellular_speace\reports\manutenzione\correttiva\diagnosi_20260613_144908.json
2026-06-13 14:49:08.616 [OK] Diagnosi Markdown salvata: C:\cellular_speace\data\diagnosi\diagnosi_20260613_144908.md
2026-06-13 14:49:08.654 [OK] Report diagnostica salvato: C:\cellular_speace\reports\manutenzione\correttiva\diagnosi_20260613_144908.json
2026-06-13 14:49:08.669 [OK] Diagnosi Markdown salvata: C:\cellular_speace\data\diagnosi\diagnosi_20260613_144908.md
2026-06-13 14:49:08.784 [DIAG] Diagnostica runtime...
2026-06-13 14:49:08.886 [ERROR] [alto] Runtime/snapshot_vecchio: Snapshot ha 110.6min (>30min)
2026-06-13 14:49:09.433 [WARN] [medio] Runtime/errore_lettura_snapshot: Errore lettura snapshot: Impossibile convertire la stringa JSON perché un dizionario convertito da tale stringa contiene le chiavi duplicate 'Server' e 'SERVER'.
2026-06-13 14:49:09.615 [DIAG] Diagnostica memoria...
2026-06-13 14:49:10.113 [DIAG] Diagnostica file...
2026-06-13 14:49:15.909 [DIAG] Diagnostica processi...
2026-06-13 14:49:16.262 [DIAG] Diagnostica log errori...
2026-06-13 14:49:28.751 [ERROR] [critico] Log/errori_recenti: 3513 errori nelle ultime 2 ore
2026-06-13 14:49:29.173 [DIAG] Generazione raccomandazioni...
2026-06-13 14:49:29.401 [FIX] Avvio azioni correttive automatiche...
2026-06-13 14:49:29.442 [INFO] Nessuna azione correttiva automatica disponibile
2026-06-13 14:49:29.481 [OK] Report diagnostica salvato: C:\cellular_speace\reports\manutenzione\correttiva\diagnosi_20260613_144908.json
2026-06-13 14:49:29.521 [OK] Diagnosi Markdown salvata: C:\cellular_speace\data\diagnosi\diagnosi_20260613_144908.md
