2026-06-13 14:23:32.178 [DIAG] Diagnostica processi...
2026-06-13 14:23:32.321 [DIAG] Generazione raccomandazioni...
2026-06-13 14:23:32.340 [OK] Report diagnostica salvato: C:\cellular_speace\reports\manutenzione\correttiva\diagnosi_20260613_142332.json
2026-06-13 14:23:32.340 [OK] Diagnosi Markdown salvata: C:\cellular_speace\data\diagnosi\diagnosi_20260613_142332.md
2026-06-13 14:23:32.356 [DIAG] Diagnostica processi...
2026-06-13 14:23:32.491 [DIAG] Generazione raccomandazioni...
2026-06-13 14:23:32.499 [OK] Report diagnostica salvato: C:\cellular_speace\reports\manutenzione\correttiva\diagnosi_20260613_142332.json
2026-06-13 14:23:32.512 [OK] Diagnosi Markdown salvata: C:\cellular_speace\data\diagnosi\diagnosi_20260613_142332.md
2026-06-13 14:23:32.535 [DIAG] Diagnostica runtime...
2026-06-13 14:23:32.538 [ERROR] [alto] Runtime/snapshot_vecchio: Snapshot ha 85min (>30min)
2026-06-13 14:23:32.558 [WARN] [medio] Runtime/errore_lettura_snapshot: Errore lettura snapshot: Impossibile convertire la stringa JSON perché un dizionario convertito da tale stringa contiene le chiavi duplicate 'Server' e 'SERVER'.
2026-06-13 14:23:32.571 [DIAG] Diagnostica memoria...
2026-06-13 14:23:32.821 [DIAG] Diagnostica file...
2026-06-13 14:23:32.829 [DIAG] Diagnostica processi...
2026-06-13 14:23:32.963 [DIAG] Generazione raccomandazioni...
2026-06-13 14:23:32.979 [OK] Report diagnostica salvato: C:\cellular_speace\reports\manutenzione\correttiva\diagnosi_20260613_142332.json
2026-06-13 14:23:32.988 [OK] Diagnosi Markdown salvata: C:\cellular_speace\data\diagnosi\diagnosi_20260613_142332.md
2026-06-13 14:23:35.394 [DIAG] Diagnostica processi...
2026-06-13 14:23:35.550 [DIAG] Diagnostica log errori...
2026-06-13 14:23:39.938 [ERROR] [critico] Log/errori_recenti: 2812 errori nelle ultime 2 ore
2026-06-13 14:23:39.948 [DIAG] Generazione raccomandazioni...
2026-06-13 14:23:39.975 [FIX] Avvio azioni correttive automatiche...
2026-06-13 14:23:39.978 [INFO] Nessuna azione correttiva automatica disponibile
2026-06-13 14:23:39.978 [OK] Report diagnostica salvato: C:\cellular_speace\reports\manutenzione\correttiva\diagnosi_20260613_142332.json
2026-06-13 14:23:39.990 [OK] Diagnosi Markdown salvata: C:\cellular_speace\data\diagnosi\diagnosi_20260613_142332.md
