2026-06-13 14:08:28.312 [DIAG] Diagnostica runtime...
2026-06-13 14:08:28.340 [ERROR] [alto] Runtime/snapshot_vecchio: Snapshot ha 69.9min (>30min)
2026-06-13 14:08:28.350 [DIAG] Diagnostica runtime...
2026-06-13 14:08:28.376 [ERROR] [alto] Runtime/snapshot_vecchio: Snapshot ha 69.9min (>30min)
2026-06-13 14:08:28.407 [DIAG] Diagnostica processi...
2026-06-13 14:08:28.755 [DIAG] Generazione raccomandazioni...
2026-06-13 14:08:28.881 [WARN] [medio] Runtime/errore_lettura_snapshot: Errore lettura snapshot: Impossibile convertire la stringa JSON perché un dizionario convertito da tale stringa contiene le chiavi duplicate 'Server' e 'SERVER'.
2026-06-13 14:08:29.015 [OK] Report diagnostica salvato: C:\cellular_speace\reports\manutenzione\correttiva\diagnosi_20260613_140828.json
2026-06-13 14:08:29.061 [WARN] [medio] Runtime/errore_lettura_snapshot: Errore lettura snapshot: Impossibile convertire la stringa JSON perché un dizionario convertito da tale stringa contiene le chiavi duplicate 'Server' e 'SERVER'.
2026-06-13 14:08:29.098 [OK] Diagnosi Markdown salvata: C:\cellular_speace\data\diagnosi\diagnosi_20260613_140828.md
2026-06-13 14:08:29.854 [DIAG] Diagnostica memoria...
2026-06-13 14:08:30.113 [DIAG] Diagnostica memoria...
2026-06-13 14:08:30.550 [DIAG] Diagnostica file...
2026-06-13 14:08:30.847 [DIAG] Diagnostica file...
2026-06-13 14:08:36.042 [DIAG] Diagnostica processi...
2026-06-13 14:08:36.390 [DIAG] Diagnostica log errori...
2026-06-13 14:08:36.778 [DIAG] Diagnostica processi...
2026-06-13 14:08:37.165 [DIAG] Diagnostica log errori...
2026-06-13 14:08:46.534 [ERROR] [critico] Log/errori_recenti: 2463 errori nelle ultime 2 ore
2026-06-13 14:08:46.787 [ERROR] [critico] Log/errori_recenti: 2463 errori nelle ultime 2 ore
2026-06-13 14:08:47.223 [DIAG] Generazione raccomandazioni...
2026-06-13 14:08:47.431 [DIAG] Generazione raccomandazioni...
2026-06-13 14:08:47.501 [FIX] Avvio azioni correttive automatiche...
2026-06-13 14:08:47.527 [INFO] Nessuna azione correttiva automatica disponibile
2026-06-13 14:08:47.559 [OK] Report diagnostica salvato: C:\cellular_speace\reports\manutenzione\correttiva\diagnosi_20260613_140828.json
2026-06-13 14:08:47.618 [OK] Diagnosi Markdown salvata: C:\cellular_speace\data\diagnosi\diagnosi_20260613_140828.md
2026-06-13 14:08:47.691 [FIX] Avvio azioni correttive automatiche...
2026-06-13 14:08:47.701 [INFO] Nessuna azione correttiva automatica disponibile
2026-06-13 14:08:47.733 [OK] Report diagnostica salvato: C:\cellular_speace\reports\manutenzione\correttiva\diagnosi_20260613_140828.json
2026-06-13 14:08:47.766 [OK] Diagnosi Markdown salvata: C:\cellular_speace\data\diagnosi\diagnosi_20260613_140828.md
