2026-06-13 13:34:44.093 [DIAG] Diagnostica processi...
2026-06-13 13:34:44.168 [DIAG] Diagnostica runtime...
2026-06-13 13:34:44.178 [ERROR] [alto] Runtime/snapshot_vecchio: Snapshot ha 36.2min (>30min)
2026-06-13 13:34:44.200 [WARN] [medio] Runtime/errore_lettura_snapshot: Errore lettura snapshot: Impossibile convertire la stringa JSON perché un dizionario convertito da tale stringa contiene le chiavi duplicate 'Server' e 'SERVER'.
2026-06-13 13:34:44.238 [DIAG] Diagnostica memoria...
2026-06-13 13:34:44.306 [DIAG] Generazione raccomandazioni...
2026-06-13 13:34:44.338 [OK] Report diagnostica salvato: C:\cellular_speace\reports\manutenzione\correttiva\diagnosi_20260613_133444.json
2026-06-13 13:34:44.350 [OK] Diagnosi Markdown salvata: C:\cellular_speace\data\diagnosi\diagnosi_20260613_133444.md
2026-06-13 13:34:44.368 [DIAG] Diagnostica processi...
2026-06-13 13:34:44.582 [DIAG] Generazione raccomandazioni...
2026-06-13 13:34:44.604 [OK] Report diagnostica salvato: C:\cellular_speace\reports\manutenzione\correttiva\diagnosi_20260613_133444.json
2026-06-13 13:34:44.610 [OK] Diagnosi Markdown salvata: C:\cellular_speace\data\diagnosi\diagnosi_20260613_133444.md
2026-06-13 13:34:44.619 [DIAG] Diagnostica file...
2026-06-13 13:34:48.163 [DIAG] Diagnostica processi...
2026-06-13 13:34:48.363 [DIAG] Diagnostica log errori...
2026-06-13 13:34:51.025 [ERROR] [critico] Log/errori_recenti: 1478 errori nelle ultime 2 ore
2026-06-13 13:34:51.034 [DIAG] Generazione raccomandazioni...
2026-06-13 13:34:51.045 [FIX] Avvio azioni correttive automatiche...
2026-06-13 13:34:51.061 [INFO] Nessuna azione correttiva automatica disponibile
2026-06-13 13:34:51.069 [OK] Report diagnostica salvato: C:\cellular_speace\reports\manutenzione\correttiva\diagnosi_20260613_133444.json
2026-06-13 13:34:51.074 [OK] Diagnosi Markdown salvata: C:\cellular_speace\data\diagnosi\diagnosi_20260613_133444.md
