2026-06-13 16:17:04.052 [DIAG] Diagnostica runtime...
2026-06-13 16:17:04.052 [ERROR] [alto] Runtime/snapshot_vecchio: Snapshot ha 198.5min (>30min)
2026-06-13 16:17:04.079 [WARN] [medio] Runtime/errore_lettura_snapshot: Errore lettura snapshot: Impossibile convertire la stringa JSON perché un dizionario convertito da tale stringa contiene le chiavi duplicate 'Server' e 'SERVER'.
2026-06-13 16:17:04.083 [DIAG] Diagnostica memoria...
2026-06-13 16:17:04.296 [DIAG] Diagnostica file...
2026-06-13 16:17:04.826 [DIAG] Diagnostica processi...
2026-06-13 16:17:04.937 [DIAG] Generazione raccomandazioni...
2026-06-13 16:17:04.953 [OK] Report diagnostica salvato: C:\cellular_speace\reports\manutenzione\correttiva\diagnosi_20260613_161704.json
2026-06-13 16:17:04.953 [OK] Diagnosi Markdown salvata: C:\cellular_speace\data\diagnosi\diagnosi_20260613_161704.md
2026-06-13 16:17:04.977 [DIAG] Diagnostica runtime...
2026-06-13 16:17:04.977 [ERROR] [alto] Runtime/snapshot_vecchio: Snapshot ha 198.5min (>30min)
2026-06-13 16:17:05.009 [WARN] [medio] Runtime/errore_lettura_snapshot: Errore lettura snapshot: Impossibile convertire la stringa JSON perché un dizionario convertito da tale stringa contiene le chiavi duplicate 'Server' e 'SERVER'.
2026-06-13 16:17:05.017 [DIAG] Diagnostica memoria...
2026-06-13 16:17:05.239 [DIAG] Diagnostica file...
2026-06-13 16:17:07.021 [DIAG] Diagnostica processi...
2026-06-13 16:17:07.141 [DIAG] Diagnostica log errori...
2026-06-13 16:17:07.863 [DIAG] Diagnostica processi...
2026-06-13 16:17:07.962 [DIAG] Diagnostica log errori...
2026-06-13 16:17:11.500 [ERROR] [critico] Log/errori_recenti: 3348 errori nelle ultime 2 ore
2026-06-13 16:17:11.500 [DIAG] Generazione raccomandazioni...
2026-06-13 16:17:11.515 [FIX] Avvio azioni correttive automatiche...
2026-06-13 16:17:11.515 [INFO] Nessuna azione correttiva automatica disponibile
2026-06-13 16:17:11.515 [OK] Report diagnostica salvato: C:\cellular_speace\reports\manutenzione\correttiva\diagnosi_20260613_161704.json
2026-06-13 16:17:11.515 [OK] Diagnosi Markdown salvata: C:\cellular_speace\data\diagnosi\diagnosi_20260613_161704.md
2026-06-13 16:17:12.292 [ERROR] [critico] Log/errori_recenti: 3347 errori nelle ultime 2 ore
2026-06-13 16:17:12.308 [DIAG] Generazione raccomandazioni...
2026-06-13 16:17:12.318 [FIX] Avvio azioni correttive automatiche...
2026-06-13 16:17:12.321 [INFO] Nessuna azione correttiva automatica disponibile
2026-06-13 16:17:12.323 [OK] Report diagnostica salvato: C:\cellular_speace\reports\manutenzione\correttiva\diagnosi_20260613_161704.json
2026-06-13 16:17:12.323 [OK] Diagnosi Markdown salvata: C:\cellular_speace\data\diagnosi\diagnosi_20260613_161704.md
