2026-06-13 19:24:55.317 [DIAG] Diagnostica processi...
2026-06-13 19:24:55.367 [DIAG] Diagnostica processi...
2026-06-13 19:24:55.481 [DIAG] Generazione raccomandazioni...
2026-06-13 19:24:55.512 [OK] Report diagnostica salvato: C:\cellular_speace\reports\manutenzione\correttiva\diagnosi_20260613_192455.json
2026-06-13 19:24:55.518 [OK] Diagnosi Markdown salvata: C:\cellular_speace\data\diagnosi\diagnosi_20260613_192455.md
2026-06-13 19:24:55.532 [DIAG] Generazione raccomandazioni...
2026-06-13 19:24:55.556 [DIAG] Diagnostica runtime...
2026-06-13 19:24:55.558 [OK] Report diagnostica salvato: C:\cellular_speace\reports\manutenzione\correttiva\diagnosi_20260613_192455.json
2026-06-13 19:24:55.564 [ERROR] [alto] Runtime/snapshot_vecchio: Snapshot ha 386.4min (>30min)
2026-06-13 19:24:55.566 [OK] Diagnosi Markdown salvata: C:\cellular_speace\data\diagnosi\diagnosi_20260613_192455.md
2026-06-13 19:24:55.583 [WARN] [medio] Runtime/errore_lettura_snapshot: Errore lettura snapshot: Impossibile convertire la stringa JSON perché un dizionario convertito da tale stringa contiene le chiavi duplicate 'Server' e 'SERVER'.
2026-06-13 19:24:55.599 [DIAG] Diagnostica memoria...
2026-06-13 19:24:55.898 [DIAG] Diagnostica file...
2026-06-13 19:25:00.776 [DIAG] Diagnostica processi...
2026-06-13 19:25:00.932 [DIAG] Diagnostica log errori...
2026-06-13 19:25:08.149 [ERROR] [critico] Log/errori_recenti: 2893 errori nelle ultime 2 ore
2026-06-13 19:25:08.183 [DIAG] Generazione raccomandazioni...
2026-06-13 19:25:08.213 [FIX] Avvio azioni correttive automatiche...
2026-06-13 19:25:08.217 [INFO] Nessuna azione correttiva automatica disponibile
2026-06-13 19:25:08.223 [OK] Report diagnostica salvato: C:\cellular_speace\reports\manutenzione\correttiva\diagnosi_20260613_192455.json
2026-06-13 19:25:08.229 [OK] Diagnosi Markdown salvata: C:\cellular_speace\data\diagnosi\diagnosi_20260613_192455.md
