2026-06-13 16:53:16.019 [DIAG] Diagnostica processi...
2026-06-13 16:53:16.196 [DIAG] Diagnostica processi...
2026-06-13 16:53:16.222 [DIAG] Generazione raccomandazioni...
2026-06-13 16:53:16.236 [OK] Report diagnostica salvato: C:\cellular_speace\reports\manutenzione\correttiva\diagnosi_20260613_165316.json
2026-06-13 16:53:16.236 [OK] Diagnosi Markdown salvata: C:\cellular_speace\data\diagnosi\diagnosi_20260613_165316.md
2026-06-13 16:53:16.331 [DIAG] Generazione raccomandazioni...
2026-06-13 16:53:16.360 [OK] Report diagnostica salvato: C:\cellular_speace\reports\manutenzione\correttiva\diagnosi_20260613_165316.json
2026-06-13 16:53:16.364 [OK] Diagnosi Markdown salvata: C:\cellular_speace\data\diagnosi\diagnosi_20260613_165316.md
2026-06-13 16:53:16.396 [DIAG] Diagnostica runtime...
2026-06-13 16:53:16.396 [ERROR] [alto] Runtime/snapshot_vecchio: Snapshot ha 234.7min (>30min)
2026-06-13 16:53:16.415 [WARN] [medio] Runtime/errore_lettura_snapshot: Errore lettura snapshot: Impossibile convertire la stringa JSON perché un dizionario convertito da tale stringa contiene le chiavi duplicate 'Server' e 'SERVER'.
2026-06-13 16:53:16.425 [DIAG] Diagnostica memoria...
2026-06-13 16:53:16.693 [DIAG] Diagnostica file...
2026-06-13 16:53:19.875 [DIAG] Diagnostica processi...
2026-06-13 16:53:19.978 [DIAG] Diagnostica log errori...
2026-06-13 16:53:24.431 [ERROR] [critico] Log/errori_recenti: 3347 errori nelle ultime 2 ore
2026-06-13 16:53:24.447 [DIAG] Generazione raccomandazioni...
2026-06-13 16:53:24.463 [FIX] Avvio azioni correttive automatiche...
2026-06-13 16:53:24.477 [INFO] Nessuna azione correttiva automatica disponibile
2026-06-13 16:53:24.479 [OK] Report diagnostica salvato: C:\cellular_speace\reports\manutenzione\correttiva\diagnosi_20260613_165316.json
2026-06-13 16:53:24.479 [OK] Diagnosi Markdown salvata: C:\cellular_speace\data\diagnosi\diagnosi_20260613_165316.md
