2026-06-13 18:50:48.131 [DIAG] Diagnostica processi...
2026-06-13 18:50:48.327 [DIAG] Generazione raccomandazioni...
2026-06-13 18:50:48.368 [OK] Report diagnostica salvato: C:\cellular_speace\reports\manutenzione\correttiva\diagnosi_20260613_185048.json
2026-06-13 18:50:48.376 [OK] Diagnosi Markdown salvata: C:\cellular_speace\data\diagnosi\diagnosi_20260613_185048.md
2026-06-13 18:50:48.383 [DIAG] Diagnostica runtime...
2026-06-13 18:50:48.421 [ERROR] [alto] Runtime/snapshot_vecchio: Snapshot ha 352.3min (>30min)
2026-06-13 18:50:48.433 [ERROR] ERRORE FATALE: Il processo non può accedere al file 'C:\cellular_speace\data\logs\manutenzione\correttiva\diagnostica_20260613_185048.log' perché è in uso da un altro processo.
2026-06-13 18:50:48.484 [WARN] [medio] Runtime/errore_lettura_snapshot: Errore lettura snapshot: Impossibile convertire la stringa JSON perché un dizionario convertito da tale stringa contiene le chiavi duplicate 'Server' e 'SERVER'.
2026-06-13 18:50:48.494 [DIAG] Diagnostica memoria...
2026-06-13 18:50:48.778 [DIAG] Diagnostica processi...
2026-06-13 18:50:48.903 [DIAG] Diagnostica file...
2026-06-13 18:50:48.977 [DIAG] Generazione raccomandazioni...
2026-06-13 18:50:49.041 [OK] Report diagnostica salvato: C:\cellular_speace\reports\manutenzione\correttiva\diagnosi_20260613_185048.json
2026-06-13 18:50:49.047 [OK] Diagnosi Markdown salvata: C:\cellular_speace\data\diagnosi\diagnosi_20260613_185048.md
2026-06-13 18:50:53.985 [DIAG] Diagnostica processi...
2026-06-13 18:50:54.304 [DIAG] Diagnostica log errori...
2026-06-13 18:51:03.360 [ERROR] [critico] Log/errori_recenti: 3324 errori nelle ultime 2 ore
2026-06-13 18:51:03.368 [DIAG] Generazione raccomandazioni...
2026-06-13 18:51:03.385 [FIX] Avvio azioni correttive automatiche...
2026-06-13 18:51:03.385 [INFO] Nessuna azione correttiva automatica disponibile
2026-06-13 18:51:03.385 [OK] Report diagnostica salvato: C:\cellular_speace\reports\manutenzione\correttiva\diagnosi_20260613_185048.json
2026-06-13 18:51:03.385 [OK] Diagnosi Markdown salvata: C:\cellular_speace\data\diagnosi\diagnosi_20260613_185048.md
