2026-06-13 13:26:59.107 [DIAG] Diagnostica processi...
2026-06-13 13:26:59.287 [DIAG] Generazione raccomandazioni...
2026-06-13 13:26:59.308 [OK] Report diagnostica salvato: C:\cellular_speace\reports\manutenzione\correttiva\diagnosi_20260613_132659.json
2026-06-13 13:26:59.318 [OK] Diagnosi Markdown salvata: C:\cellular_speace\data\diagnosi\diagnosi_20260613_132659.md
2026-06-13 13:26:59.352 [DIAG] Diagnostica runtime...
2026-06-13 13:26:59.366 [WARN] [medio] Runtime/errore_lettura_snapshot: Errore lettura snapshot: Impossibile convertire la stringa JSON perché un dizionario convertito da tale stringa contiene le chiavi duplicate 'Server' e 'SERVER'.
2026-06-13 13:26:59.393 [DIAG] Diagnostica memoria...
2026-06-13 13:26:59.443 [DIAG] Diagnostica processi...
2026-06-13 13:26:59.606 [DIAG] Generazione raccomandazioni...
2026-06-13 13:26:59.629 [OK] Report diagnostica salvato: C:\cellular_speace\reports\manutenzione\correttiva\diagnosi_20260613_132659.json
2026-06-13 13:26:59.633 [OK] Diagnosi Markdown salvata: C:\cellular_speace\data\diagnosi\diagnosi_20260613_132659.md
2026-06-13 13:26:59.670 [DIAG] Diagnostica runtime...
2026-06-13 13:26:59.690 [WARN] [medio] Runtime/errore_lettura_snapshot: Errore lettura snapshot: Impossibile convertire la stringa JSON perché un dizionario convertito da tale stringa contiene le chiavi duplicate 'Server' e 'SERVER'.
2026-06-13 13:26:59.706 [DIAG] Diagnostica memoria...
2026-06-13 13:26:59.727 [DIAG] Diagnostica file...
2026-06-13 13:26:59.992 [DIAG] Diagnostica file...
2026-06-13 13:27:02.575 [DIAG] Diagnostica processi...
2026-06-13 13:27:02.752 [DIAG] Diagnostica log errori...
2026-06-13 13:27:02.771 [DIAG] Diagnostica processi...
2026-06-13 13:27:02.937 [DIAG] Diagnostica log errori...
2026-06-13 13:27:04.083 [ERROR] [critico] Log/errori_recenti: 1247 errori nelle ultime 2 ore
2026-06-13 13:27:04.099 [DIAG] Generazione raccomandazioni...
2026-06-13 13:27:04.119 [FIX] Avvio azioni correttive automatiche...
2026-06-13 13:27:04.122 [INFO] Nessuna azione correttiva automatica disponibile
2026-06-13 13:27:04.126 [OK] Report diagnostica salvato: C:\cellular_speace\reports\manutenzione\correttiva\diagnosi_20260613_132659.json
2026-06-13 13:27:04.130 [OK] Diagnosi Markdown salvata: C:\cellular_speace\data\diagnosi\diagnosi_20260613_132659.md
2026-06-13 13:27:04.245 [ERROR] [critico] Log/errori_recenti: 1248 errori nelle ultime 2 ore
2026-06-13 13:27:04.255 [DIAG] Generazione raccomandazioni...
2026-06-13 13:27:04.268 [FIX] Avvio azioni correttive automatiche...
2026-06-13 13:27:04.268 [INFO] Nessuna azione correttiva automatica disponibile
2026-06-13 13:27:04.276 [OK] Report diagnostica salvato: C:\cellular_speace\reports\manutenzione\correttiva\diagnosi_20260613_132659.json
2026-06-13 13:27:04.276 [OK] Diagnosi Markdown salvata: C:\cellular_speace\data\diagnosi\diagnosi_20260613_132659.md
