2026-06-13 15:34:31.386 [DIAG] Diagnostica runtime...
2026-06-13 15:34:31.412 [ERROR] [alto] Runtime/snapshot_vecchio: Snapshot ha 156min (>30min)
2026-06-13 15:34:31.489 [DIAG] Diagnostica runtime...
2026-06-13 15:34:31.501 [ERROR] [alto] Runtime/snapshot_vecchio: Snapshot ha 156min (>30min)
2026-06-13 15:34:31.730 [WARN] [medio] Runtime/errore_lettura_snapshot: Errore lettura snapshot: Impossibile convertire la stringa JSON perché un dizionario convertito da tale stringa contiene le chiavi duplicate 'Server' e 'SERVER'.
2026-06-13 15:34:31.887 [WARN] [medio] Runtime/errore_lettura_snapshot: Errore lettura snapshot: Impossibile convertire la stringa JSON perché un dizionario convertito da tale stringa contiene le chiavi duplicate 'Server' e 'SERVER'.
2026-06-13 15:34:32.342 [DIAG] Diagnostica memoria...
2026-06-13 15:34:32.400 [DIAG] Diagnostica memoria...
2026-06-13 15:34:32.931 [DIAG] Diagnostica file...
2026-06-13 15:34:32.954 [DIAG] Diagnostica file...
2026-06-13 15:34:38.037 [DIAG] Diagnostica processi...
2026-06-13 15:34:38.278 [DIAG] Diagnostica log errori...
2026-06-13 15:34:38.497 [DIAG] Diagnostica processi...
2026-06-13 15:34:38.798 [DIAG] Diagnostica log errori...
2026-06-13 15:34:48.073 [ERROR] [critico] Log/errori_recenti: 3455 errori nelle ultime 2 ore
2026-06-13 15:34:48.272 [DIAG] Generazione raccomandazioni...
2026-06-13 15:34:48.396 [FIX] Avvio azioni correttive automatiche...
2026-06-13 15:34:48.402 [INFO] Nessuna azione correttiva automatica disponibile
2026-06-13 15:34:48.434 [OK] Report diagnostica salvato: C:\cellular_speace\reports\manutenzione\correttiva\diagnosi_20260613_153431.json
2026-06-13 15:34:48.456 [OK] Diagnosi Markdown salvata: C:\cellular_speace\data\diagnosi\diagnosi_20260613_153431.md
2026-06-13 15:34:49.118 [ERROR] [critico] Log/errori_recenti: 3456 errori nelle ultime 2 ore
2026-06-13 15:34:49.219 [DIAG] Generazione raccomandazioni...
2026-06-13 15:34:49.332 [FIX] Avvio azioni correttive automatiche...
2026-06-13 15:34:49.338 [INFO] Nessuna azione correttiva automatica disponibile
2026-06-13 15:34:49.344 [OK] Report diagnostica salvato: C:\cellular_speace\reports\manutenzione\correttiva\diagnosi_20260613_153431.json
2026-06-13 15:34:49.356 [OK] Diagnosi Markdown salvata: C:\cellular_speace\data\diagnosi\diagnosi_20260613_153431.md
