2026-06-13 13:30:07.026 [DIAG] Diagnostica processi...
2026-06-13 13:30:07.247 [DIAG] Generazione raccomandazioni...
2026-06-13 13:30:07.285 [OK] Report diagnostica salvato: C:\cellular_speace\reports\manutenzione\correttiva\diagnosi_20260613_133007.json
2026-06-13 13:30:07.328 [OK] Diagnosi Markdown salvata: C:\cellular_speace\data\diagnosi\diagnosi_20260613_133007.md
2026-06-13 13:30:07.419 [DIAG] Diagnostica runtime...
2026-06-13 13:30:07.425 [ERROR] [alto] Runtime/snapshot_vecchio: Snapshot ha 31.6min (>30min)
2026-06-13 13:30:07.518 [WARN] [medio] Runtime/errore_lettura_snapshot: Errore lettura snapshot: Impossibile convertire la stringa JSON perché un dizionario convertito da tale stringa contiene le chiavi duplicate 'Server' e 'SERVER'.
2026-06-13 13:30:07.665 [DIAG] Diagnostica memoria...
2026-06-13 13:30:07.972 [DIAG] Diagnostica processi...
2026-06-13 13:30:08.124 [DIAG] Diagnostica file...
2026-06-13 13:30:08.185 [DIAG] Generazione raccomandazioni...
2026-06-13 13:30:08.251 [OK] Report diagnostica salvato: C:\cellular_speace\reports\manutenzione\correttiva\diagnosi_20260613_133007.json
2026-06-13 13:30:08.255 [OK] Diagnosi Markdown salvata: C:\cellular_speace\data\diagnosi\diagnosi_20260613_133007.md
2026-06-13 13:30:12.768 [DIAG] Diagnostica processi...
2026-06-13 13:30:13.023 [DIAG] Diagnostica log errori...
2026-06-13 13:30:15.218 [ERROR] [critico] Log/errori_recenti: 1334 errori nelle ultime 2 ore
2026-06-13 13:30:15.265 [DIAG] Generazione raccomandazioni...
2026-06-13 13:30:15.325 [FIX] Avvio azioni correttive automatiche...
2026-06-13 13:30:15.331 [INFO] Nessuna azione correttiva automatica disponibile
2026-06-13 13:30:15.337 [OK] Report diagnostica salvato: C:\cellular_speace\reports\manutenzione\correttiva\diagnosi_20260613_133007.json
2026-06-13 13:30:15.343 [OK] Diagnosi Markdown salvata: C:\cellular_speace\data\diagnosi\diagnosi_20260613_133007.md
