2026-06-13 18:31:37.474 [DIAG] Diagnostica processi...
2026-06-13 18:31:37.687 [DIAG] Diagnostica processi...
2026-06-13 18:31:37.878 [DIAG] Generazione raccomandazioni...
2026-06-13 18:31:38.053 [DIAG] Generazione raccomandazioni...
2026-06-13 18:31:38.270 [DIAG] Diagnostica runtime...
2026-06-13 18:31:38.378 [ERROR] [alto] Runtime/snapshot_vecchio: Snapshot ha 333.1min (>30min)
2026-06-13 18:31:38.471 [OK] Report diagnostica salvato: C:\cellular_speace\reports\manutenzione\correttiva\diagnosi_20260613_183137.json
2026-06-13 18:31:38.528 [OK] Diagnosi Markdown salvata: C:\cellular_speace\data\diagnosi\diagnosi_20260613_183137.md
2026-06-13 18:31:38.737 [OK] Report diagnostica salvato: C:\cellular_speace\reports\manutenzione\correttiva\diagnosi_20260613_183137.json
2026-06-13 18:31:38.804 [OK] Diagnosi Markdown salvata: C:\cellular_speace\data\diagnosi\diagnosi_20260613_183137.md
2026-06-13 18:31:39.448 [WARN] [medio] Runtime/errore_lettura_snapshot: Errore lettura snapshot: Impossibile convertire la stringa JSON perché un dizionario convertito da tale stringa contiene le chiavi duplicate 'Server' e 'SERVER'.
2026-06-13 18:31:41.095 [DIAG] Diagnostica memoria...
2026-06-13 18:31:41.593 [DIAG] Diagnostica file...
2026-06-13 18:31:48.960 [DIAG] Diagnostica processi...
2026-06-13 18:31:49.450 [DIAG] Diagnostica log errori...
2026-06-13 18:32:12.755 [ERROR] [critico] Log/errori_recenti: 3373 errori nelle ultime 2 ore
2026-06-13 18:32:13.591 [DIAG] Generazione raccomandazioni...
2026-06-13 18:32:14.124 [FIX] Avvio azioni correttive automatiche...
2026-06-13 18:32:14.184 [INFO] Nessuna azione correttiva automatica disponibile
2026-06-13 18:32:14.251 [OK] Report diagnostica salvato: C:\cellular_speace\reports\manutenzione\correttiva\diagnosi_20260613_183137.json
2026-06-13 18:32:14.312 [OK] Diagnosi Markdown salvata: C:\cellular_speace\data\diagnosi\diagnosi_20260613_183137.md
