2026-06-13 15:46:18.308 [DIAG] Diagnostica processi...
2026-06-13 15:46:18.527 [DIAG] Generazione raccomandazioni...
2026-06-13 15:46:18.546 [OK] Report diagnostica salvato: C:\cellular_speace\reports\manutenzione\correttiva\diagnosi_20260613_154618.json
2026-06-13 15:46:18.552 [OK] Diagnosi Markdown salvata: C:\cellular_speace\data\diagnosi\diagnosi_20260613_154618.md
2026-06-13 15:46:18.661 [DIAG] Diagnostica runtime...
2026-06-13 15:46:18.727 [ERROR] [alto] Runtime/snapshot_vecchio: Snapshot ha 167.8min (>30min)
2026-06-13 15:46:18.981 [DIAG] Diagnostica processi...
2026-06-13 15:46:19.033 [WARN] [medio] Runtime/errore_lettura_snapshot: Errore lettura snapshot: Impossibile convertire la stringa JSON perché un dizionario convertito da tale stringa contiene le chiavi duplicate 'Server' e 'SERVER'.
2026-06-13 15:46:19.227 [DIAG] Generazione raccomandazioni...
2026-06-13 15:46:19.358 [OK] Report diagnostica salvato: C:\cellular_speace\reports\manutenzione\correttiva\diagnosi_20260613_154618.json
2026-06-13 15:46:19.372 [OK] Diagnosi Markdown salvata: C:\cellular_speace\data\diagnosi\diagnosi_20260613_154618.md
2026-06-13 15:46:19.394 [DIAG] Diagnostica memoria...
2026-06-13 15:46:19.906 [DIAG] Diagnostica file...
2026-06-13 15:46:25.321 [DIAG] Diagnostica processi...
2026-06-13 15:46:25.592 [DIAG] Diagnostica log errori...
2026-06-13 15:46:35.302 [ERROR] [critico] Log/errori_recenti: 3393 errori nelle ultime 2 ore
2026-06-13 15:46:35.575 [DIAG] Generazione raccomandazioni...
2026-06-13 15:46:35.706 [FIX] Avvio azioni correttive automatiche...
2026-06-13 15:46:35.714 [INFO] Nessuna azione correttiva automatica disponibile
2026-06-13 15:46:35.727 [OK] Report diagnostica salvato: C:\cellular_speace\reports\manutenzione\correttiva\diagnosi_20260613_154618.json
2026-06-13 15:46:35.747 [OK] Diagnosi Markdown salvata: C:\cellular_speace\data\diagnosi\diagnosi_20260613_154618.md
