2026-06-13 13:34:43.716 [DIAG] Diagnostica processi...
2026-06-13 13:34:43.917 [DIAG] Diagnostica processi...
2026-06-13 13:34:43.933 [DIAG] Generazione raccomandazioni...
2026-06-13 13:34:43.956 [OK] Report diagnostica salvato: C:\cellular_speace\reports\manutenzione\correttiva\diagnosi_20260613_133443.json
2026-06-13 13:34:43.958 [OK] Diagnosi Markdown salvata: C:\cellular_speace\data\diagnosi\diagnosi_20260613_133443.md
2026-06-13 13:34:43.983 [DIAG] Diagnostica runtime...
2026-06-13 13:34:43.997 [ERROR] [alto] Runtime/snapshot_vecchio: Snapshot ha 36.2min (>30min)
2026-06-13 13:34:44.026 [WARN] [medio] Runtime/errore_lettura_snapshot: Errore lettura snapshot: Impossibile convertire la stringa JSON perché un dizionario convertito da tale stringa contiene le chiavi duplicate 'Server' e 'SERVER'.
2026-06-13 13:34:44.042 [DIAG] Diagnostica memoria...
2026-06-13 13:34:44.112 [DIAG] Generazione raccomandazioni...
2026-06-13 13:34:44.136 [OK] Report diagnostica salvato: C:\cellular_speace\reports\manutenzione\correttiva\diagnosi_20260613_133443.json
2026-06-13 13:34:44.136 [OK] Diagnosi Markdown salvata: C:\cellular_speace\data\diagnosi\diagnosi_20260613_133443.md
2026-06-13 13:34:44.427 [DIAG] Diagnostica file...
2026-06-13 13:34:47.827 [DIAG] Diagnostica processi...
2026-06-13 13:34:48.020 [DIAG] Diagnostica log errori...
2026-06-13 13:34:50.733 [ERROR] [critico] Log/errori_recenti: 1477 errori nelle ultime 2 ore
2026-06-13 13:34:50.745 [DIAG] Generazione raccomandazioni...
2026-06-13 13:34:50.782 [FIX] Avvio azioni correttive automatiche...
2026-06-13 13:34:50.792 [INFO] Nessuna azione correttiva automatica disponibile
2026-06-13 13:34:50.796 [OK] Report diagnostica salvato: C:\cellular_speace\reports\manutenzione\correttiva\diagnosi_20260613_133443.json
2026-06-13 13:34:50.814 [OK] Diagnosi Markdown salvata: C:\cellular_speace\data\diagnosi\diagnosi_20260613_133443.md
