2026-06-13 15:20:47.498 [DIAG] Diagnostica runtime...
2026-06-13 15:20:47.579 [ERROR] [alto] Runtime/snapshot_vecchio: Snapshot ha 142.2min (>30min)
2026-06-13 15:20:47.608 [DIAG] Diagnostica runtime...
2026-06-13 15:20:47.671 [ERROR] [alto] Runtime/snapshot_vecchio: Snapshot ha 142.2min (>30min)
2026-06-13 15:20:48.278 [WARN] [medio] Runtime/errore_lettura_snapshot: Errore lettura snapshot: Impossibile convertire la stringa JSON perché un dizionario convertito da tale stringa contiene le chiavi duplicate 'Server' e 'SERVER'.
2026-06-13 15:20:48.294 [WARN] [medio] Runtime/errore_lettura_snapshot: Errore lettura snapshot: Il processo non può accedere al file 'C:\cellular_speace\data\logs\manutenzione\correttiva\diagnostica_20260613_152047.log' perché è in uso da un altro processo.
2026-06-13 15:20:48.981 [DIAG] Diagnostica memoria...
2026-06-13 15:20:49.014 [DIAG] Diagnostica memoria...
2026-06-13 15:20:49.702 [DIAG] Diagnostica file...
2026-06-13 15:20:49.722 [DIAG] Diagnostica file...
2026-06-13 15:20:55.067 [DIAG] Diagnostica processi...
2026-06-13 15:20:55.599 [DIAG] Diagnostica log errori...
2026-06-13 15:20:55.934 [DIAG] Diagnostica processi...
2026-06-13 15:20:56.370 [DIAG] Diagnostica log errori...
2026-06-13 15:21:08.251 [ERROR] [critico] Log/errori_recenti: 3480 errori nelle ultime 2 ore
2026-06-13 15:21:08.810 [DIAG] Generazione raccomandazioni...
2026-06-13 15:21:08.878 [ERROR] [critico] Log/errori_recenti: 3481 errori nelle ultime 2 ore
2026-06-13 15:21:09.012 [FIX] Avvio azioni correttive automatiche...
2026-06-13 15:21:09.075 [INFO] Nessuna azione correttiva automatica disponibile
2026-06-13 15:21:09.104 [OK] Report diagnostica salvato: C:\cellular_speace\reports\manutenzione\correttiva\diagnosi_20260613_152047.json
2026-06-13 15:21:09.167 [OK] Diagnosi Markdown salvata: C:\cellular_speace\data\diagnosi\diagnosi_20260613_152047.md
2026-06-13 15:21:09.454 [DIAG] Generazione raccomandazioni...
2026-06-13 15:21:09.655 [FIX] Avvio azioni correttive automatiche...
2026-06-13 15:21:09.687 [INFO] Nessuna azione correttiva automatica disponibile
2026-06-13 15:21:09.722 [OK] Report diagnostica salvato: C:\cellular_speace\reports\manutenzione\correttiva\diagnosi_20260613_152047.json
2026-06-13 15:21:09.849 [OK] Diagnosi Markdown salvata: C:\cellular_speace\data\diagnosi\diagnosi_20260613_152047.md
