2026-06-13 13:42:14.049 [DIAG] Diagnostica processi...
2026-06-13 13:42:14.223 [DIAG] Diagnostica runtime...
2026-06-13 13:42:14.223 [DIAG] Diagnostica processi...
2026-06-13 13:42:14.227 [ERROR] [alto] Runtime/snapshot_vecchio: Snapshot ha 43.7min (>30min)
2026-06-13 13:42:14.261 [WARN] [medio] Runtime/errore_lettura_snapshot: Errore lettura snapshot: Impossibile convertire la stringa JSON perché un dizionario convertito da tale stringa contiene le chiavi duplicate 'Server' e 'SERVER'.
2026-06-13 13:42:14.282 [DIAG] Generazione raccomandazioni...
2026-06-13 13:42:14.292 [DIAG] Diagnostica memoria...
2026-06-13 13:42:14.306 [OK] Report diagnostica salvato: C:\cellular_speace\reports\manutenzione\correttiva\diagnosi_20260613_134214.json
2026-06-13 13:42:14.310 [OK] Diagnosi Markdown salvata: C:\cellular_speace\data\diagnosi\diagnosi_20260613_134214.md
2026-06-13 13:42:14.421 [DIAG] Generazione raccomandazioni...
2026-06-13 13:42:14.438 [OK] Report diagnostica salvato: C:\cellular_speace\reports\manutenzione\correttiva\diagnosi_20260613_134214.json
2026-06-13 13:42:14.442 [OK] Diagnosi Markdown salvata: C:\cellular_speace\data\diagnosi\diagnosi_20260613_134214.md
2026-06-13 13:42:14.669 [DIAG] Diagnostica file...
2026-06-13 13:42:17.393 [DIAG] Diagnostica processi...
2026-06-13 13:42:17.526 [DIAG] Diagnostica log errori...
2026-06-13 13:42:19.798 [ERROR] [critico] Log/errori_recenti: 1683 errori nelle ultime 2 ore
2026-06-13 13:42:19.817 [DIAG] Generazione raccomandazioni...
2026-06-13 13:42:19.839 [FIX] Avvio azioni correttive automatiche...
2026-06-13 13:42:19.844 [INFO] Nessuna azione correttiva automatica disponibile
2026-06-13 13:42:19.849 [OK] Report diagnostica salvato: C:\cellular_speace\reports\manutenzione\correttiva\diagnosi_20260613_134214.json
2026-06-13 13:42:19.852 [OK] Diagnosi Markdown salvata: C:\cellular_speace\data\diagnosi\diagnosi_20260613_134214.md
