2026-06-13 17:42:34.163 [DIAG] Diagnostica processi...
2026-06-13 17:42:34.268 [DIAG] Diagnostica processi...
2026-06-13 17:42:34.546 [DIAG] Generazione raccomandazioni...
2026-06-13 17:42:34.568 [DIAG] Generazione raccomandazioni...
2026-06-13 17:42:34.708 [OK] Report diagnostica salvato: C:\cellular_speace\reports\manutenzione\correttiva\diagnosi_20260613_174234.json
2026-06-13 17:42:34.779 [OK] Diagnosi Markdown salvata: C:\cellular_speace\data\diagnosi\diagnosi_20260613_174234.md
2026-06-13 17:42:34.796 [ERROR] Impossibile salvare report JSON: Il processo non può accedere al file 'C:\cellular_speace\data\logs\manutenzione\correttiva\diagnostica_20260613_174234.log' perché è in uso da un altro processo.
2026-06-13 17:42:34.958 [DIAG] Diagnostica runtime...
2026-06-13 17:42:34.999 [OK] Diagnosi Markdown salvata: C:\cellular_speace\data\diagnosi\diagnosi_20260613_174234.md
2026-06-13 17:42:35.013 [WARN] [medio] Runtime/errore_lettura_snapshot: Errore lettura snapshot: Il processo non può accedere al file 'C:\cellular_speace\data\logs\manutenzione\correttiva\diagnostica_20260613_174234.log' perché è in uso da un altro processo.
2026-06-13 17:42:35.587 [DIAG] Diagnostica memoria...
2026-06-13 17:42:36.118 [DIAG] Diagnostica file...
2026-06-13 17:42:42.862 [DIAG] Diagnostica processi...
2026-06-13 17:42:43.110 [DIAG] Diagnostica log errori...
2026-06-13 17:42:52.818 [ERROR] [critico] Log/errori_recenti: 3392 errori nelle ultime 2 ore
2026-06-13 17:42:53.140 [DIAG] Generazione raccomandazioni...
2026-06-13 17:42:53.292 [FIX] Avvio azioni correttive automatiche...
2026-06-13 17:42:53.310 [INFO] Nessuna azione correttiva automatica disponibile
2026-06-13 17:42:53.360 [OK] Report diagnostica salvato: C:\cellular_speace\reports\manutenzione\correttiva\diagnosi_20260613_174234.json
2026-06-13 17:42:53.393 [OK] Diagnosi Markdown salvata: C:\cellular_speace\data\diagnosi\diagnosi_20260613_174234.md
