2026-06-13 15:50:46.273 [DIAG] Diagnostica processi...
2026-06-13 15:50:46.435 [DIAG] Diagnostica processi...
2026-06-13 15:50:46.519 [DIAG] Generazione raccomandazioni...
2026-06-13 15:50:46.549 [OK] Report diagnostica salvato: C:\cellular_speace\reports\manutenzione\correttiva\diagnosi_20260613_155046.json
2026-06-13 15:50:46.556 [OK] Diagnosi Markdown salvata: C:\cellular_speace\data\diagnosi\diagnosi_20260613_155046.md
2026-06-13 15:50:46.592 [DIAG] Diagnostica runtime...
2026-06-13 15:50:46.598 [ERROR] [alto] Runtime/snapshot_vecchio: Snapshot ha 172.2min (>30min)
2026-06-13 15:50:46.659 [WARN] [medio] Runtime/errore_lettura_snapshot: Errore lettura snapshot: Impossibile convertire la stringa JSON perché un dizionario convertito da tale stringa contiene le chiavi duplicate 'Server' e 'SERVER'.
2026-06-13 15:50:46.671 [DIAG] Generazione raccomandazioni...
2026-06-13 15:50:46.685 [DIAG] Diagnostica memoria...
2026-06-13 15:50:46.695 [OK] Report diagnostica salvato: C:\cellular_speace\reports\manutenzione\correttiva\diagnosi_20260613_155046.json
2026-06-13 15:50:46.700 [OK] Diagnosi Markdown salvata: C:\cellular_speace\data\diagnosi\diagnosi_20260613_155046.md
2026-06-13 15:50:47.079 [DIAG] Diagnostica file...
2026-06-13 15:50:51.399 [DIAG] Diagnostica processi...
2026-06-13 15:50:51.660 [DIAG] Diagnostica log errori...
2026-06-13 15:51:00.353 [ERROR] [critico] Log/errori_recenti: 3399 errori nelle ultime 2 ore
2026-06-13 15:51:00.433 [DIAG] Generazione raccomandazioni...
2026-06-13 15:51:00.502 [FIX] Avvio azioni correttive automatiche...
2026-06-13 15:51:00.520 [INFO] Nessuna azione correttiva automatica disponibile
2026-06-13 15:51:00.530 [OK] Report diagnostica salvato: C:\cellular_speace\reports\manutenzione\correttiva\diagnosi_20260613_155046.json
2026-06-13 15:51:00.536 [OK] Diagnosi Markdown salvata: C:\cellular_speace\data\diagnosi\diagnosi_20260613_155046.md
