2026-06-13 19:28:31.360 [DIAG] Diagnostica processi...
2026-06-13 19:28:31.546 [DIAG] Generazione raccomandazioni...
2026-06-13 19:28:31.581 [OK] Report diagnostica salvato: C:\cellular_speace\reports\manutenzione\correttiva\diagnosi_20260613_192831.json
2026-06-13 19:28:31.588 [OK] Diagnosi Markdown salvata: C:\cellular_speace\data\diagnosi\diagnosi_20260613_192831.md
2026-06-13 19:28:31.708 [DIAG] Diagnostica runtime...
2026-06-13 19:28:31.724 [ERROR] [alto] Runtime/snapshot_vecchio: Snapshot ha 390min (>30min)
2026-06-13 19:28:31.769 [WARN] [medio] Runtime/errore_lettura_snapshot: Errore lettura snapshot: Impossibile convertire la stringa JSON perché un dizionario convertito da tale stringa contiene le chiavi duplicate 'Server' e 'SERVER'.
2026-06-13 19:28:31.790 [DIAG] Diagnostica processi...
2026-06-13 19:28:31.800 [DIAG] Diagnostica memoria...
2026-06-13 19:28:31.962 [DIAG] Generazione raccomandazioni...
2026-06-13 19:28:31.992 [OK] Report diagnostica salvato: C:\cellular_speace\reports\manutenzione\correttiva\diagnosi_20260613_192831.json
2026-06-13 19:28:31.998 [OK] Diagnosi Markdown salvata: C:\cellular_speace\data\diagnosi\diagnosi_20260613_192831.md
2026-06-13 19:28:32.150 [DIAG] Diagnostica file...
2026-06-13 19:28:37.543 [DIAG] Diagnostica processi...
2026-06-13 19:28:37.721 [DIAG] Diagnostica log errori...
2026-06-13 19:28:45.045 [ERROR] [critico] Log/errori_recenti: 2805 errori nelle ultime 2 ore
2026-06-13 19:28:45.051 [DIAG] Generazione raccomandazioni...
2026-06-13 19:28:45.084 [FIX] Avvio azioni correttive automatiche...
2026-06-13 19:28:45.084 [INFO] Nessuna azione correttiva automatica disponibile
2026-06-13 19:28:45.098 [OK] Report diagnostica salvato: C:\cellular_speace\reports\manutenzione\correttiva\diagnosi_20260613_192831.json
2026-06-13 19:28:45.102 [OK] Diagnosi Markdown salvata: C:\cellular_speace\data\diagnosi\diagnosi_20260613_192831.md
