2026-06-13 13:26:07.613 [DIAG] Diagnostica processi...
2026-06-13 13:26:07.841 [DIAG] Generazione raccomandazioni...
2026-06-13 13:26:07.871 [OK] Report diagnostica salvato: C:\cellular_speace\reports\manutenzione\correttiva\diagnosi_20260613_132607.json
2026-06-13 13:26:07.877 [OK] Diagnosi Markdown salvata: C:\cellular_speace\data\diagnosi\diagnosi_20260613_132607.md
2026-06-13 13:26:07.940 [DIAG] Diagnostica runtime...
2026-06-13 13:26:07.946 [DIAG] Diagnostica processi...
2026-06-13 13:26:07.964 [WARN] [medio] Runtime/errore_lettura_snapshot: Errore lettura snapshot: Impossibile convertire la stringa JSON perché un dizionario convertito da tale stringa contiene le chiavi duplicate 'Server' e 'SERVER'.
2026-06-13 13:26:08.104 [DIAG] Diagnostica memoria...
2026-06-13 13:26:08.247 [DIAG] Generazione raccomandazioni...
2026-06-13 13:26:08.413 [OK] Report diagnostica salvato: C:\cellular_speace\reports\manutenzione\correttiva\diagnosi_20260613_132607.json
2026-06-13 13:26:08.474 [OK] Diagnosi Markdown salvata: C:\cellular_speace\data\diagnosi\diagnosi_20260613_132607.md
2026-06-13 13:26:08.608 [DIAG] Diagnostica file...
2026-06-13 13:26:13.467 [DIAG] Diagnostica processi...
2026-06-13 13:26:13.829 [DIAG] Diagnostica log errori...
2026-06-13 13:26:16.387 [ERROR] [critico] Log/errori_recenti: 1211 errori nelle ultime 2 ore
2026-06-13 13:26:16.690 [DIAG] Generazione raccomandazioni...
2026-06-13 13:26:16.790 [FIX] Avvio azioni correttive automatiche...
2026-06-13 13:26:16.800 [INFO] Nessuna azione correttiva automatica disponibile
2026-06-13 13:26:16.818 [OK] Report diagnostica salvato: C:\cellular_speace\reports\manutenzione\correttiva\diagnosi_20260613_132607.json
2026-06-13 13:26:16.911 [OK] Diagnosi Markdown salvata: C:\cellular_speace\data\diagnosi\diagnosi_20260613_132607.md
