2026-06-13 15:20:31.106 [DIAG] Diagnostica processi...
2026-06-13 15:20:31.458 [DIAG] Generazione raccomandazioni...
2026-06-13 15:20:31.563 [DIAG] Diagnostica processi...
2026-06-13 15:20:31.646 [OK] Report diagnostica salvato: C:\cellular_speace\reports\manutenzione\correttiva\diagnosi_20260613_152031.json
2026-06-13 15:20:31.686 [OK] Diagnosi Markdown salvata: C:\cellular_speace\data\diagnosi\diagnosi_20260613_152031.md
2026-06-13 15:20:31.813 [DIAG] Diagnostica runtime...
2026-06-13 15:20:31.821 [ERROR] [alto] Runtime/snapshot_vecchio: Snapshot ha 142min (>30min)
2026-06-13 15:20:31.837 [DIAG] Generazione raccomandazioni...
2026-06-13 15:20:31.987 [OK] Report diagnostica salvato: C:\cellular_speace\reports\manutenzione\correttiva\diagnosi_20260613_152031.json
2026-06-13 15:20:32.029 [OK] Diagnosi Markdown salvata: C:\cellular_speace\data\diagnosi\diagnosi_20260613_152031.md
2026-06-13 15:20:32.081 [WARN] [medio] Runtime/errore_lettura_snapshot: Errore lettura snapshot: Impossibile convertire la stringa JSON perché un dizionario convertito da tale stringa contiene le chiavi duplicate 'Server' e 'SERVER'.
2026-06-13 15:20:32.312 [DIAG] Diagnostica memoria...
2026-06-13 15:20:32.858 [DIAG] Diagnostica file...
2026-06-13 15:20:37.764 [DIAG] Diagnostica processi...
2026-06-13 15:20:37.964 [DIAG] Diagnostica log errori...
2026-06-13 15:20:48.987 [ERROR] [critico] Log/errori_recenti: 3481 errori nelle ultime 2 ore
2026-06-13 15:20:49.325 [DIAG] Generazione raccomandazioni...
2026-06-13 15:20:49.637 [FIX] Avvio azioni correttive automatiche...
2026-06-13 15:20:49.645 [INFO] Nessuna azione correttiva automatica disponibile
2026-06-13 15:20:49.687 [OK] Report diagnostica salvato: C:\cellular_speace\reports\manutenzione\correttiva\diagnosi_20260613_152031.json
2026-06-13 15:20:49.722 [OK] Diagnosi Markdown salvata: C:\cellular_speace\data\diagnosi\diagnosi_20260613_152031.md
