2026-06-13 17:08:25.154 [DIAG] Diagnostica processi...
2026-06-13 17:08:25.294 [DIAG] Generazione raccomandazioni...
2026-06-13 17:08:25.315 [OK] Report diagnostica salvato: C:\cellular_speace\reports\manutenzione\correttiva\diagnosi_20260613_170825.json
2026-06-13 17:08:25.319 [OK] Diagnosi Markdown salvata: C:\cellular_speace\data\diagnosi\diagnosi_20260613_170825.md
2026-06-13 17:08:25.349 [DIAG] Diagnostica runtime...
2026-06-13 17:08:25.352 [ERROR] [alto] Runtime/snapshot_vecchio: Snapshot ha 249.9min (>30min)
2026-06-13 17:08:25.366 [WARN] [medio] Runtime/errore_lettura_snapshot: Errore lettura snapshot: Impossibile convertire la stringa JSON perché un dizionario convertito da tale stringa contiene le chiavi duplicate 'Server' e 'SERVER'.
2026-06-13 17:08:25.374 [DIAG] Diagnostica memoria...
2026-06-13 17:08:25.613 [DIAG] Diagnostica file...
2026-06-13 17:08:25.682 [DIAG] Diagnostica processi...
2026-06-13 17:08:25.816 [DIAG] Generazione raccomandazioni...
2026-06-13 17:08:25.827 [OK] Report diagnostica salvato: C:\cellular_speace\reports\manutenzione\correttiva\diagnosi_20260613_170825.json
2026-06-13 17:08:25.837 [OK] Diagnosi Markdown salvata: C:\cellular_speace\data\diagnosi\diagnosi_20260613_170825.md
2026-06-13 17:08:28.575 [DIAG] Diagnostica processi...
2026-06-13 17:08:28.737 [DIAG] Diagnostica log errori...
2026-06-13 17:08:36.296 [ERROR] [critico] Log/errori_recenti: 3381 errori nelle ultime 2 ore
2026-06-13 17:08:36.303 [DIAG] Generazione raccomandazioni...
2026-06-13 17:08:36.321 [FIX] Avvio azioni correttive automatiche...
2026-06-13 17:08:36.327 [INFO] Nessuna azione correttiva automatica disponibile
2026-06-13 17:08:36.331 [OK] Report diagnostica salvato: C:\cellular_speace\reports\manutenzione\correttiva\diagnosi_20260613_170825.json
2026-06-13 17:08:36.336 [OK] Diagnosi Markdown salvata: C:\cellular_speace\data\diagnosi\diagnosi_20260613_170825.md
