2026-06-13 18:14:53.152 [DIAG] Diagnostica processi...
2026-06-13 18:14:53.279 [DIAG] Generazione raccomandazioni...
2026-06-13 18:14:53.295 [OK] Report diagnostica salvato: C:\cellular_speace\reports\manutenzione\correttiva\diagnosi_20260613_181453.json
2026-06-13 18:14:53.295 [OK] Diagnosi Markdown salvata: C:\cellular_speace\data\diagnosi\diagnosi_20260613_181453.md
2026-06-13 18:14:53.360 [DIAG] Diagnostica processi...
2026-06-13 18:14:53.485 [DIAG] Generazione raccomandazioni...
2026-06-13 18:14:53.501 [OK] Report diagnostica salvato: C:\cellular_speace\reports\manutenzione\correttiva\diagnosi_20260613_181453.json
2026-06-13 18:14:53.509 [OK] Diagnosi Markdown salvata: C:\cellular_speace\data\diagnosi\diagnosi_20260613_181453.md
2026-06-13 18:14:53.516 [DIAG] Diagnostica runtime...
2026-06-13 18:14:53.532 [ERROR] [alto] Runtime/snapshot_vecchio: Snapshot ha 316.3min (>30min)
2026-06-13 18:14:53.552 [WARN] [medio] Runtime/errore_lettura_snapshot: Errore lettura snapshot: Impossibile convertire la stringa JSON perché un dizionario convertito da tale stringa contiene le chiavi duplicate 'Server' e 'SERVER'.
2026-06-13 18:14:53.552 [DIAG] Diagnostica memoria...
2026-06-13 18:14:53.801 [DIAG] Diagnostica file...
2026-06-13 18:14:56.800 [DIAG] Diagnostica processi...
2026-06-13 18:14:56.937 [DIAG] Diagnostica log errori...
2026-06-13 18:15:01.189 [ERROR] [critico] Log/errori_recenti: 3405 errori nelle ultime 2 ore
2026-06-13 18:15:01.196 [DIAG] Generazione raccomandazioni...
2026-06-13 18:15:01.205 [FIX] Avvio azioni correttive automatiche...
2026-06-13 18:15:01.205 [INFO] Nessuna azione correttiva automatica disponibile
2026-06-13 18:15:01.205 [OK] Report diagnostica salvato: C:\cellular_speace\reports\manutenzione\correttiva\diagnosi_20260613_181453.json
2026-06-13 18:15:01.205 [OK] Diagnosi Markdown salvata: C:\cellular_speace\data\diagnosi\diagnosi_20260613_181453.md
