2026-06-13 18:03:12.116 [DIAG] Diagnostica processi...
2026-06-13 18:03:12.193 [DIAG] Diagnostica runtime...
2026-06-13 18:03:12.211 [ERROR] [alto] Runtime/snapshot_vecchio: Snapshot ha 304.7min (>30min)
2026-06-13 18:03:12.356 [DIAG] Generazione raccomandazioni...
2026-06-13 18:03:12.402 [WARN] [medio] Runtime/errore_lettura_snapshot: Errore lettura snapshot: Impossibile convertire la stringa JSON perché un dizionario convertito da tale stringa contiene le chiavi duplicate 'Server' e 'SERVER'.
2026-06-13 18:03:12.465 [OK] Report diagnostica salvato: C:\cellular_speace\reports\manutenzione\correttiva\diagnosi_20260613_180312.json
2026-06-13 18:03:12.487 [OK] Diagnosi Markdown salvata: C:\cellular_speace\data\diagnosi\diagnosi_20260613_180312.md
2026-06-13 18:03:12.621 [DIAG] Diagnostica runtime...
2026-06-13 18:03:12.645 [ERROR] [alto] Runtime/snapshot_vecchio: Snapshot ha 304.7min (>30min)
2026-06-13 18:03:12.714 [DIAG] Diagnostica memoria...
2026-06-13 18:03:12.857 [WARN] [medio] Runtime/errore_lettura_snapshot: Errore lettura snapshot: Impossibile convertire la stringa JSON perché un dizionario convertito da tale stringa contiene le chiavi duplicate 'Server' e 'SERVER'.
2026-06-13 18:03:13.139 [DIAG] Diagnostica file...
2026-06-13 18:03:13.313 [DIAG] Diagnostica memoria...
2026-06-13 18:03:13.780 [DIAG] Diagnostica file...
2026-06-13 18:03:18.870 [DIAG] Diagnostica processi...
2026-06-13 18:03:19.107 [DIAG] Diagnostica log errori...
2026-06-13 18:03:19.470 [DIAG] Diagnostica processi...
2026-06-13 18:03:19.712 [DIAG] Diagnostica log errori...
2026-06-13 18:03:29.749 [ERROR] [critico] Log/errori_recenti: 3376 errori nelle ultime 2 ore
2026-06-13 18:03:29.880 [DIAG] Generazione raccomandazioni...
2026-06-13 18:03:29.921 [FIX] Avvio azioni correttive automatiche...
2026-06-13 18:03:29.926 [INFO] Nessuna azione correttiva automatica disponibile
2026-06-13 18:03:29.938 [OK] Report diagnostica salvato: C:\cellular_speace\reports\manutenzione\correttiva\diagnosi_20260613_180312.json
2026-06-13 18:03:29.966 [OK] Diagnosi Markdown salvata: C:\cellular_speace\data\diagnosi\diagnosi_20260613_180312.md
2026-06-13 18:03:30.323 [ERROR] [critico] Log/errori_recenti: 3378 errori nelle ultime 2 ore
2026-06-13 18:03:30.333 [DIAG] Generazione raccomandazioni...
2026-06-13 18:03:30.354 [FIX] Avvio azioni correttive automatiche...
2026-06-13 18:03:30.358 [INFO] Nessuna azione correttiva automatica disponibile
2026-06-13 18:03:30.362 [OK] Report diagnostica salvato: C:\cellular_speace\reports\manutenzione\correttiva\diagnosi_20260613_180312.json
2026-06-13 18:03:30.368 [OK] Diagnosi Markdown salvata: C:\cellular_speace\data\diagnosi\diagnosi_20260613_180312.md
