2026-06-13 13:20:42.114 [DIAG] Diagnostica runtime...
2026-06-13 13:20:42.146 [WARN] [medio] Runtime/errore_lettura_snapshot: Errore lettura snapshot: Impossibile convertire la stringa JSON perché un dizionario convertito da tale stringa contiene le chiavi duplicate 'Server' e 'SERVER'.
2026-06-13 13:20:42.157 [DIAG] Diagnostica memoria...
2026-06-13 13:20:42.415 [DIAG] Diagnostica file...
2026-06-13 13:20:42.761 [DIAG] Diagnostica processi...
2026-06-13 13:20:42.915 [DIAG] Generazione raccomandazioni...
2026-06-13 13:20:42.935 [OK] Report diagnostica salvato: C:\cellular_speace\reports\manutenzione\correttiva\diagnosi_20260613_132042.json
2026-06-13 13:20:42.935 [OK] Diagnosi Markdown salvata: C:\cellular_speace\data\diagnosi\diagnosi_20260613_132042.md
2026-06-13 13:20:42.967 [DIAG] Diagnostica runtime...
2026-06-13 13:20:42.992 [WARN] [medio] Runtime/errore_lettura_snapshot: Errore lettura snapshot: Impossibile convertire la stringa JSON perché un dizionario convertito da tale stringa contiene le chiavi duplicate 'Server' e 'SERVER'.
2026-06-13 13:20:43.001 [DIAG] Diagnostica memoria...
2026-06-13 13:20:43.256 [DIAG] Diagnostica file...
2026-06-13 13:20:44.733 [DIAG] Diagnostica processi...
2026-06-13 13:20:44.867 [DIAG] Diagnostica log errori...
2026-06-13 13:20:45.565 [DIAG] Diagnostica processi...
2026-06-13 13:20:45.718 [DIAG] Diagnostica log errori...
2026-06-13 13:20:45.856 [ERROR] [critico] Log/errori_recenti: 1095 errori nelle ultime 2 ore
2026-06-13 13:20:45.872 [DIAG] Generazione raccomandazioni...
2026-06-13 13:20:45.911 [FIX] Avvio azioni correttive automatiche...
2026-06-13 13:20:45.915 [INFO] Nessuna azione correttiva automatica disponibile
2026-06-13 13:20:45.921 [OK] Report diagnostica salvato: C:\cellular_speace\reports\manutenzione\correttiva\diagnosi_20260613_132042.json
2026-06-13 13:20:45.925 [OK] Diagnosi Markdown salvata: C:\cellular_speace\data\diagnosi\diagnosi_20260613_132042.md
2026-06-13 13:20:46.584 [ERROR] [critico] Log/errori_recenti: 1096 errori nelle ultime 2 ore
2026-06-13 13:20:46.599 [DIAG] Generazione raccomandazioni...
2026-06-13 13:20:46.621 [FIX] Avvio azioni correttive automatiche...
2026-06-13 13:20:46.621 [INFO] Nessuna azione correttiva automatica disponibile
2026-06-13 13:20:46.621 [OK] Report diagnostica salvato: C:\cellular_speace\reports\manutenzione\correttiva\diagnosi_20260613_132042.json
2026-06-13 13:20:46.632 [OK] Diagnosi Markdown salvata: C:\cellular_speace\data\diagnosi\diagnosi_20260613_132042.md
