2026-06-13 13:57:33.264 [DIAG] Diagnostica processi...
2026-06-13 13:57:33.397 [DIAG] Generazione raccomandazioni...
2026-06-13 13:57:33.413 [OK] Report diagnostica salvato: C:\cellular_speace\reports\manutenzione\correttiva\diagnosi_20260613_135733.json
2026-06-13 13:57:33.415 [OK] Diagnosi Markdown salvata: C:\cellular_speace\data\diagnosi\diagnosi_20260613_135733.md
2026-06-13 13:57:33.438 [DIAG] Diagnostica runtime...
2026-06-13 13:57:33.446 [ERROR] [alto] Runtime/snapshot_vecchio: Snapshot ha 59min (>30min)
2026-06-13 13:57:33.459 [WARN] [medio] Runtime/errore_lettura_snapshot: Errore lettura snapshot: Impossibile convertire la stringa JSON perché un dizionario convertito da tale stringa contiene le chiavi duplicate 'Server' e 'SERVER'.
2026-06-13 13:57:33.469 [DIAG] Diagnostica memoria...
2026-06-13 13:57:33.632 [DIAG] Diagnostica processi...
2026-06-13 13:57:33.696 [DIAG] Diagnostica file...
2026-06-13 13:57:33.752 [DIAG] Generazione raccomandazioni...
2026-06-13 13:57:33.758 [OK] Report diagnostica salvato: C:\cellular_speace\reports\manutenzione\correttiva\diagnosi_20260613_135733.json
2026-06-13 13:57:33.758 [OK] Diagnosi Markdown salvata: C:\cellular_speace\data\diagnosi\diagnosi_20260613_135733.md
2026-06-13 13:57:33.785 [DIAG] Diagnostica runtime...
2026-06-13 13:57:33.790 [ERROR] [alto] Runtime/snapshot_vecchio: Snapshot ha 59min (>30min)
2026-06-13 13:57:33.807 [WARN] [medio] Runtime/errore_lettura_snapshot: Errore lettura snapshot: Impossibile convertire la stringa JSON perché un dizionario convertito da tale stringa contiene le chiavi duplicate 'Server' e 'SERVER'.
2026-06-13 13:57:33.817 [DIAG] Diagnostica memoria...
2026-06-13 13:57:34.055 [DIAG] Diagnostica file...
2026-06-13 13:57:35.904 [DIAG] Diagnostica processi...
2026-06-13 13:57:36.071 [DIAG] Diagnostica log errori...
2026-06-13 13:57:36.352 [DIAG] Diagnostica processi...
2026-06-13 13:57:36.476 [DIAG] Diagnostica log errori...
2026-06-13 13:57:38.698 [ERROR] [critico] Log/errori_recenti: 2142 errori nelle ultime 2 ore
2026-06-13 13:57:38.706 [DIAG] Generazione raccomandazioni...
2026-06-13 13:57:38.724 [FIX] Avvio azioni correttive automatiche...
2026-06-13 13:57:38.727 [INFO] Nessuna azione correttiva automatica disponibile
2026-06-13 13:57:38.731 [OK] Report diagnostica salvato: C:\cellular_speace\reports\manutenzione\correttiva\diagnosi_20260613_135733.json
2026-06-13 13:57:38.738 [OK] Diagnosi Markdown salvata: C:\cellular_speace\data\diagnosi\diagnosi_20260613_135733.md
2026-06-13 13:57:39.076 [ERROR] [critico] Log/errori_recenti: 2144 errori nelle ultime 2 ore
2026-06-13 13:57:39.088 [DIAG] Generazione raccomandazioni...
2026-06-13 13:57:39.108 [FIX] Avvio azioni correttive automatiche...
2026-06-13 13:57:39.111 [INFO] Nessuna azione correttiva automatica disponibile
2026-06-13 13:57:39.115 [OK] Report diagnostica salvato: C:\cellular_speace\reports\manutenzione\correttiva\diagnosi_20260613_135733.json
2026-06-13 13:57:39.123 [OK] Diagnosi Markdown salvata: C:\cellular_speace\data\diagnosi\diagnosi_20260613_135733.md
