2026-06-13 19:26:20.071 [DIAG] Diagnostica runtime...
2026-06-13 19:26:20.071 [ERROR] [alto] Runtime/snapshot_vecchio: Snapshot ha 387.8min (>30min)
2026-06-13 19:26:20.083 [WARN] [medio] Runtime/errore_lettura_snapshot: Errore lettura snapshot: Impossibile convertire la stringa JSON perché un dizionario convertito da tale stringa contiene le chiavi duplicate 'Server' e 'SERVER'.
2026-06-13 19:26:20.099 [DIAG] Diagnostica memoria...
2026-06-13 19:26:20.109 [DIAG] Diagnostica processi...
2026-06-13 19:26:20.214 [DIAG] Generazione raccomandazioni...
2026-06-13 19:26:20.227 [OK] Report diagnostica salvato: C:\cellular_speace\reports\manutenzione\correttiva\diagnosi_20260613_192620.json
2026-06-13 19:26:20.229 [OK] Diagnosi Markdown salvata: C:\cellular_speace\data\diagnosi\diagnosi_20260613_192620.md
2026-06-13 19:26:20.247 [DIAG] Diagnostica runtime...
2026-06-13 19:26:20.247 [ERROR] [alto] Runtime/snapshot_vecchio: Snapshot ha 387.8min (>30min)
2026-06-13 19:26:20.265 [WARN] [medio] Runtime/errore_lettura_snapshot: Errore lettura snapshot: Impossibile convertire la stringa JSON perché un dizionario convertito da tale stringa contiene le chiavi duplicate 'Server' e 'SERVER'.
2026-06-13 19:26:20.275 [DIAG] Diagnostica memoria...
2026-06-13 19:26:20.290 [DIAG] Diagnostica file...
2026-06-13 19:26:20.482 [DIAG] Diagnostica file...
2026-06-13 19:26:23.247 [DIAG] Diagnostica processi...
2026-06-13 19:26:23.342 [DIAG] Diagnostica log errori...
2026-06-13 19:26:23.650 [DIAG] Diagnostica processi...
2026-06-13 19:26:23.738 [DIAG] Diagnostica log errori...
2026-06-13 19:26:27.952 [ERROR] [critico] Log/errori_recenti: 2847 errori nelle ultime 2 ore
2026-06-13 19:26:27.958 [DIAG] Generazione raccomandazioni...
2026-06-13 19:26:27.972 [FIX] Avvio azioni correttive automatiche...
2026-06-13 19:26:27.974 [INFO] Nessuna azione correttiva automatica disponibile
2026-06-13 19:26:27.979 [OK] Report diagnostica salvato: C:\cellular_speace\reports\manutenzione\correttiva\diagnosi_20260613_192620.json
2026-06-13 19:26:27.982 [OK] Diagnosi Markdown salvata: C:\cellular_speace\data\diagnosi\diagnosi_20260613_192620.md
2026-06-13 19:26:28.352 [ERROR] [critico] Log/errori_recenti: 2848 errori nelle ultime 2 ore
2026-06-13 19:26:28.352 [DIAG] Generazione raccomandazioni...
2026-06-13 19:26:28.359 [FIX] Avvio azioni correttive automatiche...
2026-06-13 19:26:28.375 [INFO] Nessuna azione correttiva automatica disponibile
2026-06-13 19:26:28.375 [OK] Report diagnostica salvato: C:\cellular_speace\reports\manutenzione\correttiva\diagnosi_20260613_192620.json
2026-06-13 19:26:28.375 [OK] Diagnosi Markdown salvata: C:\cellular_speace\data\diagnosi\diagnosi_20260613_192620.md
