2026-06-13 15:40:17.325 [DIAG] Diagnostica runtime...
2026-06-13 15:40:17.331 [ERROR] [alto] Runtime/snapshot_vecchio: Snapshot ha 161.7min (>30min)
2026-06-13 15:40:17.337 [DIAG] Diagnostica processi...
2026-06-13 15:40:17.362 [WARN] [medio] Runtime/errore_lettura_snapshot: Errore lettura snapshot: Impossibile convertire la stringa JSON perché un dizionario convertito da tale stringa contiene le chiavi duplicate 'Server' e 'SERVER'.
2026-06-13 15:40:17.378 [DIAG] Diagnostica memoria...
2026-06-13 15:40:17.610 [DIAG] Generazione raccomandazioni...
2026-06-13 15:40:17.769 [OK] Report diagnostica salvato: C:\cellular_speace\reports\manutenzione\correttiva\diagnosi_20260613_154017.json
2026-06-13 15:40:17.781 [OK] Diagnosi Markdown salvata: C:\cellular_speace\data\diagnosi\diagnosi_20260613_154017.md
2026-06-13 15:40:17.846 [DIAG] Diagnostica file...
2026-06-13 15:40:17.946 [DIAG] Diagnostica runtime...
2026-06-13 15:40:17.969 [ERROR] [alto] Runtime/snapshot_vecchio: Snapshot ha 161.7min (>30min)
2026-06-13 15:40:18.175 [WARN] [medio] Runtime/errore_lettura_snapshot: Errore lettura snapshot: Impossibile convertire la stringa JSON perché un dizionario convertito da tale stringa contiene le chiavi duplicate 'Server' e 'SERVER'.
2026-06-13 15:40:18.530 [DIAG] Diagnostica memoria...
2026-06-13 15:40:19.058 [DIAG] Diagnostica file...
2026-06-13 15:40:23.552 [DIAG] Diagnostica processi...
2026-06-13 15:40:23.864 [DIAG] Diagnostica log errori...
2026-06-13 15:40:25.839 [DIAG] Diagnostica processi...
2026-06-13 15:40:26.222 [DIAG] Diagnostica log errori...
2026-06-13 15:40:35.892 [ERROR] [critico] Log/errori_recenti: 3413 errori nelle ultime 2 ore
2026-06-13 15:40:35.954 [DIAG] Generazione raccomandazioni...
2026-06-13 15:40:35.995 [FIX] Avvio azioni correttive automatiche...
2026-06-13 15:40:35.997 [INFO] Nessuna azione correttiva automatica disponibile
2026-06-13 15:40:36.005 [OK] Report diagnostica salvato: C:\cellular_speace\reports\manutenzione\correttiva\diagnosi_20260613_154017.json
2026-06-13 15:40:36.010 [OK] Diagnosi Markdown salvata: C:\cellular_speace\data\diagnosi\diagnosi_20260613_154017.md
2026-06-13 15:40:37.421 [ERROR] [critico] Log/errori_recenti: 3413 errori nelle ultime 2 ore
2026-06-13 15:40:37.458 [DIAG] Generazione raccomandazioni...
2026-06-13 15:40:37.502 [FIX] Avvio azioni correttive automatiche...
2026-06-13 15:40:37.507 [INFO] Nessuna azione correttiva automatica disponibile
2026-06-13 15:40:37.514 [OK] Report diagnostica salvato: C:\cellular_speace\reports\manutenzione\correttiva\diagnosi_20260613_154017.json
2026-06-13 15:40:37.523 [OK] Diagnosi Markdown salvata: C:\cellular_speace\data\diagnosi\diagnosi_20260613_154017.md
