2026-06-13 16:37:36.213 [DIAG] Diagnostica processi...
2026-06-13 16:37:36.413 [DIAG] Generazione raccomandazioni...
2026-06-13 16:37:36.433 [OK] Report diagnostica salvato: C:\cellular_speace\reports\manutenzione\correttiva\diagnosi_20260613_163736.json
2026-06-13 16:37:36.439 [OK] Diagnosi Markdown salvata: C:\cellular_speace\data\diagnosi\diagnosi_20260613_163736.md
2026-06-13 16:37:36.510 [DIAG] Diagnostica runtime...
2026-06-13 16:37:36.533 [ERROR] [alto] Runtime/snapshot_vecchio: Snapshot ha 219.1min (>30min)
2026-06-13 16:37:36.573 [WARN] [medio] Runtime/errore_lettura_snapshot: Errore lettura snapshot: Impossibile convertire la stringa JSON perché un dizionario convertito da tale stringa contiene le chiavi duplicate 'Server' e 'SERVER'.
2026-06-13 16:37:36.584 [DIAG] Diagnostica memoria...
2026-06-13 16:37:36.900 [DIAG] Diagnostica processi...
2026-06-13 16:37:37.004 [DIAG] Diagnostica file...
2026-06-13 16:37:37.113 [DIAG] Generazione raccomandazioni...
2026-06-13 16:37:37.129 [OK] Report diagnostica salvato: C:\cellular_speace\reports\manutenzione\correttiva\diagnosi_20260613_163736.json
2026-06-13 16:37:37.133 [OK] Diagnosi Markdown salvata: C:\cellular_speace\data\diagnosi\diagnosi_20260613_163736.md
2026-06-13 16:37:41.821 [DIAG] Diagnostica processi...
2026-06-13 16:37:42.040 [DIAG] Diagnostica log errori...
2026-06-13 16:37:49.766 [ERROR] [critico] Log/errori_recenti: 3332 errori nelle ultime 2 ore
2026-06-13 16:37:49.794 [DIAG] Generazione raccomandazioni...
2026-06-13 16:37:49.827 [FIX] Avvio azioni correttive automatiche...
2026-06-13 16:37:49.831 [INFO] Nessuna azione correttiva automatica disponibile
2026-06-13 16:37:49.837 [OK] Report diagnostica salvato: C:\cellular_speace\reports\manutenzione\correttiva\diagnosi_20260613_163736.json
2026-06-13 16:37:49.843 [OK] Diagnosi Markdown salvata: C:\cellular_speace\data\diagnosi\diagnosi_20260613_163736.md
