2026-06-13 13:33:15.091 [DIAG] Diagnostica processi...
2026-06-13 13:33:15.239 [DIAG] Diagnostica runtime...
2026-06-13 13:33:15.245 [ERROR] [alto] Runtime/snapshot_vecchio: Snapshot ha 34.7min (>30min)
2026-06-13 13:33:15.269 [WARN] [medio] Runtime/errore_lettura_snapshot: Errore lettura snapshot: Impossibile convertire la stringa JSON perché un dizionario convertito da tale stringa contiene le chiavi duplicate 'Server' e 'SERVER'.
2026-06-13 13:33:15.269 [DIAG] Generazione raccomandazioni...
2026-06-13 13:33:15.284 [DIAG] Diagnostica memoria...
2026-06-13 13:33:15.292 [OK] Report diagnostica salvato: C:\cellular_speace\reports\manutenzione\correttiva\diagnosi_20260613_133315.json
2026-06-13 13:33:15.294 [OK] Diagnosi Markdown salvata: C:\cellular_speace\data\diagnosi\diagnosi_20260613_133315.md
2026-06-13 13:33:15.329 [DIAG] Diagnostica runtime...
2026-06-13 13:33:15.339 [ERROR] [alto] Runtime/snapshot_vecchio: Snapshot ha 34.7min (>30min)
2026-06-13 13:33:15.357 [WARN] [medio] Runtime/errore_lettura_snapshot: Errore lettura snapshot: Impossibile convertire la stringa JSON perché un dizionario convertito da tale stringa contiene le chiavi duplicate 'Server' e 'SERVER'.
2026-06-13 13:33:15.373 [DIAG] Diagnostica memoria...
2026-06-13 13:33:15.669 [DIAG] Diagnostica file...
2026-06-13 13:33:15.744 [DIAG] Diagnostica file...
2026-06-13 13:33:19.118 [DIAG] Diagnostica processi...
2026-06-13 13:33:19.292 [DIAG] Diagnostica log errori...
2026-06-13 13:33:19.339 [DIAG] Diagnostica processi...
2026-06-13 13:33:19.493 [DIAG] Diagnostica log errori...
2026-06-13 13:33:21.083 [ERROR] [critico] Log/errori_recenti: 1440 errori nelle ultime 2 ore
2026-06-13 13:33:21.094 [DIAG] Generazione raccomandazioni...
2026-06-13 13:33:21.117 [FIX] Avvio azioni correttive automatiche...
2026-06-13 13:33:21.122 [INFO] Nessuna azione correttiva automatica disponibile
2026-06-13 13:33:21.122 [OK] Report diagnostica salvato: C:\cellular_speace\reports\manutenzione\correttiva\diagnosi_20260613_133315.json
2026-06-13 13:33:21.136 [OK] Diagnosi Markdown salvata: C:\cellular_speace\data\diagnosi\diagnosi_20260613_133315.md
2026-06-13 13:33:21.410 [ERROR] [critico] Log/errori_recenti: 1441 errori nelle ultime 2 ore
2026-06-13 13:33:21.422 [DIAG] Generazione raccomandazioni...
2026-06-13 13:33:21.446 [FIX] Avvio azioni correttive automatiche...
2026-06-13 13:33:21.448 [INFO] Nessuna azione correttiva automatica disponibile
2026-06-13 13:33:21.456 [OK] Report diagnostica salvato: C:\cellular_speace\reports\manutenzione\correttiva\diagnosi_20260613_133315.json
2026-06-13 13:33:21.462 [OK] Diagnosi Markdown salvata: C:\cellular_speace\data\diagnosi\diagnosi_20260613_133315.md
