2026-06-13 14:46:16.229 [DIAG] Diagnostica processi...
2026-06-13 14:46:16.548 [DIAG] Diagnostica runtime...
2026-06-13 14:46:16.562 [DIAG] Generazione raccomandazioni...
2026-06-13 14:46:16.585 [ERROR] [alto] Runtime/snapshot_vecchio: Snapshot ha 107.7min (>30min)
2026-06-13 14:46:16.716 [OK] Report diagnostica salvato: C:\cellular_speace\reports\manutenzione\correttiva\diagnosi_20260613_144616.json
2026-06-13 14:46:16.742 [OK] Diagnosi Markdown salvata: C:\cellular_speace\data\diagnosi\diagnosi_20260613_144616.md
2026-06-13 14:46:16.950 [DIAG] Diagnostica runtime...
2026-06-13 14:46:16.964 [ERROR] [alto] Runtime/snapshot_vecchio: Snapshot ha 107.7min (>30min)
2026-06-13 14:46:17.053 [WARN] [medio] Runtime/errore_lettura_snapshot: Errore lettura snapshot: Impossibile convertire la stringa JSON perché un dizionario convertito da tale stringa contiene le chiavi duplicate 'Server' e 'SERVER'.
2026-06-13 14:46:17.263 [WARN] [medio] Runtime/errore_lettura_snapshot: Errore lettura snapshot: Impossibile convertire la stringa JSON perché un dizionario convertito da tale stringa contiene le chiavi duplicate 'Server' e 'SERVER'.
2026-06-13 14:46:17.469 [DIAG] Diagnostica memoria...
2026-06-13 14:46:17.712 [DIAG] Diagnostica memoria...
2026-06-13 14:46:17.989 [DIAG] Diagnostica file...
2026-06-13 14:46:18.308 [DIAG] Diagnostica file...
2026-06-13 14:46:23.001 [DIAG] Diagnostica processi...
2026-06-13 14:46:23.454 [DIAG] Diagnostica log errori...
2026-06-13 14:46:23.759 [DIAG] Diagnostica processi...
2026-06-13 14:46:24.202 [DIAG] Diagnostica log errori...
2026-06-13 14:46:34.993 [ERROR] [critico] Log/errori_recenti: 3448 errori nelle ultime 2 ore
2026-06-13 14:46:35.587 [DIAG] Generazione raccomandazioni...
2026-06-13 14:46:35.993 [FIX] Avvio azioni correttive automatiche...
2026-06-13 14:46:36.021 [ERROR] [critico] Log/errori_recenti: 3449 errori nelle ultime 2 ore
2026-06-13 14:46:36.044 [INFO] Nessuna azione correttiva automatica disponibile
2026-06-13 14:46:36.087 [OK] Report diagnostica salvato: C:\cellular_speace\reports\manutenzione\correttiva\diagnosi_20260613_144616.json
2026-06-13 14:46:36.148 [OK] Diagnosi Markdown salvata: C:\cellular_speace\data\diagnosi\diagnosi_20260613_144616.md
2026-06-13 14:46:36.421 [DIAG] Generazione raccomandazioni...
2026-06-13 14:46:36.727 [FIX] Avvio azioni correttive automatiche...
2026-06-13 14:46:36.747 [INFO] Nessuna azione correttiva automatica disponibile
2026-06-13 14:46:36.787 [OK] Report diagnostica salvato: C:\cellular_speace\reports\manutenzione\correttiva\diagnosi_20260613_144616.json
2026-06-13 14:46:36.834 [OK] Diagnosi Markdown salvata: C:\cellular_speace\data\diagnosi\diagnosi_20260613_144616.md
