2026-06-13 13:47:17.171 [DIAG] Diagnostica processi...
2026-06-13 13:47:17.266 [DIAG] Diagnostica processi...
2026-06-13 13:47:17.470 [DIAG] Generazione raccomandazioni...
2026-06-13 13:47:17.554 [DIAG] Diagnostica runtime...
2026-06-13 13:47:17.562 [OK] Report diagnostica salvato: C:\cellular_speace\reports\manutenzione\correttiva\diagnosi_20260613_134717.json
2026-06-13 13:47:17.569 [DIAG] Generazione raccomandazioni...
2026-06-13 13:47:17.576 [ERROR] [alto] Runtime/snapshot_vecchio: Snapshot ha 48.7min (>30min)
2026-06-13 13:47:17.627 [OK] Report diagnostica salvato: C:\cellular_speace\reports\manutenzione\correttiva\diagnosi_20260613_134717.json
2026-06-13 13:47:17.633 [OK] Diagnosi Markdown salvata: C:\cellular_speace\data\diagnosi\diagnosi_20260613_134717.md
2026-06-13 13:47:17.659 [WARN] [medio] Runtime/errore_lettura_snapshot: Errore lettura snapshot: Impossibile convertire la stringa JSON perché un dizionario convertito da tale stringa contiene le chiavi duplicate 'Server' e 'SERVER'.
2026-06-13 13:47:17.679 [DIAG] Diagnostica memoria...
2026-06-13 13:47:18.093 [DIAG] Diagnostica file...
2026-06-13 13:47:22.677 [DIAG] Diagnostica processi...
2026-06-13 13:47:22.896 [DIAG] Diagnostica log errori...
2026-06-13 13:47:25.648 [ERROR] [critico] Log/errori_recenti: 1815 errori nelle ultime 2 ore
2026-06-13 13:47:25.660 [DIAG] Generazione raccomandazioni...
2026-06-13 13:47:25.690 [FIX] Avvio azioni correttive automatiche...
2026-06-13 13:47:25.696 [INFO] Nessuna azione correttiva automatica disponibile
2026-06-13 13:47:25.705 [OK] Report diagnostica salvato: C:\cellular_speace\reports\manutenzione\correttiva\diagnosi_20260613_134717.json
2026-06-13 13:47:25.713 [OK] Diagnosi Markdown salvata: C:\cellular_speace\data\diagnosi\diagnosi_20260613_134717.md
