2026-06-13 19:29:50.066 [DIAG] Diagnostica runtime...
2026-06-13 19:29:50.075 [ERROR] [alto] Runtime/snapshot_vecchio: Snapshot ha 391.3min (>30min)
2026-06-13 19:29:50.081 [WARN] [medio] Runtime/errore_lettura_snapshot: Errore lettura snapshot: Impossibile convertire la stringa JSON perché un dizionario convertito da tale stringa contiene le chiavi duplicate 'Server' e 'SERVER'.
2026-06-13 19:29:50.113 [DIAG] Diagnostica memoria...
2026-06-13 19:29:50.113 [DIAG] Diagnostica processi...
2026-06-13 19:29:50.259 [DIAG] Generazione raccomandazioni...
2026-06-13 19:29:50.300 [OK] Report diagnostica salvato: C:\cellular_speace\reports\manutenzione\correttiva\diagnosi_20260613_192950.json
2026-06-13 19:29:50.302 [OK] Diagnosi Markdown salvata: C:\cellular_speace\data\diagnosi\diagnosi_20260613_192950.md
2026-06-13 19:29:50.345 [DIAG] Diagnostica runtime...
2026-06-13 19:29:50.351 [ERROR] [alto] Runtime/snapshot_vecchio: Snapshot ha 391.3min (>30min)
2026-06-13 19:29:50.370 [WARN] [medio] Runtime/errore_lettura_snapshot: Errore lettura snapshot: Impossibile convertire la stringa JSON perché un dizionario convertito da tale stringa contiene le chiavi duplicate 'Server' e 'SERVER'.
2026-06-13 19:29:50.384 [DIAG] Diagnostica memoria...
2026-06-13 19:29:50.396 [DIAG] Diagnostica file...
2026-06-13 19:29:50.665 [DIAG] Diagnostica file...
2026-06-13 19:29:55.731 [DIAG] Diagnostica processi...
2026-06-13 19:29:55.923 [DIAG] Diagnostica log errori...
2026-06-13 19:29:56.260 [DIAG] Diagnostica processi...
2026-06-13 19:29:56.434 [DIAG] Diagnostica log errori...
2026-06-13 19:30:04.311 [ERROR] [critico] Log/errori_recenti: 2784 errori nelle ultime 2 ore
2026-06-13 19:30:04.329 [DIAG] Generazione raccomandazioni...
2026-06-13 19:30:04.356 [FIX] Avvio azioni correttive automatiche...
2026-06-13 19:30:04.360 [INFO] Nessuna azione correttiva automatica disponibile
2026-06-13 19:30:04.368 [OK] Report diagnostica salvato: C:\cellular_speace\reports\manutenzione\correttiva\diagnosi_20260613_192950.json
2026-06-13 19:30:04.380 [OK] Diagnosi Markdown salvata: C:\cellular_speace\data\diagnosi\diagnosi_20260613_192950.md
2026-06-13 19:30:04.729 [ERROR] [critico] Log/errori_recenti: 2785 errori nelle ultime 2 ore
2026-06-13 19:30:04.745 [DIAG] Generazione raccomandazioni...
2026-06-13 19:30:04.780 [FIX] Avvio azioni correttive automatiche...
2026-06-13 19:30:04.784 [INFO] Nessuna azione correttiva automatica disponibile
2026-06-13 19:30:04.790 [OK] Report diagnostica salvato: C:\cellular_speace\reports\manutenzione\correttiva\diagnosi_20260613_192950.json
2026-06-13 19:30:04.799 [OK] Diagnosi Markdown salvata: C:\cellular_speace\data\diagnosi\diagnosi_20260613_192950.md
