2026-06-13 15:09:03.240 [DIAG] Diagnostica runtime...
2026-06-13 15:09:03.245 [ERROR] [alto] Runtime/snapshot_vecchio: Snapshot ha 130.5min (>30min)
2026-06-13 15:09:03.276 [WARN] [medio] Runtime/errore_lettura_snapshot: Errore lettura snapshot: Impossibile convertire la stringa JSON perché un dizionario convertito da tale stringa contiene le chiavi duplicate 'Server' e 'SERVER'.
2026-06-13 15:09:03.295 [DIAG] Diagnostica memoria...
2026-06-13 15:09:03.550 [DIAG] Diagnostica processi...
2026-06-13 15:09:03.654 [DIAG] Diagnostica file...
2026-06-13 15:09:03.721 [DIAG] Generazione raccomandazioni...
2026-06-13 15:09:03.745 [OK] Report diagnostica salvato: C:\cellular_speace\reports\manutenzione\correttiva\diagnosi_20260613_150903.json
2026-06-13 15:09:03.751 [OK] Diagnosi Markdown salvata: C:\cellular_speace\data\diagnosi\diagnosi_20260613_150903.md
2026-06-13 15:09:03.785 [DIAG] Diagnostica runtime...
2026-06-13 15:09:03.799 [ERROR] [alto] Runtime/snapshot_vecchio: Snapshot ha 130.5min (>30min)
2026-06-13 15:09:03.846 [WARN] [medio] Runtime/errore_lettura_snapshot: Errore lettura snapshot: Impossibile convertire la stringa JSON perché un dizionario convertito da tale stringa contiene le chiavi duplicate 'Server' e 'SERVER'.
2026-06-13 15:09:03.876 [DIAG] Diagnostica memoria...
2026-06-13 15:09:04.286 [DIAG] Diagnostica file...
2026-06-13 15:09:08.386 [DIAG] Diagnostica processi...
2026-06-13 15:09:08.595 [DIAG] Diagnostica log errori...
2026-06-13 15:09:09.083 [DIAG] Diagnostica processi...
2026-06-13 15:09:09.286 [DIAG] Diagnostica log errori...
2026-06-13 15:09:14.952 [ERROR] [critico] Log/errori_recenti: 3660 errori nelle ultime 2 ore
2026-06-13 15:09:14.973 [DIAG] Generazione raccomandazioni...
2026-06-13 15:09:14.993 [FIX] Avvio azioni correttive automatiche...
2026-06-13 15:09:14.997 [INFO] Nessuna azione correttiva automatica disponibile
2026-06-13 15:09:15.004 [OK] Report diagnostica salvato: C:\cellular_speace\reports\manutenzione\correttiva\diagnosi_20260613_150903.json
2026-06-13 15:09:15.009 [OK] Diagnosi Markdown salvata: C:\cellular_speace\data\diagnosi\diagnosi_20260613_150903.md
2026-06-13 15:09:15.500 [ERROR] [critico] Log/errori_recenti: 3660 errori nelle ultime 2 ore
2026-06-13 15:09:15.500 [DIAG] Generazione raccomandazioni...
2026-06-13 15:09:15.514 [FIX] Avvio azioni correttive automatiche...
2026-06-13 15:09:15.530 [INFO] Nessuna azione correttiva automatica disponibile
2026-06-13 15:09:15.530 [OK] Report diagnostica salvato: C:\cellular_speace\reports\manutenzione\correttiva\diagnosi_20260613_150903.json
2026-06-13 15:09:15.530 [OK] Diagnosi Markdown salvata: C:\cellular_speace\data\diagnosi\diagnosi_20260613_150903.md
