2026-06-13 14:48:43.171 [DIAG] Diagnostica processi...
2026-06-13 14:48:43.241 [DIAG] Diagnostica processi...
2026-06-13 14:48:43.446 [DIAG] Generazione raccomandazioni...
2026-06-13 14:48:43.499 [DIAG] Generazione raccomandazioni...
2026-06-13 14:48:43.533 [OK] Report diagnostica salvato: C:\cellular_speace\reports\manutenzione\correttiva\diagnosi_20260613_144843.json
2026-06-13 14:48:43.541 [OK] Diagnosi Markdown salvata: C:\cellular_speace\data\diagnosi\diagnosi_20260613_144843.md
2026-06-13 14:48:43.553 [ERROR] ERRORE FATALE: Il processo non può accedere al file 'C:\cellular_speace\data\logs\manutenzione\correttiva\diagnostica_20260613_144843.log' perché è in uso da un altro processo.
2026-06-13 14:48:43.575 [OK] Report diagnostica salvato: C:\cellular_speace\reports\manutenzione\correttiva\diagnosi_20260613_144843.json
2026-06-13 14:48:43.583 [OK] Diagnosi Markdown salvata: C:\cellular_speace\data\diagnosi\diagnosi_20260613_144843.md
2026-06-13 14:48:43.631 [DIAG] Diagnostica runtime...
2026-06-13 14:48:43.649 [ERROR] [alto] Runtime/snapshot_vecchio: Snapshot ha 110.2min (>30min)
2026-06-13 14:48:43.702 [WARN] [medio] Runtime/errore_lettura_snapshot: Errore lettura snapshot: Impossibile convertire la stringa JSON perché un dizionario convertito da tale stringa contiene le chiavi duplicate 'Server' e 'SERVER'.
2026-06-13 14:48:43.780 [DIAG] Diagnostica memoria...
2026-06-13 14:48:44.255 [DIAG] Diagnostica file...
2026-06-13 14:48:49.584 [DIAG] Diagnostica processi...
2026-06-13 14:48:49.876 [DIAG] Diagnostica log errori...
2026-06-13 14:49:00.400 [ERROR] [critico] Log/errori_recenti: 3488 errori nelle ultime 2 ore
2026-06-13 14:49:00.473 [DIAG] Generazione raccomandazioni...
2026-06-13 14:49:00.533 [FIX] Avvio azioni correttive automatiche...
2026-06-13 14:49:00.538 [INFO] Nessuna azione correttiva automatica disponibile
2026-06-13 14:49:00.550 [OK] Report diagnostica salvato: C:\cellular_speace\reports\manutenzione\correttiva\diagnosi_20260613_144843.json
2026-06-13 14:49:00.604 [OK] Diagnosi Markdown salvata: C:\cellular_speace\data\diagnosi\diagnosi_20260613_144843.md
