2026-06-13 18:55:50.147 [DIAG] Diagnostica processi...
2026-06-13 18:55:50.466 [DIAG] Generazione raccomandazioni...
2026-06-13 18:55:50.533 [DIAG] Diagnostica processi...
2026-06-13 18:55:50.637 [OK] Report diagnostica salvato: C:\cellular_speace\reports\manutenzione\correttiva\diagnosi_20260613_185550.json
2026-06-13 18:55:50.667 [OK] Diagnosi Markdown salvata: C:\cellular_speace\data\diagnosi\diagnosi_20260613_185550.md
2026-06-13 18:55:50.766 [DIAG] Generazione raccomandazioni...
2026-06-13 18:55:50.868 [DIAG] Diagnostica runtime...
2026-06-13 18:55:50.876 [ERROR] [alto] Runtime/snapshot_vecchio: Snapshot ha 357.3min (>30min)
2026-06-13 18:55:50.924 [OK] Report diagnostica salvato: C:\cellular_speace\reports\manutenzione\correttiva\diagnosi_20260613_185550.json
2026-06-13 18:55:50.940 [OK] Diagnosi Markdown salvata: C:\cellular_speace\data\diagnosi\diagnosi_20260613_185550.md
2026-06-13 18:55:51.021 [DIAG] Diagnostica runtime...
2026-06-13 18:55:51.049 [WARN] [medio] Runtime/errore_lettura_snapshot: Errore lettura snapshot: Impossibile convertire la stringa JSON perché un dizionario convertito da tale stringa contiene le chiavi duplicate 'Server' e 'SERVER'.
2026-06-13 18:55:51.061 [WARN] [medio] Runtime/errore_lettura_snapshot: Errore lettura snapshot: Il processo non può accedere al file 'C:\cellular_speace\data\logs\manutenzione\correttiva\diagnostica_20260613_185550.log' perché è in uso da un altro processo.
2026-06-13 18:55:51.340 [DIAG] Diagnostica memoria...
2026-06-13 18:55:51.550 [DIAG] Diagnostica memoria...
2026-06-13 18:55:51.935 [DIAG] Diagnostica file...
2026-06-13 18:55:52.066 [DIAG] Diagnostica file...
2026-06-13 18:55:59.017 [DIAG] Diagnostica processi...
2026-06-13 18:55:59.325 [DIAG] Diagnostica log errori...
2026-06-13 18:55:59.449 [DIAG] Diagnostica processi...
2026-06-13 18:55:59.737 [DIAG] Diagnostica log errori...
2026-06-13 18:56:10.941 [ERROR] [critico] Log/errori_recenti: 3264 errori nelle ultime 2 ore
2026-06-13 18:56:10.918 [ERROR] [critico] Log/errori_recenti: 3264 errori nelle ultime 2 ore
2026-06-13 18:56:11.207 [DIAG] Generazione raccomandazioni...
2026-06-13 18:56:11.463 [DIAG] Generazione raccomandazioni...
2026-06-13 18:56:11.593 [FIX] Avvio azioni correttive automatiche...
2026-06-13 18:56:11.625 [INFO] Nessuna azione correttiva automatica disponibile
2026-06-13 18:56:11.711 [OK] Report diagnostica salvato: C:\cellular_speace\reports\manutenzione\correttiva\diagnosi_20260613_185550.json
2026-06-13 18:56:11.819 [FIX] Avvio azioni correttive automatiche...
2026-06-13 18:56:11.846 [ERROR] ERRORE FATALE: Il processo non può accedere al file 'C:\cellular_speace\data\logs\manutenzione\correttiva\diagnostica_20260613_185550.log' perché è in uso da un altro processo.
2026-06-13 18:56:11.856 [INFO] Nessuna azione correttiva automatica disponibile
2026-06-13 18:56:11.967 [OK] Report diagnostica salvato: C:\cellular_speace\reports\manutenzione\correttiva\diagnosi_20260613_185550.json
2026-06-13 18:56:12.064 [OK] Diagnosi Markdown salvata: C:\cellular_speace\data\diagnosi\diagnosi_20260613_185550.md
