2026-06-13 16:32:13.200 [DIAG] Diagnostica processi...
2026-06-13 16:32:13.513 [DIAG] Generazione raccomandazioni...
2026-06-13 16:32:13.562 [OK] Report diagnostica salvato: C:\cellular_speace\reports\manutenzione\correttiva\diagnosi_20260613_163213.json
2026-06-13 16:32:13.573 [OK] Diagnosi Markdown salvata: C:\cellular_speace\data\diagnosi\diagnosi_20260613_163213.md
2026-06-13 16:32:13.644 [DIAG] Diagnostica runtime...
2026-06-13 16:32:13.655 [ERROR] [alto] Runtime/snapshot_vecchio: Snapshot ha 213.7min (>30min)
2026-06-13 16:32:13.813 [WARN] [medio] Runtime/errore_lettura_snapshot: Errore lettura snapshot: Impossibile convertire la stringa JSON perché un dizionario convertito da tale stringa contiene le chiavi duplicate 'Server' e 'SERVER'.
2026-06-13 16:32:13.858 [DIAG] Diagnostica processi...
2026-06-13 16:32:14.073 [DIAG] Generazione raccomandazioni...
2026-06-13 16:32:14.098 [DIAG] Diagnostica memoria...
2026-06-13 16:32:14.202 [OK] Report diagnostica salvato: C:\cellular_speace\reports\manutenzione\correttiva\diagnosi_20260613_163213.json
2026-06-13 16:32:14.219 [OK] Diagnosi Markdown salvata: C:\cellular_speace\data\diagnosi\diagnosi_20260613_163213.md
2026-06-13 16:32:14.548 [DIAG] Diagnostica file...
2026-06-13 16:32:19.388 [DIAG] Diagnostica processi...
2026-06-13 16:32:19.638 [DIAG] Diagnostica log errori...
2026-06-13 16:32:27.829 [ERROR] [critico] Log/errori_recenti: 3347 errori nelle ultime 2 ore
2026-06-13 16:32:27.886 [DIAG] Generazione raccomandazioni...
2026-06-13 16:32:27.908 [FIX] Avvio azioni correttive automatiche...
2026-06-13 16:32:27.910 [INFO] Nessuna azione correttiva automatica disponibile
2026-06-13 16:32:27.917 [OK] Report diagnostica salvato: C:\cellular_speace\reports\manutenzione\correttiva\diagnosi_20260613_163213.json
2026-06-13 16:32:27.926 [OK] Diagnosi Markdown salvata: C:\cellular_speace\data\diagnosi\diagnosi_20260613_163213.md
