2026-06-13 18:08:02.108 [DIAG] Diagnostica processi...
2026-06-13 18:08:02.294 [DIAG] Generazione raccomandazioni...
2026-06-13 18:08:02.314 [OK] Report diagnostica salvato: C:\cellular_speace\reports\manutenzione\correttiva\diagnosi_20260613_180802.json
2026-06-13 18:08:02.320 [OK] Diagnosi Markdown salvata: C:\cellular_speace\data\diagnosi\diagnosi_20260613_180802.md
2026-06-13 18:08:02.347 [DIAG] Diagnostica runtime...
2026-06-13 18:08:02.351 [ERROR] [alto] Runtime/snapshot_vecchio: Snapshot ha 309.5min (>30min)
2026-06-13 18:08:02.369 [WARN] [medio] Runtime/errore_lettura_snapshot: Errore lettura snapshot: Impossibile convertire la stringa JSON perché un dizionario convertito da tale stringa contiene le chiavi duplicate 'Server' e 'SERVER'.
2026-06-13 18:08:02.389 [DIAG] Diagnostica memoria...
2026-06-13 18:08:02.750 [DIAG] Diagnostica file...
2026-06-13 18:08:02.762 [DIAG] Diagnostica processi...
2026-06-13 18:08:02.948 [DIAG] Generazione raccomandazioni...
2026-06-13 18:08:02.964 [OK] Report diagnostica salvato: C:\cellular_speace\reports\manutenzione\correttiva\diagnosi_20260613_180802.json
2026-06-13 18:08:02.996 [OK] Diagnosi Markdown salvata: C:\cellular_speace\data\diagnosi\diagnosi_20260613_180802.md
2026-06-13 18:08:07.281 [DIAG] Diagnostica processi...
2026-06-13 18:08:07.438 [DIAG] Diagnostica log errori...
2026-06-13 18:08:14.623 [ERROR] [critico] Log/errori_recenti: 3378 errori nelle ultime 2 ore
2026-06-13 18:08:14.632 [DIAG] Generazione raccomandazioni...
2026-06-13 18:08:14.652 [FIX] Avvio azioni correttive automatiche...
2026-06-13 18:08:14.654 [INFO] Nessuna azione correttiva automatica disponibile
2026-06-13 18:08:14.662 [OK] Report diagnostica salvato: C:\cellular_speace\reports\manutenzione\correttiva\diagnosi_20260613_180802.json
2026-06-13 18:08:14.667 [OK] Diagnosi Markdown salvata: C:\cellular_speace\data\diagnosi\diagnosi_20260613_180802.md
