2026-06-13 14:49:32.113 [DIAG] Diagnostica processi...
2026-06-13 14:49:32.361 [DIAG] Generazione raccomandazioni...
2026-06-13 14:49:32.425 [OK] Report diagnostica salvato: C:\cellular_speace\reports\manutenzione\correttiva\diagnosi_20260613_144932.json
2026-06-13 14:49:32.447 [OK] Diagnosi Markdown salvata: C:\cellular_speace\data\diagnosi\diagnosi_20260613_144932.md
2026-06-13 14:49:32.577 [DIAG] Diagnostica processi...
2026-06-13 14:49:32.601 [DIAG] Diagnostica runtime...
2026-06-13 14:49:32.620 [ERROR] [alto] Runtime/snapshot_vecchio: Snapshot ha 111min (>30min)
2026-06-13 14:49:32.747 [WARN] [medio] Runtime/errore_lettura_snapshot: Errore lettura snapshot: Impossibile convertire la stringa JSON perché un dizionario convertito da tale stringa contiene le chiavi duplicate 'Server' e 'SERVER'.
2026-06-13 14:49:32.838 [DIAG] Generazione raccomandazioni...
2026-06-13 14:49:32.878 [OK] Report diagnostica salvato: C:\cellular_speace\reports\manutenzione\correttiva\diagnosi_20260613_144932.json
2026-06-13 14:49:32.891 [OK] Diagnosi Markdown salvata: C:\cellular_speace\data\diagnosi\diagnosi_20260613_144932.md
2026-06-13 14:49:32.913 [DIAG] Diagnostica memoria...
2026-06-13 14:49:33.363 [DIAG] Diagnostica file...
2026-06-13 14:49:38.801 [DIAG] Diagnostica processi...
2026-06-13 14:49:39.149 [DIAG] Diagnostica log errori...
2026-06-13 14:49:53.188 [ERROR] [critico] Log/errori_recenti: 3524 errori nelle ultime 2 ore
2026-06-13 14:49:53.628 [DIAG] Generazione raccomandazioni...
2026-06-13 14:49:54.036 [FIX] Avvio azioni correttive automatiche...
2026-06-13 14:49:54.088 [INFO] Nessuna azione correttiva automatica disponibile
2026-06-13 14:49:54.142 [OK] Report diagnostica salvato: C:\cellular_speace\reports\manutenzione\correttiva\diagnosi_20260613_144932.json
2026-06-13 14:49:54.195 [OK] Diagnosi Markdown salvata: C:\cellular_speace\data\diagnosi\diagnosi_20260613_144932.md
