2026-06-13 17:18:27.511 [DIAG] Diagnostica processi...
2026-06-13 17:18:27.739 [DIAG] Diagnostica runtime...
2026-06-13 17:18:27.757 [ERROR] [alto] Runtime/snapshot_vecchio: Snapshot ha 259.9min (>30min)
2026-06-13 17:18:27.770 [DIAG] Generazione raccomandazioni...
2026-06-13 17:18:27.881 [OK] Report diagnostica salvato: C:\cellular_speace\reports\manutenzione\correttiva\diagnosi_20260613_171827.json
2026-06-13 17:18:27.901 [OK] Diagnosi Markdown salvata: C:\cellular_speace\data\diagnosi\diagnosi_20260613_171827.md
2026-06-13 17:18:27.913 [DIAG] Diagnostica processi...
2026-06-13 17:18:28.040 [WARN] [medio] Runtime/errore_lettura_snapshot: Errore lettura snapshot: Impossibile convertire la stringa JSON perché un dizionario convertito da tale stringa contiene le chiavi duplicate 'Server' e 'SERVER'.
2026-06-13 17:18:28.164 [DIAG] Generazione raccomandazioni...
2026-06-13 17:18:28.271 [OK] Report diagnostica salvato: C:\cellular_speace\reports\manutenzione\correttiva\diagnosi_20260613_171827.json
2026-06-13 17:18:28.296 [OK] Diagnosi Markdown salvata: C:\cellular_speace\data\diagnosi\diagnosi_20260613_171827.md
2026-06-13 17:18:28.430 [DIAG] Diagnostica memoria...
2026-06-13 17:18:28.928 [DIAG] Diagnostica file...
2026-06-13 17:18:33.175 [DIAG] Diagnostica processi...
2026-06-13 17:18:33.358 [DIAG] Diagnostica log errori...
2026-06-13 17:18:44.036 [ERROR] [critico] Log/errori_recenti: 3353 errori nelle ultime 2 ore
2026-06-13 17:18:44.482 [DIAG] Generazione raccomandazioni...
2026-06-13 17:18:44.708 [FIX] Avvio azioni correttive automatiche...
2026-06-13 17:18:44.714 [INFO] Nessuna azione correttiva automatica disponibile
2026-06-13 17:18:44.734 [OK] Report diagnostica salvato: C:\cellular_speace\reports\manutenzione\correttiva\diagnosi_20260613_171827.json
2026-06-13 17:18:44.760 [OK] Diagnosi Markdown salvata: C:\cellular_speace\data\diagnosi\diagnosi_20260613_171827.md
