2026-06-13 14:26:30.118 [DIAG] Diagnostica processi...
2026-06-13 14:26:30.394 [DIAG] Generazione raccomandazioni...
2026-06-13 14:26:30.577 [OK] Report diagnostica salvato: C:\cellular_speace\reports\manutenzione\correttiva\diagnosi_20260613_142630.json
2026-06-13 14:26:30.607 [OK] Diagnosi Markdown salvata: C:\cellular_speace\data\diagnosi\diagnosi_20260613_142630.md
2026-06-13 14:26:30.774 [DIAG] Diagnostica runtime...
2026-06-13 14:26:30.790 [ERROR] [alto] Runtime/snapshot_vecchio: Snapshot ha 88min (>30min)
2026-06-13 14:26:30.867 [DIAG] Diagnostica processi...
2026-06-13 14:26:31.121 [DIAG] Generazione raccomandazioni...
2026-06-13 14:26:31.200 [WARN] [medio] Runtime/errore_lettura_snapshot: Errore lettura snapshot: Impossibile convertire la stringa JSON perché un dizionario convertito da tale stringa contiene le chiavi duplicate 'Server' e 'SERVER'.
2026-06-13 14:26:31.235 [OK] Report diagnostica salvato: C:\cellular_speace\reports\manutenzione\correttiva\diagnosi_20260613_142630.json
2026-06-13 14:26:31.259 [OK] Diagnosi Markdown salvata: C:\cellular_speace\data\diagnosi\diagnosi_20260613_142630.md
2026-06-13 14:26:31.828 [DIAG] Diagnostica memoria...
2026-06-13 14:26:32.430 [DIAG] Diagnostica file...
2026-06-13 14:26:37.372 [DIAG] Diagnostica processi...
2026-06-13 14:26:37.782 [DIAG] Diagnostica log errori...
2026-06-13 14:26:45.435 [ERROR] [critico] Log/errori_recenti: 2907 errori nelle ultime 2 ore
2026-06-13 14:26:45.461 [DIAG] Generazione raccomandazioni...
2026-06-13 14:26:45.499 [FIX] Avvio azioni correttive automatiche...
2026-06-13 14:26:45.510 [INFO] Nessuna azione correttiva automatica disponibile
2026-06-13 14:26:45.518 [OK] Report diagnostica salvato: C:\cellular_speace\reports\manutenzione\correttiva\diagnosi_20260613_142630.json
2026-06-13 14:26:45.531 [OK] Diagnosi Markdown salvata: C:\cellular_speace\data\diagnosi\diagnosi_20260613_142630.md
