2026-06-13 19:53:45.257 [DIAG] Diagnostica processi...
2026-06-13 19:53:45.354 [ERROR] [critico] Processi/nessun_processo: Nessun processo SPEACE in esecuzione
2026-06-13 19:53:45.370 [DIAG] Generazione raccomandazioni...
2026-06-13 19:53:45.386 [OK] Report diagnostica salvato: C:\cellular_speace\reports\manutenzione\correttiva\diagnosi_20260613_195345.json
2026-06-13 19:53:45.386 [OK] Diagnosi Markdown salvata: C:\cellular_speace\data\diagnosi\diagnosi_20260613_195345.md
2026-06-13 19:53:45.417 [DIAG] Diagnostica runtime...
2026-06-13 19:53:45.417 [ERROR] [alto] Runtime/snapshot_vecchio: Snapshot ha 415.2min (>30min)
2026-06-13 19:53:45.433 [WARN] [medio] Runtime/errore_lettura_snapshot: Errore lettura snapshot: Impossibile convertire la stringa JSON perché un dizionario convertito da tale stringa contiene le chiavi duplicate 'Server' e 'SERVER'.
2026-06-13 19:53:45.449 [DIAG] Diagnostica memoria...
2026-06-13 19:53:45.640 [DIAG] Diagnostica file...
2026-06-13 19:53:49.308 [DIAG] Diagnostica processi...
2026-06-13 19:53:49.424 [ERROR] [critico] Processi/nessun_processo: Nessun processo SPEACE in esecuzione
2026-06-13 19:53:49.434 [DIAG] Diagnostica log errori...
2026-06-13 19:53:54.448 [ERROR] [critico] Log/errori_recenti: 2376 errori nelle ultime 2 ore
2026-06-13 19:53:54.464 [DIAG] Generazione raccomandazioni...
2026-06-13 19:53:54.493 [FIX] Avvio azioni correttive automatiche...
2026-06-13 19:53:54.495 [FIX] Tentativo avvio SPEACE...
2026-06-13 19:53:54.535 [FIX] AZIONE: Avviato SPEACE: C:\cellular_speace\ispettore_manutentore_neurologico_organismico_di_speace\avvio_locale.bat
2026-06-13 19:53:54.542 [OK] Report diagnostica salvato: C:\cellular_speace\reports\manutenzione\correttiva\diagnosi_20260613_195345.json
2026-06-13 19:53:54.547 [OK] Diagnosi Markdown salvata: C:\cellular_speace\data\diagnosi\diagnosi_20260613_195345.md
