2026-06-13 15:02:44.106 [DIAG] Diagnostica processi...
2026-06-13 15:02:44.434 [DIAG] Generazione raccomandazioni...
2026-06-13 15:02:44.544 [OK] Report diagnostica salvato: C:\cellular_speace\reports\manutenzione\correttiva\diagnosi_20260613_150244.json
2026-06-13 15:02:44.573 [OK] Diagnosi Markdown salvata: C:\cellular_speace\data\diagnosi\diagnosi_20260613_150244.md
2026-06-13 15:02:44.579 [DIAG] Diagnostica processi...
2026-06-13 15:02:44.620 [DIAG] Diagnostica runtime...
2026-06-13 15:02:44.642 [ERROR] [alto] Runtime/snapshot_vecchio: Snapshot ha 124.2min (>30min)
2026-06-13 15:02:44.723 [WARN] [medio] Runtime/errore_lettura_snapshot: Errore lettura snapshot: Impossibile convertire la stringa JSON perché un dizionario convertito da tale stringa contiene le chiavi duplicate 'Server' e 'SERVER'.
2026-06-13 15:02:44.745 [DIAG] Diagnostica processi...
2026-06-13 15:02:44.781 [DIAG] Diagnostica memoria...
2026-06-13 15:02:44.812 [DIAG] Generazione raccomandazioni...
2026-06-13 15:02:44.989 [DIAG] Generazione raccomandazioni...
2026-06-13 15:02:44.997 [ERROR] Impossibile salvare report JSON: Il processo non può accedere al file 'C:\cellular_speace\data\logs\manutenzione\correttiva\diagnostica_20260613_150244.log' perché è in uso da un altro processo.
2026-06-13 15:02:45.021 [OK] Diagnosi Markdown salvata: C:\cellular_speace\data\diagnosi\diagnosi_20260613_150244.md
2026-06-13 15:02:45.073 [OK] Report diagnostica salvato: C:\cellular_speace\reports\manutenzione\correttiva\diagnosi_20260613_150244.json
2026-06-13 15:02:45.081 [OK] Diagnosi Markdown salvata: C:\cellular_speace\data\diagnosi\diagnosi_20260613_150244.md
2026-06-13 15:02:45.235 [DIAG] Diagnostica file...
2026-06-13 15:02:51.230 [DIAG] Diagnostica processi...
2026-06-13 15:02:51.506 [DIAG] Diagnostica log errori...
2026-06-13 15:03:04.911 [ERROR] [critico] Log/errori_recenti: 3703 errori nelle ultime 2 ore
2026-06-13 15:03:05.816 [DIAG] Generazione raccomandazioni...
2026-06-13 15:03:06.451 [FIX] Avvio azioni correttive automatiche...
2026-06-13 15:03:06.525 [INFO] Nessuna azione correttiva automatica disponibile
2026-06-13 15:03:06.650 [OK] Report diagnostica salvato: C:\cellular_speace\reports\manutenzione\correttiva\diagnosi_20260613_150244.json
2026-06-13 15:03:06.770 [OK] Diagnosi Markdown salvata: C:\cellular_speace\data\diagnosi\diagnosi_20260613_150244.md
