2026-06-13 17:18:44.162 [DIAG] Diagnostica processi...
2026-06-13 17:18:44.290 [DIAG] Diagnostica processi...
2026-06-13 17:18:44.492 [DIAG] Diagnostica processi...
2026-06-13 17:18:44.508 [ERROR] ERRORE FATALE: Il processo non può accedere al file 'C:\cellular_speace\data\logs\manutenzione\correttiva\diagnostica_20260613_171844.log' perché è in uso da un altro processo.
2026-06-13 17:18:44.621 [DIAG] Generazione raccomandazioni...
2026-06-13 17:18:44.746 [OK] Report diagnostica salvato: C:\cellular_speace\reports\manutenzione\correttiva\diagnosi_20260613_171844.json
2026-06-13 17:18:44.757 [DIAG] Generazione raccomandazioni...
2026-06-13 17:18:44.762 [OK] Diagnosi Markdown salvata: C:\cellular_speace\data\diagnosi\diagnosi_20260613_171844.md
2026-06-13 17:18:44.872 [OK] Report diagnostica salvato: C:\cellular_speace\reports\manutenzione\correttiva\diagnosi_20260613_171844.json
2026-06-13 17:18:44.880 [OK] Diagnosi Markdown salvata: C:\cellular_speace\data\diagnosi\diagnosi_20260613_171844.md
2026-06-13 17:18:45.003 [DIAG] Diagnostica runtime...
2026-06-13 17:18:45.036 [ERROR] [alto] Runtime/snapshot_vecchio: Snapshot ha 260.2min (>30min)
2026-06-13 17:18:45.338 [WARN] [medio] Runtime/errore_lettura_snapshot: Errore lettura snapshot: Impossibile convertire la stringa JSON perché un dizionario convertito da tale stringa contiene le chiavi duplicate 'Server' e 'SERVER'.
2026-06-13 17:18:45.799 [DIAG] Diagnostica memoria...
2026-06-13 17:18:46.329 [DIAG] Diagnostica file...
2026-06-13 17:18:52.509 [DIAG] Diagnostica processi...
2026-06-13 17:18:52.820 [DIAG] Diagnostica log errori...
2026-06-13 17:19:08.396 [ERROR] [critico] Log/errori_recenti: 3368 errori nelle ultime 2 ore
2026-06-13 17:19:08.536 [DIAG] Generazione raccomandazioni...
2026-06-13 17:19:08.654 [FIX] Avvio azioni correttive automatiche...
2026-06-13 17:19:08.660 [INFO] Nessuna azione correttiva automatica disponibile
2026-06-13 17:19:08.679 [OK] Report diagnostica salvato: C:\cellular_speace\reports\manutenzione\correttiva\diagnosi_20260613_171844.json
2026-06-13 17:19:08.693 [OK] Diagnosi Markdown salvata: C:\cellular_speace\data\diagnosi\diagnosi_20260613_171844.md
