2026-06-13 15:09:54.329 [DIAG] Diagnostica processi...
2026-06-13 15:09:54.499 [DIAG] Diagnostica processi...
2026-06-13 15:09:54.608 [DIAG] Generazione raccomandazioni...
2026-06-13 15:09:54.723 [OK] Report diagnostica salvato: C:\cellular_speace\reports\manutenzione\correttiva\diagnosi_20260613_150954.json
2026-06-13 15:09:54.743 [DIAG] Generazione raccomandazioni...
2026-06-13 15:09:54.751 [OK] Diagnosi Markdown salvata: C:\cellular_speace\data\diagnosi\diagnosi_20260613_150954.md
2026-06-13 15:09:54.863 [DIAG] Diagnostica runtime...
2026-06-13 15:09:54.873 [ERROR] [alto] Runtime/snapshot_vecchio: Snapshot ha 131.4min (>30min)
2026-06-13 15:09:54.875 [OK] Report diagnostica salvato: C:\cellular_speace\reports\manutenzione\correttiva\diagnosi_20260613_150954.json
2026-06-13 15:09:54.891 [OK] Diagnosi Markdown salvata: C:\cellular_speace\data\diagnosi\diagnosi_20260613_150954.md
2026-06-13 15:09:55.050 [DIAG] Diagnostica runtime...
2026-06-13 15:09:55.058 [ERROR] [alto] Runtime/snapshot_vecchio: Snapshot ha 131.4min (>30min)
2026-06-13 15:09:55.082 [WARN] [medio] Runtime/errore_lettura_snapshot: Errore lettura snapshot: Impossibile convertire la stringa JSON perché un dizionario convertito da tale stringa contiene le chiavi duplicate 'Server' e 'SERVER'.
2026-06-13 15:09:55.243 [WARN] [medio] Runtime/errore_lettura_snapshot: Errore lettura snapshot: Impossibile convertire la stringa JSON perché un dizionario convertito da tale stringa contiene le chiavi duplicate 'Server' e 'SERVER'.
2026-06-13 15:09:55.279 [DIAG] Diagnostica memoria...
2026-06-13 15:09:55.310 [DIAG] Diagnostica memoria...
2026-06-13 15:09:55.889 [DIAG] Diagnostica file...
2026-06-13 15:09:55.891 [DIAG] Diagnostica file...
2026-06-13 15:10:02.923 [DIAG] Diagnostica processi...
2026-06-13 15:10:03.053 [DIAG] Diagnostica processi...
2026-06-13 15:10:03.264 [DIAG] Diagnostica log errori...
2026-06-13 15:10:03.354 [DIAG] Diagnostica log errori...
2026-06-13 15:10:14.990 [ERROR] [critico] Log/errori_recenti: 3668 errori nelle ultime 2 ore
2026-06-13 15:10:15.531 [DIAG] Generazione raccomandazioni...
2026-06-13 15:10:15.741 [FIX] Avvio azioni correttive automatiche...
2026-06-13 15:10:15.768 [INFO] Nessuna azione correttiva automatica disponibile
2026-06-13 15:10:15.788 [OK] Report diagnostica salvato: C:\cellular_speace\reports\manutenzione\correttiva\diagnosi_20260613_150954.json
2026-06-13 15:10:15.844 [OK] Diagnosi Markdown salvata: C:\cellular_speace\data\diagnosi\diagnosi_20260613_150954.md
2026-06-13 15:10:16.278 [ERROR] [critico] Log/errori_recenti: 3670 errori nelle ultime 2 ore
2026-06-13 15:10:16.485 [DIAG] Generazione raccomandazioni...
2026-06-13 15:10:16.707 [FIX] Avvio azioni correttive automatiche...
2026-06-13 15:10:16.713 [INFO] Nessuna azione correttiva automatica disponibile
2026-06-13 15:10:16.727 [OK] Report diagnostica salvato: C:\cellular_speace\reports\manutenzione\correttiva\diagnosi_20260613_150954.json
2026-06-13 15:10:16.749 [OK] Diagnosi Markdown salvata: C:\cellular_speace\data\diagnosi\diagnosi_20260613_150954.md
