2026-06-13 14:50:40.247 [DIAG] Diagnostica processi...
2026-06-13 14:50:40.555 [DIAG] Generazione raccomandazioni...
2026-06-13 14:50:40.787 [DIAG] Diagnostica processi...
2026-06-13 14:50:40.867 [OK] Report diagnostica salvato: C:\cellular_speace\reports\manutenzione\correttiva\diagnosi_20260613_145040.json
2026-06-13 14:50:40.891 [OK] Diagnosi Markdown salvata: C:\cellular_speace\data\diagnosi\diagnosi_20260613_145040.md
2026-06-13 14:50:41.142 [DIAG] Diagnostica runtime...
2026-06-13 14:50:41.160 [ERROR] [alto] Runtime/snapshot_vecchio: Snapshot ha 112.1min (>30min)
2026-06-13 14:50:41.443 [DIAG] Generazione raccomandazioni...
2026-06-13 14:50:41.470 [WARN] [medio] Runtime/errore_lettura_snapshot: Errore lettura snapshot: Impossibile convertire la stringa JSON perché un dizionario convertito da tale stringa contiene le chiavi duplicate 'Server' e 'SERVER'.
2026-06-13 14:50:41.605 [OK] Report diagnostica salvato: C:\cellular_speace\reports\manutenzione\correttiva\diagnosi_20260613_145040.json
2026-06-13 14:50:41.616 [OK] Diagnosi Markdown salvata: C:\cellular_speace\data\diagnosi\diagnosi_20260613_145040.md
2026-06-13 14:50:41.954 [DIAG] Diagnostica memoria...
2026-06-13 14:50:42.540 [DIAG] Diagnostica file...
2026-06-13 14:50:48.136 [DIAG] Diagnostica processi...
2026-06-13 14:50:48.462 [DIAG] Diagnostica log errori...
2026-06-13 14:51:05.067 [ERROR] [critico] Log/errori_recenti: 3555 errori nelle ultime 2 ore
2026-06-13 14:51:06.111 [DIAG] Generazione raccomandazioni...
2026-06-13 14:51:06.810 [FIX] Avvio azioni correttive automatiche...
2026-06-13 14:51:06.964 [INFO] Nessuna azione correttiva automatica disponibile
2026-06-13 14:51:07.033 [OK] Report diagnostica salvato: C:\cellular_speace\reports\manutenzione\correttiva\diagnosi_20260613_145040.json
2026-06-13 14:51:07.253 [OK] Diagnosi Markdown salvata: C:\cellular_speace\data\diagnosi\diagnosi_20260613_145040.md
