2026-06-13 16:13:36.424 [DIAG] Diagnostica processi...
2026-06-13 16:13:36.560 [DIAG] Generazione raccomandazioni...
2026-06-13 16:13:36.574 [OK] Report diagnostica salvato: C:\cellular_speace\reports\manutenzione\correttiva\diagnosi_20260613_161336.json
2026-06-13 16:13:36.574 [OK] Diagnosi Markdown salvata: C:\cellular_speace\data\diagnosi\diagnosi_20260613_161336.md
2026-06-13 16:13:36.602 [DIAG] Diagnostica runtime...
2026-06-13 16:13:36.606 [ERROR] [alto] Runtime/snapshot_vecchio: Snapshot ha 195.1min (>30min)
2026-06-13 16:13:36.621 [WARN] [medio] Runtime/errore_lettura_snapshot: Errore lettura snapshot: Impossibile convertire la stringa JSON perché un dizionario convertito da tale stringa contiene le chiavi duplicate 'Server' e 'SERVER'.
2026-06-13 16:13:36.637 [DIAG] Diagnostica memoria...
2026-06-13 16:13:36.812 [DIAG] Diagnostica processi...
2026-06-13 16:13:36.859 [DIAG] Diagnostica file...
2026-06-13 16:13:36.915 [DIAG] Generazione raccomandazioni...
2026-06-13 16:13:36.923 [OK] Report diagnostica salvato: C:\cellular_speace\reports\manutenzione\correttiva\diagnosi_20260613_161336.json
2026-06-13 16:13:36.923 [OK] Diagnosi Markdown salvata: C:\cellular_speace\data\diagnosi\diagnosi_20260613_161336.md
2026-06-13 16:13:39.253 [DIAG] Diagnostica processi...
2026-06-13 16:13:39.352 [DIAG] Diagnostica log errori...
2026-06-13 16:13:43.139 [ERROR] [critico] Log/errori_recenti: 3349 errori nelle ultime 2 ore
2026-06-13 16:13:43.155 [DIAG] Generazione raccomandazioni...
2026-06-13 16:13:43.165 [FIX] Avvio azioni correttive automatiche...
2026-06-13 16:13:43.165 [INFO] Nessuna azione correttiva automatica disponibile
2026-06-13 16:13:43.171 [OK] Report diagnostica salvato: C:\cellular_speace\reports\manutenzione\correttiva\diagnosi_20260613_161336.json
2026-06-13 16:13:43.171 [OK] Diagnosi Markdown salvata: C:\cellular_speace\data\diagnosi\diagnosi_20260613_161336.md
