2026-06-13 16:48:20.767 [DIAG] Diagnostica runtime...
2026-06-13 16:48:20.778 [DIAG] Diagnostica processi...
2026-06-13 16:48:20.796 [ERROR] [alto] Runtime/snapshot_vecchio: Snapshot ha 229.8min (>30min)
2026-06-13 16:48:20.967 [DIAG] Diagnostica runtime...
2026-06-13 16:48:20.983 [ERROR] [alto] Runtime/snapshot_vecchio: Snapshot ha 229.8min (>30min)
2026-06-13 16:48:21.064 [DIAG] Generazione raccomandazioni...
2026-06-13 16:48:21.201 [WARN] [medio] Runtime/errore_lettura_snapshot: Errore lettura snapshot: Impossibile convertire la stringa JSON perché un dizionario convertito da tale stringa contiene le chiavi duplicate 'Server' e 'SERVER'.
2026-06-13 16:48:21.268 [OK] Report diagnostica salvato: C:\cellular_speace\reports\manutenzione\correttiva\diagnosi_20260613_164820.json
2026-06-13 16:48:21.321 [OK] Diagnosi Markdown salvata: C:\cellular_speace\data\diagnosi\diagnosi_20260613_164820.md
2026-06-13 16:48:21.347 [WARN] [medio] Runtime/errore_lettura_snapshot: Errore lettura snapshot: Impossibile convertire la stringa JSON perché un dizionario convertito da tale stringa contiene le chiavi duplicate 'Server' e 'SERVER'.
2026-06-13 16:48:21.919 [DIAG] Diagnostica memoria...
2026-06-13 16:48:21.937 [ERROR] ERRORE FATALE: Il processo non può accedere al file 'C:\cellular_speace\data\logs\manutenzione\correttiva\diagnostica_20260613_164820.log' perché è in uso da un altro processo.
2026-06-13 16:48:22.403 [DIAG] Diagnostica file...
2026-06-13 16:48:27.554 [DIAG] Diagnostica processi...
2026-06-13 16:48:27.806 [DIAG] Diagnostica log errori...
2026-06-13 16:48:36.093 [ERROR] [critico] Log/errori_recenti: 3348 errori nelle ultime 2 ore
2026-06-13 16:48:36.103 [DIAG] Generazione raccomandazioni...
2026-06-13 16:48:36.124 [FIX] Avvio azioni correttive automatiche...
2026-06-13 16:48:36.126 [INFO] Nessuna azione correttiva automatica disponibile
2026-06-13 16:48:36.132 [OK] Report diagnostica salvato: C:\cellular_speace\reports\manutenzione\correttiva\diagnosi_20260613_164820.json
2026-06-13 16:48:36.137 [OK] Diagnosi Markdown salvata: C:\cellular_speace\data\diagnosi\diagnosi_20260613_164820.md
