2026-06-13 17:48:56.156 [DIAG] Diagnostica processi...
2026-06-13 17:48:56.433 [DIAG] Generazione raccomandazioni...
2026-06-13 17:48:56.585 [OK] Report diagnostica salvato: C:\cellular_speace\reports\manutenzione\correttiva\diagnosi_20260613_174856.json
2026-06-13 17:48:56.604 [OK] Diagnosi Markdown salvata: C:\cellular_speace\data\diagnosi\diagnosi_20260613_174856.md
2026-06-13 17:48:56.727 [DIAG] Diagnostica runtime...
2026-06-13 17:48:56.755 [ERROR] [alto] Runtime/snapshot_vecchio: Snapshot ha 290.4min (>30min)
2026-06-13 17:48:56.954 [WARN] [medio] Runtime/errore_lettura_snapshot: Errore lettura snapshot: Impossibile convertire la stringa JSON perché un dizionario convertito da tale stringa contiene le chiavi duplicate 'Server' e 'SERVER'.
2026-06-13 17:48:56.960 [DIAG] Diagnostica processi...
2026-06-13 17:48:57.003 [DIAG] Diagnostica memoria...
2026-06-13 17:48:57.209 [DIAG] Generazione raccomandazioni...
2026-06-13 17:48:57.233 [OK] Report diagnostica salvato: C:\cellular_speace\reports\manutenzione\correttiva\diagnosi_20260613_174856.json
2026-06-13 17:48:57.239 [OK] Diagnosi Markdown salvata: C:\cellular_speace\data\diagnosi\diagnosi_20260613_174856.md
2026-06-13 17:48:57.419 [DIAG] Diagnostica file...
2026-06-13 17:49:02.915 [DIAG] Diagnostica processi...
2026-06-13 17:49:03.244 [DIAG] Diagnostica log errori...
2026-06-13 17:49:14.717 [ERROR] [critico] Log/errori_recenti: 3375 errori nelle ultime 2 ore
2026-06-13 17:49:14.837 [DIAG] Generazione raccomandazioni...
2026-06-13 17:49:14.972 [FIX] Avvio azioni correttive automatiche...
2026-06-13 17:49:14.985 [INFO] Nessuna azione correttiva automatica disponibile
2026-06-13 17:49:14.997 [OK] Report diagnostica salvato: C:\cellular_speace\reports\manutenzione\correttiva\diagnosi_20260613_174856.json
2026-06-13 17:49:15.013 [OK] Diagnosi Markdown salvata: C:\cellular_speace\data\diagnosi\diagnosi_20260613_174856.md
