2026-06-13 13:14:24.585 [DIAG] Diagnostica processi...
2026-06-13 13:14:24.881 [DIAG] Generazione raccomandazioni...
2026-06-13 13:14:24.926 [OK] Report diagnostica salvato: C:\cellular_speace\reports\manutenzione\correttiva\diagnosi_20260613_131424.json
2026-06-13 13:14:24.932 [OK] Diagnosi Markdown salvata: C:\cellular_speace\data\diagnosi\diagnosi_20260613_131424.md
2026-06-13 13:14:24.972 [DIAG] Diagnostica runtime...
2026-06-13 13:14:24.993 [DIAG] Diagnostica processi...
2026-06-13 13:14:25.014 [ERROR] [alto] Runtime/tick_stall: Tick non avanza: #213095, eta 29688919.3min
2026-06-13 13:14:25.042 [WARN] [medio] Runtime/errore_lettura_snapshot: Errore lettura snapshot: Impossibile convertire la stringa JSON perché un dizionario convertito da tale stringa contiene le chiavi duplicate 'Server' e 'SERVER'.
2026-06-13 13:14:25.071 [DIAG] Diagnostica memoria...
2026-06-13 13:14:25.235 [DIAG] Generazione raccomandazioni...
2026-06-13 13:14:25.260 [OK] Report diagnostica salvato: C:\cellular_speace\reports\manutenzione\correttiva\diagnosi_20260613_131424.json
2026-06-13 13:14:25.267 [OK] Diagnosi Markdown salvata: C:\cellular_speace\data\diagnosi\diagnosi_20260613_131424.md
2026-06-13 13:14:25.454 [DIAG] Diagnostica file...
2026-06-13 13:14:29.187 [DIAG] Diagnostica processi...
2026-06-13 13:14:29.367 [DIAG] Diagnostica log errori...
2026-06-13 13:14:30.079 [ERROR] [critico] Log/errori_recenti: 915 errori nelle ultime 2 ore
2026-06-13 13:14:30.100 [DIAG] Generazione raccomandazioni...
2026-06-13 13:14:30.156 [FIX] Avvio azioni correttive automatiche...
2026-06-13 13:14:30.168 [INFO] Nessuna azione correttiva automatica disponibile
2026-06-13 13:14:30.176 [OK] Report diagnostica salvato: C:\cellular_speace\reports\manutenzione\correttiva\diagnosi_20260613_131424.json
2026-06-13 13:14:30.181 [OK] Diagnosi Markdown salvata: C:\cellular_speace\data\diagnosi\diagnosi_20260613_131424.md
