2026-06-13 16:18:38.184 [DIAG] Diagnostica processi...
2026-06-13 16:18:38.454 [DIAG] Diagnostica runtime...
2026-06-13 16:18:38.466 [ERROR] [alto] Runtime/snapshot_vecchio: Snapshot ha 200.1min (>30min)
2026-06-13 16:18:38.556 [DIAG] Generazione raccomandazioni...
2026-06-13 16:18:38.715 [OK] Report diagnostica salvato: C:\cellular_speace\reports\manutenzione\correttiva\diagnosi_20260613_161838.json
2026-06-13 16:18:38.733 [OK] Diagnosi Markdown salvata: C:\cellular_speace\data\diagnosi\diagnosi_20260613_161838.md
2026-06-13 16:18:38.862 [DIAG] Diagnostica runtime...
2026-06-13 16:18:38.873 [ERROR] [alto] Runtime/snapshot_vecchio: Snapshot ha 200.1min (>30min)
2026-06-13 16:18:38.881 [WARN] [medio] Runtime/errore_lettura_snapshot: Errore lettura snapshot: Impossibile convertire la stringa JSON perché un dizionario convertito da tale stringa contiene le chiavi duplicate 'Server' e 'SERVER'.
2026-06-13 16:18:39.164 [WARN] [medio] Runtime/errore_lettura_snapshot: Errore lettura snapshot: Impossibile convertire la stringa JSON perché un dizionario convertito da tale stringa contiene le chiavi duplicate 'Server' e 'SERVER'.
2026-06-13 16:18:39.591 [DIAG] Diagnostica memoria...
2026-06-13 16:18:39.921 [DIAG] Diagnostica memoria...
2026-06-13 16:18:40.092 [DIAG] Diagnostica file...
2026-06-13 16:18:40.446 [DIAG] Diagnostica file...
2026-06-13 16:18:45.397 [DIAG] Diagnostica processi...
2026-06-13 16:18:45.675 [DIAG] Diagnostica log errori...
2026-06-13 16:18:45.743 [DIAG] Diagnostica processi...
2026-06-13 16:18:46.462 [DIAG] Diagnostica log errori...
2026-06-13 16:18:53.539 [ERROR] [critico] Log/errori_recenti: 3406 errori nelle ultime 2 ore
2026-06-13 16:18:53.548 [DIAG] Generazione raccomandazioni...
2026-06-13 16:18:53.566 [FIX] Avvio azioni correttive automatiche...
2026-06-13 16:18:53.571 [INFO] Nessuna azione correttiva automatica disponibile
2026-06-13 16:18:53.580 [OK] Report diagnostica salvato: C:\cellular_speace\reports\manutenzione\correttiva\diagnosi_20260613_161838.json
2026-06-13 16:18:53.584 [OK] Diagnosi Markdown salvata: C:\cellular_speace\data\diagnosi\diagnosi_20260613_161838.md
2026-06-13 16:18:53.923 [ERROR] [critico] Log/errori_recenti: 3407 errori nelle ultime 2 ore
2026-06-13 16:18:53.945 [DIAG] Generazione raccomandazioni...
2026-06-13 16:18:53.955 [FIX] Avvio azioni correttive automatiche...
2026-06-13 16:18:53.955 [INFO] Nessuna azione correttiva automatica disponibile
2026-06-13 16:18:53.971 [OK] Report diagnostica salvato: C:\cellular_speace\reports\manutenzione\correttiva\diagnosi_20260613_161838.json
2026-06-13 16:18:53.979 [OK] Diagnosi Markdown salvata: C:\cellular_speace\data\diagnosi\diagnosi_20260613_161838.md
