2026-06-13 13:44:37.343 [DIAG] Diagnostica processi...
2026-06-13 13:44:37.446 [DIAG] Diagnostica processi...
2026-06-13 13:44:37.556 [DIAG] Generazione raccomandazioni...
2026-06-13 13:44:37.586 [OK] Report diagnostica salvato: C:\cellular_speace\reports\manutenzione\correttiva\diagnosi_20260613_134437.json
2026-06-13 13:44:37.592 [OK] Diagnosi Markdown salvata: C:\cellular_speace\data\diagnosi\diagnosi_20260613_134437.md
2026-06-13 13:44:37.626 [DIAG] Diagnostica runtime...
2026-06-13 13:44:37.631 [ERROR] [alto] Runtime/snapshot_vecchio: Snapshot ha 46.1min (>30min)
2026-06-13 13:44:37.653 [WARN] [medio] Runtime/errore_lettura_snapshot: Errore lettura snapshot: Impossibile convertire la stringa JSON perché un dizionario convertito da tale stringa contiene le chiavi duplicate 'Server' e 'SERVER'.
2026-06-13 13:44:37.673 [DIAG] Diagnostica memoria...
2026-06-13 13:44:37.700 [DIAG] Generazione raccomandazioni...
2026-06-13 13:44:37.733 [OK] Report diagnostica salvato: C:\cellular_speace\reports\manutenzione\correttiva\diagnosi_20260613_134437.json
2026-06-13 13:44:37.739 [OK] Diagnosi Markdown salvata: C:\cellular_speace\data\diagnosi\diagnosi_20260613_134437.md
2026-06-13 13:44:37.774 [DIAG] Diagnostica runtime...
2026-06-13 13:44:37.780 [ERROR] [alto] Runtime/snapshot_vecchio: Snapshot ha 46.1min (>30min)
2026-06-13 13:44:37.809 [WARN] [medio] Runtime/errore_lettura_snapshot: Errore lettura snapshot: Impossibile convertire la stringa JSON perché un dizionario convertito da tale stringa contiene le chiavi duplicate 'Server' e 'SERVER'.
2026-06-13 13:44:37.825 [DIAG] Diagnostica memoria...
2026-06-13 13:44:38.070 [DIAG] Diagnostica file...
2026-06-13 13:44:38.202 [DIAG] Diagnostica file...
2026-06-13 13:44:41.860 [DIAG] Diagnostica processi...
2026-06-13 13:44:42.008 [DIAG] Diagnostica processi...
2026-06-13 13:44:42.061 [DIAG] Diagnostica log errori...
2026-06-13 13:44:42.223 [DIAG] Diagnostica log errori...
2026-06-13 13:44:45.441 [ERROR] [critico] Log/errori_recenti: 1723 errori nelle ultime 2 ore
2026-06-13 13:44:45.454 [DIAG] Generazione raccomandazioni...
2026-06-13 13:44:45.494 [FIX] Avvio azioni correttive automatiche...
2026-06-13 13:44:45.498 [INFO] Nessuna azione correttiva automatica disponibile
2026-06-13 13:44:45.504 [OK] Report diagnostica salvato: C:\cellular_speace\reports\manutenzione\correttiva\diagnosi_20260613_134437.json
2026-06-13 13:44:45.510 [OK] Diagnosi Markdown salvata: C:\cellular_speace\data\diagnosi\diagnosi_20260613_134437.md
2026-06-13 13:44:45.839 [ERROR] [critico] Log/errori_recenti: 1724 errori nelle ultime 2 ore
2026-06-13 13:44:45.860 [DIAG] Generazione raccomandazioni...
2026-06-13 13:44:45.895 [FIX] Avvio azioni correttive automatiche...
2026-06-13 13:44:45.904 [INFO] Nessuna azione correttiva automatica disponibile
2026-06-13 13:44:45.912 [OK] Report diagnostica salvato: C:\cellular_speace\reports\manutenzione\correttiva\diagnosi_20260613_134437.json
2026-06-13 13:44:45.928 [OK] Diagnosi Markdown salvata: C:\cellular_speace\data\diagnosi\diagnosi_20260613_134437.md
