2026-06-13 14:42:27.179 [DIAG] Diagnostica runtime...
2026-06-13 14:42:27.185 [ERROR] [alto] Runtime/snapshot_vecchio: Snapshot ha 103.9min (>30min)
2026-06-13 14:42:27.202 [DIAG] Diagnostica processi...
2026-06-13 14:42:27.438 [WARN] [medio] Runtime/errore_lettura_snapshot: Errore lettura snapshot: Impossibile convertire la stringa JSON perché un dizionario convertito da tale stringa contiene le chiavi duplicate 'Server' e 'SERVER'.
2026-06-13 14:42:27.523 [DIAG] Generazione raccomandazioni...
2026-06-13 14:42:27.582 [OK] Report diagnostica salvato: C:\cellular_speace\reports\manutenzione\correttiva\diagnosi_20260613_144227.json
2026-06-13 14:42:27.596 [OK] Diagnosi Markdown salvata: C:\cellular_speace\data\diagnosi\diagnosi_20260613_144227.md
2026-06-13 14:42:27.754 [DIAG] Diagnostica runtime...
2026-06-13 14:42:27.767 [ERROR] [alto] Runtime/snapshot_vecchio: Snapshot ha 103.9min (>30min)
2026-06-13 14:42:27.908 [DIAG] Diagnostica memoria...
2026-06-13 14:42:28.036 [WARN] [medio] Runtime/errore_lettura_snapshot: Errore lettura snapshot: Impossibile convertire la stringa JSON perché un dizionario convertito da tale stringa contiene le chiavi duplicate 'Server' e 'SERVER'.
2026-06-13 14:42:28.655 [DIAG] Diagnostica file...
2026-06-13 14:42:29.088 [DIAG] Diagnostica memoria...
2026-06-13 14:42:29.862 [DIAG] Diagnostica file...
2026-06-13 14:42:34.580 [DIAG] Diagnostica processi...
2026-06-13 14:42:34.939 [DIAG] Diagnostica log errori...
2026-06-13 14:42:36.506 [DIAG] Diagnostica processi...
2026-06-13 14:42:36.894 [DIAG] Diagnostica log errori...
2026-06-13 14:42:44.024 [ERROR] [critico] Log/errori_recenti: 3321 errori nelle ultime 2 ore
2026-06-13 14:42:44.209 [DIAG] Generazione raccomandazioni...
2026-06-13 14:42:44.388 [FIX] Avvio azioni correttive automatiche...
2026-06-13 14:42:44.401 [INFO] Nessuna azione correttiva automatica disponibile
2026-06-13 14:42:44.435 [OK] Report diagnostica salvato: C:\cellular_speace\reports\manutenzione\correttiva\diagnosi_20260613_144227.json
2026-06-13 14:42:44.452 [OK] Diagnosi Markdown salvata: C:\cellular_speace\data\diagnosi\diagnosi_20260613_144227.md
2026-06-13 14:42:45.940 [ERROR] [critico] Log/errori_recenti: 3324 errori nelle ultime 2 ore
2026-06-13 14:42:45.964 [DIAG] Generazione raccomandazioni...
2026-06-13 14:42:45.999 [FIX] Avvio azioni correttive automatiche...
2026-06-13 14:42:46.003 [INFO] Nessuna azione correttiva automatica disponibile
2026-06-13 14:42:46.013 [OK] Report diagnostica salvato: C:\cellular_speace\reports\manutenzione\correttiva\diagnosi_20260613_144227.json
2026-06-13 14:42:46.020 [OK] Diagnosi Markdown salvata: C:\cellular_speace\data\diagnosi\diagnosi_20260613_144227.md
