2026-06-13 13:17:48.584 [DIAG] Diagnostica processi...
2026-06-13 13:17:48.735 [DIAG] Generazione raccomandazioni...
2026-06-13 13:17:48.758 [OK] Report diagnostica salvato: C:\cellular_speace\reports\manutenzione\correttiva\diagnosi_20260613_131748.json
2026-06-13 13:17:48.758 [OK] Diagnosi Markdown salvata: C:\cellular_speace\data\diagnosi\diagnosi_20260613_131748.md
2026-06-13 13:17:48.790 [DIAG] Diagnostica runtime...
2026-06-13 13:17:48.819 [WARN] [medio] Runtime/errore_lettura_snapshot: Errore lettura snapshot: Impossibile convertire la stringa JSON perché un dizionario convertito da tale stringa contiene le chiavi duplicate 'Server' e 'SERVER'.
2026-06-13 13:17:48.831 [DIAG] Diagnostica memoria...
2026-06-13 13:17:48.972 [DIAG] Diagnostica processi...
2026-06-13 13:17:49.129 [DIAG] Generazione raccomandazioni...
2026-06-13 13:17:49.148 [DIAG] Diagnostica file...
2026-06-13 13:17:49.154 [OK] Report diagnostica salvato: C:\cellular_speace\reports\manutenzione\correttiva\diagnosi_20260613_131748.json
2026-06-13 13:17:49.154 [OK] Diagnosi Markdown salvata: C:\cellular_speace\data\diagnosi\diagnosi_20260613_131748.md
2026-06-13 13:17:51.728 [DIAG] Diagnostica processi...
2026-06-13 13:17:51.858 [DIAG] Diagnostica log errori...
2026-06-13 13:17:52.602 [ERROR] [critico] Log/errori_recenti: 1015 errori nelle ultime 2 ore
2026-06-13 13:17:52.618 [DIAG] Generazione raccomandazioni...
2026-06-13 13:17:52.652 [FIX] Avvio azioni correttive automatiche...
2026-06-13 13:17:52.654 [INFO] Nessuna azione correttiva automatica disponibile
2026-06-13 13:17:52.654 [OK] Report diagnostica salvato: C:\cellular_speace\reports\manutenzione\correttiva\diagnosi_20260613_131748.json
2026-06-13 13:17:52.654 [OK] Diagnosi Markdown salvata: C:\cellular_speace\data\diagnosi\diagnosi_20260613_131748.md
