2026-06-13 14:26:20.155 [DIAG] Diagnostica processi...
2026-06-13 14:26:20.341 [DIAG] Generazione raccomandazioni...
2026-06-13 14:26:20.376 [OK] Report diagnostica salvato: C:\cellular_speace\reports\manutenzione\correttiva\diagnosi_20260613_142620.json
2026-06-13 14:26:20.382 [OK] Diagnosi Markdown salvata: C:\cellular_speace\data\diagnosi\diagnosi_20260613_142620.md
2026-06-13 14:26:20.420 [DIAG] Diagnostica runtime...
2026-06-13 14:26:20.426 [ERROR] [alto] Runtime/snapshot_vecchio: Snapshot ha 87.8min (>30min)
2026-06-13 14:26:20.481 [WARN] [medio] Runtime/errore_lettura_snapshot: Errore lettura snapshot: Impossibile convertire la stringa JSON perché un dizionario convertito da tale stringa contiene le chiavi duplicate 'Server' e 'SERVER'.
2026-06-13 14:26:20.521 [DIAG] Diagnostica memoria...
2026-06-13 14:26:20.645 [DIAG] Diagnostica processi...
2026-06-13 14:26:20.845 [DIAG] Generazione raccomandazioni...
2026-06-13 14:26:20.868 [OK] Report diagnostica salvato: C:\cellular_speace\reports\manutenzione\correttiva\diagnosi_20260613_142620.json
2026-06-13 14:26:20.874 [OK] Diagnosi Markdown salvata: C:\cellular_speace\data\diagnosi\diagnosi_20260613_142620.md
2026-06-13 14:26:20.924 [DIAG] Diagnostica file...
2026-06-13 14:26:25.567 [DIAG] Diagnostica processi...
2026-06-13 14:26:25.808 [DIAG] Diagnostica log errori...
2026-06-13 14:26:34.549 [ERROR] [critico] Log/errori_recenti: 2895 errori nelle ultime 2 ore
2026-06-13 14:26:34.921 [DIAG] Generazione raccomandazioni...
2026-06-13 14:26:35.052 [FIX] Avvio azioni correttive automatiche...
2026-06-13 14:26:35.061 [INFO] Nessuna azione correttiva automatica disponibile
2026-06-13 14:26:35.075 [OK] Report diagnostica salvato: C:\cellular_speace\reports\manutenzione\correttiva\diagnosi_20260613_142620.json
2026-06-13 14:26:35.114 [OK] Diagnosi Markdown salvata: C:\cellular_speace\data\diagnosi\diagnosi_20260613_142620.md
