2026-06-13 14:58:56.477 [DIAG] Diagnostica processi...
2026-06-13 14:58:56.571 [DIAG] Diagnostica processi...
2026-06-13 14:58:56.624 [DIAG] Generazione raccomandazioni...
2026-06-13 14:58:56.648 [OK] Report diagnostica salvato: C:\cellular_speace\reports\manutenzione\correttiva\diagnosi_20260613_145856.json
2026-06-13 14:58:56.650 [OK] Diagnosi Markdown salvata: C:\cellular_speace\data\diagnosi\diagnosi_20260613_145856.md
2026-06-13 14:58:56.677 [DIAG] Diagnostica runtime...
2026-06-13 14:58:56.682 [ERROR] [alto] Runtime/snapshot_vecchio: Snapshot ha 120.4min (>30min)
2026-06-13 14:58:56.719 [WARN] [medio] Runtime/errore_lettura_snapshot: Errore lettura snapshot: Impossibile convertire la stringa JSON perché un dizionario convertito da tale stringa contiene le chiavi duplicate 'Server' e 'SERVER'.
2026-06-13 14:58:56.737 [DIAG] Diagnostica memoria...
2026-06-13 14:58:56.761 [DIAG] Generazione raccomandazioni...
2026-06-13 14:58:56.783 [OK] Report diagnostica salvato: C:\cellular_speace\reports\manutenzione\correttiva\diagnosi_20260613_145856.json
2026-06-13 14:58:56.786 [OK] Diagnosi Markdown salvata: C:\cellular_speace\data\diagnosi\diagnosi_20260613_145856.md
2026-06-13 14:58:57.047 [DIAG] Diagnostica file...
2026-06-13 14:58:59.920 [DIAG] Diagnostica processi...
2026-06-13 14:59:00.047 [DIAG] Diagnostica log errori...
2026-06-13 14:59:05.165 [ERROR] [critico] Log/errori_recenti: 3645 errori nelle ultime 2 ore
2026-06-13 14:59:05.176 [DIAG] Generazione raccomandazioni...
2026-06-13 14:59:05.208 [FIX] Avvio azioni correttive automatiche...
2026-06-13 14:59:05.212 [INFO] Nessuna azione correttiva automatica disponibile
2026-06-13 14:59:05.218 [OK] Report diagnostica salvato: C:\cellular_speace\reports\manutenzione\correttiva\diagnosi_20260613_145856.json
2026-06-13 14:59:05.224 [OK] Diagnosi Markdown salvata: C:\cellular_speace\data\diagnosi\diagnosi_20260613_145856.md
