2026-06-13 15:14:21.146 [DIAG] Diagnostica processi...
2026-06-13 15:14:21.310 [DIAG] Generazione raccomandazioni...
2026-06-13 15:14:21.325 [OK] Report diagnostica salvato: C:\cellular_speace\reports\manutenzione\correttiva\diagnosi_20260613_151421.json
2026-06-13 15:14:21.325 [OK] Diagnosi Markdown salvata: C:\cellular_speace\data\diagnosi\diagnosi_20260613_151421.md
2026-06-13 15:14:21.403 [DIAG] Diagnostica processi...
2026-06-13 15:14:21.542 [DIAG] Generazione raccomandazioni...
2026-06-13 15:14:21.564 [OK] Report diagnostica salvato: C:\cellular_speace\reports\manutenzione\correttiva\diagnosi_20260613_151421.json
2026-06-13 15:14:21.581 [OK] Diagnosi Markdown salvata: C:\cellular_speace\data\diagnosi\diagnosi_20260613_151421.md
2026-06-13 15:14:21.604 [DIAG] Diagnostica runtime...
2026-06-13 15:14:21.614 [ERROR] [alto] Runtime/snapshot_vecchio: Snapshot ha 135.8min (>30min)
2026-06-13 15:14:21.634 [WARN] [medio] Runtime/errore_lettura_snapshot: Errore lettura snapshot: Impossibile convertire la stringa JSON perché un dizionario convertito da tale stringa contiene le chiavi duplicate 'Server' e 'SERVER'.
2026-06-13 15:14:21.651 [DIAG] Diagnostica memoria...
2026-06-13 15:14:21.916 [DIAG] Diagnostica file...
2026-06-13 15:14:25.171 [DIAG] Diagnostica processi...
2026-06-13 15:14:25.315 [DIAG] Diagnostica log errori...
2026-06-13 15:14:32.308 [ERROR] [critico] Log/errori_recenti: 3500 errori nelle ultime 2 ore
2026-06-13 15:14:32.335 [DIAG] Generazione raccomandazioni...
2026-06-13 15:14:32.371 [FIX] Avvio azioni correttive automatiche...
2026-06-13 15:14:32.374 [INFO] Nessuna azione correttiva automatica disponibile
2026-06-13 15:14:32.380 [OK] Report diagnostica salvato: C:\cellular_speace\reports\manutenzione\correttiva\diagnosi_20260613_151421.json
2026-06-13 15:14:32.388 [OK] Diagnosi Markdown salvata: C:\cellular_speace\data\diagnosi\diagnosi_20260613_151421.md
