2026-06-13 18:08:04.035 [DIAG] Diagnostica runtime...
2026-06-13 18:08:04.042 [ERROR] [alto] Runtime/snapshot_vecchio: Snapshot ha 309.5min (>30min)
2026-06-13 18:08:04.063 [WARN] [medio] Runtime/errore_lettura_snapshot: Errore lettura snapshot: Impossibile convertire la stringa JSON perché un dizionario convertito da tale stringa contiene le chiavi duplicate 'Server' e 'SERVER'.
2026-06-13 18:08:04.085 [DIAG] Diagnostica memoria...
2026-06-13 18:08:04.325 [DIAG] Diagnostica processi...
2026-06-13 18:08:04.428 [DIAG] Diagnostica file...
2026-06-13 18:08:04.519 [DIAG] Generazione raccomandazioni...
2026-06-13 18:08:04.543 [OK] Report diagnostica salvato: C:\cellular_speace\reports\manutenzione\correttiva\diagnosi_20260613_180804.json
2026-06-13 18:08:04.547 [OK] Diagnosi Markdown salvata: C:\cellular_speace\data\diagnosi\diagnosi_20260613_180804.md
2026-06-13 18:08:04.704 [DIAG] Diagnostica processi...
2026-06-13 18:08:04.867 [DIAG] Generazione raccomandazioni...
2026-06-13 18:08:04.884 [OK] Report diagnostica salvato: C:\cellular_speace\reports\manutenzione\correttiva\diagnosi_20260613_180804.json
2026-06-13 18:08:04.890 [OK] Diagnosi Markdown salvata: C:\cellular_speace\data\diagnosi\diagnosi_20260613_180804.md
2026-06-13 18:08:04.917 [DIAG] Diagnostica runtime...
2026-06-13 18:08:04.923 [ERROR] [alto] Runtime/snapshot_vecchio: Snapshot ha 309.5min (>30min)
2026-06-13 18:08:04.946 [WARN] [medio] Runtime/errore_lettura_snapshot: Errore lettura snapshot: Impossibile convertire la stringa JSON perché un dizionario convertito da tale stringa contiene le chiavi duplicate 'Server' e 'SERVER'.
2026-06-13 18:08:04.976 [DIAG] Diagnostica processi...
2026-06-13 18:08:04.979 [DIAG] Diagnostica memoria...
2026-06-13 18:08:05.169 [DIAG] Generazione raccomandazioni...
2026-06-13 18:08:05.198 [OK] Report diagnostica salvato: C:\cellular_speace\reports\manutenzione\correttiva\diagnosi_20260613_180804.json
2026-06-13 18:08:05.202 [OK] Diagnosi Markdown salvata: C:\cellular_speace\data\diagnosi\diagnosi_20260613_180804.md
2026-06-13 18:08:05.314 [DIAG] Diagnostica file...
2026-06-13 18:08:08.797 [DIAG] Diagnostica processi...
2026-06-13 18:08:08.954 [DIAG] Diagnostica log errori...
2026-06-13 18:08:09.681 [DIAG] Diagnostica processi...
2026-06-13 18:08:09.869 [DIAG] Diagnostica log errori...
2026-06-13 18:08:15.858 [ERROR] [critico] Log/errori_recenti: 3379 errori nelle ultime 2 ore
2026-06-13 18:08:15.872 [DIAG] Generazione raccomandazioni...
2026-06-13 18:08:15.888 [FIX] Avvio azioni correttive automatiche...
2026-06-13 18:08:15.888 [INFO] Nessuna azione correttiva automatica disponibile
2026-06-13 18:08:15.888 [OK] Report diagnostica salvato: C:\cellular_speace\reports\manutenzione\correttiva\diagnosi_20260613_180804.json
2026-06-13 18:08:15.904 [OK] Diagnosi Markdown salvata: C:\cellular_speace\data\diagnosi\diagnosi_20260613_180804.md
2026-06-13 18:08:16.487 [ERROR] [critico] Log/errori_recenti: 3380 errori nelle ultime 2 ore
2026-06-13 18:08:16.489 [DIAG] Generazione raccomandazioni...
2026-06-13 18:08:16.509 [FIX] Avvio azioni correttive automatiche...
2026-06-13 18:08:16.509 [INFO] Nessuna azione correttiva automatica disponibile
2026-06-13 18:08:16.521 [OK] Report diagnostica salvato: C:\cellular_speace\reports\manutenzione\correttiva\diagnosi_20260613_180804.json
2026-06-13 18:08:16.521 [OK] Diagnosi Markdown salvata: C:\cellular_speace\data\diagnosi\diagnosi_20260613_180804.md
