2026-06-13 13:57:54.399 [DIAG] Diagnostica processi...
2026-06-13 13:57:54.532 [DIAG] Generazione raccomandazioni...
2026-06-13 13:57:54.547 [OK] Report diagnostica salvato: C:\cellular_speace\reports\manutenzione\correttiva\diagnosi_20260613_135754.json
2026-06-13 13:57:54.565 [OK] Diagnosi Markdown salvata: C:\cellular_speace\data\diagnosi\diagnosi_20260613_135754.md
2026-06-13 13:57:54.589 [DIAG] Diagnostica runtime...
2026-06-13 13:57:54.595 [ERROR] [alto] Runtime/snapshot_vecchio: Snapshot ha 59.4min (>30min)
2026-06-13 13:57:54.602 [WARN] [medio] Runtime/errore_lettura_snapshot: Errore lettura snapshot: Impossibile convertire la stringa JSON perché un dizionario convertito da tale stringa contiene le chiavi duplicate 'Server' e 'SERVER'.
2026-06-13 13:57:54.621 [DIAG] Diagnostica memoria...
2026-06-13 13:57:54.784 [DIAG] Diagnostica processi...
2026-06-13 13:57:54.863 [DIAG] Diagnostica file...
2026-06-13 13:57:54.911 [DIAG] Generazione raccomandazioni...
2026-06-13 13:57:54.918 [OK] Report diagnostica salvato: C:\cellular_speace\reports\manutenzione\correttiva\diagnosi_20260613_135754.json
2026-06-13 13:57:54.927 [OK] Diagnosi Markdown salvata: C:\cellular_speace\data\diagnosi\diagnosi_20260613_135754.md
2026-06-13 13:57:57.379 [DIAG] Diagnostica processi...
2026-06-13 13:57:57.525 [DIAG] Diagnostica log errori...
2026-06-13 13:57:59.991 [ERROR] [critico] Log/errori_recenti: 2153 errori nelle ultime 2 ore
2026-06-13 13:57:59.998 [DIAG] Generazione raccomandazioni...
2026-06-13 13:58:00.016 [FIX] Avvio azioni correttive automatiche...
2026-06-13 13:58:00.018 [INFO] Nessuna azione correttiva automatica disponibile
2026-06-13 13:58:00.022 [OK] Report diagnostica salvato: C:\cellular_speace\reports\manutenzione\correttiva\diagnosi_20260613_135754.json
2026-06-13 13:58:00.027 [OK] Diagnosi Markdown salvata: C:\cellular_speace\data\diagnosi\diagnosi_20260613_135754.md
