2026-06-13 16:11:51.132 [DIAG] Diagnostica runtime...
2026-06-13 16:11:51.152 [ERROR] [alto] Runtime/snapshot_vecchio: Snapshot ha 193.3min (>30min)
2026-06-13 16:11:51.204 [WARN] [medio] Runtime/errore_lettura_snapshot: Errore lettura snapshot: Impossibile convertire la stringa JSON perché un dizionario convertito da tale stringa contiene le chiavi duplicate 'Server' e 'SERVER'.
2026-06-13 16:11:51.275 [DIAG] Diagnostica runtime...
2026-06-13 16:11:51.279 [ERROR] [alto] Runtime/snapshot_vecchio: Snapshot ha 193.3min (>30min)
2026-06-13 16:11:51.323 [WARN] [medio] Runtime/errore_lettura_snapshot: Errore lettura snapshot: Impossibile convertire la stringa JSON perché un dizionario convertito da tale stringa contiene le chiavi duplicate 'Server' e 'SERVER'.
2026-06-13 16:11:51.330 [DIAG] Diagnostica memoria...
2026-06-13 16:11:51.346 [DIAG] Diagnostica memoria...
2026-06-13 16:11:51.798 [DIAG] Diagnostica file...
2026-06-13 16:11:51.859 [DIAG] Diagnostica file...
2026-06-13 16:11:57.513 [DIAG] Diagnostica processi...
2026-06-13 16:11:57.631 [DIAG] Diagnostica processi...
2026-06-13 16:11:57.825 [DIAG] Diagnostica log errori...
2026-06-13 16:11:57.921 [DIAG] Diagnostica log errori...
2026-06-13 16:12:05.425 [ERROR] [critico] Log/errori_recenti: 3318 errori nelle ultime 2 ore
2026-06-13 16:12:05.471 [DIAG] Generazione raccomandazioni...
2026-06-13 16:12:05.491 [FIX] Avvio azioni correttive automatiche...
2026-06-13 16:12:05.497 [INFO] Nessuna azione correttiva automatica disponibile
2026-06-13 16:12:05.505 [OK] Report diagnostica salvato: C:\cellular_speace\reports\manutenzione\correttiva\diagnosi_20260613_161151.json
2026-06-13 16:12:05.511 [OK] Diagnosi Markdown salvata: C:\cellular_speace\data\diagnosi\diagnosi_20260613_161151.md
2026-06-13 16:12:05.544 [ERROR] [critico] Log/errori_recenti: 3318 errori nelle ultime 2 ore
2026-06-13 16:12:05.566 [DIAG] Generazione raccomandazioni...
2026-06-13 16:12:05.589 [FIX] Avvio azioni correttive automatiche...
2026-06-13 16:12:05.589 [INFO] Nessuna azione correttiva automatica disponibile
2026-06-13 16:12:05.597 [OK] Report diagnostica salvato: C:\cellular_speace\reports\manutenzione\correttiva\diagnosi_20260613_161151.json
2026-06-13 16:12:05.606 [OK] Diagnosi Markdown salvata: C:\cellular_speace\data\diagnosi\diagnosi_20260613_161151.md
