2026-06-13 16:42:43.352 [DIAG] Diagnostica processi...
2026-06-13 16:42:43.642 [DIAG] Generazione raccomandazioni...
2026-06-13 16:42:43.676 [DIAG] Diagnostica processi...
2026-06-13 16:42:44.001 [DIAG] Generazione raccomandazioni...
2026-06-13 16:42:44.066 [DIAG] Diagnostica runtime...
2026-06-13 16:42:44.079 [ERROR] Impossibile salvare report JSON: Il processo non può accedere al file 'C:\cellular_speace\data\logs\manutenzione\correttiva\diagnostica_20260613_164243.log' perché è in uso da un altro processo.
2026-06-13 16:42:44.135 [OK] Diagnosi Markdown salvata: C:\cellular_speace\data\diagnosi\diagnosi_20260613_164243.md
2026-06-13 16:42:44.205 [ERROR] [alto] Runtime/snapshot_vecchio: Snapshot ha 224.2min (>30min)
2026-06-13 16:42:44.405 [OK] Report diagnostica salvato: C:\cellular_speace\reports\manutenzione\correttiva\diagnosi_20260613_164243.json
2026-06-13 16:42:44.433 [OK] Diagnosi Markdown salvata: C:\cellular_speace\data\diagnosi\diagnosi_20260613_164243.md
2026-06-13 16:42:44.794 [WARN] [medio] Runtime/errore_lettura_snapshot: Errore lettura snapshot: Impossibile convertire la stringa JSON perché un dizionario convertito da tale stringa contiene le chiavi duplicate 'Server' e 'SERVER'.
2026-06-13 16:42:45.997 [DIAG] Diagnostica memoria...
2026-06-13 16:42:46.720 [DIAG] Diagnostica file...
2026-06-13 16:42:55.472 [DIAG] Diagnostica processi...
2026-06-13 16:42:55.743 [DIAG] Diagnostica log errori...
2026-06-13 16:43:11.275 [ERROR] [critico] Log/errori_recenti: 3369 errori nelle ultime 2 ore
2026-06-13 16:43:11.722 [DIAG] Generazione raccomandazioni...
2026-06-13 16:43:12.024 [FIX] Avvio azioni correttive automatiche...
2026-06-13 16:43:12.042 [INFO] Nessuna azione correttiva automatica disponibile
2026-06-13 16:43:12.068 [OK] Report diagnostica salvato: C:\cellular_speace\reports\manutenzione\correttiva\diagnosi_20260613_164243.json
2026-06-13 16:43:12.111 [OK] Diagnosi Markdown salvata: C:\cellular_speace\data\diagnosi\diagnosi_20260613_164243.md
