2026-06-13 18:49:50.192 [DIAG] Diagnostica processi...
2026-06-13 18:49:50.314 [DIAG] Diagnostica processi...
2026-06-13 18:49:50.437 [DIAG] Generazione raccomandazioni...
2026-06-13 18:49:50.462 [OK] Report diagnostica salvato: C:\cellular_speace\reports\manutenzione\correttiva\diagnosi_20260613_184950.json
2026-06-13 18:49:50.470 [OK] Diagnosi Markdown salvata: C:\cellular_speace\data\diagnosi\diagnosi_20260613_184950.md
2026-06-13 18:49:50.530 [DIAG] Generazione raccomandazioni...
2026-06-13 18:49:50.530 [DIAG] Diagnostica runtime...
2026-06-13 18:49:50.530 [DIAG] Diagnostica processi...
2026-06-13 18:49:50.536 [ERROR] [alto] Runtime/snapshot_vecchio: Snapshot ha 351.3min (>30min)
2026-06-13 18:49:50.552 [OK] Report diagnostica salvato: C:\cellular_speace\reports\manutenzione\correttiva\diagnosi_20260613_184950.json
2026-06-13 18:49:50.558 [OK] Diagnosi Markdown salvata: C:\cellular_speace\data\diagnosi\diagnosi_20260613_184950.md
2026-06-13 18:49:50.565 [WARN] [medio] Runtime/errore_lettura_snapshot: Errore lettura snapshot: Impossibile convertire la stringa JSON perché un dizionario convertito da tale stringa contiene le chiavi duplicate 'Server' e 'SERVER'.
2026-06-13 18:49:50.593 [DIAG] Diagnostica runtime...
2026-06-13 18:49:50.599 [ERROR] [alto] Runtime/snapshot_vecchio: Snapshot ha 351.3min (>30min)
2026-06-13 18:49:50.626 [DIAG] Diagnostica memoria...
2026-06-13 18:49:50.635 [WARN] [medio] Runtime/errore_lettura_snapshot: Errore lettura snapshot: Impossibile convertire la stringa JSON perché un dizionario convertito da tale stringa contiene le chiavi duplicate 'Server' e 'SERVER'.
2026-06-13 18:49:50.761 [DIAG] Diagnostica memoria...
2026-06-13 18:49:50.763 [DIAG] Generazione raccomandazioni...
2026-06-13 18:49:50.834 [OK] Report diagnostica salvato: C:\cellular_speace\reports\manutenzione\correttiva\diagnosi_20260613_184950.json
2026-06-13 18:49:50.844 [OK] Diagnosi Markdown salvata: C:\cellular_speace\data\diagnosi\diagnosi_20260613_184950.md
2026-06-13 18:49:51.032 [DIAG] Diagnostica file...
2026-06-13 18:49:51.144 [DIAG] Diagnostica file...
2026-06-13 18:49:55.852 [DIAG] Diagnostica processi...
2026-06-13 18:49:56.040 [DIAG] Diagnostica log errori...
2026-06-13 18:49:56.463 [DIAG] Diagnostica processi...
2026-06-13 18:49:56.638 [DIAG] Diagnostica log errori...
2026-06-13 18:50:02.401 [ERROR] [critico] Log/errori_recenti: 3289 errori nelle ultime 2 ore
2026-06-13 18:50:02.419 [DIAG] Generazione raccomandazioni...
2026-06-13 18:50:02.444 [FIX] Avvio azioni correttive automatiche...
2026-06-13 18:50:02.446 [INFO] Nessuna azione correttiva automatica disponibile
2026-06-13 18:50:02.450 [OK] Report diagnostica salvato: C:\cellular_speace\reports\manutenzione\correttiva\diagnosi_20260613_184950.json
2026-06-13 18:50:02.452 [OK] Diagnosi Markdown salvata: C:\cellular_speace\data\diagnosi\diagnosi_20260613_184950.md
2026-06-13 18:50:02.798 [ERROR] [critico] Log/errori_recenti: 3290 errori nelle ultime 2 ore
2026-06-13 18:50:02.805 [DIAG] Generazione raccomandazioni...
2026-06-13 18:50:02.821 [FIX] Avvio azioni correttive automatiche...
2026-06-13 18:50:02.821 [INFO] Nessuna azione correttiva automatica disponibile
2026-06-13 18:50:02.821 [OK] Report diagnostica salvato: C:\cellular_speace\reports\manutenzione\correttiva\diagnosi_20260613_184950.json
2026-06-13 18:50:02.821 [OK] Diagnosi Markdown salvata: C:\cellular_speace\data\diagnosi\diagnosi_20260613_184950.md
