2026-06-13 15:47:21.600 [DIAG] Diagnostica runtime...
2026-06-13 15:47:21.718 [DIAG] Diagnostica runtime...
2026-06-13 15:47:21.731 [ERROR] [alto] Runtime/snapshot_vecchio: Snapshot ha 168.8min (>30min)
2026-06-13 15:47:21.782 [ERROR] [alto] Runtime/snapshot_vecchio: Snapshot ha 168.8min (>30min)
2026-06-13 15:47:22.460 [WARN] [medio] Runtime/errore_lettura_snapshot: Errore lettura snapshot: Impossibile convertire la stringa JSON perché un dizionario convertito da tale stringa contiene le chiavi duplicate 'Server' e 'SERVER'.
2026-06-13 15:47:22.487 [WARN] [medio] Runtime/errore_lettura_snapshot: Errore lettura snapshot: Impossibile convertire la stringa JSON perché un dizionario convertito da tale stringa contiene le chiavi duplicate 'Server' e 'SERVER'.
2026-06-13 15:47:24.331 [DIAG] Diagnostica memoria...
2026-06-13 15:47:24.513 [DIAG] Diagnostica memoria...
2026-06-13 15:47:25.138 [DIAG] Diagnostica file...
2026-06-13 15:47:25.376 [DIAG] Diagnostica file...
2026-06-13 15:47:32.745 [DIAG] Diagnostica processi...
2026-06-13 15:47:33.281 [DIAG] Diagnostica log errori...
2026-06-13 15:47:33.483 [DIAG] Diagnostica processi...
2026-06-13 15:47:33.988 [DIAG] Diagnostica log errori...
2026-06-13 15:47:54.586 [ERROR] [critico] Log/errori_recenti: 3403 errori nelle ultime 2 ore
2026-06-13 15:47:55.729 [DIAG] Generazione raccomandazioni...
2026-06-13 15:47:55.749 [WARN] Errore diagnostica log: Il processo non può accedere al file 'C:\cellular_speace\data\logs\manutenzione\correttiva\diagnostica_20260613_154721.log' perché è in uso da un altro processo.
2026-06-13 15:47:55.802 [DIAG] Generazione raccomandazioni...
2026-06-13 15:47:56.515 [FIX] Avvio azioni correttive automatiche...
2026-06-13 15:47:56.540 [ERROR] ERRORE FATALE: Il processo non può accedere al file 'C:\cellular_speace\data\logs\manutenzione\correttiva\diagnostica_20260613_154721.log' perché è in uso da un altro processo.
2026-06-13 15:47:56.557 [INFO] Nessuna azione correttiva automatica disponibile
2026-06-13 15:47:56.658 [OK] Report diagnostica salvato: C:\cellular_speace\reports\manutenzione\correttiva\diagnosi_20260613_154721.json
2026-06-13 15:47:56.773 [OK] Diagnosi Markdown salvata: C:\cellular_speace\data\diagnosi\diagnosi_20260613_154721.md
