2026-06-13 18:55:04.224 [DIAG] Diagnostica processi...
2026-06-13 18:55:04.361 [DIAG] Generazione raccomandazioni...
2026-06-13 18:55:04.376 [OK] Report diagnostica salvato: C:\cellular_speace\reports\manutenzione\correttiva\diagnosi_20260613_185504.json
2026-06-13 18:55:04.380 [OK] Diagnosi Markdown salvata: C:\cellular_speace\data\diagnosi\diagnosi_20260613_185504.md
2026-06-13 18:55:04.403 [DIAG] Diagnostica runtime...
2026-06-13 18:55:04.407 [ERROR] [alto] Runtime/snapshot_vecchio: Snapshot ha 356.5min (>30min)
2026-06-13 18:55:04.423 [WARN] [medio] Runtime/errore_lettura_snapshot: Errore lettura snapshot: Impossibile convertire la stringa JSON perché un dizionario convertito da tale stringa contiene le chiavi duplicate 'Server' e 'SERVER'.
2026-06-13 18:55:04.436 [DIAG] Diagnostica memoria...
2026-06-13 18:55:04.467 [DIAG] Diagnostica processi...
2026-06-13 18:55:04.589 [DIAG] Generazione raccomandazioni...
2026-06-13 18:55:04.603 [OK] Report diagnostica salvato: C:\cellular_speace\reports\manutenzione\correttiva\diagnosi_20260613_185504.json
2026-06-13 18:55:04.606 [OK] Diagnosi Markdown salvata: C:\cellular_speace\data\diagnosi\diagnosi_20260613_185504.md
2026-06-13 18:55:04.687 [DIAG] Diagnostica file...
2026-06-13 18:55:08.237 [DIAG] Diagnostica processi...
2026-06-13 18:55:08.418 [DIAG] Diagnostica log errori...
2026-06-13 18:55:16.355 [ERROR] [critico] Log/errori_recenti: 3282 errori nelle ultime 2 ore
2026-06-13 18:55:16.364 [DIAG] Generazione raccomandazioni...
2026-06-13 18:55:16.389 [FIX] Avvio azioni correttive automatiche...
2026-06-13 18:55:16.396 [INFO] Nessuna azione correttiva automatica disponibile
2026-06-13 18:55:16.401 [OK] Report diagnostica salvato: C:\cellular_speace\reports\manutenzione\correttiva\diagnosi_20260613_185504.json
2026-06-13 18:55:16.406 [OK] Diagnosi Markdown salvata: C:\cellular_speace\data\diagnosi\diagnosi_20260613_185504.md
