2026-06-13 18:04:28.370 [DIAG] Diagnostica processi...
2026-06-13 18:04:28.509 [DIAG] Generazione raccomandazioni...
2026-06-13 18:04:28.512 [OK] Report diagnostica salvato: C:\cellular_speace\reports\manutenzione\correttiva\diagnosi_20260613_180428.json
2026-06-13 18:04:28.512 [OK] Diagnosi Markdown salvata: C:\cellular_speace\data\diagnosi\diagnosi_20260613_180428.md
2026-06-13 18:04:28.544 [DIAG] Diagnostica runtime...
2026-06-13 18:04:28.552 [ERROR] [alto] Runtime/snapshot_vecchio: Snapshot ha 305.9min (>30min)
2026-06-13 18:04:28.563 [WARN] [medio] Runtime/errore_lettura_snapshot: Errore lettura snapshot: Impossibile convertire la stringa JSON perché un dizionario convertito da tale stringa contiene le chiavi duplicate 'Server' e 'SERVER'.
2026-06-13 18:04:28.575 [DIAG] Diagnostica memoria...
2026-06-13 18:04:28.803 [DIAG] Diagnostica file...
2026-06-13 18:04:28.985 [DIAG] Diagnostica processi...
2026-06-13 18:04:29.094 [DIAG] Generazione raccomandazioni...
2026-06-13 18:04:29.110 [OK] Report diagnostica salvato: C:\cellular_speace\reports\manutenzione\correttiva\diagnosi_20260613_180428.json
2026-06-13 18:04:29.110 [OK] Diagnosi Markdown salvata: C:\cellular_speace\data\diagnosi\diagnosi_20260613_180428.md
2026-06-13 18:04:31.565 [DIAG] Diagnostica processi...
2026-06-13 18:04:31.707 [DIAG] Diagnostica log errori...
2026-06-13 18:04:36.698 [ERROR] [critico] Log/errori_recenti: 3376 errori nelle ultime 2 ore
2026-06-13 18:04:36.703 [DIAG] Generazione raccomandazioni...
2026-06-13 18:04:36.729 [FIX] Avvio azioni correttive automatiche...
2026-06-13 18:04:36.732 [INFO] Nessuna azione correttiva automatica disponibile
2026-06-13 18:04:36.735 [OK] Report diagnostica salvato: C:\cellular_speace\reports\manutenzione\correttiva\diagnosi_20260613_180428.json
2026-06-13 18:04:36.740 [OK] Diagnosi Markdown salvata: C:\cellular_speace\data\diagnosi\diagnosi_20260613_180428.md
