2026-06-13 16:42:32.200 [DIAG] Diagnostica runtime...
2026-06-13 16:42:32.264 [ERROR] [alto] Runtime/snapshot_vecchio: Snapshot ha 224min (>30min)
2026-06-13 16:42:32.328 [DIAG] Diagnostica runtime...
2026-06-13 16:42:32.361 [ERROR] [alto] Runtime/snapshot_vecchio: Snapshot ha 224min (>30min)
2026-06-13 16:42:32.866 [WARN] [medio] Runtime/errore_lettura_snapshot: Errore lettura snapshot: Impossibile convertire la stringa JSON perché un dizionario convertito da tale stringa contiene le chiavi duplicate 'Server' e 'SERVER'.
2026-06-13 16:42:33.004 [WARN] [medio] Runtime/errore_lettura_snapshot: Errore lettura snapshot: Impossibile convertire la stringa JSON perché un dizionario convertito da tale stringa contiene le chiavi duplicate 'Server' e 'SERVER'.
2026-06-13 16:42:33.977 [DIAG] Diagnostica memoria...
2026-06-13 16:42:34.252 [DIAG] Diagnostica memoria...
2026-06-13 16:42:34.474 [DIAG] Diagnostica file...
2026-06-13 16:42:34.801 [DIAG] Diagnostica file...
2026-06-13 16:42:40.108 [DIAG] Diagnostica processi...
2026-06-13 16:42:40.350 [DIAG] Diagnostica processi...
2026-06-13 16:42:40.497 [DIAG] Diagnostica log errori...
2026-06-13 16:42:40.744 [DIAG] Diagnostica log errori...
2026-06-13 16:42:54.109 [ERROR] [critico] Log/errori_recenti: 3377 errori nelle ultime 2 ore
2026-06-13 16:42:54.429 [DIAG] Generazione raccomandazioni...
2026-06-13 16:42:54.788 [FIX] Avvio azioni correttive automatiche...
2026-06-13 16:42:54.877 [INFO] Nessuna azione correttiva automatica disponibile
2026-06-13 16:42:54.891 [OK] Report diagnostica salvato: C:\cellular_speace\reports\manutenzione\correttiva\diagnosi_20260613_164232.json
2026-06-13 16:42:54.904 [OK] Diagnosi Markdown salvata: C:\cellular_speace\data\diagnosi\diagnosi_20260613_164232.md
2026-06-13 16:42:55.278 [ERROR] [critico] Log/errori_recenti: 3377 errori nelle ultime 2 ore
2026-06-13 16:42:55.646 [DIAG] Generazione raccomandazioni...
2026-06-13 16:42:55.977 [FIX] Avvio azioni correttive automatiche...
2026-06-13 16:42:56.020 [INFO] Nessuna azione correttiva automatica disponibile
2026-06-13 16:42:56.064 [OK] Report diagnostica salvato: C:\cellular_speace\reports\manutenzione\correttiva\diagnosi_20260613_164232.json
2026-06-13 16:42:56.216 [OK] Diagnosi Markdown salvata: C:\cellular_speace\data\diagnosi\diagnosi_20260613_164232.md
