2026-06-13 14:38:05.081 [DIAG] Diagnostica runtime...
2026-06-13 14:38:05.087 [ERROR] [alto] Runtime/snapshot_vecchio: Snapshot ha 99.5min (>30min)
2026-06-13 14:38:05.102 [DIAG] Diagnostica processi...
2026-06-13 14:38:05.104 [WARN] [medio] Runtime/errore_lettura_snapshot: Errore lettura snapshot: Impossibile convertire la stringa JSON perché un dizionario convertito da tale stringa contiene le chiavi duplicate 'Server' e 'SERVER'.
2026-06-13 14:38:05.123 [DIAG] Diagnostica memoria...
2026-06-13 14:38:05.231 [DIAG] Diagnostica runtime...
2026-06-13 14:38:05.239 [ERROR] [alto] Runtime/snapshot_vecchio: Snapshot ha 99.5min (>30min)
2026-06-13 14:38:05.305 [WARN] [medio] Runtime/errore_lettura_snapshot: Errore lettura snapshot: Impossibile convertire la stringa JSON perché un dizionario convertito da tale stringa contiene le chiavi duplicate 'Server' e 'SERVER'.
2026-06-13 14:38:05.323 [DIAG] Generazione raccomandazioni...
2026-06-13 14:38:05.337 [DIAG] Diagnostica memoria...
2026-06-13 14:38:05.347 [OK] Report diagnostica salvato: C:\cellular_speace\reports\manutenzione\correttiva\diagnosi_20260613_143805.json
2026-06-13 14:38:05.355 [OK] Diagnosi Markdown salvata: C:\cellular_speace\data\diagnosi\diagnosi_20260613_143805.md
2026-06-13 14:38:05.404 [DIAG] Diagnostica runtime...
2026-06-13 14:38:05.410 [ERROR] [alto] Runtime/snapshot_vecchio: Snapshot ha 99.5min (>30min)
2026-06-13 14:38:05.450 [WARN] [medio] Runtime/errore_lettura_snapshot: Errore lettura snapshot: Impossibile convertire la stringa JSON perché un dizionario convertito da tale stringa contiene le chiavi duplicate 'Server' e 'SERVER'.
2026-06-13 14:38:05.466 [DIAG] Diagnostica memoria...
2026-06-13 14:38:05.546 [DIAG] Diagnostica file...
2026-06-13 14:38:05.806 [DIAG] Diagnostica file...
2026-06-13 14:38:05.861 [DIAG] Diagnostica file...
2026-06-13 14:38:10.954 [DIAG] Diagnostica processi...
2026-06-13 14:38:11.018 [DIAG] Diagnostica processi...
2026-06-13 14:38:11.214 [DIAG] Diagnostica log errori...
2026-06-13 14:38:11.254 [DIAG] Diagnostica processi...
2026-06-13 14:38:11.378 [DIAG] Diagnostica log errori...
2026-06-13 14:38:11.642 [DIAG] Diagnostica log errori...
2026-06-13 14:38:21.208 [ERROR] [critico] Log/errori_recenti: 3223 errori nelle ultime 2 ore
2026-06-13 14:38:21.354 [ERROR] [critico] Log/errori_recenti: 3223 errori nelle ultime 2 ore
2026-06-13 14:38:21.429 [DIAG] Generazione raccomandazioni...
2026-06-13 14:38:21.441 [DIAG] Generazione raccomandazioni...
2026-06-13 14:38:21.464 [ERROR] [critico] Log/errori_recenti: 3223 errori nelle ultime 2 ore
2026-06-13 14:38:21.528 [FIX] Avvio azioni correttive automatiche...
2026-06-13 14:38:21.532 [FIX] Avvio azioni correttive automatiche...
2026-06-13 14:38:21.540 [ERROR] ERRORE FATALE: Il processo non può accedere al file 'C:\cellular_speace\data\logs\manutenzione\correttiva\diagnostica_20260613_143805.log' perché è in uso da un altro processo.
2026-06-13 14:38:21.549 [INFO] Nessuna azione correttiva automatica disponibile
2026-06-13 14:38:21.567 [DIAG] Generazione raccomandazioni...
2026-06-13 14:38:21.562 [OK] Report diagnostica salvato: C:\cellular_speace\reports\manutenzione\correttiva\diagnosi_20260613_143805.json
2026-06-13 14:38:21.610 [OK] Diagnosi Markdown salvata: C:\cellular_speace\data\diagnosi\diagnosi_20260613_143805.md
2026-06-13 14:38:21.655 [FIX] Avvio azioni correttive automatiche...
2026-06-13 14:38:21.677 [INFO] Nessuna azione correttiva automatica disponibile
2026-06-13 14:38:21.685 [OK] Report diagnostica salvato: C:\cellular_speace\reports\manutenzione\correttiva\diagnosi_20260613_143805.json
2026-06-13 14:38:21.694 [OK] Diagnosi Markdown salvata: C:\cellular_speace\data\diagnosi\diagnosi_20260613_143805.md
