2026-06-13 19:45:40.216 [DIAG] Diagnostica processi...
2026-06-13 19:45:40.401 [DIAG] Generazione raccomandazioni...
2026-06-13 19:45:40.448 [OK] Report diagnostica salvato: C:\cellular_speace\reports\manutenzione\correttiva\diagnosi_20260613_194540.json
2026-06-13 19:45:40.466 [OK] Diagnosi Markdown salvata: C:\cellular_speace\data\diagnosi\diagnosi_20260613_194540.md
2026-06-13 19:45:40.712 [DIAG] Diagnostica processi...
2026-06-13 19:45:40.881 [DIAG] Generazione raccomandazioni...
2026-06-13 19:45:40.907 [OK] Report diagnostica salvato: C:\cellular_speace\reports\manutenzione\correttiva\diagnosi_20260613_194540.json
2026-06-13 19:45:40.922 [OK] Diagnosi Markdown salvata: C:\cellular_speace\data\diagnosi\diagnosi_20260613_194540.md
2026-06-13 19:45:40.958 [DIAG] Diagnostica runtime...
2026-06-13 19:45:40.966 [ERROR] [alto] Runtime/snapshot_vecchio: Snapshot ha 407.1min (>30min)
2026-06-13 19:45:40.991 [WARN] [medio] Runtime/errore_lettura_snapshot: Errore lettura snapshot: Impossibile convertire la stringa JSON perché un dizionario convertito da tale stringa contiene le chiavi duplicate 'Server' e 'SERVER'.
2026-06-13 19:45:41.010 [DIAG] Diagnostica memoria...
2026-06-13 19:45:41.351 [DIAG] Diagnostica file...
2026-06-13 19:45:47.507 [DIAG] Diagnostica processi...
2026-06-13 19:45:47.693 [DIAG] Diagnostica log errori...
2026-06-13 19:45:54.718 [ERROR] [critico] Log/errori_recenti: 2457 errori nelle ultime 2 ore
2026-06-13 19:45:54.727 [DIAG] Generazione raccomandazioni...
2026-06-13 19:45:54.752 [FIX] Avvio azioni correttive automatiche...
2026-06-13 19:45:54.758 [INFO] Nessuna azione correttiva automatica disponibile
2026-06-13 19:45:54.769 [OK] Report diagnostica salvato: C:\cellular_speace\reports\manutenzione\correttiva\diagnosi_20260613_194540.json
2026-06-13 19:45:54.774 [OK] Diagnosi Markdown salvata: C:\cellular_speace\data\diagnosi\diagnosi_20260613_194540.md
