2026-06-13 13:24:03.298 [DIAG] Diagnostica processi...
2026-06-13 13:24:03.540 [DIAG] Generazione raccomandazioni...
2026-06-13 13:24:03.566 [OK] Report diagnostica salvato: C:\cellular_speace\reports\manutenzione\correttiva\diagnosi_20260613_132403.json
2026-06-13 13:24:03.575 [OK] Diagnosi Markdown salvata: C:\cellular_speace\data\diagnosi\diagnosi_20260613_132403.md
2026-06-13 13:24:03.613 [DIAG] Diagnostica runtime...
2026-06-13 13:24:03.649 [WARN] [medio] Runtime/errore_lettura_snapshot: Errore lettura snapshot: Impossibile convertire la stringa JSON perché un dizionario convertito da tale stringa contiene le chiavi duplicate 'Server' e 'SERVER'.
2026-06-13 13:24:03.655 [DIAG] Diagnostica processi...
2026-06-13 13:24:03.685 [DIAG] Diagnostica memoria...
2026-06-13 13:24:03.898 [DIAG] Generazione raccomandazioni...
2026-06-13 13:24:03.930 [OK] Report diagnostica salvato: C:\cellular_speace\reports\manutenzione\correttiva\diagnosi_20260613_132403.json
2026-06-13 13:24:03.942 [OK] Diagnosi Markdown salvata: C:\cellular_speace\data\diagnosi\diagnosi_20260613_132403.md
2026-06-13 13:24:04.126 [DIAG] Diagnostica file...
2026-06-13 13:24:08.316 [DIAG] Diagnostica processi...
2026-06-13 13:24:08.583 [DIAG] Diagnostica log errori...
2026-06-13 13:24:10.367 [ERROR] [critico] Log/errori_recenti: 1179 errori nelle ultime 2 ore
2026-06-13 13:24:10.381 [DIAG] Generazione raccomandazioni...
2026-06-13 13:24:10.410 [FIX] Avvio azioni correttive automatiche...
2026-06-13 13:24:10.412 [INFO] Nessuna azione correttiva automatica disponibile
2026-06-13 13:24:10.418 [OK] Report diagnostica salvato: C:\cellular_speace\reports\manutenzione\correttiva\diagnosi_20260613_132403.json
2026-06-13 13:24:10.418 [OK] Diagnosi Markdown salvata: C:\cellular_speace\data\diagnosi\diagnosi_20260613_132403.md
