2026-06-13 17:41:15.417 [DIAG] Diagnostica processi...
2026-06-13 17:41:15.700 [DIAG] Diagnostica runtime...
2026-06-13 17:41:15.749 [ERROR] ERRORE FATALE: Il processo non può accedere al file 'C:\cellular_speace\data\logs\manutenzione\correttiva\diagnostica_20260613_174115.log' perché è in uso da un altro processo.
2026-06-13 17:41:15.882 [ERROR] [alto] Runtime/snapshot_vecchio: Snapshot ha 282.7min (>30min)
2026-06-13 17:41:16.227 [DIAG] Diagnostica runtime...
2026-06-13 17:41:16.270 [ERROR] [alto] Runtime/snapshot_vecchio: Snapshot ha 282.7min (>30min)
2026-06-13 17:41:16.616 [WARN] [medio] Runtime/errore_lettura_snapshot: Errore lettura snapshot: Impossibile convertire la stringa JSON perché un dizionario convertito da tale stringa contiene le chiavi duplicate 'Server' e 'SERVER'.
2026-06-13 17:41:17.029 [WARN] [medio] Runtime/errore_lettura_snapshot: Errore lettura snapshot: Impossibile convertire la stringa JSON perché un dizionario convertito da tale stringa contiene le chiavi duplicate 'Server' e 'SERVER'.
2026-06-13 17:41:17.962 [DIAG] Diagnostica memoria...
2026-06-13 17:41:18.571 [DIAG] Diagnostica file...
2026-06-13 17:41:18.642 [DIAG] Diagnostica memoria...
2026-06-13 17:41:19.327 [DIAG] Diagnostica file...
2026-06-13 17:41:25.381 [DIAG] Diagnostica processi...
2026-06-13 17:41:25.698 [DIAG] Diagnostica log errori...
2026-06-13 17:41:26.895 [DIAG] Diagnostica processi...
2026-06-13 17:41:27.278 [DIAG] Diagnostica log errori...
2026-06-13 17:41:45.979 [ERROR] [critico] Log/errori_recenti: 3398 errori nelle ultime 2 ore
2026-06-13 17:41:46.808 [DIAG] Generazione raccomandazioni...
2026-06-13 17:41:47.430 [FIX] Avvio azioni correttive automatiche...
2026-06-13 17:41:47.474 [INFO] Nessuna azione correttiva automatica disponibile
2026-06-13 17:41:47.554 [OK] Report diagnostica salvato: C:\cellular_speace\reports\manutenzione\correttiva\diagnosi_20260613_174115.json
2026-06-13 17:41:47.616 [OK] Diagnosi Markdown salvata: C:\cellular_speace\data\diagnosi\diagnosi_20260613_174115.md
2026-06-13 17:41:47.998 [ERROR] [critico] Log/errori_recenti: 3401 errori nelle ultime 2 ore
2026-06-13 17:41:48.472 [DIAG] Generazione raccomandazioni...
2026-06-13 17:41:48.974 [FIX] Avvio azioni correttive automatiche...
2026-06-13 17:41:49.033 [INFO] Nessuna azione correttiva automatica disponibile
2026-06-13 17:41:49.050 [OK] Report diagnostica salvato: C:\cellular_speace\reports\manutenzione\correttiva\diagnosi_20260613_174115.json
2026-06-13 17:41:49.086 [OK] Diagnosi Markdown salvata: C:\cellular_speace\data\diagnosi\diagnosi_20260613_174115.md
