2026-06-13 13:53:32.310 [DIAG] Diagnostica processi...
2026-06-13 13:53:32.506 [DIAG] Generazione raccomandazioni...
2026-06-13 13:53:32.530 [OK] Report diagnostica salvato: C:\cellular_speace\reports\manutenzione\correttiva\diagnosi_20260613_135332.json
2026-06-13 13:53:32.540 [OK] Diagnosi Markdown salvata: C:\cellular_speace\data\diagnosi\diagnosi_20260613_135332.md
2026-06-13 13:53:32.577 [DIAG] Diagnostica runtime...
2026-06-13 13:53:32.581 [ERROR] [alto] Runtime/snapshot_vecchio: Snapshot ha 55min (>30min)
2026-06-13 13:53:32.611 [WARN] [medio] Runtime/errore_lettura_snapshot: Errore lettura snapshot: Impossibile convertire la stringa JSON perché un dizionario convertito da tale stringa contiene le chiavi duplicate 'Server' e 'SERVER'.
2026-06-13 13:53:32.629 [DIAG] Diagnostica memoria...
2026-06-13 13:53:32.884 [DIAG] Diagnostica processi...
2026-06-13 13:53:33.091 [DIAG] Diagnostica file...
2026-06-13 13:53:33.140 [DIAG] Generazione raccomandazioni...
2026-06-13 13:53:33.172 [OK] Report diagnostica salvato: C:\cellular_speace\reports\manutenzione\correttiva\diagnosi_20260613_135332.json
2026-06-13 13:53:33.210 [OK] Diagnosi Markdown salvata: C:\cellular_speace\data\diagnosi\diagnosi_20260613_135332.md
2026-06-13 13:53:38.073 [DIAG] Diagnostica processi...
2026-06-13 13:53:38.314 [DIAG] Diagnostica log errori...
2026-06-13 13:53:43.180 [ERROR] [critico] Log/errori_recenti: 2031 errori nelle ultime 2 ore
2026-06-13 13:53:43.261 [DIAG] Generazione raccomandazioni...
2026-06-13 13:53:43.402 [FIX] Avvio azioni correttive automatiche...
2026-06-13 13:53:43.421 [INFO] Nessuna azione correttiva automatica disponibile
2026-06-13 13:53:43.434 [OK] Report diagnostica salvato: C:\cellular_speace\reports\manutenzione\correttiva\diagnosi_20260613_135332.json
2026-06-13 13:53:43.458 [OK] Diagnosi Markdown salvata: C:\cellular_speace\data\diagnosi\diagnosi_20260613_135332.md
