2026-06-13 16:38:09.308 [DIAG] Diagnostica processi...
2026-06-13 16:38:09.477 [DIAG] Diagnostica processi...
2026-06-13 16:38:09.524 [DIAG] Generazione raccomandazioni...
2026-06-13 16:38:09.627 [OK] Report diagnostica salvato: C:\cellular_speace\reports\manutenzione\correttiva\diagnosi_20260613_163809.json
2026-06-13 16:38:09.647 [OK] Diagnosi Markdown salvata: C:\cellular_speace\data\diagnosi\diagnosi_20260613_163809.md
2026-06-13 16:38:09.716 [DIAG] Generazione raccomandazioni...
2026-06-13 16:38:09.742 [DIAG] Diagnostica runtime...
2026-06-13 16:38:09.748 [ERROR] [alto] Runtime/snapshot_vecchio: Snapshot ha 219.6min (>30min)
2026-06-13 16:38:09.768 [OK] Report diagnostica salvato: C:\cellular_speace\reports\manutenzione\correttiva\diagnosi_20260613_163809.json
2026-06-13 16:38:09.786 [OK] Diagnosi Markdown salvata: C:\cellular_speace\data\diagnosi\diagnosi_20260613_163809.md
2026-06-13 16:38:09.862 [DIAG] Diagnostica runtime...
2026-06-13 16:38:09.892 [ERROR] [alto] Runtime/snapshot_vecchio: Snapshot ha 219.6min (>30min)
2026-06-13 16:38:09.902 [WARN] [medio] Runtime/errore_lettura_snapshot: Errore lettura snapshot: Impossibile convertire la stringa JSON perché un dizionario convertito da tale stringa contiene le chiavi duplicate 'Server' e 'SERVER'.
2026-06-13 16:38:10.040 [WARN] [medio] Runtime/errore_lettura_snapshot: Errore lettura snapshot: Impossibile convertire la stringa JSON perché un dizionario convertito da tale stringa contiene le chiavi duplicate 'Server' e 'SERVER'.
2026-06-13 16:38:10.138 [DIAG] Diagnostica memoria...
2026-06-13 16:38:10.316 [DIAG] Diagnostica memoria...
2026-06-13 16:38:10.710 [DIAG] Diagnostica file...
2026-06-13 16:38:10.862 [DIAG] Diagnostica file...
2026-06-13 16:38:16.292 [DIAG] Diagnostica processi...
2026-06-13 16:38:16.430 [DIAG] Diagnostica processi...
2026-06-13 16:38:16.544 [DIAG] Diagnostica log errori...
2026-06-13 16:38:16.700 [DIAG] Diagnostica log errori...
2026-06-13 16:38:27.128 [ERROR] [critico] Log/errori_recenti: 3351 errori nelle ultime 2 ore
2026-06-13 16:38:27.304 [ERROR] [critico] Log/errori_recenti: 3351 errori nelle ultime 2 ore
2026-06-13 16:38:27.339 [DIAG] Generazione raccomandazioni...
2026-06-13 16:38:27.430 [DIAG] Generazione raccomandazioni...
2026-06-13 16:38:27.464 [FIX] Avvio azioni correttive automatiche...
2026-06-13 16:38:27.472 [INFO] Nessuna azione correttiva automatica disponibile
2026-06-13 16:38:27.491 [OK] Report diagnostica salvato: C:\cellular_speace\reports\manutenzione\correttiva\diagnosi_20260613_163809.json
2026-06-13 16:38:27.505 [OK] Diagnosi Markdown salvata: C:\cellular_speace\data\diagnosi\diagnosi_20260613_163809.md
2026-06-13 16:38:27.591 [FIX] Avvio azioni correttive automatiche...
2026-06-13 16:38:27.596 [INFO] Nessuna azione correttiva automatica disponibile
2026-06-13 16:38:27.618 [OK] Report diagnostica salvato: C:\cellular_speace\reports\manutenzione\correttiva\diagnosi_20260613_163809.json
2026-06-13 16:38:27.638 [OK] Diagnosi Markdown salvata: C:\cellular_speace\data\diagnosi\diagnosi_20260613_163809.md
