2026-06-13 16:05:00.469 [DIAG] Diagnostica runtime...
2026-06-13 16:05:00.489 [ERROR] [alto] Runtime/snapshot_vecchio: Snapshot ha 186.5min (>30min)
2026-06-13 16:05:00.702 [DIAG] Diagnostica runtime...
2026-06-13 16:05:00.726 [ERROR] [alto] Runtime/snapshot_vecchio: Snapshot ha 186.5min (>30min)
2026-06-13 16:05:00.933 [WARN] [medio] Runtime/errore_lettura_snapshot: Errore lettura snapshot: Impossibile convertire la stringa JSON perché un dizionario convertito da tale stringa contiene le chiavi duplicate 'Server' e 'SERVER'.
2026-06-13 16:05:01.217 [WARN] [medio] Runtime/errore_lettura_snapshot: Errore lettura snapshot: Impossibile convertire la stringa JSON perché un dizionario convertito da tale stringa contiene le chiavi duplicate 'Server' e 'SERVER'.
2026-06-13 16:05:01.411 [DIAG] Diagnostica memoria...
2026-06-13 16:05:01.942 [DIAG] Diagnostica file...
2026-06-13 16:05:02.196 [DIAG] Diagnostica memoria...
2026-06-13 16:05:02.794 [DIAG] Diagnostica file...
2026-06-13 16:05:07.974 [DIAG] Diagnostica processi...
2026-06-13 16:05:08.282 [DIAG] Diagnostica log errori...
2026-06-13 16:05:08.821 [DIAG] Diagnostica processi...
2026-06-13 16:05:09.177 [DIAG] Diagnostica log errori...
2026-06-13 16:05:22.306 [ERROR] [critico] Log/errori_recenti: 3342 errori nelle ultime 2 ore
2026-06-13 16:05:22.611 [DIAG] Generazione raccomandazioni...
2026-06-13 16:05:22.702 [ERROR] [critico] Log/errori_recenti: 3343 errori nelle ultime 2 ore
2026-06-13 16:05:22.749 [FIX] Avvio azioni correttive automatiche...
2026-06-13 16:05:22.765 [INFO] Nessuna azione correttiva automatica disponibile
2026-06-13 16:05:22.779 [OK] Report diagnostica salvato: C:\cellular_speace\reports\manutenzione\correttiva\diagnosi_20260613_160500.json
2026-06-13 16:05:22.781 [DIAG] Generazione raccomandazioni...
2026-06-13 16:05:22.792 [OK] Diagnosi Markdown salvata: C:\cellular_speace\data\diagnosi\diagnosi_20260613_160500.md
2026-06-13 16:05:22.813 [FIX] Avvio azioni correttive automatiche...
2026-06-13 16:05:22.819 [INFO] Nessuna azione correttiva automatica disponibile
2026-06-13 16:05:22.841 [OK] Report diagnostica salvato: C:\cellular_speace\reports\manutenzione\correttiva\diagnosi_20260613_160500.json
2026-06-13 16:05:22.853 [OK] Diagnosi Markdown salvata: C:\cellular_speace\data\diagnosi\diagnosi_20260613_160500.md
