2026-06-13 19:23:26.751 [DIAG] Diagnostica processi...
2026-06-13 19:23:26.840 [DIAG] Generazione raccomandazioni...
2026-06-13 19:23:26.854 [OK] Report diagnostica salvato: C:\cellular_speace\reports\manutenzione\correttiva\diagnosi_20260613_192326.json
2026-06-13 19:23:26.854 [OK] Diagnosi Markdown salvata: C:\cellular_speace\data\diagnosi\diagnosi_20260613_192326.md
2026-06-13 19:23:26.887 [DIAG] Diagnostica runtime...
2026-06-13 19:23:26.887 [ERROR] [alto] Runtime/snapshot_vecchio: Snapshot ha 384.9min (>30min)
2026-06-13 19:23:26.901 [WARN] [medio] Runtime/errore_lettura_snapshot: Errore lettura snapshot: Impossibile convertire la stringa JSON perché un dizionario convertito da tale stringa contiene le chiavi duplicate 'Server' e 'SERVER'.
2026-06-13 19:23:26.919 [DIAG] Diagnostica processi...
2026-06-13 19:23:26.925 [DIAG] Diagnostica memoria...
2026-06-13 19:23:27.012 [DIAG] Generazione raccomandazioni...
2026-06-13 19:23:27.028 [OK] Report diagnostica salvato: C:\cellular_speace\reports\manutenzione\correttiva\diagnosi_20260613_192326.json
2026-06-13 19:23:27.028 [OK] Diagnosi Markdown salvata: C:\cellular_speace\data\diagnosi\diagnosi_20260613_192326.md
2026-06-13 19:23:27.113 [DIAG] Diagnostica file...
2026-06-13 19:23:30.390 [DIAG] Diagnostica processi...
2026-06-13 19:23:30.493 [DIAG] Diagnostica log errori...
2026-06-13 19:23:35.196 [ERROR] [critico] Log/errori_recenti: 2887 errori nelle ultime 2 ore
2026-06-13 19:23:35.204 [DIAG] Generazione raccomandazioni...
2026-06-13 19:23:35.222 [FIX] Avvio azioni correttive automatiche...
2026-06-13 19:23:35.225 [INFO] Nessuna azione correttiva automatica disponibile
2026-06-13 19:23:35.227 [OK] Report diagnostica salvato: C:\cellular_speace\reports\manutenzione\correttiva\diagnosi_20260613_192326.json
2026-06-13 19:23:35.227 [OK] Diagnosi Markdown salvata: C:\cellular_speace\data\diagnosi\diagnosi_20260613_192326.md
