2026-06-13 15:14:34.486 [DIAG] Diagnostica processi...
2026-06-13 15:14:34.746 [DIAG] Diagnostica processi...
2026-06-13 15:14:34.748 [DIAG] Generazione raccomandazioni...
2026-06-13 15:14:34.778 [OK] Report diagnostica salvato: C:\cellular_speace\reports\manutenzione\correttiva\diagnosi_20260613_151434.json
2026-06-13 15:14:34.782 [OK] Diagnosi Markdown salvata: C:\cellular_speace\data\diagnosi\diagnosi_20260613_151434.md
2026-06-13 15:14:34.944 [DIAG] Generazione raccomandazioni...
2026-06-13 15:14:34.963 [OK] Report diagnostica salvato: C:\cellular_speace\reports\manutenzione\correttiva\diagnosi_20260613_151434.json
2026-06-13 15:14:34.969 [OK] Diagnosi Markdown salvata: C:\cellular_speace\data\diagnosi\diagnosi_20260613_151434.md
2026-06-13 15:14:35.003 [DIAG] Diagnostica runtime...
2026-06-13 15:14:35.010 [ERROR] [alto] Runtime/snapshot_vecchio: Snapshot ha 136min (>30min)
2026-06-13 15:14:35.047 [WARN] [medio] Runtime/errore_lettura_snapshot: Errore lettura snapshot: Impossibile convertire la stringa JSON perché un dizionario convertito da tale stringa contiene le chiavi duplicate 'Server' e 'SERVER'.
2026-06-13 15:14:35.055 [DIAG] Diagnostica memoria...
2026-06-13 15:14:35.339 [DIAG] Diagnostica file...
2026-06-13 15:14:39.069 [DIAG] Diagnostica processi...
2026-06-13 15:14:39.182 [DIAG] Diagnostica log errori...
2026-06-13 15:14:44.610 [ERROR] [critico] Log/errori_recenti: 3496 errori nelle ultime 2 ore
2026-06-13 15:14:44.621 [DIAG] Generazione raccomandazioni...
2026-06-13 15:14:44.651 [FIX] Avvio azioni correttive automatiche...
2026-06-13 15:14:44.655 [INFO] Nessuna azione correttiva automatica disponibile
2026-06-13 15:14:44.663 [OK] Report diagnostica salvato: C:\cellular_speace\reports\manutenzione\correttiva\diagnosi_20260613_151434.json
2026-06-13 15:14:44.672 [OK] Diagnosi Markdown salvata: C:\cellular_speace\data\diagnosi\diagnosi_20260613_151434.md
