2026-06-13 16:18:30.196 [DIAG] Diagnostica processi...
2026-06-13 16:18:30.212 [DIAG] Diagnostica processi...
2026-06-13 16:18:30.465 [DIAG] Generazione raccomandazioni...
2026-06-13 16:18:30.481 [DIAG] Generazione raccomandazioni...
2026-06-13 16:18:30.581 [OK] Report diagnostica salvato: C:\cellular_speace\reports\manutenzione\correttiva\diagnosi_20260613_161830.json
2026-06-13 16:18:30.602 [OK] Diagnosi Markdown salvata: C:\cellular_speace\data\diagnosi\diagnosi_20260613_161830.md
2026-06-13 16:18:30.776 [OK] Report diagnostica salvato: C:\cellular_speace\reports\manutenzione\correttiva\diagnosi_20260613_161830.json
2026-06-13 16:18:30.839 [OK] Diagnosi Markdown salvata: C:\cellular_speace\data\diagnosi\diagnosi_20260613_161830.md
2026-06-13 16:18:30.861 [DIAG] Diagnostica runtime...
2026-06-13 16:18:30.882 [ERROR] [alto] Runtime/snapshot_vecchio: Snapshot ha 200min (>30min)
2026-06-13 16:18:31.061 [DIAG] Diagnostica runtime...
2026-06-13 16:18:31.087 [ERROR] [alto] Runtime/snapshot_vecchio: Snapshot ha 200min (>30min)
2026-06-13 16:18:31.213 [WARN] [medio] Runtime/errore_lettura_snapshot: Errore lettura snapshot: Impossibile convertire la stringa JSON perché un dizionario convertito da tale stringa contiene le chiavi duplicate 'Server' e 'SERVER'.
2026-06-13 16:18:31.525 [WARN] [medio] Runtime/errore_lettura_snapshot: Errore lettura snapshot: Impossibile convertire la stringa JSON perché un dizionario convertito da tale stringa contiene le chiavi duplicate 'Server' e 'SERVER'.
2026-06-13 16:18:31.714 [DIAG] Diagnostica memoria...
2026-06-13 16:18:32.237 [DIAG] Diagnostica file...
2026-06-13 16:18:32.251 [DIAG] Diagnostica memoria...
2026-06-13 16:18:32.761 [DIAG] Diagnostica file...
2026-06-13 16:18:37.487 [DIAG] Diagnostica processi...
2026-06-13 16:18:37.831 [DIAG] Diagnostica log errori...
2026-06-13 16:18:38.804 [DIAG] Diagnostica processi...
2026-06-13 16:18:39.107 [DIAG] Diagnostica log errori...
2026-06-13 16:18:47.623 [ERROR] [critico] Log/errori_recenti: 3398 errori nelle ultime 2 ore
2026-06-13 16:18:47.803 [DIAG] Generazione raccomandazioni...
2026-06-13 16:18:48.087 [FIX] Avvio azioni correttive automatiche...
2026-06-13 16:18:48.108 [INFO] Nessuna azione correttiva automatica disponibile
2026-06-13 16:18:48.140 [OK] Report diagnostica salvato: C:\cellular_speace\reports\manutenzione\correttiva\diagnosi_20260613_161830.json
2026-06-13 16:18:48.157 [OK] Diagnosi Markdown salvata: C:\cellular_speace\data\diagnosi\diagnosi_20260613_161830.md
2026-06-13 16:18:48.861 [ERROR] [critico] Log/errori_recenti: 3400 errori nelle ultime 2 ore
2026-06-13 16:18:48.970 [DIAG] Generazione raccomandazioni...
2026-06-13 16:18:49.181 [FIX] Avvio azioni correttive automatiche...
2026-06-13 16:18:49.188 [INFO] Nessuna azione correttiva automatica disponibile
2026-06-13 16:18:49.207 [OK] Report diagnostica salvato: C:\cellular_speace\reports\manutenzione\correttiva\diagnosi_20260613_161830.json
2026-06-13 16:18:49.214 [OK] Diagnosi Markdown salvata: C:\cellular_speace\data\diagnosi\diagnosi_20260613_161830.md
