2026-06-13 18:47:15.673 [DIAG] Diagnostica processi...
2026-06-13 18:47:15.815 [DIAG] Diagnostica processi...
2026-06-13 18:47:15.858 [DIAG] Generazione raccomandazioni...
2026-06-13 18:47:15.875 [OK] Report diagnostica salvato: C:\cellular_speace\reports\manutenzione\correttiva\diagnosi_20260613_184715.json
2026-06-13 18:47:15.881 [OK] Diagnosi Markdown salvata: C:\cellular_speace\data\diagnosi\diagnosi_20260613_184715.md
2026-06-13 18:47:15.897 [DIAG] Diagnostica runtime...
2026-06-13 18:47:15.915 [ERROR] [alto] Runtime/snapshot_vecchio: Snapshot ha 348.7min (>30min)
2026-06-13 18:47:15.930 [WARN] [medio] Runtime/errore_lettura_snapshot: Errore lettura snapshot: Impossibile convertire la stringa JSON perché un dizionario convertito da tale stringa contiene le chiavi duplicate 'Server' e 'SERVER'.
2026-06-13 18:47:15.946 [DIAG] Diagnostica memoria...
2026-06-13 18:47:15.970 [DIAG] Generazione raccomandazioni...
2026-06-13 18:47:15.989 [OK] Report diagnostica salvato: C:\cellular_speace\reports\manutenzione\correttiva\diagnosi_20260613_184715.json
2026-06-13 18:47:15.995 [OK] Diagnosi Markdown salvata: C:\cellular_speace\data\diagnosi\diagnosi_20260613_184715.md
2026-06-13 18:47:16.259 [DIAG] Diagnostica file...
2026-06-13 18:47:20.653 [DIAG] Diagnostica processi...
2026-06-13 18:47:20.810 [DIAG] Diagnostica log errori...
2026-06-13 18:47:27.111 [ERROR] [critico] Log/errori_recenti: 3289 errori nelle ultime 2 ore
2026-06-13 18:47:27.124 [DIAG] Generazione raccomandazioni...
2026-06-13 18:47:27.144 [FIX] Avvio azioni correttive automatiche...
2026-06-13 18:47:27.148 [INFO] Nessuna azione correttiva automatica disponibile
2026-06-13 18:47:27.153 [OK] Report diagnostica salvato: C:\cellular_speace\reports\manutenzione\correttiva\diagnosi_20260613_184715.json
2026-06-13 18:47:27.157 [OK] Diagnosi Markdown salvata: C:\cellular_speace\data\diagnosi\diagnosi_20260613_184715.md
