2026-06-13 15:54:47.630 [DIAG] Diagnostica runtime...
2026-06-13 15:54:47.718 [ERROR] [alto] Runtime/snapshot_vecchio: Snapshot ha 176.2min (>30min)
2026-06-13 15:54:47.876 [DIAG] Diagnostica processi...
2026-06-13 15:54:48.017 [DIAG] Diagnostica processi...
2026-06-13 15:54:48.268 [DIAG] Generazione raccomandazioni...
2026-06-13 15:54:48.347 [DIAG] Generazione raccomandazioni...
2026-06-13 15:54:48.640 [WARN] [medio] Runtime/errore_lettura_snapshot: Errore lettura snapshot: Impossibile convertire la stringa JSON perché un dizionario convertito da tale stringa contiene le chiavi duplicate 'Server' e 'SERVER'.
2026-06-13 15:54:48.800 [OK] Report diagnostica salvato: C:\cellular_speace\reports\manutenzione\correttiva\diagnosi_20260613_155447.json
2026-06-13 15:54:48.843 [OK] Report diagnostica salvato: C:\cellular_speace\reports\manutenzione\correttiva\diagnosi_20260613_155447.json
2026-06-13 15:54:48.913 [OK] Diagnosi Markdown salvata: C:\cellular_speace\data\diagnosi\diagnosi_20260613_155447.md
2026-06-13 15:54:49.950 [DIAG] Diagnostica memoria...
2026-06-13 15:54:50.562 [DIAG] Diagnostica file...
2026-06-13 15:54:59.875 [DIAG] Diagnostica processi...
2026-06-13 15:55:01.110 [DIAG] Diagnostica log errori...
2026-06-13 15:55:16.302 [ERROR] [critico] Log/errori_recenti: 3351 errori nelle ultime 2 ore
2026-06-13 15:55:16.669 [DIAG] Generazione raccomandazioni...
2026-06-13 15:55:16.808 [FIX] Avvio azioni correttive automatiche...
2026-06-13 15:55:16.819 [INFO] Nessuna azione correttiva automatica disponibile
2026-06-13 15:55:16.839 [OK] Report diagnostica salvato: C:\cellular_speace\reports\manutenzione\correttiva\diagnosi_20260613_155447.json
2026-06-13 15:55:16.855 [OK] Diagnosi Markdown salvata: C:\cellular_speace\data\diagnosi\diagnosi_20260613_155447.md
