2026-06-13 13:54:14.493 [DIAG] Diagnostica processi...
2026-06-13 13:54:14.650 [DIAG] Generazione raccomandazioni...
2026-06-13 13:54:14.666 [OK] Report diagnostica salvato: C:\cellular_speace\reports\manutenzione\correttiva\diagnosi_20260613_135414.json
2026-06-13 13:54:14.682 [OK] Diagnosi Markdown salvata: C:\cellular_speace\data\diagnosi\diagnosi_20260613_135414.md
2026-06-13 13:54:14.717 [DIAG] Diagnostica runtime...
2026-06-13 13:54:14.723 [ERROR] [alto] Runtime/snapshot_vecchio: Snapshot ha 55.7min (>30min)
2026-06-13 13:54:14.741 [WARN] [medio] Runtime/errore_lettura_snapshot: Errore lettura snapshot: Impossibile convertire la stringa JSON perché un dizionario convertito da tale stringa contiene le chiavi duplicate 'Server' e 'SERVER'.
2026-06-13 13:54:14.758 [DIAG] Diagnostica memoria...
2026-06-13 13:54:14.921 [DIAG] Diagnostica processi...
2026-06-13 13:54:15.106 [DIAG] Diagnostica file...
2026-06-13 13:54:15.134 [DIAG] Generazione raccomandazioni...
2026-06-13 13:54:15.165 [OK] Report diagnostica salvato: C:\cellular_speace\reports\manutenzione\correttiva\diagnosi_20260613_135414.json
2026-06-13 13:54:15.169 [OK] Diagnosi Markdown salvata: C:\cellular_speace\data\diagnosi\diagnosi_20260613_135414.md
2026-06-13 13:54:15.270 [WARN] [basso] File/log_vuoto: diagnostica_20260613_135415.log: file vuoto nonostante scrittura recente
2026-06-13 13:54:18.878 [DIAG] Diagnostica processi...
2026-06-13 13:54:19.071 [DIAG] Diagnostica log errori...
2026-06-13 13:54:23.073 [ERROR] [critico] Log/errori_recenti: 2062 errori nelle ultime 2 ore
2026-06-13 13:54:23.089 [DIAG] Generazione raccomandazioni...
2026-06-13 13:54:23.114 [FIX] Avvio azioni correttive automatiche...
2026-06-13 13:54:23.119 [INFO] Nessuna azione correttiva automatica disponibile
2026-06-13 13:54:23.119 [OK] Report diagnostica salvato: C:\cellular_speace\reports\manutenzione\correttiva\diagnosi_20260613_135414.json
2026-06-13 13:54:23.119 [OK] Diagnosi Markdown salvata: C:\cellular_speace\data\diagnosi\diagnosi_20260613_135414.md
