2026-06-13 15:09:30.344 [DIAG] Diagnostica processi...
2026-06-13 15:09:30.437 [DIAG] Diagnostica processi...
2026-06-13 15:09:30.556 [DIAG] Generazione raccomandazioni...
2026-06-13 15:09:30.598 [OK] Report diagnostica salvato: C:\cellular_speace\reports\manutenzione\correttiva\diagnosi_20260613_150930.json
2026-06-13 15:09:30.612 [OK] Diagnosi Markdown salvata: C:\cellular_speace\data\diagnosi\diagnosi_20260613_150930.md
2026-06-13 15:09:30.655 [DIAG] Generazione raccomandazioni...
2026-06-13 15:09:30.661 [DIAG] Diagnostica runtime...
2026-06-13 15:09:30.683 [ERROR] [alto] Runtime/snapshot_vecchio: Snapshot ha 131min (>30min)
2026-06-13 15:09:30.685 [OK] Report diagnostica salvato: C:\cellular_speace\reports\manutenzione\correttiva\diagnosi_20260613_150930.json
2026-06-13 15:09:30.700 [OK] Diagnosi Markdown salvata: C:\cellular_speace\data\diagnosi\diagnosi_20260613_150930.md
2026-06-13 15:09:30.733 [WARN] [medio] Runtime/errore_lettura_snapshot: Errore lettura snapshot: Impossibile convertire la stringa JSON perché un dizionario convertito da tale stringa contiene le chiavi duplicate 'Server' e 'SERVER'.
2026-06-13 15:09:30.753 [DIAG] Diagnostica memoria...
2026-06-13 15:09:31.176 [DIAG] Diagnostica file...
2026-06-13 15:09:36.307 [DIAG] Diagnostica processi...
2026-06-13 15:09:36.554 [DIAG] Diagnostica log errori...
2026-06-13 15:09:47.544 [ERROR] [critico] Log/errori_recenti: 3644 errori nelle ultime 2 ore
2026-06-13 15:09:47.796 [DIAG] Generazione raccomandazioni...
2026-06-13 15:09:47.927 [FIX] Avvio azioni correttive automatiche...
2026-06-13 15:09:47.998 [INFO] Nessuna azione correttiva automatica disponibile
2026-06-13 15:09:48.028 [OK] Report diagnostica salvato: C:\cellular_speace\reports\manutenzione\correttiva\diagnosi_20260613_150930.json
2026-06-13 15:09:48.044 [OK] Diagnosi Markdown salvata: C:\cellular_speace\data\diagnosi\diagnosi_20260613_150930.md
