2026-06-13 13:28:09.272 [DIAG] Diagnostica processi...
2026-06-13 13:28:09.441 [DIAG] Generazione raccomandazioni...
2026-06-13 13:28:09.464 [OK] Report diagnostica salvato: C:\cellular_speace\reports\manutenzione\correttiva\diagnosi_20260613_132809.json
2026-06-13 13:28:09.472 [OK] Diagnosi Markdown salvata: C:\cellular_speace\data\diagnosi\diagnosi_20260613_132809.md
2026-06-13 13:28:09.513 [DIAG] Diagnostica runtime...
2026-06-13 13:28:09.531 [WARN] [medio] Runtime/errore_lettura_snapshot: Errore lettura snapshot: Impossibile convertire la stringa JSON perché un dizionario convertito da tale stringa contiene le chiavi duplicate 'Server' e 'SERVER'.
2026-06-13 13:28:09.546 [DIAG] Diagnostica memoria...
2026-06-13 13:28:09.629 [DIAG] Diagnostica processi...
2026-06-13 13:28:09.779 [DIAG] Generazione raccomandazioni...
2026-06-13 13:28:09.800 [OK] Report diagnostica salvato: C:\cellular_speace\reports\manutenzione\correttiva\diagnosi_20260613_132809.json
2026-06-13 13:28:09.804 [OK] Diagnosi Markdown salvata: C:\cellular_speace\data\diagnosi\diagnosi_20260613_132809.md
2026-06-13 13:28:09.857 [DIAG] Diagnostica file...
2026-06-13 13:28:12.501 [DIAG] Diagnostica processi...
2026-06-13 13:28:12.623 [DIAG] Diagnostica log errori...
2026-06-13 13:28:13.886 [ERROR] [critico] Log/errori_recenti: 1272 errori nelle ultime 2 ore
2026-06-13 13:28:13.886 [DIAG] Generazione raccomandazioni...
2026-06-13 13:28:13.922 [FIX] Avvio azioni correttive automatiche...
2026-06-13 13:28:13.928 [INFO] Nessuna azione correttiva automatica disponibile
2026-06-13 13:28:13.932 [OK] Report diagnostica salvato: C:\cellular_speace\reports\manutenzione\correttiva\diagnosi_20260613_132809.json
2026-06-13 13:28:13.938 [OK] Diagnosi Markdown salvata: C:\cellular_speace\data\diagnosi\diagnosi_20260613_132809.md
