2026-06-13 14:26:48.088 [DIAG] Diagnostica processi...
2026-06-13 14:26:48.223 [DIAG] Diagnostica processi...
2026-06-13 14:26:48.337 [DIAG] Generazione raccomandazioni...
2026-06-13 14:26:48.373 [OK] Report diagnostica salvato: C:\cellular_speace\reports\manutenzione\correttiva\diagnosi_20260613_142648.json
2026-06-13 14:26:48.383 [OK] Diagnosi Markdown salvata: C:\cellular_speace\data\diagnosi\diagnosi_20260613_142648.md
2026-06-13 14:26:48.450 [DIAG] Diagnostica runtime...
2026-06-13 14:26:48.457 [ERROR] [alto] Runtime/snapshot_vecchio: Snapshot ha 88.3min (>30min)
2026-06-13 14:26:48.478 [DIAG] Generazione raccomandazioni...
2026-06-13 14:26:48.511 [OK] Report diagnostica salvato: C:\cellular_speace\reports\manutenzione\correttiva\diagnosi_20260613_142648.json
2026-06-13 14:26:48.515 [WARN] [medio] Runtime/errore_lettura_snapshot: Errore lettura snapshot: Impossibile convertire la stringa JSON perché un dizionario convertito da tale stringa contiene le chiavi duplicate 'Server' e 'SERVER'.
2026-06-13 14:26:48.519 [OK] Diagnosi Markdown salvata: C:\cellular_speace\data\diagnosi\diagnosi_20260613_142648.md
2026-06-13 14:26:48.543 [DIAG] Diagnostica memoria...
2026-06-13 14:26:48.653 [DIAG] Diagnostica processi...
2026-06-13 14:26:48.862 [DIAG] Diagnostica processi...
2026-06-13 14:26:48.866 [DIAG] Generazione raccomandazioni...
2026-06-13 14:26:48.899 [OK] Report diagnostica salvato: C:\cellular_speace\reports\manutenzione\correttiva\diagnosi_20260613_142648.json
2026-06-13 14:26:48.907 [OK] Diagnosi Markdown salvata: C:\cellular_speace\data\diagnosi\diagnosi_20260613_142648.md
2026-06-13 14:26:49.007 [DIAG] Diagnostica file...
2026-06-13 14:26:49.100 [DIAG] Generazione raccomandazioni...
2026-06-13 14:26:49.129 [OK] Report diagnostica salvato: C:\cellular_speace\reports\manutenzione\correttiva\diagnosi_20260613_142648.json
2026-06-13 14:26:49.139 [OK] Diagnosi Markdown salvata: C:\cellular_speace\data\diagnosi\diagnosi_20260613_142648.md
2026-06-13 14:26:52.296 [DIAG] Diagnostica processi...
2026-06-13 14:26:52.434 [DIAG] Diagnostica log errori...
2026-06-13 14:26:57.616 [ERROR] [critico] Log/errori_recenti: 2913 errori nelle ultime 2 ore
2026-06-13 14:26:57.628 [DIAG] Generazione raccomandazioni...
2026-06-13 14:26:57.656 [FIX] Avvio azioni correttive automatiche...
2026-06-13 14:26:57.660 [INFO] Nessuna azione correttiva automatica disponibile
2026-06-13 14:26:57.667 [OK] Report diagnostica salvato: C:\cellular_speace\reports\manutenzione\correttiva\diagnosi_20260613_142648.json
2026-06-13 14:26:57.674 [OK] Diagnosi Markdown salvata: C:\cellular_speace\data\diagnosi\diagnosi_20260613_142648.md
