2026-06-13 13:12:25.338 [DIAG] Diagnostica processi...
2026-06-13 13:12:25.399 [DIAG] Diagnostica processi...
2026-06-13 13:12:25.589 [WARN] Errore diagnostica processi: Eccezione durante la chiamata di "ToDateTime" con "1" argomento/i: "Argomento specificato non compreso nell'intervallo.
Nome parametro: dmtfDate"
2026-06-13 13:12:25.599 [DIAG] Generazione raccomandazioni...
2026-06-13 13:12:25.633 [OK] Report diagnostica salvato: C:\cellular_speace\reports\manutenzione\correttiva\diagnosi_20260613_131225.json
2026-06-13 13:12:25.637 [WARN] Errore diagnostica processi: Eccezione durante la chiamata di "ToDateTime" con "1" argomento/i: "Argomento specificato non compreso nell'intervallo.
Nome parametro: dmtfDate"
2026-06-13 13:12:25.637 [OK] Diagnosi Markdown salvata: C:\cellular_speace\data\diagnosi\diagnosi_20260613_131225.md
2026-06-13 13:12:25.637 [DIAG] Generazione raccomandazioni...
2026-06-13 13:12:25.665 [OK] Report diagnostica salvato: C:\cellular_speace\reports\manutenzione\correttiva\diagnosi_20260613_131225.json
2026-06-13 13:12:25.668 [OK] Diagnosi Markdown salvata: C:\cellular_speace\data\diagnosi\diagnosi_20260613_131225.md
2026-06-13 13:12:25.677 [DIAG] Diagnostica runtime...
2026-06-13 13:12:25.700 [DIAG] Diagnostica runtime...
2026-06-13 13:12:25.700 [WARN] [medio] Runtime/errore_lettura_snapshot: Errore lettura snapshot: Impossibile convertire la stringa JSON perché un dizionario convertito da tale stringa contiene le chiavi duplicate 'Server' e 'SERVER'.
2026-06-13 13:12:25.716 [WARN] [medio] Runtime/errore_lettura_snapshot: Errore lettura snapshot: Impossibile convertire la stringa JSON perché un dizionario convertito da tale stringa contiene le chiavi duplicate 'Server' e 'SERVER'.
2026-06-13 13:12:25.727 [DIAG] Diagnostica memoria...
2026-06-13 13:12:25.734 [DIAG] Diagnostica memoria...
2026-06-13 13:12:26.184 [DIAG] Diagnostica file...
2026-06-13 13:12:26.202 [DIAG] Diagnostica file...
2026-06-13 13:12:29.619 [DIAG] Diagnostica processi...
2026-06-13 13:12:29.878 [WARN] Errore diagnostica processi: Eccezione durante la chiamata di "ToDateTime" con "1" argomento/i: "Argomento specificato non compreso nell'intervallo.
Nome parametro: dmtfDate"
2026-06-13 13:12:29.933 [DIAG] Diagnostica processi...
2026-06-13 13:12:29.962 [ERROR] ERRORE FATALE: Il processo non può accedere al file 'C:\cellular_speace\data\logs\manutenzione\correttiva\diagnostica_20260613_131225.log' perché è in uso da un altro processo.
2026-06-13 13:12:30.260 [WARN] Errore diagnostica processi: Eccezione durante la chiamata di "ToDateTime" con "1" argomento/i: "Argomento specificato non compreso nell'intervallo.
Nome parametro: dmtfDate"
2026-06-13 13:12:30.287 [DIAG] Diagnostica log errori...
2026-06-13 13:12:30.301 [WARN] Errore diagnostica log: Impossibile convertire 'System.Object[]' nel tipo 'System.String' richiesto da parametro 'ChildPath'. Specificato metodo non supportato.
2026-06-13 13:12:30.309 [DIAG] Generazione raccomandazioni...
2026-06-13 13:12:30.370 [FIX] Avvio azioni correttive automatiche...
2026-06-13 13:12:30.378 [INFO] Nessuna azione correttiva automatica disponibile
2026-06-13 13:12:30.386 [OK] Report diagnostica salvato: C:\cellular_speace\reports\manutenzione\correttiva\diagnosi_20260613_131225.json
2026-06-13 13:12:30.400 [OK] Diagnosi Markdown salvata: C:\cellular_speace\data\diagnosi\diagnosi_20260613_131225.md
