2026-06-13 16:49:38.352 [DIAG] Diagnostica processi...
2026-06-13 16:49:38.600 [DIAG] Generazione raccomandazioni...
2026-06-13 16:49:38.631 [OK] Report diagnostica salvato: C:\cellular_speace\reports\manutenzione\correttiva\diagnosi_20260613_164938.json
2026-06-13 16:49:38.638 [OK] Diagnosi Markdown salvata: C:\cellular_speace\data\diagnosi\diagnosi_20260613_164938.md
2026-06-13 16:49:38.677 [DIAG] Diagnostica runtime...
2026-06-13 16:49:38.683 [ERROR] [alto] Runtime/snapshot_vecchio: Snapshot ha 231.1min (>30min)
2026-06-13 16:49:38.716 [WARN] [medio] Runtime/errore_lettura_snapshot: Errore lettura snapshot: Impossibile convertire la stringa JSON perché un dizionario convertito da tale stringa contiene le chiavi duplicate 'Server' e 'SERVER'.
2026-06-13 16:49:38.735 [DIAG] Diagnostica memoria...
2026-06-13 16:49:38.804 [DIAG] Diagnostica processi...
2026-06-13 16:49:39.031 [DIAG] Generazione raccomandazioni...
2026-06-13 16:49:39.054 [OK] Report diagnostica salvato: C:\cellular_speace\reports\manutenzione\correttiva\diagnosi_20260613_164938.json
2026-06-13 16:49:39.063 [OK] Diagnosi Markdown salvata: C:\cellular_speace\data\diagnosi\diagnosi_20260613_164938.md
2026-06-13 16:49:39.156 [DIAG] Diagnostica file...
2026-06-13 16:49:43.743 [DIAG] Diagnostica processi...
2026-06-13 16:49:43.925 [DIAG] Diagnostica log errori...
2026-06-13 16:49:52.118 [ERROR] [critico] Log/errori_recenti: 3344 errori nelle ultime 2 ore
2026-06-13 16:49:52.128 [DIAG] Generazione raccomandazioni...
2026-06-13 16:49:52.146 [FIX] Avvio azioni correttive automatiche...
2026-06-13 16:49:52.149 [INFO] Nessuna azione correttiva automatica disponibile
2026-06-13 16:49:52.157 [OK] Report diagnostica salvato: C:\cellular_speace\reports\manutenzione\correttiva\diagnosi_20260613_164938.json
2026-06-13 16:49:52.161 [OK] Diagnosi Markdown salvata: C:\cellular_speace\data\diagnosi\diagnosi_20260613_164938.md
