2026-06-13 16:13:15.205 [DIAG] Diagnostica processi...
2026-06-13 16:13:15.329 [DIAG] Generazione raccomandazioni...
2026-06-13 16:13:15.343 [OK] Report diagnostica salvato: C:\cellular_speace\reports\manutenzione\correttiva\diagnosi_20260613_161315.json
2026-06-13 16:13:15.346 [OK] Diagnosi Markdown salvata: C:\cellular_speace\data\diagnosi\diagnosi_20260613_161315.md
2026-06-13 16:13:15.743 [DIAG] Diagnostica processi...
2026-06-13 16:13:15.852 [DIAG] Generazione raccomandazioni...
2026-06-13 16:13:15.868 [OK] Report diagnostica salvato: C:\cellular_speace\reports\manutenzione\correttiva\diagnosi_20260613_161315.json
2026-06-13 16:13:15.868 [OK] Diagnosi Markdown salvata: C:\cellular_speace\data\diagnosi\diagnosi_20260613_161315.md
2026-06-13 16:13:15.900 [DIAG] Diagnostica runtime...
2026-06-13 16:13:15.900 [ERROR] [alto] Runtime/snapshot_vecchio: Snapshot ha 194.7min (>30min)
2026-06-13 16:13:15.916 [WARN] [medio] Runtime/errore_lettura_snapshot: Errore lettura snapshot: Impossibile convertire la stringa JSON perché un dizionario convertito da tale stringa contiene le chiavi duplicate 'Server' e 'SERVER'.
2026-06-13 16:13:15.916 [DIAG] Diagnostica memoria...
2026-06-13 16:13:16.131 [DIAG] Diagnostica file...
2026-06-13 16:13:18.946 [DIAG] Diagnostica processi...
2026-06-13 16:13:19.064 [DIAG] Diagnostica log errori...
2026-06-13 16:13:23.509 [ERROR] [critico] Log/errori_recenti: 3342 errori nelle ultime 2 ore
2026-06-13 16:13:23.533 [DIAG] Generazione raccomandazioni...
2026-06-13 16:13:23.548 [FIX] Avvio azioni correttive automatiche...
2026-06-13 16:13:23.550 [INFO] Nessuna azione correttiva automatica disponibile
2026-06-13 16:13:23.554 [OK] Report diagnostica salvato: C:\cellular_speace\reports\manutenzione\correttiva\diagnosi_20260613_161315.json
2026-06-13 16:13:23.558 [OK] Diagnosi Markdown salvata: C:\cellular_speace\data\diagnosi\diagnosi_20260613_161315.md
