2026-06-13 18:19:36.585 [DIAG] Diagnostica processi...
2026-06-13 18:19:36.829 [DIAG] Diagnostica runtime...
2026-06-13 18:19:36.874 [ERROR] [alto] Runtime/snapshot_vecchio: Snapshot ha 321.1min (>30min)
2026-06-13 18:19:36.890 [ERROR] ERRORE FATALE: Il processo non può accedere al file 'C:\cellular_speace\data\logs\manutenzione\correttiva\diagnostica_20260613_181936.log' perché è in uso da un altro processo.
2026-06-13 18:19:37.045 [DIAG] Diagnostica runtime...
2026-06-13 18:19:37.072 [ERROR] [alto] Runtime/snapshot_vecchio: Snapshot ha 321.1min (>30min)
2026-06-13 18:19:37.706 [WARN] [medio] Runtime/errore_lettura_snapshot: Errore lettura snapshot: Impossibile convertire la stringa JSON perché un dizionario convertito da tale stringa contiene le chiavi duplicate 'Server' e 'SERVER'.
2026-06-13 18:19:37.876 [WARN] [medio] Runtime/errore_lettura_snapshot: Errore lettura snapshot: Impossibile convertire la stringa JSON perché un dizionario convertito da tale stringa contiene le chiavi duplicate 'Server' e 'SERVER'.
2026-06-13 18:19:39.062 [DIAG] Diagnostica memoria...
2026-06-13 18:19:39.262 [DIAG] Diagnostica memoria...
2026-06-13 18:19:39.746 [DIAG] Diagnostica file...
2026-06-13 18:19:40.130 [DIAG] Diagnostica file...
2026-06-13 18:19:48.891 [DIAG] Diagnostica processi...
2026-06-13 18:19:49.296 [DIAG] Diagnostica processi...
2026-06-13 18:19:49.321 [DIAG] Diagnostica log errori...
2026-06-13 18:19:49.645 [DIAG] Diagnostica log errori...
2026-06-13 18:20:05.946 [ERROR] [critico] Log/errori_recenti: 3353 errori nelle ultime 2 ore
2026-06-13 18:20:06.699 [DIAG] Generazione raccomandazioni...
2026-06-13 18:20:07.169 [FIX] Avvio azioni correttive automatiche...
2026-06-13 18:20:07.229 [INFO] Nessuna azione correttiva automatica disponibile
2026-06-13 18:20:07.269 [OK] Report diagnostica salvato: C:\cellular_speace\reports\manutenzione\correttiva\diagnosi_20260613_181936.json
2026-06-13 18:20:07.352 [ERROR] [critico] Log/errori_recenti: 3349 errori nelle ultime 2 ore
2026-06-13 18:20:07.395 [OK] Diagnosi Markdown salvata: C:\cellular_speace\data\diagnosi\diagnosi_20260613_181936.md
2026-06-13 18:20:07.928 [DIAG] Generazione raccomandazioni...
2026-06-13 18:20:08.332 [FIX] Avvio azioni correttive automatiche...
2026-06-13 18:20:08.382 [INFO] Nessuna azione correttiva automatica disponibile
2026-06-13 18:20:08.433 [OK] Report diagnostica salvato: C:\cellular_speace\reports\manutenzione\correttiva\diagnosi_20260613_181936.json
2026-06-13 18:20:08.462 [OK] Diagnosi Markdown salvata: C:\cellular_speace\data\diagnosi\diagnosi_20260613_181936.md
