2026-06-13 13:08:39.624 [DIAG] Diagnostica processi...
2026-06-13 13:08:39.915 [WARN] Errore diagnostica processi: Eccezione durante la chiamata di "ToDateTime" con "1" argomento/i: "Argomento specificato non compreso nell'intervallo.
Nome parametro: dmtfDate"
2026-06-13 13:08:39.927 [DIAG] Generazione raccomandazioni...
2026-06-13 13:08:39.950 [OK] Report diagnostica salvato: C:\cellular_speace\reports\manutenzione\correttiva\diagnosi_20260613_130839.json
2026-06-13 13:08:39.969 [OK] Diagnosi Markdown salvata: C:\cellular_speace\data\diagnosi\diagnosi_20260613_130839.md
2026-06-13 13:08:40.020 [DIAG] Diagnostica runtime...
2026-06-13 13:08:40.153 [WARN] [medio] Runtime/errore_lettura_snapshot: Errore lettura snapshot: Impossibile convertire la stringa JSON perché un dizionario convertito da tale stringa contiene le chiavi duplicate 'Server' e 'SERVER'.
2026-06-13 13:08:40.189 [DIAG] Diagnostica memoria...
2026-06-13 13:08:40.854 [DIAG] Diagnostica file...
2026-06-13 13:08:45.426 [DIAG] Diagnostica processi...
2026-06-13 13:08:45.820 [WARN] Errore diagnostica processi: Eccezione durante la chiamata di "ToDateTime" con "1" argomento/i: "Argomento specificato non compreso nell'intervallo.
Nome parametro: dmtfDate"
2026-06-13 13:08:45.846 [DIAG] Diagnostica log errori...
2026-06-13 13:08:45.861 [WARN] Errore diagnostica log: Impossibile convertire 'System.Object[]' nel tipo 'System.String' richiesto da parametro 'ChildPath'. Specificato metodo non supportato.
2026-06-13 13:08:45.901 [DIAG] Generazione raccomandazioni...
2026-06-13 13:08:46.106 [FIX] Avvio azioni correttive automatiche...
2026-06-13 13:08:46.106 [INFO] Nessuna azione correttiva automatica disponibile
2026-06-13 13:08:46.120 [OK] Report diagnostica salvato: C:\cellular_speace\reports\manutenzione\correttiva\diagnosi_20260613_130839.json
2026-06-13 13:08:46.133 [OK] Diagnosi Markdown salvata: C:\cellular_speace\data\diagnosi\diagnosi_20260613_130839.md
