2026-06-13 15:57:02.175 [DIAG] Diagnostica processi...
2026-06-13 15:57:02.456 [DIAG] Generazione raccomandazioni...
2026-06-13 15:57:02.479 [DIAG] Diagnostica processi...
2026-06-13 15:57:02.535 [DIAG] Diagnostica processi...
2026-06-13 15:57:02.569 [OK] Report diagnostica salvato: C:\cellular_speace\reports\manutenzione\correttiva\diagnosi_20260613_155702.json
2026-06-13 15:57:02.583 [OK] Diagnosi Markdown salvata: C:\cellular_speace\data\diagnosi\diagnosi_20260613_155702.md
2026-06-13 15:57:02.685 [DIAG] Diagnostica runtime...
2026-06-13 15:57:02.706 [ERROR] [alto] Runtime/snapshot_vecchio: Snapshot ha 178.5min (>30min)
2026-06-13 15:57:02.788 [DIAG] Generazione raccomandazioni...
2026-06-13 15:57:02.800 [DIAG] Generazione raccomandazioni...
2026-06-13 15:57:02.850 [OK] Report diagnostica salvato: C:\cellular_speace\reports\manutenzione\correttiva\diagnosi_20260613_155702.json
2026-06-13 15:57:02.860 [OK] Diagnosi Markdown salvata: C:\cellular_speace\data\diagnosi\diagnosi_20260613_155702.md
2026-06-13 15:57:02.866 [OK] Report diagnostica salvato: C:\cellular_speace\reports\manutenzione\correttiva\diagnosi_20260613_155702.json
2026-06-13 15:57:02.874 [OK] Diagnosi Markdown salvata: C:\cellular_speace\data\diagnosi\diagnosi_20260613_155702.md
2026-06-13 15:57:02.911 [WARN] [medio] Runtime/errore_lettura_snapshot: Errore lettura snapshot: Impossibile convertire la stringa JSON perché un dizionario convertito da tale stringa contiene le chiavi duplicate 'Server' e 'SERVER'.
2026-06-13 15:57:02.933 [DIAG] Diagnostica runtime...
2026-06-13 15:57:02.941 [ERROR] [alto] Runtime/snapshot_vecchio: Snapshot ha 178.5min (>30min)
2026-06-13 15:57:02.978 [DIAG] Diagnostica runtime...
2026-06-13 15:57:02.990 [ERROR] [alto] Runtime/snapshot_vecchio: Snapshot ha 178.5min (>30min)
2026-06-13 15:57:03.030 [WARN] [medio] Runtime/errore_lettura_snapshot: Errore lettura snapshot: Impossibile convertire la stringa JSON perché un dizionario convertito da tale stringa contiene le chiavi duplicate 'Server' e 'SERVER'.
2026-06-13 15:57:03.051 [WARN] [medio] Runtime/errore_lettura_snapshot: Errore lettura snapshot: Impossibile convertire la stringa JSON perché un dizionario convertito da tale stringa contiene le chiavi duplicate 'Server' e 'SERVER'.
2026-06-13 15:57:03.067 [DIAG] Diagnostica memoria...
2026-06-13 15:57:03.119 [DIAG] Diagnostica memoria...
2026-06-13 15:57:03.380 [DIAG] Diagnostica memoria...
2026-06-13 15:57:03.614 [DIAG] Diagnostica file...
2026-06-13 15:57:03.622 [DIAG] Diagnostica file...
2026-06-13 15:57:03.878 [DIAG] Diagnostica file...
2026-06-13 15:57:08.804 [DIAG] Diagnostica processi...
2026-06-13 15:57:09.138 [DIAG] Diagnostica log errori...
2026-06-13 15:57:09.596 [DIAG] Diagnostica processi...
2026-06-13 15:57:09.753 [DIAG] Diagnostica processi...
2026-06-13 15:57:09.912 [DIAG] Diagnostica log errori...
2026-06-13 15:57:10.085 [DIAG] Diagnostica log errori...
2026-06-13 15:57:20.415 [ERROR] [critico] Log/errori_recenti: 3361 errori nelle ultime 2 ore
2026-06-13 15:57:21.007 [DIAG] Generazione raccomandazioni...
2026-06-13 15:57:21.308 [FIX] Avvio azioni correttive automatiche...
2026-06-13 15:57:21.320 [INFO] Nessuna azione correttiva automatica disponibile
2026-06-13 15:57:21.352 [OK] Report diagnostica salvato: C:\cellular_speace\reports\manutenzione\correttiva\diagnosi_20260613_155702.json
2026-06-13 15:57:21.375 [OK] Diagnosi Markdown salvata: C:\cellular_speace\data\diagnosi\diagnosi_20260613_155702.md
2026-06-13 15:57:22.198 [ERROR] [critico] Log/errori_recenti: 3363 errori nelle ultime 2 ore
2026-06-13 15:57:22.252 [ERROR] [critico] Log/errori_recenti: 3363 errori nelle ultime 2 ore
2026-06-13 15:57:22.400 [DIAG] Generazione raccomandazioni...
2026-06-13 15:57:22.404 [DIAG] Generazione raccomandazioni...
2026-06-13 15:57:22.454 [FIX] Avvio azioni correttive automatiche...
2026-06-13 15:57:22.485 [INFO] Nessuna azione correttiva automatica disponibile
2026-06-13 15:57:22.529 [FIX] Avvio azioni correttive automatiche...
2026-06-13 15:57:22.544 [INFO] Nessuna azione correttiva automatica disponibile
2026-06-13 15:57:22.551 [ERROR] Impossibile salvare report JSON: Il processo non può accedere al file 'C:\cellular_speace\data\logs\manutenzione\correttiva\diagnostica_20260613_155702.log' perché è in uso da un altro processo.
2026-06-13 15:57:22.555 [OK] Report diagnostica salvato: C:\cellular_speace\reports\manutenzione\correttiva\diagnosi_20260613_155702.json
2026-06-13 15:57:22.577 [OK] Diagnosi Markdown salvata: C:\cellular_speace\data\diagnosi\diagnosi_20260613_155702.md
2026-06-13 15:57:22.595 [OK] Diagnosi Markdown salvata: C:\cellular_speace\data\diagnosi\diagnosi_20260613_155702.md
