2026-06-13 14:43:55.258 [DIAG] Diagnostica processi...
2026-06-13 14:43:55.589 [DIAG] Generazione raccomandazioni...
2026-06-13 14:43:55.646 [DIAG] Diagnostica processi...
2026-06-13 14:43:55.693 [OK] Report diagnostica salvato: C:\cellular_speace\reports\manutenzione\correttiva\diagnosi_20260613_144355.json
2026-06-13 14:43:55.723 [OK] Diagnosi Markdown salvata: C:\cellular_speace\data\diagnosi\diagnosi_20260613_144355.md
2026-06-13 14:43:55.933 [DIAG] Diagnostica runtime...
2026-06-13 14:43:55.962 [DIAG] Generazione raccomandazioni...
2026-06-13 14:43:55.980 [ERROR] [alto] Runtime/snapshot_vecchio: Snapshot ha 105.4min (>30min)
2026-06-13 14:43:56.095 [OK] Report diagnostica salvato: C:\cellular_speace\reports\manutenzione\correttiva\diagnosi_20260613_144355.json
2026-06-13 14:43:56.117 [OK] Diagnosi Markdown salvata: C:\cellular_speace\data\diagnosi\diagnosi_20260613_144355.md
2026-06-13 14:43:56.303 [WARN] [medio] Runtime/errore_lettura_snapshot: Errore lettura snapshot: Impossibile convertire la stringa JSON perché un dizionario convertito da tale stringa contiene le chiavi duplicate 'Server' e 'SERVER'.
2026-06-13 14:43:57.364 [DIAG] Diagnostica memoria...
2026-06-13 14:43:57.937 [DIAG] Diagnostica file...
2026-06-13 14:44:03.663 [DIAG] Diagnostica processi...
2026-06-13 14:44:04.026 [DIAG] Diagnostica log errori...
2026-06-13 14:44:17.107 [ERROR] [critico] Log/errori_recenti: 3390 errori nelle ultime 2 ore
2026-06-13 14:44:17.979 [DIAG] Generazione raccomandazioni...
2026-06-13 14:44:18.358 [FIX] Avvio azioni correttive automatiche...
2026-06-13 14:44:18.388 [INFO] Nessuna azione correttiva automatica disponibile
2026-06-13 14:44:18.454 [OK] Report diagnostica salvato: C:\cellular_speace\reports\manutenzione\correttiva\diagnosi_20260613_144355.json
2026-06-13 14:44:18.515 [OK] Diagnosi Markdown salvata: C:\cellular_speace\data\diagnosi\diagnosi_20260613_144355.md
