2026-06-13 18:12:03.027 [DIAG] Diagnostica processi...
2026-06-13 18:12:03.220 [DIAG] Generazione raccomandazioni...
2026-06-13 18:12:03.259 [OK] Report diagnostica salvato: C:\cellular_speace\reports\manutenzione\correttiva\diagnosi_20260613_181203.json
2026-06-13 18:12:03.265 [OK] Diagnosi Markdown salvata: C:\cellular_speace\data\diagnosi\diagnosi_20260613_181203.md
2026-06-13 18:12:03.298 [DIAG] Diagnostica runtime...
2026-06-13 18:12:03.302 [ERROR] [alto] Runtime/snapshot_vecchio: Snapshot ha 313.5min (>30min)
2026-06-13 18:12:03.325 [WARN] [medio] Runtime/errore_lettura_snapshot: Errore lettura snapshot: Impossibile convertire la stringa JSON perché un dizionario convertito da tale stringa contiene le chiavi duplicate 'Server' e 'SERVER'.
2026-06-13 18:12:03.339 [DIAG] Diagnostica memoria...
2026-06-13 18:12:03.341 [DIAG] Diagnostica processi...
2026-06-13 18:12:03.507 [DIAG] Generazione raccomandazioni...
2026-06-13 18:12:03.515 [OK] Report diagnostica salvato: C:\cellular_speace\reports\manutenzione\correttiva\diagnosi_20260613_181203.json
2026-06-13 18:12:03.529 [OK] Diagnosi Markdown salvata: C:\cellular_speace\data\diagnosi\diagnosi_20260613_181203.md
2026-06-13 18:12:03.664 [DIAG] Diagnostica file...
2026-06-13 18:12:07.691 [DIAG] Diagnostica processi...
2026-06-13 18:12:07.860 [DIAG] Diagnostica log errori...
2026-06-13 18:12:13.010 [ERROR] [critico] Log/errori_recenti: 3389 errori nelle ultime 2 ore
2026-06-13 18:12:13.022 [DIAG] Generazione raccomandazioni...
2026-06-13 18:12:13.037 [FIX] Avvio azioni correttive automatiche...
2026-06-13 18:12:13.040 [INFO] Nessuna azione correttiva automatica disponibile
2026-06-13 18:12:13.042 [OK] Report diagnostica salvato: C:\cellular_speace\reports\manutenzione\correttiva\diagnosi_20260613_181203.json
2026-06-13 18:12:13.048 [OK] Diagnosi Markdown salvata: C:\cellular_speace\data\diagnosi\diagnosi_20260613_181203.md
