2026-06-13 15:47:07.454 [DIAG] Diagnostica runtime...
2026-06-13 15:47:07.466 [DIAG] Diagnostica runtime...
2026-06-13 15:47:07.515 [ERROR] [alto] Runtime/snapshot_vecchio: Snapshot ha 168.6min (>30min)
2026-06-13 15:47:07.555 [ERROR] [alto] Runtime/snapshot_vecchio: Snapshot ha 168.6min (>30min)
2026-06-13 15:47:07.876 [DIAG] Diagnostica runtime...
2026-06-13 15:47:07.913 [ERROR] [alto] Runtime/snapshot_vecchio: Snapshot ha 168.6min (>30min)
2026-06-13 15:47:08.052 [WARN] [medio] Runtime/errore_lettura_snapshot: Errore lettura snapshot: Impossibile convertire la stringa JSON perché un dizionario convertito da tale stringa contiene le chiavi duplicate 'Server' e 'SERVER'.
2026-06-13 15:47:08.157 [WARN] [medio] Runtime/errore_lettura_snapshot: Errore lettura snapshot: Impossibile convertire la stringa JSON perché un dizionario convertito da tale stringa contiene le chiavi duplicate 'Server' e 'SERVER'.
2026-06-13 15:47:08.329 [WARN] [medio] Runtime/errore_lettura_snapshot: Errore lettura snapshot: Impossibile convertire la stringa JSON perché un dizionario convertito da tale stringa contiene le chiavi duplicate 'Server' e 'SERVER'.
2026-06-13 15:47:09.052 [DIAG] Diagnostica memoria...
2026-06-13 15:47:09.552 [DIAG] Diagnostica memoria...
2026-06-13 15:47:09.766 [DIAG] Diagnostica memoria...
2026-06-13 15:47:09.784 [DIAG] Diagnostica file...
2026-06-13 15:47:10.160 [DIAG] Diagnostica file...
2026-06-13 15:47:10.492 [DIAG] Diagnostica file...
2026-06-13 15:47:17.753 [DIAG] Diagnostica processi...
2026-06-13 15:47:18.428 [DIAG] Diagnostica log errori...
2026-06-13 15:47:19.935 [DIAG] Diagnostica processi...
2026-06-13 15:47:20.419 [DIAG] Diagnostica log errori...
2026-06-13 15:47:20.923 [DIAG] Diagnostica processi...
2026-06-13 15:47:21.329 [DIAG] Diagnostica log errori...
2026-06-13 15:47:41.815 [ERROR] [critico] Log/errori_recenti: 3404 errori nelle ultime 2 ore
2026-06-13 15:47:42.507 [DIAG] Generazione raccomandazioni...
2026-06-13 15:47:42.848 [ERROR] [critico] Log/errori_recenti: 3407 errori nelle ultime 2 ore
2026-06-13 15:47:43.011 [FIX] Avvio azioni correttive automatiche...
2026-06-13 15:47:43.028 [INFO] Nessuna azione correttiva automatica disponibile
2026-06-13 15:47:43.227 [OK] Report diagnostica salvato: C:\cellular_speace\reports\manutenzione\correttiva\diagnosi_20260613_154707.json
2026-06-13 15:47:43.548 [OK] Diagnosi Markdown salvata: C:\cellular_speace\data\diagnosi\diagnosi_20260613_154707.md
2026-06-13 15:47:43.964 [DIAG] Generazione raccomandazioni...
2026-06-13 15:47:44.956 [FIX] Avvio azioni correttive automatiche...
2026-06-13 15:47:44.983 [WARN] Errore diagnostica log: Il processo non può accedere al file 'C:\cellular_speace\data\logs\manutenzione\correttiva\diagnostica_20260613_154707.log' perché è in uso da un altro processo.
2026-06-13 15:47:45.032 [DIAG] Generazione raccomandazioni...
2026-06-13 15:47:45.104 [INFO] Nessuna azione correttiva automatica disponibile
2026-06-13 15:47:45.280 [FIX] Avvio azioni correttive automatiche...
2026-06-13 15:47:45.298 [INFO] Nessuna azione correttiva automatica disponibile
2026-06-13 15:47:45.392 [OK] Report diagnostica salvato: C:\cellular_speace\reports\manutenzione\correttiva\diagnosi_20260613_154707.json
2026-06-13 15:47:45.428 [OK] Report diagnostica salvato: C:\cellular_speace\reports\manutenzione\correttiva\diagnosi_20260613_154707.json
2026-06-13 15:47:45.507 [OK] Diagnosi Markdown salvata: C:\cellular_speace\data\diagnosi\diagnosi_20260613_154707.md
2026-06-13 15:47:45.571 [ERROR] ERRORE FATALE: Il processo non può accedere al file 'C:\cellular_speace\data\logs\manutenzione\correttiva\diagnostica_20260613_154707.log' perché è in uso da un altro processo.
