2026-06-13 18:05:35.170 [DIAG] Diagnostica processi...
2026-06-13 18:05:35.381 [DIAG] Generazione raccomandazioni...
2026-06-13 18:05:35.399 [OK] Report diagnostica salvato: C:\cellular_speace\reports\manutenzione\correttiva\diagnosi_20260613_180535.json
2026-06-13 18:05:35.403 [OK] Diagnosi Markdown salvata: C:\cellular_speace\data\diagnosi\diagnosi_20260613_180535.md
2026-06-13 18:05:35.670 [DIAG] Diagnostica processi...
2026-06-13 18:05:35.670 [DIAG] Diagnostica processi...
2026-06-13 18:05:35.890 [DIAG] Generazione raccomandazioni...
2026-06-13 18:05:35.910 [OK] Report diagnostica salvato: C:\cellular_speace\reports\manutenzione\correttiva\diagnosi_20260613_180535.json
2026-06-13 18:05:35.910 [DIAG] Generazione raccomandazioni...
2026-06-13 18:05:35.919 [OK] Diagnosi Markdown salvata: C:\cellular_speace\data\diagnosi\diagnosi_20260613_180535.md
2026-06-13 18:05:35.942 [OK] Report diagnostica salvato: C:\cellular_speace\reports\manutenzione\correttiva\diagnosi_20260613_180535.json
2026-06-13 18:05:35.946 [OK] Diagnosi Markdown salvata: C:\cellular_speace\data\diagnosi\diagnosi_20260613_180535.md
2026-06-13 18:05:35.977 [DIAG] Diagnostica runtime...
2026-06-13 18:05:35.985 [ERROR] [alto] Runtime/snapshot_vecchio: Snapshot ha 307min (>30min)
2026-06-13 18:05:36.011 [WARN] [medio] Runtime/errore_lettura_snapshot: Errore lettura snapshot: Impossibile convertire la stringa JSON perché un dizionario convertito da tale stringa contiene le chiavi duplicate 'Server' e 'SERVER'.
2026-06-13 18:05:36.018 [DIAG] Diagnostica memoria...
2026-06-13 18:05:36.369 [DIAG] Diagnostica file...
2026-06-13 18:05:40.348 [DIAG] Diagnostica processi...
2026-06-13 18:05:40.497 [DIAG] Diagnostica log errori...
2026-06-13 18:05:48.584 [ERROR] [critico] Log/errori_recenti: 3361 errori nelle ultime 2 ore
2026-06-13 18:05:48.588 [DIAG] Generazione raccomandazioni...
2026-06-13 18:05:48.614 [FIX] Avvio azioni correttive automatiche...
2026-06-13 18:05:48.616 [INFO] Nessuna azione correttiva automatica disponibile
2026-06-13 18:05:48.620 [OK] Report diagnostica salvato: C:\cellular_speace\reports\manutenzione\correttiva\diagnosi_20260613_180535.json
2026-06-13 18:05:48.620 [OK] Diagnosi Markdown salvata: C:\cellular_speace\data\diagnosi\diagnosi_20260613_180535.md
