2026-06-13 14:27:53.315 [DIAG] Diagnostica processi...
2026-06-13 14:27:53.483 [DIAG] Generazione raccomandazioni...
2026-06-13 14:27:53.505 [OK] Report diagnostica salvato: C:\cellular_speace\reports\manutenzione\correttiva\diagnosi_20260613_142753.json
2026-06-13 14:27:53.508 [OK] Diagnosi Markdown salvata: C:\cellular_speace\data\diagnosi\diagnosi_20260613_142753.md
2026-06-13 14:27:53.526 [DIAG] Diagnostica processi...
2026-06-13 14:27:53.688 [DIAG] Generazione raccomandazioni...
2026-06-13 14:27:53.696 [OK] Report diagnostica salvato: C:\cellular_speace\reports\manutenzione\correttiva\diagnosi_20260613_142753.json
2026-06-13 14:27:53.716 [OK] Diagnosi Markdown salvata: C:\cellular_speace\data\diagnosi\diagnosi_20260613_142753.md
2026-06-13 14:27:53.744 [DIAG] Diagnostica runtime...
2026-06-13 14:27:53.752 [ERROR] [alto] Runtime/snapshot_vecchio: Snapshot ha 89.3min (>30min)
2026-06-13 14:27:53.776 [WARN] [medio] Runtime/errore_lettura_snapshot: Errore lettura snapshot: Impossibile convertire la stringa JSON perché un dizionario convertito da tale stringa contiene le chiavi duplicate 'Server' e 'SERVER'.
2026-06-13 14:27:53.788 [DIAG] Diagnostica memoria...
2026-06-13 14:27:54.046 [DIAG] Diagnostica file...
2026-06-13 14:27:58.093 [DIAG] Diagnostica processi...
2026-06-13 14:27:58.299 [DIAG] Diagnostica log errori...
2026-06-13 14:28:03.645 [ERROR] [critico] Log/errori_recenti: 2915 errori nelle ultime 2 ore
2026-06-13 14:28:03.653 [DIAG] Generazione raccomandazioni...
2026-06-13 14:28:03.686 [FIX] Avvio azioni correttive automatiche...
2026-06-13 14:28:03.691 [INFO] Nessuna azione correttiva automatica disponibile
2026-06-13 14:28:03.698 [OK] Report diagnostica salvato: C:\cellular_speace\reports\manutenzione\correttiva\diagnosi_20260613_142753.json
2026-06-13 14:28:03.714 [OK] Diagnosi Markdown salvata: C:\cellular_speace\data\diagnosi\diagnosi_20260613_142753.md
