2026-06-13 17:08:13.165 [DIAG] Diagnostica processi...
2026-06-13 17:08:13.341 [DIAG] Generazione raccomandazioni...
2026-06-13 17:08:13.357 [OK] Report diagnostica salvato: C:\cellular_speace\reports\manutenzione\correttiva\diagnosi_20260613_170813.json
2026-06-13 17:08:13.357 [OK] Diagnosi Markdown salvata: C:\cellular_speace\data\diagnosi\diagnosi_20260613_170813.md
2026-06-13 17:08:13.419 [DIAG] Diagnostica processi...
2026-06-13 17:08:13.505 [DIAG] Diagnostica processi...
2026-06-13 17:08:13.570 [DIAG] Generazione raccomandazioni...
2026-06-13 17:08:13.577 [OK] Report diagnostica salvato: C:\cellular_speace\reports\manutenzione\correttiva\diagnosi_20260613_170813.json
2026-06-13 17:08:13.595 [OK] Diagnosi Markdown salvata: C:\cellular_speace\data\diagnosi\diagnosi_20260613_170813.md
2026-06-13 17:08:13.636 [DIAG] Generazione raccomandazioni...
2026-06-13 17:08:13.648 [OK] Report diagnostica salvato: C:\cellular_speace\reports\manutenzione\correttiva\diagnosi_20260613_170813.json
2026-06-13 17:08:13.657 [OK] Diagnosi Markdown salvata: C:\cellular_speace\data\diagnosi\diagnosi_20260613_170813.md
2026-06-13 17:08:13.688 [DIAG] Diagnostica runtime...
2026-06-13 17:08:13.692 [ERROR] [alto] Runtime/snapshot_vecchio: Snapshot ha 249.7min (>30min)
2026-06-13 17:08:13.708 [WARN] [medio] Runtime/errore_lettura_snapshot: Errore lettura snapshot: Impossibile convertire la stringa JSON perché un dizionario convertito da tale stringa contiene le chiavi duplicate 'Server' e 'SERVER'.
2026-06-13 17:08:13.717 [DIAG] Diagnostica memoria...
2026-06-13 17:08:13.983 [DIAG] Diagnostica file...
2026-06-13 17:08:16.859 [DIAG] Diagnostica processi...
2026-06-13 17:08:16.986 [DIAG] Diagnostica log errori...
2026-06-13 17:08:21.535 [ERROR] [critico] Log/errori_recenti: 3381 errori nelle ultime 2 ore
2026-06-13 17:08:21.541 [DIAG] Generazione raccomandazioni...
2026-06-13 17:08:21.559 [FIX] Avvio azioni correttive automatiche...
2026-06-13 17:08:21.561 [INFO] Nessuna azione correttiva automatica disponibile
2026-06-13 17:08:21.565 [OK] Report diagnostica salvato: C:\cellular_speace\reports\manutenzione\correttiva\diagnosi_20260613_170813.json
2026-06-13 17:08:21.569 [OK] Diagnosi Markdown salvata: C:\cellular_speace\data\diagnosi\diagnosi_20260613_170813.md
