2026-06-13 13:13:15.508 [DIAG] Diagnostica processi...
2026-06-13 13:13:15.720 [WARN] Errore diagnostica processi: Eccezione durante la chiamata di "ToDateTime" con "1" argomento/i: "Argomento specificato non compreso nell'intervallo.
Nome parametro: dmtfDate"
2026-06-13 13:13:15.720 [DIAG] Generazione raccomandazioni...
2026-06-13 13:13:15.783 [OK] Report diagnostica salvato: C:\cellular_speace\reports\manutenzione\correttiva\diagnosi_20260613_131315.json
2026-06-13 13:13:15.803 [OK] Diagnosi Markdown salvata: C:\cellular_speace\data\diagnosi\diagnosi_20260613_131315.md
2026-06-13 13:13:15.900 [DIAG] Diagnostica runtime...
2026-06-13 13:13:15.997 [WARN] [medio] Runtime/errore_lettura_snapshot: Errore lettura snapshot: Impossibile convertire la stringa JSON perché un dizionario convertito da tale stringa contiene le chiavi duplicate 'Server' e 'SERVER'.
2026-06-13 13:13:16.023 [DIAG] Diagnostica memoria...
2026-06-13 13:13:16.557 [DIAG] Diagnostica file...
2026-06-13 13:13:19.894 [DIAG] Diagnostica processi...
2026-06-13 13:13:20.080 [WARN] Errore diagnostica processi: Eccezione durante la chiamata di "ToDateTime" con "1" argomento/i: "Argomento specificato non compreso nell'intervallo.
Nome parametro: dmtfDate"
2026-06-13 13:13:20.096 [DIAG] Diagnostica log errori...
2026-06-13 13:13:20.104 [WARN] Errore diagnostica log: Impossibile convertire 'System.Object[]' nel tipo 'System.String' richiesto da parametro 'ChildPath'. Specificato metodo non supportato.
2026-06-13 13:13:20.108 [DIAG] Generazione raccomandazioni...
2026-06-13 13:13:20.144 [FIX] Avvio azioni correttive automatiche...
2026-06-13 13:13:20.144 [INFO] Nessuna azione correttiva automatica disponibile
2026-06-13 13:13:20.157 [OK] Report diagnostica salvato: C:\cellular_speace\reports\manutenzione\correttiva\diagnosi_20260613_131315.json
2026-06-13 13:13:20.165 [OK] Diagnosi Markdown salvata: C:\cellular_speace\data\diagnosi\diagnosi_20260613_131315.md
