2026-06-13 13:11:18.374 [DIAG] Diagnostica processi...
2026-06-13 13:11:18.598 [WARN] Errore diagnostica processi: Eccezione durante la chiamata di "ToDateTime" con "1" argomento/i: "Argomento specificato non compreso nell'intervallo.
Nome parametro: dmtfDate"
2026-06-13 13:11:18.600 [DIAG] Generazione raccomandazioni...
2026-06-13 13:11:18.629 [OK] Report diagnostica salvato: C:\cellular_speace\reports\manutenzione\correttiva\diagnosi_20260613_131118.json
2026-06-13 13:11:18.636 [OK] Diagnosi Markdown salvata: C:\cellular_speace\data\diagnosi\diagnosi_20260613_131118.md
2026-06-13 13:11:18.670 [DIAG] Diagnostica runtime...
2026-06-13 13:11:18.670 [DIAG] Diagnostica processi...
2026-06-13 13:11:18.688 [WARN] [medio] Runtime/errore_lettura_snapshot: Errore lettura snapshot: Impossibile convertire la stringa JSON perché un dizionario convertito da tale stringa contiene le chiavi duplicate 'Server' e 'SERVER'.
2026-06-13 13:11:18.704 [DIAG] Diagnostica memoria...
2026-06-13 13:11:18.959 [WARN] Errore diagnostica processi: Eccezione durante la chiamata di "ToDateTime" con "1" argomento/i: "Argomento specificato non compreso nell'intervallo.
Nome parametro: dmtfDate"
2026-06-13 13:11:18.963 [DIAG] Generazione raccomandazioni...
2026-06-13 13:11:18.988 [OK] Report diagnostica salvato: C:\cellular_speace\reports\manutenzione\correttiva\diagnosi_20260613_131118.json
2026-06-13 13:11:18.994 [OK] Diagnosi Markdown salvata: C:\cellular_speace\data\diagnosi\diagnosi_20260613_131118.md
2026-06-13 13:11:19.137 [DIAG] Diagnostica file...
2026-06-13 13:11:22.766 [DIAG] Diagnostica processi...
2026-06-13 13:11:22.961 [WARN] Errore diagnostica processi: Eccezione durante la chiamata di "ToDateTime" con "1" argomento/i: "Argomento specificato non compreso nell'intervallo.
Nome parametro: dmtfDate"
2026-06-13 13:11:22.967 [DIAG] Diagnostica log errori...
2026-06-13 13:11:22.973 [WARN] Errore diagnostica log: Impossibile convertire 'System.Object[]' nel tipo 'System.String' richiesto da parametro 'ChildPath'. Specificato metodo non supportato.
2026-06-13 13:11:22.977 [DIAG] Generazione raccomandazioni...
2026-06-13 13:11:22.995 [FIX] Avvio azioni correttive automatiche...
2026-06-13 13:11:23.001 [INFO] Nessuna azione correttiva automatica disponibile
2026-06-13 13:11:23.007 [OK] Report diagnostica salvato: C:\cellular_speace\reports\manutenzione\correttiva\diagnosi_20260613_131118.json
2026-06-13 13:11:23.013 [OK] Diagnosi Markdown salvata: C:\cellular_speace\data\diagnosi\diagnosi_20260613_131118.md
