2026-06-13 15:02:49.186 [DIAG] Diagnostica runtime...
2026-06-13 15:02:49.198 [ERROR] [alto] Runtime/snapshot_vecchio: Snapshot ha 124.3min (>30min)
2026-06-13 15:02:49.258 [WARN] [medio] Runtime/errore_lettura_snapshot: Errore lettura snapshot: Impossibile convertire la stringa JSON perché un dizionario convertito da tale stringa contiene le chiavi duplicate 'Server' e 'SERVER'.
2026-06-13 15:02:49.287 [DIAG] Diagnostica memoria...
2026-06-13 15:02:49.398 [DIAG] Diagnostica processi...
2026-06-13 15:02:49.655 [DIAG] Generazione raccomandazioni...
2026-06-13 15:02:49.742 [DIAG] Diagnostica file...
2026-06-13 15:02:49.859 [OK] Report diagnostica salvato: C:\cellular_speace\reports\manutenzione\correttiva\diagnosi_20260613_150249.json
2026-06-13 15:02:49.886 [OK] Diagnosi Markdown salvata: C:\cellular_speace\data\diagnosi\diagnosi_20260613_150249.md
2026-06-13 15:02:50.062 [DIAG] Diagnostica runtime...
2026-06-13 15:02:50.077 [ERROR] [alto] Runtime/snapshot_vecchio: Snapshot ha 124.3min (>30min)
2026-06-13 15:02:50.205 [WARN] [medio] Runtime/errore_lettura_snapshot: Errore lettura snapshot: Impossibile convertire la stringa JSON perché un dizionario convertito da tale stringa contiene le chiavi duplicate 'Server' e 'SERVER'.
2026-06-13 15:02:50.684 [DIAG] Diagnostica memoria...
2026-06-13 15:02:51.151 [DIAG] Diagnostica file...
2026-06-13 15:02:55.158 [DIAG] Diagnostica processi...
2026-06-13 15:02:55.487 [DIAG] Diagnostica log errori...
2026-06-13 15:02:57.533 [DIAG] Diagnostica processi...
2026-06-13 15:02:57.885 [DIAG] Diagnostica log errori...
2026-06-13 15:03:10.119 [ERROR] [critico] Log/errori_recenti: 3706 errori nelle ultime 2 ore
2026-06-13 15:03:10.266 [DIAG] Generazione raccomandazioni...
2026-06-13 15:03:10.410 [FIX] Avvio azioni correttive automatiche...
2026-06-13 15:03:10.440 [INFO] Nessuna azione correttiva automatica disponibile
2026-06-13 15:03:10.485 [OK] Report diagnostica salvato: C:\cellular_speace\reports\manutenzione\correttiva\diagnosi_20260613_150249.json
2026-06-13 15:03:10.499 [OK] Diagnosi Markdown salvata: C:\cellular_speace\data\diagnosi\diagnosi_20260613_150249.md
2026-06-13 15:03:13.476 [ERROR] [critico] Log/errori_recenti: 3709 errori nelle ultime 2 ore
2026-06-13 15:03:14.097 [DIAG] Generazione raccomandazioni...
2026-06-13 15:03:14.378 [FIX] Avvio azioni correttive automatiche...
2026-06-13 15:03:14.400 [INFO] Nessuna azione correttiva automatica disponibile
2026-06-13 15:03:14.520 [OK] Report diagnostica salvato: C:\cellular_speace\reports\manutenzione\correttiva\diagnosi_20260613_150249.json
2026-06-13 15:03:14.550 [OK] Diagnosi Markdown salvata: C:\cellular_speace\data\diagnosi\diagnosi_20260613_150249.md
