2026-06-13 15:41:59.382 [DIAG] Diagnostica processi...
2026-06-13 15:41:59.576 [DIAG] Diagnostica processi...
2026-06-13 15:41:59.595 [DIAG] Generazione raccomandazioni...
2026-06-13 15:41:59.619 [OK] Report diagnostica salvato: C:\cellular_speace\reports\manutenzione\correttiva\diagnosi_20260613_154159.json
2026-06-13 15:41:59.626 [OK] Diagnosi Markdown salvata: C:\cellular_speace\data\diagnosi\diagnosi_20260613_154159.md
2026-06-13 15:41:59.638 [DIAG] Diagnostica processi...
2026-06-13 15:41:59.789 [DIAG] Generazione raccomandazioni...
2026-06-13 15:41:59.808 [DIAG] Diagnostica processi...
2026-06-13 15:41:59.815 [OK] Report diagnostica salvato: C:\cellular_speace\reports\manutenzione\correttiva\diagnosi_20260613_154159.json
2026-06-13 15:41:59.822 [OK] Diagnosi Markdown salvata: C:\cellular_speace\data\diagnosi\diagnosi_20260613_154159.md
2026-06-13 15:41:59.852 [DIAG] Generazione raccomandazioni...
2026-06-13 15:41:59.860 [DIAG] Diagnostica runtime...
2026-06-13 15:41:59.872 [ERROR] [alto] Runtime/snapshot_vecchio: Snapshot ha 163.4min (>30min)
2026-06-13 15:41:59.876 [OK] Report diagnostica salvato: C:\cellular_speace\reports\manutenzione\correttiva\diagnosi_20260613_154159.json
2026-06-13 15:41:59.880 [OK] Diagnosi Markdown salvata: C:\cellular_speace\data\diagnosi\diagnosi_20260613_154159.md
2026-06-13 15:41:59.909 [DIAG] Diagnostica runtime...
2026-06-13 15:41:59.915 [WARN] [medio] Runtime/errore_lettura_snapshot: Errore lettura snapshot: Impossibile convertire la stringa JSON perché un dizionario convertito da tale stringa contiene le chiavi duplicate 'Server' e 'SERVER'.
2026-06-13 15:41:59.925 [ERROR] [alto] Runtime/snapshot_vecchio: Snapshot ha 163.4min (>30min)
2026-06-13 15:41:59.925 [DIAG] Diagnostica memoria...
2026-06-13 15:41:59.964 [WARN] [medio] Runtime/errore_lettura_snapshot: Errore lettura snapshot: Impossibile convertire la stringa JSON perché un dizionario convertito da tale stringa contiene le chiavi duplicate 'Server' e 'SERVER'.
2026-06-13 15:41:59.990 [DIAG] Diagnostica memoria...
2026-06-13 15:42:00.048 [DIAG] Generazione raccomandazioni...
2026-06-13 15:42:00.083 [OK] Report diagnostica salvato: C:\cellular_speace\reports\manutenzione\correttiva\diagnosi_20260613_154159.json
2026-06-13 15:42:00.085 [OK] Diagnosi Markdown salvata: C:\cellular_speace\data\diagnosi\diagnosi_20260613_154159.md
2026-06-13 15:42:00.313 [DIAG] Diagnostica file...
2026-06-13 15:42:00.327 [DIAG] Diagnostica file...
2026-06-13 15:42:04.410 [DIAG] Diagnostica processi...
2026-06-13 15:42:04.425 [DIAG] Diagnostica processi...
2026-06-13 15:42:04.643 [DIAG] Diagnostica log errori...
2026-06-13 15:42:04.647 [DIAG] Diagnostica log errori...
2026-06-13 15:42:12.656 [ERROR] [critico] Log/errori_recenti: 3418 errori nelle ultime 2 ore
2026-06-13 15:42:12.682 [WARN] Errore diagnostica log: Il processo non può accedere al file 'C:\cellular_speace\data\logs\manutenzione\correttiva\diagnostica_20260613_154159.log' perché è in uso da un altro processo.
2026-06-13 15:42:12.693 [DIAG] Generazione raccomandazioni...
2026-06-13 15:42:12.749 [DIAG] Generazione raccomandazioni...
2026-06-13 15:42:12.755 [FIX] Avvio azioni correttive automatiche...
2026-06-13 15:42:12.760 [INFO] Nessuna azione correttiva automatica disponibile
2026-06-13 15:42:12.768 [OK] Report diagnostica salvato: C:\cellular_speace\reports\manutenzione\correttiva\diagnosi_20260613_154159.json
2026-06-13 15:42:12.781 [OK] Diagnosi Markdown salvata: C:\cellular_speace\data\diagnosi\diagnosi_20260613_154159.md
2026-06-13 15:42:12.802 [FIX] Avvio azioni correttive automatiche...
2026-06-13 15:42:12.808 [INFO] Nessuna azione correttiva automatica disponibile
2026-06-13 15:42:12.808 [OK] Report diagnostica salvato: C:\cellular_speace\reports\manutenzione\correttiva\diagnosi_20260613_154159.json
2026-06-13 15:42:12.821 [OK] Diagnosi Markdown salvata: C:\cellular_speace\data\diagnosi\diagnosi_20260613_154159.md
