2026-06-13 17:11:41.515 [DIAG] Diagnostica processi...
2026-06-13 17:11:41.771 [DIAG] Generazione raccomandazioni...
2026-06-13 17:11:41.838 [DIAG] Diagnostica processi...
2026-06-13 17:11:41.874 [DIAG] Diagnostica runtime...
2026-06-13 17:11:41.939 [ERROR] [alto] Runtime/snapshot_vecchio: Snapshot ha 253.1min (>30min)
2026-06-13 17:11:42.063 [OK] Report diagnostica salvato: C:\cellular_speace\reports\manutenzione\correttiva\diagnosi_20260613_171141.json
2026-06-13 17:11:42.122 [DIAG] Generazione raccomandazioni...
2026-06-13 17:11:42.412 [OK] Report diagnostica salvato: C:\cellular_speace\reports\manutenzione\correttiva\diagnosi_20260613_171141.json
2026-06-13 17:11:42.466 [WARN] [medio] Runtime/errore_lettura_snapshot: Errore lettura snapshot: Impossibile convertire la stringa JSON perché un dizionario convertito da tale stringa contiene le chiavi duplicate 'Server' e 'SERVER'.
2026-06-13 17:11:42.489 [ERROR] ERRORE FATALE: Il processo non può accedere al file 'C:\cellular_speace\data\logs\manutenzione\correttiva\diagnostica_20260613_171141.log' perché è in uso da un altro processo.
2026-06-13 17:11:43.735 [DIAG] Diagnostica memoria...
2026-06-13 17:11:44.406 [DIAG] Diagnostica file...
2026-06-13 17:11:51.560 [DIAG] Diagnostica processi...
2026-06-13 17:11:51.828 [DIAG] Diagnostica log errori...
2026-06-13 17:12:06.015 [ERROR] [critico] Log/errori_recenti: 3361 errori nelle ultime 2 ore
2026-06-13 17:12:06.231 [DIAG] Generazione raccomandazioni...
2026-06-13 17:12:06.441 [FIX] Avvio azioni correttive automatiche...
2026-06-13 17:12:06.466 [INFO] Nessuna azione correttiva automatica disponibile
2026-06-13 17:12:06.495 [OK] Report diagnostica salvato: C:\cellular_speace\reports\manutenzione\correttiva\diagnosi_20260613_171141.json
2026-06-13 17:12:06.540 [OK] Diagnosi Markdown salvata: C:\cellular_speace\data\diagnosi\diagnosi_20260613_171141.md
