2026-06-13 15:02:31.194 [DIAG] Diagnostica processi...
2026-06-13 15:02:31.417 [DIAG] Generazione raccomandazioni...
2026-06-13 15:02:31.470 [OK] Report diagnostica salvato: C:\cellular_speace\reports\manutenzione\correttiva\diagnosi_20260613_150231.json
2026-06-13 15:02:31.477 [OK] Diagnosi Markdown salvata: C:\cellular_speace\data\diagnosi\diagnosi_20260613_150231.md
2026-06-13 15:02:31.723 [DIAG] Diagnostica processi...
2026-06-13 15:02:31.915 [DIAG] Generazione raccomandazioni...
2026-06-13 15:02:31.938 [OK] Report diagnostica salvato: C:\cellular_speace\reports\manutenzione\correttiva\diagnosi_20260613_150231.json
2026-06-13 15:02:31.944 [OK] Diagnosi Markdown salvata: C:\cellular_speace\data\diagnosi\diagnosi_20260613_150231.md
2026-06-13 15:02:31.975 [DIAG] Diagnostica runtime...
2026-06-13 15:02:31.982 [ERROR] [alto] Runtime/snapshot_vecchio: Snapshot ha 124min (>30min)
2026-06-13 15:02:32.014 [WARN] [medio] Runtime/errore_lettura_snapshot: Errore lettura snapshot: Impossibile convertire la stringa JSON perché un dizionario convertito da tale stringa contiene le chiavi duplicate 'Server' e 'SERVER'.
2026-06-13 15:02:32.042 [DIAG] Diagnostica memoria...
2026-06-13 15:02:32.479 [DIAG] Diagnostica file...
2026-06-13 15:02:37.969 [DIAG] Diagnostica processi...
2026-06-13 15:02:38.227 [DIAG] Diagnostica log errori...
2026-06-13 15:02:50.309 [ERROR] [critico] Log/errori_recenti: 3695 errori nelle ultime 2 ore
2026-06-13 15:02:50.563 [DIAG] Generazione raccomandazioni...
2026-06-13 15:02:50.723 [FIX] Avvio azioni correttive automatiche...
2026-06-13 15:02:50.740 [INFO] Nessuna azione correttiva automatica disponibile
2026-06-13 15:02:50.767 [OK] Report diagnostica salvato: C:\cellular_speace\reports\manutenzione\correttiva\diagnosi_20260613_150231.json
2026-06-13 15:02:50.843 [OK] Diagnosi Markdown salvata: C:\cellular_speace\data\diagnosi\diagnosi_20260613_150231.md
