2026-06-13 18:35:13.183 [DIAG] Diagnostica processi...
2026-06-13 18:35:13.465 [DIAG] Generazione raccomandazioni...
2026-06-13 18:35:13.746 [DIAG] Diagnostica processi...
2026-06-13 18:35:13.788 [OK] Report diagnostica salvato: C:\cellular_speace\reports\manutenzione\correttiva\diagnosi_20260613_183513.json
2026-06-13 18:35:13.804 [OK] Diagnosi Markdown salvata: C:\cellular_speace\data\diagnosi\diagnosi_20260613_183513.md
2026-06-13 18:35:13.875 [DIAG] Diagnostica processi...
2026-06-13 18:35:14.053 [DIAG] Generazione raccomandazioni...
2026-06-13 18:35:14.069 [DIAG] Diagnostica runtime...
2026-06-13 18:35:14.116 [ERROR] [alto] Runtime/snapshot_vecchio: Snapshot ha 336.7min (>30min)
2026-06-13 18:35:14.140 [DIAG] Generazione raccomandazioni...
2026-06-13 18:35:14.214 [OK] Report diagnostica salvato: C:\cellular_speace\reports\manutenzione\correttiva\diagnosi_20260613_183513.json
2026-06-13 18:35:14.261 [OK] Diagnosi Markdown salvata: C:\cellular_speace\data\diagnosi\diagnosi_20260613_183513.md
2026-06-13 18:35:14.327 [OK] Report diagnostica salvato: C:\cellular_speace\reports\manutenzione\correttiva\diagnosi_20260613_183513.json
2026-06-13 18:35:14.368 [OK] Diagnosi Markdown salvata: C:\cellular_speace\data\diagnosi\diagnosi_20260613_183513.md
2026-06-13 18:35:14.448 [WARN] [medio] Runtime/errore_lettura_snapshot: Errore lettura snapshot: Impossibile convertire la stringa JSON perché un dizionario convertito da tale stringa contiene le chiavi duplicate 'Server' e 'SERVER'.
2026-06-13 18:35:15.200 [DIAG] Diagnostica memoria...
2026-06-13 18:35:15.743 [DIAG] Diagnostica file...
2026-06-13 18:35:22.731 [DIAG] Diagnostica processi...
2026-06-13 18:35:23.059 [DIAG] Diagnostica log errori...
2026-06-13 18:35:40.255 [ERROR] [critico] Log/errori_recenti: 3334 errori nelle ultime 2 ore
2026-06-13 18:35:40.852 [DIAG] Generazione raccomandazioni...
2026-06-13 18:35:41.216 [FIX] Avvio azioni correttive automatiche...
2026-06-13 18:35:41.292 [INFO] Nessuna azione correttiva automatica disponibile
2026-06-13 18:35:41.325 [OK] Report diagnostica salvato: C:\cellular_speace\reports\manutenzione\correttiva\diagnosi_20260613_183513.json
2026-06-13 18:35:41.357 [OK] Diagnosi Markdown salvata: C:\cellular_speace\data\diagnosi\diagnosi_20260613_183513.md
