2026-06-13 13:12:57.090 [DIAG] Diagnostica processi...
2026-06-13 13:12:57.134 [DIAG] Diagnostica runtime...
2026-06-13 13:12:57.149 [WARN] [medio] Runtime/errore_lettura_snapshot: Errore lettura snapshot: Impossibile convertire la stringa JSON perché un dizionario convertito da tale stringa contiene le chiavi duplicate 'Server' e 'SERVER'.
2026-06-13 13:12:57.166 [DIAG] Diagnostica memoria...
2026-06-13 13:12:57.272 [WARN] Errore diagnostica processi: Eccezione durante la chiamata di "ToDateTime" con "1" argomento/i: "Argomento specificato non compreso nell'intervallo.
Nome parametro: dmtfDate"
2026-06-13 13:12:57.272 [DIAG] Generazione raccomandazioni...
2026-06-13 13:12:57.311 [OK] Report diagnostica salvato: C:\cellular_speace\reports\manutenzione\correttiva\diagnosi_20260613_131257.json
2026-06-13 13:12:57.315 [OK] Diagnosi Markdown salvata: C:\cellular_speace\data\diagnosi\diagnosi_20260613_131257.md
2026-06-13 13:12:57.355 [DIAG] Diagnostica runtime...
2026-06-13 13:12:57.370 [WARN] [medio] Runtime/errore_lettura_snapshot: Errore lettura snapshot: Impossibile convertire la stringa JSON perché un dizionario convertito da tale stringa contiene le chiavi duplicate 'Server' e 'SERVER'.
2026-06-13 13:12:57.383 [DIAG] Diagnostica memoria...
2026-06-13 13:12:57.575 [DIAG] Diagnostica file...
2026-06-13 13:12:57.806 [DIAG] Diagnostica file...
2026-06-13 13:13:00.987 [DIAG] Diagnostica processi...
2026-06-13 13:13:01.162 [WARN] Errore diagnostica processi: Eccezione durante la chiamata di "ToDateTime" con "1" argomento/i: "Argomento specificato non compreso nell'intervallo.
Nome parametro: dmtfDate"
2026-06-13 13:13:01.165 [DIAG] Diagnostica log errori...
2026-06-13 13:13:01.171 [WARN] Errore diagnostica log: Impossibile convertire 'System.Object[]' nel tipo 'System.String' richiesto da parametro 'ChildPath'. Specificato metodo non supportato.
2026-06-13 13:13:01.174 [DIAG] Generazione raccomandazioni...
2026-06-13 13:13:01.196 [FIX] Avvio azioni correttive automatiche...
2026-06-13 13:13:01.198 [INFO] Nessuna azione correttiva automatica disponibile
2026-06-13 13:13:01.206 [OK] Report diagnostica salvato: C:\cellular_speace\reports\manutenzione\correttiva\diagnosi_20260613_131257.json
2026-06-13 13:13:01.212 [OK] Diagnosi Markdown salvata: C:\cellular_speace\data\diagnosi\diagnosi_20260613_131257.md
2026-06-13 13:13:01.290 [DIAG] Diagnostica processi...
2026-06-13 13:13:01.452 [WARN] Errore diagnostica processi: Eccezione durante la chiamata di "ToDateTime" con "1" argomento/i: "Argomento specificato non compreso nell'intervallo.
Nome parametro: dmtfDate"
2026-06-13 13:13:01.454 [DIAG] Diagnostica log errori...
2026-06-13 13:13:01.460 [WARN] Errore diagnostica log: Impossibile convertire 'System.Object[]' nel tipo 'System.String' richiesto da parametro 'ChildPath'. Specificato metodo non supportato.
2026-06-13 13:13:01.460 [DIAG] Generazione raccomandazioni...
2026-06-13 13:13:01.483 [FIX] Avvio azioni correttive automatiche...
2026-06-13 13:13:01.485 [INFO] Nessuna azione correttiva automatica disponibile
2026-06-13 13:13:01.489 [OK] Report diagnostica salvato: C:\cellular_speace\reports\manutenzione\correttiva\diagnosi_20260613_131257.json
2026-06-13 13:13:01.495 [OK] Diagnosi Markdown salvata: C:\cellular_speace\data\diagnosi\diagnosi_20260613_131257.md
