2026-06-13 16:02:53.215 [DIAG] Diagnostica processi...
2026-06-13 16:02:53.298 [DIAG] Diagnostica processi...
2026-06-13 16:02:53.521 [DIAG] Generazione raccomandazioni...
2026-06-13 16:02:53.644 [DIAG] Generazione raccomandazioni...
2026-06-13 16:02:53.809 [OK] Report diagnostica salvato: C:\cellular_speace\reports\manutenzione\correttiva\diagnosi_20260613_160253.json
2026-06-13 16:02:53.850 [OK] Diagnosi Markdown salvata: C:\cellular_speace\data\diagnosi\diagnosi_20260613_160253.md
2026-06-13 16:02:53.874 [OK] Report diagnostica salvato: C:\cellular_speace\reports\manutenzione\correttiva\diagnosi_20260613_160253.json
2026-06-13 16:02:53.921 [OK] Diagnosi Markdown salvata: C:\cellular_speace\data\diagnosi\diagnosi_20260613_160253.md
2026-06-13 16:02:54.087 [DIAG] Diagnostica runtime...
2026-06-13 16:02:54.126 [ERROR] [alto] Runtime/snapshot_vecchio: Snapshot ha 184.3min (>30min)
2026-06-13 16:02:54.460 [WARN] [medio] Runtime/errore_lettura_snapshot: Errore lettura snapshot: Impossibile convertire la stringa JSON perché un dizionario convertito da tale stringa contiene le chiavi duplicate 'Server' e 'SERVER'.
2026-06-13 16:02:55.173 [DIAG] Diagnostica memoria...
2026-06-13 16:02:55.708 [DIAG] Diagnostica file...
2026-06-13 16:03:00.549 [DIAG] Diagnostica processi...
2026-06-13 16:03:00.857 [DIAG] Diagnostica log errori...
2026-06-13 16:03:11.532 [ERROR] [critico] Log/errori_recenti: 3342 errori nelle ultime 2 ore
2026-06-13 16:03:11.762 [DIAG] Generazione raccomandazioni...
2026-06-13 16:03:11.934 [FIX] Avvio azioni correttive automatiche...
2026-06-13 16:03:11.944 [INFO] Nessuna azione correttiva automatica disponibile
2026-06-13 16:03:11.964 [OK] Report diagnostica salvato: C:\cellular_speace\reports\manutenzione\correttiva\diagnosi_20260613_160253.json
2026-06-13 16:03:11.989 [OK] Diagnosi Markdown salvata: C:\cellular_speace\data\diagnosi\diagnosi_20260613_160253.md
