2026-06-13 13:21:00.352 [DIAG] Diagnostica processi...
2026-06-13 13:21:00.436 [DIAG] Diagnostica processi...
2026-06-13 13:21:00.540 [DIAG] Generazione raccomandazioni...
2026-06-13 13:21:00.563 [OK] Report diagnostica salvato: C:\cellular_speace\reports\manutenzione\correttiva\diagnosi_20260613_132100.json
2026-06-13 13:21:00.568 [OK] Diagnosi Markdown salvata: C:\cellular_speace\data\diagnosi\diagnosi_20260613_132100.md
2026-06-13 13:21:00.624 [DIAG] Generazione raccomandazioni...
2026-06-13 13:21:00.641 [OK] Report diagnostica salvato: C:\cellular_speace\reports\manutenzione\correttiva\diagnosi_20260613_132100.json
2026-06-13 13:21:00.653 [OK] Diagnosi Markdown salvata: C:\cellular_speace\data\diagnosi\diagnosi_20260613_132100.md
2026-06-13 13:21:00.696 [DIAG] Diagnostica runtime...
2026-06-13 13:21:00.698 [DIAG] Diagnostica processi...
2026-06-13 13:21:00.722 [WARN] [medio] Runtime/errore_lettura_snapshot: Errore lettura snapshot: Impossibile convertire la stringa JSON perché un dizionario convertito da tale stringa contiene le chiavi duplicate 'Server' e 'SERVER'.
2026-06-13 13:21:00.748 [DIAG] Diagnostica memoria...
2026-06-13 13:21:00.909 [DIAG] Generazione raccomandazioni...
2026-06-13 13:21:00.937 [OK] Report diagnostica salvato: C:\cellular_speace\reports\manutenzione\correttiva\diagnosi_20260613_132100.json
2026-06-13 13:21:00.948 [OK] Diagnosi Markdown salvata: C:\cellular_speace\data\diagnosi\diagnosi_20260613_132100.md
2026-06-13 13:21:01.071 [DIAG] Diagnostica file...
2026-06-13 13:21:03.421 [DIAG] Diagnostica processi...
2026-06-13 13:21:03.540 [DIAG] Diagnostica log errori...
2026-06-13 13:21:04.415 [ERROR] [critico] Log/errori_recenti: 1102 errori nelle ultime 2 ore
2026-06-13 13:21:04.418 [DIAG] Generazione raccomandazioni...
2026-06-13 13:21:04.446 [FIX] Avvio azioni correttive automatiche...
2026-06-13 13:21:04.450 [INFO] Nessuna azione correttiva automatica disponibile
2026-06-13 13:21:04.450 [OK] Report diagnostica salvato: C:\cellular_speace\reports\manutenzione\correttiva\diagnosi_20260613_132100.json
2026-06-13 13:21:04.450 [OK] Diagnosi Markdown salvata: C:\cellular_speace\data\diagnosi\diagnosi_20260613_132100.md
