2026-06-13 13:29:26.102 [DIAG] Diagnostica processi...
2026-06-13 13:29:26.286 [DIAG] Generazione raccomandazioni...
2026-06-13 13:29:26.331 [OK] Report diagnostica salvato: C:\cellular_speace\reports\manutenzione\correttiva\diagnosi_20260613_132926.json
2026-06-13 13:29:26.337 [OK] Diagnosi Markdown salvata: C:\cellular_speace\data\diagnosi\diagnosi_20260613_132926.md
2026-06-13 13:29:26.375 [DIAG] Diagnostica runtime...
2026-06-13 13:29:26.381 [ERROR] [alto] Runtime/snapshot_vecchio: Snapshot ha 30.9min (>30min)
2026-06-13 13:29:26.399 [WARN] [medio] Runtime/errore_lettura_snapshot: Errore lettura snapshot: Impossibile convertire la stringa JSON perché un dizionario convertito da tale stringa contiene le chiavi duplicate 'Server' e 'SERVER'.
2026-06-13 13:29:26.421 [DIAG] Diagnostica memoria...
2026-06-13 13:29:26.675 [DIAG] Diagnostica processi...
2026-06-13 13:29:26.817 [DIAG] Diagnostica file...
2026-06-13 13:29:26.858 [DIAG] Generazione raccomandazioni...
2026-06-13 13:29:26.876 [OK] Report diagnostica salvato: C:\cellular_speace\reports\manutenzione\correttiva\diagnosi_20260613_132926.json
2026-06-13 13:29:26.882 [OK] Diagnosi Markdown salvata: C:\cellular_speace\data\diagnosi\diagnosi_20260613_132926.md
2026-06-13 13:29:26.912 [DIAG] Diagnostica runtime...
2026-06-13 13:29:26.918 [ERROR] [alto] Runtime/snapshot_vecchio: Snapshot ha 30.9min (>30min)
2026-06-13 13:29:26.946 [WARN] [medio] Runtime/errore_lettura_snapshot: Errore lettura snapshot: Impossibile convertire la stringa JSON perché un dizionario convertito da tale stringa contiene le chiavi duplicate 'Server' e 'SERVER'.
2026-06-13 13:29:26.961 [DIAG] Diagnostica memoria...
2026-06-13 13:29:26.981 [DIAG] Diagnostica processi...
2026-06-13 13:29:27.191 [DIAG] Generazione raccomandazioni...
2026-06-13 13:29:27.214 [OK] Report diagnostica salvato: C:\cellular_speace\reports\manutenzione\correttiva\diagnosi_20260613_132926.json
2026-06-13 13:29:27.231 [OK] Diagnosi Markdown salvata: C:\cellular_speace\data\diagnosi\diagnosi_20260613_132926.md
2026-06-13 13:29:27.357 [DIAG] Diagnostica file...
2026-06-13 13:29:30.244 [DIAG] Diagnostica processi...
2026-06-13 13:29:30.450 [DIAG] Diagnostica log errori...
2026-06-13 13:29:30.747 [DIAG] Diagnostica processi...
2026-06-13 13:29:30.964 [DIAG] Diagnostica log errori...
2026-06-13 13:29:32.467 [ERROR] [critico] Log/errori_recenti: 1299 errori nelle ultime 2 ore
2026-06-13 13:29:32.487 [DIAG] Generazione raccomandazioni...
2026-06-13 13:29:32.509 [FIX] Avvio azioni correttive automatiche...
2026-06-13 13:29:32.513 [INFO] Nessuna azione correttiva automatica disponibile
2026-06-13 13:29:32.520 [OK] Report diagnostica salvato: C:\cellular_speace\reports\manutenzione\correttiva\diagnosi_20260613_132926.json
2026-06-13 13:29:32.526 [OK] Diagnosi Markdown salvata: C:\cellular_speace\data\diagnosi\diagnosi_20260613_132926.md
2026-06-13 13:29:32.958 [ERROR] [critico] Log/errori_recenti: 1304 errori nelle ultime 2 ore
2026-06-13 13:29:32.971 [DIAG] Generazione raccomandazioni...
2026-06-13 13:29:32.995 [FIX] Avvio azioni correttive automatiche...
2026-06-13 13:29:32.997 [INFO] Nessuna azione correttiva automatica disponibile
2026-06-13 13:29:33.003 [OK] Report diagnostica salvato: C:\cellular_speace\reports\manutenzione\correttiva\diagnosi_20260613_132926.json
2026-06-13 13:29:33.009 [OK] Diagnosi Markdown salvata: C:\cellular_speace\data\diagnosi\diagnosi_20260613_132926.md
