2026-06-13 13:09:28.050 [DIAG] Diagnostica processi...
2026-06-13 13:09:28.310 [WARN] Errore diagnostica processi: Eccezione durante la chiamata di "ToDateTime" con "1" argomento/i: "Argomento specificato non compreso nell'intervallo.
Nome parametro: dmtfDate"
2026-06-13 13:09:28.310 [DIAG] Generazione raccomandazioni...
2026-06-13 13:09:28.324 [OK] Report diagnostica salvato: C:\cellular_speace\reports\manutenzione\correttiva\diagnosi_20260613_130928.json
2026-06-13 13:09:28.339 [OK] Diagnosi Markdown salvata: C:\cellular_speace\data\diagnosi\diagnosi_20260613_130928.md
2026-06-13 13:09:28.380 [DIAG] Diagnostica runtime...
2026-06-13 13:09:28.475 [WARN] [medio] Runtime/errore_lettura_snapshot: Errore lettura snapshot: Impossibile convertire la stringa JSON perché un dizionario convertito da tale stringa contiene le chiavi duplicate 'Server' e 'SERVER'.
2026-06-13 13:09:28.507 [DIAG] Diagnostica memoria...
2026-06-13 13:09:28.894 [DIAG] Diagnostica file...
2026-06-13 13:09:31.218 [DIAG] Diagnostica processi...
2026-06-13 13:09:31.389 [ERROR] [critico] Processi/nessun_processo: Nessun processo SPEACE in esecuzione
2026-06-13 13:09:31.413 [DIAG] Diagnostica log errori...
2026-06-13 13:09:31.425 [WARN] Errore diagnostica log: Impossibile convertire 'System.Object[]' nel tipo 'System.String' richiesto da parametro 'ChildPath'. Specificato metodo non supportato.
2026-06-13 13:09:31.427 [DIAG] Generazione raccomandazioni...
2026-06-13 13:09:31.468 [FIX] Avvio azioni correttive automatiche...
2026-06-13 13:09:31.475 [FIX] Tentativo avvio SPEACE...
2026-06-13 13:09:31.630 [FIX] AZIONE: Avviato SPEACE: C:\cellular_speace\ispettore_manutentore_neurologico_organismico_di_speace\avvio_locale.bat
2026-06-13 13:09:31.638 [OK] Report diagnostica salvato: C:\cellular_speace\reports\manutenzione\correttiva\diagnosi_20260613_130928.json
2026-06-13 13:09:31.646 [OK] Diagnosi Markdown salvata: C:\cellular_speace\data\diagnosi\diagnosi_20260613_130928.md
