2026-06-13 13:45:10.119 [DIAG] Diagnostica processi...
2026-06-13 13:45:10.328 [DIAG] Generazione raccomandazioni...
2026-06-13 13:45:10.352 [OK] Report diagnostica salvato: C:\cellular_speace\reports\manutenzione\correttiva\diagnosi_20260613_134510.json
2026-06-13 13:45:10.360 [OK] Diagnosi Markdown salvata: C:\cellular_speace\data\diagnosi\diagnosi_20260613_134510.md
2026-06-13 13:45:10.362 [DIAG] Diagnostica processi...
2026-06-13 13:45:10.385 [DIAG] Diagnostica runtime...
2026-06-13 13:45:10.399 [ERROR] [alto] Runtime/snapshot_vecchio: Snapshot ha 46.6min (>30min)
2026-06-13 13:45:10.429 [WARN] [medio] Runtime/errore_lettura_snapshot: Errore lettura snapshot: Impossibile convertire la stringa JSON perché un dizionario convertito da tale stringa contiene le chiavi duplicate 'Server' e 'SERVER'.
2026-06-13 13:45:10.454 [DIAG] Diagnostica memoria...
2026-06-13 13:45:10.567 [DIAG] Generazione raccomandazioni...
2026-06-13 13:45:10.588 [OK] Report diagnostica salvato: C:\cellular_speace\reports\manutenzione\correttiva\diagnosi_20260613_134510.json
2026-06-13 13:45:10.602 [OK] Diagnosi Markdown salvata: C:\cellular_speace\data\diagnosi\diagnosi_20260613_134510.md
2026-06-13 13:45:10.840 [DIAG] Diagnostica file...
2026-06-13 13:45:14.138 [DIAG] Diagnostica processi...
2026-06-13 13:45:14.321 [DIAG] Diagnostica log errori...
2026-06-13 13:45:16.511 [ERROR] [critico] Log/errori_recenti: 1747 errori nelle ultime 2 ore
2026-06-13 13:45:16.516 [DIAG] Generazione raccomandazioni...
2026-06-13 13:45:16.548 [FIX] Avvio azioni correttive automatiche...
2026-06-13 13:45:16.557 [INFO] Nessuna azione correttiva automatica disponibile
2026-06-13 13:45:16.560 [OK] Report diagnostica salvato: C:\cellular_speace\reports\manutenzione\correttiva\diagnosi_20260613_134510.json
2026-06-13 13:45:16.576 [OK] Diagnosi Markdown salvata: C:\cellular_speace\data\diagnosi\diagnosi_20260613_134510.md
