2026-06-13 17:44:45.196 [DIAG] Diagnostica processi...
2026-06-13 17:44:45.399 [DIAG] Generazione raccomandazioni...
2026-06-13 17:44:45.430 [OK] Report diagnostica salvato: C:\cellular_speace\reports\manutenzione\correttiva\diagnosi_20260613_174445.json
2026-06-13 17:44:45.434 [OK] Diagnosi Markdown salvata: C:\cellular_speace\data\diagnosi\diagnosi_20260613_174445.md
2026-06-13 17:44:45.459 [DIAG] Diagnostica runtime...
2026-06-13 17:44:45.465 [ERROR] [alto] Runtime/snapshot_vecchio: Snapshot ha 286.2min (>30min)
2026-06-13 17:44:45.487 [WARN] [medio] Runtime/errore_lettura_snapshot: Errore lettura snapshot: Impossibile convertire la stringa JSON perché un dizionario convertito da tale stringa contiene le chiavi duplicate 'Server' e 'SERVER'.
2026-06-13 17:44:45.503 [DIAG] Diagnostica memoria...
2026-06-13 17:44:45.821 [DIAG] Diagnostica processi...
2026-06-13 17:44:45.910 [DIAG] Diagnostica file...
2026-06-13 17:44:46.054 [DIAG] Generazione raccomandazioni...
2026-06-13 17:44:46.071 [OK] Report diagnostica salvato: C:\cellular_speace\reports\manutenzione\correttiva\diagnosi_20260613_174445.json
2026-06-13 17:44:46.077 [OK] Diagnosi Markdown salvata: C:\cellular_speace\data\diagnosi\diagnosi_20260613_174445.md
2026-06-13 17:44:50.904 [DIAG] Diagnostica processi...
2026-06-13 17:44:51.086 [DIAG] Diagnostica log errori...
2026-06-13 17:45:00.160 [ERROR] [critico] Log/errori_recenti: 3421 errori nelle ultime 2 ore
2026-06-13 17:45:00.339 [DIAG] Generazione raccomandazioni...
2026-06-13 17:45:00.551 [FIX] Avvio azioni correttive automatiche...
2026-06-13 17:45:00.571 [INFO] Nessuna azione correttiva automatica disponibile
2026-06-13 17:45:00.614 [OK] Report diagnostica salvato: C:\cellular_speace\reports\manutenzione\correttiva\diagnosi_20260613_174445.json
2026-06-13 17:45:00.634 [OK] Diagnosi Markdown salvata: C:\cellular_speace\data\diagnosi\diagnosi_20260613_174445.md
