2026-06-13 14:48:02.027 [DIAG] Diagnostica processi...
2026-06-13 14:48:02.305 [DIAG] Generazione raccomandazioni...
2026-06-13 14:48:02.329 [OK] Report diagnostica salvato: C:\cellular_speace\reports\manutenzione\correttiva\diagnosi_20260613_144802.json
2026-06-13 14:48:02.337 [OK] Diagnosi Markdown salvata: C:\cellular_speace\data\diagnosi\diagnosi_20260613_144802.md
2026-06-13 14:48:02.663 [DIAG] Diagnostica processi...
2026-06-13 14:48:02.877 [DIAG] Generazione raccomandazioni...
2026-06-13 14:48:02.968 [OK] Report diagnostica salvato: C:\cellular_speace\reports\manutenzione\correttiva\diagnosi_20260613_144802.json
2026-06-13 14:48:02.974 [OK] Diagnosi Markdown salvata: C:\cellular_speace\data\diagnosi\diagnosi_20260613_144802.md
2026-06-13 14:48:03.017 [DIAG] Diagnostica runtime...
2026-06-13 14:48:03.023 [ERROR] [alto] Runtime/snapshot_vecchio: Snapshot ha 109.5min (>30min)
2026-06-13 14:48:03.051 [WARN] [medio] Runtime/errore_lettura_snapshot: Errore lettura snapshot: Impossibile convertire la stringa JSON perché un dizionario convertito da tale stringa contiene le chiavi duplicate 'Server' e 'SERVER'.
2026-06-13 14:48:03.083 [DIAG] Diagnostica memoria...
2026-06-13 14:48:03.491 [DIAG] Diagnostica file...
2026-06-13 14:48:08.428 [DIAG] Diagnostica processi...
2026-06-13 14:48:08.714 [DIAG] Diagnostica log errori...
2026-06-13 14:48:20.105 [ERROR] [critico] Log/errori_recenti: 3477 errori nelle ultime 2 ore
2026-06-13 14:48:20.374 [DIAG] Generazione raccomandazioni...
2026-06-13 14:48:20.640 [FIX] Avvio azioni correttive automatiche...
2026-06-13 14:48:20.655 [INFO] Nessuna azione correttiva automatica disponibile
2026-06-13 14:48:20.673 [OK] Report diagnostica salvato: C:\cellular_speace\reports\manutenzione\correttiva\diagnosi_20260613_144802.json
2026-06-13 14:48:20.684 [OK] Diagnosi Markdown salvata: C:\cellular_speace\data\diagnosi\diagnosi_20260613_144802.md
