2026-06-13 14:17:46.220 [DIAG] Diagnostica processi...
2026-06-13 14:17:46.580 [DIAG] Generazione raccomandazioni...
2026-06-13 14:17:46.714 [OK] Report diagnostica salvato: C:\cellular_speace\reports\manutenzione\correttiva\diagnosi_20260613_141746.json
2026-06-13 14:17:46.724 [OK] Diagnosi Markdown salvata: C:\cellular_speace\data\diagnosi\diagnosi_20260613_141746.md
2026-06-13 14:17:46.828 [DIAG] Diagnostica processi...
2026-06-13 14:17:46.836 [DIAG] Diagnostica runtime...
2026-06-13 14:17:46.848 [ERROR] [alto] Runtime/snapshot_vecchio: Snapshot ha 79.2min (>30min)
2026-06-13 14:17:47.086 [WARN] [medio] Runtime/errore_lettura_snapshot: Errore lettura snapshot: Impossibile convertire la stringa JSON perché un dizionario convertito da tale stringa contiene le chiavi duplicate 'Server' e 'SERVER'.
2026-06-13 14:17:47.128 [DIAG] Generazione raccomandazioni...
2026-06-13 14:17:47.256 [DIAG] Diagnostica memoria...
2026-06-13 14:17:47.270 [OK] Report diagnostica salvato: C:\cellular_speace\reports\manutenzione\correttiva\diagnosi_20260613_141746.json
2026-06-13 14:17:47.288 [OK] Diagnosi Markdown salvata: C:\cellular_speace\data\diagnosi\diagnosi_20260613_141746.md
2026-06-13 14:17:47.775 [DIAG] Diagnostica file...
2026-06-13 14:17:54.325 [DIAG] Diagnostica processi...
2026-06-13 14:17:54.591 [DIAG] Diagnostica log errori...
2026-06-13 14:18:03.952 [ERROR] [critico] Log/errori_recenti: 2658 errori nelle ultime 2 ore
2026-06-13 14:18:03.998 [DIAG] Generazione raccomandazioni...
2026-06-13 14:18:04.028 [FIX] Avvio azioni correttive automatiche...
2026-06-13 14:18:04.034 [INFO] Nessuna azione correttiva automatica disponibile
2026-06-13 14:18:04.059 [OK] Report diagnostica salvato: C:\cellular_speace\reports\manutenzione\correttiva\diagnosi_20260613_141746.json
2026-06-13 14:18:04.067 [OK] Diagnosi Markdown salvata: C:\cellular_speace\data\diagnosi\diagnosi_20260613_141746.md
