2026-06-13 13:18:45.399 [DIAG] Diagnostica processi...
2026-06-13 13:18:45.634 [DIAG] Generazione raccomandazioni...
2026-06-13 13:18:45.699 [OK] Report diagnostica salvato: C:\cellular_speace\reports\manutenzione\correttiva\diagnosi_20260613_131845.json
2026-06-13 13:18:45.726 [OK] Diagnosi Markdown salvata: C:\cellular_speace\data\diagnosi\diagnosi_20260613_131845.md
2026-06-13 13:18:45.820 [DIAG] Diagnostica runtime...
2026-06-13 13:18:45.919 [WARN] [medio] Runtime/errore_lettura_snapshot: Errore lettura snapshot: Impossibile convertire la stringa JSON perché un dizionario convertito da tale stringa contiene le chiavi duplicate 'Server' e 'SERVER'.
2026-06-13 13:18:45.947 [DIAG] Diagnostica processi...
2026-06-13 13:18:46.026 [DIAG] Diagnostica memoria...
2026-06-13 13:18:46.229 [DIAG] Generazione raccomandazioni...
2026-06-13 13:18:46.393 [OK] Report diagnostica salvato: C:\cellular_speace\reports\manutenzione\correttiva\diagnosi_20260613_131845.json
2026-06-13 13:18:46.410 [OK] Diagnosi Markdown salvata: C:\cellular_speace\data\diagnosi\diagnosi_20260613_131845.md
2026-06-13 13:18:46.529 [DIAG] Diagnostica file...
2026-06-13 13:18:52.807 [DIAG] Diagnostica processi...
2026-06-13 13:18:53.094 [DIAG] Diagnostica log errori...
2026-06-13 13:18:54.985 [ERROR] [critico] Log/errori_recenti: 1036 errori nelle ultime 2 ore
2026-06-13 13:18:55.021 [DIAG] Generazione raccomandazioni...
2026-06-13 13:18:55.204 [FIX] Avvio azioni correttive automatiche...
2026-06-13 13:18:55.208 [INFO] Nessuna azione correttiva automatica disponibile
2026-06-13 13:18:55.214 [OK] Report diagnostica salvato: C:\cellular_speace\reports\manutenzione\correttiva\diagnosi_20260613_131845.json
2026-06-13 13:18:55.222 [OK] Diagnosi Markdown salvata: C:\cellular_speace\data\diagnosi\diagnosi_20260613_131845.md
