2026-06-13 15:01:56.056 [DIAG] Diagnostica processi...
2026-06-13 15:01:56.108 [DIAG] Diagnostica processi...
2026-06-13 15:01:56.268 [DIAG] Generazione raccomandazioni...
2026-06-13 15:01:56.296 [OK] Report diagnostica salvato: C:\cellular_speace\reports\manutenzione\correttiva\diagnosi_20260613_150156.json
2026-06-13 15:01:56.303 [OK] Diagnosi Markdown salvata: C:\cellular_speace\data\diagnosi\diagnosi_20260613_150156.md
2026-06-13 15:01:56.310 [DIAG] Generazione raccomandazioni...
2026-06-13 15:01:56.330 [OK] Report diagnostica salvato: C:\cellular_speace\reports\manutenzione\correttiva\diagnosi_20260613_150156.json
2026-06-13 15:01:56.339 [OK] Diagnosi Markdown salvata: C:\cellular_speace\data\diagnosi\diagnosi_20260613_150156.md
2026-06-13 15:01:56.368 [DIAG] Diagnostica runtime...
2026-06-13 15:01:56.372 [ERROR] [alto] Runtime/snapshot_vecchio: Snapshot ha 123.4min (>30min)
2026-06-13 15:01:56.398 [WARN] [medio] Runtime/errore_lettura_snapshot: Errore lettura snapshot: Impossibile convertire la stringa JSON perché un dizionario convertito da tale stringa contiene le chiavi duplicate 'Server' e 'SERVER'.
2026-06-13 15:01:56.400 [DIAG] Diagnostica memoria...
2026-06-13 15:01:56.727 [DIAG] Diagnostica file...
2026-06-13 15:02:00.316 [DIAG] Diagnostica processi...
2026-06-13 15:02:00.531 [DIAG] Diagnostica log errori...
2026-06-13 15:02:08.321 [ERROR] [critico] Log/errori_recenti: 3700 errori nelle ultime 2 ore
2026-06-13 15:02:08.336 [DIAG] Generazione raccomandazioni...
2026-06-13 15:02:08.391 [FIX] Avvio azioni correttive automatiche...
2026-06-13 15:02:08.393 [INFO] Nessuna azione correttiva automatica disponibile
2026-06-13 15:02:08.399 [OK] Report diagnostica salvato: C:\cellular_speace\reports\manutenzione\correttiva\diagnosi_20260613_150156.json
2026-06-13 15:02:08.407 [OK] Diagnosi Markdown salvata: C:\cellular_speace\data\diagnosi\diagnosi_20260613_150156.md
