2026-06-13 17:12:37.072 [DIAG] Diagnostica processi...
2026-06-13 17:12:37.270 [DIAG] Generazione raccomandazioni...
2026-06-13 17:12:37.325 [OK] Report diagnostica salvato: C:\cellular_speace\reports\manutenzione\correttiva\diagnosi_20260613_171237.json
2026-06-13 17:12:37.335 [OK] Diagnosi Markdown salvata: C:\cellular_speace\data\diagnosi\diagnosi_20260613_171237.md
2026-06-13 17:12:37.395 [DIAG] Diagnostica runtime...
2026-06-13 17:12:37.409 [ERROR] [alto] Runtime/snapshot_vecchio: Snapshot ha 254.1min (>30min)
2026-06-13 17:12:37.430 [WARN] [medio] Runtime/errore_lettura_snapshot: Errore lettura snapshot: Impossibile convertire la stringa JSON perché un dizionario convertito da tale stringa contiene le chiavi duplicate 'Server' e 'SERVER'.
2026-06-13 17:12:37.448 [DIAG] Diagnostica memoria...
2026-06-13 17:12:37.712 [DIAG] Diagnostica processi...
2026-06-13 17:12:37.852 [DIAG] Diagnostica file...
2026-06-13 17:12:37.904 [DIAG] Generazione raccomandazioni...
2026-06-13 17:12:37.935 [OK] Report diagnostica salvato: C:\cellular_speace\reports\manutenzione\correttiva\diagnosi_20260613_171237.json
2026-06-13 17:12:37.946 [OK] Diagnosi Markdown salvata: C:\cellular_speace\data\diagnosi\diagnosi_20260613_171237.md
2026-06-13 17:12:38.000 [DIAG] Diagnostica runtime...
2026-06-13 17:12:38.006 [ERROR] [alto] Runtime/snapshot_vecchio: Snapshot ha 254.1min (>30min)
2026-06-13 17:12:38.028 [WARN] [medio] Runtime/errore_lettura_snapshot: Errore lettura snapshot: Impossibile convertire la stringa JSON perché un dizionario convertito da tale stringa contiene le chiavi duplicate 'Server' e 'SERVER'.
2026-06-13 17:12:38.162 [DIAG] Diagnostica memoria...
2026-06-13 17:12:38.648 [DIAG] Diagnostica file...
2026-06-13 17:12:42.610 [DIAG] Diagnostica processi...
2026-06-13 17:12:42.863 [DIAG] Diagnostica log errori...
2026-06-13 17:12:43.350 [DIAG] Diagnostica processi...
2026-06-13 17:12:43.590 [DIAG] Diagnostica log errori...
2026-06-13 17:12:51.055 [ERROR] [critico] Log/errori_recenti: 3374 errori nelle ultime 2 ore
2026-06-13 17:12:51.059 [DIAG] Generazione raccomandazioni...
2026-06-13 17:12:51.091 [FIX] Avvio azioni correttive automatiche...
2026-06-13 17:12:51.093 [INFO] Nessuna azione correttiva automatica disponibile
2026-06-13 17:12:51.098 [OK] Report diagnostica salvato: C:\cellular_speace\reports\manutenzione\correttiva\diagnosi_20260613_171237.json
2026-06-13 17:12:51.107 [OK] Diagnosi Markdown salvata: C:\cellular_speace\data\diagnosi\diagnosi_20260613_171237.md
2026-06-13 17:12:51.614 [ERROR] [critico] Log/errori_recenti: 3376 errori nelle ultime 2 ore
2026-06-13 17:12:51.620 [DIAG] Generazione raccomandazioni...
2026-06-13 17:12:51.644 [FIX] Avvio azioni correttive automatiche...
2026-06-13 17:12:51.648 [INFO] Nessuna azione correttiva automatica disponibile
2026-06-13 17:12:51.654 [OK] Report diagnostica salvato: C:\cellular_speace\reports\manutenzione\correttiva\diagnosi_20260613_171237.json
2026-06-13 17:12:51.666 [OK] Diagnosi Markdown salvata: C:\cellular_speace\data\diagnosi\diagnosi_20260613_171237.md
