2026-06-13 17:20:01.282 [DIAG] Diagnostica processi...
2026-06-13 17:20:01.481 [DIAG] Generazione raccomandazioni...
2026-06-13 17:20:01.526 [OK] Report diagnostica salvato: C:\cellular_speace\reports\manutenzione\correttiva\diagnosi_20260613_172001.json
2026-06-13 17:20:01.563 [OK] Diagnosi Markdown salvata: C:\cellular_speace\data\diagnosi\diagnosi_20260613_172001.md
2026-06-13 17:20:01.610 [DIAG] Diagnostica runtime...
2026-06-13 17:20:01.622 [ERROR] [alto] Runtime/snapshot_vecchio: Snapshot ha 261.5min (>30min)
2026-06-13 17:20:01.694 [WARN] [medio] Runtime/errore_lettura_snapshot: Errore lettura snapshot: Impossibile convertire la stringa JSON perché un dizionario convertito da tale stringa contiene le chiavi duplicate 'Server' e 'SERVER'.
2026-06-13 17:20:01.712 [DIAG] Diagnostica memoria...
2026-06-13 17:20:01.762 [DIAG] Diagnostica processi...
2026-06-13 17:20:02.013 [DIAG] Generazione raccomandazioni...
2026-06-13 17:20:02.054 [OK] Report diagnostica salvato: C:\cellular_speace\reports\manutenzione\correttiva\diagnosi_20260613_172001.json
2026-06-13 17:20:02.068 [OK] Diagnosi Markdown salvata: C:\cellular_speace\data\diagnosi\diagnosi_20260613_172001.md
2026-06-13 17:20:02.136 [DIAG] Diagnostica file...
2026-06-13 17:20:07.128 [DIAG] Diagnostica processi...
2026-06-13 17:20:07.316 [DIAG] Diagnostica log errori...
2026-06-13 17:20:14.396 [ERROR] [critico] Log/errori_recenti: 3365 errori nelle ultime 2 ore
2026-06-13 17:20:14.410 [DIAG] Generazione raccomandazioni...
2026-06-13 17:20:14.427 [FIX] Avvio azioni correttive automatiche...
2026-06-13 17:20:14.429 [INFO] Nessuna azione correttiva automatica disponibile
2026-06-13 17:20:14.435 [OK] Report diagnostica salvato: C:\cellular_speace\reports\manutenzione\correttiva\diagnosi_20260613_172001.json
2026-06-13 17:20:14.441 [OK] Diagnosi Markdown salvata: C:\cellular_speace\data\diagnosi\diagnosi_20260613_172001.md
