2026-06-13 17:47:14.050 [DIAG] Diagnostica processi...
2026-06-13 17:47:14.093 [DIAG] Diagnostica runtime...
2026-06-13 17:47:14.099 [ERROR] [alto] Runtime/snapshot_vecchio: Snapshot ha 288.7min (>30min)
2026-06-13 17:47:14.119 [WARN] [medio] Runtime/errore_lettura_snapshot: Errore lettura snapshot: Impossibile convertire la stringa JSON perché un dizionario convertito da tale stringa contiene le chiavi duplicate 'Server' e 'SERVER'.
2026-06-13 17:47:14.151 [DIAG] Diagnostica memoria...
2026-06-13 17:47:14.267 [DIAG] Generazione raccomandazioni...
2026-06-13 17:47:14.292 [OK] Report diagnostica salvato: C:\cellular_speace\reports\manutenzione\correttiva\diagnosi_20260613_174714.json
2026-06-13 17:47:14.298 [OK] Diagnosi Markdown salvata: C:\cellular_speace\data\diagnosi\diagnosi_20260613_174714.md
2026-06-13 17:47:14.508 [DIAG] Diagnostica file...
2026-06-13 17:47:14.546 [DIAG] Diagnostica processi...
2026-06-13 17:47:14.761 [DIAG] Generazione raccomandazioni...
2026-06-13 17:47:14.779 [OK] Report diagnostica salvato: C:\cellular_speace\reports\manutenzione\correttiva\diagnosi_20260613_174714.json
2026-06-13 17:47:14.783 [OK] Diagnosi Markdown salvata: C:\cellular_speace\data\diagnosi\diagnosi_20260613_174714.md
2026-06-13 17:47:19.325 [DIAG] Diagnostica processi...
2026-06-13 17:47:19.515 [DIAG] Diagnostica log errori...
2026-06-13 17:47:26.554 [ERROR] [critico] Log/errori_recenti: 3406 errori nelle ultime 2 ore
2026-06-13 17:47:26.566 [DIAG] Generazione raccomandazioni...
2026-06-13 17:47:26.586 [FIX] Avvio azioni correttive automatiche...
2026-06-13 17:47:26.588 [INFO] Nessuna azione correttiva automatica disponibile
2026-06-13 17:47:26.592 [OK] Report diagnostica salvato: C:\cellular_speace\reports\manutenzione\correttiva\diagnosi_20260613_174714.json
2026-06-13 17:47:26.592 [OK] Diagnosi Markdown salvata: C:\cellular_speace\data\diagnosi\diagnosi_20260613_174714.md
