2026-06-13 17:15:38.076 [DIAG] Diagnostica runtime...
2026-06-13 17:15:38.082 [ERROR] [alto] Runtime/snapshot_vecchio: Snapshot ha 257.1min (>30min)
2026-06-13 17:15:38.106 [WARN] [medio] Runtime/errore_lettura_snapshot: Errore lettura snapshot: Impossibile convertire la stringa JSON perché un dizionario convertito da tale stringa contiene le chiavi duplicate 'Server' e 'SERVER'.
2026-06-13 17:15:38.122 [DIAG] Diagnostica memoria...
2026-06-13 17:15:38.474 [DIAG] Diagnostica file...
2026-06-13 17:15:38.673 [DIAG] Diagnostica processi...
2026-06-13 17:15:38.821 [DIAG] Generazione raccomandazioni...
2026-06-13 17:15:38.850 [OK] Report diagnostica salvato: C:\cellular_speace\reports\manutenzione\correttiva\diagnosi_20260613_171538.json
2026-06-13 17:15:38.856 [OK] Diagnosi Markdown salvata: C:\cellular_speace\data\diagnosi\diagnosi_20260613_171538.md
2026-06-13 17:15:38.904 [DIAG] Diagnostica runtime...
2026-06-13 17:15:38.917 [ERROR] [alto] Runtime/snapshot_vecchio: Snapshot ha 257.1min (>30min)
2026-06-13 17:15:38.931 [WARN] [medio] Runtime/errore_lettura_snapshot: Errore lettura snapshot: Impossibile convertire la stringa JSON perché un dizionario convertito da tale stringa contiene le chiavi duplicate 'Server' e 'SERVER'.
2026-06-13 17:15:38.945 [DIAG] Diagnostica memoria...
2026-06-13 17:15:39.315 [DIAG] Diagnostica file...
2026-06-13 17:15:43.165 [DIAG] Diagnostica processi...
2026-06-13 17:15:43.337 [DIAG] Diagnostica log errori...
2026-06-13 17:15:44.249 [DIAG] Diagnostica processi...
2026-06-13 17:15:44.413 [DIAG] Diagnostica log errori...
2026-06-13 17:15:50.356 [ERROR] [critico] Log/errori_recenti: 3366 errori nelle ultime 2 ore
2026-06-13 17:15:50.356 [DIAG] Generazione raccomandazioni...
2026-06-13 17:15:50.390 [FIX] Avvio azioni correttive automatiche...
2026-06-13 17:15:50.392 [INFO] Nessuna azione correttiva automatica disponibile
2026-06-13 17:15:50.398 [OK] Report diagnostica salvato: C:\cellular_speace\reports\manutenzione\correttiva\diagnosi_20260613_171538.json
2026-06-13 17:15:50.404 [OK] Diagnosi Markdown salvata: C:\cellular_speace\data\diagnosi\diagnosi_20260613_171538.md
2026-06-13 17:15:51.266 [ERROR] [critico] Log/errori_recenti: 3367 errori nelle ultime 2 ore
2026-06-13 17:15:51.276 [DIAG] Generazione raccomandazioni...
2026-06-13 17:15:51.290 [FIX] Avvio azioni correttive automatiche...
2026-06-13 17:15:51.303 [INFO] Nessuna azione correttiva automatica disponibile
2026-06-13 17:15:51.303 [OK] Report diagnostica salvato: C:\cellular_speace\reports\manutenzione\correttiva\diagnosi_20260613_171538.json
2026-06-13 17:15:51.309 [OK] Diagnosi Markdown salvata: C:\cellular_speace\data\diagnosi\diagnosi_20260613_171538.md
