2026-06-13 17:21:30.371 [DIAG] Diagnostica runtime...
2026-06-13 17:21:30.456 [ERROR] [alto] Runtime/snapshot_vecchio: Snapshot ha 263min (>30min)
2026-06-13 17:21:30.560 [DIAG] Diagnostica runtime...
2026-06-13 17:21:30.643 [ERROR] [alto] Runtime/snapshot_vecchio: Snapshot ha 263min (>30min)
2026-06-13 17:21:30.968 [WARN] [medio] Runtime/errore_lettura_snapshot: Errore lettura snapshot: Impossibile convertire la stringa JSON perché un dizionario convertito da tale stringa contiene le chiavi duplicate 'Server' e 'SERVER'.
2026-06-13 17:21:31.227 [WARN] [medio] Runtime/errore_lettura_snapshot: Errore lettura snapshot: Impossibile convertire la stringa JSON perché un dizionario convertito da tale stringa contiene le chiavi duplicate 'Server' e 'SERVER'.
2026-06-13 17:21:31.933 [DIAG] Diagnostica memoria...
2026-06-13 17:21:32.128 [DIAG] Diagnostica memoria...
2026-06-13 17:21:32.500 [DIAG] Diagnostica file...
2026-06-13 17:21:32.708 [DIAG] Diagnostica file...
2026-06-13 17:21:38.841 [DIAG] Diagnostica processi...
2026-06-13 17:21:39.098 [DIAG] Diagnostica log errori...
2026-06-13 17:21:39.292 [DIAG] Diagnostica processi...
2026-06-13 17:21:39.726 [DIAG] Diagnostica log errori...
2026-06-13 17:21:55.208 [ERROR] [critico] Log/errori_recenti: 3358 errori nelle ultime 2 ore
2026-06-13 17:21:55.644 [ERROR] [critico] Log/errori_recenti: 3359 errori nelle ultime 2 ore
2026-06-13 17:21:55.921 [DIAG] Generazione raccomandazioni...
2026-06-13 17:21:56.460 [FIX] Avvio azioni correttive automatiche...
2026-06-13 17:21:56.495 [INFO] Nessuna azione correttiva automatica disponibile
2026-06-13 17:21:56.620 [OK] Report diagnostica salvato: C:\cellular_speace\reports\manutenzione\correttiva\diagnosi_20260613_172130.json
2026-06-13 17:21:56.757 [OK] Diagnosi Markdown salvata: C:\cellular_speace\data\diagnosi\diagnosi_20260613_172130.md
