2026-06-13 16:33:05.239 [DIAG] Diagnostica runtime...
2026-06-13 16:33:05.262 [ERROR] [alto] Runtime/snapshot_vecchio: Snapshot ha 214.5min (>30min)
2026-06-13 16:33:05.270 [DIAG] Diagnostica runtime...
2026-06-13 16:33:05.285 [ERROR] [alto] Runtime/snapshot_vecchio: Snapshot ha 214.5min (>30min)
2026-06-13 16:33:05.464 [DIAG] Diagnostica processi...
2026-06-13 16:33:05.467 [WARN] [medio] Runtime/errore_lettura_snapshot: Errore lettura snapshot: Impossibile convertire la stringa JSON perché un dizionario convertito da tale stringa contiene le chiavi duplicate 'Server' e 'SERVER'.
2026-06-13 16:33:05.489 [WARN] [medio] Runtime/errore_lettura_snapshot: Errore lettura snapshot: Impossibile convertire la stringa JSON perché un dizionario convertito da tale stringa contiene le chiavi duplicate 'Server' e 'SERVER'.
2026-06-13 16:33:05.700 [DIAG] Generazione raccomandazioni...
2026-06-13 16:33:05.806 [OK] Report diagnostica salvato: C:\cellular_speace\reports\manutenzione\correttiva\diagnosi_20260613_163305.json
2026-06-13 16:33:05.810 [OK] Diagnosi Markdown salvata: C:\cellular_speace\data\diagnosi\diagnosi_20260613_163305.md
2026-06-13 16:33:05.858 [DIAG] Diagnostica memoria...
2026-06-13 16:33:05.863 [DIAG] Diagnostica memoria...
2026-06-13 16:33:05.893 [DIAG] Diagnostica runtime...
2026-06-13 16:33:05.901 [ERROR] [alto] Runtime/snapshot_vecchio: Snapshot ha 214.5min (>30min)
2026-06-13 16:33:06.069 [WARN] [medio] Runtime/errore_lettura_snapshot: Errore lettura snapshot: Impossibile convertire la stringa JSON perché un dizionario convertito da tale stringa contiene le chiavi duplicate 'Server' e 'SERVER'.
2026-06-13 16:33:06.364 [DIAG] Diagnostica file...
2026-06-13 16:33:06.376 [DIAG] Diagnostica file...
2026-06-13 16:33:07.008 [DIAG] Diagnostica memoria...
2026-06-13 16:33:07.698 [DIAG] Diagnostica file...
2026-06-13 16:33:12.679 [DIAG] Diagnostica processi...
2026-06-13 16:33:12.969 [DIAG] Diagnostica log errori...
2026-06-13 16:33:13.013 [DIAG] Diagnostica processi...
2026-06-13 16:33:13.321 [DIAG] Diagnostica log errori...
2026-06-13 16:33:13.790 [DIAG] Diagnostica processi...
2026-06-13 16:33:14.128 [DIAG] Diagnostica log errori...
2026-06-13 16:33:26.112 [ERROR] [critico] Log/errori_recenti: 3359 errori nelle ultime 2 ore
2026-06-13 16:33:26.571 [DIAG] Generazione raccomandazioni...
2026-06-13 16:33:26.827 [FIX] Avvio azioni correttive automatiche...
2026-06-13 16:33:26.843 [INFO] Nessuna azione correttiva automatica disponibile
2026-06-13 16:33:26.898 [OK] Report diagnostica salvato: C:\cellular_speace\reports\manutenzione\correttiva\diagnosi_20260613_163305.json
2026-06-13 16:33:26.921 [OK] Diagnosi Markdown salvata: C:\cellular_speace\data\diagnosi\diagnosi_20260613_163305.md
2026-06-13 16:33:27.098 [ERROR] [critico] Log/errori_recenti: 3360 errori nelle ultime 2 ore
2026-06-13 16:33:27.443 [DIAG] Generazione raccomandazioni...
2026-06-13 16:33:27.714 [FIX] Avvio azioni correttive automatiche...
2026-06-13 16:33:27.740 [INFO] Nessuna azione correttiva automatica disponibile
2026-06-13 16:33:27.762 [OK] Report diagnostica salvato: C:\cellular_speace\reports\manutenzione\correttiva\diagnosi_20260613_163305.json
2026-06-13 16:33:27.878 [OK] Diagnosi Markdown salvata: C:\cellular_speace\data\diagnosi\diagnosi_20260613_163305.md
2026-06-13 16:33:29.171 [ERROR] [critico] Log/errori_recenti: 3361 errori nelle ultime 2 ore
2026-06-13 16:33:29.351 [DIAG] Generazione raccomandazioni...
2026-06-13 16:33:29.606 [FIX] Avvio azioni correttive automatiche...
2026-06-13 16:33:29.614 [INFO] Nessuna azione correttiva automatica disponibile
2026-06-13 16:33:29.626 [OK] Report diagnostica salvato: C:\cellular_speace\reports\manutenzione\correttiva\diagnosi_20260613_163305.json
2026-06-13 16:33:29.656 [OK] Diagnosi Markdown salvata: C:\cellular_speace\data\diagnosi\diagnosi_20260613_163305.md
