2026-06-13 13:36:48.189 [DIAG] Diagnostica processi...
2026-06-13 13:36:48.387 [DIAG] Generazione raccomandazioni...
2026-06-13 13:36:48.427 [OK] Report diagnostica salvato: C:\cellular_speace\reports\manutenzione\correttiva\diagnosi_20260613_133648.json
2026-06-13 13:36:48.433 [OK] Diagnosi Markdown salvata: C:\cellular_speace\data\diagnosi\diagnosi_20260613_133648.md
2026-06-13 13:36:48.437 [DIAG] Diagnostica processi...
2026-06-13 13:36:48.466 [DIAG] Diagnostica runtime...
2026-06-13 13:36:48.470 [ERROR] [alto] Runtime/snapshot_vecchio: Snapshot ha 38.3min (>30min)
2026-06-13 13:36:48.500 [WARN] [medio] Runtime/errore_lettura_snapshot: Errore lettura snapshot: Impossibile convertire la stringa JSON perché un dizionario convertito da tale stringa contiene le chiavi duplicate 'Server' e 'SERVER'.
2026-06-13 13:36:48.514 [DIAG] Diagnostica memoria...
2026-06-13 13:36:48.642 [DIAG] Generazione raccomandazioni...
2026-06-13 13:36:48.673 [OK] Report diagnostica salvato: C:\cellular_speace\reports\manutenzione\correttiva\diagnosi_20260613_133648.json
2026-06-13 13:36:48.682 [OK] Diagnosi Markdown salvata: C:\cellular_speace\data\diagnosi\diagnosi_20260613_133648.md
2026-06-13 13:36:48.714 [DIAG] Diagnostica runtime...
2026-06-13 13:36:48.722 [ERROR] [alto] Runtime/snapshot_vecchio: Snapshot ha 38.3min (>30min)
2026-06-13 13:36:48.845 [WARN] [medio] Runtime/errore_lettura_snapshot: Errore lettura snapshot: Impossibile convertire la stringa JSON perché un dizionario convertito da tale stringa contiene le chiavi duplicate 'Server' e 'SERVER'.
2026-06-13 13:36:48.937 [DIAG] Diagnostica file...
2026-06-13 13:36:48.979 [DIAG] Diagnostica memoria...
2026-06-13 13:36:49.422 [DIAG] Diagnostica file...
2026-06-13 13:36:53.968 [DIAG] Diagnostica processi...
2026-06-13 13:36:54.274 [DIAG] Diagnostica log errori...
2026-06-13 13:36:54.528 [DIAG] Diagnostica processi...
2026-06-13 13:36:54.843 [DIAG] Diagnostica log errori...
2026-06-13 13:36:58.710 [ERROR] [critico] Log/errori_recenti: 1542 errori nelle ultime 2 ore
2026-06-13 13:36:58.718 [WARN] Errore diagnostica log: Il processo non può accedere al file 'C:\cellular_speace\data\logs\manutenzione\correttiva\diagnostica_20260613_133648.log' perché è in uso da un altro processo.
2026-06-13 13:36:58.757 [DIAG] Generazione raccomandazioni...
2026-06-13 13:36:58.956 [FIX] Avvio azioni correttive automatiche...
2026-06-13 13:36:58.973 [INFO] Nessuna azione correttiva automatica disponibile
2026-06-13 13:36:59.013 [OK] Report diagnostica salvato: C:\cellular_speace\reports\manutenzione\correttiva\diagnosi_20260613_133648.json
2026-06-13 13:36:59.025 [DIAG] Generazione raccomandazioni...
2026-06-13 13:36:59.079 [OK] Diagnosi Markdown salvata: C:\cellular_speace\data\diagnosi\diagnosi_20260613_133648.md
2026-06-13 13:36:59.253 [FIX] Avvio azioni correttive automatiche...
2026-06-13 13:36:59.277 [INFO] Nessuna azione correttiva automatica disponibile
2026-06-13 13:36:59.322 [OK] Report diagnostica salvato: C:\cellular_speace\reports\manutenzione\correttiva\diagnosi_20260613_133648.json
2026-06-13 13:36:59.346 [OK] Diagnosi Markdown salvata: C:\cellular_speace\data\diagnosi\diagnosi_20260613_133648.md
