2026-06-13 16:51:46.600 [DIAG] Diagnostica processi...
2026-06-13 16:51:46.659 [DIAG] Diagnostica processi...
2026-06-13 16:51:46.776 [DIAG] Generazione raccomandazioni...
2026-06-13 16:51:46.798 [OK] Report diagnostica salvato: C:\cellular_speace\reports\manutenzione\correttiva\diagnosi_20260613_165146.json
2026-06-13 16:51:46.802 [OK] Diagnosi Markdown salvata: C:\cellular_speace\data\diagnosi\diagnosi_20260613_165146.md
2026-06-13 16:51:46.806 [DIAG] Generazione raccomandazioni...
2026-06-13 16:51:46.810 [OK] Report diagnostica salvato: C:\cellular_speace\reports\manutenzione\correttiva\diagnosi_20260613_165146.json
2026-06-13 16:51:46.821 [OK] Diagnosi Markdown salvata: C:\cellular_speace\data\diagnosi\diagnosi_20260613_165146.md
2026-06-13 16:51:46.842 [DIAG] Diagnostica runtime...
2026-06-13 16:51:46.857 [ERROR] [alto] Runtime/snapshot_vecchio: Snapshot ha 233.2min (>30min)
2026-06-13 16:51:46.874 [WARN] [medio] Runtime/errore_lettura_snapshot: Errore lettura snapshot: Impossibile convertire la stringa JSON perché un dizionario convertito da tale stringa contiene le chiavi duplicate 'Server' e 'SERVER'.
2026-06-13 16:51:46.895 [DIAG] Diagnostica memoria...
2026-06-13 16:51:47.181 [DIAG] Diagnostica file...
2026-06-13 16:51:49.870 [DIAG] Diagnostica processi...
2026-06-13 16:51:49.998 [DIAG] Diagnostica log errori...
2026-06-13 16:51:54.952 [ERROR] [critico] Log/errori_recenti: 3331 errori nelle ultime 2 ore
2026-06-13 16:51:54.970 [DIAG] Generazione raccomandazioni...
2026-06-13 16:51:54.983 [FIX] Avvio azioni correttive automatiche...
2026-06-13 16:51:54.999 [INFO] Nessuna azione correttiva automatica disponibile
2026-06-13 16:51:55.005 [OK] Report diagnostica salvato: C:\cellular_speace\reports\manutenzione\correttiva\diagnosi_20260613_165146.json
2026-06-13 16:51:55.009 [OK] Diagnosi Markdown salvata: C:\cellular_speace\data\diagnosi\diagnosi_20260613_165146.md
