2026-06-13 15:41:08.027 [DIAG] Diagnostica runtime...
2026-06-13 15:41:08.037 [ERROR] [alto] Runtime/snapshot_vecchio: Snapshot ha 162.6min (>30min)
2026-06-13 15:41:08.089 [WARN] [medio] Runtime/errore_lettura_snapshot: Errore lettura snapshot: Impossibile convertire la stringa JSON perché un dizionario convertito da tale stringa contiene le chiavi duplicate 'Server' e 'SERVER'.
2026-06-13 15:41:08.116 [DIAG] Diagnostica memoria...
2026-06-13 15:41:08.314 [DIAG] Diagnostica processi...
2026-06-13 15:41:08.523 [DIAG] Diagnostica file...
2026-06-13 15:41:08.527 [DIAG] Generazione raccomandazioni...
2026-06-13 15:41:08.569 [OK] Report diagnostica salvato: C:\cellular_speace\reports\manutenzione\correttiva\diagnosi_20260613_154108.json
2026-06-13 15:41:08.577 [OK] Diagnosi Markdown salvata: C:\cellular_speace\data\diagnosi\diagnosi_20260613_154108.md
2026-06-13 15:41:08.608 [DIAG] Diagnostica runtime...
2026-06-13 15:41:08.612 [ERROR] [alto] Runtime/snapshot_vecchio: Snapshot ha 162.6min (>30min)
2026-06-13 15:41:08.663 [WARN] [medio] Runtime/errore_lettura_snapshot: Errore lettura snapshot: Impossibile convertire la stringa JSON perché un dizionario convertito da tale stringa contiene le chiavi duplicate 'Server' e 'SERVER'.
2026-06-13 15:41:08.774 [DIAG] Diagnostica memoria...
2026-06-13 15:41:09.257 [DIAG] Diagnostica file...
2026-06-13 15:41:13.439 [DIAG] Diagnostica processi...
2026-06-13 15:41:13.586 [DIAG] Diagnostica log errori...
2026-06-13 15:41:13.862 [DIAG] Diagnostica processi...
2026-06-13 15:41:14.044 [DIAG] Diagnostica log errori...
2026-06-13 15:41:20.321 [ERROR] [critico] Log/errori_recenti: 3424 errori nelle ultime 2 ore
2026-06-13 15:41:20.328 [DIAG] Generazione raccomandazioni...
2026-06-13 15:41:20.364 [FIX] Avvio azioni correttive automatiche...
2026-06-13 15:41:20.368 [INFO] Nessuna azione correttiva automatica disponibile
2026-06-13 15:41:20.375 [OK] Report diagnostica salvato: C:\cellular_speace\reports\manutenzione\correttiva\diagnosi_20260613_154108.json
2026-06-13 15:41:20.381 [OK] Diagnosi Markdown salvata: C:\cellular_speace\data\diagnosi\diagnosi_20260613_154108.md
2026-06-13 15:41:20.847 [ERROR] [critico] Log/errori_recenti: 3425 errori nelle ultime 2 ore
2026-06-13 15:41:20.857 [DIAG] Generazione raccomandazioni...
2026-06-13 15:41:20.879 [FIX] Avvio azioni correttive automatiche...
2026-06-13 15:41:20.885 [INFO] Nessuna azione correttiva automatica disponibile
2026-06-13 15:41:20.890 [OK] Report diagnostica salvato: C:\cellular_speace\reports\manutenzione\correttiva\diagnosi_20260613_154108.json
2026-06-13 15:41:20.894 [OK] Diagnosi Markdown salvata: C:\cellular_speace\data\diagnosi\diagnosi_20260613_154108.md
