2026-06-13 13:26:14.443 [DIAG] Diagnostica processi...
2026-06-13 13:26:14.501 [DIAG] Diagnostica processi...
2026-06-13 13:26:14.775 [DIAG] Generazione raccomandazioni...
2026-06-13 13:26:14.790 [DIAG] Generazione raccomandazioni...
2026-06-13 13:26:14.884 [OK] Report diagnostica salvato: C:\cellular_speace\reports\manutenzione\correttiva\diagnosi_20260613_132614.json
2026-06-13 13:26:14.908 [OK] Diagnosi Markdown salvata: C:\cellular_speace\data\diagnosi\diagnosi_20260613_132614.md
2026-06-13 13:26:14.960 [OK] Report diagnostica salvato: C:\cellular_speace\reports\manutenzione\correttiva\diagnosi_20260613_132614.json
2026-06-13 13:26:14.968 [OK] Diagnosi Markdown salvata: C:\cellular_speace\data\diagnosi\diagnosi_20260613_132614.md
2026-06-13 13:26:15.015 [DIAG] Diagnostica processi...
2026-06-13 13:26:15.127 [DIAG] Diagnostica runtime...
2026-06-13 13:26:15.173 [WARN] [medio] Runtime/errore_lettura_snapshot: Errore lettura snapshot: Impossibile convertire la stringa JSON perché un dizionario convertito da tale stringa contiene le chiavi duplicate 'Server' e 'SERVER'.
2026-06-13 13:26:15.319 [DIAG] Generazione raccomandazioni...
2026-06-13 13:26:15.452 [OK] Report diagnostica salvato: C:\cellular_speace\reports\manutenzione\correttiva\diagnosi_20260613_132614.json
2026-06-13 13:26:15.489 [OK] Diagnosi Markdown salvata: C:\cellular_speace\data\diagnosi\diagnosi_20260613_132614.md
2026-06-13 13:26:15.702 [DIAG] Diagnostica memoria...
2026-06-13 13:26:16.198 [DIAG] Diagnostica file...
2026-06-13 13:26:20.471 [DIAG] Diagnostica processi...
2026-06-13 13:26:20.720 [DIAG] Diagnostica log errori...
2026-06-13 13:26:22.583 [ERROR] [critico] Log/errori_recenti: 1223 errori nelle ultime 2 ore
2026-06-13 13:26:22.594 [DIAG] Generazione raccomandazioni...
2026-06-13 13:26:22.620 [FIX] Avvio azioni correttive automatiche...
2026-06-13 13:26:22.624 [INFO] Nessuna azione correttiva automatica disponibile
2026-06-13 13:26:22.630 [OK] Report diagnostica salvato: C:\cellular_speace\reports\manutenzione\correttiva\diagnosi_20260613_132614.json
2026-06-13 13:26:22.636 [OK] Diagnosi Markdown salvata: C:\cellular_speace\data\diagnosi\diagnosi_20260613_132614.md
