2026-06-13 16:23:42.265 [DIAG] Diagnostica processi...
2026-06-13 16:23:42.472 [DIAG] Generazione raccomandazioni...
2026-06-13 16:23:42.476 [DIAG] Diagnostica processi...
2026-06-13 16:23:42.498 [OK] Report diagnostica salvato: C:\cellular_speace\reports\manutenzione\correttiva\diagnosi_20260613_162342.json
2026-06-13 16:23:42.502 [OK] Diagnosi Markdown salvata: C:\cellular_speace\data\diagnosi\diagnosi_20260613_162342.md
2026-06-13 16:23:42.552 [DIAG] Diagnostica runtime...
2026-06-13 16:23:42.560 [ERROR] [alto] Runtime/snapshot_vecchio: Snapshot ha 205.2min (>30min)
2026-06-13 16:23:42.597 [WARN] [medio] Runtime/errore_lettura_snapshot: Errore lettura snapshot: Impossibile convertire la stringa JSON perché un dizionario convertito da tale stringa contiene le chiavi duplicate 'Server' e 'SERVER'.
2026-06-13 16:23:42.629 [DIAG] Diagnostica memoria...
2026-06-13 16:23:42.707 [DIAG] Generazione raccomandazioni...
2026-06-13 16:23:42.751 [OK] Report diagnostica salvato: C:\cellular_speace\reports\manutenzione\correttiva\diagnosi_20260613_162342.json
2026-06-13 16:23:42.767 [OK] Diagnosi Markdown salvata: C:\cellular_speace\data\diagnosi\diagnosi_20260613_162342.md
2026-06-13 16:23:42.814 [DIAG] Diagnostica runtime...
2026-06-13 16:23:42.823 [ERROR] [alto] Runtime/snapshot_vecchio: Snapshot ha 205.2min (>30min)
2026-06-13 16:23:42.871 [WARN] [medio] Runtime/errore_lettura_snapshot: Errore lettura snapshot: Impossibile convertire la stringa JSON perché un dizionario convertito da tale stringa contiene le chiavi duplicate 'Server' e 'SERVER'.
2026-06-13 16:23:42.917 [DIAG] Diagnostica memoria...
2026-06-13 16:23:43.054 [DIAG] Diagnostica file...
2026-06-13 16:23:43.329 [DIAG] Diagnostica file...
2026-06-13 16:23:47.604 [DIAG] Diagnostica processi...
2026-06-13 16:23:47.841 [DIAG] Diagnostica log errori...
2026-06-13 16:23:47.890 [DIAG] Diagnostica processi...
2026-06-13 16:23:48.169 [DIAG] Diagnostica log errori...
2026-06-13 16:23:58.609 [ERROR] [critico] Log/errori_recenti: 3381 errori nelle ultime 2 ore
2026-06-13 16:23:58.906 [DIAG] Generazione raccomandazioni...
2026-06-13 16:23:59.202 [FIX] Avvio azioni correttive automatiche...
2026-06-13 16:23:59.229 [INFO] Nessuna azione correttiva automatica disponibile
2026-06-13 16:23:59.255 [OK] Report diagnostica salvato: C:\cellular_speace\reports\manutenzione\correttiva\diagnosi_20260613_162342.json
2026-06-13 16:23:59.285 [OK] Diagnosi Markdown salvata: C:\cellular_speace\data\diagnosi\diagnosi_20260613_162342.md
2026-06-13 16:23:59.439 [ERROR] [critico] Log/errori_recenti: 3381 errori nelle ultime 2 ore
2026-06-13 16:23:59.653 [DIAG] Generazione raccomandazioni...
2026-06-13 16:23:59.696 [FIX] Avvio azioni correttive automatiche...
2026-06-13 16:23:59.718 [INFO] Nessuna azione correttiva automatica disponibile
2026-06-13 16:23:59.743 [OK] Report diagnostica salvato: C:\cellular_speace\reports\manutenzione\correttiva\diagnosi_20260613_162342.json
2026-06-13 16:23:59.757 [OK] Diagnosi Markdown salvata: C:\cellular_speace\data\diagnosi\diagnosi_20260613_162342.md
