2026-06-13 14:22:39.040 [DIAG] Diagnostica processi...
2026-06-13 14:22:39.227 [DIAG] Diagnostica processi...
2026-06-13 14:22:39.253 [DIAG] Generazione raccomandazioni...
2026-06-13 14:22:39.303 [OK] Report diagnostica salvato: C:\cellular_speace\reports\manutenzione\correttiva\diagnosi_20260613_142239.json
2026-06-13 14:22:39.313 [OK] Diagnosi Markdown salvata: C:\cellular_speace\data\diagnosi\diagnosi_20260613_142239.md
2026-06-13 14:22:39.358 [DIAG] Diagnostica runtime...
2026-06-13 14:22:39.365 [ERROR] [alto] Runtime/snapshot_vecchio: Snapshot ha 84.1min (>30min)
2026-06-13 14:22:39.401 [WARN] [medio] Runtime/errore_lettura_snapshot: Errore lettura snapshot: Impossibile convertire la stringa JSON perché un dizionario convertito da tale stringa contiene le chiavi duplicate 'Server' e 'SERVER'.
2026-06-13 14:22:39.432 [DIAG] Diagnostica memoria...
2026-06-13 14:22:39.456 [DIAG] Generazione raccomandazioni...
2026-06-13 14:22:39.480 [OK] Report diagnostica salvato: C:\cellular_speace\reports\manutenzione\correttiva\diagnosi_20260613_142239.json
2026-06-13 14:22:39.486 [OK] Diagnosi Markdown salvata: C:\cellular_speace\data\diagnosi\diagnosi_20260613_142239.md
2026-06-13 14:22:39.516 [DIAG] Diagnostica runtime...
2026-06-13 14:22:39.521 [ERROR] [alto] Runtime/snapshot_vecchio: Snapshot ha 84.1min (>30min)
2026-06-13 14:22:39.548 [WARN] [medio] Runtime/errore_lettura_snapshot: Errore lettura snapshot: Impossibile convertire la stringa JSON perché un dizionario convertito da tale stringa contiene le chiavi duplicate 'Server' e 'SERVER'.
2026-06-13 14:22:39.562 [DIAG] Diagnostica memoria...
2026-06-13 14:22:39.775 [DIAG] Diagnostica file...
2026-06-13 14:22:39.912 [DIAG] Diagnostica file...
2026-06-13 14:22:43.617 [DIAG] Diagnostica processi...
2026-06-13 14:22:43.713 [DIAG] Diagnostica processi...
2026-06-13 14:22:43.882 [DIAG] Diagnostica log errori...
2026-06-13 14:22:43.953 [DIAG] Diagnostica log errori...
2026-06-13 14:22:50.780 [ERROR] [critico] Log/errori_recenti: 2774 errori nelle ultime 2 ore
2026-06-13 14:22:50.810 [DIAG] Generazione raccomandazioni...
2026-06-13 14:22:50.849 [FIX] Avvio azioni correttive automatiche...
2026-06-13 14:22:50.861 [INFO] Nessuna azione correttiva automatica disponibile
2026-06-13 14:22:50.873 [OK] Report diagnostica salvato: C:\cellular_speace\reports\manutenzione\correttiva\diagnosi_20260613_142239.json
2026-06-13 14:22:50.885 [OK] Diagnosi Markdown salvata: C:\cellular_speace\data\diagnosi\diagnosi_20260613_142239.md
2026-06-13 14:22:51.184 [ERROR] [critico] Log/errori_recenti: 2775 errori nelle ultime 2 ore
2026-06-13 14:22:51.206 [DIAG] Generazione raccomandazioni...
2026-06-13 14:22:51.231 [FIX] Avvio azioni correttive automatiche...
2026-06-13 14:22:51.238 [INFO] Nessuna azione correttiva automatica disponibile
2026-06-13 14:22:51.242 [OK] Report diagnostica salvato: C:\cellular_speace\reports\manutenzione\correttiva\diagnosi_20260613_142239.json
2026-06-13 14:22:51.252 [OK] Diagnosi Markdown salvata: C:\cellular_speace\data\diagnosi\diagnosi_20260613_142239.md
