2026-06-13 17:49:23.094 [DIAG] Diagnostica runtime...
2026-06-13 17:49:23.148 [ERROR] [alto] Runtime/snapshot_vecchio: Snapshot ha 290.8min (>30min)
2026-06-13 17:49:23.475 [DIAG] Diagnostica processi...
2026-06-13 17:49:23.539 [WARN] [medio] Runtime/errore_lettura_snapshot: Errore lettura snapshot: Impossibile convertire la stringa JSON perché un dizionario convertito da tale stringa contiene le chiavi duplicate 'Server' e 'SERVER'.
2026-06-13 17:49:23.755 [DIAG] Generazione raccomandazioni...
2026-06-13 17:49:23.876 [OK] Report diagnostica salvato: C:\cellular_speace\reports\manutenzione\correttiva\diagnosi_20260613_174923.json
2026-06-13 17:49:23.890 [OK] Diagnosi Markdown salvata: C:\cellular_speace\data\diagnosi\diagnosi_20260613_174923.md
2026-06-13 17:49:23.979 [DIAG] Diagnostica runtime...
2026-06-13 17:49:23.989 [ERROR] [alto] Runtime/snapshot_vecchio: Snapshot ha 290.8min (>30min)
2026-06-13 17:49:24.146 [DIAG] Diagnostica memoria...
2026-06-13 17:49:24.331 [WARN] [medio] Runtime/errore_lettura_snapshot: Errore lettura snapshot: Impossibile convertire la stringa JSON perché un dizionario convertito da tale stringa contiene le chiavi duplicate 'Server' e 'SERVER'.
2026-06-13 17:49:24.623 [DIAG] Diagnostica file...
2026-06-13 17:49:24.814 [DIAG] Diagnostica memoria...
2026-06-13 17:49:25.325 [DIAG] Diagnostica file...
2026-06-13 17:49:30.068 [DIAG] Diagnostica processi...
2026-06-13 17:49:30.402 [DIAG] Diagnostica log errori...
2026-06-13 17:49:31.640 [DIAG] Diagnostica processi...
2026-06-13 17:49:31.952 [DIAG] Diagnostica log errori...
2026-06-13 17:49:43.856 [ERROR] [critico] Log/errori_recenti: 3378 errori nelle ultime 2 ore
2026-06-13 17:49:44.189 [DIAG] Generazione raccomandazioni...
2026-06-13 17:49:44.275 [ERROR] [critico] Log/errori_recenti: 3379 errori nelle ultime 2 ore
2026-06-13 17:49:44.318 [FIX] Avvio azioni correttive automatiche...
2026-06-13 17:49:44.331 [INFO] Nessuna azione correttiva automatica disponibile
2026-06-13 17:49:44.343 [OK] Report diagnostica salvato: C:\cellular_speace\reports\manutenzione\correttiva\diagnosi_20260613_174923.json
2026-06-13 17:49:44.356 [OK] Diagnosi Markdown salvata: C:\cellular_speace\data\diagnosi\diagnosi_20260613_174923.md
2026-06-13 17:49:44.399 [DIAG] Generazione raccomandazioni...
2026-06-13 17:49:44.441 [FIX] Avvio azioni correttive automatiche...
2026-06-13 17:49:44.474 [INFO] Nessuna azione correttiva automatica disponibile
2026-06-13 17:49:44.479 [OK] Report diagnostica salvato: C:\cellular_speace\reports\manutenzione\correttiva\diagnosi_20260613_174923.json
2026-06-13 17:49:44.484 [OK] Diagnosi Markdown salvata: C:\cellular_speace\data\diagnosi\diagnosi_20260613_174923.md
