2026-06-13 17:06:52.083 [DIAG] Diagnostica processi...
2026-06-13 17:06:52.185 [DIAG] Diagnostica runtime...
2026-06-13 17:06:52.189 [ERROR] [alto] Runtime/snapshot_vecchio: Snapshot ha 248.3min (>30min)
2026-06-13 17:06:52.221 [WARN] [medio] Runtime/errore_lettura_snapshot: Errore lettura snapshot: Impossibile convertire la stringa JSON perché un dizionario convertito da tale stringa contiene le chiavi duplicate 'Server' e 'SERVER'.
2026-06-13 17:06:52.235 [DIAG] Diagnostica memoria...
2026-06-13 17:06:52.243 [DIAG] Generazione raccomandazioni...
2026-06-13 17:06:52.269 [OK] Report diagnostica salvato: C:\cellular_speace\reports\manutenzione\correttiva\diagnosi_20260613_170652.json
2026-06-13 17:06:52.293 [OK] Diagnosi Markdown salvata: C:\cellular_speace\data\diagnosi\diagnosi_20260613_170652.md
2026-06-13 17:06:52.536 [DIAG] Diagnostica file...
2026-06-13 17:06:52.591 [DIAG] Diagnostica processi...
2026-06-13 17:06:52.734 [DIAG] Generazione raccomandazioni...
2026-06-13 17:06:52.763 [OK] Report diagnostica salvato: C:\cellular_speace\reports\manutenzione\correttiva\diagnosi_20260613_170652.json
2026-06-13 17:06:52.766 [OK] Diagnosi Markdown salvata: C:\cellular_speace\data\diagnosi\diagnosi_20260613_170652.md
2026-06-13 17:06:55.385 [DIAG] Diagnostica processi...
2026-06-13 17:06:55.511 [DIAG] Diagnostica log errori...
2026-06-13 17:07:00.294 [ERROR] [critico] Log/errori_recenti: 3391 errori nelle ultime 2 ore
2026-06-13 17:07:00.299 [DIAG] Generazione raccomandazioni...
2026-06-13 17:07:00.316 [FIX] Avvio azioni correttive automatiche...
2026-06-13 17:07:00.318 [INFO] Nessuna azione correttiva automatica disponibile
2026-06-13 17:07:00.321 [OK] Report diagnostica salvato: C:\cellular_speace\reports\manutenzione\correttiva\diagnosi_20260613_170652.json
2026-06-13 17:07:00.326 [OK] Diagnosi Markdown salvata: C:\cellular_speace\data\diagnosi\diagnosi_20260613_170652.md
