2026-06-13 15:40:50.055 [DIAG] Diagnostica processi...
2026-06-13 15:40:50.342 [DIAG] Generazione raccomandazioni...
2026-06-13 15:40:50.380 [OK] Report diagnostica salvato: C:\cellular_speace\reports\manutenzione\correttiva\diagnosi_20260613_154050.json
2026-06-13 15:40:50.382 [DIAG] Diagnostica processi...
2026-06-13 15:40:50.388 [OK] Diagnosi Markdown salvata: C:\cellular_speace\data\diagnosi\diagnosi_20260613_154050.md
2026-06-13 15:40:50.423 [DIAG] Diagnostica runtime...
2026-06-13 15:40:50.435 [ERROR] [alto] Runtime/snapshot_vecchio: Snapshot ha 162.3min (>30min)
2026-06-13 15:40:50.460 [WARN] [medio] Runtime/errore_lettura_snapshot: Errore lettura snapshot: Impossibile convertire la stringa JSON perché un dizionario convertito da tale stringa contiene le chiavi duplicate 'Server' e 'SERVER'.
2026-06-13 15:40:50.477 [DIAG] Diagnostica memoria...
2026-06-13 15:40:50.624 [DIAG] Generazione raccomandazioni...
2026-06-13 15:40:50.678 [OK] Report diagnostica salvato: C:\cellular_speace\reports\manutenzione\correttiva\diagnosi_20260613_154050.json
2026-06-13 15:40:50.684 [OK] Diagnosi Markdown salvata: C:\cellular_speace\data\diagnosi\diagnosi_20260613_154050.md
2026-06-13 15:40:50.925 [DIAG] Diagnostica file...
2026-06-13 15:40:55.673 [DIAG] Diagnostica processi...
2026-06-13 15:40:55.894 [DIAG] Diagnostica log errori...
2026-06-13 15:41:02.423 [ERROR] [critico] Log/errori_recenti: 3412 errori nelle ultime 2 ore
2026-06-13 15:41:02.439 [DIAG] Generazione raccomandazioni...
2026-06-13 15:41:02.471 [FIX] Avvio azioni correttive automatiche...
2026-06-13 15:41:02.474 [INFO] Nessuna azione correttiva automatica disponibile
2026-06-13 15:41:02.481 [OK] Report diagnostica salvato: C:\cellular_speace\reports\manutenzione\correttiva\diagnosi_20260613_154050.json
2026-06-13 15:41:02.487 [OK] Diagnosi Markdown salvata: C:\cellular_speace\data\diagnosi\diagnosi_20260613_154050.md
