2026-06-13 13:10:57.634 [DIAG] Diagnostica processi...
2026-06-13 13:10:57.843 [WARN] Errore diagnostica processi: Eccezione durante la chiamata di "ToDateTime" con "1" argomento/i: "Argomento specificato non compreso nell'intervallo.
Nome parametro: dmtfDate"
2026-06-13 13:10:57.847 [DIAG] Generazione raccomandazioni...
2026-06-13 13:10:57.863 [OK] Report diagnostica salvato: C:\cellular_speace\reports\manutenzione\correttiva\diagnosi_20260613_131057.json
2026-06-13 13:10:57.884 [OK] Diagnosi Markdown salvata: C:\cellular_speace\data\diagnosi\diagnosi_20260613_131057.md
2026-06-13 13:10:57.920 [DIAG] Diagnostica runtime...
2026-06-13 13:10:58.022 [WARN] [medio] Runtime/errore_lettura_snapshot: Errore lettura snapshot: Impossibile convertire la stringa JSON perché un dizionario convertito da tale stringa contiene le chiavi duplicate 'Server' e 'SERVER'.
2026-06-13 13:10:58.047 [DIAG] Diagnostica memoria...
2026-06-13 13:10:58.497 [DIAG] Diagnostica file...
2026-06-13 13:11:01.698 [DIAG] Diagnostica processi...
2026-06-13 13:11:01.954 [WARN] Errore diagnostica processi: Eccezione durante la chiamata di "ToDateTime" con "1" argomento/i: "Argomento specificato non compreso nell'intervallo.
Nome parametro: dmtfDate"
2026-06-13 13:11:01.973 [DIAG] Diagnostica log errori...
2026-06-13 13:11:01.985 [WARN] Errore diagnostica log: Impossibile convertire 'System.Object[]' nel tipo 'System.String' richiesto da parametro 'ChildPath'. Specificato metodo non supportato.
2026-06-13 13:11:01.989 [DIAG] Generazione raccomandazioni...
2026-06-13 13:11:02.030 [FIX] Avvio azioni correttive automatiche...
2026-06-13 13:11:02.032 [INFO] Nessuna azione correttiva automatica disponibile
2026-06-13 13:11:02.040 [OK] Report diagnostica salvato: C:\cellular_speace\reports\manutenzione\correttiva\diagnosi_20260613_131057.json
2026-06-13 13:11:02.050 [OK] Diagnosi Markdown salvata: C:\cellular_speace\data\diagnosi\diagnosi_20260613_131057.md
