2026-06-13 13:24:04.157 [DIAG] Diagnostica processi...
2026-06-13 13:24:04.294 [DIAG] Diagnostica processi...
2026-06-13 13:24:04.355 [DIAG] Generazione raccomandazioni...
2026-06-13 13:24:04.378 [OK] Report diagnostica salvato: C:\cellular_speace\reports\manutenzione\correttiva\diagnosi_20260613_132404.json
2026-06-13 13:24:04.384 [OK] Diagnosi Markdown salvata: C:\cellular_speace\data\diagnosi\diagnosi_20260613_132404.md
2026-06-13 13:24:04.544 [DIAG] Generazione raccomandazioni...
2026-06-13 13:24:04.571 [OK] Report diagnostica salvato: C:\cellular_speace\reports\manutenzione\correttiva\diagnosi_20260613_132404.json
2026-06-13 13:24:04.578 [OK] Diagnosi Markdown salvata: C:\cellular_speace\data\diagnosi\diagnosi_20260613_132404.md
2026-06-13 13:24:04.620 [DIAG] Diagnostica runtime...
2026-06-13 13:24:04.692 [WARN] [medio] Runtime/errore_lettura_snapshot: Errore lettura snapshot: Impossibile convertire la stringa JSON perché un dizionario convertito da tale stringa contiene le chiavi duplicate 'Server' e 'SERVER'.
2026-06-13 13:24:04.737 [DIAG] Diagnostica memoria...
2026-06-13 13:24:04.792 [DIAG] Diagnostica processi...
2026-06-13 13:24:05.120 [DIAG] Generazione raccomandazioni...
2026-06-13 13:24:05.175 [OK] Report diagnostica salvato: C:\cellular_speace\reports\manutenzione\correttiva\diagnosi_20260613_132404.json
2026-06-13 13:24:05.183 [OK] Diagnosi Markdown salvata: C:\cellular_speace\data\diagnosi\diagnosi_20260613_132404.md
2026-06-13 13:24:05.253 [DIAG] Diagnostica file...
2026-06-13 13:24:09.054 [DIAG] Diagnostica processi...
2026-06-13 13:24:09.354 [DIAG] Diagnostica log errori...
2026-06-13 13:24:10.735 [ERROR] [critico] Log/errori_recenti: 1181 errori nelle ultime 2 ore
2026-06-13 13:24:10.756 [DIAG] Generazione raccomandazioni...
2026-06-13 13:24:10.777 [FIX] Avvio azioni correttive automatiche...
2026-06-13 13:24:10.784 [INFO] Nessuna azione correttiva automatica disponibile
2026-06-13 13:24:10.786 [OK] Report diagnostica salvato: C:\cellular_speace\reports\manutenzione\correttiva\diagnosi_20260613_132404.json
2026-06-13 13:24:10.792 [OK] Diagnosi Markdown salvata: C:\cellular_speace\data\diagnosi\diagnosi_20260613_132404.md
