2026-06-13 13:13:13.696 [DIAG] Diagnostica processi...
2026-06-13 13:13:13.868 [WARN] Errore diagnostica processi: Eccezione durante la chiamata di "ToDateTime" con "1" argomento/i: "Argomento specificato non compreso nell'intervallo.
Nome parametro: dmtfDate"
2026-06-13 13:13:13.874 [DIAG] Generazione raccomandazioni...
2026-06-13 13:13:13.888 [OK] Report diagnostica salvato: C:\cellular_speace\reports\manutenzione\correttiva\diagnosi_20260613_131313.json
2026-06-13 13:13:13.888 [OK] Diagnosi Markdown salvata: C:\cellular_speace\data\diagnosi\diagnosi_20260613_131313.md
2026-06-13 13:13:13.922 [DIAG] Diagnostica runtime...
2026-06-13 13:13:13.932 [WARN] [medio] Runtime/errore_lettura_snapshot: Errore lettura snapshot: Impossibile convertire la stringa JSON perché un dizionario convertito da tale stringa contiene le chiavi duplicate 'Server' e 'SERVER'.
2026-06-13 13:13:13.936 [DIAG] Diagnostica memoria...
2026-06-13 13:13:14.265 [DIAG] Diagnostica file...
2026-06-13 13:13:18.024 [DIAG] Diagnostica processi...
2026-06-13 13:13:18.304 [WARN] Errore diagnostica processi: Eccezione durante la chiamata di "ToDateTime" con "1" argomento/i: "Argomento specificato non compreso nell'intervallo.
Nome parametro: dmtfDate"
2026-06-13 13:13:18.311 [DIAG] Diagnostica log errori...
2026-06-13 13:13:18.315 [WARN] Errore diagnostica log: Impossibile convertire 'System.Object[]' nel tipo 'System.String' richiesto da parametro 'ChildPath'. Specificato metodo non supportato.
2026-06-13 13:13:18.315 [DIAG] Generazione raccomandazioni...
2026-06-13 13:13:18.354 [FIX] Avvio azioni correttive automatiche...
2026-06-13 13:13:18.354 [INFO] Nessuna azione correttiva automatica disponibile
2026-06-13 13:13:18.359 [OK] Report diagnostica salvato: C:\cellular_speace\reports\manutenzione\correttiva\diagnosi_20260613_131313.json
2026-06-13 13:13:18.368 [OK] Diagnosi Markdown salvata: C:\cellular_speace\data\diagnosi\diagnosi_20260613_131313.md
