2026-06-13 17:38:03.557 [DIAG] Diagnostica processi...
2026-06-13 17:38:03.727 [DIAG] Diagnostica processi...
2026-06-13 17:38:03.769 [DIAG] Generazione raccomandazioni...
2026-06-13 17:38:03.787 [OK] Report diagnostica salvato: C:\cellular_speace\reports\manutenzione\correttiva\diagnosi_20260613_173803.json
2026-06-13 17:38:03.792 [OK] Diagnosi Markdown salvata: C:\cellular_speace\data\diagnosi\diagnosi_20260613_173803.md
2026-06-13 17:38:03.823 [DIAG] Diagnostica runtime...
2026-06-13 17:38:03.839 [ERROR] [alto] Runtime/snapshot_vecchio: Snapshot ha 279.5min (>30min)
2026-06-13 17:38:03.856 [WARN] [medio] Runtime/errore_lettura_snapshot: Errore lettura snapshot: Impossibile convertire la stringa JSON perché un dizionario convertito da tale stringa contiene le chiavi duplicate 'Server' e 'SERVER'.
2026-06-13 17:38:03.873 [DIAG] Diagnostica memoria...
2026-06-13 17:38:03.942 [DIAG] Generazione raccomandazioni...
2026-06-13 17:38:03.963 [OK] Report diagnostica salvato: C:\cellular_speace\reports\manutenzione\correttiva\diagnosi_20260613_173803.json
2026-06-13 17:38:03.969 [OK] Diagnosi Markdown salvata: C:\cellular_speace\data\diagnosi\diagnosi_20260613_173803.md
2026-06-13 17:38:04.001 [DIAG] Diagnostica runtime...
2026-06-13 17:38:04.011 [ERROR] [alto] Runtime/snapshot_vecchio: Snapshot ha 279.5min (>30min)
2026-06-13 17:38:04.040 [WARN] [medio] Runtime/errore_lettura_snapshot: Errore lettura snapshot: Impossibile convertire la stringa JSON perché un dizionario convertito da tale stringa contiene le chiavi duplicate 'Server' e 'SERVER'.
2026-06-13 17:38:04.092 [DIAG] Diagnostica memoria...
2026-06-13 17:38:04.267 [DIAG] Diagnostica file...
2026-06-13 17:38:04.483 [DIAG] Diagnostica file...
2026-06-13 17:38:08.468 [DIAG] Diagnostica processi...
2026-06-13 17:38:08.700 [DIAG] Diagnostica log errori...
2026-06-13 17:38:08.713 [DIAG] Diagnostica processi...
2026-06-13 17:38:08.919 [DIAG] Diagnostica log errori...
2026-06-13 17:38:19.769 [ERROR] [critico] Log/errori_recenti: 3436 errori nelle ultime 2 ore
2026-06-13 17:38:20.231 [ERROR] [critico] Log/errori_recenti: 3437 errori nelle ultime 2 ore
2026-06-13 17:38:20.252 [DIAG] Generazione raccomandazioni...
2026-06-13 17:38:20.583 [FIX] Avvio azioni correttive automatiche...
2026-06-13 17:38:20.608 [INFO] Nessuna azione correttiva automatica disponibile
2026-06-13 17:38:20.634 [OK] Report diagnostica salvato: C:\cellular_speace\reports\manutenzione\correttiva\diagnosi_20260613_173803.json
2026-06-13 17:38:20.644 [DIAG] Generazione raccomandazioni...
2026-06-13 17:38:20.658 [OK] Diagnosi Markdown salvata: C:\cellular_speace\data\diagnosi\diagnosi_20260613_173803.md
2026-06-13 17:38:20.966 [FIX] Avvio azioni correttive automatiche...
2026-06-13 17:38:21.052 [INFO] Nessuna azione correttiva automatica disponibile
2026-06-13 17:38:21.083 [OK] Report diagnostica salvato: C:\cellular_speace\reports\manutenzione\correttiva\diagnosi_20260613_173803.json
2026-06-13 17:38:21.135 [OK] Diagnosi Markdown salvata: C:\cellular_speace\data\diagnosi\diagnosi_20260613_173803.md
