2026-06-13 13:12:33.465 [DIAG] Diagnostica processi...
2026-06-13 13:12:33.656 [WARN] Errore diagnostica processi: Eccezione durante la chiamata di "ToDateTime" con "1" argomento/i: "Argomento specificato non compreso nell'intervallo.
Nome parametro: dmtfDate"
2026-06-13 13:12:33.660 [DIAG] Generazione raccomandazioni...
2026-06-13 13:12:33.680 [OK] Report diagnostica salvato: C:\cellular_speace\reports\manutenzione\correttiva\diagnosi_20260613_131233.json
2026-06-13 13:12:33.685 [OK] Diagnosi Markdown salvata: C:\cellular_speace\data\diagnosi\diagnosi_20260613_131233.md
2026-06-13 13:12:33.703 [DIAG] Diagnostica runtime...
2026-06-13 13:12:33.733 [WARN] [medio] Runtime/errore_lettura_snapshot: Errore lettura snapshot: Impossibile convertire la stringa JSON perché un dizionario convertito da tale stringa contiene le chiavi duplicate 'Server' e 'SERVER'.
2026-06-13 13:12:33.747 [DIAG] Diagnostica memoria...
2026-06-13 13:12:34.053 [DIAG] Diagnostica file...
2026-06-13 13:12:36.401 [DIAG] Diagnostica processi...
2026-06-13 13:12:36.592 [WARN] Errore diagnostica processi: Eccezione durante la chiamata di "ToDateTime" con "1" argomento/i: "Argomento specificato non compreso nell'intervallo.
Nome parametro: dmtfDate"
2026-06-13 13:12:36.594 [DIAG] Diagnostica log errori...
2026-06-13 13:12:36.602 [WARN] Errore diagnostica log: Impossibile convertire 'System.Object[]' nel tipo 'System.String' richiesto da parametro 'ChildPath'. Specificato metodo non supportato.
2026-06-13 13:12:36.606 [DIAG] Generazione raccomandazioni...
2026-06-13 13:12:36.632 [FIX] Avvio azioni correttive automatiche...
2026-06-13 13:12:36.634 [INFO] Nessuna azione correttiva automatica disponibile
2026-06-13 13:12:36.637 [OK] Report diagnostica salvato: C:\cellular_speace\reports\manutenzione\correttiva\diagnosi_20260613_131233.json
2026-06-13 13:12:36.648 [OK] Diagnosi Markdown salvata: C:\cellular_speace\data\diagnosi\diagnosi_20260613_131233.md
