2026-06-13 19:53:42.425 [DIAG] Diagnostica processi...
2026-06-13 19:53:42.534 [ERROR] [critico] Processi/nessun_processo: Nessun processo SPEACE in esecuzione
2026-06-13 19:53:42.539 [DIAG] Generazione raccomandazioni...
2026-06-13 19:53:42.577 [OK] Report diagnostica salvato: C:\cellular_speace\reports\manutenzione\correttiva\diagnosi_20260613_195342.json
2026-06-13 19:53:42.599 [OK] Diagnosi Markdown salvata: C:\cellular_speace\data\diagnosi\diagnosi_20260613_195342.md
2026-06-13 19:53:42.623 [DIAG] Diagnostica runtime...
2026-06-13 19:53:42.628 [ERROR] [alto] Runtime/snapshot_vecchio: Snapshot ha 415.2min (>30min)
2026-06-13 19:53:42.641 [WARN] [medio] Runtime/errore_lettura_snapshot: Errore lettura snapshot: Impossibile convertire la stringa JSON perché un dizionario convertito da tale stringa contiene le chiavi duplicate 'Server' e 'SERVER'.
2026-06-13 19:53:42.648 [DIAG] Diagnostica memoria...
2026-06-13 19:53:42.885 [DIAG] Diagnostica file...
2026-06-13 19:53:46.321 [DIAG] Diagnostica processi...
2026-06-13 19:53:46.415 [ERROR] [critico] Processi/nessun_processo: Nessun processo SPEACE in esecuzione
2026-06-13 19:53:46.415 [DIAG] Diagnostica log errori...
2026-06-13 19:53:51.003 [ERROR] [critico] Log/errori_recenti: 2375 errori nelle ultime 2 ore
2026-06-13 19:53:51.009 [DIAG] Generazione raccomandazioni...
2026-06-13 19:53:51.027 [FIX] Avvio azioni correttive automatiche...
2026-06-13 19:53:51.029 [FIX] Tentativo avvio SPEACE...
2026-06-13 19:53:51.066 [FIX] AZIONE: Avviato SPEACE: C:\cellular_speace\ispettore_manutentore_neurologico_organismico_di_speace\avvio_locale.bat
2026-06-13 19:53:51.071 [OK] Report diagnostica salvato: C:\cellular_speace\reports\manutenzione\correttiva\diagnosi_20260613_195342.json
2026-06-13 19:53:51.075 [OK] Diagnosi Markdown salvata: C:\cellular_speace\data\diagnosi\diagnosi_20260613_195342.md
