2026-06-13 14:50:44.380 [DIAG] Diagnostica processi...
2026-06-13 14:50:44.595 [DIAG] Diagnostica runtime...
2026-06-13 14:50:44.648 [ERROR] [alto] Runtime/snapshot_vecchio: Snapshot ha 112.2min (>30min)
2026-06-13 14:50:44.662 [DIAG] Generazione raccomandazioni...
2026-06-13 14:50:44.850 [OK] Report diagnostica salvato: C:\cellular_speace\reports\manutenzione\correttiva\diagnosi_20260613_145044.json
2026-06-13 14:50:44.870 [OK] Diagnosi Markdown salvata: C:\cellular_speace\data\diagnosi\diagnosi_20260613_145044.md
2026-06-13 14:50:44.874 [WARN] [medio] Runtime/errore_lettura_snapshot: Errore lettura snapshot: Impossibile convertire la stringa JSON perché un dizionario convertito da tale stringa contiene le chiavi duplicate 'Server' e 'SERVER'.
2026-06-13 14:50:45.001 [DIAG] Diagnostica runtime...
2026-06-13 14:50:45.046 [ERROR] [alto] Runtime/snapshot_vecchio: Snapshot ha 112.2min (>30min)
2026-06-13 14:50:45.481 [WARN] [medio] Runtime/errore_lettura_snapshot: Errore lettura snapshot: Impossibile convertire la stringa JSON perché un dizionario convertito da tale stringa contiene le chiavi duplicate 'Server' e 'SERVER'.
2026-06-13 14:50:45.827 [DIAG] Diagnostica memoria...
2026-06-13 14:50:46.497 [DIAG] Diagnostica file...
2026-06-13 14:50:46.529 [DIAG] Diagnostica memoria...
2026-06-13 14:50:47.292 [DIAG] Diagnostica file...
2026-06-13 14:50:53.198 [DIAG] Diagnostica processi...
2026-06-13 14:50:53.476 [DIAG] Diagnostica processi...
2026-06-13 14:50:53.573 [DIAG] Diagnostica log errori...
2026-06-13 14:50:53.839 [DIAG] Diagnostica log errori...
2026-06-13 14:51:08.692 [ERROR] [critico] Log/errori_recenti: 3561 errori nelle ultime 2 ore
2026-06-13 14:51:09.435 [DIAG] Generazione raccomandazioni...
2026-06-13 14:51:09.757 [ERROR] [critico] Log/errori_recenti: 3561 errori nelle ultime 2 ore
2026-06-13 14:51:09.769 [FIX] Avvio azioni correttive automatiche...
2026-06-13 14:51:09.823 [INFO] Nessuna azione correttiva automatica disponibile
2026-06-13 14:51:09.957 [OK] Report diagnostica salvato: C:\cellular_speace\reports\manutenzione\correttiva\diagnosi_20260613_145044.json
2026-06-13 14:51:10.016 [OK] Diagnosi Markdown salvata: C:\cellular_speace\data\diagnosi\diagnosi_20260613_145044.md
2026-06-13 14:51:10.242 [DIAG] Generazione raccomandazioni...
2026-06-13 14:51:10.704 [FIX] Avvio azioni correttive automatiche...
2026-06-13 14:51:10.720 [INFO] Nessuna azione correttiva automatica disponibile
2026-06-13 14:51:10.754 [OK] Report diagnostica salvato: C:\cellular_speace\reports\manutenzione\correttiva\diagnosi_20260613_145044.json
2026-06-13 14:51:10.921 [OK] Diagnosi Markdown salvata: C:\cellular_speace\data\diagnosi\diagnosi_20260613_145044.md
