2026-06-13 13:14:58.027 [DIAG] Diagnostica processi...
2026-06-13 13:14:58.290 [DIAG] Generazione raccomandazioni...
2026-06-13 13:14:58.331 [OK] Report diagnostica salvato: C:\cellular_speace\reports\manutenzione\correttiva\diagnosi_20260613_131458.json
2026-06-13 13:14:58.336 [OK] Diagnosi Markdown salvata: C:\cellular_speace\data\diagnosi\diagnosi_20260613_131458.md
2026-06-13 13:14:58.379 [DIAG] Diagnostica runtime...
2026-06-13 13:14:58.415 [ERROR] [alto] Runtime/tick_stall: Tick non avanza: #213095, eta 29688919.8min
2026-06-13 13:14:58.420 [WARN] [medio] Runtime/errore_lettura_snapshot: Errore lettura snapshot: Impossibile convertire la stringa JSON perché un dizionario convertito da tale stringa contiene le chiavi duplicate 'Server' e 'SERVER'.
2026-06-13 13:14:58.459 [DIAG] Diagnostica memoria...
2026-06-13 13:14:58.865 [DIAG] Diagnostica file...
2026-06-13 13:14:58.911 [DIAG] Diagnostica processi...
2026-06-13 13:14:59.167 [DIAG] Generazione raccomandazioni...
2026-06-13 13:14:59.200 [OK] Report diagnostica salvato: C:\cellular_speace\reports\manutenzione\correttiva\diagnosi_20260613_131458.json
2026-06-13 13:14:59.205 [OK] Diagnosi Markdown salvata: C:\cellular_speace\data\diagnosi\diagnosi_20260613_131458.md
2026-06-13 13:15:02.354 [DIAG] Diagnostica processi...
2026-06-13 13:15:02.544 [DIAG] Diagnostica log errori...
2026-06-13 13:15:03.999 [ERROR] [critico] Log/errori_recenti: 932 errori nelle ultime 2 ore
2026-06-13 13:15:04.027 [DIAG] Generazione raccomandazioni...
2026-06-13 13:15:04.126 [FIX] Avvio azioni correttive automatiche...
2026-06-13 13:15:04.138 [INFO] Nessuna azione correttiva automatica disponibile
2026-06-13 13:15:04.148 [OK] Report diagnostica salvato: C:\cellular_speace\reports\manutenzione\correttiva\diagnosi_20260613_131458.json
2026-06-13 13:15:04.158 [OK] Diagnosi Markdown salvata: C:\cellular_speace\data\diagnosi\diagnosi_20260613_131458.md
