2026-06-13 15:16:44.580 [DIAG] Diagnostica runtime...
2026-06-13 15:16:44.618 [ERROR] [alto] Runtime/snapshot_vecchio: Snapshot ha 138.2min (>30min)
2026-06-13 15:16:44.967 [DIAG] Diagnostica processi...
2026-06-13 15:16:45.461 [DIAG] Diagnostica processi...
2026-06-13 15:16:45.634 [DIAG] Generazione raccomandazioni...
2026-06-13 15:16:46.058 [DIAG] Generazione raccomandazioni...
2026-06-13 15:16:46.405 [WARN] [medio] Runtime/errore_lettura_snapshot: Errore lettura snapshot: Impossibile convertire la stringa JSON perché un dizionario convertito da tale stringa contiene le chiavi duplicate 'Server' e 'SERVER'.
2026-06-13 15:16:46.710 [OK] Report diagnostica salvato: C:\cellular_speace\reports\manutenzione\correttiva\diagnosi_20260613_151644.json
2026-06-13 15:16:46.812 [OK] Diagnosi Markdown salvata: C:\cellular_speace\data\diagnosi\diagnosi_20260613_151644.md
2026-06-13 15:16:47.376 [OK] Report diagnostica salvato: C:\cellular_speace\reports\manutenzione\correttiva\diagnosi_20260613_151644.json
2026-06-13 15:16:47.750 [OK] Diagnosi Markdown salvata: C:\cellular_speace\data\diagnosi\diagnosi_20260613_151644.md
2026-06-13 15:16:49.305 [DIAG] Diagnostica memoria...
2026-06-13 15:16:50.081 [DIAG] Diagnostica file...
2026-06-13 15:16:56.549 [DIAG] Diagnostica processi...
2026-06-13 15:16:56.941 [DIAG] Diagnostica log errori...
2026-06-13 15:17:11.112 [ERROR] [critico] Log/errori_recenti: 3519 errori nelle ultime 2 ore
2026-06-13 15:17:11.615 [DIAG] Generazione raccomandazioni...
2026-06-13 15:17:12.454 [FIX] Avvio azioni correttive automatiche...
2026-06-13 15:17:12.498 [INFO] Nessuna azione correttiva automatica disponibile
2026-06-13 15:17:12.566 [OK] Report diagnostica salvato: C:\cellular_speace\reports\manutenzione\correttiva\diagnosi_20260613_151644.json
2026-06-13 15:17:12.630 [OK] Diagnosi Markdown salvata: C:\cellular_speace\data\diagnosi\diagnosi_20260613_151644.md
