2026-06-13 19:09:57.388 [DIAG] Diagnostica processi...
2026-06-13 19:09:57.446 [DIAG] Diagnostica processi...
2026-06-13 19:09:57.500 [DIAG] Generazione raccomandazioni...
2026-06-13 19:09:57.508 [OK] Report diagnostica salvato: C:\cellular_speace\reports\manutenzione\correttiva\diagnosi_20260613_190957.json
2026-06-13 19:09:57.515 [OK] Diagnosi Markdown salvata: C:\cellular_speace\data\diagnosi\diagnosi_20260613_190957.md
2026-06-13 19:09:57.531 [DIAG] Generazione raccomandazioni...
2026-06-13 19:09:57.539 [DIAG] Diagnostica runtime...
2026-06-13 19:09:57.547 [OK] Report diagnostica salvato: C:\cellular_speace\reports\manutenzione\correttiva\diagnosi_20260613_190957.json
2026-06-13 19:09:57.547 [ERROR] [alto] Runtime/snapshot_vecchio: Snapshot ha 371.4min (>30min)
2026-06-13 19:09:57.547 [OK] Diagnosi Markdown salvata: C:\cellular_speace\data\diagnosi\diagnosi_20260613_190957.md
2026-06-13 19:09:57.571 [WARN] [medio] Runtime/errore_lettura_snapshot: Errore lettura snapshot: Impossibile convertire la stringa JSON perché un dizionario convertito da tale stringa contiene le chiavi duplicate 'Server' e 'SERVER'.
2026-06-13 19:09:57.579 [DIAG] Diagnostica memoria...
2026-06-13 19:09:57.737 [DIAG] Diagnostica file...
2026-06-13 19:10:00.841 [DIAG] Diagnostica processi...
2026-06-13 19:10:00.926 [DIAG] Diagnostica log errori...
2026-06-13 19:10:05.040 [ERROR] [critico] Log/errori_recenti: 3090 errori nelle ultime 2 ore
2026-06-13 19:10:05.045 [DIAG] Generazione raccomandazioni...
2026-06-13 19:10:05.060 [FIX] Avvio azioni correttive automatiche...
2026-06-13 19:10:05.060 [INFO] Nessuna azione correttiva automatica disponibile
2026-06-13 19:10:05.071 [OK] Report diagnostica salvato: C:\cellular_speace\reports\manutenzione\correttiva\diagnosi_20260613_190957.json
2026-06-13 19:10:05.071 [OK] Diagnosi Markdown salvata: C:\cellular_speace\data\diagnosi\diagnosi_20260613_190957.md
