2026-06-13 13:52:03.365 [DIAG] Diagnostica processi...
2026-06-13 13:52:03.403 [DIAG] Diagnostica processi...
2026-06-13 13:52:03.552 [DIAG] Generazione raccomandazioni...
2026-06-13 13:52:03.552 [DIAG] Generazione raccomandazioni...
2026-06-13 13:52:03.582 [OK] Report diagnostica salvato: C:\cellular_speace\reports\manutenzione\correttiva\diagnosi_20260613_135203.json
2026-06-13 13:52:03.582 [ERROR] ERRORE FATALE: Il processo non può accedere al file 'C:\cellular_speace\data\logs\manutenzione\correttiva\diagnostica_20260613_135203.log' perché è in uso da un altro processo.
2026-06-13 13:52:03.582 [OK] Diagnosi Markdown salvata: C:\cellular_speace\data\diagnosi\diagnosi_20260613_135203.md
2026-06-13 13:52:03.609 [DIAG] Diagnostica runtime...
2026-06-13 13:52:03.614 [ERROR] [alto] Runtime/snapshot_vecchio: Snapshot ha 53.5min (>30min)
2026-06-13 13:52:03.633 [WARN] [medio] Runtime/errore_lettura_snapshot: Errore lettura snapshot: Impossibile convertire la stringa JSON perché un dizionario convertito da tale stringa contiene le chiavi duplicate 'Server' e 'SERVER'.
2026-06-13 13:52:03.643 [DIAG] Diagnostica memoria...
2026-06-13 13:52:03.881 [DIAG] Diagnostica file...
2026-06-13 13:52:06.622 [DIAG] Diagnostica processi...
2026-06-13 13:52:06.790 [DIAG] Diagnostica log errori...
2026-06-13 13:52:09.146 [ERROR] [critico] Log/errori_recenti: 1992 errori nelle ultime 2 ore
2026-06-13 13:52:09.148 [DIAG] Generazione raccomandazioni...
2026-06-13 13:52:09.165 [FIX] Avvio azioni correttive automatiche...
2026-06-13 13:52:09.171 [INFO] Nessuna azione correttiva automatica disponibile
2026-06-13 13:52:09.171 [OK] Report diagnostica salvato: C:\cellular_speace\reports\manutenzione\correttiva\diagnosi_20260613_135203.json
2026-06-13 13:52:09.182 [OK] Diagnosi Markdown salvata: C:\cellular_speace\data\diagnosi\diagnosi_20260613_135203.md
