2026-06-13 13:12:59.358 [DIAG] Diagnostica processi...
2026-06-13 13:12:59.591 [WARN] Errore diagnostica processi: Eccezione durante la chiamata di "ToDateTime" con "1" argomento/i: "Argomento specificato non compreso nell'intervallo.
Nome parametro: dmtfDate"
2026-06-13 13:12:59.598 [DIAG] Generazione raccomandazioni...
2026-06-13 13:12:59.622 [OK] Report diagnostica salvato: C:\cellular_speace\reports\manutenzione\correttiva\diagnosi_20260613_131259.json
2026-06-13 13:12:59.629 [OK] Diagnosi Markdown salvata: C:\cellular_speace\data\diagnosi\diagnosi_20260613_131259.md
2026-06-13 13:12:59.658 [DIAG] Diagnostica runtime...
2026-06-13 13:12:59.680 [WARN] [medio] Runtime/errore_lettura_snapshot: Errore lettura snapshot: Impossibile convertire la stringa JSON perché un dizionario convertito da tale stringa contiene le chiavi duplicate 'Server' e 'SERVER'.
2026-06-13 13:12:59.696 [DIAG] Diagnostica memoria...
2026-06-13 13:13:00.102 [DIAG] Diagnostica file...
2026-06-13 13:13:03.104 [DIAG] Diagnostica processi...
2026-06-13 13:13:03.273 [WARN] Errore diagnostica processi: Eccezione durante la chiamata di "ToDateTime" con "1" argomento/i: "Argomento specificato non compreso nell'intervallo.
Nome parametro: dmtfDate"
2026-06-13 13:13:03.276 [DIAG] Diagnostica log errori...
2026-06-13 13:13:03.276 [WARN] Errore diagnostica log: Impossibile convertire 'System.Object[]' nel tipo 'System.String' richiesto da parametro 'ChildPath'. Specificato metodo non supportato.
2026-06-13 13:13:03.286 [DIAG] Generazione raccomandazioni...
2026-06-13 13:13:03.307 [FIX] Avvio azioni correttive automatiche...
2026-06-13 13:13:03.307 [INFO] Nessuna azione correttiva automatica disponibile
2026-06-13 13:13:03.307 [OK] Report diagnostica salvato: C:\cellular_speace\reports\manutenzione\correttiva\diagnosi_20260613_131259.json
2026-06-13 13:13:03.321 [OK] Diagnosi Markdown salvata: C:\cellular_speace\data\diagnosi\diagnosi_20260613_131259.md
