2026-06-13 13:26:10.320 [DIAG] Diagnostica processi...
2026-06-13 13:26:10.573 [DIAG] Generazione raccomandazioni...
2026-06-13 13:26:10.610 [OK] Report diagnostica salvato: C:\cellular_speace\reports\manutenzione\correttiva\diagnosi_20260613_132610.json
2026-06-13 13:26:10.618 [OK] Diagnosi Markdown salvata: C:\cellular_speace\data\diagnosi\diagnosi_20260613_132610.md
2026-06-13 13:26:10.747 [DIAG] Diagnostica runtime...
2026-06-13 13:26:10.804 [WARN] [medio] Runtime/errore_lettura_snapshot: Errore lettura snapshot: Impossibile convertire la stringa JSON perché un dizionario convertito da tale stringa contiene le chiavi duplicate 'Server' e 'SERVER'.
2026-06-13 13:26:10.937 [DIAG] Diagnostica processi...
2026-06-13 13:26:10.964 [DIAG] Diagnostica memoria...
2026-06-13 13:26:11.225 [DIAG] Generazione raccomandazioni...
2026-06-13 13:26:11.464 [OK] Report diagnostica salvato: C:\cellular_speace\reports\manutenzione\correttiva\diagnosi_20260613_132610.json
2026-06-13 13:26:11.493 [DIAG] Diagnostica file...
2026-06-13 13:26:11.499 [ERROR] ERRORE FATALE: Il processo non può accedere al file 'C:\cellular_speace\data\logs\manutenzione\correttiva\diagnostica_20260613_132610.log' perché è in uso da un altro processo.
2026-06-13 13:26:17.235 [DIAG] Diagnostica processi...
2026-06-13 13:26:17.556 [DIAG] Diagnostica log errori...
2026-06-13 13:26:20.034 [ERROR] [critico] Log/errori_recenti: 1217 errori nelle ultime 2 ore
2026-06-13 13:26:20.216 [DIAG] Generazione raccomandazioni...
2026-06-13 13:26:20.394 [FIX] Avvio azioni correttive automatiche...
2026-06-13 13:26:20.401 [INFO] Nessuna azione correttiva automatica disponibile
2026-06-13 13:26:20.411 [OK] Report diagnostica salvato: C:\cellular_speace\reports\manutenzione\correttiva\diagnosi_20260613_132610.json
2026-06-13 13:26:20.429 [OK] Diagnosi Markdown salvata: C:\cellular_speace\data\diagnosi\diagnosi_20260613_132610.md
