2026-06-13 18:53:38.031 [DIAG] Diagnostica processi...
2026-06-13 18:53:38.044 [DIAG] Diagnostica processi...
2026-06-13 18:53:38.186 [DIAG] Generazione raccomandazioni...
2026-06-13 18:53:38.199 [DIAG] Generazione raccomandazioni...
2026-06-13 18:53:38.216 [OK] Report diagnostica salvato: C:\cellular_speace\reports\manutenzione\correttiva\diagnosi_20260613_185338.json
2026-06-13 18:53:38.218 [OK] Report diagnostica salvato: C:\cellular_speace\reports\manutenzione\correttiva\diagnosi_20260613_185338.json
2026-06-13 18:53:38.222 [OK] Diagnosi Markdown salvata: C:\cellular_speace\data\diagnosi\diagnosi_20260613_185338.md
2026-06-13 18:53:38.224 [OK] Diagnosi Markdown salvata: C:\cellular_speace\data\diagnosi\diagnosi_20260613_185338.md
2026-06-13 18:53:38.664 [DIAG] Diagnostica processi...
2026-06-13 18:53:38.790 [DIAG] Generazione raccomandazioni...
2026-06-13 18:53:38.799 [OK] Report diagnostica salvato: C:\cellular_speace\reports\manutenzione\correttiva\diagnosi_20260613_185338.json
2026-06-13 18:53:38.799 [OK] Diagnosi Markdown salvata: C:\cellular_speace\data\diagnosi\diagnosi_20260613_185338.md
2026-06-13 18:53:38.831 [DIAG] Diagnostica runtime...
2026-06-13 18:53:38.831 [ERROR] [alto] Runtime/snapshot_vecchio: Snapshot ha 355.1min (>30min)
2026-06-13 18:53:38.852 [WARN] [medio] Runtime/errore_lettura_snapshot: Errore lettura snapshot: Impossibile convertire la stringa JSON perché un dizionario convertito da tale stringa contiene le chiavi duplicate 'Server' e 'SERVER'.
2026-06-13 18:53:38.860 [DIAG] Diagnostica memoria...
2026-06-13 18:53:39.118 [DIAG] Diagnostica file...
2026-06-13 18:53:43.296 [DIAG] Diagnostica processi...
2026-06-13 18:53:43.470 [DIAG] Diagnostica log errori...
2026-06-13 18:53:48.922 [ERROR] [critico] Log/errori_recenti: 3312 errori nelle ultime 2 ore
2026-06-13 18:53:48.924 [DIAG] Generazione raccomandazioni...
2026-06-13 18:53:48.931 [FIX] Avvio azioni correttive automatiche...
2026-06-13 18:53:48.947 [INFO] Nessuna azione correttiva automatica disponibile
2026-06-13 18:53:48.951 [OK] Report diagnostica salvato: C:\cellular_speace\reports\manutenzione\correttiva\diagnosi_20260613_185338.json
2026-06-13 18:53:48.955 [OK] Diagnosi Markdown salvata: C:\cellular_speace\data\diagnosi\diagnosi_20260613_185338.md
