2026-06-13 13:50:37.358 [DIAG] Diagnostica processi...
2026-06-13 13:50:37.514 [DIAG] Generazione raccomandazioni...
2026-06-13 13:50:37.544 [OK] Report diagnostica salvato: C:\cellular_speace\reports\manutenzione\correttiva\diagnosi_20260613_135037.json
2026-06-13 13:50:37.547 [OK] Diagnosi Markdown salvata: C:\cellular_speace\data\diagnosi\diagnosi_20260613_135037.md
2026-06-13 13:50:37.571 [DIAG] Diagnostica runtime...
2026-06-13 13:50:37.571 [ERROR] [alto] Runtime/snapshot_vecchio: Snapshot ha 52.1min (>30min)
2026-06-13 13:50:37.577 [WARN] [medio] Runtime/errore_lettura_snapshot: Errore lettura snapshot: Impossibile convertire la stringa JSON perché un dizionario convertito da tale stringa contiene le chiavi duplicate 'Server' e 'SERVER'.
2026-06-13 13:50:37.602 [DIAG] Diagnostica memoria...
2026-06-13 13:50:37.861 [DIAG] Diagnostica processi...
2026-06-13 13:50:37.875 [DIAG] Diagnostica file...
2026-06-13 13:50:38.011 [DIAG] Generazione raccomandazioni...
2026-06-13 13:50:38.037 [OK] Report diagnostica salvato: C:\cellular_speace\reports\manutenzione\correttiva\diagnosi_20260613_135037.json
2026-06-13 13:50:38.040 [OK] Diagnosi Markdown salvata: C:\cellular_speace\data\diagnosi\diagnosi_20260613_135037.md
2026-06-13 13:50:40.474 [DIAG] Diagnostica processi...
2026-06-13 13:50:40.618 [DIAG] Diagnostica log errori...
2026-06-13 13:50:43.112 [ERROR] [critico] Log/errori_recenti: 1926 errori nelle ultime 2 ore
2026-06-13 13:50:43.114 [DIAG] Generazione raccomandazioni...
2026-06-13 13:50:43.145 [FIX] Avvio azioni correttive automatiche...
2026-06-13 13:50:43.145 [INFO] Nessuna azione correttiva automatica disponibile
2026-06-13 13:50:43.145 [OK] Report diagnostica salvato: C:\cellular_speace\reports\manutenzione\correttiva\diagnosi_20260613_135037.json
2026-06-13 13:50:43.161 [OK] Diagnosi Markdown salvata: C:\cellular_speace\data\diagnosi\diagnosi_20260613_135037.md
