2026-06-13 15:26:16.221 [DIAG] Diagnostica processi...
2026-06-13 15:26:16.241 [ERROR] ERRORE FATALE: Il processo non può accedere al file 'C:\cellular_speace\data\logs\manutenzione\correttiva\diagnostica_20260613_152616.log' perché è in uso da un altro processo.
2026-06-13 15:26:16.579 [DIAG] Diagnostica runtime...
2026-06-13 15:26:16.638 [ERROR] [alto] Runtime/snapshot_vecchio: Snapshot ha 147.7min (>30min)
2026-06-13 15:26:16.667 [ERROR] ERRORE FATALE: Il processo non può accedere al file 'C:\cellular_speace\data\logs\manutenzione\correttiva\diagnostica_20260613_152616.log' perché è in uso da un altro processo.
2026-06-13 15:26:16.987 [DIAG] Diagnostica runtime...
2026-06-13 15:26:17.003 [ERROR] [alto] Runtime/snapshot_vecchio: Snapshot ha 147.7min (>30min)
2026-06-13 15:26:17.582 [WARN] [medio] Runtime/errore_lettura_snapshot: Errore lettura snapshot: Impossibile convertire la stringa JSON perché un dizionario convertito da tale stringa contiene le chiavi duplicate 'Server' e 'SERVER'.
2026-06-13 15:26:17.656 [WARN] [medio] Runtime/errore_lettura_snapshot: Errore lettura snapshot: Impossibile convertire la stringa JSON perché un dizionario convertito da tale stringa contiene le chiavi duplicate 'Server' e 'SERVER'.
2026-06-13 15:26:19.352 [DIAG] Diagnostica memoria...
2026-06-13 15:26:19.442 [DIAG] Diagnostica memoria...
2026-06-13 15:26:20.196 [DIAG] Diagnostica file...
2026-06-13 15:26:20.308 [DIAG] Diagnostica file...
2026-06-13 15:26:27.184 [DIAG] Diagnostica processi...
2026-06-13 15:26:27.565 [DIAG] Diagnostica log errori...
2026-06-13 15:26:27.906 [DIAG] Diagnostica processi...
2026-06-13 15:26:28.523 [DIAG] Diagnostica log errori...
2026-06-13 15:26:44.323 [ERROR] [critico] Log/errori_recenti: 3494 errori nelle ultime 2 ore
2026-06-13 15:26:44.710 [DIAG] Generazione raccomandazioni...
2026-06-13 15:26:44.811 [ERROR] [critico] Log/errori_recenti: 3497 errori nelle ultime 2 ore
2026-06-13 15:26:44.993 [FIX] Avvio azioni correttive automatiche...
2026-06-13 15:26:45.013 [INFO] Nessuna azione correttiva automatica disponibile
2026-06-13 15:26:45.064 [OK] Report diagnostica salvato: C:\cellular_speace\reports\manutenzione\correttiva\diagnosi_20260613_152616.json
2026-06-13 15:26:45.146 [OK] Diagnosi Markdown salvata: C:\cellular_speace\data\diagnosi\diagnosi_20260613_152616.md
2026-06-13 15:26:45.245 [DIAG] Generazione raccomandazioni...
2026-06-13 15:26:45.967 [FIX] Avvio azioni correttive automatiche...
2026-06-13 15:26:45.993 [INFO] Nessuna azione correttiva automatica disponibile
2026-06-13 15:26:46.018 [OK] Report diagnostica salvato: C:\cellular_speace\reports\manutenzione\correttiva\diagnosi_20260613_152616.json
2026-06-13 15:26:46.080 [OK] Diagnosi Markdown salvata: C:\cellular_speace\data\diagnosi\diagnosi_20260613_152616.md
