2026-06-13 17:55:40.374 [DIAG] Diagnostica runtime...
2026-06-13 17:55:40.404 [ERROR] [alto] Runtime/snapshot_vecchio: Snapshot ha 297.1min (>30min)
2026-06-13 17:55:40.848 [DIAG] Diagnostica processi...
2026-06-13 17:55:41.007 [DIAG] Diagnostica processi...
2026-06-13 17:55:41.147 [WARN] [medio] Runtime/errore_lettura_snapshot: Errore lettura snapshot: Impossibile convertire la stringa JSON perché un dizionario convertito da tale stringa contiene le chiavi duplicate 'Server' e 'SERVER'.
2026-06-13 17:55:41.187 [DIAG] Generazione raccomandazioni...
2026-06-13 17:55:41.335 [DIAG] Generazione raccomandazioni...
2026-06-13 17:55:41.456 [OK] Report diagnostica salvato: C:\cellular_speace\reports\manutenzione\correttiva\diagnosi_20260613_175540.json
2026-06-13 17:55:41.495 [OK] Diagnosi Markdown salvata: C:\cellular_speace\data\diagnosi\diagnosi_20260613_175540.md
2026-06-13 17:55:41.696 [OK] Report diagnostica salvato: C:\cellular_speace\reports\manutenzione\correttiva\diagnosi_20260613_175540.json
2026-06-13 17:55:41.724 [OK] Diagnosi Markdown salvata: C:\cellular_speace\data\diagnosi\diagnosi_20260613_175540.md
2026-06-13 17:55:42.396 [DIAG] Diagnostica memoria...
2026-06-13 17:55:43.141 [DIAG] Diagnostica file...
2026-06-13 17:55:52.241 [DIAG] Diagnostica processi...
2026-06-13 17:55:52.540 [DIAG] Diagnostica log errori...
2026-06-13 17:56:04.003 [ERROR] [critico] Log/errori_recenti: 3402 errori nelle ultime 2 ore
2026-06-13 17:56:04.460 [DIAG] Generazione raccomandazioni...
2026-06-13 17:56:04.943 [FIX] Avvio azioni correttive automatiche...
2026-06-13 17:56:04.972 [INFO] Nessuna azione correttiva automatica disponibile
2026-06-13 17:56:05.012 [OK] Report diagnostica salvato: C:\cellular_speace\reports\manutenzione\correttiva\diagnosi_20260613_175540.json
2026-06-13 17:56:05.064 [OK] Diagnosi Markdown salvata: C:\cellular_speace\data\diagnosi\diagnosi_20260613_175540.md
