2026-06-13 16:36:32.253 [DIAG] Diagnostica processi...
2026-06-13 16:36:32.300 [DIAG] Diagnostica processi...
2026-06-13 16:36:32.509 [DIAG] Generazione raccomandazioni...
2026-06-13 16:36:32.536 [DIAG] Generazione raccomandazioni...
2026-06-13 16:36:32.563 [OK] Report diagnostica salvato: C:\cellular_speace\reports\manutenzione\correttiva\diagnosi_20260613_163632.json
2026-06-13 16:36:32.569 [OK] Diagnosi Markdown salvata: C:\cellular_speace\data\diagnosi\diagnosi_20260613_163632.md
2026-06-13 16:36:32.579 [ERROR] Impossibile salvare report JSON: Il processo non può accedere al file 'C:\cellular_speace\data\logs\manutenzione\correttiva\diagnostica_20260613_163632.log' perché è in uso da un altro processo.
2026-06-13 16:36:32.604 [OK] Diagnosi Markdown salvata: C:\cellular_speace\data\diagnosi\diagnosi_20260613_163632.md
2026-06-13 16:36:32.636 [DIAG] Diagnostica runtime...
2026-06-13 16:36:32.644 [ERROR] [alto] Runtime/snapshot_vecchio: Snapshot ha 218min (>30min)
2026-06-13 16:36:32.676 [WARN] [medio] Runtime/errore_lettura_snapshot: Errore lettura snapshot: Impossibile convertire la stringa JSON perché un dizionario convertito da tale stringa contiene le chiavi duplicate 'Server' e 'SERVER'.
2026-06-13 16:36:32.688 [DIAG] Diagnostica memoria...
2026-06-13 16:36:33.130 [DIAG] Diagnostica file...
2026-06-13 16:36:38.086 [DIAG] Diagnostica processi...
2026-06-13 16:36:38.276 [DIAG] Diagnostica log errori...
2026-06-13 16:36:45.993 [ERROR] [critico] Log/errori_recenti: 3359 errori nelle ultime 2 ore
2026-06-13 16:36:46.001 [DIAG] Generazione raccomandazioni...
2026-06-13 16:36:46.040 [FIX] Avvio azioni correttive automatiche...
2026-06-13 16:36:46.044 [INFO] Nessuna azione correttiva automatica disponibile
2026-06-13 16:36:46.050 [OK] Report diagnostica salvato: C:\cellular_speace\reports\manutenzione\correttiva\diagnosi_20260613_163632.json
2026-06-13 16:36:46.054 [OK] Diagnosi Markdown salvata: C:\cellular_speace\data\diagnosi\diagnosi_20260613_163632.md
