2026-06-13 13:11:34.108 [DIAG] Diagnostica processi...
2026-06-13 13:11:34.292 [WARN] Errore diagnostica processi: Eccezione durante la chiamata di "ToDateTime" con "1" argomento/i: "Argomento specificato non compreso nell'intervallo.
Nome parametro: dmtfDate"
2026-06-13 13:11:34.296 [DIAG] Generazione raccomandazioni...
2026-06-13 13:11:34.314 [OK] Report diagnostica salvato: C:\cellular_speace\reports\manutenzione\correttiva\diagnosi_20260613_131134.json
2026-06-13 13:11:34.323 [OK] Diagnosi Markdown salvata: C:\cellular_speace\data\diagnosi\diagnosi_20260613_131134.md
2026-06-13 13:11:34.636 [DIAG] Diagnostica processi...
2026-06-13 13:11:34.837 [WARN] Errore diagnostica processi: Eccezione durante la chiamata di "ToDateTime" con "1" argomento/i: "Argomento specificato non compreso nell'intervallo.
Nome parametro: dmtfDate"
2026-06-13 13:11:34.839 [DIAG] Generazione raccomandazioni...
2026-06-13 13:11:34.860 [OK] Report diagnostica salvato: C:\cellular_speace\reports\manutenzione\correttiva\diagnosi_20260613_131134.json
2026-06-13 13:11:34.860 [OK] Diagnosi Markdown salvata: C:\cellular_speace\data\diagnosi\diagnosi_20260613_131134.md
2026-06-13 13:11:34.895 [DIAG] Diagnostica runtime...
2026-06-13 13:11:34.960 [WARN] [medio] Runtime/errore_lettura_snapshot: Errore lettura snapshot: Impossibile convertire la stringa JSON perché un dizionario convertito da tale stringa contiene le chiavi duplicate 'Server' e 'SERVER'.
2026-06-13 13:11:34.990 [DIAG] Diagnostica memoria...
2026-06-13 13:11:35.277 [DIAG] Diagnostica file...
2026-06-13 13:11:37.462 [DIAG] Diagnostica processi...
2026-06-13 13:11:37.625 [WARN] Errore diagnostica processi: Eccezione durante la chiamata di "ToDateTime" con "1" argomento/i: "Argomento specificato non compreso nell'intervallo.
Nome parametro: dmtfDate"
2026-06-13 13:11:37.633 [DIAG] Diagnostica log errori...
2026-06-13 13:11:37.645 [WARN] Errore diagnostica log: Impossibile convertire 'System.Object[]' nel tipo 'System.String' richiesto da parametro 'ChildPath'. Specificato metodo non supportato.
2026-06-13 13:11:37.647 [DIAG] Generazione raccomandazioni...
2026-06-13 13:11:37.665 [FIX] Avvio azioni correttive automatiche...
2026-06-13 13:11:37.665 [INFO] Nessuna azione correttiva automatica disponibile
2026-06-13 13:11:37.681 [OK] Report diagnostica salvato: C:\cellular_speace\reports\manutenzione\correttiva\diagnosi_20260613_131134.json
2026-06-13 13:11:37.681 [OK] Diagnosi Markdown salvata: C:\cellular_speace\data\diagnosi\diagnosi_20260613_131134.md
