2026-06-13 15:42:06.135 [DIAG] Diagnostica processi...
2026-06-13 15:42:06.376 [DIAG] Generazione raccomandazioni...
2026-06-13 15:42:06.396 [OK] Report diagnostica salvato: C:\cellular_speace\reports\manutenzione\correttiva\diagnosi_20260613_154206.json
2026-06-13 15:42:06.402 [OK] Diagnosi Markdown salvata: C:\cellular_speace\data\diagnosi\diagnosi_20260613_154206.md
2026-06-13 15:42:06.450 [DIAG] Diagnostica runtime...
2026-06-13 15:42:06.456 [ERROR] [alto] Runtime/snapshot_vecchio: Snapshot ha 163.6min (>30min)
2026-06-13 15:42:06.479 [WARN] [medio] Runtime/errore_lettura_snapshot: Errore lettura snapshot: Impossibile convertire la stringa JSON perché un dizionario convertito da tale stringa contiene le chiavi duplicate 'Server' e 'SERVER'.
2026-06-13 15:42:06.491 [DIAG] Diagnostica memoria...
2026-06-13 15:42:06.754 [DIAG] Diagnostica processi...
2026-06-13 15:42:06.902 [DIAG] Diagnostica file...
2026-06-13 15:42:06.958 [DIAG] Generazione raccomandazioni...
2026-06-13 15:42:06.975 [OK] Report diagnostica salvato: C:\cellular_speace\reports\manutenzione\correttiva\diagnosi_20260613_154206.json
2026-06-13 15:42:06.981 [OK] Diagnosi Markdown salvata: C:\cellular_speace\data\diagnosi\diagnosi_20260613_154206.md
2026-06-13 15:42:11.384 [DIAG] Diagnostica processi...
2026-06-13 15:42:11.614 [DIAG] Diagnostica log errori...
2026-06-13 15:42:18.161 [ERROR] [critico] Log/errori_recenti: 3426 errori nelle ultime 2 ore
2026-06-13 15:42:18.167 [DIAG] Generazione raccomandazioni...
2026-06-13 15:42:18.196 [FIX] Avvio azioni correttive automatiche...
2026-06-13 15:42:18.196 [INFO] Nessuna azione correttiva automatica disponibile
2026-06-13 15:42:18.196 [OK] Report diagnostica salvato: C:\cellular_speace\reports\manutenzione\correttiva\diagnosi_20260613_154206.json
2026-06-13 15:42:18.211 [OK] Diagnosi Markdown salvata: C:\cellular_speace\data\diagnosi\diagnosi_20260613_154206.md
