2026-06-13 17:37:42.243 [DIAG] Diagnostica processi...
2026-06-13 17:37:42.362 [DIAG] Generazione raccomandazioni...
2026-06-13 17:37:42.387 [OK] Report diagnostica salvato: C:\cellular_speace\reports\manutenzione\correttiva\diagnosi_20260613_173742.json
2026-06-13 17:37:42.391 [OK] Diagnosi Markdown salvata: C:\cellular_speace\data\diagnosi\diagnosi_20260613_173742.md
2026-06-13 17:37:42.417 [DIAG] Diagnostica runtime...
2026-06-13 17:37:42.429 [ERROR] [alto] Runtime/snapshot_vecchio: Snapshot ha 279.2min (>30min)
2026-06-13 17:37:42.441 [WARN] [medio] Runtime/errore_lettura_snapshot: Errore lettura snapshot: Impossibile convertire la stringa JSON perché un dizionario convertito da tale stringa contiene le chiavi duplicate 'Server' e 'SERVER'.
2026-06-13 17:37:42.450 [DIAG] Diagnostica memoria...
2026-06-13 17:37:42.696 [DIAG] Diagnostica file...
2026-06-13 17:37:42.775 [DIAG] Diagnostica processi...
2026-06-13 17:37:42.906 [DIAG] Generazione raccomandazioni...
2026-06-13 17:37:42.924 [OK] Report diagnostica salvato: C:\cellular_speace\reports\manutenzione\correttiva\diagnosi_20260613_173742.json
2026-06-13 17:37:42.928 [OK] Diagnosi Markdown salvata: C:\cellular_speace\data\diagnosi\diagnosi_20260613_173742.md
2026-06-13 17:37:42.947 [DIAG] Diagnostica runtime...
2026-06-13 17:37:42.947 [ERROR] [alto] Runtime/snapshot_vecchio: Snapshot ha 279.2min (>30min)
2026-06-13 17:37:42.971 [WARN] [medio] Runtime/errore_lettura_snapshot: Errore lettura snapshot: Impossibile convertire la stringa JSON perché un dizionario convertito da tale stringa contiene le chiavi duplicate 'Server' e 'SERVER'.
2026-06-13 17:37:42.981 [DIAG] Diagnostica memoria...
2026-06-13 17:37:43.264 [DIAG] Diagnostica file...
2026-06-13 17:37:46.159 [DIAG] Diagnostica processi...
2026-06-13 17:37:46.323 [DIAG] Diagnostica log errori...
2026-06-13 17:37:47.155 [DIAG] Diagnostica processi...
2026-06-13 17:37:47.298 [DIAG] Diagnostica log errori...
2026-06-13 17:37:53.155 [ERROR] [critico] Log/errori_recenti: 3427 errori nelle ultime 2 ore
2026-06-13 17:37:53.181 [DIAG] Generazione raccomandazioni...
2026-06-13 17:37:53.199 [FIX] Avvio azioni correttive automatiche...
2026-06-13 17:37:53.206 [INFO] Nessuna azione correttiva automatica disponibile
2026-06-13 17:37:53.212 [OK] Report diagnostica salvato: C:\cellular_speace\reports\manutenzione\correttiva\diagnosi_20260613_173742.json
2026-06-13 17:37:53.217 [OK] Diagnosi Markdown salvata: C:\cellular_speace\data\diagnosi\diagnosi_20260613_173742.md
2026-06-13 17:37:54.536 [ERROR] [critico] Log/errori_recenti: 3427 errori nelle ultime 2 ore
2026-06-13 17:37:54.546 [DIAG] Generazione raccomandazioni...
2026-06-13 17:37:54.566 [FIX] Avvio azioni correttive automatiche...
2026-06-13 17:37:54.568 [INFO] Nessuna azione correttiva automatica disponibile
2026-06-13 17:37:54.575 [OK] Report diagnostica salvato: C:\cellular_speace\reports\manutenzione\correttiva\diagnosi_20260613_173742.json
2026-06-13 17:37:54.582 [OK] Diagnosi Markdown salvata: C:\cellular_speace\data\diagnosi\diagnosi_20260613_173742.md
