2026-06-13 18:07:00.328 [DIAG] Diagnostica processi...
2026-06-13 18:07:00.415 [DIAG] Diagnostica processi...
2026-06-13 18:07:00.452 [DIAG] Generazione raccomandazioni...
2026-06-13 18:07:00.452 [OK] Report diagnostica salvato: C:\cellular_speace\reports\manutenzione\correttiva\diagnosi_20260613_180700.json
2026-06-13 18:07:00.452 [OK] Diagnosi Markdown salvata: C:\cellular_speace\data\diagnosi\diagnosi_20260613_180700.md
2026-06-13 18:07:00.483 [DIAG] Diagnostica runtime...
2026-06-13 18:07:00.483 [ERROR] [alto] Runtime/snapshot_vecchio: Snapshot ha 308.5min (>30min)
2026-06-13 18:07:00.500 [WARN] [medio] Runtime/errore_lettura_snapshot: Errore lettura snapshot: Impossibile convertire la stringa JSON perché un dizionario convertito da tale stringa contiene le chiavi duplicate 'Server' e 'SERVER'.
2026-06-13 18:07:00.515 [DIAG] Diagnostica memoria...
2026-06-13 18:07:00.531 [DIAG] Generazione raccomandazioni...
2026-06-13 18:07:00.547 [OK] Report diagnostica salvato: C:\cellular_speace\reports\manutenzione\correttiva\diagnosi_20260613_180700.json
2026-06-13 18:07:00.551 [OK] Diagnosi Markdown salvata: C:\cellular_speace\data\diagnosi\diagnosi_20260613_180700.md
2026-06-13 18:07:00.727 [DIAG] Diagnostica file...
2026-06-13 18:07:00.790 [DIAG] Diagnostica processi...
2026-06-13 18:07:00.883 [DIAG] Generazione raccomandazioni...
2026-06-13 18:07:00.895 [OK] Report diagnostica salvato: C:\cellular_speace\reports\manutenzione\correttiva\diagnosi_20260613_180700.json
2026-06-13 18:07:00.895 [OK] Diagnosi Markdown salvata: C:\cellular_speace\data\diagnosi\diagnosi_20260613_180700.md
2026-06-13 18:07:03.468 [DIAG] Diagnostica processi...
2026-06-13 18:07:03.576 [DIAG] Diagnostica log errori...
2026-06-13 18:07:08.112 [ERROR] [critico] Log/errori_recenti: 3357 errori nelle ultime 2 ore
2026-06-13 18:07:08.118 [DIAG] Generazione raccomandazioni...
2026-06-13 18:07:08.130 [FIX] Avvio azioni correttive automatiche...
2026-06-13 18:07:08.132 [INFO] Nessuna azione correttiva automatica disponibile
2026-06-13 18:07:08.135 [OK] Report diagnostica salvato: C:\cellular_speace\reports\manutenzione\correttiva\diagnosi_20260613_180700.json
2026-06-13 18:07:08.138 [OK] Diagnosi Markdown salvata: C:\cellular_speace\data\diagnosi\diagnosi_20260613_180700.md
