2026-06-13 15:00:59.359 [DIAG] Diagnostica processi...
2026-06-13 15:00:59.534 [DIAG] Diagnostica processi...
2026-06-13 15:00:59.553 [DIAG] Generazione raccomandazioni...
2026-06-13 15:00:59.573 [OK] Report diagnostica salvato: C:\cellular_speace\reports\manutenzione\correttiva\diagnosi_20260613_150059.json
2026-06-13 15:00:59.582 [OK] Diagnosi Markdown salvata: C:\cellular_speace\data\diagnosi\diagnosi_20260613_150059.md
2026-06-13 15:00:59.709 [DIAG] Generazione raccomandazioni...
2026-06-13 15:00:59.727 [OK] Report diagnostica salvato: C:\cellular_speace\reports\manutenzione\correttiva\diagnosi_20260613_150059.json
2026-06-13 15:00:59.739 [OK] Diagnosi Markdown salvata: C:\cellular_speace\data\diagnosi\diagnosi_20260613_150059.md
2026-06-13 15:00:59.766 [DIAG] Diagnostica runtime...
2026-06-13 15:00:59.781 [ERROR] [alto] Runtime/snapshot_vecchio: Snapshot ha 122.4min (>30min)
2026-06-13 15:00:59.806 [WARN] [medio] Runtime/errore_lettura_snapshot: Errore lettura snapshot: Impossibile convertire la stringa JSON perché un dizionario convertito da tale stringa contiene le chiavi duplicate 'Server' e 'SERVER'.
2026-06-13 15:00:59.821 [DIAG] Diagnostica memoria...
2026-06-13 15:01:00.216 [DIAG] Diagnostica file...
2026-06-13 15:01:04.277 [DIAG] Diagnostica processi...
2026-06-13 15:01:04.496 [DIAG] Diagnostica log errori...
2026-06-13 15:01:13.044 [ERROR] [critico] Log/errori_recenti: 3664 errori nelle ultime 2 ore
2026-06-13 15:01:13.069 [DIAG] Generazione raccomandazioni...
2026-06-13 15:01:13.122 [FIX] Avvio azioni correttive automatiche...
2026-06-13 15:01:13.131 [INFO] Nessuna azione correttiva automatica disponibile
2026-06-13 15:01:13.142 [OK] Report diagnostica salvato: C:\cellular_speace\reports\manutenzione\correttiva\diagnosi_20260613_150059.json
2026-06-13 15:01:13.146 [OK] Diagnosi Markdown salvata: C:\cellular_speace\data\diagnosi\diagnosi_20260613_150059.md
