2026-06-13 17:48:42.249 [DIAG] Diagnostica processi...
2026-06-13 17:48:42.453 [DIAG] Generazione raccomandazioni...
2026-06-13 17:48:42.487 [DIAG] Diagnostica processi...
2026-06-13 17:48:42.540 [OK] Report diagnostica salvato: C:\cellular_speace\reports\manutenzione\correttiva\diagnosi_20260613_174842.json
2026-06-13 17:48:42.568 [OK] Diagnosi Markdown salvata: C:\cellular_speace\data\diagnosi\diagnosi_20260613_174842.md
2026-06-13 17:48:42.693 [DIAG] Generazione raccomandazioni...
2026-06-13 17:48:42.715 [OK] Report diagnostica salvato: C:\cellular_speace\reports\manutenzione\correttiva\diagnosi_20260613_174842.json
2026-06-13 17:48:42.720 [OK] Diagnosi Markdown salvata: C:\cellular_speace\data\diagnosi\diagnosi_20260613_174842.md
2026-06-13 17:48:42.754 [DIAG] Diagnostica runtime...
2026-06-13 17:48:42.758 [ERROR] [alto] Runtime/snapshot_vecchio: Snapshot ha 290.2min (>30min)
2026-06-13 17:48:42.788 [WARN] [medio] Runtime/errore_lettura_snapshot: Errore lettura snapshot: Impossibile convertire la stringa JSON perché un dizionario convertito da tale stringa contiene le chiavi duplicate 'Server' e 'SERVER'.
2026-06-13 17:48:42.815 [DIAG] Diagnostica memoria...
2026-06-13 17:48:43.149 [DIAG] Diagnostica file...
2026-06-13 17:48:47.848 [DIAG] Diagnostica processi...
2026-06-13 17:48:48.110 [DIAG] Diagnostica log errori...
2026-06-13 17:48:59.165 [ERROR] [critico] Log/errori_recenti: 3366 errori nelle ultime 2 ore
2026-06-13 17:48:59.319 [DIAG] Generazione raccomandazioni...
2026-06-13 17:48:59.440 [FIX] Avvio azioni correttive automatiche...
2026-06-13 17:48:59.450 [INFO] Nessuna azione correttiva automatica disponibile
2026-06-13 17:48:59.477 [OK] Report diagnostica salvato: C:\cellular_speace\reports\manutenzione\correttiva\diagnosi_20260613_174842.json
2026-06-13 17:48:59.486 [OK] Diagnosi Markdown salvata: C:\cellular_speace\data\diagnosi\diagnosi_20260613_174842.md
