2026-06-13 16:15:11.460 [DIAG] Diagnostica processi...
2026-06-13 16:15:11.530 [DIAG] Diagnostica processi...
2026-06-13 16:15:11.681 [DIAG] Generazione raccomandazioni...
2026-06-13 16:15:11.696 [OK] Report diagnostica salvato: C:\cellular_speace\reports\manutenzione\correttiva\diagnosi_20260613_161511.json
2026-06-13 16:15:11.696 [OK] Diagnosi Markdown salvata: C:\cellular_speace\data\diagnosi\diagnosi_20260613_161511.md
2026-06-13 16:15:11.714 [DIAG] Generazione raccomandazioni...
2026-06-13 16:15:11.743 [OK] Report diagnostica salvato: C:\cellular_speace\reports\manutenzione\correttiva\diagnosi_20260613_161511.json
2026-06-13 16:15:11.749 [OK] Diagnosi Markdown salvata: C:\cellular_speace\data\diagnosi\diagnosi_20260613_161511.md
2026-06-13 16:15:11.753 [DIAG] Diagnostica runtime...
2026-06-13 16:15:11.759 [ERROR] [alto] Runtime/snapshot_vecchio: Snapshot ha 196.6min (>30min)
2026-06-13 16:15:11.775 [WARN] [medio] Runtime/errore_lettura_snapshot: Errore lettura snapshot: Impossibile convertire la stringa JSON perché un dizionario convertito da tale stringa contiene le chiavi duplicate 'Server' e 'SERVER'.
2026-06-13 16:15:11.785 [DIAG] Diagnostica memoria...
2026-06-13 16:15:11.854 [DIAG] Diagnostica processi...
2026-06-13 16:15:12.027 [DIAG] Generazione raccomandazioni...
2026-06-13 16:15:12.043 [OK] Report diagnostica salvato: C:\cellular_speace\reports\manutenzione\correttiva\diagnosi_20260613_161511.json
2026-06-13 16:15:12.049 [OK] Diagnosi Markdown salvata: C:\cellular_speace\data\diagnosi\diagnosi_20260613_161511.md
2026-06-13 16:15:12.075 [DIAG] Diagnostica file...
2026-06-13 16:15:15.156 [DIAG] Diagnostica processi...
2026-06-13 16:15:15.292 [DIAG] Diagnostica log errori...
2026-06-13 16:15:20.136 [ERROR] [critico] Log/errori_recenti: 3346 errori nelle ultime 2 ore
2026-06-13 16:15:20.144 [DIAG] Generazione raccomandazioni...
2026-06-13 16:15:20.159 [FIX] Avvio azioni correttive automatiche...
2026-06-13 16:15:20.163 [INFO] Nessuna azione correttiva automatica disponibile
2026-06-13 16:15:20.165 [OK] Report diagnostica salvato: C:\cellular_speace\reports\manutenzione\correttiva\diagnosi_20260613_161511.json
2026-06-13 16:15:20.172 [OK] Diagnosi Markdown salvata: C:\cellular_speace\data\diagnosi\diagnosi_20260613_161511.md
