2026-06-13 13:10:59.077 [DIAG] Diagnostica runtime...
2026-06-13 13:10:59.100 [WARN] [medio] Runtime/errore_lettura_snapshot: Errore lettura snapshot: Impossibile convertire la stringa JSON perché un dizionario convertito da tale stringa contiene le chiavi duplicate 'Server' e 'SERVER'.
2026-06-13 13:10:59.103 [DIAG] Diagnostica processi...
2026-06-13 13:10:59.116 [DIAG] Diagnostica memoria...
2026-06-13 13:10:59.284 [WARN] Errore diagnostica processi: Eccezione durante la chiamata di "ToDateTime" con "1" argomento/i: "Argomento specificato non compreso nell'intervallo.
Nome parametro: dmtfDate"
2026-06-13 13:10:59.296 [DIAG] Generazione raccomandazioni...
2026-06-13 13:10:59.312 [OK] Report diagnostica salvato: C:\cellular_speace\reports\manutenzione\correttiva\diagnosi_20260613_131059.json
2026-06-13 13:10:59.321 [OK] Diagnosi Markdown salvata: C:\cellular_speace\data\diagnosi\diagnosi_20260613_131059.md
2026-06-13 13:10:59.356 [DIAG] Diagnostica runtime...
2026-06-13 13:10:59.462 [WARN] [medio] Runtime/errore_lettura_snapshot: Errore lettura snapshot: Impossibile convertire la stringa JSON perché un dizionario convertito da tale stringa contiene le chiavi duplicate 'Server' e 'SERVER'.
2026-06-13 13:10:59.481 [DIAG] Diagnostica memoria...
2026-06-13 13:10:59.502 [DIAG] Diagnostica file...
2026-06-13 13:10:59.883 [DIAG] Diagnostica file...
2026-06-13 13:11:02.884 [DIAG] Diagnostica processi...
2026-06-13 13:11:03.099 [WARN] Errore diagnostica processi: Eccezione durante la chiamata di "ToDateTime" con "1" argomento/i: "Argomento specificato non compreso nell'intervallo.
Nome parametro: dmtfDate"
2026-06-13 13:11:03.104 [DIAG] Diagnostica log errori...
2026-06-13 13:11:03.106 [WARN] Errore diagnostica log: Impossibile convertire 'System.Object[]' nel tipo 'System.String' richiesto da parametro 'ChildPath'. Specificato metodo non supportato.
2026-06-13 13:11:03.114 [DIAG] Generazione raccomandazioni...
2026-06-13 13:11:03.140 [FIX] Avvio azioni correttive automatiche...
2026-06-13 13:11:03.142 [INFO] Nessuna azione correttiva automatica disponibile
2026-06-13 13:11:03.142 [OK] Report diagnostica salvato: C:\cellular_speace\reports\manutenzione\correttiva\diagnosi_20260613_131059.json
2026-06-13 13:11:03.151 [DIAG] Diagnostica processi...
2026-06-13 13:11:03.155 [OK] Diagnosi Markdown salvata: C:\cellular_speace\data\diagnosi\diagnosi_20260613_131059.md
2026-06-13 13:11:03.321 [WARN] Errore diagnostica processi: Eccezione durante la chiamata di "ToDateTime" con "1" argomento/i: "Argomento specificato non compreso nell'intervallo.
Nome parametro: dmtfDate"
2026-06-13 13:11:03.341 [DIAG] Diagnostica log errori...
2026-06-13 13:11:03.356 [WARN] Errore diagnostica log: Impossibile convertire 'System.Object[]' nel tipo 'System.String' richiesto da parametro 'ChildPath'. Specificato metodo non supportato.
2026-06-13 13:11:03.360 [DIAG] Generazione raccomandazioni...
2026-06-13 13:11:03.395 [FIX] Avvio azioni correttive automatiche...
2026-06-13 13:11:03.397 [INFO] Nessuna azione correttiva automatica disponibile
2026-06-13 13:11:03.400 [OK] Report diagnostica salvato: C:\cellular_speace\reports\manutenzione\correttiva\diagnosi_20260613_131059.json
2026-06-13 13:11:03.400 [OK] Diagnosi Markdown salvata: C:\cellular_speace\data\diagnosi\diagnosi_20260613_131059.md
