2026-06-13 16:31:27.023 [DIAG] Diagnostica runtime...
2026-06-13 16:31:27.035 [ERROR] [alto] Runtime/snapshot_vecchio: Snapshot ha 212.9min (>30min)
2026-06-13 16:31:27.241 [WARN] [medio] Runtime/errore_lettura_snapshot: Errore lettura snapshot: Impossibile convertire la stringa JSON perché un dizionario convertito da tale stringa contiene le chiavi duplicate 'Server' e 'SERVER'.
2026-06-13 16:31:27.306 [DIAG] Diagnostica runtime...
2026-06-13 16:31:27.312 [ERROR] [alto] Runtime/snapshot_vecchio: Snapshot ha 212.9min (>30min)
2026-06-13 16:31:27.320 [DIAG] Diagnostica memoria...
2026-06-13 16:31:27.343 [WARN] [medio] Runtime/errore_lettura_snapshot: Errore lettura snapshot: Impossibile convertire la stringa JSON perché un dizionario convertito da tale stringa contiene le chiavi duplicate 'Server' e 'SERVER'.
2026-06-13 16:31:27.357 [DIAG] Diagnostica memoria...
2026-06-13 16:31:27.731 [DIAG] Diagnostica file...
2026-06-13 16:31:27.767 [DIAG] Diagnostica file...
2026-06-13 16:31:32.821 [DIAG] Diagnostica processi...
2026-06-13 16:31:33.089 [DIAG] Diagnostica log errori...
2026-06-13 16:31:33.250 [DIAG] Diagnostica processi...
2026-06-13 16:31:33.512 [DIAG] Diagnostica log errori...
2026-06-13 16:31:42.711 [ERROR] [critico] Log/errori_recenti: 3350 errori nelle ultime 2 ore
2026-06-13 16:31:42.937 [DIAG] Generazione raccomandazioni...
2026-06-13 16:31:43.112 [FIX] Avvio azioni correttive automatiche...
2026-06-13 16:31:43.160 [INFO] Nessuna azione correttiva automatica disponibile
2026-06-13 16:31:43.181 [OK] Report diagnostica salvato: C:\cellular_speace\reports\manutenzione\correttiva\diagnosi_20260613_163127.json
2026-06-13 16:31:43.198 [OK] Diagnosi Markdown salvata: C:\cellular_speace\data\diagnosi\diagnosi_20260613_163127.md
2026-06-13 16:31:43.304 [ERROR] [critico] Log/errori_recenti: 3350 errori nelle ultime 2 ore
2026-06-13 16:31:43.497 [DIAG] Generazione raccomandazioni...
2026-06-13 16:31:43.747 [FIX] Avvio azioni correttive automatiche...
2026-06-13 16:31:43.769 [INFO] Nessuna azione correttiva automatica disponibile
2026-06-13 16:31:43.792 [OK] Report diagnostica salvato: C:\cellular_speace\reports\manutenzione\correttiva\diagnosi_20260613_163127.json
2026-06-13 16:31:43.838 [OK] Diagnosi Markdown salvata: C:\cellular_speace\data\diagnosi\diagnosi_20260613_163127.md
