2026-06-13 16:54:09.213 [DIAG] Diagnostica processi...
2026-06-13 16:54:09.458 [DIAG] Generazione raccomandazioni...
2026-06-13 16:54:09.479 [DIAG] Diagnostica processi...
2026-06-13 16:54:09.509 [OK] Report diagnostica salvato: C:\cellular_speace\reports\manutenzione\correttiva\diagnosi_20260613_165409.json
2026-06-13 16:54:09.530 [OK] Diagnosi Markdown salvata: C:\cellular_speace\data\diagnosi\diagnosi_20260613_165409.md
2026-06-13 16:54:09.637 [DIAG] Diagnostica runtime...
2026-06-13 16:54:09.660 [ERROR] [alto] Runtime/snapshot_vecchio: Snapshot ha 235.6min (>30min)
2026-06-13 16:54:09.690 [DIAG] Generazione raccomandazioni...
2026-06-13 16:54:09.773 [OK] Report diagnostica salvato: C:\cellular_speace\reports\manutenzione\correttiva\diagnosi_20260613_165409.json
2026-06-13 16:54:09.777 [OK] Diagnosi Markdown salvata: C:\cellular_speace\data\diagnosi\diagnosi_20260613_165409.md
2026-06-13 16:54:09.897 [WARN] [medio] Runtime/errore_lettura_snapshot: Errore lettura snapshot: Impossibile convertire la stringa JSON perché un dizionario convertito da tale stringa contiene le chiavi duplicate 'Server' e 'SERVER'.
2026-06-13 16:54:09.925 [DIAG] Diagnostica runtime...
2026-06-13 16:54:09.950 [ERROR] [alto] Runtime/snapshot_vecchio: Snapshot ha 235.6min (>30min)
2026-06-13 16:54:10.173 [DIAG] Diagnostica memoria...
2026-06-13 16:54:10.223 [WARN] [medio] Runtime/errore_lettura_snapshot: Errore lettura snapshot: Impossibile convertire la stringa JSON perché un dizionario convertito da tale stringa contiene le chiavi duplicate 'Server' e 'SERVER'.
2026-06-13 16:54:10.397 [DIAG] Diagnostica memoria...
2026-06-13 16:54:10.654 [DIAG] Diagnostica file...
2026-06-13 16:54:10.861 [DIAG] Diagnostica file...
2026-06-13 16:54:16.560 [DIAG] Diagnostica processi...
2026-06-13 16:54:16.583 [DIAG] Diagnostica processi...
2026-06-13 16:54:16.747 [DIAG] Diagnostica log errori...
2026-06-13 16:54:16.758 [DIAG] Diagnostica log errori...
2026-06-13 16:54:23.684 [ERROR] [critico] Log/errori_recenti: 3376 errori nelle ultime 2 ore
2026-06-13 16:54:23.696 [DIAG] Generazione raccomandazioni...
2026-06-13 16:54:23.700 [ERROR] [critico] Log/errori_recenti: 3376 errori nelle ultime 2 ore
2026-06-13 16:54:23.716 [DIAG] Generazione raccomandazioni...
2026-06-13 16:54:23.716 [FIX] Avvio azioni correttive automatiche...
2026-06-13 16:54:23.716 [INFO] Nessuna azione correttiva automatica disponibile
2026-06-13 16:54:23.727 [OK] Report diagnostica salvato: C:\cellular_speace\reports\manutenzione\correttiva\diagnosi_20260613_165409.json
2026-06-13 16:54:23.731 [OK] Diagnosi Markdown salvata: C:\cellular_speace\data\diagnosi\diagnosi_20260613_165409.md
2026-06-13 16:54:23.735 [FIX] Avvio azioni correttive automatiche...
2026-06-13 16:54:23.735 [INFO] Nessuna azione correttiva automatica disponibile
2026-06-13 16:54:23.735 [OK] Report diagnostica salvato: C:\cellular_speace\reports\manutenzione\correttiva\diagnosi_20260613_165409.json
2026-06-13 16:54:23.749 [OK] Diagnosi Markdown salvata: C:\cellular_speace\data\diagnosi\diagnosi_20260613_165409.md
