2026-06-13 17:34:02.085 [DIAG] Diagnostica runtime...
2026-06-13 17:34:02.091 [ERROR] [alto] Runtime/snapshot_vecchio: Snapshot ha 275.5min (>30min)
2026-06-13 17:34:02.108 [DIAG] Diagnostica processi...
2026-06-13 17:34:02.108 [WARN] [medio] Runtime/errore_lettura_snapshot: Errore lettura snapshot: Impossibile convertire la stringa JSON perché un dizionario convertito da tale stringa contiene le chiavi duplicate 'Server' e 'SERVER'.
2026-06-13 17:34:02.124 [DIAG] Diagnostica memoria...
2026-06-13 17:34:02.234 [DIAG] Generazione raccomandazioni...
2026-06-13 17:34:02.250 [OK] Report diagnostica salvato: C:\cellular_speace\reports\manutenzione\correttiva\diagnosi_20260613_173402.json
2026-06-13 17:34:02.255 [OK] Diagnosi Markdown salvata: C:\cellular_speace\data\diagnosi\diagnosi_20260613_173402.md
2026-06-13 17:34:02.360 [DIAG] Diagnostica file...
2026-06-13 17:34:02.915 [DIAG] Diagnostica processi...
2026-06-13 17:34:03.049 [DIAG] Generazione raccomandazioni...
2026-06-13 17:34:03.065 [OK] Report diagnostica salvato: C:\cellular_speace\reports\manutenzione\correttiva\diagnosi_20260613_173402.json
2026-06-13 17:34:03.069 [OK] Diagnosi Markdown salvata: C:\cellular_speace\data\diagnosi\diagnosi_20260613_173402.md
2026-06-13 17:34:05.416 [DIAG] Diagnostica processi...
2026-06-13 17:34:05.526 [DIAG] Diagnostica log errori...
2026-06-13 17:34:10.015 [ERROR] [critico] Log/errori_recenti: 3404 errori nelle ultime 2 ore
2026-06-13 17:34:10.022 [DIAG] Generazione raccomandazioni...
2026-06-13 17:34:10.037 [FIX] Avvio azioni correttive automatiche...
2026-06-13 17:34:10.040 [INFO] Nessuna azione correttiva automatica disponibile
2026-06-13 17:34:10.042 [OK] Report diagnostica salvato: C:\cellular_speace\reports\manutenzione\correttiva\diagnosi_20260613_173402.json
2026-06-13 17:34:10.046 [OK] Diagnosi Markdown salvata: C:\cellular_speace\data\diagnosi\diagnosi_20260613_173402.md
