2026-06-13 15:40:07.495 [DIAG] Diagnostica processi...
2026-06-13 15:40:07.587 [DIAG] Diagnostica processi...
2026-06-13 15:40:07.707 [DIAG] Generazione raccomandazioni...
2026-06-13 15:40:07.733 [OK] Report diagnostica salvato: C:\cellular_speace\reports\manutenzione\correttiva\diagnosi_20260613_154007.json
2026-06-13 15:40:07.739 [OK] Diagnosi Markdown salvata: C:\cellular_speace\data\diagnosi\diagnosi_20260613_154007.md
2026-06-13 15:40:07.772 [DIAG] Diagnostica runtime...
2026-06-13 15:40:07.788 [ERROR] [alto] Runtime/snapshot_vecchio: Snapshot ha 161.6min (>30min)
2026-06-13 15:40:07.823 [DIAG] Generazione raccomandazioni...
2026-06-13 15:40:07.831 [WARN] [medio] Runtime/errore_lettura_snapshot: Errore lettura snapshot: Impossibile convertire la stringa JSON perché un dizionario convertito da tale stringa contiene le chiavi duplicate 'Server' e 'SERVER'.
2026-06-13 15:40:07.849 [OK] Report diagnostica salvato: C:\cellular_speace\reports\manutenzione\correttiva\diagnosi_20260613_154007.json
2026-06-13 15:40:07.851 [DIAG] Diagnostica memoria...
2026-06-13 15:40:07.856 [OK] Diagnosi Markdown salvata: C:\cellular_speace\data\diagnosi\diagnosi_20260613_154007.md
2026-06-13 15:40:07.898 [DIAG] Diagnostica runtime...
2026-06-13 15:40:07.906 [ERROR] [alto] Runtime/snapshot_vecchio: Snapshot ha 161.6min (>30min)
2026-06-13 15:40:07.948 [WARN] [medio] Runtime/errore_lettura_snapshot: Errore lettura snapshot: Impossibile convertire la stringa JSON perché un dizionario convertito da tale stringa contiene le chiavi duplicate 'Server' e 'SERVER'.
2026-06-13 15:40:07.964 [DIAG] Diagnostica memoria...
2026-06-13 15:40:08.254 [DIAG] Diagnostica file...
2026-06-13 15:40:08.369 [DIAG] Diagnostica file...
2026-06-13 15:40:13.352 [DIAG] Diagnostica processi...
2026-06-13 15:40:13.423 [DIAG] Diagnostica processi...
2026-06-13 15:40:13.558 [DIAG] Diagnostica log errori...
2026-06-13 15:40:13.667 [DIAG] Diagnostica log errori...
2026-06-13 15:40:24.821 [ERROR] [critico] Log/errori_recenti: 3394 errori nelle ultime 2 ore
2026-06-13 15:40:25.235 [DIAG] Generazione raccomandazioni...
2026-06-13 15:40:25.520 [FIX] Avvio azioni correttive automatiche...
2026-06-13 15:40:25.538 [INFO] Nessuna azione correttiva automatica disponibile
2026-06-13 15:40:25.562 [OK] Report diagnostica salvato: C:\cellular_speace\reports\manutenzione\correttiva\diagnosi_20260613_154007.json
2026-06-13 15:40:25.577 [OK] Diagnosi Markdown salvata: C:\cellular_speace\data\diagnosi\diagnosi_20260613_154007.md
2026-06-13 15:40:25.829 [ERROR] [critico] Log/errori_recenti: 3394 errori nelle ultime 2 ore
2026-06-13 15:40:26.231 [DIAG] Generazione raccomandazioni...
2026-06-13 15:40:26.497 [FIX] Avvio azioni correttive automatiche...
2026-06-13 15:40:26.538 [INFO] Nessuna azione correttiva automatica disponibile
2026-06-13 15:40:26.556 [OK] Report diagnostica salvato: C:\cellular_speace\reports\manutenzione\correttiva\diagnosi_20260613_154007.json
2026-06-13 15:40:26.586 [OK] Diagnosi Markdown salvata: C:\cellular_speace\data\diagnosi\diagnosi_20260613_154007.md
