2026-06-13 17:06:26.656 [DIAG] Diagnostica processi...
2026-06-13 17:06:26.691 [DIAG] Diagnostica processi...
2026-06-13 17:06:26.893 [DIAG] Generazione raccomandazioni...
2026-06-13 17:06:26.906 [DIAG] Diagnostica processi...
2026-06-13 17:06:26.925 [OK] Report diagnostica salvato: C:\cellular_speace\reports\manutenzione\correttiva\diagnosi_20260613_170626.json
2026-06-13 17:06:26.929 [OK] Diagnosi Markdown salvata: C:\cellular_speace\data\diagnosi\diagnosi_20260613_170626.md
2026-06-13 17:06:26.939 [ERROR] ERRORE FATALE: Il processo non può accedere al file 'C:\cellular_speace\data\logs\manutenzione\correttiva\diagnostica_20260613_170626.log' perché è in uso da un altro processo.
2026-06-13 17:06:26.963 [DIAG] Diagnostica runtime...
2026-06-13 17:06:26.967 [ERROR] [alto] Runtime/snapshot_vecchio: Snapshot ha 247.9min (>30min)
2026-06-13 17:06:26.983 [WARN] [medio] Runtime/errore_lettura_snapshot: Errore lettura snapshot: Impossibile convertire la stringa JSON perché un dizionario convertito da tale stringa contiene le chiavi duplicate 'Server' e 'SERVER'.
2026-06-13 17:06:26.995 [DIAG] Diagnostica memoria...
2026-06-13 17:06:27.106 [DIAG] Generazione raccomandazioni...
2026-06-13 17:06:27.126 [OK] Report diagnostica salvato: C:\cellular_speace\reports\manutenzione\correttiva\diagnosi_20260613_170626.json
2026-06-13 17:06:27.132 [OK] Diagnosi Markdown salvata: C:\cellular_speace\data\diagnosi\diagnosi_20260613_170626.md
2026-06-13 17:06:27.354 [DIAG] Diagnostica file...
2026-06-13 17:06:31.481 [DIAG] Diagnostica processi...
2026-06-13 17:06:31.652 [DIAG] Diagnostica log errori...
2026-06-13 17:06:37.717 [ERROR] [critico] Log/errori_recenti: 3395 errori nelle ultime 2 ore
2026-06-13 17:06:37.727 [DIAG] Generazione raccomandazioni...
2026-06-13 17:06:37.759 [FIX] Avvio azioni correttive automatiche...
2026-06-13 17:06:37.763 [INFO] Nessuna azione correttiva automatica disponibile
2026-06-13 17:06:37.764 [OK] Report diagnostica salvato: C:\cellular_speace\reports\manutenzione\correttiva\diagnosi_20260613_170626.json
2026-06-13 17:06:37.764 [OK] Diagnosi Markdown salvata: C:\cellular_speace\data\diagnosi\diagnosi_20260613_170626.md
