2026-06-13 17:05:18.173 [DIAG] Diagnostica processi...
2026-06-13 17:05:18.327 [DIAG] Generazione raccomandazioni...
2026-06-13 17:05:18.337 [OK] Report diagnostica salvato: C:\cellular_speace\reports\manutenzione\correttiva\diagnosi_20260613_170518.json
2026-06-13 17:05:18.349 [OK] Diagnosi Markdown salvata: C:\cellular_speace\data\diagnosi\diagnosi_20260613_170518.md
2026-06-13 17:05:18.384 [DIAG] Diagnostica runtime...
2026-06-13 17:05:18.390 [DIAG] Diagnostica processi...
2026-06-13 17:05:18.390 [ERROR] [alto] Runtime/snapshot_vecchio: Snapshot ha 246.8min (>30min)
2026-06-13 17:05:18.407 [WARN] [medio] Runtime/errore_lettura_snapshot: Errore lettura snapshot: Impossibile convertire la stringa JSON perché un dizionario convertito da tale stringa contiene le chiavi duplicate 'Server' e 'SERVER'.
2026-06-13 17:05:18.421 [DIAG] Diagnostica memoria...
2026-06-13 17:05:18.523 [DIAG] Generazione raccomandazioni...
2026-06-13 17:05:18.540 [OK] Report diagnostica salvato: C:\cellular_speace\reports\manutenzione\correttiva\diagnosi_20260613_170518.json
2026-06-13 17:05:18.545 [OK] Diagnosi Markdown salvata: C:\cellular_speace\data\diagnosi\diagnosi_20260613_170518.md
2026-06-13 17:05:18.665 [DIAG] Diagnostica file...
2026-06-13 17:05:21.714 [DIAG] Diagnostica processi...
2026-06-13 17:05:21.845 [DIAG] Diagnostica log errori...
2026-06-13 17:05:26.375 [ERROR] [critico] Log/errori_recenti: 3390 errori nelle ultime 2 ore
2026-06-13 17:05:26.379 [DIAG] Generazione raccomandazioni...
2026-06-13 17:05:26.399 [FIX] Avvio azioni correttive automatiche...
2026-06-13 17:05:26.401 [INFO] Nessuna azione correttiva automatica disponibile
2026-06-13 17:05:26.405 [OK] Report diagnostica salvato: C:\cellular_speace\reports\manutenzione\correttiva\diagnosi_20260613_170518.json
2026-06-13 17:05:26.407 [OK] Diagnosi Markdown salvata: C:\cellular_speace\data\diagnosi\diagnosi_20260613_170518.md
