2026-06-13 18:09:09.060 [DIAG] Diagnostica processi...
2026-06-13 18:09:09.273 [DIAG] Generazione raccomandazioni...
2026-06-13 18:09:09.290 [OK] Report diagnostica salvato: C:\cellular_speace\reports\manutenzione\correttiva\diagnosi_20260613_180909.json
2026-06-13 18:09:09.296 [OK] Diagnosi Markdown salvata: C:\cellular_speace\data\diagnosi\diagnosi_20260613_180909.md
2026-06-13 18:09:09.334 [DIAG] Diagnostica runtime...
2026-06-13 18:09:09.348 [ERROR] [alto] Runtime/snapshot_vecchio: Snapshot ha 310.6min (>30min)
2026-06-13 18:09:09.367 [WARN] [medio] Runtime/errore_lettura_snapshot: Errore lettura snapshot: Impossibile convertire la stringa JSON perché un dizionario convertito da tale stringa contiene le chiavi duplicate 'Server' e 'SERVER'.
2026-06-13 18:09:09.381 [DIAG] Diagnostica memoria...
2026-06-13 18:09:09.547 [DIAG] Diagnostica processi...
2026-06-13 18:09:09.758 [DIAG] Diagnostica file...
2026-06-13 18:09:09.780 [DIAG] Generazione raccomandazioni...
2026-06-13 18:09:09.808 [OK] Report diagnostica salvato: C:\cellular_speace\reports\manutenzione\correttiva\diagnosi_20260613_180909.json
2026-06-13 18:09:09.835 [OK] Diagnosi Markdown salvata: C:\cellular_speace\data\diagnosi\diagnosi_20260613_180909.md
2026-06-13 18:09:09.969 [DIAG] Diagnostica runtime...
2026-06-13 18:09:09.981 [ERROR] [alto] Runtime/snapshot_vecchio: Snapshot ha 310.6min (>30min)
2026-06-13 18:09:10.068 [WARN] [medio] Runtime/errore_lettura_snapshot: Errore lettura snapshot: Impossibile convertire la stringa JSON perché un dizionario convertito da tale stringa contiene le chiavi duplicate 'Server' e 'SERVER'.
2026-06-13 18:09:10.554 [DIAG] Diagnostica memoria...
2026-06-13 18:09:11.093 [DIAG] Diagnostica file...
2026-06-13 18:09:15.122 [DIAG] Diagnostica processi...
2026-06-13 18:09:15.314 [DIAG] Diagnostica log errori...
2026-06-13 18:09:16.531 [DIAG] Diagnostica processi...
2026-06-13 18:09:16.720 [DIAG] Diagnostica log errori...
2026-06-13 18:09:23.018 [ERROR] [critico] Log/errori_recenti: 3369 errori nelle ultime 2 ore
2026-06-13 18:09:23.235 [DIAG] Generazione raccomandazioni...
2026-06-13 18:09:23.364 [FIX] Avvio azioni correttive automatiche...
2026-06-13 18:09:23.387 [INFO] Nessuna azione correttiva automatica disponibile
2026-06-13 18:09:23.406 [OK] Report diagnostica salvato: C:\cellular_speace\reports\manutenzione\correttiva\diagnosi_20260613_180909.json
2026-06-13 18:09:23.443 [OK] Diagnosi Markdown salvata: C:\cellular_speace\data\diagnosi\diagnosi_20260613_180909.md
2026-06-13 18:09:25.085 [ERROR] [critico] Log/errori_recenti: 3370 errori nelle ultime 2 ore
2026-06-13 18:09:25.187 [DIAG] Generazione raccomandazioni...
2026-06-13 18:09:25.277 [FIX] Avvio azioni correttive automatiche...
2026-06-13 18:09:25.286 [INFO] Nessuna azione correttiva automatica disponibile
2026-06-13 18:09:25.321 [OK] Report diagnostica salvato: C:\cellular_speace\reports\manutenzione\correttiva\diagnosi_20260613_180909.json
2026-06-13 18:09:25.345 [OK] Diagnosi Markdown salvata: C:\cellular_speace\data\diagnosi\diagnosi_20260613_180909.md
