2026-06-13 17:59:02.559 [DIAG] Diagnostica processi...
2026-06-13 17:59:02.712 [DIAG] Diagnostica runtime...
2026-06-13 17:59:02.743 [ERROR] [alto] Runtime/snapshot_vecchio: Snapshot ha 300.5min (>30min)
2026-06-13 17:59:02.888 [DIAG] Generazione raccomandazioni...
2026-06-13 17:59:03.009 [DIAG] Diagnostica processi...
2026-06-13 17:59:03.279 [WARN] [medio] Runtime/errore_lettura_snapshot: Errore lettura snapshot: Impossibile convertire la stringa JSON perché un dizionario convertito da tale stringa contiene le chiavi duplicate 'Server' e 'SERVER'.
2026-06-13 17:59:03.292 [OK] Report diagnostica salvato: C:\cellular_speace\reports\manutenzione\correttiva\diagnosi_20260613_175902.json
2026-06-13 17:59:03.338 [DIAG] Generazione raccomandazioni...
2026-06-13 17:59:03.350 [ERROR] ERRORE FATALE: Il processo non può accedere al file 'C:\cellular_speace\data\logs\manutenzione\correttiva\diagnostica_20260613_175902.log' perché è in uso da un altro processo.
2026-06-13 17:59:03.633 [OK] Report diagnostica salvato: C:\cellular_speace\reports\manutenzione\correttiva\diagnosi_20260613_175902.json
2026-06-13 17:59:03.645 [OK] Diagnosi Markdown salvata: C:\cellular_speace\data\diagnosi\diagnosi_20260613_175902.md
2026-06-13 17:59:04.142 [DIAG] Diagnostica memoria...
2026-06-13 17:59:04.700 [DIAG] Diagnostica file...
2026-06-13 17:59:10.758 [DIAG] Diagnostica processi...
2026-06-13 17:59:11.173 [DIAG] Diagnostica log errori...
2026-06-13 17:59:25.560 [ERROR] [critico] Log/errori_recenti: 3415 errori nelle ultime 2 ore
2026-06-13 17:59:25.827 [DIAG] Generazione raccomandazioni...
2026-06-13 17:59:26.001 [FIX] Avvio azioni correttive automatiche...
2026-06-13 17:59:26.040 [INFO] Nessuna azione correttiva automatica disponibile
2026-06-13 17:59:26.071 [OK] Report diagnostica salvato: C:\cellular_speace\reports\manutenzione\correttiva\diagnosi_20260613_175902.json
2026-06-13 17:59:26.159 [OK] Diagnosi Markdown salvata: C:\cellular_speace\data\diagnosi\diagnosi_20260613_175902.md
