2026-06-13 16:57:11.009 [DIAG] Diagnostica processi...
2026-06-13 16:57:11.165 [DIAG] Generazione raccomandazioni...
2026-06-13 16:57:11.175 [OK] Report diagnostica salvato: C:\cellular_speace\reports\manutenzione\correttiva\diagnosi_20260613_165711.json
2026-06-13 16:57:11.175 [OK] Diagnosi Markdown salvata: C:\cellular_speace\data\diagnosi\diagnosi_20260613_165711.md
2026-06-13 16:57:11.213 [DIAG] Diagnostica runtime...
2026-06-13 16:57:11.217 [ERROR] [alto] Runtime/snapshot_vecchio: Snapshot ha 238.6min (>30min)
2026-06-13 16:57:11.235 [WARN] [medio] Runtime/errore_lettura_snapshot: Errore lettura snapshot: Impossibile convertire la stringa JSON perché un dizionario convertito da tale stringa contiene le chiavi duplicate 'Server' e 'SERVER'.
2026-06-13 16:57:11.249 [DIAG] Diagnostica memoria...
2026-06-13 16:57:11.557 [DIAG] Diagnostica file...
2026-06-13 16:57:11.683 [DIAG] Diagnostica processi...
2026-06-13 16:57:11.862 [DIAG] Generazione raccomandazioni...
2026-06-13 16:57:11.870 [OK] Report diagnostica salvato: C:\cellular_speace\reports\manutenzione\correttiva\diagnosi_20260613_165711.json
2026-06-13 16:57:11.886 [OK] Diagnosi Markdown salvata: C:\cellular_speace\data\diagnosi\diagnosi_20260613_165711.md
2026-06-13 16:57:15.363 [DIAG] Diagnostica processi...
2026-06-13 16:57:15.512 [DIAG] Diagnostica log errori...
2026-06-13 16:57:21.954 [ERROR] [critico] Log/errori_recenti: 3365 errori nelle ultime 2 ore
2026-06-13 16:57:21.964 [DIAG] Generazione raccomandazioni...
2026-06-13 16:57:21.984 [FIX] Avvio azioni correttive automatiche...
2026-06-13 16:57:21.984 [INFO] Nessuna azione correttiva automatica disponibile
2026-06-13 16:57:21.984 [OK] Report diagnostica salvato: C:\cellular_speace\reports\manutenzione\correttiva\diagnosi_20260613_165711.json
2026-06-13 16:57:21.984 [OK] Diagnosi Markdown salvata: C:\cellular_speace\data\diagnosi\diagnosi_20260613_165711.md
