2026-06-13 14:44:53.327 [DIAG] Diagnostica runtime...
2026-06-13 14:44:53.368 [ERROR] [alto] Runtime/snapshot_vecchio: Snapshot ha 106.3min (>30min)
2026-06-13 14:44:53.733 [DIAG] Diagnostica runtime...
2026-06-13 14:44:53.773 [ERROR] [alto] Runtime/snapshot_vecchio: Snapshot ha 106.3min (>30min)
2026-06-13 14:44:53.880 [DIAG] Diagnostica processi...
2026-06-13 14:44:54.195 [WARN] [medio] Runtime/errore_lettura_snapshot: Errore lettura snapshot: Impossibile convertire la stringa JSON perché un dizionario convertito da tale stringa contiene le chiavi duplicate 'Server' e 'SERVER'.
2026-06-13 14:44:54.332 [DIAG] Generazione raccomandazioni...
2026-06-13 14:44:54.474 [OK] Report diagnostica salvato: C:\cellular_speace\reports\manutenzione\correttiva\diagnosi_20260613_144453.json
2026-06-13 14:44:54.510 [WARN] [medio] Runtime/errore_lettura_snapshot: Errore lettura snapshot: Impossibile convertire la stringa JSON perché un dizionario convertito da tale stringa contiene le chiavi duplicate 'Server' e 'SERVER'.
2026-06-13 14:44:54.537 [OK] Diagnosi Markdown salvata: C:\cellular_speace\data\diagnosi\diagnosi_20260613_144453.md
2026-06-13 14:44:55.286 [DIAG] Diagnostica memoria...
2026-06-13 14:44:55.903 [DIAG] Diagnostica file...
2026-06-13 14:44:55.952 [DIAG] Diagnostica memoria...
2026-06-13 14:44:56.720 [DIAG] Diagnostica file...
2026-06-13 14:45:03.327 [DIAG] Diagnostica processi...
2026-06-13 14:45:03.617 [DIAG] Diagnostica processi...
2026-06-13 14:45:03.680 [DIAG] Diagnostica log errori...
2026-06-13 14:45:03.960 [DIAG] Diagnostica log errori...
2026-06-13 14:45:14.878 [ERROR] [critico] Log/errori_recenti: 3419 errori nelle ultime 2 ore
2026-06-13 14:45:15.112 [DIAG] Generazione raccomandazioni...
2026-06-13 14:45:15.662 [FIX] Avvio azioni correttive automatiche...
2026-06-13 14:45:15.676 [INFO] Nessuna azione correttiva automatica disponibile
2026-06-13 14:45:15.723 [OK] Report diagnostica salvato: C:\cellular_speace\reports\manutenzione\correttiva\diagnosi_20260613_144453.json
2026-06-13 14:45:15.797 [OK] Diagnosi Markdown salvata: C:\cellular_speace\data\diagnosi\diagnosi_20260613_144453.md
2026-06-13 14:45:16.413 [ERROR] [critico] Log/errori_recenti: 3421 errori nelle ultime 2 ore
2026-06-13 14:45:16.871 [DIAG] Generazione raccomandazioni...
2026-06-13 14:45:17.222 [FIX] Avvio azioni correttive automatiche...
2026-06-13 14:45:17.247 [INFO] Nessuna azione correttiva automatica disponibile
2026-06-13 14:45:17.339 [OK] Report diagnostica salvato: C:\cellular_speace\reports\manutenzione\correttiva\diagnosi_20260613_144453.json
2026-06-13 14:45:17.382 [OK] Diagnosi Markdown salvata: C:\cellular_speace\data\diagnosi\diagnosi_20260613_144453.md
