2026-06-13 14:25:04.230 [DIAG] Diagnostica processi...
2026-06-13 14:25:04.393 [DIAG] Diagnostica processi...
2026-06-13 14:25:04.421 [DIAG] Generazione raccomandazioni...
2026-06-13 14:25:04.446 [OK] Report diagnostica salvato: C:\cellular_speace\reports\manutenzione\correttiva\diagnosi_20260613_142504.json
2026-06-13 14:25:04.455 [OK] Diagnosi Markdown salvata: C:\cellular_speace\data\diagnosi\diagnosi_20260613_142504.md
2026-06-13 14:25:04.591 [DIAG] Generazione raccomandazioni...
2026-06-13 14:25:04.618 [OK] Report diagnostica salvato: C:\cellular_speace\reports\manutenzione\correttiva\diagnosi_20260613_142504.json
2026-06-13 14:25:04.618 [OK] Diagnosi Markdown salvata: C:\cellular_speace\data\diagnosi\diagnosi_20260613_142504.md
2026-06-13 14:25:04.650 [DIAG] Diagnostica runtime...
2026-06-13 14:25:04.665 [ERROR] [alto] Runtime/snapshot_vecchio: Snapshot ha 86.5min (>30min)
2026-06-13 14:25:04.700 [WARN] [medio] Runtime/errore_lettura_snapshot: Errore lettura snapshot: Impossibile convertire la stringa JSON perché un dizionario convertito da tale stringa contiene le chiavi duplicate 'Server' e 'SERVER'.
2026-06-13 14:25:04.719 [DIAG] Diagnostica memoria...
2026-06-13 14:25:05.091 [DIAG] Diagnostica file...
2026-06-13 14:25:08.550 [DIAG] Diagnostica processi...
2026-06-13 14:25:08.713 [DIAG] Diagnostica log errori...
2026-06-13 14:25:13.888 [ERROR] [critico] Log/errori_recenti: 2873 errori nelle ultime 2 ore
2026-06-13 14:25:13.906 [DIAG] Generazione raccomandazioni...
2026-06-13 14:25:13.933 [FIX] Avvio azioni correttive automatiche...
2026-06-13 14:25:13.938 [INFO] Nessuna azione correttiva automatica disponibile
2026-06-13 14:25:13.938 [OK] Report diagnostica salvato: C:\cellular_speace\reports\manutenzione\correttiva\diagnosi_20260613_142504.json
2026-06-13 14:25:13.946 [OK] Diagnosi Markdown salvata: C:\cellular_speace\data\diagnosi\diagnosi_20260613_142504.md
