2026-06-13 17:39:29.272 [DIAG] Diagnostica processi...
2026-06-13 17:39:29.456 [DIAG] Diagnostica processi...
2026-06-13 17:39:29.555 [DIAG] Generazione raccomandazioni...
2026-06-13 17:39:29.711 [DIAG] Generazione raccomandazioni...
2026-06-13 17:39:29.840 [OK] Report diagnostica salvato: C:\cellular_speace\reports\manutenzione\correttiva\diagnosi_20260613_173929.json
2026-06-13 17:39:29.860 [OK] Diagnosi Markdown salvata: C:\cellular_speace\data\diagnosi\diagnosi_20260613_173929.md
2026-06-13 17:39:29.958 [OK] Report diagnostica salvato: C:\cellular_speace\reports\manutenzione\correttiva\diagnosi_20260613_173929.json
2026-06-13 17:39:30.002 [OK] Diagnosi Markdown salvata: C:\cellular_speace\data\diagnosi\diagnosi_20260613_173929.md
2026-06-13 17:39:30.054 [DIAG] Diagnostica runtime...
2026-06-13 17:39:30.064 [ERROR] [alto] Runtime/snapshot_vecchio: Snapshot ha 280.9min (>30min)
2026-06-13 17:39:30.387 [WARN] [medio] Runtime/errore_lettura_snapshot: Errore lettura snapshot: Impossibile convertire la stringa JSON perché un dizionario convertito da tale stringa contiene le chiavi duplicate 'Server' e 'SERVER'.
2026-06-13 17:39:30.944 [DIAG] Diagnostica memoria...
2026-06-13 17:39:31.427 [DIAG] Diagnostica file...
2026-06-13 17:39:38.773 [DIAG] Diagnostica processi...
2026-06-13 17:39:39.019 [DIAG] Diagnostica log errori...
2026-06-13 17:39:49.260 [ERROR] [critico] Log/errori_recenti: 3456 errori nelle ultime 2 ore
2026-06-13 17:39:49.478 [DIAG] Generazione raccomandazioni...
2026-06-13 17:39:49.656 [FIX] Avvio azioni correttive automatiche...
2026-06-13 17:39:49.665 [INFO] Nessuna azione correttiva automatica disponibile
2026-06-13 17:39:49.680 [OK] Report diagnostica salvato: C:\cellular_speace\reports\manutenzione\correttiva\diagnosi_20260613_173929.json
2026-06-13 17:39:49.708 [OK] Diagnosi Markdown salvata: C:\cellular_speace\data\diagnosi\diagnosi_20260613_173929.md
