2026-06-13 18:09:30.100 [DIAG] Diagnostica processi...
2026-06-13 18:09:30.309 [DIAG] Generazione raccomandazioni...
2026-06-13 18:09:30.329 [OK] Report diagnostica salvato: C:\cellular_speace\reports\manutenzione\correttiva\diagnosi_20260613_180930.json
2026-06-13 18:09:30.329 [OK] Diagnosi Markdown salvata: C:\cellular_speace\data\diagnosi\diagnosi_20260613_180930.md
2026-06-13 18:09:30.754 [DIAG] Diagnostica processi...
2026-06-13 18:09:30.944 [DIAG] Generazione raccomandazioni...
2026-06-13 18:09:30.961 [OK] Report diagnostica salvato: C:\cellular_speace\reports\manutenzione\correttiva\diagnosi_20260613_180930.json
2026-06-13 18:09:30.961 [OK] Diagnosi Markdown salvata: C:\cellular_speace\data\diagnosi\diagnosi_20260613_180930.md
2026-06-13 18:09:30.993 [DIAG] Diagnostica runtime...
2026-06-13 18:09:30.998 [ERROR] [alto] Runtime/snapshot_vecchio: Snapshot ha 311min (>30min)
2026-06-13 18:09:31.021 [WARN] [medio] Runtime/errore_lettura_snapshot: Errore lettura snapshot: Impossibile convertire la stringa JSON perché un dizionario convertito da tale stringa contiene le chiavi duplicate 'Server' e 'SERVER'.
2026-06-13 18:09:31.036 [DIAG] Diagnostica memoria...
2026-06-13 18:09:31.380 [DIAG] Diagnostica file...
2026-06-13 18:09:35.995 [DIAG] Diagnostica processi...
2026-06-13 18:09:36.231 [DIAG] Diagnostica log errori...
2026-06-13 18:09:43.999 [ERROR] [critico] Log/errori_recenti: 3378 errori nelle ultime 2 ore
2026-06-13 18:09:44.007 [DIAG] Generazione raccomandazioni...
2026-06-13 18:09:44.025 [FIX] Avvio azioni correttive automatiche...
2026-06-13 18:09:44.027 [INFO] Nessuna azione correttiva automatica disponibile
2026-06-13 18:09:44.033 [OK] Report diagnostica salvato: C:\cellular_speace\reports\manutenzione\correttiva\diagnosi_20260613_180930.json
2026-06-13 18:09:44.039 [OK] Diagnosi Markdown salvata: C:\cellular_speace\data\diagnosi\diagnosi_20260613_180930.md
