2026-06-13 17:02:46.302 [DIAG] Diagnostica processi...
2026-06-13 17:02:46.608 [DIAG] Generazione raccomandazioni...
2026-06-13 17:02:46.749 [OK] Report diagnostica salvato: C:\cellular_speace\reports\manutenzione\correttiva\diagnosi_20260613_170246.json
2026-06-13 17:02:46.771 [OK] Diagnosi Markdown salvata: C:\cellular_speace\data\diagnosi\diagnosi_20260613_170246.md
2026-06-13 17:02:46.855 [DIAG] Diagnostica processi...
2026-06-13 17:02:46.981 [DIAG] Diagnostica runtime...
2026-06-13 17:02:47.027 [ERROR] [alto] Runtime/snapshot_vecchio: Snapshot ha 244.2min (>30min)
2026-06-13 17:02:47.156 [DIAG] Generazione raccomandazioni...
2026-06-13 17:02:47.335 [WARN] [medio] Runtime/errore_lettura_snapshot: Errore lettura snapshot: Impossibile convertire la stringa JSON perché un dizionario convertito da tale stringa contiene le chiavi duplicate 'Server' e 'SERVER'.
2026-06-13 17:02:47.348 [ERROR] Impossibile salvare report JSON: Il processo non può accedere al file 'C:\cellular_speace\data\logs\manutenzione\correttiva\diagnostica_20260613_170246.log' perché è in uso da un altro processo.
2026-06-13 17:02:47.394 [OK] Diagnosi Markdown salvata: C:\cellular_speace\data\diagnosi\diagnosi_20260613_170246.md
2026-06-13 17:02:47.810 [DIAG] Diagnostica memoria...
2026-06-13 17:02:48.241 [DIAG] Diagnostica file...
2026-06-13 17:02:53.625 [DIAG] Diagnostica processi...
2026-06-13 17:02:53.837 [DIAG] Diagnostica log errori...
2026-06-13 17:03:03.102 [ERROR] [critico] Log/errori_recenti: 3396 errori nelle ultime 2 ore
2026-06-13 17:03:03.257 [DIAG] Generazione raccomandazioni...
2026-06-13 17:03:03.339 [FIX] Avvio azioni correttive automatiche...
2026-06-13 17:03:03.349 [INFO] Nessuna azione correttiva automatica disponibile
2026-06-13 17:03:03.363 [OK] Report diagnostica salvato: C:\cellular_speace\reports\manutenzione\correttiva\diagnosi_20260613_170246.json
2026-06-13 17:03:03.421 [OK] Diagnosi Markdown salvata: C:\cellular_speace\data\diagnosi\diagnosi_20260613_170246.md
