2026-06-13 13:47:23.196 [DIAG] Diagnostica runtime...
2026-06-13 13:47:23.196 [ERROR] [alto] Runtime/snapshot_vecchio: Snapshot ha 48.8min (>30min)
2026-06-13 13:47:23.211 [WARN] [medio] Runtime/errore_lettura_snapshot: Errore lettura snapshot: Impossibile convertire la stringa JSON perché un dizionario convertito da tale stringa contiene le chiavi duplicate 'Server' e 'SERVER'.
2026-06-13 13:47:23.227 [DIAG] Diagnostica memoria...
2026-06-13 13:47:23.258 [DIAG] Diagnostica runtime...
2026-06-13 13:47:23.258 [ERROR] [alto] Runtime/snapshot_vecchio: Snapshot ha 48.8min (>30min)
2026-06-13 13:47:23.280 [WARN] [medio] Runtime/errore_lettura_snapshot: Errore lettura snapshot: Impossibile convertire la stringa JSON perché un dizionario convertito da tale stringa contiene le chiavi duplicate 'Server' e 'SERVER'.
2026-06-13 13:47:23.290 [DIAG] Diagnostica memoria...
2026-06-13 13:47:23.573 [DIAG] Diagnostica file...
2026-06-13 13:47:23.599 [DIAG] Diagnostica file...
2026-06-13 13:47:26.594 [DIAG] Diagnostica processi...
2026-06-13 13:47:26.625 [DIAG] Diagnostica processi...
2026-06-13 13:47:26.738 [DIAG] Diagnostica log errori...
2026-06-13 13:47:26.754 [DIAG] Diagnostica log errori...
2026-06-13 13:47:29.167 [ERROR] [critico] Log/errori_recenti: 1820 errori nelle ultime 2 ore
2026-06-13 13:47:29.177 [DIAG] Generazione raccomandazioni...
2026-06-13 13:47:29.214 [FIX] Avvio azioni correttive automatiche...
2026-06-13 13:47:29.224 [INFO] Nessuna azione correttiva automatica disponibile
2026-06-13 13:47:29.234 [OK] Report diagnostica salvato: C:\cellular_speace\reports\manutenzione\correttiva\diagnosi_20260613_134723.json
2026-06-13 13:47:29.243 [ERROR] [critico] Log/errori_recenti: 1820 errori nelle ultime 2 ore
2026-06-13 13:47:29.249 [OK] Diagnosi Markdown salvata: C:\cellular_speace\data\diagnosi\diagnosi_20260613_134723.md
2026-06-13 13:47:29.254 [DIAG] Generazione raccomandazioni...
2026-06-13 13:47:29.287 [FIX] Avvio azioni correttive automatiche...
2026-06-13 13:47:29.296 [INFO] Nessuna azione correttiva automatica disponibile
2026-06-13 13:47:29.301 [OK] Report diagnostica salvato: C:\cellular_speace\reports\manutenzione\correttiva\diagnosi_20260613_134723.json
2026-06-13 13:47:29.317 [OK] Diagnosi Markdown salvata: C:\cellular_speace\data\diagnosi\diagnosi_20260613_134723.md
