2026-06-13 13:52:27.489 [DIAG] Diagnostica processi...
2026-06-13 13:52:27.648 [DIAG] Generazione raccomandazioni...
2026-06-13 13:52:27.669 [OK] Report diagnostica salvato: C:\cellular_speace\reports\manutenzione\correttiva\diagnosi_20260613_135227.json
2026-06-13 13:52:27.671 [OK] Diagnosi Markdown salvata: C:\cellular_speace\data\diagnosi\diagnosi_20260613_135227.md
2026-06-13 13:52:27.688 [DIAG] Diagnostica runtime...
2026-06-13 13:52:27.696 [ERROR] [alto] Runtime/snapshot_vecchio: Snapshot ha 53.9min (>30min)
2026-06-13 13:52:27.716 [WARN] [medio] Runtime/errore_lettura_snapshot: Errore lettura snapshot: Impossibile convertire la stringa JSON perché un dizionario convertito da tale stringa contiene le chiavi duplicate 'Server' e 'SERVER'.
2026-06-13 13:52:27.727 [DIAG] Diagnostica memoria...
2026-06-13 13:52:27.886 [DIAG] Diagnostica processi...
2026-06-13 13:52:28.012 [DIAG] Diagnostica file...
2026-06-13 13:52:28.048 [DIAG] Generazione raccomandazioni...
2026-06-13 13:52:28.066 [OK] Report diagnostica salvato: C:\cellular_speace\reports\manutenzione\correttiva\diagnosi_20260613_135227.json
2026-06-13 13:52:28.066 [OK] Diagnosi Markdown salvata: C:\cellular_speace\data\diagnosi\diagnosi_20260613_135227.md
2026-06-13 13:52:30.950 [DIAG] Diagnostica processi...
2026-06-13 13:52:31.082 [DIAG] Diagnostica log errori...
2026-06-13 13:52:33.727 [ERROR] [critico] Log/errori_recenti: 1997 errori nelle ultime 2 ore
2026-06-13 13:52:33.741 [DIAG] Generazione raccomandazioni...
2026-06-13 13:52:33.759 [FIX] Avvio azioni correttive automatiche...
2026-06-13 13:52:33.759 [INFO] Nessuna azione correttiva automatica disponibile
2026-06-13 13:52:33.759 [OK] Report diagnostica salvato: C:\cellular_speace\reports\manutenzione\correttiva\diagnosi_20260613_135227.json
2026-06-13 13:52:33.776 [OK] Diagnosi Markdown salvata: C:\cellular_speace\data\diagnosi\diagnosi_20260613_135227.md
