2026-06-13 17:34:13.206 [DIAG] Diagnostica processi...
2026-06-13 17:34:13.339 [DIAG] Generazione raccomandazioni...
2026-06-13 17:34:13.354 [OK] Report diagnostica salvato: C:\cellular_speace\reports\manutenzione\correttiva\diagnosi_20260613_173413.json
2026-06-13 17:34:13.360 [OK] Diagnosi Markdown salvata: C:\cellular_speace\data\diagnosi\diagnosi_20260613_173413.md
2026-06-13 17:34:13.600 [DIAG] Diagnostica processi...
2026-06-13 17:34:13.731 [DIAG] Generazione raccomandazioni...
2026-06-13 17:34:13.742 [OK] Report diagnostica salvato: C:\cellular_speace\reports\manutenzione\correttiva\diagnosi_20260613_173413.json
2026-06-13 17:34:13.742 [OK] Diagnosi Markdown salvata: C:\cellular_speace\data\diagnosi\diagnosi_20260613_173413.md
2026-06-13 17:34:13.774 [DIAG] Diagnostica runtime...
2026-06-13 17:34:13.774 [ERROR] [alto] Runtime/snapshot_vecchio: Snapshot ha 275.7min (>30min)
2026-06-13 17:34:13.801 [WARN] [medio] Runtime/errore_lettura_snapshot: Errore lettura snapshot: Impossibile convertire la stringa JSON perché un dizionario convertito da tale stringa contiene le chiavi duplicate 'Server' e 'SERVER'.
2026-06-13 17:34:13.806 [DIAG] Diagnostica memoria...
2026-06-13 17:34:14.063 [DIAG] Diagnostica file...
2026-06-13 17:34:16.743 [DIAG] Diagnostica processi...
2026-06-13 17:34:16.849 [DIAG] Diagnostica log errori...
2026-06-13 17:34:21.415 [ERROR] [critico] Log/errori_recenti: 3395 errori nelle ultime 2 ore
2026-06-13 17:34:21.421 [DIAG] Generazione raccomandazioni...
2026-06-13 17:34:21.441 [FIX] Avvio azioni correttive automatiche...
2026-06-13 17:34:21.443 [INFO] Nessuna azione correttiva automatica disponibile
2026-06-13 17:34:21.446 [OK] Report diagnostica salvato: C:\cellular_speace\reports\manutenzione\correttiva\diagnosi_20260613_173413.json
2026-06-13 17:34:21.448 [OK] Diagnosi Markdown salvata: C:\cellular_speace\data\diagnosi\diagnosi_20260613_173413.md
