2026-06-13 14:32:54.604 [DIAG] Diagnostica processi...
2026-06-13 14:32:54.778 [DIAG] Diagnostica processi...
2026-06-13 14:32:54.810 [DIAG] Generazione raccomandazioni...
2026-06-13 14:32:54.846 [OK] Report diagnostica salvato: C:\cellular_speace\reports\manutenzione\correttiva\diagnosi_20260613_143254.json
2026-06-13 14:32:54.851 [OK] Diagnosi Markdown salvata: C:\cellular_speace\data\diagnosi\diagnosi_20260613_143254.md
2026-06-13 14:32:54.883 [DIAG] Diagnostica runtime...
2026-06-13 14:32:54.889 [ERROR] [alto] Runtime/snapshot_vecchio: Snapshot ha 94.4min (>30min)
2026-06-13 14:32:54.934 [WARN] [medio] Runtime/errore_lettura_snapshot: Errore lettura snapshot: Impossibile convertire la stringa JSON perché un dizionario convertito da tale stringa contiene le chiavi duplicate 'Server' e 'SERVER'.
2026-06-13 14:32:54.951 [DIAG] Diagnostica memoria...
2026-06-13 14:32:54.985 [DIAG] Generazione raccomandazioni...
2026-06-13 14:32:55.008 [OK] Report diagnostica salvato: C:\cellular_speace\reports\manutenzione\correttiva\diagnosi_20260613_143254.json
2026-06-13 14:32:55.014 [OK] Diagnosi Markdown salvata: C:\cellular_speace\data\diagnosi\diagnosi_20260613_143254.md
2026-06-13 14:32:55.290 [DIAG] Diagnostica file...
2026-06-13 14:32:59.517 [DIAG] Diagnostica processi...
2026-06-13 14:32:59.720 [DIAG] Diagnostica log errori...
2026-06-13 14:33:09.958 [ERROR] [critico] Log/errori_recenti: 3082 errori nelle ultime 2 ore
2026-06-13 14:33:10.264 [DIAG] Generazione raccomandazioni...
2026-06-13 14:33:10.387 [FIX] Avvio azioni correttive automatiche...
2026-06-13 14:33:10.397 [INFO] Nessuna azione correttiva automatica disponibile
2026-06-13 14:33:10.406 [OK] Report diagnostica salvato: C:\cellular_speace\reports\manutenzione\correttiva\diagnosi_20260613_143254.json
2026-06-13 14:33:10.415 [OK] Diagnosi Markdown salvata: C:\cellular_speace\data\diagnosi\diagnosi_20260613_143254.md
