2026-06-13 16:22:50.116 [DIAG] Diagnostica processi...
2026-06-13 16:22:50.323 [DIAG] Generazione raccomandazioni...
2026-06-13 16:22:50.330 [DIAG] Diagnostica processi...
2026-06-13 16:22:50.341 [DIAG] Diagnostica processi...
2026-06-13 16:22:50.343 [OK] Report diagnostica salvato: C:\cellular_speace\reports\manutenzione\correttiva\diagnosi_20260613_162250.json
2026-06-13 16:22:50.343 [OK] Diagnosi Markdown salvata: C:\cellular_speace\data\diagnosi\diagnosi_20260613_162250.md
2026-06-13 16:22:50.384 [DIAG] Diagnostica runtime...
2026-06-13 16:22:50.399 [ERROR] [alto] Runtime/snapshot_vecchio: Snapshot ha 204.3min (>30min)
2026-06-13 16:22:50.415 [WARN] [medio] Runtime/errore_lettura_snapshot: Errore lettura snapshot: Impossibile convertire la stringa JSON perché un dizionario convertito da tale stringa contiene le chiavi duplicate 'Server' e 'SERVER'.
2026-06-13 16:22:50.431 [DIAG] Diagnostica memoria...
2026-06-13 16:22:50.509 [DIAG] Generazione raccomandazioni...
2026-06-13 16:22:50.512 [DIAG] Generazione raccomandazioni...
2026-06-13 16:22:50.526 [OK] Report diagnostica salvato: C:\cellular_speace\reports\manutenzione\correttiva\diagnosi_20260613_162250.json
2026-06-13 16:22:50.526 [OK] Report diagnostica salvato: C:\cellular_speace\reports\manutenzione\correttiva\diagnosi_20260613_162250.json
2026-06-13 16:22:50.539 [ERROR] ERRORE FATALE: Il processo non può accedere al file 'C:\cellular_speace\data\diagnosi\diagnosi_20260613_162250.md' perché è in uso da un altro processo.
2026-06-13 16:22:50.549 [OK] Diagnosi Markdown salvata: C:\cellular_speace\data\diagnosi\diagnosi_20260613_162250.md
2026-06-13 16:22:50.573 [DIAG] Diagnostica runtime...
2026-06-13 16:22:50.573 [DIAG] Diagnostica runtime...
2026-06-13 16:22:50.573 [ERROR] [alto] Runtime/snapshot_vecchio: Snapshot ha 204.3min (>30min)
2026-06-13 16:22:50.589 [ERROR] [alto] Runtime/snapshot_vecchio: Snapshot ha 204.3min (>30min)
2026-06-13 16:22:50.602 [WARN] [medio] Runtime/errore_lettura_snapshot: Errore lettura snapshot: Impossibile convertire la stringa JSON perché un dizionario convertito da tale stringa contiene le chiavi duplicate 'Server' e 'SERVER'.
2026-06-13 16:22:50.604 [WARN] [medio] Runtime/errore_lettura_snapshot: Errore lettura snapshot: Impossibile convertire la stringa JSON perché un dizionario convertito da tale stringa contiene le chiavi duplicate 'Server' e 'SERVER'.
2026-06-13 16:22:50.614 [DIAG] Diagnostica memoria...
2026-06-13 16:22:50.622 [DIAG] Diagnostica memoria...
2026-06-13 16:22:50.788 [DIAG] Diagnostica file...
2026-06-13 16:22:50.990 [DIAG] Diagnostica file...
2026-06-13 16:22:51.013 [DIAG] Diagnostica file...
2026-06-13 16:22:55.097 [DIAG] Diagnostica processi...
2026-06-13 16:22:55.410 [DIAG] Diagnostica log errori...
2026-06-13 16:22:55.618 [DIAG] Diagnostica processi...
2026-06-13 16:22:55.658 [ERROR] ERRORE FATALE: Il processo non può accedere al file 'C:\cellular_speace\data\logs\manutenzione\correttiva\diagnostica_20260613_162250.log' perché è in uso da un altro processo.
2026-06-13 16:22:55.958 [DIAG] Diagnostica log errori...
2026-06-13 16:23:04.258 [ERROR] [critico] Log/errori_recenti: 3398 errori nelle ultime 2 ore
2026-06-13 16:23:04.258 [DIAG] Generazione raccomandazioni...
2026-06-13 16:23:04.290 [FIX] Avvio azioni correttive automatiche...
2026-06-13 16:23:04.290 [INFO] Nessuna azione correttiva automatica disponibile
2026-06-13 16:23:04.299 [OK] Report diagnostica salvato: C:\cellular_speace\reports\manutenzione\correttiva\diagnosi_20260613_162250.json
2026-06-13 16:23:04.303 [OK] Diagnosi Markdown salvata: C:\cellular_speace\data\diagnosi\diagnosi_20260613_162250.md
2026-06-13 16:23:04.474 [ERROR] [critico] Log/errori_recenti: 3398 errori nelle ultime 2 ore
2026-06-13 16:23:04.483 [DIAG] Generazione raccomandazioni...
2026-06-13 16:23:04.505 [FIX] Avvio azioni correttive automatiche...
2026-06-13 16:23:04.507 [INFO] Nessuna azione correttiva automatica disponibile
2026-06-13 16:23:04.509 [OK] Report diagnostica salvato: C:\cellular_speace\reports\manutenzione\correttiva\diagnosi_20260613_162250.json
2026-06-13 16:23:04.509 [OK] Diagnosi Markdown salvata: C:\cellular_speace\data\diagnosi\diagnosi_20260613_162250.md
