2026-06-13 18:50:58.106 [DIAG] Diagnostica processi...
2026-06-13 18:50:58.161 [DIAG] Diagnostica processi...
2026-06-13 18:50:58.376 [DIAG] Generazione raccomandazioni...
2026-06-13 18:50:58.386 [DIAG] Generazione raccomandazioni...
2026-06-13 18:50:58.408 [OK] Report diagnostica salvato: C:\cellular_speace\reports\manutenzione\correttiva\diagnosi_20260613_185058.json
2026-06-13 18:50:58.414 [OK] Diagnosi Markdown salvata: C:\cellular_speace\data\diagnosi\diagnosi_20260613_185058.md
2026-06-13 18:50:58.445 [DIAG] Diagnostica runtime...
2026-06-13 18:50:58.449 [ERROR] [alto] Runtime/snapshot_vecchio: Snapshot ha 352.4min (>30min)
2026-06-13 18:50:58.451 [OK] Report diagnostica salvato: C:\cellular_speace\reports\manutenzione\correttiva\diagnosi_20260613_185058.json
2026-06-13 18:50:58.459 [OK] Diagnosi Markdown salvata: C:\cellular_speace\data\diagnosi\diagnosi_20260613_185058.md
2026-06-13 18:50:58.497 [WARN] [medio] Runtime/errore_lettura_snapshot: Errore lettura snapshot: Impossibile convertire la stringa JSON perché un dizionario convertito da tale stringa contiene le chiavi duplicate 'Server' e 'SERVER'.
2026-06-13 18:50:58.507 [DIAG] Diagnostica memoria...
2026-06-13 18:50:58.915 [DIAG] Diagnostica file...
2026-06-13 18:51:03.843 [DIAG] Diagnostica processi...
2026-06-13 18:51:03.973 [DIAG] Diagnostica log errori...
2026-06-13 18:51:08.460 [ERROR] [critico] Log/errori_recenti: 3328 errori nelle ultime 2 ore
2026-06-13 18:51:08.460 [DIAG] Generazione raccomandazioni...
2026-06-13 18:51:08.492 [FIX] Avvio azioni correttive automatiche...
2026-06-13 18:51:08.492 [INFO] Nessuna azione correttiva automatica disponibile
2026-06-13 18:51:08.492 [OK] Report diagnostica salvato: C:\cellular_speace\reports\manutenzione\correttiva\diagnosi_20260613_185058.json
2026-06-13 18:51:08.492 [OK] Diagnosi Markdown salvata: C:\cellular_speace\data\diagnosi\diagnosi_20260613_185058.md
