2026-06-13 18:27:50.104 [DIAG] Diagnostica processi...
2026-06-13 18:27:50.243 [DIAG] Diagnostica processi...
2026-06-13 18:27:50.352 [DIAG] Generazione raccomandazioni...
2026-06-13 18:27:50.398 [OK] Report diagnostica salvato: C:\cellular_speace\reports\manutenzione\correttiva\diagnosi_20260613_182750.json
2026-06-13 18:27:50.405 [OK] Diagnosi Markdown salvata: C:\cellular_speace\data\diagnosi\diagnosi_20260613_182750.md
2026-06-13 18:27:50.460 [DIAG] Generazione raccomandazioni...
2026-06-13 18:27:50.472 [DIAG] Diagnostica runtime...
2026-06-13 18:27:50.479 [ERROR] [alto] Runtime/snapshot_vecchio: Snapshot ha 329.3min (>30min)
2026-06-13 18:27:50.527 [OK] Report diagnostica salvato: C:\cellular_speace\reports\manutenzione\correttiva\diagnosi_20260613_182750.json
2026-06-13 18:27:50.535 [OK] Diagnosi Markdown salvata: C:\cellular_speace\data\diagnosi\diagnosi_20260613_182750.md
2026-06-13 18:27:50.651 [WARN] [medio] Runtime/errore_lettura_snapshot: Errore lettura snapshot: Impossibile convertire la stringa JSON perché un dizionario convertito da tale stringa contiene le chiavi duplicate 'Server' e 'SERVER'.
2026-06-13 18:27:50.925 [DIAG] Diagnostica memoria...
2026-06-13 18:27:51.379 [DIAG] Diagnostica file...
2026-06-13 18:27:56.522 [DIAG] Diagnostica processi...
2026-06-13 18:27:56.726 [DIAG] Diagnostica log errori...
2026-06-13 18:28:05.988 [ERROR] [critico] Log/errori_recenti: 3349 errori nelle ultime 2 ore
2026-06-13 18:28:06.899 [DIAG] Generazione raccomandazioni...
2026-06-13 18:28:07.224 [FIX] Avvio azioni correttive automatiche...
2026-06-13 18:28:07.253 [INFO] Nessuna azione correttiva automatica disponibile
2026-06-13 18:28:07.290 [OK] Report diagnostica salvato: C:\cellular_speace\reports\manutenzione\correttiva\diagnosi_20260613_182750.json
2026-06-13 18:28:07.350 [OK] Diagnosi Markdown salvata: C:\cellular_speace\data\diagnosi\diagnosi_20260613_182750.md
