2026-06-13 16:45:21.170 [DIAG] Diagnostica processi...
2026-06-13 16:45:21.536 [DIAG] Generazione raccomandazioni...
2026-06-13 16:45:21.720 [DIAG] Diagnostica processi...
2026-06-13 16:45:21.823 [OK] Report diagnostica salvato: C:\cellular_speace\reports\manutenzione\correttiva\diagnosi_20260613_164521.json
2026-06-13 16:45:21.878 [OK] Diagnosi Markdown salvata: C:\cellular_speace\data\diagnosi\diagnosi_20260613_164521.md
2026-06-13 16:45:22.007 [DIAG] Generazione raccomandazioni...
2026-06-13 16:45:22.061 [DIAG] Diagnostica runtime...
2026-06-13 16:45:22.108 [ERROR] [alto] Runtime/snapshot_vecchio: Snapshot ha 226.8min (>30min)
2026-06-13 16:45:22.239 [OK] Report diagnostica salvato: C:\cellular_speace\reports\manutenzione\correttiva\diagnosi_20260613_164521.json
2026-06-13 16:45:22.261 [OK] Diagnosi Markdown salvata: C:\cellular_speace\data\diagnosi\diagnosi_20260613_164521.md
2026-06-13 16:45:22.538 [WARN] [medio] Runtime/errore_lettura_snapshot: Errore lettura snapshot: Impossibile convertire la stringa JSON perché un dizionario convertito da tale stringa contiene le chiavi duplicate 'Server' e 'SERVER'.
2026-06-13 16:45:23.474 [DIAG] Diagnostica memoria...
2026-06-13 16:45:24.062 [DIAG] Diagnostica file...
2026-06-13 16:45:28.907 [DIAG] Diagnostica processi...
2026-06-13 16:45:29.193 [DIAG] Diagnostica log errori...
2026-06-13 16:45:40.835 [ERROR] [critico] Log/errori_recenti: 3330 errori nelle ultime 2 ore
2026-06-13 16:45:41.151 [DIAG] Generazione raccomandazioni...
2026-06-13 16:45:41.255 [FIX] Avvio azioni correttive automatiche...
2026-06-13 16:45:41.275 [INFO] Nessuna azione correttiva automatica disponibile
2026-06-13 16:45:41.307 [OK] Report diagnostica salvato: C:\cellular_speace\reports\manutenzione\correttiva\diagnosi_20260613_164521.json
2026-06-13 16:45:41.337 [OK] Diagnosi Markdown salvata: C:\cellular_speace\data\diagnosi\diagnosi_20260613_164521.md
