2026-06-13 15:51:11.126 [DIAG] Diagnostica processi...
2026-06-13 15:51:11.456 [DIAG] Generazione raccomandazioni...
2026-06-13 15:51:11.591 [OK] Report diagnostica salvato: C:\cellular_speace\reports\manutenzione\correttiva\diagnosi_20260613_155111.json
2026-06-13 15:51:11.600 [OK] Diagnosi Markdown salvata: C:\cellular_speace\data\diagnosi\diagnosi_20260613_155111.md
2026-06-13 15:51:11.604 [DIAG] Diagnostica runtime...
2026-06-13 15:51:11.615 [ERROR] [alto] Runtime/snapshot_vecchio: Snapshot ha 172.6min (>30min)
2026-06-13 15:51:11.715 [DIAG] Diagnostica runtime...
2026-06-13 15:51:11.723 [WARN] [medio] Runtime/errore_lettura_snapshot: Errore lettura snapshot: Impossibile convertire la stringa JSON perché un dizionario convertito da tale stringa contiene le chiavi duplicate 'Server' e 'SERVER'.
2026-06-13 15:51:11.729 [ERROR] [alto] Runtime/snapshot_vecchio: Snapshot ha 172.6min (>30min)
2026-06-13 15:51:11.845 [WARN] [medio] Runtime/errore_lettura_snapshot: Errore lettura snapshot: Impossibile convertire la stringa JSON perché un dizionario convertito da tale stringa contiene le chiavi duplicate 'Server' e 'SERVER'.
2026-06-13 15:51:11.901 [DIAG] Diagnostica memoria...
2026-06-13 15:51:12.015 [DIAG] Diagnostica processi...
2026-06-13 15:51:12.023 [DIAG] Diagnostica memoria...
2026-06-13 15:51:12.297 [DIAG] Generazione raccomandazioni...
2026-06-13 15:51:12.344 [DIAG] Diagnostica file...
2026-06-13 15:51:12.483 [DIAG] Diagnostica file...
2026-06-13 15:51:12.519 [OK] Report diagnostica salvato: C:\cellular_speace\reports\manutenzione\correttiva\diagnosi_20260613_155111.json
2026-06-13 15:51:12.546 [OK] Diagnosi Markdown salvata: C:\cellular_speace\data\diagnosi\diagnosi_20260613_155111.md
2026-06-13 15:51:16.198 [DIAG] Diagnostica processi...
2026-06-13 15:51:16.391 [DIAG] Diagnostica log errori...
2026-06-13 15:51:16.433 [DIAG] Diagnostica processi...
2026-06-13 15:51:16.594 [DIAG] Diagnostica log errori...
2026-06-13 15:51:22.154 [ERROR] [critico] Log/errori_recenti: 3397 errori nelle ultime 2 ore
2026-06-13 15:51:22.180 [DIAG] Generazione raccomandazioni...
2026-06-13 15:51:22.198 [FIX] Avvio azioni correttive automatiche...
2026-06-13 15:51:22.202 [INFO] Nessuna azione correttiva automatica disponibile
2026-06-13 15:51:22.206 [OK] Report diagnostica salvato: C:\cellular_speace\reports\manutenzione\correttiva\diagnosi_20260613_155111.json
2026-06-13 15:51:22.210 [OK] Diagnosi Markdown salvata: C:\cellular_speace\data\diagnosi\diagnosi_20260613_155111.md
2026-06-13 15:51:22.288 [ERROR] [critico] Log/errori_recenti: 3397 errori nelle ultime 2 ore
2026-06-13 15:51:22.310 [DIAG] Generazione raccomandazioni...
2026-06-13 15:51:22.336 [FIX] Avvio azioni correttive automatiche...
2026-06-13 15:51:22.338 [INFO] Nessuna azione correttiva automatica disponibile
2026-06-13 15:51:22.342 [OK] Report diagnostica salvato: C:\cellular_speace\reports\manutenzione\correttiva\diagnosi_20260613_155111.json
2026-06-13 15:51:22.348 [OK] Diagnosi Markdown salvata: C:\cellular_speace\data\diagnosi\diagnosi_20260613_155111.md
