2026-06-13 18:56:53.645 [DIAG] Diagnostica runtime...
2026-06-13 18:56:53.684 [ERROR] [alto] Runtime/snapshot_vecchio: Snapshot ha 358.3min (>30min)
2026-06-13 18:56:53.952 [DIAG] Diagnostica runtime...
2026-06-13 18:56:53.987 [ERROR] [alto] Runtime/snapshot_vecchio: Snapshot ha 358.3min (>30min)
2026-06-13 18:56:54.211 [WARN] [medio] Runtime/errore_lettura_snapshot: Errore lettura snapshot: Impossibile convertire la stringa JSON perché un dizionario convertito da tale stringa contiene le chiavi duplicate 'Server' e 'SERVER'.
2026-06-13 18:56:54.286 [WARN] [medio] Runtime/errore_lettura_snapshot: Errore lettura snapshot: Impossibile convertire la stringa JSON perché un dizionario convertito da tale stringa contiene le chiavi duplicate 'Server' e 'SERVER'.
2026-06-13 18:56:55.300 [DIAG] Diagnostica memoria...
2026-06-13 18:56:55.380 [DIAG] Diagnostica memoria...
2026-06-13 18:56:55.950 [DIAG] Diagnostica file...
2026-06-13 18:56:56.028 [DIAG] Diagnostica file...
2026-06-13 18:57:05.097 [DIAG] Diagnostica processi...
2026-06-13 18:57:05.457 [DIAG] Diagnostica log errori...
2026-06-13 18:57:09.010 [DIAG] Diagnostica processi...
2026-06-13 18:57:09.462 [DIAG] Diagnostica log errori...
2026-06-13 18:57:30.097 [ERROR] [critico] Log/errori_recenti: 3296 errori nelle ultime 2 ore
2026-06-13 18:57:31.164 [DIAG] Generazione raccomandazioni...
2026-06-13 18:57:31.799 [FIX] Avvio azioni correttive automatiche...
2026-06-13 18:57:31.836 [INFO] Nessuna azione correttiva automatica disponibile
2026-06-13 18:57:31.927 [OK] Report diagnostica salvato: C:\cellular_speace\reports\manutenzione\correttiva\diagnosi_20260613_185653.json
2026-06-13 18:57:32.095 [OK] Diagnosi Markdown salvata: C:\cellular_speace\data\diagnosi\diagnosi_20260613_185653.md
2026-06-13 18:57:32.866 [ERROR] [critico] Log/errori_recenti: 3303 errori nelle ultime 2 ore
2026-06-13 18:57:33.187 [DIAG] Generazione raccomandazioni...
2026-06-13 18:57:33.834 [FIX] Avvio azioni correttive automatiche...
2026-06-13 18:57:33.915 [INFO] Nessuna azione correttiva automatica disponibile
2026-06-13 18:57:34.019 [OK] Report diagnostica salvato: C:\cellular_speace\reports\manutenzione\correttiva\diagnosi_20260613_185653.json
2026-06-13 18:57:34.049 [OK] Diagnosi Markdown salvata: C:\cellular_speace\data\diagnosi\diagnosi_20260613_185653.md
