2026-06-13 15:07:51.433 [DIAG] Diagnostica runtime...
2026-06-13 15:07:51.441 [ERROR] [alto] Runtime/snapshot_vecchio: Snapshot ha 129.3min (>30min)
2026-06-13 15:07:51.619 [WARN] [medio] Runtime/errore_lettura_snapshot: Errore lettura snapshot: Impossibile convertire la stringa JSON perché un dizionario convertito da tale stringa contiene le chiavi duplicate 'Server' e 'SERVER'.
2026-06-13 15:07:51.632 [ERROR] ERRORE FATALE: Il processo non può accedere al file 'C:\cellular_speace\data\logs\manutenzione\correttiva\diagnostica_20260613_150751.log' perché è in uso da un altro processo.
2026-06-13 15:07:51.721 [DIAG] Diagnostica runtime...
2026-06-13 15:07:51.743 [ERROR] [alto] Runtime/snapshot_vecchio: Snapshot ha 129.3min (>30min)
2026-06-13 15:07:52.253 [DIAG] Diagnostica memoria...
2026-06-13 15:07:52.259 [WARN] [medio] Runtime/errore_lettura_snapshot: Errore lettura snapshot: Impossibile convertire la stringa JSON perché un dizionario convertito da tale stringa contiene le chiavi duplicate 'Server' e 'SERVER'.
2026-06-13 15:07:52.777 [DIAG] Diagnostica file...
2026-06-13 15:07:52.829 [DIAG] Diagnostica memoria...
2026-06-13 15:07:53.358 [DIAG] Diagnostica file...
2026-06-13 15:07:58.181 [DIAG] Diagnostica processi...
2026-06-13 15:07:58.597 [DIAG] Diagnostica log errori...
2026-06-13 15:07:59.981 [DIAG] Diagnostica processi...
2026-06-13 15:08:00.375 [DIAG] Diagnostica log errori...
2026-06-13 15:08:11.265 [ERROR] [critico] Log/errori_recenti: 3677 errori nelle ultime 2 ore
2026-06-13 15:08:11.337 [DIAG] Generazione raccomandazioni...
2026-06-13 15:08:11.394 [FIX] Avvio azioni correttive automatiche...
2026-06-13 15:08:11.398 [INFO] Nessuna azione correttiva automatica disponibile
2026-06-13 15:08:11.404 [OK] Report diagnostica salvato: C:\cellular_speace\reports\manutenzione\correttiva\diagnosi_20260613_150751.json
2026-06-13 15:08:11.417 [OK] Diagnosi Markdown salvata: C:\cellular_speace\data\diagnosi\diagnosi_20260613_150751.md
2026-06-13 15:08:11.777 [ERROR] [critico] Log/errori_recenti: 3681 errori nelle ultime 2 ore
2026-06-13 15:08:11.815 [DIAG] Generazione raccomandazioni...
2026-06-13 15:08:11.858 [FIX] Avvio azioni correttive automatiche...
2026-06-13 15:08:11.862 [INFO] Nessuna azione correttiva automatica disponibile
2026-06-13 15:08:11.868 [OK] Report diagnostica salvato: C:\cellular_speace\reports\manutenzione\correttiva\diagnosi_20260613_150751.json
2026-06-13 15:08:11.880 [OK] Diagnosi Markdown salvata: C:\cellular_speace\data\diagnosi\diagnosi_20260613_150751.md
