2026-06-13 17:27:27.375 [DIAG] Diagnostica processi...
2026-06-13 17:27:27.485 [DIAG] Generazione raccomandazioni...
2026-06-13 17:27:27.505 [OK] Report diagnostica salvato: C:\cellular_speace\reports\manutenzione\correttiva\diagnosi_20260613_172727.json
2026-06-13 17:27:27.505 [OK] Diagnosi Markdown salvata: C:\cellular_speace\data\diagnosi\diagnosi_20260613_172727.md
2026-06-13 17:27:27.665 [DIAG] Diagnostica processi...
2026-06-13 17:27:27.767 [DIAG] Generazione raccomandazioni...
2026-06-13 17:27:27.778 [OK] Report diagnostica salvato: C:\cellular_speace\reports\manutenzione\correttiva\diagnosi_20260613_172727.json
2026-06-13 17:27:27.785 [OK] Diagnosi Markdown salvata: C:\cellular_speace\data\diagnosi\diagnosi_20260613_172727.md
2026-06-13 17:27:27.800 [DIAG] Diagnostica runtime...
2026-06-13 17:27:27.804 [ERROR] [alto] Runtime/snapshot_vecchio: Snapshot ha 268.9min (>30min)
2026-06-13 17:27:27.823 [WARN] [medio] Runtime/errore_lettura_snapshot: Errore lettura snapshot: Impossibile convertire la stringa JSON perché un dizionario convertito da tale stringa contiene le chiavi duplicate 'Server' e 'SERVER'.
2026-06-13 17:27:27.823 [DIAG] Diagnostica memoria...
2026-06-13 17:27:28.037 [DIAG] Diagnostica file...
2026-06-13 17:27:30.621 [DIAG] Diagnostica processi...
2026-06-13 17:27:30.734 [DIAG] Diagnostica log errori...
2026-06-13 17:27:35.054 [ERROR] [critico] Log/errori_recenti: 3361 errori nelle ultime 2 ore
2026-06-13 17:27:35.071 [DIAG] Generazione raccomandazioni...
2026-06-13 17:27:35.086 [FIX] Avvio azioni correttive automatiche...
2026-06-13 17:27:35.086 [INFO] Nessuna azione correttiva automatica disponibile
2026-06-13 17:27:35.086 [OK] Report diagnostica salvato: C:\cellular_speace\reports\manutenzione\correttiva\diagnosi_20260613_172727.json
2026-06-13 17:27:35.102 [OK] Diagnosi Markdown salvata: C:\cellular_speace\data\diagnosi\diagnosi_20260613_172727.md
