2026-06-13 13:34:38.430 [DIAG] Diagnostica processi...
2026-06-13 13:34:38.619 [DIAG] Generazione raccomandazioni...
2026-06-13 13:34:38.682 [OK] Report diagnostica salvato: C:\cellular_speace\reports\manutenzione\correttiva\diagnosi_20260613_133438.json
2026-06-13 13:34:38.686 [OK] Diagnosi Markdown salvata: C:\cellular_speace\data\diagnosi\diagnosi_20260613_133438.md
2026-06-13 13:34:38.716 [DIAG] Diagnostica runtime...
2026-06-13 13:34:38.720 [ERROR] [alto] Runtime/snapshot_vecchio: Snapshot ha 36.1min (>30min)
2026-06-13 13:34:38.739 [WARN] [medio] Runtime/errore_lettura_snapshot: Errore lettura snapshot: Impossibile convertire la stringa JSON perché un dizionario convertito da tale stringa contiene le chiavi duplicate 'Server' e 'SERVER'.
2026-06-13 13:34:38.767 [DIAG] Diagnostica memoria...
2026-06-13 13:34:38.910 [DIAG] Diagnostica processi...
2026-06-13 13:34:39.110 [DIAG] Diagnostica file...
2026-06-13 13:34:39.131 [DIAG] Generazione raccomandazioni...
2026-06-13 13:34:39.161 [OK] Report diagnostica salvato: C:\cellular_speace\reports\manutenzione\correttiva\diagnosi_20260613_133438.json
2026-06-13 13:34:39.176 [OK] Diagnosi Markdown salvata: C:\cellular_speace\data\diagnosi\diagnosi_20260613_133438.md
2026-06-13 13:34:41.833 [DIAG] Diagnostica processi...
2026-06-13 13:34:41.991 [DIAG] Diagnostica log errori...
2026-06-13 13:34:44.196 [ERROR] [critico] Log/errori_recenti: 1471 errori nelle ultime 2 ore
2026-06-13 13:34:44.200 [DIAG] Generazione raccomandazioni...
2026-06-13 13:34:44.235 [FIX] Avvio azioni correttive automatiche...
2026-06-13 13:34:44.238 [INFO] Nessuna azione correttiva automatica disponibile
2026-06-13 13:34:44.246 [OK] Report diagnostica salvato: C:\cellular_speace\reports\manutenzione\correttiva\diagnosi_20260613_133438.json
2026-06-13 13:34:44.255 [OK] Diagnosi Markdown salvata: C:\cellular_speace\data\diagnosi\diagnosi_20260613_133438.md
