2026-06-13 13:12:27.240 [DIAG] Diagnostica processi...
2026-06-13 13:12:27.490 [WARN] Errore diagnostica processi: Eccezione durante la chiamata di "ToDateTime" con "1" argomento/i: "Argomento specificato non compreso nell'intervallo.
Nome parametro: dmtfDate"
2026-06-13 13:12:27.496 [DIAG] Generazione raccomandazioni...
2026-06-13 13:12:27.520 [OK] Report diagnostica salvato: C:\cellular_speace\reports\manutenzione\correttiva\diagnosi_20260613_131227.json
2026-06-13 13:12:27.524 [OK] Diagnosi Markdown salvata: C:\cellular_speace\data\diagnosi\diagnosi_20260613_131227.md
2026-06-13 13:12:27.568 [DIAG] Diagnostica runtime...
2026-06-13 13:12:27.595 [WARN] [medio] Runtime/errore_lettura_snapshot: Errore lettura snapshot: Impossibile convertire la stringa JSON perché un dizionario convertito da tale stringa contiene le chiavi duplicate 'Server' e 'SERVER'.
2026-06-13 13:12:27.615 [DIAG] Diagnostica memoria...
2026-06-13 13:12:28.017 [DIAG] Diagnostica file...
2026-06-13 13:12:32.532 [DIAG] Diagnostica processi...
2026-06-13 13:12:32.776 [WARN] Errore diagnostica processi: Eccezione durante la chiamata di "ToDateTime" con "1" argomento/i: "Argomento specificato non compreso nell'intervallo.
Nome parametro: dmtfDate"
2026-06-13 13:12:32.851 [DIAG] Diagnostica log errori...
2026-06-13 13:12:32.869 [WARN] Errore diagnostica log: Impossibile convertire 'System.Object[]' nel tipo 'System.String' richiesto da parametro 'ChildPath'. Specificato metodo non supportato.
2026-06-13 13:12:32.913 [DIAG] Generazione raccomandazioni...
2026-06-13 13:12:33.019 [FIX] Avvio azioni correttive automatiche...
2026-06-13 13:12:33.030 [INFO] Nessuna azione correttiva automatica disponibile
2026-06-13 13:12:33.039 [OK] Report diagnostica salvato: C:\cellular_speace\reports\manutenzione\correttiva\diagnosi_20260613_131227.json
2026-06-13 13:12:33.048 [OK] Diagnosi Markdown salvata: C:\cellular_speace\data\diagnosi\diagnosi_20260613_131227.md
