2026-06-13 13:59:42.155 [DIAG] Diagnostica processi...
2026-06-13 13:59:42.339 [DIAG] Generazione raccomandazioni...
2026-06-13 13:59:42.358 [OK] Report diagnostica salvato: C:\cellular_speace\reports\manutenzione\correttiva\diagnosi_20260613_135942.json
2026-06-13 13:59:42.362 [OK] Diagnosi Markdown salvata: C:\cellular_speace\data\diagnosi\diagnosi_20260613_135942.md
2026-06-13 13:59:42.602 [DIAG] Diagnostica processi...
2026-06-13 13:59:42.615 [DIAG] Diagnostica processi...
2026-06-13 13:59:42.615 [DIAG] Diagnostica processi...
2026-06-13 13:59:42.743 [DIAG] Generazione raccomandazioni...
2026-06-13 13:59:42.765 [DIAG] Generazione raccomandazioni...
2026-06-13 13:59:42.765 [DIAG] Generazione raccomandazioni...
2026-06-13 13:59:42.765 [OK] Report diagnostica salvato: C:\cellular_speace\reports\manutenzione\correttiva\diagnosi_20260613_135942.json
2026-06-13 13:59:42.772 [OK] Diagnosi Markdown salvata: C:\cellular_speace\data\diagnosi\diagnosi_20260613_135942.md
2026-06-13 13:59:42.772 [OK] Report diagnostica salvato: C:\cellular_speace\reports\manutenzione\correttiva\diagnosi_20260613_135942.json
2026-06-13 13:59:42.772 [OK] Report diagnostica salvato: C:\cellular_speace\reports\manutenzione\correttiva\diagnosi_20260613_135942.json
2026-06-13 13:59:42.788 [OK] Diagnosi Markdown salvata: C:\cellular_speace\data\diagnosi\diagnosi_20260613_135942.md
2026-06-13 13:59:42.788 [OK] Diagnosi Markdown salvata: C:\cellular_speace\data\diagnosi\diagnosi_20260613_135942.md
2026-06-13 13:59:42.802 [DIAG] Diagnostica runtime...
2026-06-13 13:59:42.804 [ERROR] [alto] Runtime/snapshot_vecchio: Snapshot ha 61.2min (>30min)
2026-06-13 13:59:42.821 [WARN] [medio] Runtime/errore_lettura_snapshot: Errore lettura snapshot: Impossibile convertire la stringa JSON perché un dizionario convertito da tale stringa contiene le chiavi duplicate 'Server' e 'SERVER'.
2026-06-13 13:59:42.835 [DIAG] Diagnostica memoria...
2026-06-13 13:59:43.082 [DIAG] Diagnostica file...
2026-06-13 13:59:45.234 [DIAG] Diagnostica processi...
2026-06-13 13:59:45.362 [DIAG] Diagnostica log errori...
2026-06-13 13:59:48.108 [ERROR] [critico] Log/errori_recenti: 2210 errori nelle ultime 2 ore
2026-06-13 13:59:48.108 [DIAG] Generazione raccomandazioni...
2026-06-13 13:59:48.134 [FIX] Avvio azioni correttive automatiche...
2026-06-13 13:59:48.140 [INFO] Nessuna azione correttiva automatica disponibile
2026-06-13 13:59:48.140 [OK] Report diagnostica salvato: C:\cellular_speace\reports\manutenzione\correttiva\diagnosi_20260613_135942.json
2026-06-13 13:59:48.140 [OK] Diagnosi Markdown salvata: C:\cellular_speace\data\diagnosi\diagnosi_20260613_135942.md
