2026-06-13 18:10:53.508 [DIAG] Diagnostica processi...
2026-06-13 18:10:53.663 [DIAG] Generazione raccomandazioni...
2026-06-13 18:10:53.688 [OK] Report diagnostica salvato: C:\cellular_speace\reports\manutenzione\correttiva\diagnosi_20260613_181053.json
2026-06-13 18:10:53.688 [OK] Diagnosi Markdown salvata: C:\cellular_speace\data\diagnosi\diagnosi_20260613_181053.md
2026-06-13 18:10:53.713 [DIAG] Diagnostica runtime...
2026-06-13 18:10:53.713 [ERROR] [alto] Runtime/snapshot_vecchio: Snapshot ha 312.3min (>30min)
2026-06-13 18:10:53.800 [WARN] [medio] Runtime/errore_lettura_snapshot: Errore lettura snapshot: Impossibile convertire la stringa JSON perché un dizionario convertito da tale stringa contiene le chiavi duplicate 'Server' e 'SERVER'.
2026-06-13 18:10:53.812 [DIAG] Diagnostica memoria...
2026-06-13 18:10:53.904 [DIAG] Diagnostica processi...
2026-06-13 18:10:54.059 [DIAG] Generazione raccomandazioni...
2026-06-13 18:10:54.075 [OK] Report diagnostica salvato: C:\cellular_speace\reports\manutenzione\correttiva\diagnosi_20260613_181053.json
2026-06-13 18:10:54.075 [OK] Diagnosi Markdown salvata: C:\cellular_speace\data\diagnosi\diagnosi_20260613_181053.md
2026-06-13 18:10:54.102 [DIAG] Diagnostica file...
2026-06-13 18:10:58.165 [DIAG] Diagnostica processi...
2026-06-13 18:10:58.331 [DIAG] Diagnostica log errori...
2026-06-13 18:11:03.744 [ERROR] [critico] Log/errori_recenti: 3415 errori nelle ultime 2 ore
2026-06-13 18:11:03.757 [DIAG] Generazione raccomandazioni...
2026-06-13 18:11:03.765 [FIX] Avvio azioni correttive automatiche...
2026-06-13 18:11:03.765 [INFO] Nessuna azione correttiva automatica disponibile
2026-06-13 18:11:03.765 [OK] Report diagnostica salvato: C:\cellular_speace\reports\manutenzione\correttiva\diagnosi_20260613_181053.json
2026-06-13 18:11:03.781 [OK] Diagnosi Markdown salvata: C:\cellular_speace\data\diagnosi\diagnosi_20260613_181053.md
