2026-06-13 14:06:42.408 [DIAG] Diagnostica processi...
2026-06-13 14:06:42.443 [DIAG] Diagnostica processi...
2026-06-13 14:06:42.638 [DIAG] Generazione raccomandazioni...
2026-06-13 14:06:42.665 [DIAG] Generazione raccomandazioni...
2026-06-13 14:06:42.696 [OK] Report diagnostica salvato: C:\cellular_speace\reports\manutenzione\correttiva\diagnosi_20260613_140642.json
2026-06-13 14:06:42.709 [OK] Diagnosi Markdown salvata: C:\cellular_speace\data\diagnosi\diagnosi_20260613_140642.md
2026-06-13 14:06:42.711 [OK] Report diagnostica salvato: C:\cellular_speace\reports\manutenzione\correttiva\diagnosi_20260613_140642.json
2026-06-13 14:06:42.725 [OK] Diagnosi Markdown salvata: C:\cellular_speace\data\diagnosi\diagnosi_20260613_140642.md
2026-06-13 14:06:42.784 [DIAG] Diagnostica runtime...
2026-06-13 14:06:42.796 [ERROR] [alto] Runtime/snapshot_vecchio: Snapshot ha 68.2min (>30min)
2026-06-13 14:06:42.913 [WARN] [medio] Runtime/errore_lettura_snapshot: Errore lettura snapshot: Impossibile convertire la stringa JSON perché un dizionario convertito da tale stringa contiene le chiavi duplicate 'Server' e 'SERVER'.
2026-06-13 14:06:44.654 [DIAG] Diagnostica memoria...
2026-06-13 14:06:45.387 [DIAG] Diagnostica file...
2026-06-13 14:06:53.144 [DIAG] Diagnostica processi...
2026-06-13 14:06:53.491 [DIAG] Diagnostica log errori...
2026-06-13 14:07:03.527 [ERROR] [critico] Log/errori_recenti: 2416 errori nelle ultime 2 ore
2026-06-13 14:07:04.212 [DIAG] Generazione raccomandazioni...
2026-06-13 14:07:04.493 [FIX] Avvio azioni correttive automatiche...
2026-06-13 14:07:04.503 [INFO] Nessuna azione correttiva automatica disponibile
2026-06-13 14:07:04.545 [OK] Report diagnostica salvato: C:\cellular_speace\reports\manutenzione\correttiva\diagnosi_20260613_140642.json
2026-06-13 14:07:04.648 [OK] Diagnosi Markdown salvata: C:\cellular_speace\data\diagnosi\diagnosi_20260613_140642.md
