2026-06-13 16:01:09.112 [DIAG] Diagnostica processi...
2026-06-13 16:01:09.412 [DIAG] Generazione raccomandazioni...
2026-06-13 16:01:09.580 [OK] Report diagnostica salvato: C:\cellular_speace\reports\manutenzione\correttiva\diagnosi_20260613_160109.json
2026-06-13 16:01:09.630 [OK] Diagnosi Markdown salvata: C:\cellular_speace\data\diagnosi\diagnosi_20260613_160109.md
2026-06-13 16:01:09.745 [DIAG] Diagnostica processi...
2026-06-13 16:01:09.833 [DIAG] Diagnostica runtime...
2026-06-13 16:01:09.875 [ERROR] [alto] Runtime/snapshot_vecchio: Snapshot ha 182.6min (>30min)
2026-06-13 16:01:10.136 [DIAG] Generazione raccomandazioni...
2026-06-13 16:01:10.350 [WARN] [medio] Runtime/errore_lettura_snapshot: Errore lettura snapshot: Impossibile convertire la stringa JSON perché un dizionario convertito da tale stringa contiene le chiavi duplicate 'Server' e 'SERVER'.
2026-06-13 16:01:10.419 [OK] Report diagnostica salvato: C:\cellular_speace\reports\manutenzione\correttiva\diagnosi_20260613_160109.json
2026-06-13 16:01:10.466 [OK] Diagnosi Markdown salvata: C:\cellular_speace\data\diagnosi\diagnosi_20260613_160109.md
2026-06-13 16:01:11.055 [DIAG] Diagnostica memoria...
2026-06-13 16:01:11.710 [DIAG] Diagnostica file...
2026-06-13 16:01:19.487 [DIAG] Diagnostica processi...
2026-06-13 16:01:19.813 [DIAG] Diagnostica log errori...
2026-06-13 16:01:33.920 [ERROR] [critico] Log/errori_recenti: 3296 errori nelle ultime 2 ore
2026-06-13 16:01:34.665 [DIAG] Generazione raccomandazioni...
2026-06-13 16:01:34.958 [FIX] Avvio azioni correttive automatiche...
2026-06-13 16:01:34.987 [INFO] Nessuna azione correttiva automatica disponibile
2026-06-13 16:01:35.054 [OK] Report diagnostica salvato: C:\cellular_speace\reports\manutenzione\correttiva\diagnosi_20260613_160109.json
2026-06-13 16:01:35.137 [OK] Diagnosi Markdown salvata: C:\cellular_speace\data\diagnosi\diagnosi_20260613_160109.md
