2026-06-13 15:34:01.797 [DIAG] Diagnostica runtime...
2026-06-13 15:34:01.868 [ERROR] [alto] Runtime/snapshot_vecchio: Snapshot ha 155.5min (>30min)
2026-06-13 15:34:01.898 [DIAG] Diagnostica runtime...
2026-06-13 15:34:02.198 [ERROR] [alto] Runtime/snapshot_vecchio: Snapshot ha 155.5min (>30min)
2026-06-13 15:34:02.855 [WARN] [medio] Runtime/errore_lettura_snapshot: Errore lettura snapshot: Impossibile convertire la stringa JSON perché un dizionario convertito da tale stringa contiene le chiavi duplicate 'Server' e 'SERVER'.
2026-06-13 15:34:03.007 [WARN] [medio] Runtime/errore_lettura_snapshot: Errore lettura snapshot: Impossibile convertire la stringa JSON perché un dizionario convertito da tale stringa contiene le chiavi duplicate 'Server' e 'SERVER'.
2026-06-13 15:34:04.794 [DIAG] Diagnostica memoria...
2026-06-13 15:34:05.337 [DIAG] Diagnostica memoria...
2026-06-13 15:34:05.717 [DIAG] Diagnostica file...
2026-06-13 15:34:06.213 [DIAG] Diagnostica file...
2026-06-13 15:34:12.308 [DIAG] Diagnostica processi...
2026-06-13 15:34:12.745 [DIAG] Diagnostica log errori...
2026-06-13 15:34:14.536 [DIAG] Diagnostica processi...
2026-06-13 15:34:14.943 [DIAG] Diagnostica log errori...
2026-06-13 15:34:26.925 [ERROR] [critico] Log/errori_recenti: 3448 errori nelle ultime 2 ore
2026-06-13 15:34:27.548 [DIAG] Generazione raccomandazioni...
2026-06-13 15:34:27.933 [FIX] Avvio azioni correttive automatiche...
2026-06-13 15:34:27.952 [INFO] Nessuna azione correttiva automatica disponibile
2026-06-13 15:34:27.998 [OK] Report diagnostica salvato: C:\cellular_speace\reports\manutenzione\correttiva\diagnosi_20260613_153401.json
2026-06-13 15:34:28.069 [OK] Diagnosi Markdown salvata: C:\cellular_speace\data\diagnosi\diagnosi_20260613_153401.md
2026-06-13 15:34:29.032 [ERROR] [critico] Log/errori_recenti: 3449 errori nelle ultime 2 ore
2026-06-13 15:34:29.779 [DIAG] Generazione raccomandazioni...
2026-06-13 15:34:30.171 [FIX] Avvio azioni correttive automatiche...
2026-06-13 15:34:30.186 [INFO] Nessuna azione correttiva automatica disponibile
2026-06-13 15:34:30.242 [OK] Report diagnostica salvato: C:\cellular_speace\reports\manutenzione\correttiva\diagnosi_20260613_153401.json
2026-06-13 15:34:30.296 [OK] Diagnosi Markdown salvata: C:\cellular_speace\data\diagnosi\diagnosi_20260613_153401.md
