2026-06-13 19:11:13.363 [DIAG] Diagnostica processi...
2026-06-13 19:11:13.425 [DIAG] Diagnostica processi...
2026-06-13 19:11:13.457 [DIAG] Generazione raccomandazioni...
2026-06-13 19:11:13.489 [OK] Report diagnostica salvato: C:\cellular_speace\reports\manutenzione\correttiva\diagnosi_20260613_191113.json
2026-06-13 19:11:13.489 [OK] Diagnosi Markdown salvata: C:\cellular_speace\data\diagnosi\diagnosi_20260613_191113.md
2026-06-13 19:11:13.509 [DIAG] Diagnostica runtime...
2026-06-13 19:11:13.520 [ERROR] [alto] Runtime/snapshot_vecchio: Snapshot ha 372.7min (>30min)
2026-06-13 19:11:13.520 [DIAG] Generazione raccomandazioni...
2026-06-13 19:11:13.540 [WARN] [medio] Runtime/errore_lettura_snapshot: Errore lettura snapshot: Impossibile convertire la stringa JSON perché un dizionario convertito da tale stringa contiene le chiavi duplicate 'Server' e 'SERVER'.
2026-06-13 19:11:13.540 [OK] Report diagnostica salvato: C:\cellular_speace\reports\manutenzione\correttiva\diagnosi_20260613_191113.json
2026-06-13 19:11:13.540 [OK] Diagnosi Markdown salvata: C:\cellular_speace\data\diagnosi\diagnosi_20260613_191113.md
2026-06-13 19:11:13.540 [DIAG] Diagnostica memoria...
2026-06-13 19:11:13.566 [DIAG] Diagnostica runtime...
2026-06-13 19:11:13.570 [ERROR] [alto] Runtime/snapshot_vecchio: Snapshot ha 372.7min (>30min)
2026-06-13 19:11:13.583 [WARN] [medio] Runtime/errore_lettura_snapshot: Errore lettura snapshot: Impossibile convertire la stringa JSON perché un dizionario convertito da tale stringa contiene le chiavi duplicate 'Server' e 'SERVER'.
2026-06-13 19:11:13.583 [DIAG] Diagnostica memoria...
2026-06-13 19:11:13.717 [DIAG] Diagnostica file...
2026-06-13 19:11:13.759 [DIAG] Diagnostica file...
2026-06-13 19:11:16.770 [DIAG] Diagnostica processi...
2026-06-13 19:11:16.808 [DIAG] Diagnostica processi...
2026-06-13 19:11:16.856 [DIAG] Diagnostica log errori...
2026-06-13 19:11:16.893 [DIAG] Diagnostica log errori...
2026-06-13 19:11:21.148 [ERROR] [critico] Log/errori_recenti: 3094 errori nelle ultime 2 ore
2026-06-13 19:11:21.164 [DIAG] Generazione raccomandazioni...
2026-06-13 19:11:21.180 [FIX] Avvio azioni correttive automatiche...
2026-06-13 19:11:21.180 [INFO] Nessuna azione correttiva automatica disponibile
2026-06-13 19:11:21.180 [OK] Report diagnostica salvato: C:\cellular_speace\reports\manutenzione\correttiva\diagnosi_20260613_191113.json
2026-06-13 19:11:21.180 [OK] Diagnosi Markdown salvata: C:\cellular_speace\data\diagnosi\diagnosi_20260613_191113.md
2026-06-13 19:11:21.211 [ERROR] [critico] Log/errori_recenti: 3094 errori nelle ultime 2 ore
2026-06-13 19:11:21.211 [DIAG] Generazione raccomandazioni...
2026-06-13 19:11:21.227 [FIX] Avvio azioni correttive automatiche...
2026-06-13 19:11:21.227 [INFO] Nessuna azione correttiva automatica disponibile
2026-06-13 19:11:21.227 [OK] Report diagnostica salvato: C:\cellular_speace\reports\manutenzione\correttiva\diagnosi_20260613_191113.json
2026-06-13 19:11:21.243 [OK] Diagnosi Markdown salvata: C:\cellular_speace\data\diagnosi\diagnosi_20260613_191113.md
