2026-06-13 14:06:52.264 [DIAG] Diagnostica processi...
2026-06-13 14:06:52.523 [DIAG] Generazione raccomandazioni...
2026-06-13 14:06:52.744 [DIAG] Diagnostica runtime...
2026-06-13 14:06:52.764 [ERROR] [alto] Runtime/snapshot_vecchio: Snapshot ha 68.3min (>30min)
2026-06-13 14:06:52.786 [OK] Report diagnostica salvato: C:\cellular_speace\reports\manutenzione\correttiva\diagnosi_20260613_140652.json
2026-06-13 14:06:52.814 [OK] Diagnosi Markdown salvata: C:\cellular_speace\data\diagnosi\diagnosi_20260613_140652.md
2026-06-13 14:06:52.926 [DIAG] Diagnostica runtime...
2026-06-13 14:06:52.948 [ERROR] [alto] Runtime/snapshot_vecchio: Snapshot ha 68.3min (>30min)
2026-06-13 14:06:52.976 [WARN] [medio] Runtime/errore_lettura_snapshot: Errore lettura snapshot: Impossibile convertire la stringa JSON perché un dizionario convertito da tale stringa contiene le chiavi duplicate 'Server' e 'SERVER'.
2026-06-13 14:06:53.120 [WARN] [medio] Runtime/errore_lettura_snapshot: Errore lettura snapshot: Impossibile convertire la stringa JSON perché un dizionario convertito da tale stringa contiene le chiavi duplicate 'Server' e 'SERVER'.
2026-06-13 14:06:53.519 [DIAG] Diagnostica memoria...
2026-06-13 14:06:54.095 [DIAG] Diagnostica file...
2026-06-13 14:06:54.163 [DIAG] Diagnostica memoria...
2026-06-13 14:06:54.866 [DIAG] Diagnostica file...
2026-06-13 14:06:59.212 [DIAG] Diagnostica processi...
2026-06-13 14:06:59.604 [DIAG] Diagnostica log errori...
2026-06-13 14:07:00.908 [DIAG] Diagnostica processi...
2026-06-13 14:07:01.295 [DIAG] Diagnostica log errori...
2026-06-13 14:07:09.091 [ERROR] [critico] Log/errori_recenti: 2422 errori nelle ultime 2 ore
2026-06-13 14:07:09.693 [DIAG] Generazione raccomandazioni...
2026-06-13 14:07:09.932 [FIX] Avvio azioni correttive automatiche...
2026-06-13 14:07:09.991 [INFO] Nessuna azione correttiva automatica disponibile
2026-06-13 14:07:10.015 [OK] Report diagnostica salvato: C:\cellular_speace\reports\manutenzione\correttiva\diagnosi_20260613_140652.json
2026-06-13 14:07:10.061 [OK] Diagnosi Markdown salvata: C:\cellular_speace\data\diagnosi\diagnosi_20260613_140652.md
2026-06-13 14:07:10.821 [ERROR] [critico] Log/errori_recenti: 2426 errori nelle ultime 2 ore
2026-06-13 14:07:11.086 [DIAG] Generazione raccomandazioni...
2026-06-13 14:07:11.185 [FIX] Avvio azioni correttive automatiche...
2026-06-13 14:07:11.195 [INFO] Nessuna azione correttiva automatica disponibile
2026-06-13 14:07:11.206 [OK] Report diagnostica salvato: C:\cellular_speace\reports\manutenzione\correttiva\diagnosi_20260613_140652.json
2026-06-13 14:07:11.218 [OK] Diagnosi Markdown salvata: C:\cellular_speace\data\diagnosi\diagnosi_20260613_140652.md
