2026-06-13 13:19:57.562 [DIAG] Diagnostica processi...
2026-06-13 13:19:57.650 [DIAG] Diagnostica processi...
2026-06-13 13:19:57.803 [DIAG] Generazione raccomandazioni...
2026-06-13 13:19:57.862 [OK] Report diagnostica salvato: C:\cellular_speace\reports\manutenzione\correttiva\diagnosi_20260613_131957.json
2026-06-13 13:19:57.878 [OK] Diagnosi Markdown salvata: C:\cellular_speace\data\diagnosi\diagnosi_20260613_131957.md
2026-06-13 13:19:57.908 [DIAG] Generazione raccomandazioni...
2026-06-13 13:19:57.951 [OK] Report diagnostica salvato: C:\cellular_speace\reports\manutenzione\correttiva\diagnosi_20260613_131957.json
2026-06-13 13:19:57.960 [OK] Diagnosi Markdown salvata: C:\cellular_speace\data\diagnosi\diagnosi_20260613_131957.md
2026-06-13 13:19:58.005 [DIAG] Diagnostica runtime...
2026-06-13 13:19:58.052 [WARN] [medio] Runtime/errore_lettura_snapshot: Errore lettura snapshot: Impossibile convertire la stringa JSON perché un dizionario convertito da tale stringa contiene le chiavi duplicate 'Server' e 'SERVER'.
2026-06-13 13:19:58.101 [DIAG] Diagnostica memoria...
2026-06-13 13:19:58.555 [DIAG] Diagnostica file...
2026-06-13 13:20:01.951 [DIAG] Diagnostica processi...
2026-06-13 13:20:02.122 [DIAG] Diagnostica log errori...
2026-06-13 13:20:03.205 [ERROR] [critico] Log/errori_recenti: 1074 errori nelle ultime 2 ore
2026-06-13 13:20:03.221 [DIAG] Generazione raccomandazioni...
2026-06-13 13:20:03.259 [FIX] Avvio azioni correttive automatiche...
2026-06-13 13:20:03.272 [INFO] Nessuna azione correttiva automatica disponibile
2026-06-13 13:20:03.277 [OK] Report diagnostica salvato: C:\cellular_speace\reports\manutenzione\correttiva\diagnosi_20260613_131957.json
2026-06-13 13:20:03.279 [OK] Diagnosi Markdown salvata: C:\cellular_speace\data\diagnosi\diagnosi_20260613_131957.md
