2026-06-13 16:09:34.939 [DIAG] Diagnostica runtime...
2026-06-13 16:09:34.991 [ERROR] [alto] Runtime/snapshot_vecchio: Snapshot ha 191min (>30min)
2026-06-13 16:09:35.159 [DIAG] Diagnostica processi...
2026-06-13 16:09:35.193 [DIAG] Diagnostica runtime...
2026-06-13 16:09:35.236 [ERROR] [alto] Runtime/snapshot_vecchio: Snapshot ha 191min (>30min)
2026-06-13 16:09:35.575 [DIAG] Generazione raccomandazioni...
2026-06-13 16:09:35.878 [WARN] [medio] Runtime/errore_lettura_snapshot: Errore lettura snapshot: Impossibile convertire la stringa JSON perché un dizionario convertito da tale stringa contiene le chiavi duplicate 'Server' e 'SERVER'.
2026-06-13 16:09:35.943 [WARN] [medio] Runtime/errore_lettura_snapshot: Errore lettura snapshot: Impossibile convertire la stringa JSON perché un dizionario convertito da tale stringa contiene le chiavi duplicate 'Server' e 'SERVER'.
2026-06-13 16:09:36.027 [OK] Report diagnostica salvato: C:\cellular_speace\reports\manutenzione\correttiva\diagnosi_20260613_160934.json
2026-06-13 16:09:36.044 [OK] Diagnosi Markdown salvata: C:\cellular_speace\data\diagnosi\diagnosi_20260613_160934.md
2026-06-13 16:09:37.396 [DIAG] Diagnostica memoria...
2026-06-13 16:09:37.435 [DIAG] Diagnostica memoria...
2026-06-13 16:09:37.967 [DIAG] Diagnostica file...
2026-06-13 16:09:38.028 [DIAG] Diagnostica file...
2026-06-13 16:09:43.152 [DIAG] Diagnostica processi...
2026-06-13 16:09:43.406 [DIAG] Diagnostica log errori...
2026-06-13 16:09:43.417 [DIAG] Diagnostica processi...
2026-06-13 16:09:43.665 [DIAG] Diagnostica log errori...
2026-06-13 16:09:53.261 [ERROR] [critico] Log/errori_recenti: 3315 errori nelle ultime 2 ore
2026-06-13 16:09:53.412 [DIAG] Generazione raccomandazioni...
2026-06-13 16:09:53.569 [FIX] Avvio azioni correttive automatiche...
2026-06-13 16:09:53.579 [INFO] Nessuna azione correttiva automatica disponibile
2026-06-13 16:09:53.597 [OK] Report diagnostica salvato: C:\cellular_speace\reports\manutenzione\correttiva\diagnosi_20260613_160934.json
2026-06-13 16:09:53.659 [OK] Diagnosi Markdown salvata: C:\cellular_speace\data\diagnosi\diagnosi_20260613_160934.md
2026-06-13 16:09:54.132 [ERROR] [critico] Log/errori_recenti: 3316 errori nelle ultime 2 ore
2026-06-13 16:09:54.226 [DIAG] Generazione raccomandazioni...
2026-06-13 16:09:54.331 [FIX] Avvio azioni correttive automatiche...
2026-06-13 16:09:54.337 [INFO] Nessuna azione correttiva automatica disponibile
2026-06-13 16:09:54.345 [OK] Report diagnostica salvato: C:\cellular_speace\reports\manutenzione\correttiva\diagnosi_20260613_160934.json
2026-06-13 16:09:54.381 [OK] Diagnosi Markdown salvata: C:\cellular_speace\data\diagnosi\diagnosi_20260613_160934.md
