2026-06-13 13:10:56.073 [DIAG] Diagnostica processi...
2026-06-13 13:10:56.287 [WARN] Errore diagnostica processi: Eccezione durante la chiamata di "ToDateTime" con "1" argomento/i: "Argomento specificato non compreso nell'intervallo.
Nome parametro: dmtfDate"
2026-06-13 13:10:56.295 [DIAG] Generazione raccomandazioni...
2026-06-13 13:10:56.318 [OK] Report diagnostica salvato: C:\cellular_speace\reports\manutenzione\correttiva\diagnosi_20260613_131056.json
2026-06-13 13:10:56.321 [OK] Diagnosi Markdown salvata: C:\cellular_speace\data\diagnosi\diagnosi_20260613_131056.md
2026-06-13 13:10:56.354 [DIAG] Diagnostica runtime...
2026-06-13 13:10:56.379 [WARN] [medio] Runtime/errore_lettura_snapshot: Errore lettura snapshot: Impossibile convertire la stringa JSON perché un dizionario convertito da tale stringa contiene le chiavi duplicate 'Server' e 'SERVER'.
2026-06-13 13:10:56.404 [DIAG] Diagnostica memoria...
2026-06-13 13:10:56.841 [DIAG] Diagnostica file...
2026-06-13 13:11:00.180 [DIAG] Diagnostica processi...
2026-06-13 13:11:00.399 [WARN] Errore diagnostica processi: Eccezione durante la chiamata di "ToDateTime" con "1" argomento/i: "Argomento specificato non compreso nell'intervallo.
Nome parametro: dmtfDate"
2026-06-13 13:11:00.423 [DIAG] Diagnostica log errori...
2026-06-13 13:11:00.434 [WARN] Errore diagnostica log: Impossibile convertire 'System.Object[]' nel tipo 'System.String' richiesto da parametro 'ChildPath'. Specificato metodo non supportato.
2026-06-13 13:11:00.434 [DIAG] Generazione raccomandazioni...
2026-06-13 13:11:00.482 [FIX] Avvio azioni correttive automatiche...
2026-06-13 13:11:00.486 [INFO] Nessuna azione correttiva automatica disponibile
2026-06-13 13:11:00.494 [OK] Report diagnostica salvato: C:\cellular_speace\reports\manutenzione\correttiva\diagnosi_20260613_131056.json
2026-06-13 13:11:00.503 [OK] Diagnosi Markdown salvata: C:\cellular_speace\data\diagnosi\diagnosi_20260613_131056.md
