2026-06-13 16:23:24.114 [DIAG] Diagnostica processi...
2026-06-13 16:23:24.237 [DIAG] Diagnostica processi...
2026-06-13 16:23:24.287 [DIAG] Generazione raccomandazioni...
2026-06-13 16:23:24.301 [OK] Report diagnostica salvato: C:\cellular_speace\reports\manutenzione\correttiva\diagnosi_20260613_162324.json
2026-06-13 16:23:24.311 [OK] Diagnosi Markdown salvata: C:\cellular_speace\data\diagnosi\diagnosi_20260613_162324.md
2026-06-13 16:23:24.348 [DIAG] Diagnostica runtime...
2026-06-13 16:23:24.354 [ERROR] [alto] Runtime/snapshot_vecchio: Snapshot ha 204.9min (>30min)
2026-06-13 16:23:24.375 [WARN] [medio] Runtime/errore_lettura_snapshot: Errore lettura snapshot: Impossibile convertire la stringa JSON perché un dizionario convertito da tale stringa contiene le chiavi duplicate 'Server' e 'SERVER'.
2026-06-13 16:23:24.388 [DIAG] Diagnostica memoria...
2026-06-13 16:23:24.427 [DIAG] Generazione raccomandazioni...
2026-06-13 16:23:24.449 [OK] Report diagnostica salvato: C:\cellular_speace\reports\manutenzione\correttiva\diagnosi_20260613_162324.json
2026-06-13 16:23:24.452 [OK] Diagnosi Markdown salvata: C:\cellular_speace\data\diagnosi\diagnosi_20260613_162324.md
2026-06-13 16:23:24.485 [DIAG] Diagnostica runtime...
2026-06-13 16:23:24.489 [ERROR] [alto] Runtime/snapshot_vecchio: Snapshot ha 204.9min (>30min)
2026-06-13 16:23:24.515 [WARN] [medio] Runtime/errore_lettura_snapshot: Errore lettura snapshot: Impossibile convertire la stringa JSON perché un dizionario convertito da tale stringa contiene le chiavi duplicate 'Server' e 'SERVER'.
2026-06-13 16:23:24.523 [DIAG] Diagnostica memoria...
2026-06-13 16:23:24.765 [DIAG] Diagnostica file...
2026-06-13 16:23:24.921 [DIAG] Diagnostica file...
2026-06-13 16:23:28.816 [DIAG] Diagnostica processi...
2026-06-13 16:23:28.839 [DIAG] Diagnostica processi...
2026-06-13 16:23:29.003 [DIAG] Diagnostica log errori...
2026-06-13 16:23:29.009 [DIAG] Diagnostica log errori...
2026-06-13 16:23:36.354 [ERROR] [critico] Log/errori_recenti: 3391 errori nelle ultime 2 ore
2026-06-13 16:23:36.377 [DIAG] Generazione raccomandazioni...
2026-06-13 16:23:36.383 [ERROR] [critico] Log/errori_recenti: 3391 errori nelle ultime 2 ore
2026-06-13 16:23:36.396 [DIAG] Generazione raccomandazioni...
2026-06-13 16:23:36.400 [FIX] Avvio azioni correttive automatiche...
2026-06-13 16:23:36.404 [INFO] Nessuna azione correttiva automatica disponibile
2026-06-13 16:23:36.408 [OK] Report diagnostica salvato: C:\cellular_speace\reports\manutenzione\correttiva\diagnosi_20260613_162324.json
2026-06-13 16:23:36.415 [OK] Diagnosi Markdown salvata: C:\cellular_speace\data\diagnosi\diagnosi_20260613_162324.md
2026-06-13 16:23:36.417 [FIX] Avvio azioni correttive automatiche...
2026-06-13 16:23:36.419 [INFO] Nessuna azione correttiva automatica disponibile
2026-06-13 16:23:36.425 [OK] Report diagnostica salvato: C:\cellular_speace\reports\manutenzione\correttiva\diagnosi_20260613_162324.json
2026-06-13 16:23:36.432 [OK] Diagnosi Markdown salvata: C:\cellular_speace\data\diagnosi\diagnosi_20260613_162324.md
