2026-06-13 16:41:13.160 [DIAG] Diagnostica runtime...
2026-06-13 16:41:13.210 [ERROR] [alto] Runtime/snapshot_vecchio: Snapshot ha 222.7min (>30min)
2026-06-13 16:41:13.323 [DIAG] Diagnostica runtime...
2026-06-13 16:41:13.368 [ERROR] [alto] Runtime/snapshot_vecchio: Snapshot ha 222.7min (>30min)
2026-06-13 16:41:13.970 [WARN] [medio] Runtime/errore_lettura_snapshot: Errore lettura snapshot: Impossibile convertire la stringa JSON perché un dizionario convertito da tale stringa contiene le chiavi duplicate 'Server' e 'SERVER'.
2026-06-13 16:41:14.149 [WARN] [medio] Runtime/errore_lettura_snapshot: Errore lettura snapshot: Impossibile convertire la stringa JSON perché un dizionario convertito da tale stringa contiene le chiavi duplicate 'Server' e 'SERVER'.
2026-06-13 16:41:15.685 [DIAG] Diagnostica memoria...
2026-06-13 16:41:15.947 [DIAG] Diagnostica memoria...
2026-06-13 16:41:16.296 [DIAG] Diagnostica file...
2026-06-13 16:41:16.605 [DIAG] Diagnostica file...
2026-06-13 16:41:22.437 [DIAG] Diagnostica processi...
2026-06-13 16:41:22.761 [DIAG] Diagnostica log errori...
2026-06-13 16:41:23.610 [DIAG] Diagnostica processi...
2026-06-13 16:41:23.970 [DIAG] Diagnostica log errori...
2026-06-13 16:41:41.518 [ERROR] [critico] Log/errori_recenti: 3362 errori nelle ultime 2 ore
2026-06-13 16:41:42.300 [DIAG] Generazione raccomandazioni...
2026-06-13 16:41:42.640 [ERROR] [critico] Log/errori_recenti: 3363 errori nelle ultime 2 ore
2026-06-13 16:41:42.661 [FIX] Avvio azioni correttive automatiche...
2026-06-13 16:41:42.733 [INFO] Nessuna azione correttiva automatica disponibile
2026-06-13 16:41:42.792 [OK] Report diagnostica salvato: C:\cellular_speace\reports\manutenzione\correttiva\diagnosi_20260613_164112.json
2026-06-13 16:41:42.865 [OK] Diagnosi Markdown salvata: C:\cellular_speace\data\diagnosi\diagnosi_20260613_164112.md
2026-06-13 16:41:43.506 [DIAG] Generazione raccomandazioni...
2026-06-13 16:41:44.113 [FIX] Avvio azioni correttive automatiche...
2026-06-13 16:41:44.163 [INFO] Nessuna azione correttiva automatica disponibile
2026-06-13 16:41:44.179 [OK] Report diagnostica salvato: C:\cellular_speace\reports\manutenzione\correttiva\diagnosi_20260613_164112.json
2026-06-13 16:41:44.345 [OK] Diagnosi Markdown salvata: C:\cellular_speace\data\diagnosi\diagnosi_20260613_164112.md
