2026-06-13 17:04:53.179 [DIAG] Diagnostica processi...
2026-06-13 17:04:53.186 [DIAG] Diagnostica runtime...
2026-06-13 17:04:53.192 [ERROR] [alto] Runtime/snapshot_vecchio: Snapshot ha 246.3min (>30min)
2026-06-13 17:04:53.290 [WARN] [medio] Runtime/errore_lettura_snapshot: Errore lettura snapshot: Impossibile convertire la stringa JSON perché un dizionario convertito da tale stringa contiene le chiavi duplicate 'Server' e 'SERVER'.
2026-06-13 17:04:53.367 [DIAG] Generazione raccomandazioni...
2026-06-13 17:04:53.384 [DIAG] Diagnostica memoria...
2026-06-13 17:04:53.389 [OK] Report diagnostica salvato: C:\cellular_speace\reports\manutenzione\correttiva\diagnosi_20260613_170453.json
2026-06-13 17:04:53.397 [OK] Diagnosi Markdown salvata: C:\cellular_speace\data\diagnosi\diagnosi_20260613_170453.md
2026-06-13 17:04:53.468 [DIAG] Diagnostica runtime...
2026-06-13 17:04:53.480 [ERROR] [alto] Runtime/snapshot_vecchio: Snapshot ha 246.3min (>30min)
2026-06-13 17:04:53.512 [WARN] [medio] Runtime/errore_lettura_snapshot: Errore lettura snapshot: Impossibile convertire la stringa JSON perché un dizionario convertito da tale stringa contiene le chiavi duplicate 'Server' e 'SERVER'.
2026-06-13 17:04:53.616 [DIAG] Diagnostica memoria...
2026-06-13 17:04:53.804 [DIAG] Diagnostica file...
2026-06-13 17:04:54.044 [DIAG] Diagnostica file...
2026-06-13 17:04:58.571 [DIAG] Diagnostica processi...
2026-06-13 17:04:58.601 [DIAG] Diagnostica processi...
2026-06-13 17:04:58.763 [DIAG] Diagnostica log errori...
2026-06-13 17:04:58.806 [DIAG] Diagnostica log errori...
2026-06-13 17:05:06.441 [ERROR] [critico] Log/errori_recenti: 3386 errori nelle ultime 2 ore
2026-06-13 17:05:06.448 [DIAG] Generazione raccomandazioni...
2026-06-13 17:05:06.462 [ERROR] [critico] Log/errori_recenti: 3386 errori nelle ultime 2 ore
2026-06-13 17:05:06.466 [FIX] Avvio azioni correttive automatiche...
2026-06-13 17:05:06.470 [INFO] Nessuna azione correttiva automatica disponibile
2026-06-13 17:05:06.472 [DIAG] Generazione raccomandazioni...
2026-06-13 17:05:06.475 [OK] Report diagnostica salvato: C:\cellular_speace\reports\manutenzione\correttiva\diagnosi_20260613_170453.json
2026-06-13 17:05:06.480 [OK] Diagnosi Markdown salvata: C:\cellular_speace\data\diagnosi\diagnosi_20260613_170453.md
2026-06-13 17:05:06.488 [FIX] Avvio azioni correttive automatiche...
2026-06-13 17:05:06.488 [INFO] Nessuna azione correttiva automatica disponibile
2026-06-13 17:05:06.488 [OK] Report diagnostica salvato: C:\cellular_speace\reports\manutenzione\correttiva\diagnosi_20260613_170453.json
2026-06-13 17:05:06.504 [OK] Diagnosi Markdown salvata: C:\cellular_speace\data\diagnosi\diagnosi_20260613_170453.md
