2026-06-13 13:10:27.046 [DIAG] Diagnostica processi...
2026-06-13 13:10:27.227 [ERROR] [critico] Processi/nessun_processo: Nessun processo SPEACE in esecuzione
2026-06-13 13:10:27.233 [DIAG] Generazione raccomandazioni...
2026-06-13 13:10:27.259 [OK] Report diagnostica salvato: C:\cellular_speace\reports\manutenzione\correttiva\diagnosi_20260613_131027.json
2026-06-13 13:10:27.270 [OK] Diagnosi Markdown salvata: C:\cellular_speace\data\diagnosi\diagnosi_20260613_131027.md
2026-06-13 13:10:27.428 [DIAG] Diagnostica processi...
2026-06-13 13:10:27.581 [ERROR] [critico] Processi/nessun_processo: Nessun processo SPEACE in esecuzione
2026-06-13 13:10:27.595 [DIAG] Generazione raccomandazioni...
2026-06-13 13:10:27.607 [OK] Report diagnostica salvato: C:\cellular_speace\reports\manutenzione\correttiva\diagnosi_20260613_131027.json
2026-06-13 13:10:27.607 [OK] Diagnosi Markdown salvata: C:\cellular_speace\data\diagnosi\diagnosi_20260613_131027.md
2026-06-13 13:10:27.651 [DIAG] Diagnostica runtime...
2026-06-13 13:10:27.657 [WARN] [medio] Runtime/errore_lettura_snapshot: Errore lettura snapshot: Impossibile convertire la stringa JSON perché un dizionario convertito da tale stringa contiene le chiavi duplicate 'Server' e 'SERVER'.
2026-06-13 13:10:27.670 [DIAG] Diagnostica memoria...
2026-06-13 13:10:27.996 [DIAG] Diagnostica file...
2026-06-13 13:10:30.492 [DIAG] Diagnostica processi...
2026-06-13 13:10:30.672 [WARN] Errore diagnostica processi: Eccezione durante la chiamata di "ToDateTime" con "1" argomento/i: "Argomento specificato non compreso nell'intervallo.
Nome parametro: dmtfDate"
2026-06-13 13:10:30.674 [DIAG] Diagnostica log errori...
2026-06-13 13:10:30.674 [WARN] Errore diagnostica log: Impossibile convertire 'System.Object[]' nel tipo 'System.String' richiesto da parametro 'ChildPath'. Specificato metodo non supportato.
2026-06-13 13:10:30.682 [DIAG] Generazione raccomandazioni...
2026-06-13 13:10:30.698 [FIX] Avvio azioni correttive automatiche...
2026-06-13 13:10:30.698 [INFO] Nessuna azione correttiva automatica disponibile
2026-06-13 13:10:30.698 [OK] Report diagnostica salvato: C:\cellular_speace\reports\manutenzione\correttiva\diagnosi_20260613_131027.json
2026-06-13 13:10:30.698 [OK] Diagnosi Markdown salvata: C:\cellular_speace\data\diagnosi\diagnosi_20260613_131027.md
