2026-06-13 13:17:14.163 [DIAG] Diagnostica processi...
2026-06-13 13:17:14.432 [DIAG] Generazione raccomandazioni...
2026-06-13 13:17:14.468 [OK] Report diagnostica salvato: C:\cellular_speace\reports\manutenzione\correttiva\diagnosi_20260613_131714.json
2026-06-13 13:17:14.485 [OK] Diagnosi Markdown salvata: C:\cellular_speace\data\diagnosi\diagnosi_20260613_131714.md
2026-06-13 13:17:14.631 [DIAG] Diagnostica runtime...
2026-06-13 13:17:14.838 [WARN] [medio] Runtime/errore_lettura_snapshot: Errore lettura snapshot: Impossibile convertire la stringa JSON perché un dizionario convertito da tale stringa contiene le chiavi duplicate 'Server' e 'SERVER'.
2026-06-13 13:17:14.905 [DIAG] Diagnostica processi...
2026-06-13 13:17:14.923 [DIAG] Diagnostica memoria...
2026-06-13 13:17:15.210 [DIAG] Generazione raccomandazioni...
2026-06-13 13:17:15.297 [OK] Report diagnostica salvato: C:\cellular_speace\reports\manutenzione\correttiva\diagnosi_20260613_131714.json
2026-06-13 13:17:15.352 [OK] Diagnosi Markdown salvata: C:\cellular_speace\data\diagnosi\diagnosi_20260613_131714.md
2026-06-13 13:17:15.536 [DIAG] Diagnostica file...
2026-06-13 13:17:22.647 [DIAG] Diagnostica processi...
2026-06-13 13:17:23.087 [ERROR] [critico] Processi/nessun_processo: Nessun processo SPEACE in esecuzione
2026-06-13 13:17:23.337 [DIAG] Diagnostica log errori...
2026-06-13 13:17:25.336 [ERROR] [critico] Log/errori_recenti: 998 errori nelle ultime 2 ore
2026-06-13 13:17:25.491 [DIAG] Generazione raccomandazioni...
2026-06-13 13:17:25.635 [FIX] Avvio azioni correttive automatiche...
2026-06-13 13:17:25.653 [FIX] Tentativo avvio SPEACE...
2026-06-13 13:17:25.946 [FIX] AZIONE: Avviato SPEACE: C:\cellular_speace\ispettore_manutentore_neurologico_organismico_di_speace\avvio_locale.bat
2026-06-13 13:17:26.097 [OK] Report diagnostica salvato: C:\cellular_speace\reports\manutenzione\correttiva\diagnosi_20260613_131714.json
2026-06-13 13:17:26.114 [OK] Diagnosi Markdown salvata: C:\cellular_speace\data\diagnosi\diagnosi_20260613_131714.md
