2026-06-13 16:17:26.287 [DIAG] Diagnostica processi...
2026-06-13 16:17:26.392 [DIAG] Generazione raccomandazioni...
2026-06-13 16:17:26.403 [OK] Report diagnostica salvato: C:\cellular_speace\reports\manutenzione\correttiva\diagnosi_20260613_161726.json
2026-06-13 16:17:26.405 [OK] Diagnosi Markdown salvata: C:\cellular_speace\data\diagnosi\diagnosi_20260613_161726.md
2026-06-13 16:17:26.827 [DIAG] Diagnostica processi...
2026-06-13 16:17:26.942 [DIAG] Generazione raccomandazioni...
2026-06-13 16:17:26.953 [OK] Report diagnostica salvato: C:\cellular_speace\reports\manutenzione\correttiva\diagnosi_20260613_161726.json
2026-06-13 16:17:26.953 [OK] Diagnosi Markdown salvata: C:\cellular_speace\data\diagnosi\diagnosi_20260613_161726.md
2026-06-13 16:17:26.985 [DIAG] Diagnostica runtime...
2026-06-13 16:17:26.985 [ERROR] [alto] Runtime/snapshot_vecchio: Snapshot ha 198.9min (>30min)
2026-06-13 16:17:26.996 [WARN] [medio] Runtime/errore_lettura_snapshot: Errore lettura snapshot: Impossibile convertire la stringa JSON perché un dizionario convertito da tale stringa contiene le chiavi duplicate 'Server' e 'SERVER'.
2026-06-13 16:17:27.001 [DIAG] Diagnostica memoria...
2026-06-13 16:17:27.227 [DIAG] Diagnostica file...
2026-06-13 16:17:29.905 [DIAG] Diagnostica processi...
2026-06-13 16:17:30.009 [DIAG] Diagnostica log errori...
2026-06-13 16:17:35.350 [ERROR] [critico] Log/errori_recenti: 3356 errori nelle ultime 2 ore
2026-06-13 16:17:35.354 [DIAG] Generazione raccomandazioni...
2026-06-13 16:17:35.375 [FIX] Avvio azioni correttive automatiche...
2026-06-13 16:17:35.377 [INFO] Nessuna azione correttiva automatica disponibile
2026-06-13 16:17:35.381 [OK] Report diagnostica salvato: C:\cellular_speace\reports\manutenzione\correttiva\diagnosi_20260613_161726.json
2026-06-13 16:17:35.385 [OK] Diagnosi Markdown salvata: C:\cellular_speace\data\diagnosi\diagnosi_20260613_161726.md
