2026-06-13 17:01:28.161 [DIAG] Diagnostica processi...
2026-06-13 17:01:28.245 [DIAG] Diagnostica processi...
2026-06-13 17:01:28.480 [DIAG] Generazione raccomandazioni...
2026-06-13 17:01:28.537 [DIAG] Generazione raccomandazioni...
2026-06-13 17:01:28.660 [OK] Report diagnostica salvato: C:\cellular_speace\reports\manutenzione\correttiva\diagnosi_20260613_170128.json
2026-06-13 17:01:28.676 [OK] Report diagnostica salvato: C:\cellular_speace\reports\manutenzione\correttiva\diagnosi_20260613_170128.json
2026-06-13 17:01:28.686 [OK] Diagnosi Markdown salvata: C:\cellular_speace\data\diagnosi\diagnosi_20260613_170128.md
2026-06-13 17:01:28.716 [OK] Diagnosi Markdown salvata: C:\cellular_speace\data\diagnosi\diagnosi_20260613_170128.md
2026-06-13 17:01:28.939 [DIAG] Diagnostica runtime...
2026-06-13 17:01:29.007 [ERROR] [alto] Runtime/snapshot_vecchio: Snapshot ha 242.9min (>30min)
2026-06-13 17:01:29.483 [WARN] [medio] Runtime/errore_lettura_snapshot: Errore lettura snapshot: Impossibile convertire la stringa JSON perché un dizionario convertito da tale stringa contiene le chiavi duplicate 'Server' e 'SERVER'.
2026-06-13 17:01:30.281 [DIAG] Diagnostica memoria...
2026-06-13 17:01:30.905 [DIAG] Diagnostica file...
2026-06-13 17:01:39.854 [DIAG] Diagnostica processi...
2026-06-13 17:01:40.150 [DIAG] Diagnostica log errori...
2026-06-13 17:01:53.571 [ERROR] [critico] Log/errori_recenti: 3387 errori nelle ultime 2 ore
2026-06-13 17:01:54.357 [DIAG] Generazione raccomandazioni...
2026-06-13 17:01:54.792 [FIX] Avvio azioni correttive automatiche...
2026-06-13 17:01:54.823 [INFO] Nessuna azione correttiva automatica disponibile
2026-06-13 17:01:54.858 [OK] Report diagnostica salvato: C:\cellular_speace\reports\manutenzione\correttiva\diagnosi_20260613_170128.json
2026-06-13 17:01:54.878 [OK] Diagnosi Markdown salvata: C:\cellular_speace\data\diagnosi\diagnosi_20260613_170128.md
