2026-06-13 18:49:15.078 [DIAG] Diagnostica runtime...
2026-06-13 18:49:15.102 [ERROR] [alto] Runtime/snapshot_vecchio: Snapshot ha 350.7min (>30min)
2026-06-13 18:49:15.159 [WARN] [medio] Runtime/errore_lettura_snapshot: Errore lettura snapshot: Impossibile convertire la stringa JSON perché un dizionario convertito da tale stringa contiene le chiavi duplicate 'Server' e 'SERVER'.
2026-06-13 18:49:15.218 [DIAG] Diagnostica runtime...
2026-06-13 18:49:15.222 [ERROR] [alto] Runtime/snapshot_vecchio: Snapshot ha 350.7min (>30min)
2026-06-13 18:49:15.231 [DIAG] Diagnostica memoria...
2026-06-13 18:49:15.282 [WARN] [medio] Runtime/errore_lettura_snapshot: Errore lettura snapshot: Impossibile convertire la stringa JSON perché un dizionario convertito da tale stringa contiene le chiavi duplicate 'Server' e 'SERVER'.
2026-06-13 18:49:15.343 [DIAG] Diagnostica memoria...
2026-06-13 18:49:15.658 [DIAG] Diagnostica file...
2026-06-13 18:49:15.760 [DIAG] Diagnostica file...
2026-06-13 18:49:21.373 [DIAG] Diagnostica processi...
2026-06-13 18:49:21.564 [DIAG] Diagnostica processi...
2026-06-13 18:49:21.640 [DIAG] Diagnostica log errori...
2026-06-13 18:49:21.894 [DIAG] Diagnostica log errori...
2026-06-13 18:49:34.091 [ERROR] [critico] Log/errori_recenti: 3283 errori nelle ultime 2 ore
2026-06-13 18:49:34.397 [DIAG] Generazione raccomandazioni...
2026-06-13 18:49:34.722 [FIX] Avvio azioni correttive automatiche...
2026-06-13 18:49:34.731 [INFO] Nessuna azione correttiva automatica disponibile
2026-06-13 18:49:34.783 [OK] Report diagnostica salvato: C:\cellular_speace\reports\manutenzione\correttiva\diagnosi_20260613_184915.json
2026-06-13 18:49:34.807 [OK] Diagnosi Markdown salvata: C:\cellular_speace\data\diagnosi\diagnosi_20260613_184915.md
2026-06-13 18:49:35.202 [ERROR] [critico] Log/errori_recenti: 3283 errori nelle ultime 2 ore
2026-06-13 18:49:35.313 [DIAG] Generazione raccomandazioni...
2026-06-13 18:49:35.342 [FIX] Avvio azioni correttive automatiche...
2026-06-13 18:49:35.346 [INFO] Nessuna azione correttiva automatica disponibile
2026-06-13 18:49:35.352 [OK] Report diagnostica salvato: C:\cellular_speace\reports\manutenzione\correttiva\diagnosi_20260613_184915.json
2026-06-13 18:49:35.374 [OK] Diagnosi Markdown salvata: C:\cellular_speace\data\diagnosi\diagnosi_20260613_184915.md
