2026-06-13 16:48:23.595 [DIAG] Diagnostica processi...
2026-06-13 16:48:23.609 [DIAG] Diagnostica processi...
2026-06-13 16:48:23.809 [DIAG] Generazione raccomandazioni...
2026-06-13 16:48:23.815 [DIAG] Generazione raccomandazioni...
2026-06-13 16:48:23.835 [OK] Report diagnostica salvato: C:\cellular_speace\reports\manutenzione\correttiva\diagnosi_20260613_164823.json
2026-06-13 16:48:23.837 [OK] Report diagnostica salvato: C:\cellular_speace\reports\manutenzione\correttiva\diagnosi_20260613_164823.json
2026-06-13 16:48:23.839 [OK] Diagnosi Markdown salvata: C:\cellular_speace\data\diagnosi\diagnosi_20260613_164823.md
2026-06-13 16:48:23.843 [OK] Diagnosi Markdown salvata: C:\cellular_speace\data\diagnosi\diagnosi_20260613_164823.md
2026-06-13 16:48:23.880 [DIAG] Diagnostica runtime...
2026-06-13 16:48:23.896 [ERROR] [alto] Runtime/snapshot_vecchio: Snapshot ha 229.8min (>30min)
2026-06-13 16:48:23.914 [WARN] [medio] Runtime/errore_lettura_snapshot: Errore lettura snapshot: Impossibile convertire la stringa JSON perché un dizionario convertito da tale stringa contiene le chiavi duplicate 'Server' e 'SERVER'.
2026-06-13 16:48:23.928 [DIAG] Diagnostica memoria...
2026-06-13 16:48:24.354 [DIAG] Diagnostica file...
2026-06-13 16:48:31.064 [DIAG] Diagnostica processi...
2026-06-13 16:48:31.306 [DIAG] Diagnostica log errori...
2026-06-13 16:48:40.176 [ERROR] [critico] Log/errori_recenti: 3349 errori nelle ultime 2 ore
2026-06-13 16:48:40.265 [DIAG] Generazione raccomandazioni...
2026-06-13 16:48:40.354 [FIX] Avvio azioni correttive automatiche...
2026-06-13 16:48:40.360 [INFO] Nessuna azione correttiva automatica disponibile
2026-06-13 16:48:40.380 [OK] Report diagnostica salvato: C:\cellular_speace\reports\manutenzione\correttiva\diagnosi_20260613_164823.json
2026-06-13 16:48:40.392 [OK] Diagnosi Markdown salvata: C:\cellular_speace\data\diagnosi\diagnosi_20260613_164823.md
