2026-06-13 16:12:57.331 [DIAG] Diagnostica processi...
2026-06-13 16:12:57.449 [DIAG] Diagnostica processi...
2026-06-13 16:12:57.449 [DIAG] Generazione raccomandazioni...
2026-06-13 16:12:57.474 [OK] Report diagnostica salvato: C:\cellular_speace\reports\manutenzione\correttiva\diagnosi_20260613_161257.json
2026-06-13 16:12:57.477 [OK] Diagnosi Markdown salvata: C:\cellular_speace\data\diagnosi\diagnosi_20260613_161257.md
2026-06-13 16:12:57.567 [DIAG] Generazione raccomandazioni...
2026-06-13 16:12:57.573 [OK] Report diagnostica salvato: C:\cellular_speace\reports\manutenzione\correttiva\diagnosi_20260613_161257.json
2026-06-13 16:12:57.573 [OK] Diagnosi Markdown salvata: C:\cellular_speace\data\diagnosi\diagnosi_20260613_161257.md
2026-06-13 16:12:57.604 [DIAG] Diagnostica runtime...
2026-06-13 16:12:57.604 [ERROR] [alto] Runtime/snapshot_vecchio: Snapshot ha 194.4min (>30min)
2026-06-13 16:12:57.624 [WARN] [medio] Runtime/errore_lettura_snapshot: Errore lettura snapshot: Impossibile convertire la stringa JSON perché un dizionario convertito da tale stringa contiene le chiavi duplicate 'Server' e 'SERVER'.
2026-06-13 16:12:57.631 [DIAG] Diagnostica memoria...
2026-06-13 16:12:57.826 [DIAG] Diagnostica file...
2026-06-13 16:13:00.517 [DIAG] Diagnostica processi...
2026-06-13 16:13:00.622 [DIAG] Diagnostica log errori...
2026-06-13 16:13:04.671 [ERROR] [critico] Log/errori_recenti: 3338 errori nelle ultime 2 ore
2026-06-13 16:13:04.687 [DIAG] Generazione raccomandazioni...
2026-06-13 16:13:04.700 [FIX] Avvio azioni correttive automatiche...
2026-06-13 16:13:04.702 [INFO] Nessuna azione correttiva automatica disponibile
2026-06-13 16:13:04.706 [OK] Report diagnostica salvato: C:\cellular_speace\reports\manutenzione\correttiva\diagnosi_20260613_161257.json
2026-06-13 16:13:04.708 [OK] Diagnosi Markdown salvata: C:\cellular_speace\data\diagnosi\diagnosi_20260613_161257.md
