2026-06-13 16:16:05.384 [DIAG] Diagnostica processi...
2026-06-13 16:16:05.563 [DIAG] Generazione raccomandazioni...
2026-06-13 16:16:05.583 [OK] Report diagnostica salvato: C:\cellular_speace\reports\manutenzione\correttiva\diagnosi_20260613_161605.json
2026-06-13 16:16:05.585 [OK] Diagnosi Markdown salvata: C:\cellular_speace\data\diagnosi\diagnosi_20260613_161605.md
2026-06-13 16:16:05.614 [DIAG] Diagnostica runtime...
2026-06-13 16:16:05.622 [ERROR] [alto] Runtime/snapshot_vecchio: Snapshot ha 197.5min (>30min)
2026-06-13 16:16:05.644 [WARN] [medio] Runtime/errore_lettura_snapshot: Errore lettura snapshot: Impossibile convertire la stringa JSON perché un dizionario convertito da tale stringa contiene le chiavi duplicate 'Server' e 'SERVER'.
2026-06-13 16:16:05.662 [DIAG] Diagnostica memoria...
2026-06-13 16:16:05.800 [DIAG] Diagnostica processi...
2026-06-13 16:16:05.984 [DIAG] Generazione raccomandazioni...
2026-06-13 16:16:05.994 [DIAG] Diagnostica file...
2026-06-13 16:16:05.994 [OK] Report diagnostica salvato: C:\cellular_speace\reports\manutenzione\correttiva\diagnosi_20260613_161605.json
2026-06-13 16:16:05.994 [OK] Diagnosi Markdown salvata: C:\cellular_speace\data\diagnosi\diagnosi_20260613_161605.md
2026-06-13 16:16:06.010 [DIAG] Diagnostica processi...
2026-06-13 16:16:06.156 [DIAG] Generazione raccomandazioni...
2026-06-13 16:16:06.175 [OK] Report diagnostica salvato: C:\cellular_speace\reports\manutenzione\correttiva\diagnosi_20260613_161605.json
2026-06-13 16:16:06.179 [OK] Diagnosi Markdown salvata: C:\cellular_speace\data\diagnosi\diagnosi_20260613_161605.md
2026-06-13 16:16:09.114 [DIAG] Diagnostica processi...
2026-06-13 16:16:09.231 [DIAG] Diagnostica log errori...
2026-06-13 16:16:14.966 [ERROR] [critico] Log/errori_recenti: 3336 errori nelle ultime 2 ore
2026-06-13 16:16:14.974 [DIAG] Generazione raccomandazioni...
2026-06-13 16:16:14.995 [FIX] Avvio azioni correttive automatiche...
2026-06-13 16:16:14.997 [INFO] Nessuna azione correttiva automatica disponibile
2026-06-13 16:16:15.003 [OK] Report diagnostica salvato: C:\cellular_speace\reports\manutenzione\correttiva\diagnosi_20260613_161605.json
2026-06-13 16:16:15.008 [OK] Diagnosi Markdown salvata: C:\cellular_speace\data\diagnosi\diagnosi_20260613_161605.md
