2026-06-13 13:47:03.292 [DIAG] Diagnostica processi...
2026-06-13 13:47:03.446 [DIAG] Generazione raccomandazioni...
2026-06-13 13:47:03.466 [OK] Report diagnostica salvato: C:\cellular_speace\reports\manutenzione\correttiva\diagnosi_20260613_134703.json
2026-06-13 13:47:03.466 [OK] Diagnosi Markdown salvata: C:\cellular_speace\data\diagnosi\diagnosi_20260613_134703.md
2026-06-13 13:47:03.493 [DIAG] Diagnostica runtime...
2026-06-13 13:47:03.510 [ERROR] [alto] Runtime/snapshot_vecchio: Snapshot ha 48.5min (>30min)
2026-06-13 13:47:03.524 [WARN] [medio] Runtime/errore_lettura_snapshot: Errore lettura snapshot: Impossibile convertire la stringa JSON perché un dizionario convertito da tale stringa contiene le chiavi duplicate 'Server' e 'SERVER'.
2026-06-13 13:47:03.540 [DIAG] Diagnostica memoria...
2026-06-13 13:47:03.839 [DIAG] Diagnostica processi...
2026-06-13 13:47:03.872 [DIAG] Diagnostica file...
2026-06-13 13:47:04.028 [DIAG] Generazione raccomandazioni...
2026-06-13 13:47:04.058 [OK] Report diagnostica salvato: C:\cellular_speace\reports\manutenzione\correttiva\diagnosi_20260613_134703.json
2026-06-13 13:47:04.064 [OK] Diagnosi Markdown salvata: C:\cellular_speace\data\diagnosi\diagnosi_20260613_134703.md
2026-06-13 13:47:08.198 [DIAG] Diagnostica processi...
2026-06-13 13:47:08.415 [DIAG] Diagnostica log errori...
2026-06-13 13:47:15.038 [ERROR] [critico] Log/errori_recenti: 1800 errori nelle ultime 2 ore
2026-06-13 13:47:15.317 [DIAG] Generazione raccomandazioni...
2026-06-13 13:47:15.546 [FIX] Avvio azioni correttive automatiche...
2026-06-13 13:47:15.562 [INFO] Nessuna azione correttiva automatica disponibile
2026-06-13 13:47:15.590 [OK] Report diagnostica salvato: C:\cellular_speace\reports\manutenzione\correttiva\diagnosi_20260613_134703.json
2026-06-13 13:47:15.610 [OK] Diagnosi Markdown salvata: C:\cellular_speace\data\diagnosi\diagnosi_20260613_134703.md
