2026-06-13 18:16:27.368 [DIAG] Diagnostica processi...
2026-06-13 18:16:27.382 [DIAG] Diagnostica runtime...
2026-06-13 18:16:27.400 [ERROR] [alto] Runtime/snapshot_vecchio: Snapshot ha 317.9min (>30min)
2026-06-13 18:16:27.515 [WARN] [medio] Runtime/errore_lettura_snapshot: Errore lettura snapshot: Impossibile convertire la stringa JSON perché un dizionario convertito da tale stringa contiene le chiavi duplicate 'Server' e 'SERVER'.
2026-06-13 18:16:27.628 [DIAG] Generazione raccomandazioni...
2026-06-13 18:16:27.753 [OK] Report diagnostica salvato: C:\cellular_speace\reports\manutenzione\correttiva\diagnosi_20260613_181627.json
2026-06-13 18:16:27.766 [OK] Diagnosi Markdown salvata: C:\cellular_speace\data\diagnosi\diagnosi_20260613_181627.md
2026-06-13 18:16:27.850 [DIAG] Diagnostica memoria...
2026-06-13 18:16:27.872 [DIAG] Diagnostica runtime...
2026-06-13 18:16:27.911 [ERROR] [alto] Runtime/snapshot_vecchio: Snapshot ha 317.9min (>30min)
2026-06-13 18:16:28.110 [WARN] [medio] Runtime/errore_lettura_snapshot: Errore lettura snapshot: Impossibile convertire la stringa JSON perché un dizionario convertito da tale stringa contiene le chiavi duplicate 'Server' e 'SERVER'.
2026-06-13 18:16:28.352 [DIAG] Diagnostica file...
2026-06-13 18:16:28.564 [DIAG] Diagnostica memoria...
2026-06-13 18:16:29.100 [DIAG] Diagnostica file...
2026-06-13 18:16:35.710 [DIAG] Diagnostica processi...
2026-06-13 18:16:35.866 [DIAG] Diagnostica processi...
2026-06-13 18:16:35.943 [DIAG] Diagnostica log errori...
2026-06-13 18:16:36.136 [DIAG] Diagnostica log errori...
2026-06-13 18:16:49.612 [ERROR] [critico] Log/errori_recenti: 3405 errori nelle ultime 2 ore
2026-06-13 18:16:49.969 [DIAG] Generazione raccomandazioni...
2026-06-13 18:16:50.315 [FIX] Avvio azioni correttive automatiche...
2026-06-13 18:16:50.337 [INFO] Nessuna azione correttiva automatica disponibile
2026-06-13 18:16:50.376 [OK] Report diagnostica salvato: C:\cellular_speace\reports\manutenzione\correttiva\diagnosi_20260613_181627.json
2026-06-13 18:16:50.456 [ERROR] [critico] Log/errori_recenti: 3405 errori nelle ultime 2 ore
2026-06-13 18:16:50.516 [ERROR] ERRORE FATALE: Il processo non può accedere al file 'C:\cellular_speace\data\logs\manutenzione\correttiva\diagnostica_20260613_181627.log' perché è in uso da un altro processo.
2026-06-13 18:16:50.808 [DIAG] Generazione raccomandazioni...
2026-06-13 18:16:51.222 [FIX] Avvio azioni correttive automatiche...
2026-06-13 18:16:51.304 [INFO] Nessuna azione correttiva automatica disponibile
2026-06-13 18:16:51.414 [OK] Report diagnostica salvato: C:\cellular_speace\reports\manutenzione\correttiva\diagnosi_20260613_181627.json
2026-06-13 18:16:51.448 [OK] Diagnosi Markdown salvata: C:\cellular_speace\data\diagnosi\diagnosi_20260613_181627.md
