2026-06-13 16:14:19.667 [DIAG] Diagnostica processi...
2026-06-13 16:14:19.778 [DIAG] Generazione raccomandazioni...
2026-06-13 16:14:19.792 [OK] Report diagnostica salvato: C:\cellular_speace\reports\manutenzione\correttiva\diagnosi_20260613_161419.json
2026-06-13 16:14:19.794 [OK] Diagnosi Markdown salvata: C:\cellular_speace\data\diagnosi\diagnosi_20260613_161419.md
2026-06-13 16:14:19.820 [DIAG] Diagnostica processi...
2026-06-13 16:14:19.922 [DIAG] Generazione raccomandazioni...
2026-06-13 16:14:19.931 [OK] Report diagnostica salvato: C:\cellular_speace\reports\manutenzione\correttiva\diagnosi_20260613_161419.json
2026-06-13 16:14:19.931 [OK] Diagnosi Markdown salvata: C:\cellular_speace\data\diagnosi\diagnosi_20260613_161419.md
2026-06-13 16:14:19.952 [DIAG] Diagnostica runtime...
2026-06-13 16:14:19.952 [ERROR] [alto] Runtime/snapshot_vecchio: Snapshot ha 195.8min (>30min)
2026-06-13 16:14:19.971 [WARN] [medio] Runtime/errore_lettura_snapshot: Errore lettura snapshot: Impossibile convertire la stringa JSON perché un dizionario convertito da tale stringa contiene le chiavi duplicate 'Server' e 'SERVER'.
2026-06-13 16:14:19.979 [DIAG] Diagnostica memoria...
2026-06-13 16:14:20.184 [DIAG] Diagnostica file...
2026-06-13 16:14:22.675 [DIAG] Diagnostica processi...
2026-06-13 16:14:22.778 [DIAG] Diagnostica log errori...
2026-06-13 16:14:26.904 [ERROR] [critico] Log/errori_recenti: 3323 errori nelle ultime 2 ore
2026-06-13 16:14:26.904 [DIAG] Generazione raccomandazioni...
2026-06-13 16:14:26.920 [FIX] Avvio azioni correttive automatiche...
2026-06-13 16:14:26.920 [INFO] Nessuna azione correttiva automatica disponibile
2026-06-13 16:14:26.920 [OK] Report diagnostica salvato: C:\cellular_speace\reports\manutenzione\correttiva\diagnosi_20260613_161419.json
2026-06-13 16:14:26.920 [OK] Diagnosi Markdown salvata: C:\cellular_speace\data\diagnosi\diagnosi_20260613_161419.md
