2026-06-13 15:26:15.869 [DIAG] Diagnostica runtime...
2026-06-13 15:26:16.003 [ERROR] [alto] Runtime/snapshot_vecchio: Snapshot ha 147.7min (>30min)
2026-06-13 15:26:16.251 [DIAG] Diagnostica runtime...
2026-06-13 15:26:16.273 [ERROR] [alto] Runtime/snapshot_vecchio: Snapshot ha 147.7min (>30min)
2026-06-13 15:26:16.874 [WARN] [medio] Runtime/errore_lettura_snapshot: Errore lettura snapshot: Impossibile convertire la stringa JSON perché un dizionario convertito da tale stringa contiene le chiavi duplicate 'Server' e 'SERVER'.
2026-06-13 15:26:16.904 [WARN] [medio] Runtime/errore_lettura_snapshot: Errore lettura snapshot: Impossibile convertire la stringa JSON perché un dizionario convertito da tale stringa contiene le chiavi duplicate 'Server' e 'SERVER'.
2026-06-13 15:26:17.925 [DIAG] Diagnostica memoria...
2026-06-13 15:26:18.430 [DIAG] Diagnostica memoria...
2026-06-13 15:26:18.783 [DIAG] Diagnostica file...
2026-06-13 15:26:19.226 [DIAG] Diagnostica file...
2026-06-13 15:26:25.940 [DIAG] Diagnostica processi...
2026-06-13 15:26:26.406 [DIAG] Diagnostica log errori...
2026-06-13 15:26:27.892 [DIAG] Diagnostica processi...
2026-06-13 15:26:28.249 [DIAG] Diagnostica log errori...
2026-06-13 15:26:40.997 [ERROR] [critico] Log/errori_recenti: 3499 errori nelle ultime 2 ore
2026-06-13 15:26:41.506 [DIAG] Generazione raccomandazioni...
2026-06-13 15:26:42.271 [FIX] Avvio azioni correttive automatiche...
2026-06-13 15:26:42.315 [INFO] Nessuna azione correttiva automatica disponibile
2026-06-13 15:26:42.368 [OK] Report diagnostica salvato: C:\cellular_speace\reports\manutenzione\correttiva\diagnosi_20260613_152615.json
2026-06-13 15:26:42.570 [OK] Diagnosi Markdown salvata: C:\cellular_speace\data\diagnosi\diagnosi_20260613_152615.md
2026-06-13 15:26:42.933 [ERROR] [critico] Log/errori_recenti: 3496 errori nelle ultime 2 ore
2026-06-13 15:26:43.481 [DIAG] Generazione raccomandazioni...
2026-06-13 15:26:43.894 [FIX] Avvio azioni correttive automatiche...
2026-06-13 15:26:43.914 [INFO] Nessuna azione correttiva automatica disponibile
2026-06-13 15:26:43.981 [OK] Report diagnostica salvato: C:\cellular_speace\reports\manutenzione\correttiva\diagnosi_20260613_152615.json
2026-06-13 15:26:44.061 [OK] Diagnosi Markdown salvata: C:\cellular_speace\data\diagnosi\diagnosi_20260613_152615.md
