2026-06-13 13:51:56.024 [DIAG] Diagnostica processi...
2026-06-13 13:51:56.071 [DIAG] Diagnostica processi...
2026-06-13 13:51:56.188 [DIAG] Generazione raccomandazioni...
2026-06-13 13:51:56.211 [OK] Report diagnostica salvato: C:\cellular_speace\reports\manutenzione\correttiva\diagnosi_20260613_135156.json
2026-06-13 13:51:56.211 [OK] Diagnosi Markdown salvata: C:\cellular_speace\data\diagnosi\diagnosi_20260613_135156.md
2026-06-13 13:51:56.279 [DIAG] Generazione raccomandazioni...
2026-06-13 13:51:56.305 [OK] Report diagnostica salvato: C:\cellular_speace\reports\manutenzione\correttiva\diagnosi_20260613_135156.json
2026-06-13 13:51:56.308 [OK] Diagnosi Markdown salvata: C:\cellular_speace\data\diagnosi\diagnosi_20260613_135156.md
2026-06-13 13:51:56.343 [DIAG] Diagnostica runtime...
2026-06-13 13:51:56.349 [ERROR] [alto] Runtime/snapshot_vecchio: Snapshot ha 53.4min (>30min)
2026-06-13 13:51:56.376 [WARN] [medio] Runtime/errore_lettura_snapshot: Errore lettura snapshot: Impossibile convertire la stringa JSON perché un dizionario convertito da tale stringa contiene le chiavi duplicate 'Server' e 'SERVER'.
2026-06-13 13:51:56.386 [DIAG] Diagnostica memoria...
2026-06-13 13:51:56.731 [DIAG] Diagnostica file...
2026-06-13 13:51:59.930 [DIAG] Diagnostica processi...
2026-06-13 13:52:00.071 [DIAG] Diagnostica log errori...
2026-06-13 13:52:02.778 [ERROR] [critico] Log/errori_recenti: 1981 errori nelle ultime 2 ore
2026-06-13 13:52:02.790 [DIAG] Generazione raccomandazioni...
2026-06-13 13:52:02.810 [FIX] Avvio azioni correttive automatiche...
2026-06-13 13:52:02.817 [INFO] Nessuna azione correttiva automatica disponibile
2026-06-13 13:52:02.821 [OK] Report diagnostica salvato: C:\cellular_speace\reports\manutenzione\correttiva\diagnosi_20260613_135156.json
2026-06-13 13:52:02.833 [OK] Diagnosi Markdown salvata: C:\cellular_speace\data\diagnosi\diagnosi_20260613_135156.md
