2026-06-13 14:19:55.066 [DIAG] Diagnostica processi...
2026-06-13 14:19:55.281 [DIAG] Generazione raccomandazioni...
2026-06-13 14:19:55.301 [OK] Report diagnostica salvato: C:\cellular_speace\reports\manutenzione\correttiva\diagnosi_20260613_141955.json
2026-06-13 14:19:55.309 [OK] Diagnosi Markdown salvata: C:\cellular_speace\data\diagnosi\diagnosi_20260613_141955.md
2026-06-13 14:19:55.338 [DIAG] Diagnostica runtime...
2026-06-13 14:19:55.344 [ERROR] [alto] Runtime/snapshot_vecchio: Snapshot ha 81.4min (>30min)
2026-06-13 14:19:55.376 [WARN] [medio] Runtime/errore_lettura_snapshot: Errore lettura snapshot: Impossibile convertire la stringa JSON perché un dizionario convertito da tale stringa contiene le chiavi duplicate 'Server' e 'SERVER'.
2026-06-13 14:19:55.391 [DIAG] Diagnostica memoria...
2026-06-13 14:19:55.709 [DIAG] Diagnostica file...
2026-06-13 14:19:55.904 [DIAG] Diagnostica processi...
2026-06-13 14:19:56.078 [DIAG] Generazione raccomandazioni...
2026-06-13 14:19:56.085 [OK] Report diagnostica salvato: C:\cellular_speace\reports\manutenzione\correttiva\diagnosi_20260613_141955.json
2026-06-13 14:19:56.102 [OK] Diagnosi Markdown salvata: C:\cellular_speace\data\diagnosi\diagnosi_20260613_141955.md
2026-06-13 14:19:59.108 [DIAG] Diagnostica processi...
2026-06-13 14:19:59.282 [DIAG] Diagnostica log errori...
2026-06-13 14:20:04.435 [ERROR] [critico] Log/errori_recenti: 2717 errori nelle ultime 2 ore
2026-06-13 14:20:04.450 [DIAG] Generazione raccomandazioni...
2026-06-13 14:20:04.472 [FIX] Avvio azioni correttive automatiche...
2026-06-13 14:20:04.476 [INFO] Nessuna azione correttiva automatica disponibile
2026-06-13 14:20:04.482 [OK] Report diagnostica salvato: C:\cellular_speace\reports\manutenzione\correttiva\diagnosi_20260613_141955.json
2026-06-13 14:20:04.490 [OK] Diagnosi Markdown salvata: C:\cellular_speace\data\diagnosi\diagnosi_20260613_141955.md
