2026-06-13 14:37:47.043 [DIAG] Diagnostica runtime...
2026-06-13 14:37:47.049 [ERROR] [alto] Runtime/snapshot_vecchio: Snapshot ha 99.2min (>30min)
2026-06-13 14:37:47.071 [WARN] [medio] Runtime/errore_lettura_snapshot: Errore lettura snapshot: Impossibile convertire la stringa JSON perché un dizionario convertito da tale stringa contiene le chiavi duplicate 'Server' e 'SERVER'.
2026-06-13 14:37:47.088 [DIAG] Diagnostica memoria...
2026-06-13 14:37:47.391 [DIAG] Diagnostica file...
2026-06-13 14:37:47.640 [DIAG] Diagnostica processi...
2026-06-13 14:37:47.814 [DIAG] Generazione raccomandazioni...
2026-06-13 14:37:47.840 [OK] Report diagnostica salvato: C:\cellular_speace\reports\manutenzione\correttiva\diagnosi_20260613_143747.json
2026-06-13 14:37:47.848 [OK] Diagnosi Markdown salvata: C:\cellular_speace\data\diagnosi\diagnosi_20260613_143747.md
2026-06-13 14:37:47.889 [DIAG] Diagnostica runtime...
2026-06-13 14:37:47.895 [ERROR] [alto] Runtime/snapshot_vecchio: Snapshot ha 99.2min (>30min)
2026-06-13 14:37:47.915 [WARN] [medio] Runtime/errore_lettura_snapshot: Errore lettura snapshot: Impossibile convertire la stringa JSON perché un dizionario convertito da tale stringa contiene le chiavi duplicate 'Server' e 'SERVER'.
2026-06-13 14:37:47.931 [DIAG] Diagnostica memoria...
2026-06-13 14:37:48.251 [DIAG] Diagnostica file...
2026-06-13 14:37:50.673 [DIAG] Diagnostica processi...
2026-06-13 14:37:50.836 [DIAG] Diagnostica log errori...
2026-06-13 14:37:51.747 [DIAG] Diagnostica processi...
2026-06-13 14:37:51.930 [DIAG] Diagnostica log errori...
2026-06-13 14:37:57.806 [ERROR] [critico] Log/errori_recenti: 3205 errori nelle ultime 2 ore
2026-06-13 14:37:57.812 [DIAG] Generazione raccomandazioni...
2026-06-13 14:37:57.841 [FIX] Avvio azioni correttive automatiche...
2026-06-13 14:37:57.847 [INFO] Nessuna azione correttiva automatica disponibile
2026-06-13 14:37:57.851 [OK] Report diagnostica salvato: C:\cellular_speace\reports\manutenzione\correttiva\diagnosi_20260613_143747.json
2026-06-13 14:37:57.855 [OK] Diagnosi Markdown salvata: C:\cellular_speace\data\diagnosi\diagnosi_20260613_143747.md
2026-06-13 14:37:58.533 [ERROR] [critico] Log/errori_recenti: 3206 errori nelle ultime 2 ore
2026-06-13 14:37:58.546 [DIAG] Generazione raccomandazioni...
2026-06-13 14:37:58.566 [FIX] Avvio azioni correttive automatiche...
2026-06-13 14:37:58.566 [INFO] Nessuna azione correttiva automatica disponibile
2026-06-13 14:37:58.574 [OK] Report diagnostica salvato: C:\cellular_speace\reports\manutenzione\correttiva\diagnosi_20260613_143747.json
2026-06-13 14:37:58.578 [OK] Diagnosi Markdown salvata: C:\cellular_speace\data\diagnosi\diagnosi_20260613_143747.md
