2026-06-13 14:05:51.093 [DIAG] Diagnostica processi...
2026-06-13 14:05:51.390 [DIAG] Generazione raccomandazioni...
2026-06-13 14:05:51.433 [OK] Report diagnostica salvato: C:\cellular_speace\reports\manutenzione\correttiva\diagnosi_20260613_140551.json
2026-06-13 14:05:51.530 [OK] Diagnosi Markdown salvata: C:\cellular_speace\data\diagnosi\diagnosi_20260613_140551.md
2026-06-13 14:05:51.575 [DIAG] Diagnostica processi...
2026-06-13 14:05:51.591 [DIAG] Diagnostica runtime...
2026-06-13 14:05:51.625 [ERROR] [alto] Runtime/snapshot_vecchio: Snapshot ha 67.3min (>30min)
2026-06-13 14:05:51.742 [WARN] [medio] Runtime/errore_lettura_snapshot: Errore lettura snapshot: Impossibile convertire la stringa JSON perché un dizionario convertito da tale stringa contiene le chiavi duplicate 'Server' e 'SERVER'.
2026-06-13 14:05:51.845 [DIAG] Generazione raccomandazioni...
2026-06-13 14:05:51.901 [OK] Report diagnostica salvato: C:\cellular_speace\reports\manutenzione\correttiva\diagnosi_20260613_140551.json
2026-06-13 14:05:51.904 [OK] Diagnosi Markdown salvata: C:\cellular_speace\data\diagnosi\diagnosi_20260613_140551.md
2026-06-13 14:05:51.926 [DIAG] Diagnostica memoria...
2026-06-13 14:05:52.370 [DIAG] Diagnostica file...
2026-06-13 14:05:57.341 [DIAG] Diagnostica processi...
2026-06-13 14:05:57.669 [DIAG] Diagnostica log errori...
2026-06-13 14:06:03.383 [ERROR] [critico] Log/errori_recenti: 2373 errori nelle ultime 2 ore
2026-06-13 14:06:03.464 [DIAG] Generazione raccomandazioni...
2026-06-13 14:06:03.538 [FIX] Avvio azioni correttive automatiche...
2026-06-13 14:06:03.558 [INFO] Nessuna azione correttiva automatica disponibile
2026-06-13 14:06:03.566 [OK] Report diagnostica salvato: C:\cellular_speace\reports\manutenzione\correttiva\diagnosi_20260613_140551.json
2026-06-13 14:06:03.584 [OK] Diagnosi Markdown salvata: C:\cellular_speace\data\diagnosi\diagnosi_20260613_140551.md
