2026-06-13 13:20:37.192 [DIAG] Diagnostica processi...
2026-06-13 13:20:37.208 [DIAG] Diagnostica processi...
2026-06-13 13:20:37.354 [DIAG] Generazione raccomandazioni...
2026-06-13 13:20:37.363 [DIAG] Generazione raccomandazioni...
2026-06-13 13:20:37.366 [OK] Report diagnostica salvato: C:\cellular_speace\reports\manutenzione\correttiva\diagnosi_20260613_132037.json
2026-06-13 13:20:37.378 [OK] Diagnosi Markdown salvata: C:\cellular_speace\data\diagnosi\diagnosi_20260613_132037.md
2026-06-13 13:20:37.384 [OK] Report diagnostica salvato: C:\cellular_speace\reports\manutenzione\correttiva\diagnosi_20260613_132037.json
2026-06-13 13:20:37.384 [OK] Diagnosi Markdown salvata: C:\cellular_speace\data\diagnosi\diagnosi_20260613_132037.md
2026-06-13 13:20:37.398 [DIAG] Diagnostica runtime...
2026-06-13 13:20:37.437 [WARN] [medio] Runtime/errore_lettura_snapshot: Errore lettura snapshot: Impossibile convertire la stringa JSON perché un dizionario convertito da tale stringa contiene le chiavi duplicate 'Server' e 'SERVER'.
2026-06-13 13:20:37.451 [DIAG] Diagnostica memoria...
2026-06-13 13:20:37.754 [DIAG] Diagnostica file...
2026-06-13 13:20:40.415 [DIAG] Diagnostica processi...
2026-06-13 13:20:40.571 [DIAG] Diagnostica log errori...
2026-06-13 13:20:41.619 [ERROR] [critico] Log/errori_recenti: 1085 errori nelle ultime 2 ore
2026-06-13 13:20:41.627 [DIAG] Generazione raccomandazioni...
2026-06-13 13:20:41.672 [FIX] Avvio azioni correttive automatiche...
2026-06-13 13:20:41.675 [INFO] Nessuna azione correttiva automatica disponibile
2026-06-13 13:20:41.681 [OK] Report diagnostica salvato: C:\cellular_speace\reports\manutenzione\correttiva\diagnosi_20260613_132037.json
2026-06-13 13:20:41.685 [OK] Diagnosi Markdown salvata: C:\cellular_speace\data\diagnosi\diagnosi_20260613_132037.md
