2026-06-13 17:00:40.108 [DIAG] Diagnostica processi...
2026-06-13 17:00:40.302 [DIAG] Generazione raccomandazioni...
2026-06-13 17:00:40.320 [OK] Report diagnostica salvato: C:\cellular_speace\reports\manutenzione\correttiva\diagnosi_20260613_170040.json
2026-06-13 17:00:40.327 [OK] Diagnosi Markdown salvata: C:\cellular_speace\data\diagnosi\diagnosi_20260613_170040.md
2026-06-13 17:00:40.580 [DIAG] Diagnostica processi...
2026-06-13 17:00:40.716 [DIAG] Diagnostica processi...
2026-06-13 17:00:40.743 [DIAG] Generazione raccomandazioni...
2026-06-13 17:00:40.763 [OK] Report diagnostica salvato: C:\cellular_speace\reports\manutenzione\correttiva\diagnosi_20260613_170040.json
2026-06-13 17:00:40.771 [OK] Diagnosi Markdown salvata: C:\cellular_speace\data\diagnosi\diagnosi_20260613_170040.md
2026-06-13 17:00:40.905 [DIAG] Generazione raccomandazioni...
2026-06-13 17:00:40.933 [OK] Report diagnostica salvato: C:\cellular_speace\reports\manutenzione\correttiva\diagnosi_20260613_170040.json
2026-06-13 17:00:40.936 [OK] Diagnosi Markdown salvata: C:\cellular_speace\data\diagnosi\diagnosi_20260613_170040.md
2026-06-13 17:00:40.952 [DIAG] Diagnostica runtime...
2026-06-13 17:00:40.952 [ERROR] [alto] Runtime/snapshot_vecchio: Snapshot ha 242.1min (>30min)
2026-06-13 17:00:40.979 [WARN] [medio] Runtime/errore_lettura_snapshot: Errore lettura snapshot: Impossibile convertire la stringa JSON perché un dizionario convertito da tale stringa contiene le chiavi duplicate 'Server' e 'SERVER'.
2026-06-13 17:00:40.997 [DIAG] Diagnostica memoria...
2026-06-13 17:00:41.337 [DIAG] Diagnostica file...
2026-06-13 17:00:45.505 [DIAG] Diagnostica processi...
2026-06-13 17:00:45.712 [DIAG] Diagnostica log errori...
2026-06-13 17:00:52.734 [ERROR] [critico] Log/errori_recenti: 3399 errori nelle ultime 2 ore
2026-06-13 17:00:52.736 [DIAG] Generazione raccomandazioni...
2026-06-13 17:00:52.765 [FIX] Avvio azioni correttive automatiche...
2026-06-13 17:00:52.769 [INFO] Nessuna azione correttiva automatica disponibile
2026-06-13 17:00:52.773 [OK] Report diagnostica salvato: C:\cellular_speace\reports\manutenzione\correttiva\diagnosi_20260613_170040.json
2026-06-13 17:00:52.773 [OK] Diagnosi Markdown salvata: C:\cellular_speace\data\diagnosi\diagnosi_20260613_170040.md
