2026-06-13 13:29:32.053 [DIAG] Diagnostica processi...
2026-06-13 13:29:32.265 [DIAG] Generazione raccomandazioni...
2026-06-13 13:29:32.287 [OK] Report diagnostica salvato: C:\cellular_speace\reports\manutenzione\correttiva\diagnosi_20260613_132932.json
2026-06-13 13:29:32.292 [OK] Diagnosi Markdown salvata: C:\cellular_speace\data\diagnosi\diagnosi_20260613_132932.md
2026-06-13 13:29:32.329 [DIAG] Diagnostica runtime...
2026-06-13 13:29:32.337 [ERROR] [alto] Runtime/snapshot_vecchio: Snapshot ha 31min (>30min)
2026-06-13 13:29:32.366 [WARN] [medio] Runtime/errore_lettura_snapshot: Errore lettura snapshot: Impossibile convertire la stringa JSON perché un dizionario convertito da tale stringa contiene le chiavi duplicate 'Server' e 'SERVER'.
2026-06-13 13:29:32.398 [DIAG] Diagnostica memoria...
2026-06-13 13:29:32.833 [DIAG] Diagnostica file...
2026-06-13 13:29:32.842 [DIAG] Diagnostica processi...
2026-06-13 13:29:32.997 [DIAG] Diagnostica processi...
2026-06-13 13:29:33.026 [DIAG] Generazione raccomandazioni...
2026-06-13 13:29:33.048 [OK] Report diagnostica salvato: C:\cellular_speace\reports\manutenzione\correttiva\diagnosi_20260613_132932.json
2026-06-13 13:29:33.054 [OK] Diagnosi Markdown salvata: C:\cellular_speace\data\diagnosi\diagnosi_20260613_132932.md
2026-06-13 13:29:33.179 [DIAG] Generazione raccomandazioni...
2026-06-13 13:29:33.198 [OK] Report diagnostica salvato: C:\cellular_speace\reports\manutenzione\correttiva\diagnosi_20260613_132932.json
2026-06-13 13:29:33.202 [OK] Diagnosi Markdown salvata: C:\cellular_speace\data\diagnosi\diagnosi_20260613_132932.md
2026-06-13 13:29:36.129 [DIAG] Diagnostica processi...
2026-06-13 13:29:36.308 [DIAG] Diagnostica log errori...
2026-06-13 13:29:37.935 [ERROR] [critico] Log/errori_recenti: 1314 errori nelle ultime 2 ore
2026-06-13 13:29:37.943 [DIAG] Generazione raccomandazioni...
2026-06-13 13:29:37.967 [FIX] Avvio azioni correttive automatiche...
2026-06-13 13:29:37.969 [INFO] Nessuna azione correttiva automatica disponibile
2026-06-13 13:29:37.976 [OK] Report diagnostica salvato: C:\cellular_speace\reports\manutenzione\correttiva\diagnosi_20260613_132932.json
2026-06-13 13:29:37.981 [OK] Diagnosi Markdown salvata: C:\cellular_speace\data\diagnosi\diagnosi_20260613_132932.md
