2026-06-13 15:26:59.259 [DIAG] Diagnostica processi...
2026-06-13 15:26:59.449 [DIAG] Diagnostica runtime...
2026-06-13 15:26:59.485 [ERROR] [alto] Runtime/snapshot_vecchio: Snapshot ha 148.4min (>30min)
2026-06-13 15:26:59.610 [DIAG] Generazione raccomandazioni...
2026-06-13 15:26:59.831 [OK] Report diagnostica salvato: C:\cellular_speace\reports\manutenzione\correttiva\diagnosi_20260613_152659.json
2026-06-13 15:26:59.849 [OK] Diagnosi Markdown salvata: C:\cellular_speace\data\diagnosi\diagnosi_20260613_152659.md
2026-06-13 15:26:59.944 [WARN] [medio] Runtime/errore_lettura_snapshot: Errore lettura snapshot: Impossibile convertire la stringa JSON perché un dizionario convertito da tale stringa contiene le chiavi duplicate 'Server' e 'SERVER'.
2026-06-13 15:27:00.083 [DIAG] Diagnostica runtime...
2026-06-13 15:27:00.142 [ERROR] [alto] Runtime/snapshot_vecchio: Snapshot ha 148.4min (>30min)
2026-06-13 15:27:00.419 [WARN] [medio] Runtime/errore_lettura_snapshot: Errore lettura snapshot: Impossibile convertire la stringa JSON perché un dizionario convertito da tale stringa contiene le chiavi duplicate 'Server' e 'SERVER'.
2026-06-13 15:27:00.490 [DIAG] Diagnostica memoria...
2026-06-13 15:27:00.506 [DIAG] Diagnostica memoria...
2026-06-13 15:27:00.967 [DIAG] Diagnostica file...
2026-06-13 15:27:00.995 [DIAG] Diagnostica file...
2026-06-13 15:27:06.870 [DIAG] Diagnostica processi...
2026-06-13 15:27:07.503 [DIAG] Diagnostica processi...
2026-06-13 15:27:07.679 [DIAG] Diagnostica log errori...
2026-06-13 15:27:08.085 [DIAG] Diagnostica log errori...
2026-06-13 15:27:23.817 [ERROR] [critico] Log/errori_recenti: 3484 errori nelle ultime 2 ore
2026-06-13 15:27:24.118 [DIAG] Generazione raccomandazioni...
2026-06-13 15:27:24.289 [ERROR] [critico] Log/errori_recenti: 3485 errori nelle ultime 2 ore
2026-06-13 15:27:24.325 [FIX] Avvio azioni correttive automatiche...
2026-06-13 15:27:24.358 [INFO] Nessuna azione correttiva automatica disponibile
2026-06-13 15:27:24.380 [OK] Report diagnostica salvato: C:\cellular_speace\reports\manutenzione\correttiva\diagnosi_20260613_152659.json
2026-06-13 15:27:24.400 [OK] Diagnosi Markdown salvata: C:\cellular_speace\data\diagnosi\diagnosi_20260613_152659.md
2026-06-13 15:27:24.562 [DIAG] Generazione raccomandazioni...
2026-06-13 15:27:24.735 [FIX] Avvio azioni correttive automatiche...
2026-06-13 15:27:24.751 [INFO] Nessuna azione correttiva automatica disponibile
2026-06-13 15:27:24.786 [OK] Report diagnostica salvato: C:\cellular_speace\reports\manutenzione\correttiva\diagnosi_20260613_152659.json
2026-06-13 15:27:24.818 [OK] Diagnosi Markdown salvata: C:\cellular_speace\data\diagnosi\diagnosi_20260613_152659.md
