2026-06-13 13:33:02.078 [DIAG] Diagnostica runtime...
2026-06-13 13:33:02.078 [ERROR] [alto] Runtime/snapshot_vecchio: Snapshot ha 34.5min (>30min)
2026-06-13 13:33:02.190 [WARN] [medio] Runtime/errore_lettura_snapshot: Errore lettura snapshot: Impossibile convertire la stringa JSON perché un dizionario convertito da tale stringa contiene le chiavi duplicate 'Server' e 'SERVER'.
2026-06-13 13:33:02.199 [DIAG] Diagnostica memoria...
2026-06-13 13:33:02.395 [DIAG] Diagnostica processi...
2026-06-13 13:33:02.485 [DIAG] Diagnostica file...
2026-06-13 13:33:02.571 [DIAG] Generazione raccomandazioni...
2026-06-13 13:33:02.595 [OK] Report diagnostica salvato: C:\cellular_speace\reports\manutenzione\correttiva\diagnosi_20260613_133302.json
2026-06-13 13:33:02.600 [OK] Diagnosi Markdown salvata: C:\cellular_speace\data\diagnosi\diagnosi_20260613_133302.md
2026-06-13 13:33:02.625 [DIAG] Diagnostica runtime...
2026-06-13 13:33:02.629 [ERROR] [alto] Runtime/snapshot_vecchio: Snapshot ha 34.5min (>30min)
2026-06-13 13:33:02.647 [WARN] [medio] Runtime/errore_lettura_snapshot: Errore lettura snapshot: Impossibile convertire la stringa JSON perché un dizionario convertito da tale stringa contiene le chiavi duplicate 'Server' e 'SERVER'.
2026-06-13 13:33:02.667 [DIAG] Diagnostica memoria...
2026-06-13 13:33:02.982 [DIAG] Diagnostica file...
2026-06-13 13:33:05.425 [DIAG] Diagnostica processi...
2026-06-13 13:33:05.571 [DIAG] Diagnostica log errori...
2026-06-13 13:33:05.741 [DIAG] Diagnostica processi...
2026-06-13 13:33:05.916 [DIAG] Diagnostica log errori...
2026-06-13 13:33:07.227 [ERROR] [critico] Log/errori_recenti: 1423 errori nelle ultime 2 ore
2026-06-13 13:33:07.243 [DIAG] Generazione raccomandazioni...
2026-06-13 13:33:07.263 [FIX] Avvio azioni correttive automatiche...
2026-06-13 13:33:07.267 [INFO] Nessuna azione correttiva automatica disponibile
2026-06-13 13:33:07.273 [OK] Report diagnostica salvato: C:\cellular_speace\reports\manutenzione\correttiva\diagnosi_20260613_133302.json
2026-06-13 13:33:07.275 [OK] Diagnosi Markdown salvata: C:\cellular_speace\data\diagnosi\diagnosi_20260613_133302.md
2026-06-13 13:33:07.637 [ERROR] [critico] Log/errori_recenti: 1424 errori nelle ultime 2 ore
2026-06-13 13:33:07.637 [DIAG] Generazione raccomandazioni...
2026-06-13 13:33:07.665 [FIX] Avvio azioni correttive automatiche...
2026-06-13 13:33:07.665 [INFO] Nessuna azione correttiva automatica disponibile
2026-06-13 13:33:07.672 [OK] Report diagnostica salvato: C:\cellular_speace\reports\manutenzione\correttiva\diagnosi_20260613_133302.json
2026-06-13 13:33:07.676 [OK] Diagnosi Markdown salvata: C:\cellular_speace\data\diagnosi\diagnosi_20260613_133302.md
