2026-06-13 19:36:12.340 [DIAG] Diagnostica processi...
2026-06-13 19:36:12.439 [DIAG] Generazione raccomandazioni...
2026-06-13 19:36:12.452 [OK] Report diagnostica salvato: C:\cellular_speace\reports\manutenzione\correttiva\diagnosi_20260613_193612.json
2026-06-13 19:36:12.463 [OK] Diagnosi Markdown salvata: C:\cellular_speace\data\diagnosi\diagnosi_20260613_193612.md
2026-06-13 19:36:12.482 [DIAG] Diagnostica runtime...
2026-06-13 19:36:12.486 [ERROR] [alto] Runtime/snapshot_vecchio: Snapshot ha 397.7min (>30min)
2026-06-13 19:36:12.498 [WARN] [medio] Runtime/errore_lettura_snapshot: Errore lettura snapshot: Impossibile convertire la stringa JSON perché un dizionario convertito da tale stringa contiene le chiavi duplicate 'Server' e 'SERVER'.
2026-06-13 19:36:12.508 [DIAG] Diagnostica memoria...
2026-06-13 19:36:12.671 [DIAG] Diagnostica file...
2026-06-13 19:36:12.865 [DIAG] Diagnostica processi...
2026-06-13 19:36:12.946 [DIAG] Generazione raccomandazioni...
2026-06-13 19:36:12.957 [OK] Report diagnostica salvato: C:\cellular_speace\reports\manutenzione\correttiva\diagnosi_20260613_193612.json
2026-06-13 19:36:12.957 [OK] Diagnosi Markdown salvata: C:\cellular_speace\data\diagnosi\diagnosi_20260613_193612.md
2026-06-13 19:36:12.985 [DIAG] Diagnostica runtime...
2026-06-13 19:36:12.985 [ERROR] [alto] Runtime/snapshot_vecchio: Snapshot ha 397.7min (>30min)
2026-06-13 19:36:13.000 [WARN] [medio] Runtime/errore_lettura_snapshot: Errore lettura snapshot: Impossibile convertire la stringa JSON perché un dizionario convertito da tale stringa contiene le chiavi duplicate 'Server' e 'SERVER'.
2026-06-13 19:36:13.008 [DIAG] Diagnostica memoria...
2026-06-13 19:36:13.175 [DIAG] Diagnostica file...
2026-06-13 19:36:15.893 [DIAG] Diagnostica processi...
2026-06-13 19:36:15.990 [DIAG] Diagnostica log errori...
2026-06-13 19:36:16.431 [DIAG] Diagnostica processi...
2026-06-13 19:36:16.542 [DIAG] Diagnostica log errori...
2026-06-13 19:36:22.809 [ERROR] [critico] Log/errori_recenti: 2658 errori nelle ultime 2 ore
2026-06-13 19:36:22.819 [DIAG] Generazione raccomandazioni...
2026-06-13 19:36:22.845 [FIX] Avvio azioni correttive automatiche...
2026-06-13 19:36:22.849 [INFO] Nessuna azione correttiva automatica disponibile
2026-06-13 19:36:22.854 [OK] Report diagnostica salvato: C:\cellular_speace\reports\manutenzione\correttiva\diagnosi_20260613_193612.json
2026-06-13 19:36:22.864 [OK] Diagnosi Markdown salvata: C:\cellular_speace\data\diagnosi\diagnosi_20260613_193612.md
2026-06-13 19:36:23.785 [ERROR] [critico] Log/errori_recenti: 2661 errori nelle ultime 2 ore
2026-06-13 19:36:23.823 [DIAG] Generazione raccomandazioni...
2026-06-13 19:36:23.852 [FIX] Avvio azioni correttive automatiche...
2026-06-13 19:36:23.856 [INFO] Nessuna azione correttiva automatica disponibile
2026-06-13 19:36:23.865 [OK] Report diagnostica salvato: C:\cellular_speace\reports\manutenzione\correttiva\diagnosi_20260613_193612.json
2026-06-13 19:36:23.870 [OK] Diagnosi Markdown salvata: C:\cellular_speace\data\diagnosi\diagnosi_20260613_193612.md
