2026-06-13 17:59:03.560 [DIAG] Diagnostica runtime...
2026-06-13 17:59:03.587 [ERROR] [alto] Runtime/snapshot_vecchio: Snapshot ha 300.5min (>30min)
2026-06-13 17:59:03.781 [DIAG] Diagnostica runtime...
2026-06-13 17:59:03.833 [ERROR] [alto] Runtime/snapshot_vecchio: Snapshot ha 300.5min (>30min)
2026-06-13 17:59:03.978 [WARN] [medio] Runtime/errore_lettura_snapshot: Errore lettura snapshot: Impossibile convertire la stringa JSON perché un dizionario convertito da tale stringa contiene le chiavi duplicate 'Server' e 'SERVER'.
2026-06-13 17:59:04.227 [WARN] [medio] Runtime/errore_lettura_snapshot: Errore lettura snapshot: Impossibile convertire la stringa JSON perché un dizionario convertito da tale stringa contiene le chiavi duplicate 'Server' e 'SERVER'.
2026-06-13 17:59:04.932 [DIAG] Diagnostica memoria...
2026-06-13 17:59:05.349 [DIAG] Diagnostica memoria...
2026-06-13 17:59:05.485 [DIAG] Diagnostica file...
2026-06-13 17:59:05.945 [DIAG] Diagnostica file...
2026-06-13 17:59:10.657 [DIAG] Diagnostica processi...
2026-06-13 17:59:10.943 [DIAG] Diagnostica log errori...
2026-06-13 17:59:12.353 [DIAG] Diagnostica processi...
2026-06-13 17:59:12.675 [DIAG] Diagnostica log errori...
2026-06-13 17:59:24.053 [ERROR] [critico] Log/errori_recenti: 3414 errori nelle ultime 2 ore
2026-06-13 17:59:24.592 [DIAG] Generazione raccomandazioni...
2026-06-13 17:59:24.893 [FIX] Avvio azioni correttive automatiche...
2026-06-13 17:59:24.937 [INFO] Nessuna azione correttiva automatica disponibile
2026-06-13 17:59:24.997 [OK] Report diagnostica salvato: C:\cellular_speace\reports\manutenzione\correttiva\diagnosi_20260613_175903.json
2026-06-13 17:59:25.048 [OK] Diagnosi Markdown salvata: C:\cellular_speace\data\diagnosi\diagnosi_20260613_175903.md
2026-06-13 17:59:25.607 [ERROR] [critico] Log/errori_recenti: 3415 errori nelle ultime 2 ore
2026-06-13 17:59:25.878 [DIAG] Generazione raccomandazioni...
2026-06-13 17:59:25.960 [FIX] Avvio azioni correttive automatiche...
2026-06-13 17:59:25.972 [INFO] Nessuna azione correttiva automatica disponibile
2026-06-13 17:59:25.993 [OK] Report diagnostica salvato: C:\cellular_speace\reports\manutenzione\correttiva\diagnosi_20260613_175903.json
2026-06-13 17:59:26.009 [OK] Diagnosi Markdown salvata: C:\cellular_speace\data\diagnosi\diagnosi_20260613_175903.md
