2026-06-13 18:15:37.321 [DIAG] Diagnostica processi...
2026-06-13 18:15:37.446 [DIAG] Generazione raccomandazioni...
2026-06-13 18:15:37.460 [OK] Report diagnostica salvato: C:\cellular_speace\reports\manutenzione\correttiva\diagnosi_20260613_181537.json
2026-06-13 18:15:37.474 [OK] Diagnosi Markdown salvata: C:\cellular_speace\data\diagnosi\diagnosi_20260613_181537.md
2026-06-13 18:15:37.490 [DIAG] Diagnostica runtime...
2026-06-13 18:15:37.509 [ERROR] [alto] Runtime/snapshot_vecchio: Snapshot ha 317.1min (>30min)
2026-06-13 18:15:37.516 [WARN] [medio] Runtime/errore_lettura_snapshot: Errore lettura snapshot: Impossibile convertire la stringa JSON perché un dizionario convertito da tale stringa contiene le chiavi duplicate 'Server' e 'SERVER'.
2026-06-13 18:15:37.523 [DIAG] Diagnostica memoria...
2026-06-13 18:15:37.803 [DIAG] Diagnostica file...
2026-06-13 18:15:37.858 [DIAG] Diagnostica processi...
2026-06-13 18:15:37.993 [DIAG] Generazione raccomandazioni...
2026-06-13 18:15:38.008 [OK] Report diagnostica salvato: C:\cellular_speace\reports\manutenzione\correttiva\diagnosi_20260613_181537.json
2026-06-13 18:15:38.008 [OK] Diagnosi Markdown salvata: C:\cellular_speace\data\diagnosi\diagnosi_20260613_181537.md
2026-06-13 18:15:40.794 [DIAG] Diagnostica processi...
2026-06-13 18:15:40.906 [DIAG] Diagnostica log errori...
2026-06-13 18:15:45.477 [ERROR] [critico] Log/errori_recenti: 3404 errori nelle ultime 2 ore
2026-06-13 18:15:45.493 [DIAG] Generazione raccomandazioni...
2026-06-13 18:15:45.509 [FIX] Avvio azioni correttive automatiche...
2026-06-13 18:15:45.509 [INFO] Nessuna azione correttiva automatica disponibile
2026-06-13 18:15:45.509 [OK] Report diagnostica salvato: C:\cellular_speace\reports\manutenzione\correttiva\diagnosi_20260613_181537.json
2026-06-13 18:15:45.509 [OK] Diagnosi Markdown salvata: C:\cellular_speace\data\diagnosi\diagnosi_20260613_181537.md
