2026-06-13 16:50:26.451 [DIAG] Diagnostica runtime...
2026-06-13 16:50:26.491 [ERROR] [alto] Runtime/snapshot_vecchio: Snapshot ha 231.9min (>30min)
2026-06-13 16:50:26.581 [DIAG] Diagnostica processi...
2026-06-13 16:50:26.602 [WARN] [medio] Runtime/errore_lettura_snapshot: Errore lettura snapshot: Impossibile convertire la stringa JSON perché un dizionario convertito da tale stringa contiene le chiavi duplicate 'Server' e 'SERVER'.
2026-06-13 16:50:26.839 [DIAG] Generazione raccomandazioni...
2026-06-13 16:50:26.903 [OK] Report diagnostica salvato: C:\cellular_speace\reports\manutenzione\correttiva\diagnosi_20260613_165026.json
2026-06-13 16:50:26.917 [OK] Diagnosi Markdown salvata: C:\cellular_speace\data\diagnosi\diagnosi_20260613_165026.md
2026-06-13 16:50:26.937 [DIAG] Diagnostica memoria...
2026-06-13 16:50:26.995 [DIAG] Diagnostica runtime...
2026-06-13 16:50:27.012 [ERROR] [alto] Runtime/snapshot_vecchio: Snapshot ha 231.9min (>30min)
2026-06-13 16:50:27.226 [WARN] [medio] Runtime/errore_lettura_snapshot: Errore lettura snapshot: Impossibile convertire la stringa JSON perché un dizionario convertito da tale stringa contiene le chiavi duplicate 'Server' e 'SERVER'.
2026-06-13 16:50:27.237 [DIAG] Diagnostica memoria...
2026-06-13 16:50:27.363 [DIAG] Diagnostica file...
2026-06-13 16:50:27.650 [DIAG] Diagnostica file...
2026-06-13 16:50:32.012 [DIAG] Diagnostica processi...
2026-06-13 16:50:32.255 [DIAG] Diagnostica log errori...
2026-06-13 16:50:32.533 [DIAG] Diagnostica processi...
2026-06-13 16:50:32.757 [DIAG] Diagnostica log errori...
2026-06-13 16:50:42.003 [ERROR] [critico] Log/errori_recenti: 3319 errori nelle ultime 2 ore
2026-06-13 16:50:42.204 [ERROR] [critico] Log/errori_recenti: 3320 errori nelle ultime 2 ore
2026-06-13 16:50:42.240 [DIAG] Generazione raccomandazioni...
2026-06-13 16:50:42.271 [FIX] Avvio azioni correttive automatiche...
2026-06-13 16:50:42.274 [INFO] Nessuna azione correttiva automatica disponibile
2026-06-13 16:50:42.284 [OK] Report diagnostica salvato: C:\cellular_speace\reports\manutenzione\correttiva\diagnosi_20260613_165026.json
2026-06-13 16:50:42.318 [OK] Diagnosi Markdown salvata: C:\cellular_speace\data\diagnosi\diagnosi_20260613_165026.md
2026-06-13 16:50:42.356 [DIAG] Generazione raccomandazioni...
2026-06-13 16:50:42.428 [FIX] Avvio azioni correttive automatiche...
2026-06-13 16:50:42.432 [INFO] Nessuna azione correttiva automatica disponibile
2026-06-13 16:50:42.444 [OK] Report diagnostica salvato: C:\cellular_speace\reports\manutenzione\correttiva\diagnosi_20260613_165026.json
2026-06-13 16:50:42.460 [OK] Diagnosi Markdown salvata: C:\cellular_speace\data\diagnosi\diagnosi_20260613_165026.md
