2026-06-13 13:25:37.210 [DIAG] Diagnostica processi...
2026-06-13 13:25:37.392 [DIAG] Diagnostica processi...
2026-06-13 13:25:37.444 [DIAG] Generazione raccomandazioni...
2026-06-13 13:25:37.463 [OK] Report diagnostica salvato: C:\cellular_speace\reports\manutenzione\correttiva\diagnosi_20260613_132537.json
2026-06-13 13:25:37.463 [DIAG] Diagnostica processi...
2026-06-13 13:25:37.475 [OK] Diagnosi Markdown salvata: C:\cellular_speace\data\diagnosi\diagnosi_20260613_132537.md
2026-06-13 13:25:37.509 [DIAG] Diagnostica runtime...
2026-06-13 13:25:37.527 [WARN] [medio] Runtime/errore_lettura_snapshot: Errore lettura snapshot: Impossibile convertire la stringa JSON perché un dizionario convertito da tale stringa contiene le chiavi duplicate 'Server' e 'SERVER'.
2026-06-13 13:25:37.545 [DIAG] Diagnostica memoria...
2026-06-13 13:25:37.597 [DIAG] Generazione raccomandazioni...
2026-06-13 13:25:37.610 [OK] Report diagnostica salvato: C:\cellular_speace\reports\manutenzione\correttiva\diagnosi_20260613_132537.json
2026-06-13 13:25:37.624 [OK] Diagnosi Markdown salvata: C:\cellular_speace\data\diagnosi\diagnosi_20260613_132537.md
2026-06-13 13:25:37.658 [DIAG] Diagnostica runtime...
2026-06-13 13:25:37.676 [DIAG] Generazione raccomandazioni...
2026-06-13 13:25:37.680 [WARN] [medio] Runtime/errore_lettura_snapshot: Errore lettura snapshot: Impossibile convertire la stringa JSON perché un dizionario convertito da tale stringa contiene le chiavi duplicate 'Server' e 'SERVER'.
2026-06-13 13:25:37.702 [OK] Report diagnostica salvato: C:\cellular_speace\reports\manutenzione\correttiva\diagnosi_20260613_132537.json
2026-06-13 13:25:37.708 [ERROR] ERRORE FATALE: Il processo non può accedere al file 'C:\cellular_speace\data\logs\manutenzione\correttiva\diagnostica_20260613_132537.log' perché è in uso da un altro processo.
2026-06-13 13:25:37.710 [OK] Diagnosi Markdown salvata: C:\cellular_speace\data\diagnosi\diagnosi_20260613_132537.md
2026-06-13 13:25:37.739 [DIAG] Diagnostica runtime...
2026-06-13 13:25:37.768 [WARN] [medio] Runtime/errore_lettura_snapshot: Errore lettura snapshot: Impossibile convertire la stringa JSON perché un dizionario convertito da tale stringa contiene le chiavi duplicate 'Server' e 'SERVER'.
2026-06-13 13:25:37.787 [DIAG] Diagnostica memoria...
2026-06-13 13:25:37.882 [DIAG] Diagnostica file...
2026-06-13 13:25:38.066 [DIAG] Diagnostica file...
2026-06-13 13:25:40.123 [DIAG] Diagnostica processi...
2026-06-13 13:25:40.292 [DIAG] Diagnostica log errori...
2026-06-13 13:25:40.393 [DIAG] Diagnostica processi...
2026-06-13 13:25:40.523 [DIAG] Diagnostica log errori...
2026-06-13 13:25:41.427 [ERROR] [critico] Log/errori_recenti: 1202 errori nelle ultime 2 ore
2026-06-13 13:25:41.430 [DIAG] Generazione raccomandazioni...
2026-06-13 13:25:41.454 [FIX] Avvio azioni correttive automatiche...
2026-06-13 13:25:41.458 [INFO] Nessuna azione correttiva automatica disponibile
2026-06-13 13:25:41.461 [OK] Report diagnostica salvato: C:\cellular_speace\reports\manutenzione\correttiva\diagnosi_20260613_132537.json
2026-06-13 13:25:41.465 [OK] Diagnosi Markdown salvata: C:\cellular_speace\data\diagnosi\diagnosi_20260613_132537.md
2026-06-13 13:25:41.636 [ERROR] [critico] Log/errori_recenti: 1203 errori nelle ultime 2 ore
2026-06-13 13:25:41.643 [DIAG] Generazione raccomandazioni...
2026-06-13 13:25:41.658 [FIX] Avvio azioni correttive automatiche...
2026-06-13 13:25:41.665 [INFO] Nessuna azione correttiva automatica disponibile
2026-06-13 13:25:41.666 [OK] Report diagnostica salvato: C:\cellular_speace\reports\manutenzione\correttiva\diagnosi_20260613_132537.json
2026-06-13 13:25:41.666 [OK] Diagnosi Markdown salvata: C:\cellular_speace\data\diagnosi\diagnosi_20260613_132537.md
