2026-06-13 17:09:16.119 [DIAG] Diagnostica processi...
2026-06-13 17:09:16.250 [DIAG] Diagnostica processi...
2026-06-13 17:09:16.279 [DIAG] Generazione raccomandazioni...
2026-06-13 17:09:16.305 [OK] Report diagnostica salvato: C:\cellular_speace\reports\manutenzione\correttiva\diagnosi_20260613_170916.json
2026-06-13 17:09:16.305 [OK] Diagnosi Markdown salvata: C:\cellular_speace\data\diagnosi\diagnosi_20260613_170916.md
2026-06-13 17:09:16.344 [DIAG] Diagnostica runtime...
2026-06-13 17:09:16.368 [ERROR] [alto] Runtime/snapshot_vecchio: Snapshot ha 250.7min (>30min)
2026-06-13 17:09:16.389 [WARN] [medio] Runtime/errore_lettura_snapshot: Errore lettura snapshot: Impossibile convertire la stringa JSON perché un dizionario convertito da tale stringa contiene le chiavi duplicate 'Server' e 'SERVER'.
2026-06-13 17:09:16.411 [DIAG] Diagnostica memoria...
2026-06-13 17:09:16.429 [DIAG] Generazione raccomandazioni...
2026-06-13 17:09:16.450 [OK] Report diagnostica salvato: C:\cellular_speace\reports\manutenzione\correttiva\diagnosi_20260613_170916.json
2026-06-13 17:09:16.456 [OK] Diagnosi Markdown salvata: C:\cellular_speace\data\diagnosi\diagnosi_20260613_170916.md
2026-06-13 17:09:16.774 [DIAG] Diagnostica file...
2026-06-13 17:09:20.790 [DIAG] Diagnostica processi...
2026-06-13 17:09:20.971 [DIAG] Diagnostica log errori...
2026-06-13 17:09:28.196 [ERROR] [critico] Log/errori_recenti: 3374 errori nelle ultime 2 ore
2026-06-13 17:09:28.198 [DIAG] Generazione raccomandazioni...
2026-06-13 17:09:28.227 [FIX] Avvio azioni correttive automatiche...
2026-06-13 17:09:28.232 [INFO] Nessuna azione correttiva automatica disponibile
2026-06-13 17:09:28.238 [OK] Report diagnostica salvato: C:\cellular_speace\reports\manutenzione\correttiva\diagnosi_20260613_170916.json
2026-06-13 17:09:28.242 [OK] Diagnosi Markdown salvata: C:\cellular_speace\data\diagnosi\diagnosi_20260613_170916.md
