2026-06-13 16:10:22.132 [DIAG] Diagnostica processi...
2026-06-13 16:10:22.186 [DIAG] Diagnostica processi...
2026-06-13 16:10:22.366 [DIAG] Generazione raccomandazioni...
2026-06-13 16:10:22.435 [DIAG] Generazione raccomandazioni...
2026-06-13 16:10:22.462 [OK] Report diagnostica salvato: C:\cellular_speace\reports\manutenzione\correttiva\diagnosi_20260613_161022.json
2026-06-13 16:10:22.464 [OK] Report diagnostica salvato: C:\cellular_speace\reports\manutenzione\correttiva\diagnosi_20260613_161022.json
2026-06-13 16:10:22.468 [OK] Diagnosi Markdown salvata: C:\cellular_speace\data\diagnosi\diagnosi_20260613_161022.md
2026-06-13 16:10:22.474 [OK] Diagnosi Markdown salvata: C:\cellular_speace\data\diagnosi\diagnosi_20260613_161022.md
2026-06-13 16:10:22.532 [DIAG] Diagnostica runtime...
2026-06-13 16:10:22.548 [ERROR] [alto] Runtime/snapshot_vecchio: Snapshot ha 191.8min (>30min)
2026-06-13 16:10:22.666 [WARN] [medio] Runtime/errore_lettura_snapshot: Errore lettura snapshot: Impossibile convertire la stringa JSON perché un dizionario convertito da tale stringa contiene le chiavi duplicate 'Server' e 'SERVER'.
2026-06-13 16:10:22.739 [DIAG] Diagnostica memoria...
2026-06-13 16:10:23.154 [DIAG] Diagnostica file...
2026-06-13 16:10:27.845 [DIAG] Diagnostica processi...
2026-06-13 16:10:28.026 [DIAG] Diagnostica log errori...
2026-06-13 16:10:38.756 [ERROR] [critico] Log/errori_recenti: 3314 errori nelle ultime 2 ore
2026-06-13 16:10:39.239 [DIAG] Generazione raccomandazioni...
2026-06-13 16:10:39.503 [FIX] Avvio azioni correttive automatiche...
2026-06-13 16:10:39.522 [INFO] Nessuna azione correttiva automatica disponibile
2026-06-13 16:10:39.546 [OK] Report diagnostica salvato: C:\cellular_speace\reports\manutenzione\correttiva\diagnosi_20260613_161022.json
2026-06-13 16:10:39.564 [OK] Diagnosi Markdown salvata: C:\cellular_speace\data\diagnosi\diagnosi_20260613_161022.md
