2026-06-13 15:57:48.236 [DIAG] Diagnostica runtime...
2026-06-13 15:57:48.264 [ERROR] [alto] Runtime/snapshot_vecchio: Snapshot ha 179.3min (>30min)
2026-06-13 15:57:48.446 [DIAG] Diagnostica runtime...
2026-06-13 15:57:48.512 [ERROR] [alto] Runtime/snapshot_vecchio: Snapshot ha 179.3min (>30min)
2026-06-13 15:57:48.680 [WARN] [medio] Runtime/errore_lettura_snapshot: Errore lettura snapshot: Impossibile convertire la stringa JSON perché un dizionario convertito da tale stringa contiene le chiavi duplicate 'Server' e 'SERVER'.
2026-06-13 15:57:48.841 [WARN] [medio] Runtime/errore_lettura_snapshot: Errore lettura snapshot: Impossibile convertire la stringa JSON perché un dizionario convertito da tale stringa contiene le chiavi duplicate 'Server' e 'SERVER'.
2026-06-13 15:57:49.145 [DIAG] Diagnostica memoria...
2026-06-13 15:57:49.496 [DIAG] Diagnostica memoria...
2026-06-13 15:57:49.654 [DIAG] Diagnostica file...
2026-06-13 15:57:50.080 [DIAG] Diagnostica file...
2026-06-13 15:57:56.287 [DIAG] Diagnostica processi...
2026-06-13 15:57:56.867 [DIAG] Diagnostica log errori...
2026-06-13 15:57:58.123 [DIAG] Diagnostica processi...
2026-06-13 15:57:58.585 [DIAG] Diagnostica log errori...
2026-06-13 15:58:14.093 [ERROR] [critico] Log/errori_recenti: 3357 errori nelle ultime 2 ore
2026-06-13 15:58:14.603 [DIAG] Generazione raccomandazioni...
2026-06-13 15:58:14.667 [ERROR] [critico] Log/errori_recenti: 3358 errori nelle ultime 2 ore
2026-06-13 15:58:14.883 [FIX] Avvio azioni correttive automatiche...
2026-06-13 15:58:14.905 [INFO] Nessuna azione correttiva automatica disponibile
2026-06-13 15:58:14.990 [OK] Report diagnostica salvato: C:\cellular_speace\reports\manutenzione\correttiva\diagnosi_20260613_155748.json
2026-06-13 15:58:15.012 [OK] Diagnosi Markdown salvata: C:\cellular_speace\data\diagnosi\diagnosi_20260613_155748.md
2026-06-13 15:58:15.032 [DIAG] Generazione raccomandazioni...
2026-06-13 15:58:15.313 [FIX] Avvio azioni correttive automatiche...
2026-06-13 15:58:15.333 [INFO] Nessuna azione correttiva automatica disponibile
2026-06-13 15:58:15.360 [OK] Report diagnostica salvato: C:\cellular_speace\reports\manutenzione\correttiva\diagnosi_20260613_155748.json
2026-06-13 15:58:15.388 [OK] Diagnosi Markdown salvata: C:\cellular_speace\data\diagnosi\diagnosi_20260613_155748.md
