2026-06-13 15:47:41.716 [DIAG] Diagnostica processi...
2026-06-13 15:47:41.724 [DIAG] Diagnostica processi...
2026-06-13 15:47:41.922 [DIAG] Diagnostica runtime...
2026-06-13 15:47:41.966 [ERROR] [alto] Runtime/snapshot_vecchio: Snapshot ha 169.1min (>30min)
2026-06-13 15:47:42.091 [DIAG] Generazione raccomandazioni...
2026-06-13 15:47:42.108 [DIAG] Generazione raccomandazioni...
2026-06-13 15:47:42.473 [OK] Report diagnostica salvato: C:\cellular_speace\reports\manutenzione\correttiva\diagnosi_20260613_154741.json
2026-06-13 15:47:42.509 [OK] Diagnosi Markdown salvata: C:\cellular_speace\data\diagnosi\diagnosi_20260613_154741.md
2026-06-13 15:47:42.681 [OK] Report diagnostica salvato: C:\cellular_speace\reports\manutenzione\correttiva\diagnosi_20260613_154741.json
2026-06-13 15:47:42.804 [OK] Diagnosi Markdown salvata: C:\cellular_speace\data\diagnosi\diagnosi_20260613_154741.md
2026-06-13 15:47:43.052 [WARN] [medio] Runtime/errore_lettura_snapshot: Errore lettura snapshot: Impossibile convertire la stringa JSON perché un dizionario convertito da tale stringa contiene le chiavi duplicate 'Server' e 'SERVER'.
2026-06-13 15:47:44.876 [DIAG] Diagnostica memoria...
2026-06-13 15:47:46.079 [DIAG] Diagnostica file...
2026-06-13 15:47:54.415 [DIAG] Diagnostica processi...
2026-06-13 15:47:54.854 [DIAG] Diagnostica log errori...
2026-06-13 15:48:16.438 [ERROR] [critico] Log/errori_recenti: 3426 errori nelle ultime 2 ore
2026-06-13 15:48:17.016 [DIAG] Generazione raccomandazioni...
2026-06-13 15:48:17.479 [FIX] Avvio azioni correttive automatiche...
2026-06-13 15:48:17.500 [INFO] Nessuna azione correttiva automatica disponibile
2026-06-13 15:48:17.542 [OK] Report diagnostica salvato: C:\cellular_speace\reports\manutenzione\correttiva\diagnosi_20260613_154741.json
2026-06-13 15:48:17.627 [OK] Diagnosi Markdown salvata: C:\cellular_speace\data\diagnosi\diagnosi_20260613_154741.md
