2026-06-13 17:08:59.102 [DIAG] Diagnostica runtime...
2026-06-13 17:08:59.114 [ERROR] [alto] Runtime/snapshot_vecchio: Snapshot ha 250.4min (>30min)
2026-06-13 17:08:59.206 [DIAG] Diagnostica runtime...
2026-06-13 17:08:59.238 [DIAG] Diagnostica processi...
2026-06-13 17:08:59.244 [ERROR] [alto] Runtime/snapshot_vecchio: Snapshot ha 250.4min (>30min)
2026-06-13 17:08:59.276 [WARN] [medio] Runtime/errore_lettura_snapshot: Errore lettura snapshot: Impossibile convertire la stringa JSON perché un dizionario convertito da tale stringa contiene le chiavi duplicate 'Server' e 'SERVER'.
2026-06-13 17:08:59.347 [WARN] [medio] Runtime/errore_lettura_snapshot: Errore lettura snapshot: Impossibile convertire la stringa JSON perché un dizionario convertito da tale stringa contiene le chiavi duplicate 'Server' e 'SERVER'.
2026-06-13 17:08:59.363 [DIAG] Diagnostica memoria...
2026-06-13 17:08:59.425 [DIAG] Diagnostica memoria...
2026-06-13 17:08:59.476 [DIAG] Generazione raccomandazioni...
2026-06-13 17:08:59.509 [OK] Report diagnostica salvato: C:\cellular_speace\reports\manutenzione\correttiva\diagnosi_20260613_170859.json
2026-06-13 17:08:59.513 [OK] Diagnosi Markdown salvata: C:\cellular_speace\data\diagnosi\diagnosi_20260613_170859.md
2026-06-13 17:08:59.737 [DIAG] Diagnostica file...
2026-06-13 17:08:59.851 [DIAG] Diagnostica file...
2026-06-13 17:09:04.919 [DIAG] Diagnostica processi...
2026-06-13 17:09:05.167 [DIAG] Diagnostica log errori...
2026-06-13 17:09:05.590 [DIAG] Diagnostica processi...
2026-06-13 17:09:05.886 [DIAG] Diagnostica log errori...
2026-06-13 17:09:14.863 [ERROR] [critico] Log/errori_recenti: 3381 errori nelle ultime 2 ore
2026-06-13 17:09:14.872 [DIAG] Generazione raccomandazioni...
2026-06-13 17:09:14.905 [FIX] Avvio azioni correttive automatiche...
2026-06-13 17:09:14.909 [INFO] Nessuna azione correttiva automatica disponibile
2026-06-13 17:09:14.913 [OK] Report diagnostica salvato: C:\cellular_speace\reports\manutenzione\correttiva\diagnosi_20260613_170859.json
2026-06-13 17:09:14.922 [OK] Diagnosi Markdown salvata: C:\cellular_speace\data\diagnosi\diagnosi_20260613_170859.md
2026-06-13 17:09:14.928 [ERROR] [critico] Log/errori_recenti: 3381 errori nelle ultime 2 ore
2026-06-13 17:09:14.940 [DIAG] Generazione raccomandazioni...
2026-06-13 17:09:14.959 [FIX] Avvio azioni correttive automatiche...
2026-06-13 17:09:14.967 [INFO] Nessuna azione correttiva automatica disponibile
2026-06-13 17:09:14.971 [OK] Report diagnostica salvato: C:\cellular_speace\reports\manutenzione\correttiva\diagnosi_20260613_170859.json
2026-06-13 17:09:14.977 [OK] Diagnosi Markdown salvata: C:\cellular_speace\data\diagnosi\diagnosi_20260613_170859.md
