2026-06-13 13:54:08.125 [DIAG] Diagnostica processi...
2026-06-13 13:54:08.348 [DIAG] Generazione raccomandazioni...
2026-06-13 13:54:08.374 [OK] Report diagnostica salvato: C:\cellular_speace\reports\manutenzione\correttiva\diagnosi_20260613_135408.json
2026-06-13 13:54:08.381 [OK] Diagnosi Markdown salvata: C:\cellular_speace\data\diagnosi\diagnosi_20260613_135408.md
2026-06-13 13:54:08.588 [DIAG] Diagnostica processi...
2026-06-13 13:54:08.771 [DIAG] Generazione raccomandazioni...
2026-06-13 13:54:08.795 [OK] Report diagnostica salvato: C:\cellular_speace\reports\manutenzione\correttiva\diagnosi_20260613_135408.json
2026-06-13 13:54:08.797 [OK] Diagnosi Markdown salvata: C:\cellular_speace\data\diagnosi\diagnosi_20260613_135408.md
2026-06-13 13:54:08.821 [DIAG] Diagnostica runtime...
2026-06-13 13:54:08.838 [ERROR] [alto] Runtime/snapshot_vecchio: Snapshot ha 55.6min (>30min)
2026-06-13 13:54:08.868 [WARN] [medio] Runtime/errore_lettura_snapshot: Errore lettura snapshot: Impossibile convertire la stringa JSON perché un dizionario convertito da tale stringa contiene le chiavi duplicate 'Server' e 'SERVER'.
2026-06-13 13:54:08.872 [DIAG] Diagnostica memoria...
2026-06-13 13:54:09.196 [DIAG] Diagnostica file...
2026-06-13 13:54:12.526 [DIAG] Diagnostica processi...
2026-06-13 13:54:12.735 [DIAG] Diagnostica log errori...
2026-06-13 13:54:15.903 [ERROR] [critico] Log/errori_recenti: 2058 errori nelle ultime 2 ore
2026-06-13 13:54:15.923 [DIAG] Generazione raccomandazioni...
2026-06-13 13:54:15.948 [FIX] Avvio azioni correttive automatiche...
2026-06-13 13:54:15.949 [INFO] Nessuna azione correttiva automatica disponibile
2026-06-13 13:54:15.958 [OK] Report diagnostica salvato: C:\cellular_speace\reports\manutenzione\correttiva\diagnosi_20260613_135408.json
2026-06-13 13:54:15.964 [OK] Diagnosi Markdown salvata: C:\cellular_speace\data\diagnosi\diagnosi_20260613_135408.md
