2026-06-13 18:01:24.267 [DIAG] Diagnostica runtime...
2026-06-13 18:01:24.311 [ERROR] [alto] Runtime/snapshot_vecchio: Snapshot ha 302.9min (>30min)
2026-06-13 18:01:24.677 [DIAG] Diagnostica runtime...
2026-06-13 18:01:24.727 [ERROR] [alto] Runtime/snapshot_vecchio: Snapshot ha 302.9min (>30min)
2026-06-13 18:01:24.919 [WARN] [medio] Runtime/errore_lettura_snapshot: Errore lettura snapshot: Impossibile convertire la stringa JSON perché un dizionario convertito da tale stringa contiene le chiavi duplicate 'Server' e 'SERVER'.
2026-06-13 18:01:25.308 [WARN] [medio] Runtime/errore_lettura_snapshot: Errore lettura snapshot: Impossibile convertire la stringa JSON perché un dizionario convertito da tale stringa contiene le chiavi duplicate 'Server' e 'SERVER'.
2026-06-13 18:01:26.298 [DIAG] Diagnostica memoria...
2026-06-13 18:01:26.344 [DIAG] Diagnostica memoria...
2026-06-13 18:01:27.034 [DIAG] Diagnostica file...
2026-06-13 18:01:27.779 [DIAG] Diagnostica file...
2026-06-13 18:01:33.604 [DIAG] Diagnostica processi...
2026-06-13 18:01:33.932 [DIAG] Diagnostica log errori...
2026-06-13 18:01:35.122 [DIAG] Diagnostica processi...
2026-06-13 18:01:35.472 [DIAG] Diagnostica log errori...
2026-06-13 18:01:45.887 [ERROR] [critico] Log/errori_recenti: 3424 errori nelle ultime 2 ore
2026-06-13 18:01:46.191 [DIAG] Generazione raccomandazioni...
2026-06-13 18:01:46.429 [FIX] Avvio azioni correttive automatiche...
2026-06-13 18:01:46.456 [INFO] Nessuna azione correttiva automatica disponibile
2026-06-13 18:01:46.473 [OK] Report diagnostica salvato: C:\cellular_speace\reports\manutenzione\correttiva\diagnosi_20260613_180124.json
2026-06-13 18:01:46.505 [OK] Diagnosi Markdown salvata: C:\cellular_speace\data\diagnosi\diagnosi_20260613_180124.md
2026-06-13 18:01:47.462 [ERROR] [critico] Log/errori_recenti: 3420 errori nelle ultime 2 ore
2026-06-13 18:01:47.589 [DIAG] Generazione raccomandazioni...
2026-06-13 18:01:47.661 [FIX] Avvio azioni correttive automatiche...
2026-06-13 18:01:47.667 [INFO] Nessuna azione correttiva automatica disponibile
2026-06-13 18:01:47.673 [OK] Report diagnostica salvato: C:\cellular_speace\reports\manutenzione\correttiva\diagnosi_20260613_180124.json
2026-06-13 18:01:47.704 [OK] Diagnosi Markdown salvata: C:\cellular_speace\data\diagnosi\diagnosi_20260613_180124.md
