2026-06-13 15:33:18.650 [DIAG] Diagnostica runtime...
2026-06-13 15:33:18.685 [ERROR] [alto] Runtime/snapshot_vecchio: Snapshot ha 154.8min (>30min)
2026-06-13 15:33:18.749 [DIAG] Diagnostica runtime...
2026-06-13 15:33:18.816 [ERROR] [alto] Runtime/snapshot_vecchio: Snapshot ha 154.8min (>30min)
2026-06-13 15:33:19.912 [WARN] [medio] Runtime/errore_lettura_snapshot: Errore lettura snapshot: Impossibile convertire la stringa JSON perché un dizionario convertito da tale stringa contiene le chiavi duplicate 'Server' e 'SERVER'.
2026-06-13 15:33:19.964 [WARN] [medio] Runtime/errore_lettura_snapshot: Errore lettura snapshot: Il processo non può accedere al file 'C:\cellular_speace\data\logs\manutenzione\correttiva\diagnostica_20260613_153318.log' perché è in uso da un altro processo.
2026-06-13 15:33:24.732 [DIAG] Diagnostica memoria...
2026-06-13 15:33:24.767 [DIAG] Diagnostica memoria...
2026-06-13 15:33:25.660 [DIAG] Diagnostica file...
2026-06-13 15:33:25.805 [DIAG] Diagnostica file...
2026-06-13 15:33:32.525 [DIAG] Diagnostica processi...
2026-06-13 15:33:33.093 [DIAG] Diagnostica log errori...
2026-06-13 15:33:33.335 [DIAG] Diagnostica processi...
2026-06-13 15:33:33.781 [DIAG] Diagnostica log errori...
2026-06-13 15:33:51.630 [ERROR] [critico] Log/errori_recenti: 3442 errori nelle ultime 2 ore
2026-06-13 15:33:53.176 [DIAG] Generazione raccomandazioni...
2026-06-13 15:33:53.546 [ERROR] [critico] Log/errori_recenti: 3436 errori nelle ultime 2 ore
2026-06-13 15:33:54.003 [FIX] Avvio azioni correttive automatiche...
2026-06-13 15:33:54.081 [INFO] Nessuna azione correttiva automatica disponibile
2026-06-13 15:33:54.146 [OK] Report diagnostica salvato: C:\cellular_speace\reports\manutenzione\correttiva\diagnosi_20260613_153318.json
2026-06-13 15:33:54.314 [OK] Diagnosi Markdown salvata: C:\cellular_speace\data\diagnosi\diagnosi_20260613_153318.md
2026-06-13 15:33:54.499 [DIAG] Generazione raccomandazioni...
2026-06-13 15:33:55.614 [FIX] Avvio azioni correttive automatiche...
2026-06-13 15:33:55.675 [INFO] Nessuna azione correttiva automatica disponibile
2026-06-13 15:33:55.779 [OK] Report diagnostica salvato: C:\cellular_speace\reports\manutenzione\correttiva\diagnosi_20260613_153318.json
2026-06-13 15:33:55.862 [OK] Diagnosi Markdown salvata: C:\cellular_speace\data\diagnosi\diagnosi_20260613_153318.md
