2026-06-13 15:01:23.025 [DIAG] Diagnostica runtime...
2026-06-13 15:01:23.031 [ERROR] [alto] Runtime/snapshot_vecchio: Snapshot ha 122.8min (>30min)
2026-06-13 15:01:23.073 [WARN] [medio] Runtime/errore_lettura_snapshot: Errore lettura snapshot: Impossibile convertire la stringa JSON perché un dizionario convertito da tale stringa contiene le chiavi duplicate 'Server' e 'SERVER'.
2026-06-13 15:01:23.096 [DIAG] Diagnostica memoria...
2026-06-13 15:01:23.591 [DIAG] Diagnostica file...
2026-06-13 15:01:23.602 [DIAG] Diagnostica processi...
2026-06-13 15:01:23.879 [DIAG] Generazione raccomandazioni...
2026-06-13 15:01:23.904 [OK] Report diagnostica salvato: C:\cellular_speace\reports\manutenzione\correttiva\diagnosi_20260613_150123.json
2026-06-13 15:01:23.909 [OK] Diagnosi Markdown salvata: C:\cellular_speace\data\diagnosi\diagnosi_20260613_150123.md
2026-06-13 15:01:23.937 [DIAG] Diagnostica runtime...
2026-06-13 15:01:23.946 [ERROR] [alto] Runtime/snapshot_vecchio: Snapshot ha 122.8min (>30min)
2026-06-13 15:01:24.005 [WARN] [medio] Runtime/errore_lettura_snapshot: Errore lettura snapshot: Impossibile convertire la stringa JSON perché un dizionario convertito da tale stringa contiene le chiavi duplicate 'Server' e 'SERVER'.
2026-06-13 15:01:24.021 [DIAG] Diagnostica memoria...
2026-06-13 15:01:24.444 [DIAG] Diagnostica file...
2026-06-13 15:01:27.766 [DIAG] Diagnostica processi...
2026-06-13 15:01:27.943 [DIAG] Diagnostica log errori...
2026-06-13 15:01:28.608 [DIAG] Diagnostica processi...
2026-06-13 15:01:28.801 [DIAG] Diagnostica log errori...
2026-06-13 15:01:35.616 [ERROR] [critico] Log/errori_recenti: 3674 errori nelle ultime 2 ore
2026-06-13 15:01:35.643 [DIAG] Generazione raccomandazioni...
2026-06-13 15:01:35.693 [FIX] Avvio azioni correttive automatiche...
2026-06-13 15:01:35.698 [INFO] Nessuna azione correttiva automatica disponibile
2026-06-13 15:01:35.706 [OK] Report diagnostica salvato: C:\cellular_speace\reports\manutenzione\correttiva\diagnosi_20260613_150123.json
2026-06-13 15:01:35.712 [OK] Diagnosi Markdown salvata: C:\cellular_speace\data\diagnosi\diagnosi_20260613_150123.md
2026-06-13 15:01:36.451 [ERROR] [critico] Log/errori_recenti: 3675 errori nelle ultime 2 ore
2026-06-13 15:01:36.468 [DIAG] Generazione raccomandazioni...
2026-06-13 15:01:36.483 [FIX] Avvio azioni correttive automatiche...
2026-06-13 15:01:36.483 [INFO] Nessuna azione correttiva automatica disponibile
2026-06-13 15:01:36.499 [OK] Report diagnostica salvato: C:\cellular_speace\reports\manutenzione\correttiva\diagnosi_20260613_150123.json
2026-06-13 15:01:36.527 [OK] Diagnosi Markdown salvata: C:\cellular_speace\data\diagnosi\diagnosi_20260613_150123.md
