2026-06-13 13:51:24.116 [DIAG] Diagnostica processi...
2026-06-13 13:51:24.165 [DIAG] Diagnostica processi...
2026-06-13 13:51:24.330 [DIAG] Generazione raccomandazioni...
2026-06-13 13:51:24.352 [OK] Report diagnostica salvato: C:\cellular_speace\reports\manutenzione\correttiva\diagnosi_20260613_135124.json
2026-06-13 13:51:24.358 [OK] Diagnosi Markdown salvata: C:\cellular_speace\data\diagnosi\diagnosi_20260613_135124.md
2026-06-13 13:51:24.364 [DIAG] Generazione raccomandazioni...
2026-06-13 13:51:24.390 [OK] Report diagnostica salvato: C:\cellular_speace\reports\manutenzione\correttiva\diagnosi_20260613_135124.json
2026-06-13 13:51:24.396 [OK] Diagnosi Markdown salvata: C:\cellular_speace\data\diagnosi\diagnosi_20260613_135124.md
2026-06-13 13:51:24.460 [DIAG] Diagnostica runtime...
2026-06-13 13:51:24.465 [ERROR] [alto] Runtime/snapshot_vecchio: Snapshot ha 52.9min (>30min)
2026-06-13 13:51:24.489 [WARN] [medio] Runtime/errore_lettura_snapshot: Errore lettura snapshot: Impossibile convertire la stringa JSON perché un dizionario convertito da tale stringa contiene le chiavi duplicate 'Server' e 'SERVER'.
2026-06-13 13:51:24.523 [DIAG] Diagnostica memoria...
2026-06-13 13:51:24.905 [DIAG] Diagnostica file...
2026-06-13 13:51:28.726 [DIAG] Diagnostica processi...
2026-06-13 13:51:28.944 [DIAG] Diagnostica log errori...
2026-06-13 13:51:33.173 [ERROR] [critico] Log/errori_recenti: 1955 errori nelle ultime 2 ore
2026-06-13 13:51:33.178 [DIAG] Generazione raccomandazioni...
2026-06-13 13:51:33.207 [FIX] Avvio azioni correttive automatiche...
2026-06-13 13:51:33.211 [INFO] Nessuna azione correttiva automatica disponibile
2026-06-13 13:51:33.217 [OK] Report diagnostica salvato: C:\cellular_speace\reports\manutenzione\correttiva\diagnosi_20260613_135124.json
2026-06-13 13:51:33.225 [OK] Diagnosi Markdown salvata: C:\cellular_speace\data\diagnosi\diagnosi_20260613_135124.md
