2026-06-13 15:10:17.316 [DIAG] Diagnostica runtime...
2026-06-13 15:10:17.326 [ERROR] [alto] Runtime/snapshot_vecchio: Snapshot ha 131.7min (>30min)
2026-06-13 15:10:17.448 [WARN] [medio] Runtime/errore_lettura_snapshot: Errore lettura snapshot: Impossibile convertire la stringa JSON perché un dizionario convertito da tale stringa contiene le chiavi duplicate 'Server' e 'SERVER'.
2026-06-13 15:10:17.537 [DIAG] Diagnostica processi...
2026-06-13 15:10:17.561 [DIAG] Diagnostica memoria...
2026-06-13 15:10:17.677 [DIAG] Diagnostica processi...
2026-06-13 15:10:17.802 [DIAG] Generazione raccomandazioni...
2026-06-13 15:10:17.919 [OK] Report diagnostica salvato: C:\cellular_speace\reports\manutenzione\correttiva\diagnosi_20260613_151017.json
2026-06-13 15:10:17.938 [OK] Diagnosi Markdown salvata: C:\cellular_speace\data\diagnosi\diagnosi_20260613_151017.md
2026-06-13 15:10:18.060 [DIAG] Generazione raccomandazioni...
2026-06-13 15:10:18.066 [DIAG] Diagnostica file...
2026-06-13 15:10:18.193 [OK] Report diagnostica salvato: C:\cellular_speace\reports\manutenzione\correttiva\diagnosi_20260613_151017.json
2026-06-13 15:10:18.207 [OK] Diagnosi Markdown salvata: C:\cellular_speace\data\diagnosi\diagnosi_20260613_151017.md
2026-06-13 15:10:22.182 [DIAG] Diagnostica processi...
2026-06-13 15:10:22.360 [DIAG] Diagnostica log errori...
2026-06-13 15:10:29.977 [ERROR] [critico] Log/errori_recenti: 3656 errori nelle ultime 2 ore
2026-06-13 15:10:29.994 [DIAG] Generazione raccomandazioni...
2026-06-13 15:10:30.024 [FIX] Avvio azioni correttive automatiche...
2026-06-13 15:10:30.029 [INFO] Nessuna azione correttiva automatica disponibile
2026-06-13 15:10:30.034 [OK] Report diagnostica salvato: C:\cellular_speace\reports\manutenzione\correttiva\diagnosi_20260613_151017.json
2026-06-13 15:10:30.040 [OK] Diagnosi Markdown salvata: C:\cellular_speace\data\diagnosi\diagnosi_20260613_151017.md
