2026-06-13 18:52:24.607 [DIAG] Diagnostica processi...
2026-06-13 18:52:24.712 [DIAG] Generazione raccomandazioni...
2026-06-13 18:52:24.727 [OK] Report diagnostica salvato: C:\cellular_speace\reports\manutenzione\correttiva\diagnosi_20260613_185224.json
2026-06-13 18:52:24.727 [OK] Diagnosi Markdown salvata: C:\cellular_speace\data\diagnosi\diagnosi_20260613_185224.md
2026-06-13 18:52:24.743 [DIAG] Diagnostica runtime...
2026-06-13 18:52:24.755 [ERROR] [alto] Runtime/snapshot_vecchio: Snapshot ha 353.9min (>30min)
2026-06-13 18:52:24.770 [WARN] [medio] Runtime/errore_lettura_snapshot: Errore lettura snapshot: Impossibile convertire la stringa JSON perché un dizionario convertito da tale stringa contiene le chiavi duplicate 'Server' e 'SERVER'.
2026-06-13 18:52:24.783 [DIAG] Diagnostica memoria...
2026-06-13 18:52:24.888 [DIAG] Diagnostica processi...
2026-06-13 18:52:25.024 [DIAG] Diagnostica file...
2026-06-13 18:52:25.024 [DIAG] Generazione raccomandazioni...
2026-06-13 18:52:25.040 [OK] Report diagnostica salvato: C:\cellular_speace\reports\manutenzione\correttiva\diagnosi_20260613_185224.json
2026-06-13 18:52:25.044 [OK] Diagnosi Markdown salvata: C:\cellular_speace\data\diagnosi\diagnosi_20260613_185224.md
2026-06-13 18:52:28.071 [DIAG] Diagnostica processi...
2026-06-13 18:52:28.189 [DIAG] Diagnostica log errori...
2026-06-13 18:52:33.116 [ERROR] [critico] Log/errori_recenti: 3327 errori nelle ultime 2 ore
2026-06-13 18:52:33.121 [DIAG] Generazione raccomandazioni...
2026-06-13 18:52:33.138 [FIX] Avvio azioni correttive automatiche...
2026-06-13 18:52:33.139 [INFO] Nessuna azione correttiva automatica disponibile
2026-06-13 18:52:33.143 [OK] Report diagnostica salvato: C:\cellular_speace\reports\manutenzione\correttiva\diagnosi_20260613_185224.json
2026-06-13 18:52:33.148 [OK] Diagnosi Markdown salvata: C:\cellular_speace\data\diagnosi\diagnosi_20260613_185224.md
