2026-06-13 14:49:41.392 [DIAG] Diagnostica runtime...
2026-06-13 14:49:41.408 [DIAG] Diagnostica processi...
2026-06-13 14:49:41.470 [ERROR] [alto] Runtime/snapshot_vecchio: Snapshot ha 111.1min (>30min)
2026-06-13 14:49:41.720 [DIAG] Generazione raccomandazioni...
2026-06-13 14:49:41.780 [WARN] [medio] Runtime/errore_lettura_snapshot: Errore lettura snapshot: Impossibile convertire la stringa JSON perché un dizionario convertito da tale stringa contiene le chiavi duplicate 'Server' e 'SERVER'.
2026-06-13 14:49:41.812 [DIAG] Diagnostica runtime...
2026-06-13 14:49:41.827 [ERROR] [alto] Runtime/snapshot_vecchio: Snapshot ha 111.1min (>30min)
2026-06-13 14:49:41.995 [DIAG] Diagnostica processi...
2026-06-13 14:49:42.003 [OK] Report diagnostica salvato: C:\cellular_speace\reports\manutenzione\correttiva\diagnosi_20260613_144941.json
2026-06-13 14:49:42.114 [OK] Diagnosi Markdown salvata: C:\cellular_speace\data\diagnosi\diagnosi_20260613_144941.md
2026-06-13 14:49:42.260 [DIAG] Generazione raccomandazioni...
2026-06-13 14:49:42.327 [WARN] [medio] Runtime/errore_lettura_snapshot: Errore lettura snapshot: Impossibile convertire la stringa JSON perché un dizionario convertito da tale stringa contiene le chiavi duplicate 'Server' e 'SERVER'.
2026-06-13 14:49:42.527 [OK] Report diagnostica salvato: C:\cellular_speace\reports\manutenzione\correttiva\diagnosi_20260613_144941.json
2026-06-13 14:49:42.559 [OK] Diagnosi Markdown salvata: C:\cellular_speace\data\diagnosi\diagnosi_20260613_144941.md
2026-06-13 14:49:42.616 [DIAG] Diagnostica memoria...
2026-06-13 14:49:42.882 [DIAG] Diagnostica memoria...
2026-06-13 14:49:43.146 [DIAG] Diagnostica file...
2026-06-13 14:49:43.444 [DIAG] Diagnostica file...
2026-06-13 14:49:49.835 [DIAG] Diagnostica processi...
2026-06-13 14:49:50.213 [DIAG] Diagnostica log errori...
2026-06-13 14:49:50.700 [DIAG] Diagnostica processi...
2026-06-13 14:49:51.066 [DIAG] Diagnostica log errori...
2026-06-13 14:50:04.287 [ERROR] [critico] Log/errori_recenti: 3537 errori nelle ultime 2 ore
2026-06-13 14:50:04.667 [DIAG] Generazione raccomandazioni...
2026-06-13 14:50:04.934 [FIX] Avvio azioni correttive automatiche...
2026-06-13 14:50:04.938 [INFO] Nessuna azione correttiva automatica disponibile
2026-06-13 14:50:04.981 [OK] Report diagnostica salvato: C:\cellular_speace\reports\manutenzione\correttiva\diagnosi_20260613_144941.json
2026-06-13 14:50:05.082 [OK] Diagnosi Markdown salvata: C:\cellular_speace\data\diagnosi\diagnosi_20260613_144941.md
2026-06-13 14:50:05.120 [ERROR] [critico] Log/errori_recenti: 3537 errori nelle ultime 2 ore
2026-06-13 14:50:05.213 [DIAG] Generazione raccomandazioni...
2026-06-13 14:50:05.316 [FIX] Avvio azioni correttive automatiche...
2026-06-13 14:50:05.323 [INFO] Nessuna azione correttiva automatica disponibile
2026-06-13 14:50:05.336 [OK] Report diagnostica salvato: C:\cellular_speace\reports\manutenzione\correttiva\diagnosi_20260613_144941.json
2026-06-13 14:50:05.347 [OK] Diagnosi Markdown salvata: C:\cellular_speace\data\diagnosi\diagnosi_20260613_144941.md
