2026-06-13 15:48:40.195 [DIAG] Diagnostica processi...
2026-06-13 15:48:40.511 [DIAG] Generazione raccomandazioni...
2026-06-13 15:48:40.628 [OK] Report diagnostica salvato: C:\cellular_speace\reports\manutenzione\correttiva\diagnosi_20260613_154840.json
2026-06-13 15:48:40.652 [DIAG] Diagnostica processi...
2026-06-13 15:48:40.656 [OK] Diagnosi Markdown salvata: C:\cellular_speace\data\diagnosi\diagnosi_20260613_154840.md
2026-06-13 15:48:40.674 [ERROR] ERRORE FATALE: Il processo non può accedere al file 'C:\cellular_speace\data\logs\manutenzione\correttiva\diagnostica_20260613_154840.log' perché è in uso da un altro processo.
2026-06-13 15:48:40.872 [DIAG] Diagnostica runtime...
2026-06-13 15:48:40.925 [ERROR] [alto] Runtime/snapshot_vecchio: Snapshot ha 170.1min (>30min)
2026-06-13 15:48:40.957 [DIAG] Diagnostica runtime...
2026-06-13 15:48:40.983 [ERROR] [alto] Runtime/snapshot_vecchio: Snapshot ha 170.1min (>30min)
2026-06-13 15:48:41.171 [WARN] [medio] Runtime/errore_lettura_snapshot: Errore lettura snapshot: Impossibile convertire la stringa JSON perché un dizionario convertito da tale stringa contiene le chiavi duplicate 'Server' e 'SERVER'.
2026-06-13 15:48:41.180 [WARN] [medio] Runtime/errore_lettura_snapshot: Errore lettura snapshot: Impossibile convertire la stringa JSON perché un dizionario convertito da tale stringa contiene le chiavi duplicate 'Server' e 'SERVER'.
2026-06-13 15:48:41.542 [DIAG] Diagnostica memoria...
2026-06-13 15:48:41.612 [DIAG] Diagnostica memoria...
2026-06-13 15:48:42.144 [DIAG] Diagnostica file...
2026-06-13 15:48:42.204 [DIAG] Diagnostica file...
2026-06-13 15:48:48.288 [DIAG] Diagnostica processi...
2026-06-13 15:48:48.617 [DIAG] Diagnostica log errori...
2026-06-13 15:48:49.693 [DIAG] Diagnostica processi...
2026-06-13 15:48:50.083 [DIAG] Diagnostica log errori...
2026-06-13 15:49:03.600 [ERROR] [critico] Log/errori_recenti: 3427 errori nelle ultime 2 ore
2026-06-13 15:49:04.080 [DIAG] Generazione raccomandazioni...
2026-06-13 15:49:04.372 [FIX] Avvio azioni correttive automatiche...
2026-06-13 15:49:04.390 [INFO] Nessuna azione correttiva automatica disponibile
2026-06-13 15:49:04.423 [OK] Report diagnostica salvato: C:\cellular_speace\reports\manutenzione\correttiva\diagnosi_20260613_154840.json
2026-06-13 15:49:04.462 [OK] Diagnosi Markdown salvata: C:\cellular_speace\data\diagnosi\diagnosi_20260613_154840.md
2026-06-13 15:49:05.331 [ERROR] [critico] Log/errori_recenti: 3428 errori nelle ultime 2 ore
2026-06-13 15:49:05.418 [DIAG] Generazione raccomandazioni...
2026-06-13 15:49:05.577 [FIX] Avvio azioni correttive automatiche...
2026-06-13 15:49:05.593 [INFO] Nessuna azione correttiva automatica disponibile
2026-06-13 15:49:05.610 [OK] Report diagnostica salvato: C:\cellular_speace\reports\manutenzione\correttiva\diagnosi_20260613_154840.json
2026-06-13 15:49:05.626 [OK] Diagnosi Markdown salvata: C:\cellular_speace\data\diagnosi\diagnosi_20260613_154840.md
