2026-06-13 16:01:47.630 [DIAG] Diagnostica runtime...
2026-06-13 16:01:47.675 [ERROR] [alto] Runtime/snapshot_vecchio: Snapshot ha 183.2min (>30min)
2026-06-13 16:01:48.165 [DIAG] Diagnostica runtime...
2026-06-13 16:01:48.189 [ERROR] [alto] Runtime/snapshot_vecchio: Snapshot ha 183.2min (>30min)
2026-06-13 16:01:48.212 [WARN] [medio] Runtime/errore_lettura_snapshot: Errore lettura snapshot: Il processo non può accedere al file 'C:\cellular_speace\data\logs\manutenzione\correttiva\diagnostica_20260613_160147.log' perché è in uso da un altro processo.
2026-06-13 16:01:48.650 [WARN] [medio] Runtime/errore_lettura_snapshot: Errore lettura snapshot: Impossibile convertire la stringa JSON perché un dizionario convertito da tale stringa contiene le chiavi duplicate 'Server' e 'SERVER'.
2026-06-13 16:01:48.907 [DIAG] Diagnostica memoria...
2026-06-13 16:01:49.506 [DIAG] Diagnostica file...
2026-06-13 16:01:49.779 [DIAG] Diagnostica memoria...
2026-06-13 16:01:50.409 [DIAG] Diagnostica file...
2026-06-13 16:01:55.292 [DIAG] Diagnostica processi...
2026-06-13 16:01:55.577 [DIAG] Diagnostica log errori...
2026-06-13 16:01:55.902 [DIAG] Diagnostica processi...
2026-06-13 16:01:56.189 [DIAG] Diagnostica log errori...
2026-06-13 16:02:08.474 [ERROR] [critico] Log/errori_recenti: 3307 errori nelle ultime 2 ore
2026-06-13 16:02:08.577 [ERROR] [critico] Log/errori_recenti: 3307 errori nelle ultime 2 ore
2026-06-13 16:02:08.811 [DIAG] Generazione raccomandazioni...
2026-06-13 16:02:08.946 [DIAG] Generazione raccomandazioni...
2026-06-13 16:02:09.155 [FIX] Avvio azioni correttive automatiche...
2026-06-13 16:02:09.177 [ERROR] ERRORE FATALE: Il processo non può accedere al file 'C:\cellular_speace\data\logs\manutenzione\correttiva\diagnostica_20260613_160147.log' perché è in uso da un altro processo.
2026-06-13 16:02:09.191 [ERROR] ERRORE FATALE: Il processo non può accedere al file 'C:\cellular_speace\data\logs\manutenzione\correttiva\diagnostica_20260613_160147.log' perché è in uso da un altro processo.
