2026-06-13 13:40:48.020 [DIAG] Diagnostica processi...
2026-06-13 13:40:48.029 [DIAG] Diagnostica processi...
2026-06-13 13:40:48.190 [DIAG] Generazione raccomandazioni...
2026-06-13 13:40:48.209 [OK] Report diagnostica salvato: C:\cellular_speace\reports\manutenzione\correttiva\diagnosi_20260613_134048.json
2026-06-13 13:40:48.215 [OK] Diagnosi Markdown salvata: C:\cellular_speace\data\diagnosi\diagnosi_20260613_134048.md
2026-06-13 13:40:48.221 [DIAG] Generazione raccomandazioni...
2026-06-13 13:40:48.243 [OK] Report diagnostica salvato: C:\cellular_speace\reports\manutenzione\correttiva\diagnosi_20260613_134048.json
2026-06-13 13:40:48.251 [OK] Diagnosi Markdown salvata: C:\cellular_speace\data\diagnosi\diagnosi_20260613_134048.md
2026-06-13 13:40:48.282 [DIAG] Diagnostica runtime...
2026-06-13 13:40:48.286 [ERROR] [alto] Runtime/snapshot_vecchio: Snapshot ha 42.3min (>30min)
2026-06-13 13:40:48.302 [WARN] [medio] Runtime/errore_lettura_snapshot: Errore lettura snapshot: Impossibile convertire la stringa JSON perché un dizionario convertito da tale stringa contiene le chiavi duplicate 'Server' e 'SERVER'.
2026-06-13 13:40:48.316 [DIAG] Diagnostica memoria...
2026-06-13 13:40:48.605 [DIAG] Diagnostica file...
2026-06-13 13:40:52.178 [DIAG] Diagnostica processi...
2026-06-13 13:40:52.352 [DIAG] Diagnostica log errori...
2026-06-13 13:40:55.108 [ERROR] [critico] Log/errori_recenti: 1642 errori nelle ultime 2 ore
2026-06-13 13:40:55.134 [DIAG] Generazione raccomandazioni...
2026-06-13 13:40:55.150 [FIX] Avvio azioni correttive automatiche...
2026-06-13 13:40:55.173 [INFO] Nessuna azione correttiva automatica disponibile
2026-06-13 13:40:55.177 [OK] Report diagnostica salvato: C:\cellular_speace\reports\manutenzione\correttiva\diagnosi_20260613_134048.json
2026-06-13 13:40:55.189 [OK] Diagnosi Markdown salvata: C:\cellular_speace\data\diagnosi\diagnosi_20260613_134048.md
