2026-06-13 14:22:53.368 [DIAG] Diagnostica processi...
2026-06-13 14:22:53.553 [DIAG] Generazione raccomandazioni...
2026-06-13 14:22:53.586 [OK] Report diagnostica salvato: C:\cellular_speace\reports\manutenzione\correttiva\diagnosi_20260613_142253.json
2026-06-13 14:22:53.594 [OK] Diagnosi Markdown salvata: C:\cellular_speace\data\diagnosi\diagnosi_20260613_142253.md
2026-06-13 14:22:53.620 [DIAG] Diagnostica runtime...
2026-06-13 14:22:53.626 [ERROR] [alto] Runtime/snapshot_vecchio: Snapshot ha 84.3min (>30min)
2026-06-13 14:22:53.638 [WARN] [medio] Runtime/errore_lettura_snapshot: Errore lettura snapshot: Impossibile convertire la stringa JSON perché un dizionario convertito da tale stringa contiene le chiavi duplicate 'Server' e 'SERVER'.
2026-06-13 14:22:53.665 [DIAG] Diagnostica memoria...
2026-06-13 14:22:53.761 [DIAG] Diagnostica processi...
2026-06-13 14:22:53.939 [DIAG] Generazione raccomandazioni...
2026-06-13 14:22:53.974 [OK] Report diagnostica salvato: C:\cellular_speace\reports\manutenzione\correttiva\diagnosi_20260613_142253.json
2026-06-13 14:22:53.985 [OK] Diagnosi Markdown salvata: C:\cellular_speace\data\diagnosi\diagnosi_20260613_142253.md
2026-06-13 14:22:54.052 [DIAG] Diagnostica file...
2026-06-13 14:22:57.743 [DIAG] Diagnostica processi...
2026-06-13 14:22:57.931 [DIAG] Diagnostica log errori...
2026-06-13 14:23:03.016 [ERROR] [critico] Log/errori_recenti: 2792 errori nelle ultime 2 ore
2026-06-13 14:23:03.028 [DIAG] Generazione raccomandazioni...
2026-06-13 14:23:03.053 [FIX] Avvio azioni correttive automatiche...
2026-06-13 14:23:03.056 [INFO] Nessuna azione correttiva automatica disponibile
2026-06-13 14:23:03.060 [OK] Report diagnostica salvato: C:\cellular_speace\reports\manutenzione\correttiva\diagnosi_20260613_142253.json
2026-06-13 14:23:03.064 [OK] Diagnosi Markdown salvata: C:\cellular_speace\data\diagnosi\diagnosi_20260613_142253.md
