2026-06-13 14:24:02.244 [DIAG] Diagnostica processi...
2026-06-13 14:24:02.384 [DIAG] Generazione raccomandazioni...
2026-06-13 14:24:02.406 [OK] Report diagnostica salvato: C:\cellular_speace\reports\manutenzione\correttiva\diagnosi_20260613_142402.json
2026-06-13 14:24:02.408 [OK] Diagnosi Markdown salvata: C:\cellular_speace\data\diagnosi\diagnosi_20260613_142402.md
2026-06-13 14:24:02.432 [DIAG] Diagnostica runtime...
2026-06-13 14:24:02.432 [ERROR] [alto] Runtime/snapshot_vecchio: Snapshot ha 85.5min (>30min)
2026-06-13 14:24:02.461 [WARN] [medio] Runtime/errore_lettura_snapshot: Errore lettura snapshot: Impossibile convertire la stringa JSON perché un dizionario convertito da tale stringa contiene le chiavi duplicate 'Server' e 'SERVER'.
2026-06-13 14:24:02.482 [DIAG] Diagnostica memoria...
2026-06-13 14:24:02.634 [DIAG] Diagnostica processi...
2026-06-13 14:24:02.766 [DIAG] Diagnostica file...
2026-06-13 14:24:02.784 [DIAG] Generazione raccomandazioni...
2026-06-13 14:24:02.801 [OK] Report diagnostica salvato: C:\cellular_speace\reports\manutenzione\correttiva\diagnosi_20260613_142402.json
2026-06-13 14:24:02.805 [OK] Diagnosi Markdown salvata: C:\cellular_speace\data\diagnosi\diagnosi_20260613_142402.md
2026-06-13 14:24:05.315 [DIAG] Diagnostica processi...
2026-06-13 14:24:05.425 [DIAG] Diagnostica log errori...
2026-06-13 14:24:09.099 [ERROR] [critico] Log/errori_recenti: 2825 errori nelle ultime 2 ore
2026-06-13 14:24:09.111 [DIAG] Generazione raccomandazioni...
2026-06-13 14:24:09.125 [FIX] Avvio azioni correttive automatiche...
2026-06-13 14:24:09.125 [INFO] Nessuna azione correttiva automatica disponibile
2026-06-13 14:24:09.133 [OK] Report diagnostica salvato: C:\cellular_speace\reports\manutenzione\correttiva\diagnosi_20260613_142402.json
2026-06-13 14:24:09.133 [OK] Diagnosi Markdown salvata: C:\cellular_speace\data\diagnosi\diagnosi_20260613_142402.md
