2026-06-13 13:51:32.040 [DIAG] Diagnostica runtime...
2026-06-13 13:51:32.046 [ERROR] [alto] Runtime/snapshot_vecchio: Snapshot ha 53min (>30min)
2026-06-13 13:51:32.070 [WARN] [medio] Runtime/errore_lettura_snapshot: Errore lettura snapshot: Impossibile convertire la stringa JSON perché un dizionario convertito da tale stringa contiene le chiavi duplicate 'Server' e 'SERVER'.
2026-06-13 13:51:32.087 [DIAG] Diagnostica processi...
2026-06-13 13:51:32.089 [DIAG] Diagnostica memoria...
2026-06-13 13:51:32.337 [DIAG] Generazione raccomandazioni...
2026-06-13 13:51:32.374 [OK] Report diagnostica salvato: C:\cellular_speace\reports\manutenzione\correttiva\diagnosi_20260613_135132.json
2026-06-13 13:51:32.380 [OK] Diagnosi Markdown salvata: C:\cellular_speace\data\diagnosi\diagnosi_20260613_135132.md
2026-06-13 13:51:32.414 [DIAG] Diagnostica runtime...
2026-06-13 13:51:32.422 [ERROR] [alto] Runtime/snapshot_vecchio: Snapshot ha 53min (>30min)
2026-06-13 13:51:32.449 [WARN] [medio] Runtime/errore_lettura_snapshot: Errore lettura snapshot: Impossibile convertire la stringa JSON perché un dizionario convertito da tale stringa contiene le chiavi duplicate 'Server' e 'SERVER'.
2026-06-13 13:51:32.489 [DIAG] Diagnostica memoria...
2026-06-13 13:51:32.505 [DIAG] Diagnostica file...
2026-06-13 13:51:32.523 [DIAG] Diagnostica processi...
2026-06-13 13:51:32.759 [DIAG] Generazione raccomandazioni...
2026-06-13 13:51:32.888 [DIAG] Diagnostica file...
2026-06-13 13:51:32.896 [OK] Report diagnostica salvato: C:\cellular_speace\reports\manutenzione\correttiva\diagnosi_20260613_135132.json
2026-06-13 13:51:32.902 [OK] Diagnosi Markdown salvata: C:\cellular_speace\data\diagnosi\diagnosi_20260613_135132.md
2026-06-13 13:51:36.700 [DIAG] Diagnostica processi...
2026-06-13 13:51:36.986 [DIAG] Diagnostica log errori...
2026-06-13 13:51:36.997 [DIAG] Diagnostica processi...
2026-06-13 13:51:37.227 [DIAG] Diagnostica log errori...
2026-06-13 13:51:40.407 [ERROR] [critico] Log/errori_recenti: 1963 errori nelle ultime 2 ore
2026-06-13 13:51:40.421 [DIAG] Generazione raccomandazioni...
2026-06-13 13:51:40.446 [FIX] Avvio azioni correttive automatiche...
2026-06-13 13:51:40.448 [INFO] Nessuna azione correttiva automatica disponibile
2026-06-13 13:51:40.456 [OK] Report diagnostica salvato: C:\cellular_speace\reports\manutenzione\correttiva\diagnosi_20260613_135132.json
2026-06-13 13:51:40.462 [OK] Diagnosi Markdown salvata: C:\cellular_speace\data\diagnosi\diagnosi_20260613_135132.md
2026-06-13 13:51:40.696 [ERROR] [critico] Log/errori_recenti: 1965 errori nelle ultime 2 ore
2026-06-13 13:51:40.707 [DIAG] Generazione raccomandazioni...
2026-06-13 13:51:40.727 [FIX] Avvio azioni correttive automatiche...
2026-06-13 13:51:40.731 [INFO] Nessuna azione correttiva automatica disponibile
2026-06-13 13:51:40.739 [OK] Report diagnostica salvato: C:\cellular_speace\reports\manutenzione\correttiva\diagnosi_20260613_135132.json
2026-06-13 13:51:40.742 [OK] Diagnosi Markdown salvata: C:\cellular_speace\data\diagnosi\diagnosi_20260613_135132.md
