2026-06-13 14:54:57.231 [DIAG] Diagnostica processi...
2026-06-13 14:54:57.570 [DIAG] Generazione raccomandazioni...
2026-06-13 14:54:57.823 [OK] Report diagnostica salvato: C:\cellular_speace\reports\manutenzione\correttiva\diagnosi_20260613_145457.json
2026-06-13 14:54:57.869 [OK] Diagnosi Markdown salvata: C:\cellular_speace\data\diagnosi\diagnosi_20260613_145457.md
2026-06-13 14:54:57.915 [DIAG] Diagnostica processi...
2026-06-13 14:54:58.038 [DIAG] Diagnostica runtime...
2026-06-13 14:54:58.056 [ERROR] [alto] Runtime/snapshot_vecchio: Snapshot ha 116.4min (>30min)
2026-06-13 14:54:58.398 [DIAG] Generazione raccomandazioni...
2026-06-13 14:54:58.537 [WARN] [medio] Runtime/errore_lettura_snapshot: Errore lettura snapshot: Impossibile convertire la stringa JSON perché un dizionario convertito da tale stringa contiene le chiavi duplicate 'Server' e 'SERVER'.
2026-06-13 14:54:58.796 [OK] Report diagnostica salvato: C:\cellular_speace\reports\manutenzione\correttiva\diagnosi_20260613_145457.json
2026-06-13 14:54:58.816 [OK] Diagnosi Markdown salvata: C:\cellular_speace\data\diagnosi\diagnosi_20260613_145457.md
2026-06-13 14:54:59.704 [DIAG] Diagnostica memoria...
2026-06-13 14:55:00.387 [DIAG] Diagnostica file...
2026-06-13 14:55:06.831 [DIAG] Diagnostica processi...
2026-06-13 14:55:07.255 [DIAG] Diagnostica log errori...
2026-06-13 14:55:22.860 [ERROR] [critico] Log/errori_recenti: 3620 errori nelle ultime 2 ore
2026-06-13 14:55:24.243 [DIAG] Generazione raccomandazioni...
2026-06-13 14:55:25.026 [FIX] Avvio azioni correttive automatiche...
2026-06-13 14:55:25.044 [INFO] Nessuna azione correttiva automatica disponibile
2026-06-13 14:55:25.149 [OK] Report diagnostica salvato: C:\cellular_speace\reports\manutenzione\correttiva\diagnosi_20260613_145457.json
2026-06-13 14:55:25.492 [OK] Diagnosi Markdown salvata: C:\cellular_speace\data\diagnosi\diagnosi_20260613_145457.md
