2026-06-13 13:08:42.294 [DIAG] Diagnostica processi...
2026-06-13 13:08:42.597 [WARN] Errore diagnostica processi: Eccezione durante la chiamata di "ToDateTime" con "1" argomento/i: "Argomento specificato non compreso nell'intervallo.
Nome parametro: dmtfDate"
2026-06-13 13:08:42.602 [DIAG] Generazione raccomandazioni...
2026-06-13 13:08:42.626 [OK] Report diagnostica salvato: C:\cellular_speace\reports\manutenzione\correttiva\diagnosi_20260613_130842.json
2026-06-13 13:08:42.636 [OK] Diagnosi Markdown salvata: C:\cellular_speace\data\diagnosi\diagnosi_20260613_130842.md
2026-06-13 13:08:42.707 [DIAG] Diagnostica runtime...
2026-06-13 13:08:42.722 [WARN] [medio] Runtime/errore_lettura_snapshot: Errore lettura snapshot: Impossibile convertire la stringa JSON perché un dizionario convertito da tale stringa contiene le chiavi duplicate 'Server' e 'SERVER'.
2026-06-13 13:08:42.759 [DIAG] Diagnostica memoria...
2026-06-13 13:08:43.249 [DIAG] Diagnostica file...
2026-06-13 13:08:50.065 [DIAG] Diagnostica processi...
2026-06-13 13:08:50.384 [WARN] Errore diagnostica processi: Eccezione durante la chiamata di "ToDateTime" con "1" argomento/i: "Argomento specificato non compreso nell'intervallo.
Nome parametro: dmtfDate"
2026-06-13 13:08:50.442 [DIAG] Diagnostica log errori...
2026-06-13 13:08:50.474 [WARN] Errore diagnostica log: Impossibile convertire 'System.Object[]' nel tipo 'System.String' richiesto da parametro 'ChildPath'. Specificato metodo non supportato.
2026-06-13 13:08:50.503 [DIAG] Generazione raccomandazioni...
2026-06-13 13:08:50.638 [FIX] Avvio azioni correttive automatiche...
2026-06-13 13:08:50.649 [INFO] Nessuna azione correttiva automatica disponibile
2026-06-13 13:08:50.712 [OK] Report diagnostica salvato: C:\cellular_speace\reports\manutenzione\correttiva\diagnosi_20260613_130842.json
2026-06-13 13:08:50.718 [OK] Diagnosi Markdown salvata: C:\cellular_speace\data\diagnosi\diagnosi_20260613_130842.md
