2026-06-13 13:40:25.394 [DIAG] Diagnostica processi...
2026-06-13 13:40:25.437 [DIAG] Diagnostica processi...
2026-06-13 13:40:25.443 [DIAG] Diagnostica processi...
2026-06-13 13:40:25.649 [DIAG] Generazione raccomandazioni...
2026-06-13 13:40:25.679 [DIAG] Generazione raccomandazioni...
2026-06-13 13:40:25.693 [DIAG] Generazione raccomandazioni...
2026-06-13 13:40:25.741 [OK] Report diagnostica salvato: C:\cellular_speace\reports\manutenzione\correttiva\diagnosi_20260613_134025.json
2026-06-13 13:40:25.745 [ERROR] ERRORE FATALE: Il processo non può accedere al file 'C:\cellular_speace\data\logs\manutenzione\correttiva\diagnostica_20260613_134025.log' perché è in uso da un altro processo.
2026-06-13 13:40:25.758 [OK] Diagnosi Markdown salvata: C:\cellular_speace\data\diagnosi\diagnosi_20260613_134025.md
2026-06-13 13:40:25.788 [OK] Report diagnostica salvato: C:\cellular_speace\reports\manutenzione\correttiva\diagnosi_20260613_134025.json
2026-06-13 13:40:25.825 [OK] Diagnosi Markdown salvata: C:\cellular_speace\data\diagnosi\diagnosi_20260613_134025.md
2026-06-13 13:40:25.843 [DIAG] Diagnostica runtime...
2026-06-13 13:40:25.849 [ERROR] [alto] Runtime/snapshot_vecchio: Snapshot ha 41.9min (>30min)
2026-06-13 13:40:25.872 [DIAG] Diagnostica runtime...
2026-06-13 13:40:25.878 [ERROR] [alto] Runtime/snapshot_vecchio: Snapshot ha 41.9min (>30min)
2026-06-13 13:40:25.920 [WARN] [medio] Runtime/errore_lettura_snapshot: Errore lettura snapshot: Impossibile convertire la stringa JSON perché un dizionario convertito da tale stringa contiene le chiavi duplicate 'Server' e 'SERVER'.
2026-06-13 13:40:25.962 [WARN] [medio] Runtime/errore_lettura_snapshot: Errore lettura snapshot: Impossibile convertire la stringa JSON perché un dizionario convertito da tale stringa contiene le chiavi duplicate 'Server' e 'SERVER'.
2026-06-13 13:40:26.138 [DIAG] Diagnostica memoria...
2026-06-13 13:40:26.142 [DIAG] Diagnostica memoria...
2026-06-13 13:40:26.675 [DIAG] Diagnostica file...
2026-06-13 13:40:26.700 [DIAG] Diagnostica file...
2026-06-13 13:40:31.341 [DIAG] Diagnostica processi...
2026-06-13 13:40:31.566 [DIAG] Diagnostica log errori...
2026-06-13 13:40:31.589 [DIAG] Diagnostica processi...
2026-06-13 13:40:31.810 [DIAG] Diagnostica log errori...
2026-06-13 13:40:35.850 [ERROR] [critico] Log/errori_recenti: 1634 errori nelle ultime 2 ore
2026-06-13 13:40:35.943 [ERROR] [critico] Log/errori_recenti: 1634 errori nelle ultime 2 ore
2026-06-13 13:40:35.977 [DIAG] Generazione raccomandazioni...
2026-06-13 13:40:35.981 [ERROR] ERRORE FATALE: Il processo non può accedere al file 'C:\cellular_speace\data\logs\manutenzione\correttiva\diagnostica_20260613_134025.log' perché è in uso da un altro processo.
2026-06-13 13:40:36.012 [FIX] Avvio azioni correttive automatiche...
2026-06-13 13:40:36.016 [INFO] Nessuna azione correttiva automatica disponibile
2026-06-13 13:40:36.022 [OK] Report diagnostica salvato: C:\cellular_speace\reports\manutenzione\correttiva\diagnosi_20260613_134025.json
2026-06-13 13:40:36.028 [OK] Diagnosi Markdown salvata: C:\cellular_speace\data\diagnosi\diagnosi_20260613_134025.md
