2026-06-13 16:18:42.180 [DIAG] Diagnostica processi...
2026-06-13 16:18:42.246 [DIAG] Diagnostica processi...
2026-06-13 16:18:42.424 [DIAG] Generazione raccomandazioni...
2026-06-13 16:18:42.458 [DIAG] Generazione raccomandazioni...
2026-06-13 16:18:42.485 [OK] Report diagnostica salvato: C:\cellular_speace\reports\manutenzione\correttiva\diagnosi_20260613_161842.json
2026-06-13 16:18:42.490 [OK] Report diagnostica salvato: C:\cellular_speace\reports\manutenzione\correttiva\diagnosi_20260613_161842.json
2026-06-13 16:18:42.492 [OK] Diagnosi Markdown salvata: C:\cellular_speace\data\diagnosi\diagnosi_20260613_161842.md
2026-06-13 16:18:42.498 [OK] Diagnosi Markdown salvata: C:\cellular_speace\data\diagnosi\diagnosi_20260613_161842.md
2026-06-13 16:18:42.528 [DIAG] Diagnostica runtime...
2026-06-13 16:18:42.532 [ERROR] [alto] Runtime/snapshot_vecchio: Snapshot ha 200.2min (>30min)
2026-06-13 16:18:42.577 [WARN] [medio] Runtime/errore_lettura_snapshot: Errore lettura snapshot: Impossibile convertire la stringa JSON perché un dizionario convertito da tale stringa contiene le chiavi duplicate 'Server' e 'SERVER'.
2026-06-13 16:18:42.593 [DIAG] Diagnostica memoria...
2026-06-13 16:18:42.970 [DIAG] Diagnostica file...
2026-06-13 16:18:47.755 [DIAG] Diagnostica processi...
2026-06-13 16:18:48.042 [DIAG] Diagnostica log errori...
2026-06-13 16:18:54.634 [ERROR] [critico] Log/errori_recenti: 3411 errori nelle ultime 2 ore
2026-06-13 16:18:54.650 [DIAG] Generazione raccomandazioni...
2026-06-13 16:18:54.672 [FIX] Avvio azioni correttive automatiche...
2026-06-13 16:18:54.674 [INFO] Nessuna azione correttiva automatica disponibile
2026-06-13 16:18:54.678 [OK] Report diagnostica salvato: C:\cellular_speace\reports\manutenzione\correttiva\diagnosi_20260613_161842.json
2026-06-13 16:18:54.682 [OK] Diagnosi Markdown salvata: C:\cellular_speace\data\diagnosi\diagnosi_20260613_161842.md
