2026-06-13 13:54:58.403 [DIAG] Diagnostica processi...
2026-06-13 13:54:58.517 [DIAG] Diagnostica processi...
2026-06-13 13:54:58.614 [DIAG] Generazione raccomandazioni...
2026-06-13 13:54:58.643 [OK] Report diagnostica salvato: C:\cellular_speace\reports\manutenzione\correttiva\diagnosi_20260613_135458.json
2026-06-13 13:54:58.649 [OK] Diagnosi Markdown salvata: C:\cellular_speace\data\diagnosi\diagnosi_20260613_135458.md
2026-06-13 13:54:58.729 [DIAG] Generazione raccomandazioni...
2026-06-13 13:54:58.755 [OK] Report diagnostica salvato: C:\cellular_speace\reports\manutenzione\correttiva\diagnosi_20260613_135458.json
2026-06-13 13:54:58.759 [OK] Diagnosi Markdown salvata: C:\cellular_speace\data\diagnosi\diagnosi_20260613_135458.md
2026-06-13 13:54:58.796 [DIAG] Diagnostica runtime...
2026-06-13 13:54:58.807 [ERROR] [alto] Runtime/snapshot_vecchio: Snapshot ha 56.4min (>30min)
2026-06-13 13:54:58.839 [WARN] [medio] Runtime/errore_lettura_snapshot: Errore lettura snapshot: Impossibile convertire la stringa JSON perché un dizionario convertito da tale stringa contiene le chiavi duplicate 'Server' e 'SERVER'.
2026-06-13 13:54:58.874 [DIAG] Diagnostica memoria...
2026-06-13 13:54:59.249 [DIAG] Diagnostica file...
2026-06-13 13:55:02.611 [DIAG] Diagnostica processi...
2026-06-13 13:55:02.779 [DIAG] Diagnostica log errori...
2026-06-13 13:55:05.981 [ERROR] [critico] Log/errori_recenti: 2086 errori nelle ultime 2 ore
2026-06-13 13:55:05.989 [DIAG] Generazione raccomandazioni...
2026-06-13 13:55:06.009 [FIX] Avvio azioni correttive automatiche...
2026-06-13 13:55:06.013 [INFO] Nessuna azione correttiva automatica disponibile
2026-06-13 13:55:06.019 [OK] Report diagnostica salvato: C:\cellular_speace\reports\manutenzione\correttiva\diagnosi_20260613_135458.json
2026-06-13 13:55:06.024 [OK] Diagnosi Markdown salvata: C:\cellular_speace\data\diagnosi\diagnosi_20260613_135458.md
