2026-06-13 16:12:07.196 [DIAG] Diagnostica processi...
2026-06-13 16:12:07.417 [DIAG] Generazione raccomandazioni...
2026-06-13 16:12:07.490 [OK] Report diagnostica salvato: C:\cellular_speace\reports\manutenzione\correttiva\diagnosi_20260613_161207.json
2026-06-13 16:12:07.504 [OK] Diagnosi Markdown salvata: C:\cellular_speace\data\diagnosi\diagnosi_20260613_161207.md
2026-06-13 16:12:07.679 [DIAG] Diagnostica processi...
2026-06-13 16:12:07.837 [DIAG] Diagnostica processi...
2026-06-13 16:12:07.856 [DIAG] Generazione raccomandazioni...
2026-06-13 16:12:07.888 [OK] Report diagnostica salvato: C:\cellular_speace\reports\manutenzione\correttiva\diagnosi_20260613_161207.json
2026-06-13 16:12:07.894 [OK] Diagnosi Markdown salvata: C:\cellular_speace\data\diagnosi\diagnosi_20260613_161207.md
2026-06-13 16:12:07.916 [DIAG] Diagnostica runtime...
2026-06-13 16:12:07.916 [ERROR] [alto] Runtime/snapshot_vecchio: Snapshot ha 193.6min (>30min)
2026-06-13 16:12:07.931 [WARN] [medio] Runtime/errore_lettura_snapshot: Errore lettura snapshot: Impossibile convertire la stringa JSON perché un dizionario convertito da tale stringa contiene le chiavi duplicate 'Server' e 'SERVER'.
2026-06-13 16:12:07.949 [DIAG] Diagnostica memoria...
2026-06-13 16:12:07.999 [DIAG] Generazione raccomandazioni...
2026-06-13 16:12:08.010 [OK] Report diagnostica salvato: C:\cellular_speace\reports\manutenzione\correttiva\diagnosi_20260613_161207.json
2026-06-13 16:12:08.010 [OK] Diagnosi Markdown salvata: C:\cellular_speace\data\diagnosi\diagnosi_20260613_161207.md
2026-06-13 16:12:08.248 [DIAG] Diagnostica file...
2026-06-13 16:12:12.276 [DIAG] Diagnostica processi...
2026-06-13 16:12:12.439 [DIAG] Diagnostica log errori...
2026-06-13 16:12:16.481 [ERROR] [critico] Log/errori_recenti: 3335 errori nelle ultime 2 ore
2026-06-13 16:12:16.491 [DIAG] Generazione raccomandazioni...
2026-06-13 16:12:16.491 [FIX] Avvio azioni correttive automatiche...
2026-06-13 16:12:16.491 [INFO] Nessuna azione correttiva automatica disponibile
2026-06-13 16:12:16.509 [OK] Report diagnostica salvato: C:\cellular_speace\reports\manutenzione\correttiva\diagnosi_20260613_161207.json
2026-06-13 16:12:16.513 [OK] Diagnosi Markdown salvata: C:\cellular_speace\data\diagnosi\diagnosi_20260613_161207.md
