2026-06-13 18:07:51.196 [DIAG] Diagnostica processi...
2026-06-13 18:07:51.323 [DIAG] Generazione raccomandazioni...
2026-06-13 18:07:51.341 [OK] Report diagnostica salvato: C:\cellular_speace\reports\manutenzione\correttiva\diagnosi_20260613_180751.json
2026-06-13 18:07:51.353 [OK] Diagnosi Markdown salvata: C:\cellular_speace\data\diagnosi\diagnosi_20260613_180751.md
2026-06-13 18:07:51.369 [DIAG] Diagnostica runtime...
2026-06-13 18:07:51.369 [ERROR] [alto] Runtime/snapshot_vecchio: Snapshot ha 309.3min (>30min)
2026-06-13 18:07:51.451 [WARN] [medio] Runtime/errore_lettura_snapshot: Errore lettura snapshot: Impossibile convertire la stringa JSON perché un dizionario convertito da tale stringa contiene le chiavi duplicate 'Server' e 'SERVER'.
2026-06-13 18:07:51.465 [DIAG] Diagnostica memoria...
2026-06-13 18:07:51.677 [DIAG] Diagnostica processi...
2026-06-13 18:07:51.715 [DIAG] Diagnostica file...
2026-06-13 18:07:51.813 [DIAG] Generazione raccomandazioni...
2026-06-13 18:07:51.833 [OK] Report diagnostica salvato: C:\cellular_speace\reports\manutenzione\correttiva\diagnosi_20260613_180751.json
2026-06-13 18:07:51.837 [OK] Diagnosi Markdown salvata: C:\cellular_speace\data\diagnosi\diagnosi_20260613_180751.md
2026-06-13 18:07:51.864 [DIAG] Diagnostica runtime...
2026-06-13 18:07:51.868 [ERROR] [alto] Runtime/snapshot_vecchio: Snapshot ha 309.3min (>30min)
2026-06-13 18:07:51.890 [WARN] [medio] Runtime/errore_lettura_snapshot: Errore lettura snapshot: Impossibile convertire la stringa JSON perché un dizionario convertito da tale stringa contiene le chiavi duplicate 'Server' e 'SERVER'.
2026-06-13 18:07:51.901 [DIAG] Diagnostica memoria...
2026-06-13 18:07:52.169 [DIAG] Diagnostica file...
2026-06-13 18:07:54.898 [DIAG] Diagnostica processi...
2026-06-13 18:07:55.012 [DIAG] Diagnostica log errori...
2026-06-13 18:07:55.198 [DIAG] Diagnostica processi...
2026-06-13 18:07:55.310 [DIAG] Diagnostica log errori...
2026-06-13 18:07:59.701 [ERROR] [critico] Log/errori_recenti: 3370 errori nelle ultime 2 ore
2026-06-13 18:07:59.716 [DIAG] Generazione raccomandazioni...
2026-06-13 18:07:59.740 [FIX] Avvio azioni correttive automatiche...
2026-06-13 18:07:59.742 [INFO] Nessuna azione correttiva automatica disponibile
2026-06-13 18:07:59.748 [OK] Report diagnostica salvato: C:\cellular_speace\reports\manutenzione\correttiva\diagnosi_20260613_180751.json
2026-06-13 18:07:59.748 [OK] Diagnosi Markdown salvata: C:\cellular_speace\data\diagnosi\diagnosi_20260613_180751.md
2026-06-13 18:08:00.143 [ERROR] [critico] Log/errori_recenti: 3369 errori nelle ultime 2 ore
2026-06-13 18:08:00.155 [DIAG] Generazione raccomandazioni...
2026-06-13 18:08:00.182 [FIX] Avvio azioni correttive automatiche...
2026-06-13 18:08:00.186 [INFO] Nessuna azione correttiva automatica disponibile
2026-06-13 18:08:00.192 [OK] Report diagnostica salvato: C:\cellular_speace\reports\manutenzione\correttiva\diagnosi_20260613_180751.json
2026-06-13 18:08:00.200 [OK] Diagnosi Markdown salvata: C:\cellular_speace\data\diagnosi\diagnosi_20260613_180751.md
