2026-06-13 13:16:42.096 [DIAG] Diagnostica processi...
2026-06-13 13:16:42.202 [DIAG] Diagnostica processi...
2026-06-13 13:16:42.313 [DIAG] Generazione raccomandazioni...
2026-06-13 13:16:42.341 [OK] Report diagnostica salvato: C:\cellular_speace\reports\manutenzione\correttiva\diagnosi_20260613_131642.json
2026-06-13 13:16:42.348 [OK] Diagnosi Markdown salvata: C:\cellular_speace\data\diagnosi\diagnosi_20260613_131642.md
2026-06-13 13:16:42.434 [DIAG] Generazione raccomandazioni...
2026-06-13 13:16:42.460 [OK] Report diagnostica salvato: C:\cellular_speace\reports\manutenzione\correttiva\diagnosi_20260613_131642.json
2026-06-13 13:16:42.466 [OK] Diagnosi Markdown salvata: C:\cellular_speace\data\diagnosi\diagnosi_20260613_131642.md
2026-06-13 13:16:42.514 [DIAG] Diagnostica runtime...
2026-06-13 13:16:42.564 [WARN] [medio] Runtime/errore_lettura_snapshot: Errore lettura snapshot: Impossibile convertire la stringa JSON perché un dizionario convertito da tale stringa contiene le chiavi duplicate 'Server' e 'SERVER'.
2026-06-13 13:16:42.587 [DIAG] Diagnostica memoria...
2026-06-13 13:16:42.863 [DIAG] Diagnostica processi...
2026-06-13 13:16:43.040 [DIAG] Diagnostica file...
2026-06-13 13:16:43.116 [DIAG] Generazione raccomandazioni...
2026-06-13 13:16:43.148 [OK] Report diagnostica salvato: C:\cellular_speace\reports\manutenzione\correttiva\diagnosi_20260613_131642.json
2026-06-13 13:16:43.154 [OK] Diagnosi Markdown salvata: C:\cellular_speace\data\diagnosi\diagnosi_20260613_131642.md
2026-06-13 13:16:49.088 [DIAG] Diagnostica processi...
2026-06-13 13:16:49.309 [ERROR] [critico] Processi/nessun_processo: Nessun processo SPEACE in esecuzione
2026-06-13 13:16:49.328 [DIAG] Diagnostica log errori...
2026-06-13 13:16:50.499 [ERROR] [critico] Log/errori_recenti: 975 errori nelle ultime 2 ore
2026-06-13 13:16:50.527 [DIAG] Generazione raccomandazioni...
2026-06-13 13:16:50.569 [FIX] Avvio azioni correttive automatiche...
2026-06-13 13:16:50.577 [FIX] Tentativo avvio SPEACE...
2026-06-13 13:16:50.630 [FIX] AZIONE: Avviato SPEACE: C:\cellular_speace\ispettore_manutentore_neurologico_organismico_di_speace\avvio_locale.bat
2026-06-13 13:16:50.640 [OK] Report diagnostica salvato: C:\cellular_speace\reports\manutenzione\correttiva\diagnosi_20260613_131642.json
2026-06-13 13:16:50.648 [OK] Diagnosi Markdown salvata: C:\cellular_speace\data\diagnosi\diagnosi_20260613_131642.md
