2026-06-13 14:38:22.271 [DIAG] Diagnostica processi...
2026-06-13 14:38:22.502 [DIAG] Generazione raccomandazioni...
2026-06-13 14:38:22.526 [DIAG] Diagnostica processi...
2026-06-13 14:38:22.542 [OK] Report diagnostica salvato: C:\cellular_speace\reports\manutenzione\correttiva\diagnosi_20260613_143822.json
2026-06-13 14:38:22.552 [OK] Diagnosi Markdown salvata: C:\cellular_speace\data\diagnosi\diagnosi_20260613_143822.md
2026-06-13 14:38:22.597 [DIAG] Diagnostica runtime...
2026-06-13 14:38:22.604 [ERROR] [alto] Runtime/snapshot_vecchio: Snapshot ha 99.8min (>30min)
2026-06-13 14:38:22.649 [WARN] [medio] Runtime/errore_lettura_snapshot: Errore lettura snapshot: Impossibile convertire la stringa JSON perché un dizionario convertito da tale stringa contiene le chiavi duplicate 'Server' e 'SERVER'.
2026-06-13 14:38:22.702 [DIAG] Diagnostica memoria...
2026-06-13 14:38:22.876 [DIAG] Generazione raccomandazioni...
2026-06-13 14:38:22.973 [OK] Report diagnostica salvato: C:\cellular_speace\reports\manutenzione\correttiva\diagnosi_20260613_143822.json
2026-06-13 14:38:22.994 [OK] Diagnosi Markdown salvata: C:\cellular_speace\data\diagnosi\diagnosi_20260613_143822.md
2026-06-13 14:38:23.162 [DIAG] Diagnostica file...
2026-06-13 14:38:28.172 [DIAG] Diagnostica processi...
2026-06-13 14:38:28.487 [DIAG] Diagnostica log errori...
2026-06-13 14:38:36.649 [ERROR] [critico] Log/errori_recenti: 3245 errori nelle ultime 2 ore
2026-06-13 14:38:36.689 [DIAG] Generazione raccomandazioni...
2026-06-13 14:38:36.827 [FIX] Avvio azioni correttive automatiche...
2026-06-13 14:38:36.843 [INFO] Nessuna azione correttiva automatica disponibile
2026-06-13 14:38:36.866 [OK] Report diagnostica salvato: C:\cellular_speace\reports\manutenzione\correttiva\diagnosi_20260613_143822.json
2026-06-13 14:38:36.898 [OK] Diagnosi Markdown salvata: C:\cellular_speace\data\diagnosi\diagnosi_20260613_143822.md
