2026-06-13 17:43:57.498 [DIAG] Diagnostica processi...
2026-06-13 17:43:57.751 [DIAG] Generazione raccomandazioni...
2026-06-13 17:43:57.841 [OK] Report diagnostica salvato: C:\cellular_speace\reports\manutenzione\correttiva\diagnosi_20260613_174357.json
2026-06-13 17:43:57.852 [OK] Diagnosi Markdown salvata: C:\cellular_speace\data\diagnosi\diagnosi_20260613_174357.md
2026-06-13 17:43:57.900 [DIAG] Diagnostica processi...
2026-06-13 17:43:57.915 [DIAG] Diagnostica runtime...
2026-06-13 17:43:57.926 [ERROR] [alto] Runtime/snapshot_vecchio: Snapshot ha 285.4min (>30min)
2026-06-13 17:43:58.096 [WARN] [medio] Runtime/errore_lettura_snapshot: Errore lettura snapshot: Impossibile convertire la stringa JSON perché un dizionario convertito da tale stringa contiene le chiavi duplicate 'Server' e 'SERVER'.
2026-06-13 17:43:58.130 [DIAG] Generazione raccomandazioni...
2026-06-13 17:43:58.336 [OK] Report diagnostica salvato: C:\cellular_speace\reports\manutenzione\correttiva\diagnosi_20260613_174357.json
2026-06-13 17:43:58.356 [OK] Diagnosi Markdown salvata: C:\cellular_speace\data\diagnosi\diagnosi_20260613_174357.md
2026-06-13 17:43:58.494 [DIAG] Diagnostica memoria...
2026-06-13 17:43:58.946 [DIAG] Diagnostica file...
2026-06-13 17:44:05.148 [DIAG] Diagnostica processi...
2026-06-13 17:44:05.405 [DIAG] Diagnostica log errori...
2026-06-13 17:44:14.974 [ERROR] [critico] Log/errori_recenti: 3401 errori nelle ultime 2 ore
2026-06-13 17:44:15.171 [DIAG] Generazione raccomandazioni...
2026-06-13 17:44:15.428 [FIX] Avvio azioni correttive automatiche...
2026-06-13 17:44:15.442 [INFO] Nessuna azione correttiva automatica disponibile
2026-06-13 17:44:15.499 [OK] Report diagnostica salvato: C:\cellular_speace\reports\manutenzione\correttiva\diagnosi_20260613_174357.json
2026-06-13 17:44:15.515 [OK] Diagnosi Markdown salvata: C:\cellular_speace\data\diagnosi\diagnosi_20260613_174357.md
