2026-06-13 14:03:28.362 [DIAG] Diagnostica processi...
2026-06-13 14:03:28.513 [DIAG] Diagnostica processi...
2026-06-13 14:03:28.650 [DIAG] Generazione raccomandazioni...
2026-06-13 14:03:28.802 [DIAG] Generazione raccomandazioni...
2026-06-13 14:03:28.810 [DIAG] Diagnostica processi...
2026-06-13 14:03:28.820 [OK] Report diagnostica salvato: C:\cellular_speace\reports\manutenzione\correttiva\diagnosi_20260613_140328.json
2026-06-13 14:03:28.855 [OK] Report diagnostica salvato: C:\cellular_speace\reports\manutenzione\correttiva\diagnosi_20260613_140328.json
2026-06-13 14:03:28.875 [OK] Diagnosi Markdown salvata: C:\cellular_speace\data\diagnosi\diagnosi_20260613_140328.md
2026-06-13 14:03:28.881 [OK] Diagnosi Markdown salvata: C:\cellular_speace\data\diagnosi\diagnosi_20260613_140328.md
2026-06-13 14:03:28.999 [DIAG] Diagnostica runtime...
2026-06-13 14:03:29.010 [ERROR] [alto] Runtime/snapshot_vecchio: Snapshot ha 64.9min (>30min)
2026-06-13 14:03:29.063 [DIAG] Generazione raccomandazioni...
2026-06-13 14:03:29.110 [OK] Report diagnostica salvato: C:\cellular_speace\reports\manutenzione\correttiva\diagnosi_20260613_140328.json
2026-06-13 14:03:29.112 [WARN] [medio] Runtime/errore_lettura_snapshot: Errore lettura snapshot: Impossibile convertire la stringa JSON perché un dizionario convertito da tale stringa contiene le chiavi duplicate 'Server' e 'SERVER'.
2026-06-13 14:03:29.118 [OK] Diagnosi Markdown salvata: C:\cellular_speace\data\diagnosi\diagnosi_20260613_140328.md
2026-06-13 14:03:29.196 [DIAG] Diagnostica memoria...
2026-06-13 14:03:29.656 [DIAG] Diagnostica file...
2026-06-13 14:03:34.583 [DIAG] Diagnostica processi...
2026-06-13 14:03:34.835 [DIAG] Diagnostica log errori...
2026-06-13 14:03:41.869 [ERROR] [critico] Log/errori_recenti: 2329 errori nelle ultime 2 ore
2026-06-13 14:03:42.016 [DIAG] Generazione raccomandazioni...
2026-06-13 14:03:42.196 [FIX] Avvio azioni correttive automatiche...
2026-06-13 14:03:42.206 [INFO] Nessuna azione correttiva automatica disponibile
2026-06-13 14:03:42.222 [OK] Report diagnostica salvato: C:\cellular_speace\reports\manutenzione\correttiva\diagnosi_20260613_140328.json
2026-06-13 14:03:42.239 [OK] Diagnosi Markdown salvata: C:\cellular_speace\data\diagnosi\diagnosi_20260613_140328.md
