2026-06-13 15:22:31.513 [DIAG] Diagnostica runtime...
2026-06-13 15:22:31.551 [ERROR] [alto] Runtime/snapshot_vecchio: Snapshot ha 144min (>30min)
2026-06-13 15:22:31.596 [DIAG] Diagnostica processi...
2026-06-13 15:22:31.802 [DIAG] Diagnostica processi...
2026-06-13 15:22:31.961 [DIAG] Generazione raccomandazioni...
2026-06-13 15:22:32.085 [WARN] [medio] Runtime/errore_lettura_snapshot: Errore lettura snapshot: Impossibile convertire la stringa JSON perché un dizionario convertito da tale stringa contiene le chiavi duplicate 'Server' e 'SERVER'.
2026-06-13 15:22:32.140 [DIAG] Generazione raccomandazioni...
2026-06-13 15:22:32.189 [OK] Report diagnostica salvato: C:\cellular_speace\reports\manutenzione\correttiva\diagnosi_20260613_152231.json
2026-06-13 15:22:32.232 [OK] Diagnosi Markdown salvata: C:\cellular_speace\data\diagnosi\diagnosi_20260613_152231.md
2026-06-13 15:22:32.470 [OK] Report diagnostica salvato: C:\cellular_speace\reports\manutenzione\correttiva\diagnosi_20260613_152231.json
2026-06-13 15:22:32.513 [OK] Diagnosi Markdown salvata: C:\cellular_speace\data\diagnosi\diagnosi_20260613_152231.md
2026-06-13 15:22:33.037 [DIAG] Diagnostica memoria...
2026-06-13 15:22:33.619 [DIAG] Diagnostica file...
2026-06-13 15:22:39.016 [DIAG] Diagnostica processi...
2026-06-13 15:22:39.432 [DIAG] Diagnostica log errori...
2026-06-13 15:22:53.869 [ERROR] [critico] Log/errori_recenti: 3501 errori nelle ultime 2 ore
2026-06-13 15:22:54.676 [DIAG] Generazione raccomandazioni...
2026-06-13 15:22:55.177 [FIX] Avvio azioni correttive automatiche...
2026-06-13 15:22:55.202 [INFO] Nessuna azione correttiva automatica disponibile
2026-06-13 15:22:55.265 [OK] Report diagnostica salvato: C:\cellular_speace\reports\manutenzione\correttiva\diagnosi_20260613_152231.json
2026-06-13 15:22:55.354 [OK] Diagnosi Markdown salvata: C:\cellular_speace\data\diagnosi\diagnosi_20260613_152231.md
