2026-06-13 18:50:47.402 [DIAG] Diagnostica processi...
2026-06-13 18:50:47.644 [DIAG] Generazione raccomandazioni...
2026-06-13 18:50:47.682 [OK] Report diagnostica salvato: C:\cellular_speace\reports\manutenzione\correttiva\diagnosi_20260613_185047.json
2026-06-13 18:50:47.794 [OK] Diagnosi Markdown salvata: C:\cellular_speace\data\diagnosi\diagnosi_20260613_185047.md
2026-06-13 18:50:47.895 [DIAG] Diagnostica runtime...
2026-06-13 18:50:47.905 [ERROR] [alto] Runtime/snapshot_vecchio: Snapshot ha 352.2min (>30min)
2026-06-13 18:50:47.981 [WARN] [medio] Runtime/errore_lettura_snapshot: Errore lettura snapshot: Impossibile convertire la stringa JSON perché un dizionario convertito da tale stringa contiene le chiavi duplicate 'Server' e 'SERVER'.
2026-06-13 18:50:48.006 [DIAG] Diagnostica processi...
2026-06-13 18:50:48.056 [DIAG] Diagnostica memoria...
2026-06-13 18:50:48.255 [DIAG] Generazione raccomandazioni...
2026-06-13 18:50:48.337 [OK] Report diagnostica salvato: C:\cellular_speace\reports\manutenzione\correttiva\diagnosi_20260613_185047.json
2026-06-13 18:50:48.341 [OK] Diagnosi Markdown salvata: C:\cellular_speace\data\diagnosi\diagnosi_20260613_185047.md
2026-06-13 18:50:48.471 [DIAG] Diagnostica file...
2026-06-13 18:50:53.726 [DIAG] Diagnostica processi...
2026-06-13 18:50:53.941 [DIAG] Diagnostica log errori...
2026-06-13 18:51:02.926 [ERROR] [critico] Log/errori_recenti: 3323 errori nelle ultime 2 ore
2026-06-13 18:51:02.939 [DIAG] Generazione raccomandazioni...
2026-06-13 18:51:02.955 [FIX] Avvio azioni correttive automatiche...
2026-06-13 18:51:02.967 [INFO] Nessuna azione correttiva automatica disponibile
2026-06-13 18:51:02.971 [OK] Report diagnostica salvato: C:\cellular_speace\reports\manutenzione\correttiva\diagnosi_20260613_185047.json
2026-06-13 18:51:02.977 [OK] Diagnosi Markdown salvata: C:\cellular_speace\data\diagnosi\diagnosi_20260613_185047.md
