2026-06-13 13:41:24.207 [DIAG] Diagnostica processi...
2026-06-13 13:41:24.298 [DIAG] Diagnostica processi...
2026-06-13 13:41:24.326 [DIAG] Generazione raccomandazioni...
2026-06-13 13:41:24.342 [OK] Report diagnostica salvato: C:\cellular_speace\reports\manutenzione\correttiva\diagnosi_20260613_134124.json
2026-06-13 13:41:24.342 [OK] Diagnosi Markdown salvata: C:\cellular_speace\data\diagnosi\diagnosi_20260613_134124.md
2026-06-13 13:41:24.374 [DIAG] Diagnostica runtime...
2026-06-13 13:41:24.374 [ERROR] [alto] Runtime/snapshot_vecchio: Snapshot ha 42.9min (>30min)
2026-06-13 13:41:24.389 [WARN] [medio] Runtime/errore_lettura_snapshot: Errore lettura snapshot: Impossibile convertire la stringa JSON perché un dizionario convertito da tale stringa contiene le chiavi duplicate 'Server' e 'SERVER'.
2026-06-13 13:41:24.405 [DIAG] Diagnostica memoria...
2026-06-13 13:41:24.422 [DIAG] Generazione raccomandazioni...
2026-06-13 13:41:24.446 [OK] Report diagnostica salvato: C:\cellular_speace\reports\manutenzione\correttiva\diagnosi_20260613_134124.json
2026-06-13 13:41:24.446 [OK] Diagnosi Markdown salvata: C:\cellular_speace\data\diagnosi\diagnosi_20260613_134124.md
2026-06-13 13:41:24.549 [DIAG] Diagnostica processi...
2026-06-13 13:41:24.634 [DIAG] Diagnostica file...
2026-06-13 13:41:24.665 [DIAG] Generazione raccomandazioni...
2026-06-13 13:41:24.683 [OK] Report diagnostica salvato: C:\cellular_speace\reports\manutenzione\correttiva\diagnosi_20260613_134124.json
2026-06-13 13:41:24.685 [OK] Diagnosi Markdown salvata: C:\cellular_speace\data\diagnosi\diagnosi_20260613_134124.md
2026-06-13 13:41:24.707 [DIAG] Diagnostica runtime...
2026-06-13 13:41:24.707 [ERROR] [alto] Runtime/snapshot_vecchio: Snapshot ha 42.9min (>30min)
2026-06-13 13:41:24.728 [WARN] [medio] Runtime/errore_lettura_snapshot: Errore lettura snapshot: Impossibile convertire la stringa JSON perché un dizionario convertito da tale stringa contiene le chiavi duplicate 'Server' e 'SERVER'.
2026-06-13 13:41:24.739 [DIAG] Diagnostica memoria...
2026-06-13 13:41:24.954 [DIAG] Diagnostica file...
2026-06-13 13:41:26.902 [DIAG] Diagnostica processi...
2026-06-13 13:41:27.009 [DIAG] Diagnostica log errori...
2026-06-13 13:41:27.208 [DIAG] Diagnostica processi...
2026-06-13 13:41:27.331 [DIAG] Diagnostica log errori...
2026-06-13 13:41:28.905 [ERROR] [critico] Log/errori_recenti: 1665 errori nelle ultime 2 ore
2026-06-13 13:41:28.915 [DIAG] Generazione raccomandazioni...
2026-06-13 13:41:28.921 [FIX] Avvio azioni correttive automatiche...
2026-06-13 13:41:28.921 [INFO] Nessuna azione correttiva automatica disponibile
2026-06-13 13:41:28.921 [OK] Report diagnostica salvato: C:\cellular_speace\reports\manutenzione\correttiva\diagnosi_20260613_134124.json
2026-06-13 13:41:28.936 [OK] Diagnosi Markdown salvata: C:\cellular_speace\data\diagnosi\diagnosi_20260613_134124.md
2026-06-13 13:41:29.112 [ERROR] [critico] Log/errori_recenti: 1666 errori nelle ultime 2 ore
2026-06-13 13:41:29.133 [DIAG] Generazione raccomandazioni...
2026-06-13 13:41:29.143 [FIX] Avvio azioni correttive automatiche...
2026-06-13 13:41:29.143 [INFO] Nessuna azione correttiva automatica disponibile
2026-06-13 13:41:29.143 [OK] Report diagnostica salvato: C:\cellular_speace\reports\manutenzione\correttiva\diagnosi_20260613_134124.json
2026-06-13 13:41:29.143 [OK] Diagnosi Markdown salvata: C:\cellular_speace\data\diagnosi\diagnosi_20260613_134124.md
