2026-06-13 13:57:06.106 [DIAG] Diagnostica processi...
2026-06-13 13:57:06.274 [DIAG] Generazione raccomandazioni...
2026-06-13 13:57:06.294 [OK] Report diagnostica salvato: C:\cellular_speace\reports\manutenzione\correttiva\diagnosi_20260613_135706.json
2026-06-13 13:57:06.294 [OK] Diagnosi Markdown salvata: C:\cellular_speace\data\diagnosi\diagnosi_20260613_135706.md
2026-06-13 13:57:06.321 [DIAG] Diagnostica runtime...
2026-06-13 13:57:06.325 [ERROR] [alto] Runtime/snapshot_vecchio: Snapshot ha 58.6min (>30min)
2026-06-13 13:57:06.347 [WARN] [medio] Runtime/errore_lettura_snapshot: Errore lettura snapshot: Impossibile convertire la stringa JSON perché un dizionario convertito da tale stringa contiene le chiavi duplicate 'Server' e 'SERVER'.
2026-06-13 13:57:06.363 [DIAG] Diagnostica memoria...
2026-06-13 13:57:06.594 [DIAG] Diagnostica processi...
2026-06-13 13:57:06.749 [DIAG] Generazione raccomandazioni...
2026-06-13 13:57:06.768 [OK] Report diagnostica salvato: C:\cellular_speace\reports\manutenzione\correttiva\diagnosi_20260613_135706.json
2026-06-13 13:57:06.770 [OK] Diagnosi Markdown salvata: C:\cellular_speace\data\diagnosi\diagnosi_20260613_135706.md
2026-06-13 13:57:06.792 [DIAG] Diagnostica runtime...
2026-06-13 13:57:06.796 [ERROR] [alto] Runtime/snapshot_vecchio: Snapshot ha 58.6min (>30min)
2026-06-13 13:57:06.812 [WARN] [medio] Runtime/errore_lettura_snapshot: Errore lettura snapshot: Impossibile convertire la stringa JSON perché un dizionario convertito da tale stringa contiene le chiavi duplicate 'Server' e 'SERVER'.
2026-06-13 13:57:06.821 [DIAG] Diagnostica memoria...
2026-06-13 13:57:07.059 [DIAG] Diagnostica file...
2026-06-13 13:57:09.758 [DIAG] Diagnostica processi...
2026-06-13 13:57:09.868 [DIAG] Diagnostica log errori...
2026-06-13 13:57:12.342 [ERROR] [critico] Log/errori_recenti: 2128 errori nelle ultime 2 ore
2026-06-13 13:57:12.347 [DIAG] Generazione raccomandazioni...
2026-06-13 13:57:12.366 [FIX] Avvio azioni correttive automatiche...
2026-06-13 13:57:12.366 [INFO] Nessuna azione correttiva automatica disponibile
2026-06-13 13:57:12.374 [OK] Report diagnostica salvato: C:\cellular_speace\reports\manutenzione\correttiva\diagnosi_20260613_135706.json
2026-06-13 13:57:12.379 [OK] Diagnosi Markdown salvata: C:\cellular_speace\data\diagnosi\diagnosi_20260613_135706.md
