2026-06-13 14:00:16.118 [DIAG] Diagnostica processi...
2026-06-13 14:00:16.169 [DIAG] Diagnostica processi...
2026-06-13 14:00:16.337 [DIAG] Generazione raccomandazioni...
2026-06-13 14:00:16.405 [DIAG] Generazione raccomandazioni...
2026-06-13 14:00:16.476 [OK] Report diagnostica salvato: C:\cellular_speace\reports\manutenzione\correttiva\diagnosi_20260613_140016.json
2026-06-13 14:00:16.510 [OK] Report diagnostica salvato: C:\cellular_speace\reports\manutenzione\correttiva\diagnosi_20260613_140016.json
2026-06-13 14:00:16.518 [ERROR] ERRORE FATALE: Il processo non può accedere al file 'C:\cellular_speace\data\logs\manutenzione\correttiva\diagnostica_20260613_140016.log' perché è in uso da un altro processo.
2026-06-13 14:00:16.544 [OK] Diagnosi Markdown salvata: C:\cellular_speace\data\diagnosi\diagnosi_20260613_140016.md
2026-06-13 14:00:16.691 [DIAG] Diagnostica runtime...
2026-06-13 14:00:16.700 [ERROR] [alto] Runtime/snapshot_vecchio: Snapshot ha 61.7min (>30min)
2026-06-13 14:00:16.737 [WARN] [medio] Runtime/errore_lettura_snapshot: Errore lettura snapshot: Impossibile convertire la stringa JSON perché un dizionario convertito da tale stringa contiene le chiavi duplicate 'Server' e 'SERVER'.
2026-06-13 14:00:16.784 [DIAG] Diagnostica memoria...
2026-06-13 14:00:17.281 [DIAG] Diagnostica file...
2026-06-13 14:00:21.851 [DIAG] Diagnostica processi...
2026-06-13 14:00:22.083 [DIAG] Diagnostica log errori...
2026-06-13 14:00:27.354 [ERROR] [critico] Log/errori_recenti: 2248 errori nelle ultime 2 ore
2026-06-13 14:00:27.381 [DIAG] Generazione raccomandazioni...
2026-06-13 14:00:27.466 [FIX] Avvio azioni correttive automatiche...
2026-06-13 14:00:27.479 [INFO] Nessuna azione correttiva automatica disponibile
2026-06-13 14:00:27.490 [OK] Report diagnostica salvato: C:\cellular_speace\reports\manutenzione\correttiva\diagnosi_20260613_140016.json
2026-06-13 14:00:27.496 [OK] Diagnosi Markdown salvata: C:\cellular_speace\data\diagnosi\diagnosi_20260613_140016.md
