2026-06-13 15:36:06.168 [DIAG] Diagnostica runtime...
2026-06-13 15:36:06.184 [ERROR] [alto] Runtime/snapshot_vecchio: Snapshot ha 157.5min (>30min)
2026-06-13 15:36:06.203 [WARN] [medio] Runtime/errore_lettura_snapshot: Errore lettura snapshot: Impossibile convertire la stringa JSON perché un dizionario convertito da tale stringa contiene le chiavi duplicate 'Server' e 'SERVER'.
2026-06-13 15:36:06.216 [DIAG] Diagnostica memoria...
2026-06-13 15:36:06.615 [DIAG] Diagnostica file...
2026-06-13 15:36:06.970 [DIAG] Diagnostica processi...
2026-06-13 15:36:07.001 [DIAG] Diagnostica processi...
2026-06-13 15:36:07.177 [DIAG] Generazione raccomandazioni...
2026-06-13 15:36:07.201 [OK] Report diagnostica salvato: C:\cellular_speace\reports\manutenzione\correttiva\diagnosi_20260613_153606.json
2026-06-13 15:36:07.208 [OK] Diagnosi Markdown salvata: C:\cellular_speace\data\diagnosi\diagnosi_20260613_153606.md
2026-06-13 15:36:07.234 [DIAG] Generazione raccomandazioni...
2026-06-13 15:36:07.253 [OK] Report diagnostica salvato: C:\cellular_speace\reports\manutenzione\correttiva\diagnosi_20260613_153606.json
2026-06-13 15:36:07.260 [OK] Diagnosi Markdown salvata: C:\cellular_speace\data\diagnosi\diagnosi_20260613_153606.md
2026-06-13 15:36:10.321 [DIAG] Diagnostica processi...
2026-06-13 15:36:10.493 [DIAG] Diagnostica log errori...
2026-06-13 15:36:18.019 [ERROR] [critico] Log/errori_recenti: 3428 errori nelle ultime 2 ore
2026-06-13 15:36:18.024 [DIAG] Generazione raccomandazioni...
2026-06-13 15:36:18.041 [FIX] Avvio azioni correttive automatiche...
2026-06-13 15:36:18.055 [INFO] Nessuna azione correttiva automatica disponibile
2026-06-13 15:36:18.061 [OK] Report diagnostica salvato: C:\cellular_speace\reports\manutenzione\correttiva\diagnosi_20260613_153606.json
2026-06-13 15:36:18.065 [OK] Diagnosi Markdown salvata: C:\cellular_speace\data\diagnosi\diagnosi_20260613_153606.md
