2026-06-13 13:02:07.191 [DIAG] Diagnostica processi...
2026-06-13 13:02:07.321 [ERROR] [critico] Processi/nessun_processo: Nessun processo SPEACE in esecuzione
2026-06-13 13:02:07.415 [DIAG] Generazione raccomandazioni...
2026-06-13 13:02:07.415 [DIAG] Diagnostica processi...
2026-06-13 13:02:07.525 [ERROR] [critico] Processi/nessun_processo: Nessun processo SPEACE in esecuzione
2026-06-13 13:02:07.541 [DIAG] Generazione raccomandazioni...
2026-06-13 13:02:07.547 [OK] Report diagnostica salvato: C:\cellular_speace\reports\manutenzione\correttiva\diagnosi_20260613_130207.json
2026-06-13 13:02:07.556 [OK] Report diagnostica salvato: C:\cellular_speace\reports\manutenzione\correttiva\diagnosi_20260613_130207.json
2026-06-13 13:02:07.556 [OK] Diagnosi Markdown salvata: C:\cellular_speace\data\diagnosi\diagnosi_20260613_130207.md
2026-06-13 13:02:07.572 [OK] Diagnosi Markdown salvata: C:\cellular_speace\data\diagnosi\diagnosi_20260613_130207.md
2026-06-13 13:02:07.588 [DIAG] Diagnostica runtime...
2026-06-13 13:02:07.588 [WARN] [medio] Runtime/errore_lettura_snapshot: Errore lettura snapshot: Impossibile convertire la stringa JSON perché un dizionario convertito da tale stringa contiene le chiavi duplicate 'Server' e 'SERVER'.
2026-06-13 13:02:07.604 [DIAG] Diagnostica memoria...
2026-06-13 13:02:07.826 [DIAG] Diagnostica file...
2026-06-13 13:02:09.665 [DIAG] Diagnostica processi...
2026-06-13 13:02:09.760 [ERROR] [critico] Processi/nessun_processo: Nessun processo SPEACE in esecuzione
2026-06-13 13:02:09.776 [DIAG] Diagnostica log errori...
2026-06-13 13:02:09.776 [WARN] Errore diagnostica log: Impossibile convertire 'System.Object[]' nel tipo 'System.String' richiesto da parametro 'ChildPath'. Specificato metodo non supportato.
2026-06-13 13:02:09.776 [DIAG] Generazione raccomandazioni...
2026-06-13 13:02:09.797 [FIX] Avvio azioni correttive automatiche...
2026-06-13 13:02:09.797 [FIX] Tentativo avvio SPEACE...
2026-06-13 13:02:09.808 [FIX] AZIONE: Avviato SPEACE: C:\cellular_speace\ispettore_manutentore_neurologico_organismico_di_speace\avvio_locale.bat
2026-06-13 13:02:09.808 [OK] Report diagnostica salvato: C:\cellular_speace\reports\manutenzione\correttiva\diagnosi_20260613_130207.json
2026-06-13 13:02:09.824 [OK] Diagnosi Markdown salvata: C:\cellular_speace\data\diagnosi\diagnosi_20260613_130207.md
