2026-06-13 15:10:00.106 [DIAG] Diagnostica processi...
2026-06-13 15:10:00.358 [DIAG] Diagnostica processi...
2026-06-13 15:10:00.450 [DIAG] Generazione raccomandazioni...
2026-06-13 15:10:00.627 [OK] Report diagnostica salvato: C:\cellular_speace\reports\manutenzione\correttiva\diagnosi_20260613_151000.json
2026-06-13 15:10:00.679 [DIAG] Generazione raccomandazioni...
2026-06-13 15:10:00.712 [OK] Diagnosi Markdown salvata: C:\cellular_speace\data\diagnosi\diagnosi_20260613_151000.md
2026-06-13 15:10:00.804 [OK] Report diagnostica salvato: C:\cellular_speace\reports\manutenzione\correttiva\diagnosi_20260613_151000.json
2026-06-13 15:10:00.819 [OK] Diagnosi Markdown salvata: C:\cellular_speace\data\diagnosi\diagnosi_20260613_151000.md
2026-06-13 15:10:00.901 [DIAG] Diagnostica runtime...
2026-06-13 15:10:00.938 [ERROR] [alto] Runtime/snapshot_vecchio: Snapshot ha 131.5min (>30min)
2026-06-13 15:10:01.256 [WARN] [medio] Runtime/errore_lettura_snapshot: Errore lettura snapshot: Impossibile convertire la stringa JSON perché un dizionario convertito da tale stringa contiene le chiavi duplicate 'Server' e 'SERVER'.
2026-06-13 15:10:01.391 [DIAG] Diagnostica memoria...
2026-06-13 15:10:01.835 [DIAG] Diagnostica file...
2026-06-13 15:10:07.141 [DIAG] Diagnostica processi...
2026-06-13 15:10:07.483 [DIAG] Diagnostica log errori...
2026-06-13 15:10:19.002 [ERROR] [critico] Log/errori_recenti: 3666 errori nelle ultime 2 ore
2026-06-13 15:10:19.020 [DIAG] Generazione raccomandazioni...
2026-06-13 15:10:19.047 [FIX] Avvio azioni correttive automatiche...
2026-06-13 15:10:19.049 [INFO] Nessuna azione correttiva automatica disponibile
2026-06-13 15:10:19.063 [OK] Report diagnostica salvato: C:\cellular_speace\reports\manutenzione\correttiva\diagnosi_20260613_151000.json
2026-06-13 15:10:19.069 [OK] Diagnosi Markdown salvata: C:\cellular_speace\data\diagnosi\diagnosi_20260613_151000.md
