2026-06-13 14:04:26.127 [DIAG] Diagnostica runtime...
2026-06-13 14:04:26.178 [ERROR] [alto] Runtime/snapshot_vecchio: Snapshot ha 65.9min (>30min)
2026-06-13 14:04:26.325 [WARN] [medio] Runtime/errore_lettura_snapshot: Errore lettura snapshot: Impossibile convertire la stringa JSON perché un dizionario convertito da tale stringa contiene le chiavi duplicate 'Server' e 'SERVER'.
2026-06-13 14:04:26.350 [DIAG] Diagnostica memoria...
2026-06-13 14:04:26.532 [DIAG] Diagnostica processi...
2026-06-13 14:04:26.815 [DIAG] Generazione raccomandazioni...
2026-06-13 14:04:26.876 [DIAG] Diagnostica file...
2026-06-13 14:04:26.919 [OK] Report diagnostica salvato: C:\cellular_speace\reports\manutenzione\correttiva\diagnosi_20260613_140426.json
2026-06-13 14:04:26.937 [OK] Diagnosi Markdown salvata: C:\cellular_speace\data\diagnosi\diagnosi_20260613_140426.md
2026-06-13 14:04:27.011 [DIAG] Diagnostica runtime...
2026-06-13 14:04:27.047 [ERROR] [alto] Runtime/snapshot_vecchio: Snapshot ha 65.9min (>30min)
2026-06-13 14:04:27.288 [WARN] [medio] Runtime/errore_lettura_snapshot: Errore lettura snapshot: Impossibile convertire la stringa JSON perché un dizionario convertito da tale stringa contiene le chiavi duplicate 'Server' e 'SERVER'.
2026-06-13 14:04:28.935 [DIAG] Diagnostica memoria...
2026-06-13 14:04:29.487 [DIAG] Diagnostica file...
2026-06-13 14:04:33.020 [DIAG] Diagnostica processi...
2026-06-13 14:04:33.617 [DIAG] Diagnostica log errori...
2026-06-13 14:04:36.214 [DIAG] Diagnostica processi...
2026-06-13 14:04:36.606 [DIAG] Diagnostica log errori...
2026-06-13 14:04:42.618 [ERROR] [critico] Log/errori_recenti: 2352 errori nelle ultime 2 ore
2026-06-13 14:04:42.820 [DIAG] Generazione raccomandazioni...
2026-06-13 14:04:42.939 [FIX] Avvio azioni correttive automatiche...
2026-06-13 14:04:42.952 [INFO] Nessuna azione correttiva automatica disponibile
2026-06-13 14:04:42.962 [OK] Report diagnostica salvato: C:\cellular_speace\reports\manutenzione\correttiva\diagnosi_20260613_140426.json
2026-06-13 14:04:42.977 [OK] Diagnosi Markdown salvata: C:\cellular_speace\data\diagnosi\diagnosi_20260613_140426.md
2026-06-13 14:04:44.363 [ERROR] [critico] Log/errori_recenti: 2353 errori nelle ultime 2 ore
2026-06-13 14:04:44.395 [DIAG] Generazione raccomandazioni...
2026-06-13 14:04:44.434 [FIX] Avvio azioni correttive automatiche...
2026-06-13 14:04:44.443 [INFO] Nessuna azione correttiva automatica disponibile
2026-06-13 14:04:44.460 [OK] Report diagnostica salvato: C:\cellular_speace\reports\manutenzione\correttiva\diagnosi_20260613_140426.json
2026-06-13 14:04:44.475 [OK] Diagnosi Markdown salvata: C:\cellular_speace\data\diagnosi\diagnosi_20260613_140426.md
