2026-06-13 14:33:00.052 [DIAG] Diagnostica processi...
2026-06-13 14:33:00.362 [DIAG] Generazione raccomandazioni...
2026-06-13 14:33:00.428 [OK] Report diagnostica salvato: C:\cellular_speace\reports\manutenzione\correttiva\diagnosi_20260613_143300.json
2026-06-13 14:33:00.438 [OK] Diagnosi Markdown salvata: C:\cellular_speace\data\diagnosi\diagnosi_20260613_143300.md
2026-06-13 14:33:00.487 [DIAG] Diagnostica runtime...
2026-06-13 14:33:00.489 [DIAG] Diagnostica processi...
2026-06-13 14:33:00.511 [ERROR] [alto] Runtime/snapshot_vecchio: Snapshot ha 94.5min (>30min)
2026-06-13 14:33:00.542 [WARN] [medio] Runtime/errore_lettura_snapshot: Errore lettura snapshot: Impossibile convertire la stringa JSON perché un dizionario convertito da tale stringa contiene le chiavi duplicate 'Server' e 'SERVER'.
2026-06-13 14:33:00.564 [DIAG] Diagnostica memoria...
2026-06-13 14:33:00.733 [DIAG] Generazione raccomandazioni...
2026-06-13 14:33:00.767 [OK] Report diagnostica salvato: C:\cellular_speace\reports\manutenzione\correttiva\diagnosi_20260613_143300.json
2026-06-13 14:33:00.776 [OK] Diagnosi Markdown salvata: C:\cellular_speace\data\diagnosi\diagnosi_20260613_143300.md
2026-06-13 14:33:00.818 [DIAG] Diagnostica runtime...
2026-06-13 14:33:00.836 [ERROR] [alto] Runtime/snapshot_vecchio: Snapshot ha 94.5min (>30min)
2026-06-13 14:33:00.888 [WARN] [medio] Runtime/errore_lettura_snapshot: Errore lettura snapshot: Impossibile convertire la stringa JSON perché un dizionario convertito da tale stringa contiene le chiavi duplicate 'Server' e 'SERVER'.
2026-06-13 14:33:00.904 [DIAG] Diagnostica memoria...
2026-06-13 14:33:01.006 [DIAG] Diagnostica file...
2026-06-13 14:33:01.372 [DIAG] Diagnostica file...
2026-06-13 14:33:06.071 [DIAG] Diagnostica processi...
2026-06-13 14:33:06.767 [DIAG] Diagnostica log errori...
2026-06-13 14:33:07.903 [DIAG] Diagnostica processi...
2026-06-13 14:33:08.193 [DIAG] Diagnostica log errori...
2026-06-13 14:33:16.536 [ERROR] [critico] Log/errori_recenti: 3089 errori nelle ultime 2 ore
2026-06-13 14:33:16.687 [DIAG] Generazione raccomandazioni...
2026-06-13 14:33:16.788 [FIX] Avvio azioni correttive automatiche...
2026-06-13 14:33:16.825 [INFO] Nessuna azione correttiva automatica disponibile
2026-06-13 14:33:16.866 [OK] Report diagnostica salvato: C:\cellular_speace\reports\manutenzione\correttiva\diagnosi_20260613_143300.json
2026-06-13 14:33:16.896 [OK] Diagnosi Markdown salvata: C:\cellular_speace\data\diagnosi\diagnosi_20260613_143300.md
2026-06-13 14:33:17.224 [ERROR] [critico] Log/errori_recenti: 3090 errori nelle ultime 2 ore
2026-06-13 14:33:17.241 [DIAG] Generazione raccomandazioni...
2026-06-13 14:33:17.283 [FIX] Avvio azioni correttive automatiche...
2026-06-13 14:33:17.299 [INFO] Nessuna azione correttiva automatica disponibile
2026-06-13 14:33:17.317 [OK] Report diagnostica salvato: C:\cellular_speace\reports\manutenzione\correttiva\diagnosi_20260613_143300.json
2026-06-13 14:33:17.346 [OK] Diagnosi Markdown salvata: C:\cellular_speace\data\diagnosi\diagnosi_20260613_143300.md
