2026-06-13 13:25:08.380 [DIAG] Diagnostica processi...
2026-06-13 13:25:08.495 [DIAG] Diagnostica processi...
2026-06-13 13:25:08.697 [DIAG] Generazione raccomandazioni...
2026-06-13 13:25:08.808 [DIAG] Generazione raccomandazioni...
2026-06-13 13:25:08.828 [OK] Report diagnostica salvato: C:\cellular_speace\reports\manutenzione\correttiva\diagnosi_20260613_132508.json
2026-06-13 13:25:08.834 [OK] Diagnosi Markdown salvata: C:\cellular_speace\data\diagnosi\diagnosi_20260613_132508.md
2026-06-13 13:25:08.838 [OK] Report diagnostica salvato: C:\cellular_speace\reports\manutenzione\correttiva\diagnosi_20260613_132508.json
2026-06-13 13:25:08.858 [OK] Diagnosi Markdown salvata: C:\cellular_speace\data\diagnosi\diagnosi_20260613_132508.md
2026-06-13 13:25:08.876 [DIAG] Diagnostica runtime...
2026-06-13 13:25:08.905 [DIAG] Diagnostica runtime...
2026-06-13 13:25:08.955 [WARN] [medio] Runtime/errore_lettura_snapshot: Errore lettura snapshot: Impossibile convertire la stringa JSON perché un dizionario convertito da tale stringa contiene le chiavi duplicate 'Server' e 'SERVER'.
2026-06-13 13:25:08.991 [WARN] [medio] Runtime/errore_lettura_snapshot: Errore lettura snapshot: Impossibile convertire la stringa JSON perché un dizionario convertito da tale stringa contiene le chiavi duplicate 'Server' e 'SERVER'.
2026-06-13 13:25:09.036 [DIAG] Diagnostica memoria...
2026-06-13 13:25:09.240 [DIAG] Diagnostica memoria...
2026-06-13 13:25:09.590 [DIAG] Diagnostica file...
2026-06-13 13:25:09.774 [DIAG] Diagnostica file...
2026-06-13 13:25:14.017 [DIAG] Diagnostica processi...
2026-06-13 13:25:14.262 [DIAG] Diagnostica log errori...
2026-06-13 13:25:14.797 [DIAG] Diagnostica processi...
2026-06-13 13:25:15.052 [DIAG] Diagnostica log errori...
2026-06-13 13:25:16.009 [ERROR] [critico] Log/errori_recenti: 1191 errori nelle ultime 2 ore
2026-06-13 13:25:16.021 [DIAG] Generazione raccomandazioni...
2026-06-13 13:25:16.048 [FIX] Avvio azioni correttive automatiche...
2026-06-13 13:25:16.051 [INFO] Nessuna azione correttiva automatica disponibile
2026-06-13 13:25:16.058 [OK] Report diagnostica salvato: C:\cellular_speace\reports\manutenzione\correttiva\diagnosi_20260613_132508.json
2026-06-13 13:25:16.062 [OK] Diagnosi Markdown salvata: C:\cellular_speace\data\diagnosi\diagnosi_20260613_132508.md
2026-06-13 13:25:16.764 [ERROR] [critico] Log/errori_recenti: 1195 errori nelle ultime 2 ore
2026-06-13 13:25:16.780 [DIAG] Generazione raccomandazioni...
2026-06-13 13:25:16.816 [FIX] Avvio azioni correttive automatiche...
2026-06-13 13:25:16.820 [INFO] Nessuna azione correttiva automatica disponibile
2026-06-13 13:25:16.827 [OK] Report diagnostica salvato: C:\cellular_speace\reports\manutenzione\correttiva\diagnosi_20260613_132508.json
2026-06-13 13:25:16.836 [OK] Diagnosi Markdown salvata: C:\cellular_speace\data\diagnosi\diagnosi_20260613_132508.md
