2026-06-13 14:43:18.164 [DIAG] Diagnostica processi...
2026-06-13 14:43:18.188 [DIAG] Diagnostica runtime...
2026-06-13 14:43:18.195 [ERROR] [alto] Runtime/snapshot_vecchio: Snapshot ha 104.7min (>30min)
2026-06-13 14:43:18.405 [DIAG] Generazione raccomandazioni...
2026-06-13 14:43:18.501 [WARN] [medio] Runtime/errore_lettura_snapshot: Errore lettura snapshot: Impossibile convertire la stringa JSON perché un dizionario convertito da tale stringa contiene le chiavi duplicate 'Server' e 'SERVER'.
2026-06-13 14:43:18.520 [OK] Report diagnostica salvato: C:\cellular_speace\reports\manutenzione\correttiva\diagnosi_20260613_144318.json
2026-06-13 14:43:18.524 [OK] Diagnosi Markdown salvata: C:\cellular_speace\data\diagnosi\diagnosi_20260613_144318.md
2026-06-13 14:43:18.536 [DIAG] Diagnostica memoria...
2026-06-13 14:43:18.566 [DIAG] Diagnostica runtime...
2026-06-13 14:43:18.573 [ERROR] [alto] Runtime/snapshot_vecchio: Snapshot ha 104.8min (>30min)
2026-06-13 14:43:18.702 [WARN] [medio] Runtime/errore_lettura_snapshot: Errore lettura snapshot: Impossibile convertire la stringa JSON perché un dizionario convertito da tale stringa contiene le chiavi duplicate 'Server' e 'SERVER'.
2026-06-13 14:43:18.970 [DIAG] Diagnostica file...
2026-06-13 14:43:19.112 [DIAG] Diagnostica memoria...
2026-06-13 14:43:19.610 [DIAG] Diagnostica file...
2026-06-13 14:43:23.790 [DIAG] Diagnostica processi...
2026-06-13 14:43:24.186 [DIAG] Diagnostica log errori...
2026-06-13 14:43:24.479 [DIAG] Diagnostica processi...
2026-06-13 14:43:24.761 [DIAG] Diagnostica log errori...
2026-06-13 14:43:32.648 [ERROR] [critico] Log/errori_recenti: 3360 errori nelle ultime 2 ore
2026-06-13 14:43:32.885 [DIAG] Generazione raccomandazioni...
2026-06-13 14:43:33.085 [FIX] Avvio azioni correttive automatiche...
2026-06-13 14:43:33.155 [INFO] Nessuna azione correttiva automatica disponibile
2026-06-13 14:43:33.199 [OK] Report diagnostica salvato: C:\cellular_speace\reports\manutenzione\correttiva\diagnosi_20260613_144318.json
2026-06-13 14:43:33.257 [OK] Diagnosi Markdown salvata: C:\cellular_speace\data\diagnosi\diagnosi_20260613_144318.md
2026-06-13 14:43:34.064 [ERROR] [critico] Log/errori_recenti: 3359 errori nelle ultime 2 ore
2026-06-13 14:43:34.110 [DIAG] Generazione raccomandazioni...
2026-06-13 14:43:34.200 [FIX] Avvio azioni correttive automatiche...
2026-06-13 14:43:34.219 [INFO] Nessuna azione correttiva automatica disponibile
2026-06-13 14:43:34.241 [OK] Report diagnostica salvato: C:\cellular_speace\reports\manutenzione\correttiva\diagnosi_20260613_144318.json
2026-06-13 14:43:34.247 [OK] Diagnosi Markdown salvata: C:\cellular_speace\data\diagnosi\diagnosi_20260613_144318.md
