2026-06-13 16:22:46.431 [DIAG] Diagnostica processi...
2026-06-13 16:22:46.465 [DIAG] Diagnostica processi...
2026-06-13 16:22:46.661 [DIAG] Generazione raccomandazioni...
2026-06-13 16:22:46.700 [DIAG] Generazione raccomandazioni...
2026-06-13 16:22:46.716 [OK] Report diagnostica salvato: C:\cellular_speace\reports\manutenzione\correttiva\diagnosi_20260613_162246.json
2026-06-13 16:22:46.720 [OK] Diagnosi Markdown salvata: C:\cellular_speace\data\diagnosi\diagnosi_20260613_162246.md
2026-06-13 16:22:46.754 [OK] Report diagnostica salvato: C:\cellular_speace\reports\manutenzione\correttiva\diagnosi_20260613_162246.json
2026-06-13 16:22:46.763 [OK] Diagnosi Markdown salvata: C:\cellular_speace\data\diagnosi\diagnosi_20260613_162246.md
2026-06-13 16:22:46.768 [DIAG] Diagnostica runtime...
2026-06-13 16:22:46.780 [ERROR] [alto] Runtime/snapshot_vecchio: Snapshot ha 204.2min (>30min)
2026-06-13 16:22:46.806 [WARN] [medio] Runtime/errore_lettura_snapshot: Errore lettura snapshot: Impossibile convertire la stringa JSON perché un dizionario convertito da tale stringa contiene le chiavi duplicate 'Server' e 'SERVER'.
2026-06-13 16:22:47.052 [DIAG] Diagnostica memoria...
2026-06-13 16:22:47.513 [DIAG] Diagnostica file...
2026-06-13 16:22:52.212 [DIAG] Diagnostica processi...
2026-06-13 16:22:52.399 [DIAG] Diagnostica log errori...
2026-06-13 16:23:01.345 [ERROR] [critico] Log/errori_recenti: 3396 errori nelle ultime 2 ore
2026-06-13 16:23:01.358 [DIAG] Generazione raccomandazioni...
2026-06-13 16:23:01.379 [FIX] Avvio azioni correttive automatiche...
2026-06-13 16:23:01.381 [INFO] Nessuna azione correttiva automatica disponibile
2026-06-13 16:23:01.388 [OK] Report diagnostica salvato: C:\cellular_speace\reports\manutenzione\correttiva\diagnosi_20260613_162246.json
2026-06-13 16:23:01.394 [OK] Diagnosi Markdown salvata: C:\cellular_speace\data\diagnosi\diagnosi_20260613_162246.md
