2026-06-13 13:51:31.488 [DIAG] Diagnostica processi...
2026-06-13 13:51:31.562 [DIAG] Diagnostica processi...
2026-06-13 13:51:31.696 [DIAG] Generazione raccomandazioni...
2026-06-13 13:51:31.718 [OK] Report diagnostica salvato: C:\cellular_speace\reports\manutenzione\correttiva\diagnosi_20260613_135131.json
2026-06-13 13:51:31.722 [OK] Diagnosi Markdown salvata: C:\cellular_speace\data\diagnosi\diagnosi_20260613_135131.md
2026-06-13 13:51:31.749 [DIAG] Generazione raccomandazioni...
2026-06-13 13:51:31.764 [DIAG] Diagnostica processi...
2026-06-13 13:51:31.764 [OK] Report diagnostica salvato: C:\cellular_speace\reports\manutenzione\correttiva\diagnosi_20260613_135131.json
2026-06-13 13:51:31.773 [OK] Diagnosi Markdown salvata: C:\cellular_speace\data\diagnosi\diagnosi_20260613_135131.md
2026-06-13 13:51:31.805 [DIAG] Diagnostica runtime...
2026-06-13 13:51:31.823 [ERROR] [alto] Runtime/snapshot_vecchio: Snapshot ha 53min (>30min)
2026-06-13 13:51:31.847 [WARN] [medio] Runtime/errore_lettura_snapshot: Errore lettura snapshot: Impossibile convertire la stringa JSON perché un dizionario convertito da tale stringa contiene le chiavi duplicate 'Server' e 'SERVER'.
2026-06-13 13:51:31.862 [DIAG] Diagnostica memoria...
2026-06-13 13:51:31.981 [DIAG] Generazione raccomandazioni...
2026-06-13 13:51:31.995 [OK] Report diagnostica salvato: C:\cellular_speace\reports\manutenzione\correttiva\diagnosi_20260613_135131.json
2026-06-13 13:51:32.009 [OK] Diagnosi Markdown salvata: C:\cellular_speace\data\diagnosi\diagnosi_20260613_135131.md
2026-06-13 13:51:32.304 [DIAG] Diagnostica file...
2026-06-13 13:51:36.986 [DIAG] Diagnostica processi...
2026-06-13 13:51:37.214 [DIAG] Diagnostica log errori...
2026-06-13 13:51:40.571 [ERROR] [critico] Log/errori_recenti: 1964 errori nelle ultime 2 ore
2026-06-13 13:51:40.590 [DIAG] Generazione raccomandazioni...
2026-06-13 13:51:40.615 [FIX] Avvio azioni correttive automatiche...
2026-06-13 13:51:40.619 [INFO] Nessuna azione correttiva automatica disponibile
2026-06-13 13:51:40.625 [OK] Report diagnostica salvato: C:\cellular_speace\reports\manutenzione\correttiva\diagnosi_20260613_135131.json
2026-06-13 13:51:40.631 [OK] Diagnosi Markdown salvata: C:\cellular_speace\data\diagnosi\diagnosi_20260613_135131.md
