2026-06-13 14:36:16.265 [DIAG] Diagnostica processi...
2026-06-13 14:36:16.649 [DIAG] Generazione raccomandazioni...
2026-06-13 14:36:16.720 [OK] Report diagnostica salvato: C:\cellular_speace\reports\manutenzione\correttiva\diagnosi_20260613_143616.json
2026-06-13 14:36:16.746 [OK] Diagnosi Markdown salvata: C:\cellular_speace\data\diagnosi\diagnosi_20260613_143616.md
2026-06-13 14:36:16.809 [DIAG] Diagnostica runtime...
2026-06-13 14:36:16.817 [ERROR] [alto] Runtime/snapshot_vecchio: Snapshot ha 97.7min (>30min)
2026-06-13 14:36:16.847 [DIAG] Diagnostica processi...
2026-06-13 14:36:16.858 [DIAG] Diagnostica processi...
2026-06-13 14:36:17.116 [DIAG] Generazione raccomandazioni...
2026-06-13 14:36:17.155 [DIAG] Generazione raccomandazioni...
2026-06-13 14:36:17.185 [WARN] [medio] Runtime/errore_lettura_snapshot: Errore lettura snapshot: Impossibile convertire la stringa JSON perché un dizionario convertito da tale stringa contiene le chiavi duplicate 'Server' e 'SERVER'.
2026-06-13 14:36:17.337 [OK] Report diagnostica salvato: C:\cellular_speace\reports\manutenzione\correttiva\diagnosi_20260613_143616.json
2026-06-13 14:36:17.377 [OK] Diagnosi Markdown salvata: C:\cellular_speace\data\diagnosi\diagnosi_20260613_143616.md
2026-06-13 14:36:17.437 [OK] Report diagnostica salvato: C:\cellular_speace\reports\manutenzione\correttiva\diagnosi_20260613_143616.json
2026-06-13 14:36:17.452 [OK] Diagnosi Markdown salvata: C:\cellular_speace\data\diagnosi\diagnosi_20260613_143616.md
2026-06-13 14:36:18.025 [DIAG] Diagnostica memoria...
2026-06-13 14:36:18.599 [DIAG] Diagnostica file...
2026-06-13 14:36:25.104 [DIAG] Diagnostica processi...
2026-06-13 14:36:25.387 [DIAG] Diagnostica log errori...
2026-06-13 14:36:37.052 [ERROR] [critico] Log/errori_recenti: 3159 errori nelle ultime 2 ore
2026-06-13 14:36:37.283 [DIAG] Generazione raccomandazioni...
2026-06-13 14:36:37.469 [FIX] Avvio azioni correttive automatiche...
2026-06-13 14:36:37.484 [INFO] Nessuna azione correttiva automatica disponibile
2026-06-13 14:36:37.501 [OK] Report diagnostica salvato: C:\cellular_speace\reports\manutenzione\correttiva\diagnosi_20260613_143616.json
2026-06-13 14:36:37.522 [OK] Diagnosi Markdown salvata: C:\cellular_speace\data\diagnosi\diagnosi_20260613_143616.md
