2026-06-13 19:12:39.121 [DIAG] Diagnostica processi...
2026-06-13 19:12:39.192 [DIAG] Diagnostica processi...
2026-06-13 19:12:39.329 [DIAG] Generazione raccomandazioni...
2026-06-13 19:12:39.354 [OK] Report diagnostica salvato: C:\cellular_speace\reports\manutenzione\correttiva\diagnosi_20260613_191239.json
2026-06-13 19:12:39.362 [OK] Diagnosi Markdown salvata: C:\cellular_speace\data\diagnosi\diagnosi_20260613_191239.md
2026-06-13 19:12:39.362 [DIAG] Generazione raccomandazioni...
2026-06-13 19:12:39.398 [DIAG] Diagnostica runtime...
2026-06-13 19:12:39.385 [OK] Report diagnostica salvato: C:\cellular_speace\reports\manutenzione\correttiva\diagnosi_20260613_191239.json
2026-06-13 19:12:39.404 [ERROR] [alto] Runtime/snapshot_vecchio: Snapshot ha 374.1min (>30min)
2026-06-13 19:12:39.412 [OK] Diagnosi Markdown salvata: C:\cellular_speace\data\diagnosi\diagnosi_20260613_191239.md
2026-06-13 19:12:39.419 [WARN] [medio] Runtime/errore_lettura_snapshot: Errore lettura snapshot: Impossibile convertire la stringa JSON perché un dizionario convertito da tale stringa contiene le chiavi duplicate 'Server' e 'SERVER'.
2026-06-13 19:12:39.433 [DIAG] Diagnostica memoria...
2026-06-13 19:12:39.805 [DIAG] Diagnostica file...
2026-06-13 19:12:44.515 [DIAG] Diagnostica processi...
2026-06-13 19:12:44.655 [DIAG] Diagnostica log errori...
2026-06-13 19:12:52.141 [ERROR] [critico] Log/errori_recenti: 3069 errori nelle ultime 2 ore
2026-06-13 19:12:52.165 [DIAG] Generazione raccomandazioni...
2026-06-13 19:12:52.188 [FIX] Avvio azioni correttive automatiche...
2026-06-13 19:12:52.196 [INFO] Nessuna azione correttiva automatica disponibile
2026-06-13 19:12:52.204 [OK] Report diagnostica salvato: C:\cellular_speace\reports\manutenzione\correttiva\diagnosi_20260613_191239.json
2026-06-13 19:12:52.204 [OK] Diagnosi Markdown salvata: C:\cellular_speace\data\diagnosi\diagnosi_20260613_191239.md
