2026-06-13 16:25:31.173 [DIAG] Diagnostica processi...
2026-06-13 16:25:31.356 [DIAG] Diagnostica processi...
2026-06-13 16:25:31.493 [DIAG] Generazione raccomandazioni...
2026-06-13 16:25:31.577 [DIAG] Diagnostica runtime...
2026-06-13 16:25:31.587 [DIAG] Generazione raccomandazioni...
2026-06-13 16:25:31.593 [ERROR] [alto] Runtime/snapshot_vecchio: Snapshot ha 207min (>30min)
2026-06-13 16:25:31.633 [OK] Report diagnostica salvato: C:\cellular_speace\reports\manutenzione\correttiva\diagnosi_20260613_162531.json
2026-06-13 16:25:31.643 [OK] Diagnosi Markdown salvata: C:\cellular_speace\data\diagnosi\diagnosi_20260613_162531.md
2026-06-13 16:25:31.675 [OK] Report diagnostica salvato: C:\cellular_speace\reports\manutenzione\correttiva\diagnosi_20260613_162531.json
2026-06-13 16:25:31.696 [OK] Diagnosi Markdown salvata: C:\cellular_speace\data\diagnosi\diagnosi_20260613_162531.md
2026-06-13 16:25:31.726 [DIAG] Diagnostica runtime...
2026-06-13 16:25:31.733 [ERROR] [alto] Runtime/snapshot_vecchio: Snapshot ha 207min (>30min)
2026-06-13 16:25:31.785 [WARN] [medio] Runtime/errore_lettura_snapshot: Errore lettura snapshot: Impossibile convertire la stringa JSON perché un dizionario convertito da tale stringa contiene le chiavi duplicate 'Server' e 'SERVER'.
2026-06-13 16:25:31.858 [WARN] [medio] Runtime/errore_lettura_snapshot: Errore lettura snapshot: Impossibile convertire la stringa JSON perché un dizionario convertito da tale stringa contiene le chiavi duplicate 'Server' e 'SERVER'.
2026-06-13 16:25:32.110 [DIAG] Diagnostica memoria...
2026-06-13 16:25:32.259 [DIAG] Diagnostica memoria...
2026-06-13 16:25:32.584 [DIAG] Diagnostica file...
2026-06-13 16:25:32.752 [DIAG] Diagnostica file...
2026-06-13 16:25:37.705 [DIAG] Diagnostica processi...
2026-06-13 16:25:37.982 [DIAG] Diagnostica processi...
2026-06-13 16:25:37.994 [DIAG] Diagnostica log errori...
2026-06-13 16:25:38.237 [DIAG] Diagnostica log errori...
2026-06-13 16:25:47.420 [ERROR] [critico] Log/errori_recenti: 3375 errori nelle ultime 2 ore
2026-06-13 16:25:47.530 [DIAG] Generazione raccomandazioni...
2026-06-13 16:25:47.613 [FIX] Avvio azioni correttive automatiche...
2026-06-13 16:25:47.627 [INFO] Nessuna azione correttiva automatica disponibile
2026-06-13 16:25:47.637 [OK] Report diagnostica salvato: C:\cellular_speace\reports\manutenzione\correttiva\diagnosi_20260613_162531.json
2026-06-13 16:25:47.659 [OK] Diagnosi Markdown salvata: C:\cellular_speace\data\diagnosi\diagnosi_20260613_162531.md
2026-06-13 16:25:48.198 [ERROR] [critico] Log/errori_recenti: 3376 errori nelle ultime 2 ore
2026-06-13 16:25:48.277 [DIAG] Generazione raccomandazioni...
2026-06-13 16:25:48.315 [FIX] Avvio azioni correttive automatiche...
2026-06-13 16:25:48.321 [INFO] Nessuna azione correttiva automatica disponibile
2026-06-13 16:25:48.331 [OK] Report diagnostica salvato: C:\cellular_speace\reports\manutenzione\correttiva\diagnosi_20260613_162531.json
2026-06-13 16:25:48.343 [OK] Diagnosi Markdown salvata: C:\cellular_speace\data\diagnosi\diagnosi_20260613_162531.md
