2026-06-13 17:08:58.097 [DIAG] Diagnostica runtime...
2026-06-13 17:08:58.104 [ERROR] [alto] Runtime/snapshot_vecchio: Snapshot ha 250.4min (>30min)
2026-06-13 17:08:58.223 [WARN] [medio] Runtime/errore_lettura_snapshot: Errore lettura snapshot: Impossibile convertire la stringa JSON perché un dizionario convertito da tale stringa contiene le chiavi duplicate 'Server' e 'SERVER'.
2026-06-13 17:08:58.320 [DIAG] Diagnostica memoria...
2026-06-13 17:08:58.654 [DIAG] Diagnostica processi...
2026-06-13 17:08:58.738 [DIAG] Diagnostica file...
2026-06-13 17:08:58.792 [DIAG] Diagnostica processi...
2026-06-13 17:08:58.926 [DIAG] Generazione raccomandazioni...
2026-06-13 17:08:59.013 [DIAG] Generazione raccomandazioni...
2026-06-13 17:08:59.036 [OK] Report diagnostica salvato: C:\cellular_speace\reports\manutenzione\correttiva\diagnosi_20260613_170858.json
2026-06-13 17:08:59.048 [OK] Diagnosi Markdown salvata: C:\cellular_speace\data\diagnosi\diagnosi_20260613_170858.md
2026-06-13 17:08:59.106 [OK] Report diagnostica salvato: C:\cellular_speace\reports\manutenzione\correttiva\diagnosi_20260613_170858.json
2026-06-13 17:08:59.122 [OK] Diagnosi Markdown salvata: C:\cellular_speace\data\diagnosi\diagnosi_20260613_170858.md
2026-06-13 17:09:03.423 [DIAG] Diagnostica processi...
2026-06-13 17:09:03.671 [DIAG] Diagnostica log errori...
2026-06-13 17:09:13.154 [ERROR] [critico] Log/errori_recenti: 3380 errori nelle ultime 2 ore
2026-06-13 17:09:13.323 [DIAG] Generazione raccomandazioni...
2026-06-13 17:09:13.400 [FIX] Avvio azioni correttive automatiche...
2026-06-13 17:09:13.416 [INFO] Nessuna azione correttiva automatica disponibile
2026-06-13 17:09:13.428 [OK] Report diagnostica salvato: C:\cellular_speace\reports\manutenzione\correttiva\diagnosi_20260613_170858.json
2026-06-13 17:09:13.450 [OK] Diagnosi Markdown salvata: C:\cellular_speace\data\diagnosi\diagnosi_20260613_170858.md
