2026-06-13 15:08:41.069 [DIAG] Diagnostica runtime...
2026-06-13 15:08:41.090 [ERROR] [alto] Runtime/snapshot_vecchio: Snapshot ha 130.1min (>30min)
2026-06-13 15:08:41.169 [DIAG] Diagnostica processi...
2026-06-13 15:08:41.183 [WARN] [medio] Runtime/errore_lettura_snapshot: Errore lettura snapshot: Impossibile convertire la stringa JSON perché un dizionario convertito da tale stringa contiene le chiavi duplicate 'Server' e 'SERVER'.
2026-06-13 15:08:41.276 [DIAG] Diagnostica memoria...
2026-06-13 15:08:41.402 [DIAG] Generazione raccomandazioni...
2026-06-13 15:08:41.415 [DIAG] Diagnostica runtime...
2026-06-13 15:08:41.427 [ERROR] [alto] Runtime/snapshot_vecchio: Snapshot ha 130.1min (>30min)
2026-06-13 15:08:41.445 [OK] Report diagnostica salvato: C:\cellular_speace\reports\manutenzione\correttiva\diagnosi_20260613_150841.json
2026-06-13 15:08:41.476 [OK] Diagnosi Markdown salvata: C:\cellular_speace\data\diagnosi\diagnosi_20260613_150841.md
2026-06-13 15:08:41.490 [WARN] [medio] Runtime/errore_lettura_snapshot: Errore lettura snapshot: Impossibile convertire la stringa JSON perché un dizionario convertito da tale stringa contiene le chiavi duplicate 'Server' e 'SERVER'.
2026-06-13 15:08:41.538 [DIAG] Diagnostica runtime...
2026-06-13 15:08:41.556 [ERROR] [alto] Runtime/snapshot_vecchio: Snapshot ha 130.1min (>30min)
2026-06-13 15:08:41.634 [DIAG] Diagnostica memoria...
2026-06-13 15:08:41.661 [WARN] [medio] Runtime/errore_lettura_snapshot: Errore lettura snapshot: Impossibile convertire la stringa JSON perché un dizionario convertito da tale stringa contiene le chiavi duplicate 'Server' e 'SERVER'.
2026-06-13 15:08:41.689 [DIAG] Diagnostica file...
2026-06-13 15:08:41.909 [DIAG] Diagnostica memoria...
2026-06-13 15:08:42.143 [DIAG] Diagnostica file...
2026-06-13 15:08:42.446 [DIAG] Diagnostica file...
2026-06-13 15:08:46.931 [DIAG] Diagnostica processi...
2026-06-13 15:08:47.153 [DIAG] Diagnostica log errori...
2026-06-13 15:08:48.118 [DIAG] Diagnostica processi...
2026-06-13 15:08:48.302 [DIAG] Diagnostica log errori...
2026-06-13 15:08:48.616 [DIAG] Diagnostica processi...
2026-06-13 15:08:48.820 [DIAG] Diagnostica log errori...
2026-06-13 15:08:55.931 [ERROR] [critico] Log/errori_recenti: 3664 errori nelle ultime 2 ore
2026-06-13 15:08:55.945 [DIAG] Generazione raccomandazioni...
2026-06-13 15:08:55.970 [FIX] Avvio azioni correttive automatiche...
2026-06-13 15:08:55.974 [INFO] Nessuna azione correttiva automatica disponibile
2026-06-13 15:08:55.982 [OK] Report diagnostica salvato: C:\cellular_speace\reports\manutenzione\correttiva\diagnosi_20260613_150841.json
2026-06-13 15:08:55.986 [OK] Diagnosi Markdown salvata: C:\cellular_speace\data\diagnosi\diagnosi_20260613_150841.md
2026-06-13 15:08:57.114 [ERROR] [critico] Log/errori_recenti: 3667 errori nelle ultime 2 ore
2026-06-13 15:08:57.144 [DIAG] Generazione raccomandazioni...
2026-06-13 15:08:57.173 [ERROR] [critico] Log/errori_recenti: 3667 errori nelle ultime 2 ore
2026-06-13 15:08:57.177 [ERROR] ERRORE FATALE: Il processo non può accedere al file 'C:\cellular_speace\data\logs\manutenzione\correttiva\diagnostica_20260613_150841.log' perché è in uso da un altro processo.
2026-06-13 15:08:57.183 [DIAG] Generazione raccomandazioni...
2026-06-13 15:08:57.198 [FIX] Avvio azioni correttive automatiche...
2026-06-13 15:08:57.212 [INFO] Nessuna azione correttiva automatica disponibile
2026-06-13 15:08:57.217 [OK] Report diagnostica salvato: C:\cellular_speace\reports\manutenzione\correttiva\diagnosi_20260613_150841.json
2026-06-13 15:08:57.221 [OK] Diagnosi Markdown salvata: C:\cellular_speace\data\diagnosi\diagnosi_20260613_150841.md
