2026-06-13 18:14:18.022 [DIAG] Diagnostica processi...
2026-06-13 18:14:18.149 [DIAG] Generazione raccomandazioni...
2026-06-13 18:14:18.165 [OK] Report diagnostica salvato: C:\cellular_speace\reports\manutenzione\correttiva\diagnosi_20260613_181418.json
2026-06-13 18:14:18.165 [OK] Diagnosi Markdown salvata: C:\cellular_speace\data\diagnosi\diagnosi_20260613_181418.md
2026-06-13 18:14:18.180 [DIAG] Diagnostica runtime...
2026-06-13 18:14:18.196 [ERROR] [alto] Runtime/snapshot_vecchio: Snapshot ha 315.7min (>30min)
2026-06-13 18:14:18.212 [WARN] [medio] Runtime/errore_lettura_snapshot: Errore lettura snapshot: Impossibile convertire la stringa JSON perché un dizionario convertito da tale stringa contiene le chiavi duplicate 'Server' e 'SERVER'.
2026-06-13 18:14:18.227 [DIAG] Diagnostica memoria...
2026-06-13 18:14:18.432 [DIAG] Diagnostica file...
2026-06-13 18:14:18.761 [DIAG] Diagnostica processi...
2026-06-13 18:14:18.907 [DIAG] Generazione raccomandazioni...
2026-06-13 18:14:18.921 [OK] Report diagnostica salvato: C:\cellular_speace\reports\manutenzione\correttiva\diagnosi_20260613_181418.json
2026-06-13 18:14:18.923 [OK] Diagnosi Markdown salvata: C:\cellular_speace\data\diagnosi\diagnosi_20260613_181418.md
2026-06-13 18:14:21.296 [DIAG] Diagnostica processi...
2026-06-13 18:14:21.391 [DIAG] Diagnostica log errori...
2026-06-13 18:14:26.124 [ERROR] [critico] Log/errori_recenti: 3389 errori nelle ultime 2 ore
2026-06-13 18:14:26.133 [DIAG] Generazione raccomandazioni...
2026-06-13 18:14:26.140 [FIX] Avvio azioni correttive automatiche...
2026-06-13 18:14:26.156 [INFO] Nessuna azione correttiva automatica disponibile
2026-06-13 18:14:26.165 [OK] Report diagnostica salvato: C:\cellular_speace\reports\manutenzione\correttiva\diagnosi_20260613_181418.json
2026-06-13 18:14:26.165 [OK] Diagnosi Markdown salvata: C:\cellular_speace\data\diagnosi\diagnosi_20260613_181418.md
