2026-06-13 13:45:08.068 [DIAG] Diagnostica processi...
2026-06-13 13:45:08.388 [DIAG] Generazione raccomandazioni...
2026-06-13 13:45:08.455 [OK] Report diagnostica salvato: C:\cellular_speace\reports\manutenzione\correttiva\diagnosi_20260613_134508.json
2026-06-13 13:45:08.477 [OK] Diagnosi Markdown salvata: C:\cellular_speace\data\diagnosi\diagnosi_20260613_134508.md
2026-06-13 13:45:08.741 [DIAG] Diagnostica processi...
2026-06-13 13:45:08.948 [DIAG] Generazione raccomandazioni...
2026-06-13 13:45:08.969 [OK] Report diagnostica salvato: C:\cellular_speace\reports\manutenzione\correttiva\diagnosi_20260613_134508.json
2026-06-13 13:45:08.975 [OK] Diagnosi Markdown salvata: C:\cellular_speace\data\diagnosi\diagnosi_20260613_134508.md
2026-06-13 13:45:09.005 [DIAG] Diagnostica runtime...
2026-06-13 13:45:09.011 [ERROR] [alto] Runtime/snapshot_vecchio: Snapshot ha 46.6min (>30min)
2026-06-13 13:45:09.036 [WARN] [medio] Runtime/errore_lettura_snapshot: Errore lettura snapshot: Impossibile convertire la stringa JSON perché un dizionario convertito da tale stringa contiene le chiavi duplicate 'Server' e 'SERVER'.
2026-06-13 13:45:09.058 [DIAG] Diagnostica memoria...
2026-06-13 13:45:09.481 [DIAG] Diagnostica file...
2026-06-13 13:45:13.033 [DIAG] Diagnostica processi...
2026-06-13 13:45:13.206 [DIAG] Diagnostica log errori...
2026-06-13 13:45:15.646 [ERROR] [critico] Log/errori_recenti: 1746 errori nelle ultime 2 ore
2026-06-13 13:45:15.654 [DIAG] Generazione raccomandazioni...
2026-06-13 13:45:15.682 [FIX] Avvio azioni correttive automatiche...
2026-06-13 13:45:15.686 [INFO] Nessuna azione correttiva automatica disponibile
2026-06-13 13:45:15.694 [OK] Report diagnostica salvato: C:\cellular_speace\reports\manutenzione\correttiva\diagnosi_20260613_134508.json
2026-06-13 13:45:15.707 [OK] Diagnosi Markdown salvata: C:\cellular_speace\data\diagnosi\diagnosi_20260613_134508.md
