2026-06-13 14:28:53.811 [DIAG] Diagnostica runtime...
2026-06-13 14:28:53.839 [DIAG] Diagnostica runtime...
2026-06-13 14:28:53.856 [ERROR] [alto] Runtime/snapshot_vecchio: Snapshot ha 90.3min (>30min)
2026-06-13 14:28:53.908 [ERROR] [alto] Runtime/snapshot_vecchio: Snapshot ha 90.3min (>30min)
2026-06-13 14:28:54.314 [WARN] [medio] Runtime/errore_lettura_snapshot: Errore lettura snapshot: Impossibile convertire la stringa JSON perché un dizionario convertito da tale stringa contiene le chiavi duplicate 'Server' e 'SERVER'.
2026-06-13 14:28:54.350 [WARN] [medio] Runtime/errore_lettura_snapshot: Errore lettura snapshot: Impossibile convertire la stringa JSON perché un dizionario convertito da tale stringa contiene le chiavi duplicate 'Server' e 'SERVER'.
2026-06-13 14:28:55.094 [DIAG] Diagnostica memoria...
2026-06-13 14:28:55.192 [DIAG] Diagnostica memoria...
2026-06-13 14:28:55.760 [DIAG] Diagnostica file...
2026-06-13 14:28:55.849 [DIAG] Diagnostica file...
2026-06-13 14:29:01.663 [DIAG] Diagnostica processi...
2026-06-13 14:29:02.031 [DIAG] Diagnostica log errori...
2026-06-13 14:29:02.494 [DIAG] Diagnostica processi...
2026-06-13 14:29:02.906 [DIAG] Diagnostica log errori...
2026-06-13 14:29:14.457 [ERROR] [critico] Log/errori_recenti: 2949 errori nelle ultime 2 ore
2026-06-13 14:29:15.621 [DIAG] Generazione raccomandazioni...
2026-06-13 14:29:16.397 [FIX] Avvio azioni correttive automatiche...
2026-06-13 14:29:16.489 [INFO] Nessuna azione correttiva automatica disponibile
2026-06-13 14:29:16.597 [OK] Report diagnostica salvato: C:\cellular_speace\reports\manutenzione\correttiva\diagnosi_20260613_142853.json
2026-06-13 14:29:16.804 [OK] Diagnosi Markdown salvata: C:\cellular_speace\data\diagnosi\diagnosi_20260613_142853.md
2026-06-13 14:29:17.224 [ERROR] [critico] Log/errori_recenti: 2950 errori nelle ultime 2 ore
2026-06-13 14:29:18.753 [DIAG] Generazione raccomandazioni...
2026-06-13 14:29:19.739 [FIX] Avvio azioni correttive automatiche...
2026-06-13 14:29:19.815 [INFO] Nessuna azione correttiva automatica disponibile
2026-06-13 14:29:19.867 [OK] Report diagnostica salvato: C:\cellular_speace\reports\manutenzione\correttiva\diagnosi_20260613_142853.json
2026-06-13 14:29:19.923 [OK] Diagnosi Markdown salvata: C:\cellular_speace\data\diagnosi\diagnosi_20260613_142853.md
