2026-06-13 15:46:46.162 [DIAG] Diagnostica runtime...
2026-06-13 15:46:46.186 [ERROR] [alto] Runtime/snapshot_vecchio: Snapshot ha 168.2min (>30min)
2026-06-13 15:46:46.247 [DIAG] Diagnostica runtime...
2026-06-13 15:46:46.258 [ERROR] [alto] Runtime/snapshot_vecchio: Snapshot ha 168.2min (>30min)
2026-06-13 15:46:46.323 [WARN] [medio] Runtime/errore_lettura_snapshot: Errore lettura snapshot: Impossibile convertire la stringa JSON perché un dizionario convertito da tale stringa contiene le chiavi duplicate 'Server' e 'SERVER'.
2026-06-13 15:46:46.354 [WARN] [medio] Runtime/errore_lettura_snapshot: Errore lettura snapshot: Impossibile convertire la stringa JSON perché un dizionario convertito da tale stringa contiene le chiavi duplicate 'Server' e 'SERVER'.
2026-06-13 15:46:46.415 [DIAG] Diagnostica memoria...
2026-06-13 15:46:46.503 [DIAG] Diagnostica processi...
2026-06-13 15:46:46.532 [DIAG] Diagnostica memoria...
2026-06-13 15:46:46.815 [DIAG] Generazione raccomandazioni...
2026-06-13 15:46:46.849 [OK] Report diagnostica salvato: C:\cellular_speace\reports\manutenzione\correttiva\diagnosi_20260613_154646.json
2026-06-13 15:46:46.858 [OK] Diagnosi Markdown salvata: C:\cellular_speace\data\diagnosi\diagnosi_20260613_154646.md
2026-06-13 15:46:46.972 [DIAG] Diagnostica file...
2026-06-13 15:46:47.036 [DIAG] Diagnostica file...
2026-06-13 15:46:53.273 [DIAG] Diagnostica processi...
2026-06-13 15:46:53.570 [DIAG] Diagnostica log errori...
2026-06-13 15:46:54.073 [DIAG] Diagnostica processi...
2026-06-13 15:46:54.420 [DIAG] Diagnostica log errori...
2026-06-13 15:47:10.599 [ERROR] [critico] Log/errori_recenti: 3407 errori nelle ultime 2 ore
2026-06-13 15:47:11.743 [DIAG] Generazione raccomandazioni...
2026-06-13 15:47:12.373 [FIX] Avvio azioni correttive automatiche...
2026-06-13 15:47:12.399 [INFO] Nessuna azione correttiva automatica disponibile
2026-06-13 15:47:12.460 [OK] Report diagnostica salvato: C:\cellular_speace\reports\manutenzione\correttiva\diagnosi_20260613_154646.json
2026-06-13 15:47:12.542 [OK] Diagnosi Markdown salvata: C:\cellular_speace\data\diagnosi\diagnosi_20260613_154646.md
2026-06-13 15:47:12.562 [ERROR] [critico] Log/errori_recenti: 3407 errori nelle ultime 2 ore
2026-06-13 15:47:13.297 [DIAG] Generazione raccomandazioni...
2026-06-13 15:47:13.602 [FIX] Avvio azioni correttive automatiche...
2026-06-13 15:47:13.700 [INFO] Nessuna azione correttiva automatica disponibile
2026-06-13 15:47:13.812 [OK] Report diagnostica salvato: C:\cellular_speace\reports\manutenzione\correttiva\diagnosi_20260613_154646.json
2026-06-13 15:47:13.867 [OK] Diagnosi Markdown salvata: C:\cellular_speace\data\diagnosi\diagnosi_20260613_154646.md
