2026-06-13 15:14:14.411 [DIAG] Diagnostica processi...
2026-06-13 15:14:14.554 [DIAG] Diagnostica processi...
2026-06-13 15:14:14.573 [DIAG] Generazione raccomandazioni...
2026-06-13 15:14:14.593 [OK] Report diagnostica salvato: C:\cellular_speace\reports\manutenzione\correttiva\diagnosi_20260613_151414.json
2026-06-13 15:14:14.597 [OK] Diagnosi Markdown salvata: C:\cellular_speace\data\diagnosi\diagnosi_20260613_151414.md
2026-06-13 15:14:14.692 [DIAG] Generazione raccomandazioni...
2026-06-13 15:14:14.696 [OK] Report diagnostica salvato: C:\cellular_speace\reports\manutenzione\correttiva\diagnosi_20260613_151414.json
2026-06-13 15:14:14.712 [OK] Diagnosi Markdown salvata: C:\cellular_speace\data\diagnosi\diagnosi_20260613_151414.md
2026-06-13 15:14:14.737 [DIAG] Diagnostica runtime...
2026-06-13 15:14:14.741 [ERROR] [alto] Runtime/snapshot_vecchio: Snapshot ha 135.7min (>30min)
2026-06-13 15:14:14.870 [WARN] [medio] Runtime/errore_lettura_snapshot: Errore lettura snapshot: Impossibile convertire la stringa JSON perché un dizionario convertito da tale stringa contiene le chiavi duplicate 'Server' e 'SERVER'.
2026-06-13 15:14:14.886 [DIAG] Diagnostica memoria...
2026-06-13 15:14:15.139 [DIAG] Diagnostica file...
2026-06-13 15:14:18.458 [DIAG] Diagnostica processi...
2026-06-13 15:14:18.643 [DIAG] Diagnostica log errori...
2026-06-13 15:14:24.663 [ERROR] [critico] Log/errori_recenti: 3502 errori nelle ultime 2 ore
2026-06-13 15:14:24.675 [DIAG] Generazione raccomandazioni...
2026-06-13 15:14:24.706 [FIX] Avvio azioni correttive automatiche...
2026-06-13 15:14:24.710 [INFO] Nessuna azione correttiva automatica disponibile
2026-06-13 15:14:24.716 [OK] Report diagnostica salvato: C:\cellular_speace\reports\manutenzione\correttiva\diagnosi_20260613_151414.json
2026-06-13 15:14:24.722 [OK] Diagnosi Markdown salvata: C:\cellular_speace\data\diagnosi\diagnosi_20260613_151414.md
