2026-06-13 14:56:36.160 [DIAG] Diagnostica processi...
2026-06-13 14:56:36.435 [DIAG] Generazione raccomandazioni...
2026-06-13 14:56:36.466 [DIAG] Diagnostica processi...
2026-06-13 14:56:36.512 [OK] Report diagnostica salvato: C:\cellular_speace\reports\manutenzione\correttiva\diagnosi_20260613_145636.json
2026-06-13 14:56:36.534 [OK] Diagnosi Markdown salvata: C:\cellular_speace\data\diagnosi\diagnosi_20260613_145636.md
2026-06-13 14:56:36.642 [DIAG] Diagnostica runtime...
2026-06-13 14:56:36.658 [ERROR] [alto] Runtime/snapshot_vecchio: Snapshot ha 118.1min (>30min)
2026-06-13 14:56:36.720 [DIAG] Generazione raccomandazioni...
2026-06-13 14:56:36.775 [WARN] [medio] Runtime/errore_lettura_snapshot: Errore lettura snapshot: Impossibile convertire la stringa JSON perché un dizionario convertito da tale stringa contiene le chiavi duplicate 'Server' e 'SERVER'.
2026-06-13 14:56:36.794 [OK] Report diagnostica salvato: C:\cellular_speace\reports\manutenzione\correttiva\diagnosi_20260613_145636.json
2026-06-13 14:56:36.802 [OK] Diagnosi Markdown salvata: C:\cellular_speace\data\diagnosi\diagnosi_20260613_145636.md
2026-06-13 14:56:36.946 [DIAG] Diagnostica runtime...
2026-06-13 14:56:36.953 [ERROR] [alto] Runtime/snapshot_vecchio: Snapshot ha 118.1min (>30min)
2026-06-13 14:56:36.996 [DIAG] Diagnostica memoria...
2026-06-13 14:56:37.071 [WARN] [medio] Runtime/errore_lettura_snapshot: Errore lettura snapshot: Impossibile convertire la stringa JSON perché un dizionario convertito da tale stringa contiene le chiavi duplicate 'Server' e 'SERVER'.
2026-06-13 14:56:37.320 [DIAG] Diagnostica memoria...
2026-06-13 14:56:37.468 [DIAG] Diagnostica file...
2026-06-13 14:56:37.841 [DIAG] Diagnostica file...
2026-06-13 14:56:42.343 [DIAG] Diagnostica processi...
2026-06-13 14:56:42.587 [DIAG] Diagnostica log errori...
2026-06-13 14:56:42.927 [DIAG] Diagnostica processi...
2026-06-13 14:56:43.145 [DIAG] Diagnostica log errori...
2026-06-13 14:56:50.937 [ERROR] [critico] Log/errori_recenti: 3654 errori nelle ultime 2 ore
2026-06-13 14:56:50.952 [DIAG] Generazione raccomandazioni...
2026-06-13 14:56:50.977 [FIX] Avvio azioni correttive automatiche...
2026-06-13 14:56:50.979 [INFO] Nessuna azione correttiva automatica disponibile
2026-06-13 14:56:50.986 [OK] Report diagnostica salvato: C:\cellular_speace\reports\manutenzione\correttiva\diagnosi_20260613_145636.json
2026-06-13 14:56:50.991 [OK] Diagnosi Markdown salvata: C:\cellular_speace\data\diagnosi\diagnosi_20260613_145636.md
2026-06-13 14:56:51.354 [ERROR] [critico] Log/errori_recenti: 3655 errori nelle ultime 2 ore
2026-06-13 14:56:51.368 [DIAG] Generazione raccomandazioni...
2026-06-13 14:56:51.400 [FIX] Avvio azioni correttive automatiche...
2026-06-13 14:56:51.404 [INFO] Nessuna azione correttiva automatica disponibile
2026-06-13 14:56:51.410 [OK] Report diagnostica salvato: C:\cellular_speace\reports\manutenzione\correttiva\diagnosi_20260613_145636.json
2026-06-13 14:56:51.416 [OK] Diagnosi Markdown salvata: C:\cellular_speace\data\diagnosi\diagnosi_20260613_145636.md
