2026-06-13 16:59:26.063 [DIAG] Diagnostica runtime...
2026-06-13 16:59:26.068 [ERROR] [alto] Runtime/snapshot_vecchio: Snapshot ha 240.9min (>30min)
2026-06-13 16:59:26.087 [WARN] [medio] Runtime/errore_lettura_snapshot: Errore lettura snapshot: Impossibile convertire la stringa JSON perché un dizionario convertito da tale stringa contiene le chiavi duplicate 'Server' e 'SERVER'.
2026-06-13 16:59:26.102 [DIAG] Diagnostica memoria...
2026-06-13 16:59:26.118 [DIAG] Diagnostica runtime...
2026-06-13 16:59:26.124 [ERROR] [alto] Runtime/snapshot_vecchio: Snapshot ha 240.9min (>30min)
2026-06-13 16:59:26.134 [WARN] [medio] Runtime/errore_lettura_snapshot: Errore lettura snapshot: Impossibile convertire la stringa JSON perché un dizionario convertito da tale stringa contiene le chiavi duplicate 'Server' e 'SERVER'.
2026-06-13 16:59:26.159 [DIAG] Diagnostica memoria...
2026-06-13 16:59:26.371 [DIAG] Diagnostica file...
2026-06-13 16:59:26.446 [DIAG] Diagnostica file...
2026-06-13 16:59:30.501 [DIAG] Diagnostica processi...
2026-06-13 16:59:30.604 [DIAG] Diagnostica processi...
2026-06-13 16:59:30.634 [DIAG] Diagnostica log errori...
2026-06-13 16:59:30.726 [DIAG] Diagnostica log errori...
2026-06-13 16:59:37.003 [ERROR] [critico] Log/errori_recenti: 3391 errori nelle ultime 2 ore
2026-06-13 16:59:37.013 [DIAG] Generazione raccomandazioni...
2026-06-13 16:59:37.018 [ERROR] [critico] Log/errori_recenti: 3391 errori nelle ultime 2 ore
2026-06-13 16:59:37.036 [FIX] Avvio azioni correttive automatiche...
2026-06-13 16:59:37.040 [INFO] Nessuna azione correttiva automatica disponibile
2026-06-13 16:59:37.040 [ERROR] ERRORE FATALE: Il processo non può accedere al file 'C:\cellular_speace\data\logs\manutenzione\correttiva\diagnostica_20260613_165926.log' perché è in uso da un altro processo.
2026-06-13 16:59:37.044 [OK] Report diagnostica salvato: C:\cellular_speace\reports\manutenzione\correttiva\diagnosi_20260613_165926.json
2026-06-13 16:59:37.049 [OK] Diagnosi Markdown salvata: C:\cellular_speace\data\diagnosi\diagnosi_20260613_165926.md
