2026-06-13 16:13:18.602 [DIAG] Diagnostica processi...
2026-06-13 16:13:18.705 [DIAG] Diagnostica processi...
2026-06-13 16:13:18.739 [DIAG] Generazione raccomandazioni...
2026-06-13 16:13:18.757 [OK] Report diagnostica salvato: C:\cellular_speace\reports\manutenzione\correttiva\diagnosi_20260613_161318.json
2026-06-13 16:13:18.765 [OK] Diagnosi Markdown salvata: C:\cellular_speace\data\diagnosi\diagnosi_20260613_161318.md
2026-06-13 16:13:18.842 [DIAG] Generazione raccomandazioni...
2026-06-13 16:13:18.856 [OK] Report diagnostica salvato: C:\cellular_speace\reports\manutenzione\correttiva\diagnosi_20260613_161318.json
2026-06-13 16:13:18.863 [OK] Diagnosi Markdown salvata: C:\cellular_speace\data\diagnosi\diagnosi_20260613_161318.md
2026-06-13 16:13:18.890 [DIAG] Diagnostica runtime...
2026-06-13 16:13:18.894 [ERROR] [alto] Runtime/snapshot_vecchio: Snapshot ha 194.8min (>30min)
2026-06-13 16:13:18.910 [WARN] [medio] Runtime/errore_lettura_snapshot: Errore lettura snapshot: Impossibile convertire la stringa JSON perché un dizionario convertito da tale stringa contiene le chiavi duplicate 'Server' e 'SERVER'.
2026-06-13 16:13:18.921 [DIAG] Diagnostica memoria...
2026-06-13 16:13:19.176 [DIAG] Diagnostica file...
2026-06-13 16:13:21.854 [DIAG] Diagnostica processi...
2026-06-13 16:13:21.967 [DIAG] Diagnostica log errori...
2026-06-13 16:13:26.446 [ERROR] [critico] Log/errori_recenti: 3347 errori nelle ultime 2 ore
2026-06-13 16:13:26.459 [DIAG] Generazione raccomandazioni...
2026-06-13 16:13:26.480 [FIX] Avvio azioni correttive automatiche...
2026-06-13 16:13:26.480 [INFO] Nessuna azione correttiva automatica disponibile
2026-06-13 16:13:26.480 [OK] Report diagnostica salvato: C:\cellular_speace\reports\manutenzione\correttiva\diagnosi_20260613_161318.json
2026-06-13 16:13:26.495 [OK] Diagnosi Markdown salvata: C:\cellular_speace\data\diagnosi\diagnosi_20260613_161318.md
