2026-06-13 18:12:32.384 [DIAG] Diagnostica processi...
2026-06-13 18:12:32.570 [DIAG] Generazione raccomandazioni...
2026-06-13 18:12:32.588 [OK] Report diagnostica salvato: C:\cellular_speace\reports\manutenzione\correttiva\diagnosi_20260613_181232.json
2026-06-13 18:12:32.593 [OK] Diagnosi Markdown salvata: C:\cellular_speace\data\diagnosi\diagnosi_20260613_181232.md
2026-06-13 18:12:32.624 [DIAG] Diagnostica processi...
2026-06-13 18:12:32.815 [DIAG] Generazione raccomandazioni...
2026-06-13 18:12:32.831 [OK] Report diagnostica salvato: C:\cellular_speace\reports\manutenzione\correttiva\diagnosi_20260613_181232.json
2026-06-13 18:12:32.831 [OK] Diagnosi Markdown salvata: C:\cellular_speace\data\diagnosi\diagnosi_20260613_181232.md
2026-06-13 18:12:32.862 [DIAG] Diagnostica runtime...
2026-06-13 18:12:32.873 [ERROR] [alto] Runtime/snapshot_vecchio: Snapshot ha 314min (>30min)
2026-06-13 18:12:32.894 [WARN] [medio] Runtime/errore_lettura_snapshot: Errore lettura snapshot: Impossibile convertire la stringa JSON perché un dizionario convertito da tale stringa contiene le chiavi duplicate 'Server' e 'SERVER'.
2026-06-13 18:12:32.896 [DIAG] Diagnostica memoria...
2026-06-13 18:12:33.227 [DIAG] Diagnostica file...
2026-06-13 18:12:36.620 [DIAG] Diagnostica processi...
2026-06-13 18:12:36.756 [DIAG] Diagnostica log errori...
2026-06-13 18:12:41.574 [ERROR] [critico] Log/errori_recenti: 3384 errori nelle ultime 2 ore
2026-06-13 18:12:41.591 [DIAG] Generazione raccomandazioni...
2026-06-13 18:12:41.605 [FIX] Avvio azioni correttive automatiche...
2026-06-13 18:12:41.609 [INFO] Nessuna azione correttiva automatica disponibile
2026-06-13 18:12:41.611 [OK] Report diagnostica salvato: C:\cellular_speace\reports\manutenzione\correttiva\diagnosi_20260613_181232.json
2026-06-13 18:12:41.615 [OK] Diagnosi Markdown salvata: C:\cellular_speace\data\diagnosi\diagnosi_20260613_181232.md
