2026-06-13 16:23:52.277 [DIAG] Diagnostica processi...
2026-06-13 16:23:52.548 [DIAG] Generazione raccomandazioni...
2026-06-13 16:23:52.661 [DIAG] Diagnostica processi...
2026-06-13 16:23:52.706 [OK] Report diagnostica salvato: C:\cellular_speace\reports\manutenzione\correttiva\diagnosi_20260613_162352.json
2026-06-13 16:23:52.716 [OK] Diagnosi Markdown salvata: C:\cellular_speace\data\diagnosi\diagnosi_20260613_162352.md
2026-06-13 16:23:52.886 [DIAG] Diagnostica runtime...
2026-06-13 16:23:52.912 [ERROR] [alto] Runtime/snapshot_vecchio: Snapshot ha 205.3min (>30min)
2026-06-13 16:23:52.925 [DIAG] Generazione raccomandazioni...
2026-06-13 16:23:53.096 [OK] Report diagnostica salvato: C:\cellular_speace\reports\manutenzione\correttiva\diagnosi_20260613_162352.json
2026-06-13 16:23:53.112 [OK] Diagnosi Markdown salvata: C:\cellular_speace\data\diagnosi\diagnosi_20260613_162352.md
2026-06-13 16:23:53.218 [WARN] [medio] Runtime/errore_lettura_snapshot: Errore lettura snapshot: Impossibile convertire la stringa JSON perché un dizionario convertito da tale stringa contiene le chiavi duplicate 'Server' e 'SERVER'.
2026-06-13 16:23:53.780 [DIAG] Diagnostica memoria...
2026-06-13 16:23:54.362 [DIAG] Diagnostica file...
2026-06-13 16:23:59.638 [DIAG] Diagnostica processi...
2026-06-13 16:23:59.844 [DIAG] Diagnostica log errori...
2026-06-13 16:24:10.394 [ERROR] [critico] Log/errori_recenti: 3385 errori nelle ultime 2 ore
2026-06-13 16:24:10.731 [DIAG] Generazione raccomandazioni...
2026-06-13 16:24:11.059 [FIX] Avvio azioni correttive automatiche...
2026-06-13 16:24:11.120 [INFO] Nessuna azione correttiva automatica disponibile
2026-06-13 16:24:11.144 [OK] Report diagnostica salvato: C:\cellular_speace\reports\manutenzione\correttiva\diagnosi_20260613_162352.json
2026-06-13 16:24:11.167 [OK] Diagnosi Markdown salvata: C:\cellular_speace\data\diagnosi\diagnosi_20260613_162352.md
