2026-06-13 17:37:13.196 [DIAG] Diagnostica processi...
2026-06-13 17:37:13.364 [DIAG] Generazione raccomandazioni...
2026-06-13 17:37:13.383 [OK] Report diagnostica salvato: C:\cellular_speace\reports\manutenzione\correttiva\diagnosi_20260613_173713.json
2026-06-13 17:37:13.389 [OK] Diagnosi Markdown salvata: C:\cellular_speace\data\diagnosi\diagnosi_20260613_173713.md
2026-06-13 17:37:13.460 [DIAG] Diagnostica processi...
2026-06-13 17:37:13.540 [DIAG] Diagnostica processi...
2026-06-13 17:37:13.642 [DIAG] Generazione raccomandazioni...
2026-06-13 17:37:13.658 [OK] Report diagnostica salvato: C:\cellular_speace\reports\manutenzione\correttiva\diagnosi_20260613_173713.json
2026-06-13 17:37:13.665 [OK] Diagnosi Markdown salvata: C:\cellular_speace\data\diagnosi\diagnosi_20260613_173713.md
2026-06-13 17:37:13.696 [DIAG] Diagnostica runtime...
2026-06-13 17:37:13.702 [ERROR] [alto] Runtime/snapshot_vecchio: Snapshot ha 278.7min (>30min)
2026-06-13 17:37:13.707 [DIAG] Generazione raccomandazioni...
2026-06-13 17:37:13.707 [DIAG] Diagnostica processi...
2026-06-13 17:37:13.707 [WARN] [medio] Runtime/errore_lettura_snapshot: Errore lettura snapshot: Impossibile convertire la stringa JSON perché un dizionario convertito da tale stringa contiene le chiavi duplicate 'Server' e 'SERVER'.
2026-06-13 17:37:13.727 [OK] Report diagnostica salvato: C:\cellular_speace\reports\manutenzione\correttiva\diagnosi_20260613_173713.json
2026-06-13 17:37:13.731 [OK] Diagnosi Markdown salvata: C:\cellular_speace\data\diagnosi\diagnosi_20260613_173713.md
2026-06-13 17:37:13.737 [DIAG] Diagnostica memoria...
2026-06-13 17:37:13.869 [DIAG] Generazione raccomandazioni...
2026-06-13 17:37:13.886 [OK] Report diagnostica salvato: C:\cellular_speace\reports\manutenzione\correttiva\diagnosi_20260613_173713.json
2026-06-13 17:37:13.894 [OK] Diagnosi Markdown salvata: C:\cellular_speace\data\diagnosi\diagnosi_20260613_173713.md
2026-06-13 17:37:13.915 [DIAG] Diagnostica runtime...
2026-06-13 17:37:13.915 [ERROR] [alto] Runtime/snapshot_vecchio: Snapshot ha 278.7min (>30min)
2026-06-13 17:37:13.935 [WARN] [medio] Runtime/errore_lettura_snapshot: Errore lettura snapshot: Impossibile convertire la stringa JSON perché un dizionario convertito da tale stringa contiene le chiavi duplicate 'Server' e 'SERVER'.
2026-06-13 17:37:13.950 [DIAG] Diagnostica memoria...
2026-06-13 17:37:14.024 [DIAG] Diagnostica file...
2026-06-13 17:37:14.233 [DIAG] Diagnostica file...
2026-06-13 17:37:17.633 [DIAG] Diagnostica processi...
2026-06-13 17:37:17.774 [DIAG] Diagnostica log errori...
2026-06-13 17:37:17.913 [DIAG] Diagnostica processi...
2026-06-13 17:37:18.054 [DIAG] Diagnostica log errori...
2026-06-13 17:37:22.632 [ERROR] [critico] Log/errori_recenti: 3419 errori nelle ultime 2 ore
2026-06-13 17:37:22.634 [ERROR] [critico] Log/errori_recenti: 3419 errori nelle ultime 2 ore
2026-06-13 17:37:22.640 [DIAG] Generazione raccomandazioni...
2026-06-13 17:37:22.640 [DIAG] Generazione raccomandazioni...
2026-06-13 17:37:22.656 [FIX] Avvio azioni correttive automatiche...
2026-06-13 17:37:22.656 [INFO] Nessuna azione correttiva automatica disponibile
2026-06-13 17:37:22.656 [FIX] Avvio azioni correttive automatiche...
2026-06-13 17:37:22.665 [INFO] Nessuna azione correttiva automatica disponibile
2026-06-13 17:37:22.665 [OK] Report diagnostica salvato: C:\cellular_speace\reports\manutenzione\correttiva\diagnosi_20260613_173713.json
2026-06-13 17:37:22.665 [OK] Report diagnostica salvato: C:\cellular_speace\reports\manutenzione\correttiva\diagnosi_20260613_173713.json
2026-06-13 17:37:22.665 [OK] Diagnosi Markdown salvata: C:\cellular_speace\data\diagnosi\diagnosi_20260613_173713.md
2026-06-13 17:37:22.671 [OK] Diagnosi Markdown salvata: C:\cellular_speace\data\diagnosi\diagnosi_20260613_173713.md
