2026-06-13 13:33:10.691 [DIAG] Diagnostica processi...
2026-06-13 13:33:10.856 [DIAG] Generazione raccomandazioni...
2026-06-13 13:33:10.876 [OK] Report diagnostica salvato: C:\cellular_speace\reports\manutenzione\correttiva\diagnosi_20260613_133310.json
2026-06-13 13:33:10.881 [OK] Diagnosi Markdown salvata: C:\cellular_speace\data\diagnosi\diagnosi_20260613_133310.md
2026-06-13 13:33:10.910 [DIAG] Diagnostica runtime...
2026-06-13 13:33:10.915 [ERROR] [alto] Runtime/snapshot_vecchio: Snapshot ha 34.6min (>30min)
2026-06-13 13:33:10.938 [WARN] [medio] Runtime/errore_lettura_snapshot: Errore lettura snapshot: Impossibile convertire la stringa JSON perché un dizionario convertito da tale stringa contiene le chiavi duplicate 'Server' e 'SERVER'.
2026-06-13 13:33:10.953 [DIAG] Diagnostica memoria...
2026-06-13 13:33:10.969 [DIAG] Diagnostica processi...
2026-06-13 13:33:11.155 [DIAG] Generazione raccomandazioni...
2026-06-13 13:33:11.215 [OK] Report diagnostica salvato: C:\cellular_speace\reports\manutenzione\correttiva\diagnosi_20260613_133310.json
2026-06-13 13:33:11.231 [OK] Diagnosi Markdown salvata: C:\cellular_speace\data\diagnosi\diagnosi_20260613_133310.md
2026-06-13 13:33:11.308 [DIAG] Diagnostica file...
2026-06-13 13:33:14.540 [DIAG] Diagnostica processi...
2026-06-13 13:33:14.739 [DIAG] Diagnostica log errori...
2026-06-13 13:33:16.939 [ERROR] [critico] Log/errori_recenti: 1430 errori nelle ultime 2 ore
2026-06-13 13:33:16.967 [DIAG] Generazione raccomandazioni...
2026-06-13 13:33:17.001 [FIX] Avvio azioni correttive automatiche...
2026-06-13 13:33:17.005 [INFO] Nessuna azione correttiva automatica disponibile
2026-06-13 13:33:17.011 [OK] Report diagnostica salvato: C:\cellular_speace\reports\manutenzione\correttiva\diagnosi_20260613_133310.json
2026-06-13 13:33:17.017 [OK] Diagnosi Markdown salvata: C:\cellular_speace\data\diagnosi\diagnosi_20260613_133310.md
