2026-06-13 15:58:23.222 [DIAG] Diagnostica processi...
2026-06-13 15:58:23.496 [DIAG] Generazione raccomandazioni...
2026-06-13 15:58:23.665 [OK] Report diagnostica salvato: C:\cellular_speace\reports\manutenzione\correttiva\diagnosi_20260613_155823.json
2026-06-13 15:58:23.679 [OK] Diagnosi Markdown salvata: C:\cellular_speace\data\diagnosi\diagnosi_20260613_155823.md
2026-06-13 15:58:23.753 [DIAG] Diagnostica runtime...
2026-06-13 15:58:23.790 [ERROR] [alto] Runtime/snapshot_vecchio: Snapshot ha 179.8min (>30min)
2026-06-13 15:58:23.950 [WARN] [medio] Runtime/errore_lettura_snapshot: Errore lettura snapshot: Impossibile convertire la stringa JSON perché un dizionario convertito da tale stringa contiene le chiavi duplicate 'Server' e 'SERVER'.
2026-06-13 15:58:23.964 [DIAG] Diagnostica processi...
2026-06-13 15:58:24.030 [DIAG] Diagnostica memoria...
2026-06-13 15:58:24.261 [DIAG] Generazione raccomandazioni...
2026-06-13 15:58:24.413 [OK] Report diagnostica salvato: C:\cellular_speace\reports\manutenzione\correttiva\diagnosi_20260613_155823.json
2026-06-13 15:58:24.435 [OK] Diagnosi Markdown salvata: C:\cellular_speace\data\diagnosi\diagnosi_20260613_155823.md
2026-06-13 15:58:24.532 [DIAG] Diagnostica file...
2026-06-13 15:58:29.513 [DIAG] Diagnostica processi...
2026-06-13 15:58:29.799 [DIAG] Diagnostica log errori...
2026-06-13 15:58:38.025 [ERROR] [critico] Log/errori_recenti: 3349 errori nelle ultime 2 ore
2026-06-13 15:58:38.150 [DIAG] Generazione raccomandazioni...
2026-06-13 15:58:38.296 [FIX] Avvio azioni correttive automatiche...
2026-06-13 15:58:38.302 [INFO] Nessuna azione correttiva automatica disponibile
2026-06-13 15:58:38.312 [OK] Report diagnostica salvato: C:\cellular_speace\reports\manutenzione\correttiva\diagnosi_20260613_155823.json
2026-06-13 15:58:38.323 [OK] Diagnosi Markdown salvata: C:\cellular_speace\data\diagnosi\diagnosi_20260613_155823.md
