2026-06-13 16:29:32.018 [DIAG] Diagnostica processi...
2026-06-13 16:29:32.028 [DIAG] Diagnostica processi...
2026-06-13 16:29:32.244 [DIAG] Generazione raccomandazioni...
2026-06-13 16:29:32.244 [DIAG] Generazione raccomandazioni...
2026-06-13 16:29:32.263 [OK] Report diagnostica salvato: C:\cellular_speace\reports\manutenzione\correttiva\diagnosi_20260613_162932.json
2026-06-13 16:29:32.265 [ERROR] Impossibile salvare report JSON: Il processo non può accedere al file 'C:\cellular_speace\reports\manutenzione\correttiva\diagnosi_20260613_162932.json' perché è in uso da un altro processo.
2026-06-13 16:29:32.269 [OK] Diagnosi Markdown salvata: C:\cellular_speace\data\diagnosi\diagnosi_20260613_162932.md
2026-06-13 16:29:32.276 [OK] Diagnosi Markdown salvata: C:\cellular_speace\data\diagnosi\diagnosi_20260613_162932.md
2026-06-13 16:29:32.298 [DIAG] Diagnostica runtime...
2026-06-13 16:29:32.302 [ERROR] [alto] Runtime/snapshot_vecchio: Snapshot ha 211min (>30min)
2026-06-13 16:29:32.311 [DIAG] Diagnostica runtime...
2026-06-13 16:29:32.320 [ERROR] [alto] Runtime/snapshot_vecchio: Snapshot ha 211min (>30min)
2026-06-13 16:29:32.329 [WARN] [medio] Runtime/errore_lettura_snapshot: Errore lettura snapshot: Impossibile convertire la stringa JSON perché un dizionario convertito da tale stringa contiene le chiavi duplicate 'Server' e 'SERVER'.
2026-06-13 16:29:32.337 [WARN] [medio] Runtime/errore_lettura_snapshot: Errore lettura snapshot: Impossibile convertire la stringa JSON perché un dizionario convertito da tale stringa contiene le chiavi duplicate 'Server' e 'SERVER'.
2026-06-13 16:29:32.341 [DIAG] Diagnostica memoria...
2026-06-13 16:29:32.347 [DIAG] Diagnostica memoria...
2026-06-13 16:29:32.767 [DIAG] Diagnostica file...
2026-06-13 16:29:32.769 [DIAG] Diagnostica file...
2026-06-13 16:29:37.435 [DIAG] Diagnostica processi...
2026-06-13 16:29:37.661 [DIAG] Diagnostica log errori...
2026-06-13 16:29:37.745 [DIAG] Diagnostica processi...
2026-06-13 16:29:37.964 [DIAG] Diagnostica log errori...
2026-06-13 16:29:45.244 [ERROR] [critico] Log/errori_recenti: 3362 errori nelle ultime 2 ore
2026-06-13 16:29:45.259 [DIAG] Generazione raccomandazioni...
2026-06-13 16:29:45.272 [FIX] Avvio azioni correttive automatiche...
2026-06-13 16:29:45.288 [INFO] Nessuna azione correttiva automatica disponibile
2026-06-13 16:29:45.293 [OK] Report diagnostica salvato: C:\cellular_speace\reports\manutenzione\correttiva\diagnosi_20260613_162932.json
2026-06-13 16:29:45.293 [OK] Diagnosi Markdown salvata: C:\cellular_speace\data\diagnosi\diagnosi_20260613_162932.md
2026-06-13 16:29:45.524 [ERROR] [critico] Log/errori_recenti: 3364 errori nelle ultime 2 ore
2026-06-13 16:29:45.554 [DIAG] Generazione raccomandazioni...
2026-06-13 16:29:45.574 [FIX] Avvio azioni correttive automatiche...
2026-06-13 16:29:45.574 [INFO] Nessuna azione correttiva automatica disponibile
2026-06-13 16:29:45.585 [OK] Report diagnostica salvato: C:\cellular_speace\reports\manutenzione\correttiva\diagnosi_20260613_162932.json
2026-06-13 16:29:45.587 [OK] Diagnosi Markdown salvata: C:\cellular_speace\data\diagnosi\diagnosi_20260613_162932.md
