2026-06-13 16:08:35.599 [DIAG] Diagnostica processi...
2026-06-13 16:08:35.813 [DIAG] Generazione raccomandazioni...
2026-06-13 16:08:35.903 [OK] Report diagnostica salvato: C:\cellular_speace\reports\manutenzione\correttiva\diagnosi_20260613_160835.json
2026-06-13 16:08:35.915 [DIAG] Diagnostica processi...
2026-06-13 16:08:35.937 [OK] Diagnosi Markdown salvata: C:\cellular_speace\data\diagnosi\diagnosi_20260613_160835.md
2026-06-13 16:08:36.070 [DIAG] Diagnostica runtime...
2026-06-13 16:08:36.085 [ERROR] [alto] Runtime/snapshot_vecchio: Snapshot ha 190min (>30min)
2026-06-13 16:08:36.154 [WARN] [medio] Runtime/errore_lettura_snapshot: Errore lettura snapshot: Impossibile convertire la stringa JSON perché un dizionario convertito da tale stringa contiene le chiavi duplicate 'Server' e 'SERVER'.
2026-06-13 16:08:36.156 [DIAG] Generazione raccomandazioni...
2026-06-13 16:08:36.177 [OK] Report diagnostica salvato: C:\cellular_speace\reports\manutenzione\correttiva\diagnosi_20260613_160835.json
2026-06-13 16:08:36.180 [DIAG] Diagnostica memoria...
2026-06-13 16:08:36.186 [OK] Diagnosi Markdown salvata: C:\cellular_speace\data\diagnosi\diagnosi_20260613_160835.md
2026-06-13 16:08:36.540 [DIAG] Diagnostica file...
2026-06-13 16:08:40.878 [DIAG] Diagnostica processi...
2026-06-13 16:08:41.071 [DIAG] Diagnostica log errori...
2026-06-13 16:08:49.563 [ERROR] [critico] Log/errori_recenti: 3307 errori nelle ultime 2 ore
2026-06-13 16:08:49.780 [DIAG] Generazione raccomandazioni...
2026-06-13 16:08:49.927 [FIX] Avvio azioni correttive automatiche...
2026-06-13 16:08:49.938 [INFO] Nessuna azione correttiva automatica disponibile
2026-06-13 16:08:49.954 [OK] Report diagnostica salvato: C:\cellular_speace\reports\manutenzione\correttiva\diagnosi_20260613_160835.json
2026-06-13 16:08:49.977 [OK] Diagnosi Markdown salvata: C:\cellular_speace\data\diagnosi\diagnosi_20260613_160835.md
