2026-06-13 17:35:37.300 [DIAG] Diagnostica processi...
2026-06-13 17:35:37.499 [DIAG] Generazione raccomandazioni...
2026-06-13 17:35:37.521 [OK] Report diagnostica salvato: C:\cellular_speace\reports\manutenzione\correttiva\diagnosi_20260613_173537.json
2026-06-13 17:35:37.523 [OK] Diagnosi Markdown salvata: C:\cellular_speace\data\diagnosi\diagnosi_20260613_173537.md
2026-06-13 17:35:37.550 [DIAG] Diagnostica runtime...
2026-06-13 17:35:37.561 [ERROR] [alto] Runtime/snapshot_vecchio: Snapshot ha 277.1min (>30min)
2026-06-13 17:35:37.589 [WARN] [medio] Runtime/errore_lettura_snapshot: Errore lettura snapshot: Impossibile convertire la stringa JSON perché un dizionario convertito da tale stringa contiene le chiavi duplicate 'Server' e 'SERVER'.
2026-06-13 17:35:37.602 [DIAG] Diagnostica memoria...
2026-06-13 17:35:37.688 [DIAG] Diagnostica processi...
2026-06-13 17:35:37.890 [DIAG] Generazione raccomandazioni...
2026-06-13 17:35:37.909 [OK] Report diagnostica salvato: C:\cellular_speace\reports\manutenzione\correttiva\diagnosi_20260613_173537.json
2026-06-13 17:35:37.909 [DIAG] Diagnostica processi...
2026-06-13 17:35:37.915 [OK] Diagnosi Markdown salvata: C:\cellular_speace\data\diagnosi\diagnosi_20260613_173537.md
2026-06-13 17:35:37.946 [DIAG] Diagnostica runtime...
2026-06-13 17:35:37.952 [ERROR] [alto] Runtime/snapshot_vecchio: Snapshot ha 277.1min (>30min)
2026-06-13 17:35:37.959 [DIAG] Diagnostica file...
2026-06-13 17:35:37.989 [WARN] [medio] Runtime/errore_lettura_snapshot: Errore lettura snapshot: Impossibile convertire la stringa JSON perché un dizionario convertito da tale stringa contiene le chiavi duplicate 'Server' e 'SERVER'.
2026-06-13 17:35:37.999 [DIAG] Diagnostica memoria...
2026-06-13 17:35:38.106 [DIAG] Generazione raccomandazioni...
2026-06-13 17:35:38.127 [OK] Report diagnostica salvato: C:\cellular_speace\reports\manutenzione\correttiva\diagnosi_20260613_173537.json
2026-06-13 17:35:38.131 [OK] Diagnosi Markdown salvata: C:\cellular_speace\data\diagnosi\diagnosi_20260613_173537.md
2026-06-13 17:35:38.385 [DIAG] Diagnostica file...
2026-06-13 17:35:41.814 [DIAG] Diagnostica processi...
2026-06-13 17:35:41.917 [DIAG] Diagnostica processi...
2026-06-13 17:35:41.973 [DIAG] Diagnostica log errori...
2026-06-13 17:35:42.081 [DIAG] Diagnostica log errori...
2026-06-13 17:35:47.471 [ERROR] [critico] Log/errori_recenti: 3398 errori nelle ultime 2 ore
2026-06-13 17:35:47.477 [DIAG] Generazione raccomandazioni...
2026-06-13 17:35:47.485 [ERROR] [critico] Log/errori_recenti: 3398 errori nelle ultime 2 ore
2026-06-13 17:35:47.491 [DIAG] Generazione raccomandazioni...
2026-06-13 17:35:47.495 [FIX] Avvio azioni correttive automatiche...
2026-06-13 17:35:47.497 [INFO] Nessuna azione correttiva automatica disponibile
2026-06-13 17:35:47.501 [OK] Report diagnostica salvato: C:\cellular_speace\reports\manutenzione\correttiva\diagnosi_20260613_173537.json
2026-06-13 17:35:47.505 [OK] Diagnosi Markdown salvata: C:\cellular_speace\data\diagnosi\diagnosi_20260613_173537.md
2026-06-13 17:35:47.507 [FIX] Avvio azioni correttive automatiche...
2026-06-13 17:35:47.509 [INFO] Nessuna azione correttiva automatica disponibile
2026-06-13 17:35:47.515 [OK] Report diagnostica salvato: C:\cellular_speace\reports\manutenzione\correttiva\diagnosi_20260613_173537.json
2026-06-13 17:35:47.518 [OK] Diagnosi Markdown salvata: C:\cellular_speace\data\diagnosi\diagnosi_20260613_173537.md
