2026-06-13 17:30:32.254 [DIAG] Diagnostica runtime...
2026-06-13 17:30:32.263 [ERROR] [alto] Runtime/snapshot_vecchio: Snapshot ha 272min (>30min)
2026-06-13 17:30:32.270 [DIAG] Diagnostica runtime...
2026-06-13 17:30:32.274 [ERROR] [alto] Runtime/snapshot_vecchio: Snapshot ha 272min (>30min)
2026-06-13 17:30:32.292 [WARN] [medio] Runtime/errore_lettura_snapshot: Errore lettura snapshot: Impossibile convertire la stringa JSON perché un dizionario convertito da tale stringa contiene le chiavi duplicate 'Server' e 'SERVER'.
2026-06-13 17:30:32.306 [WARN] [medio] Runtime/errore_lettura_snapshot: Errore lettura snapshot: Impossibile convertire la stringa JSON perché un dizionario convertito da tale stringa contiene le chiavi duplicate 'Server' e 'SERVER'.
2026-06-13 17:30:32.343 [DIAG] Diagnostica memoria...
2026-06-13 17:30:32.367 [DIAG] Diagnostica memoria...
2026-06-13 17:30:32.756 [DIAG] Diagnostica file...
2026-06-13 17:30:32.810 [DIAG] Diagnostica file...
2026-06-13 17:30:36.959 [DIAG] Diagnostica processi...
2026-06-13 17:30:37.056 [DIAG] Diagnostica processi...
2026-06-13 17:30:37.110 [DIAG] Diagnostica log errori...
2026-06-13 17:30:37.198 [DIAG] Diagnostica log errori...
2026-06-13 17:30:42.997 [ERROR] [critico] Log/errori_recenti: 3386 errori nelle ultime 2 ore
2026-06-13 17:30:43.007 [DIAG] Generazione raccomandazioni...
2026-06-13 17:30:43.029 [FIX] Avvio azioni correttive automatiche...
2026-06-13 17:30:43.033 [INFO] Nessuna azione correttiva automatica disponibile
2026-06-13 17:30:43.044 [OK] Report diagnostica salvato: C:\cellular_speace\reports\manutenzione\correttiva\diagnosi_20260613_173032.json
2026-06-13 17:30:43.049 [OK] Diagnosi Markdown salvata: C:\cellular_speace\data\diagnosi\diagnosi_20260613_173032.md
2026-06-13 17:30:43.062 [ERROR] [critico] Log/errori_recenti: 3386 errori nelle ultime 2 ore
2026-06-13 17:30:43.077 [DIAG] Generazione raccomandazioni...
2026-06-13 17:30:43.094 [FIX] Avvio azioni correttive automatiche...
2026-06-13 17:30:43.099 [INFO] Nessuna azione correttiva automatica disponibile
2026-06-13 17:30:43.103 [OK] Report diagnostica salvato: C:\cellular_speace\reports\manutenzione\correttiva\diagnosi_20260613_173032.json
2026-06-13 17:30:43.108 [OK] Diagnosi Markdown salvata: C:\cellular_speace\data\diagnosi\diagnosi_20260613_173032.md
