2026-06-13 13:39:09.112 [DIAG] Diagnostica runtime...
2026-06-13 13:39:09.130 [ERROR] [alto] Runtime/snapshot_vecchio: Snapshot ha 40.6min (>30min)
2026-06-13 13:39:09.187 [DIAG] Diagnostica processi...
2026-06-13 13:39:09.193 [DIAG] Diagnostica processi...
2026-06-13 13:39:09.327 [WARN] [medio] Runtime/errore_lettura_snapshot: Errore lettura snapshot: Impossibile convertire la stringa JSON perché un dizionario convertito da tale stringa contiene le chiavi duplicate 'Server' e 'SERVER'.
2026-06-13 13:39:09.413 [DIAG] Generazione raccomandazioni...
2026-06-13 13:39:09.421 [ERROR] ERRORE FATALE: Il processo non può accedere al file 'C:\cellular_speace\data\logs\manutenzione\correttiva\diagnostica_20260613_133909.log' perché è in uso da un altro processo.
2026-06-13 13:39:09.428 [DIAG] Diagnostica runtime...
2026-06-13 13:39:09.434 [ERROR] [alto] Runtime/snapshot_vecchio: Snapshot ha 40.6min (>30min)
2026-06-13 13:39:09.442 [OK] Report diagnostica salvato: C:\cellular_speace\reports\manutenzione\correttiva\diagnosi_20260613_133909.json
2026-06-13 13:39:09.448 [OK] Diagnosi Markdown salvata: C:\cellular_speace\data\diagnosi\diagnosi_20260613_133909.md
2026-06-13 13:39:09.452 [DIAG] Diagnostica memoria...
2026-06-13 13:39:09.460 [WARN] [medio] Runtime/errore_lettura_snapshot: Errore lettura snapshot: Impossibile convertire la stringa JSON perché un dizionario convertito da tale stringa contiene le chiavi duplicate 'Server' e 'SERVER'.
2026-06-13 13:39:09.513 [DIAG] Diagnostica memoria...
2026-06-13 13:39:09.845 [DIAG] Diagnostica file...
2026-06-13 13:39:09.919 [DIAG] Diagnostica file...
2026-06-13 13:39:13.689 [DIAG] Diagnostica processi...
2026-06-13 13:39:13.699 [DIAG] Diagnostica processi...
2026-06-13 13:39:13.855 [DIAG] Diagnostica log errori...
2026-06-13 13:39:13.902 [DIAG] Diagnostica log errori...
2026-06-13 13:39:16.612 [ERROR] [critico] Log/errori_recenti: 1598 errori nelle ultime 2 ore
2026-06-13 13:39:16.629 [DIAG] Generazione raccomandazioni...
2026-06-13 13:39:16.655 [FIX] Avvio azioni correttive automatiche...
2026-06-13 13:39:16.659 [INFO] Nessuna azione correttiva automatica disponibile
2026-06-13 13:39:16.665 [OK] Report diagnostica salvato: C:\cellular_speace\reports\manutenzione\correttiva\diagnosi_20260613_133909.json
2026-06-13 13:39:16.671 [OK] Diagnosi Markdown salvata: C:\cellular_speace\data\diagnosi\diagnosi_20260613_133909.md
2026-06-13 13:39:16.781 [ERROR] [critico] Log/errori_recenti: 1599 errori nelle ultime 2 ore
2026-06-13 13:39:16.801 [DIAG] Generazione raccomandazioni...
2026-06-13 13:39:16.823 [FIX] Avvio azioni correttive automatiche...
2026-06-13 13:39:16.826 [INFO] Nessuna azione correttiva automatica disponibile
2026-06-13 13:39:16.834 [OK] Report diagnostica salvato: C:\cellular_speace\reports\manutenzione\correttiva\diagnosi_20260613_133909.json
2026-06-13 13:39:16.840 [OK] Diagnosi Markdown salvata: C:\cellular_speace\data\diagnosi\diagnosi_20260613_133909.md
