2026-06-13 15:57:22.368 [DIAG] Diagnostica runtime...
2026-06-13 15:57:22.378 [ERROR] [alto] Runtime/snapshot_vecchio: Snapshot ha 178.8min (>30min)
2026-06-13 15:57:22.380 [DIAG] Diagnostica processi...
2026-06-13 15:57:22.385 [DIAG] Diagnostica processi...
2026-06-13 15:57:22.531 [WARN] [medio] Runtime/errore_lettura_snapshot: Errore lettura snapshot: Impossibile convertire la stringa JSON perché un dizionario convertito da tale stringa contiene le chiavi duplicate 'Server' e 'SERVER'.
2026-06-13 15:57:22.632 [DIAG] Generazione raccomandazioni...
2026-06-13 15:57:22.644 [DIAG] Generazione raccomandazioni...
2026-06-13 15:57:22.771 [OK] Report diagnostica salvato: C:\cellular_speace\reports\manutenzione\correttiva\diagnosi_20260613_155722.json
2026-06-13 15:57:22.792 [OK] Diagnosi Markdown salvata: C:\cellular_speace\data\diagnosi\diagnosi_20260613_155722.md
2026-06-13 15:57:22.802 [OK] Report diagnostica salvato: C:\cellular_speace\reports\manutenzione\correttiva\diagnosi_20260613_155722.json
2026-06-13 15:57:22.843 [OK] Diagnosi Markdown salvata: C:\cellular_speace\data\diagnosi\diagnosi_20260613_155722.md
2026-06-13 15:57:23.150 [DIAG] Diagnostica memoria...
2026-06-13 15:57:23.675 [DIAG] Diagnostica file...
2026-06-13 15:57:29.380 [DIAG] Diagnostica processi...
2026-06-13 15:57:29.642 [DIAG] Diagnostica log errori...
2026-06-13 15:57:41.606 [ERROR] [critico] Log/errori_recenti: 3358 errori nelle ultime 2 ore
2026-06-13 15:57:42.227 [DIAG] Generazione raccomandazioni...
2026-06-13 15:57:42.415 [FIX] Avvio azioni correttive automatiche...
2026-06-13 15:57:42.427 [INFO] Nessuna azione correttiva automatica disponibile
2026-06-13 15:57:42.450 [OK] Report diagnostica salvato: C:\cellular_speace\reports\manutenzione\correttiva\diagnosi_20260613_155722.json
2026-06-13 15:57:42.521 [OK] Diagnosi Markdown salvata: C:\cellular_speace\data\diagnosi\diagnosi_20260613_155722.md
