2026-06-13 13:32:38.099 [DIAG] Diagnostica processi...
2026-06-13 13:32:38.407 [DIAG] Generazione raccomandazioni...
2026-06-13 13:32:38.446 [DIAG] Diagnostica processi...
2026-06-13 13:32:38.576 [OK] Report diagnostica salvato: C:\cellular_speace\reports\manutenzione\correttiva\diagnosi_20260613_133238.json
2026-06-13 13:32:38.618 [OK] Diagnosi Markdown salvata: C:\cellular_speace\data\diagnosi\diagnosi_20260613_133238.md
2026-06-13 13:32:38.704 [DIAG] Generazione raccomandazioni...
2026-06-13 13:32:38.785 [OK] Report diagnostica salvato: C:\cellular_speace\reports\manutenzione\correttiva\diagnosi_20260613_133238.json
2026-06-13 13:32:38.802 [DIAG] Diagnostica runtime...
2026-06-13 13:32:38.804 [OK] Diagnosi Markdown salvata: C:\cellular_speace\data\diagnosi\diagnosi_20260613_133238.md
2026-06-13 13:32:38.811 [ERROR] [alto] Runtime/snapshot_vecchio: Snapshot ha 34.1min (>30min)
2026-06-13 13:32:38.914 [DIAG] Diagnostica runtime...
2026-06-13 13:32:38.930 [ERROR] [alto] Runtime/snapshot_vecchio: Snapshot ha 34.1min (>30min)
2026-06-13 13:32:39.086 [WARN] [medio] Runtime/errore_lettura_snapshot: Errore lettura snapshot: Impossibile convertire la stringa JSON perché un dizionario convertito da tale stringa contiene le chiavi duplicate 'Server' e 'SERVER'.
2026-06-13 13:32:39.171 [WARN] [medio] Runtime/errore_lettura_snapshot: Errore lettura snapshot: Impossibile convertire la stringa JSON perché un dizionario convertito da tale stringa contiene le chiavi duplicate 'Server' e 'SERVER'.
2026-06-13 13:32:39.419 [DIAG] Diagnostica memoria...
2026-06-13 13:32:39.641 [DIAG] Diagnostica memoria...
2026-06-13 13:32:39.856 [DIAG] Diagnostica file...
2026-06-13 13:32:40.190 [DIAG] Diagnostica file...
2026-06-13 13:32:44.304 [DIAG] Diagnostica processi...
2026-06-13 13:32:44.354 [DIAG] Diagnostica processi...
2026-06-13 13:32:44.532 [DIAG] Diagnostica log errori...
2026-06-13 13:32:44.581 [DIAG] Diagnostica log errori...
2026-06-13 13:32:47.024 [ERROR] [critico] Log/errori_recenti: 1397 errori nelle ultime 2 ore
2026-06-13 13:32:47.038 [DIAG] Generazione raccomandazioni...
2026-06-13 13:32:47.062 [FIX] Avvio azioni correttive automatiche...
2026-06-13 13:32:47.066 [INFO] Nessuna azione correttiva automatica disponibile
2026-06-13 13:32:47.071 [OK] Report diagnostica salvato: C:\cellular_speace\reports\manutenzione\correttiva\diagnosi_20260613_133238.json
2026-06-13 13:32:47.079 [OK] Diagnosi Markdown salvata: C:\cellular_speace\data\diagnosi\diagnosi_20260613_133238.md
2026-06-13 13:32:47.113 [ERROR] [critico] Log/errori_recenti: 1398 errori nelle ultime 2 ore
2026-06-13 13:32:47.171 [DIAG] Generazione raccomandazioni...
2026-06-13 13:32:47.204 [FIX] Avvio azioni correttive automatiche...
2026-06-13 13:32:47.208 [INFO] Nessuna azione correttiva automatica disponibile
2026-06-13 13:32:47.213 [OK] Report diagnostica salvato: C:\cellular_speace\reports\manutenzione\correttiva\diagnosi_20260613_133238.json
2026-06-13 13:32:47.221 [OK] Diagnosi Markdown salvata: C:\cellular_speace\data\diagnosi\diagnosi_20260613_133238.md
