2026-06-13 17:19:11.198 [DIAG] Diagnostica processi...
2026-06-13 17:19:11.241 [DIAG] Diagnostica processi...
2026-06-13 17:19:11.431 [DIAG] Generazione raccomandazioni...
2026-06-13 17:19:11.514 [DIAG] Generazione raccomandazioni...
2026-06-13 17:19:11.548 [OK] Report diagnostica salvato: C:\cellular_speace\reports\manutenzione\correttiva\diagnosi_20260613_171911.json
2026-06-13 17:19:11.556 [OK] Diagnosi Markdown salvata: C:\cellular_speace\data\diagnosi\diagnosi_20260613_171911.md
2026-06-13 17:19:11.658 [OK] Report diagnostica salvato: C:\cellular_speace\reports\manutenzione\correttiva\diagnosi_20260613_171911.json
2026-06-13 17:19:11.678 [OK] Diagnosi Markdown salvata: C:\cellular_speace\data\diagnosi\diagnosi_20260613_171911.md
2026-06-13 17:19:11.800 [DIAG] Diagnostica runtime...
2026-06-13 17:19:11.818 [ERROR] [alto] Runtime/snapshot_vecchio: Snapshot ha 260.6min (>30min)
2026-06-13 17:19:11.995 [WARN] [medio] Runtime/errore_lettura_snapshot: Errore lettura snapshot: Impossibile convertire la stringa JSON perché un dizionario convertito da tale stringa contiene le chiavi duplicate 'Server' e 'SERVER'.
2026-06-13 17:19:12.300 [DIAG] Diagnostica memoria...
2026-06-13 17:19:12.792 [DIAG] Diagnostica file...
2026-06-13 17:19:18.127 [DIAG] Diagnostica processi...
2026-06-13 17:19:18.384 [DIAG] Diagnostica log errori...
2026-06-13 17:19:29.897 [ERROR] [critico] Log/errori_recenti: 3376 errori nelle ultime 2 ore
2026-06-13 17:19:30.120 [DIAG] Generazione raccomandazioni...
2026-06-13 17:19:30.466 [FIX] Avvio azioni correttive automatiche...
2026-06-13 17:19:30.476 [INFO] Nessuna azione correttiva automatica disponibile
2026-06-13 17:19:30.540 [OK] Report diagnostica salvato: C:\cellular_speace\reports\manutenzione\correttiva\diagnosi_20260613_171911.json
2026-06-13 17:19:30.560 [OK] Diagnosi Markdown salvata: C:\cellular_speace\data\diagnosi\diagnosi_20260613_171911.md
