2026-06-13 16:50:54.271 [DIAG] Diagnostica runtime...
2026-06-13 16:50:54.278 [ERROR] [alto] Runtime/snapshot_vecchio: Snapshot ha 232.4min (>30min)
2026-06-13 16:50:54.310 [WARN] [medio] Runtime/errore_lettura_snapshot: Errore lettura snapshot: Impossibile convertire la stringa JSON perché un dizionario convertito da tale stringa contiene le chiavi duplicate 'Server' e 'SERVER'.
2026-06-13 16:50:54.323 [DIAG] Diagnostica memoria...
2026-06-13 16:50:54.331 [DIAG] Diagnostica processi...
2026-06-13 16:50:54.540 [DIAG] Generazione raccomandazioni...
2026-06-13 16:50:54.563 [OK] Report diagnostica salvato: C:\cellular_speace\reports\manutenzione\correttiva\diagnosi_20260613_165054.json
2026-06-13 16:50:54.573 [OK] Diagnosi Markdown salvata: C:\cellular_speace\data\diagnosi\diagnosi_20260613_165054.md
2026-06-13 16:50:54.602 [DIAG] Diagnostica processi...
2026-06-13 16:50:54.708 [DIAG] Diagnostica file...
2026-06-13 16:50:54.800 [DIAG] Generazione raccomandazioni...
2026-06-13 16:50:54.823 [OK] Report diagnostica salvato: C:\cellular_speace\reports\manutenzione\correttiva\diagnosi_20260613_165054.json
2026-06-13 16:50:54.831 [OK] Diagnosi Markdown salvata: C:\cellular_speace\data\diagnosi\diagnosi_20260613_165054.md
2026-06-13 16:50:58.581 [DIAG] Diagnostica processi...
2026-06-13 16:50:58.778 [DIAG] Diagnostica log errori...
2026-06-13 16:51:05.350 [ERROR] [critico] Log/errori_recenti: 3330 errori nelle ultime 2 ore
2026-06-13 16:51:05.358 [DIAG] Generazione raccomandazioni...
2026-06-13 16:51:05.384 [FIX] Avvio azioni correttive automatiche...
2026-06-13 16:51:05.388 [INFO] Nessuna azione correttiva automatica disponibile
2026-06-13 16:51:05.391 [OK] Report diagnostica salvato: C:\cellular_speace\reports\manutenzione\correttiva\diagnosi_20260613_165054.json
2026-06-13 16:51:05.391 [OK] Diagnosi Markdown salvata: C:\cellular_speace\data\diagnosi\diagnosi_20260613_165054.md
