2026-06-13 16:52:59.159 [DIAG] Diagnostica runtime...
2026-06-13 16:52:59.165 [ERROR] [alto] Runtime/snapshot_vecchio: Snapshot ha 234.4min (>30min)
2026-06-13 16:52:59.189 [WARN] [medio] Runtime/errore_lettura_snapshot: Errore lettura snapshot: Impossibile convertire la stringa JSON perché un dizionario convertito da tale stringa contiene le chiavi duplicate 'Server' e 'SERVER'.
2026-06-13 16:52:59.202 [DIAG] Diagnostica memoria...
2026-06-13 16:52:59.352 [DIAG] Diagnostica processi...
2026-06-13 16:52:59.382 [DIAG] Diagnostica processi...
2026-06-13 16:52:59.542 [DIAG] Generazione raccomandazioni...
2026-06-13 16:52:59.563 [DIAG] Generazione raccomandazioni...
2026-06-13 16:52:59.575 [OK] Report diagnostica salvato: C:\cellular_speace\reports\manutenzione\correttiva\diagnosi_20260613_165259.json
2026-06-13 16:52:59.575 [OK] Diagnosi Markdown salvata: C:\cellular_speace\data\diagnosi\diagnosi_20260613_165259.md
2026-06-13 16:52:59.575 [DIAG] Diagnostica file...
2026-06-13 16:52:59.584 [OK] Report diagnostica salvato: C:\cellular_speace\reports\manutenzione\correttiva\diagnosi_20260613_165259.json
2026-06-13 16:52:59.587 [OK] Diagnosi Markdown salvata: C:\cellular_speace\data\diagnosi\diagnosi_20260613_165259.md
2026-06-13 16:52:59.606 [DIAG] Diagnostica runtime...
2026-06-13 16:52:59.611 [ERROR] [alto] Runtime/snapshot_vecchio: Snapshot ha 234.4min (>30min)
2026-06-13 16:52:59.640 [WARN] [medio] Runtime/errore_lettura_snapshot: Errore lettura snapshot: Impossibile convertire la stringa JSON perché un dizionario convertito da tale stringa contiene le chiavi duplicate 'Server' e 'SERVER'.
2026-06-13 16:52:59.669 [DIAG] Diagnostica memoria...
2026-06-13 16:53:00.056 [DIAG] Diagnostica file...
2026-06-13 16:53:03.802 [DIAG] Diagnostica processi...
2026-06-13 16:53:04.021 [DIAG] Diagnostica log errori...
2026-06-13 16:53:04.957 [DIAG] Diagnostica processi...
2026-06-13 16:53:05.149 [DIAG] Diagnostica log errori...
2026-06-13 16:53:10.824 [ERROR] [critico] Log/errori_recenti: 3336 errori nelle ultime 2 ore
2026-06-13 16:53:10.824 [DIAG] Generazione raccomandazioni...
2026-06-13 16:53:10.853 [FIX] Avvio azioni correttive automatiche...
2026-06-13 16:53:10.855 [INFO] Nessuna azione correttiva automatica disponibile
2026-06-13 16:53:10.860 [OK] Report diagnostica salvato: C:\cellular_speace\reports\manutenzione\correttiva\diagnosi_20260613_165259.json
2026-06-13 16:53:10.860 [OK] Diagnosi Markdown salvata: C:\cellular_speace\data\diagnosi\diagnosi_20260613_165259.md
2026-06-13 16:53:11.624 [ERROR] [critico] Log/errori_recenti: 3338 errori nelle ultime 2 ore
2026-06-13 16:53:11.638 [DIAG] Generazione raccomandazioni...
2026-06-13 16:53:11.656 [FIX] Avvio azioni correttive automatiche...
2026-06-13 16:53:11.659 [INFO] Nessuna azione correttiva automatica disponibile
2026-06-13 16:53:11.659 [OK] Report diagnostica salvato: C:\cellular_speace\reports\manutenzione\correttiva\diagnosi_20260613_165259.json
2026-06-13 16:53:11.667 [OK] Diagnosi Markdown salvata: C:\cellular_speace\data\diagnosi\diagnosi_20260613_165259.md
