2026-06-13 16:52:58.604 [DIAG] Diagnostica processi...
2026-06-13 16:52:58.778 [DIAG] Generazione raccomandazioni...
2026-06-13 16:52:58.801 [OK] Report diagnostica salvato: C:\cellular_speace\reports\manutenzione\correttiva\diagnosi_20260613_165258.json
2026-06-13 16:52:58.807 [OK] Diagnosi Markdown salvata: C:\cellular_speace\data\diagnosi\diagnosi_20260613_165258.md
2026-06-13 16:52:58.835 [DIAG] Diagnostica runtime...
2026-06-13 16:52:58.839 [ERROR] [alto] Runtime/snapshot_vecchio: Snapshot ha 234.4min (>30min)
2026-06-13 16:52:58.868 [WARN] [medio] Runtime/errore_lettura_snapshot: Errore lettura snapshot: Impossibile convertire la stringa JSON perché un dizionario convertito da tale stringa contiene le chiavi duplicate 'Server' e 'SERVER'.
2026-06-13 16:52:58.884 [DIAG] Diagnostica memoria...
2026-06-13 16:52:58.912 [DIAG] Diagnostica processi...
2026-06-13 16:52:59.101 [DIAG] Generazione raccomandazioni...
2026-06-13 16:52:59.124 [OK] Report diagnostica salvato: C:\cellular_speace\reports\manutenzione\correttiva\diagnosi_20260613_165258.json
2026-06-13 16:52:59.128 [OK] Diagnosi Markdown salvata: C:\cellular_speace\data\diagnosi\diagnosi_20260613_165258.md
2026-06-13 16:52:59.227 [DIAG] Diagnostica file...
2026-06-13 16:53:03.633 [DIAG] Diagnostica processi...
2026-06-13 16:53:03.833 [DIAG] Diagnostica log errori...
2026-06-13 16:53:10.678 [ERROR] [critico] Log/errori_recenti: 3336 errori nelle ultime 2 ore
2026-06-13 16:53:10.680 [DIAG] Generazione raccomandazioni...
2026-06-13 16:53:10.710 [FIX] Avvio azioni correttive automatiche...
2026-06-13 16:53:10.712 [INFO] Nessuna azione correttiva automatica disponibile
2026-06-13 16:53:10.718 [OK] Report diagnostica salvato: C:\cellular_speace\reports\manutenzione\correttiva\diagnosi_20260613_165258.json
2026-06-13 16:53:10.722 [OK] Diagnosi Markdown salvata: C:\cellular_speace\data\diagnosi\diagnosi_20260613_165258.md
