2026-06-13 13:44:45.290 [DIAG] Diagnostica processi...
2026-06-13 13:44:45.374 [DIAG] Diagnostica processi...
2026-06-13 13:44:45.502 [DIAG] Generazione raccomandazioni...
2026-06-13 13:44:45.528 [OK] Report diagnostica salvato: C:\cellular_speace\reports\manutenzione\correttiva\diagnosi_20260613_134445.json
2026-06-13 13:44:45.534 [OK] Diagnosi Markdown salvata: C:\cellular_speace\data\diagnosi\diagnosi_20260613_134445.md
2026-06-13 13:44:45.600 [DIAG] Diagnostica processi...
2026-06-13 13:44:45.610 [DIAG] Generazione raccomandazioni...
2026-06-13 13:44:45.669 [OK] Report diagnostica salvato: C:\cellular_speace\reports\manutenzione\correttiva\diagnosi_20260613_134445.json
2026-06-13 13:44:45.675 [OK] Diagnosi Markdown salvata: C:\cellular_speace\data\diagnosi\diagnosi_20260613_134445.md
2026-06-13 13:44:45.710 [DIAG] Diagnostica runtime...
2026-06-13 13:44:45.720 [ERROR] [alto] Runtime/snapshot_vecchio: Snapshot ha 46.2min (>30min)
2026-06-13 13:44:45.765 [WARN] [medio] Runtime/errore_lettura_snapshot: Errore lettura snapshot: Impossibile convertire la stringa JSON perché un dizionario convertito da tale stringa contiene le chiavi duplicate 'Server' e 'SERVER'.
2026-06-13 13:44:45.783 [DIAG] Diagnostica memoria...
2026-06-13 13:44:45.819 [DIAG] Generazione raccomandazioni...
2026-06-13 13:44:45.845 [OK] Report diagnostica salvato: C:\cellular_speace\reports\manutenzione\correttiva\diagnosi_20260613_134445.json
2026-06-13 13:44:45.852 [OK] Diagnosi Markdown salvata: C:\cellular_speace\data\diagnosi\diagnosi_20260613_134445.md
2026-06-13 13:44:45.895 [DIAG] Diagnostica runtime...
2026-06-13 13:44:45.895 [ERROR] [alto] Runtime/snapshot_vecchio: Snapshot ha 46.2min (>30min)
2026-06-13 13:44:45.936 [WARN] [medio] Runtime/errore_lettura_snapshot: Errore lettura snapshot: Impossibile convertire la stringa JSON perché un dizionario convertito da tale stringa contiene le chiavi duplicate 'Server' e 'SERVER'.
2026-06-13 13:44:45.958 [DIAG] Diagnostica memoria...
2026-06-13 13:44:46.141 [DIAG] Diagnostica file...
2026-06-13 13:44:46.300 [DIAG] Diagnostica file...
2026-06-13 13:44:49.510 [DIAG] Diagnostica processi...
2026-06-13 13:44:49.722 [DIAG] Diagnostica log errori...
2026-06-13 13:44:50.125 [DIAG] Diagnostica processi...
2026-06-13 13:44:50.353 [DIAG] Diagnostica log errori...
2026-06-13 13:44:52.896 [ERROR] [critico] Log/errori_recenti: 1733 errori nelle ultime 2 ore
2026-06-13 13:44:52.907 [DIAG] Generazione raccomandazioni...
2026-06-13 13:44:52.943 [FIX] Avvio azioni correttive automatiche...
2026-06-13 13:44:52.953 [INFO] Nessuna azione correttiva automatica disponibile
2026-06-13 13:44:52.955 [OK] Report diagnostica salvato: C:\cellular_speace\reports\manutenzione\correttiva\diagnosi_20260613_134445.json
2026-06-13 13:44:52.972 [OK] Diagnosi Markdown salvata: C:\cellular_speace\data\diagnosi\diagnosi_20260613_134445.md
2026-06-13 13:44:53.191 [ERROR] [critico] Log/errori_recenti: 1736 errori nelle ultime 2 ore
2026-06-13 13:44:53.196 [DIAG] Generazione raccomandazioni...
2026-06-13 13:44:53.227 [FIX] Avvio azioni correttive automatiche...
2026-06-13 13:44:53.227 [INFO] Nessuna azione correttiva automatica disponibile
2026-06-13 13:44:53.238 [OK] Report diagnostica salvato: C:\cellular_speace\reports\manutenzione\correttiva\diagnosi_20260613_134445.json
2026-06-13 13:44:53.238 [OK] Diagnosi Markdown salvata: C:\cellular_speace\data\diagnosi\diagnosi_20260613_134445.md
