2026-06-13 13:23:35.271 [DIAG] Diagnostica processi...
2026-06-13 13:23:35.511 [DIAG] Generazione raccomandazioni...
2026-06-13 13:23:35.540 [OK] Report diagnostica salvato: C:\cellular_speace\reports\manutenzione\correttiva\diagnosi_20260613_132335.json
2026-06-13 13:23:35.548 [OK] Diagnosi Markdown salvata: C:\cellular_speace\data\diagnosi\diagnosi_20260613_132335.md
2026-06-13 13:23:35.585 [DIAG] Diagnostica runtime...
2026-06-13 13:23:35.607 [WARN] [medio] Runtime/errore_lettura_snapshot: Errore lettura snapshot: Impossibile convertire la stringa JSON perché un dizionario convertito da tale stringa contiene le chiavi duplicate 'Server' e 'SERVER'.
2026-06-13 13:23:35.633 [DIAG] Diagnostica memoria...
2026-06-13 13:23:35.792 [DIAG] Diagnostica processi...
2026-06-13 13:23:35.991 [DIAG] Generazione raccomandazioni...
2026-06-13 13:23:36.027 [DIAG] Diagnostica file...
2026-06-13 13:23:36.035 [OK] Report diagnostica salvato: C:\cellular_speace\reports\manutenzione\correttiva\diagnosi_20260613_132335.json
2026-06-13 13:23:36.042 [OK] Diagnosi Markdown salvata: C:\cellular_speace\data\diagnosi\diagnosi_20260613_132335.md
2026-06-13 13:23:43.571 [DIAG] Diagnostica processi...
2026-06-13 13:23:43.926 [DIAG] Diagnostica log errori...
2026-06-13 13:23:45.993 [ERROR] [critico] Log/errori_recenti: 1167 errori nelle ultime 2 ore
2026-06-13 13:23:46.005 [DIAG] Generazione raccomandazioni...
2026-06-13 13:23:46.056 [FIX] Avvio azioni correttive automatiche...
2026-06-13 13:23:46.060 [INFO] Nessuna azione correttiva automatica disponibile
2026-06-13 13:23:46.064 [OK] Report diagnostica salvato: C:\cellular_speace\reports\manutenzione\correttiva\diagnosi_20260613_132335.json
2026-06-13 13:23:46.070 [OK] Diagnosi Markdown salvata: C:\cellular_speace\data\diagnosi\diagnosi_20260613_132335.md
