2026-06-13 15:04:08.514 [DIAG] Diagnostica processi...
2026-06-13 15:04:08.522 [DIAG] Diagnostica processi...
2026-06-13 15:04:08.669 [DIAG] Generazione raccomandazioni...
2026-06-13 15:04:08.682 [OK] Report diagnostica salvato: C:\cellular_speace\reports\manutenzione\correttiva\diagnosi_20260613_150408.json
2026-06-13 15:04:08.682 [OK] Diagnosi Markdown salvata: C:\cellular_speace\data\diagnosi\diagnosi_20260613_150408.md
2026-06-13 15:04:08.698 [DIAG] Diagnostica processi...
2026-06-13 15:04:08.708 [DIAG] Generazione raccomandazioni...
2026-06-13 15:04:08.712 [OK] Report diagnostica salvato: C:\cellular_speace\reports\manutenzione\correttiva\diagnosi_20260613_150408.json
2026-06-13 15:04:08.727 [OK] Diagnosi Markdown salvata: C:\cellular_speace\data\diagnosi\diagnosi_20260613_150408.md
2026-06-13 15:04:08.840 [DIAG] Generazione raccomandazioni...
2026-06-13 15:04:08.860 [OK] Report diagnostica salvato: C:\cellular_speace\reports\manutenzione\correttiva\diagnosi_20260613_150408.json
2026-06-13 15:04:08.861 [OK] Diagnosi Markdown salvata: C:\cellular_speace\data\diagnosi\diagnosi_20260613_150408.md
2026-06-13 15:04:08.884 [DIAG] Diagnostica runtime...
2026-06-13 15:04:08.886 [ERROR] [alto] Runtime/snapshot_vecchio: Snapshot ha 125.6min (>30min)
2026-06-13 15:04:08.906 [WARN] [medio] Runtime/errore_lettura_snapshot: Errore lettura snapshot: Impossibile convertire la stringa JSON perché un dizionario convertito da tale stringa contiene le chiavi duplicate 'Server' e 'SERVER'.
2026-06-13 15:04:08.917 [DIAG] Diagnostica memoria...
2026-06-13 15:04:09.143 [DIAG] Diagnostica file...
2026-06-13 15:04:12.038 [DIAG] Diagnostica processi...
2026-06-13 15:04:12.173 [DIAG] Diagnostica log errori...
2026-06-13 15:04:17.704 [ERROR] [critico] Log/errori_recenti: 3715 errori nelle ultime 2 ore
2026-06-13 15:04:17.704 [DIAG] Generazione raccomandazioni...
2026-06-13 15:04:17.727 [FIX] Avvio azioni correttive automatiche...
2026-06-13 15:04:17.736 [INFO] Nessuna azione correttiva automatica disponibile
2026-06-13 15:04:17.740 [OK] Report diagnostica salvato: C:\cellular_speace\reports\manutenzione\correttiva\diagnosi_20260613_150408.json
2026-06-13 15:04:17.744 [OK] Diagnosi Markdown salvata: C:\cellular_speace\data\diagnosi\diagnosi_20260613_150408.md
