2026-06-13 13:14:15.090 [DIAG] Diagnostica processi...
2026-06-13 13:14:15.243 [DIAG] Generazione raccomandazioni...
2026-06-13 13:14:15.259 [OK] Report diagnostica salvato: C:\cellular_speace\reports\manutenzione\correttiva\diagnosi_20260613_131415.json
2026-06-13 13:14:15.259 [OK] Diagnosi Markdown salvata: C:\cellular_speace\data\diagnosi\diagnosi_20260613_131415.md
2026-06-13 13:14:15.323 [DIAG] Diagnostica processi...
2026-06-13 13:14:15.479 [DIAG] Generazione raccomandazioni...
2026-06-13 13:14:15.493 [OK] Report diagnostica salvato: C:\cellular_speace\reports\manutenzione\correttiva\diagnosi_20260613_131415.json
2026-06-13 13:14:15.508 [OK] Diagnosi Markdown salvata: C:\cellular_speace\data\diagnosi\diagnosi_20260613_131415.md
2026-06-13 13:14:15.534 [DIAG] Diagnostica runtime...
2026-06-13 13:14:15.603 [WARN] [medio] Runtime/errore_lettura_snapshot: Errore lettura snapshot: Impossibile convertire la stringa JSON perché un dizionario convertito da tale stringa contiene le chiavi duplicate 'Server' e 'SERVER'.
2026-06-13 13:14:15.618 [DIAG] Diagnostica memoria...
2026-06-13 13:14:15.935 [DIAG] Diagnostica file...
2026-06-13 13:14:18.198 [DIAG] Diagnostica processi...
2026-06-13 13:14:18.361 [DIAG] Diagnostica log errori...
2026-06-13 13:14:19.327 [ERROR] [critico] Log/errori_recenti: 895 errori nelle ultime 2 ore
2026-06-13 13:14:19.344 [DIAG] Generazione raccomandazioni...
2026-06-13 13:14:19.401 [FIX] Avvio azioni correttive automatiche...
2026-06-13 13:14:19.408 [INFO] Nessuna azione correttiva automatica disponibile
2026-06-13 13:14:19.414 [OK] Report diagnostica salvato: C:\cellular_speace\reports\manutenzione\correttiva\diagnosi_20260613_131415.json
2026-06-13 13:14:19.425 [OK] Diagnosi Markdown salvata: C:\cellular_speace\data\diagnosi\diagnosi_20260613_131415.md
