2026-06-13 18:27:52.061 [DIAG] Diagnostica runtime...
2026-06-13 18:27:52.077 [ERROR] [alto] Runtime/snapshot_vecchio: Snapshot ha 329.3min (>30min)
2026-06-13 18:27:52.170 [WARN] [medio] Runtime/errore_lettura_snapshot: Errore lettura snapshot: Impossibile convertire la stringa JSON perché un dizionario convertito da tale stringa contiene le chiavi duplicate 'Server' e 'SERVER'.
2026-06-13 18:27:52.218 [DIAG] Diagnostica memoria...
2026-06-13 18:27:52.227 [DIAG] Diagnostica processi...
2026-06-13 18:27:52.429 [DIAG] Generazione raccomandazioni...
2026-06-13 18:27:52.474 [OK] Report diagnostica salvato: C:\cellular_speace\reports\manutenzione\correttiva\diagnosi_20260613_182752.json
2026-06-13 18:27:52.487 [OK] Diagnosi Markdown salvata: C:\cellular_speace\data\diagnosi\diagnosi_20260613_182752.md
2026-06-13 18:27:52.660 [DIAG] Diagnostica file...
2026-06-13 18:27:52.831 [DIAG] Diagnostica processi...
2026-06-13 18:27:53.060 [DIAG] Generazione raccomandazioni...
2026-06-13 18:27:53.199 [OK] Report diagnostica salvato: C:\cellular_speace\reports\manutenzione\correttiva\diagnosi_20260613_182752.json
2026-06-13 18:27:53.203 [OK] Diagnosi Markdown salvata: C:\cellular_speace\data\diagnosi\diagnosi_20260613_182752.md
2026-06-13 18:27:57.654 [DIAG] Diagnostica processi...
2026-06-13 18:27:57.851 [DIAG] Diagnostica log errori...
2026-06-13 18:28:09.475 [ERROR] [critico] Log/errori_recenti: 3347 errori nelle ultime 2 ore
2026-06-13 18:28:10.120 [DIAG] Generazione raccomandazioni...
2026-06-13 18:28:10.519 [FIX] Avvio azioni correttive automatiche...
2026-06-13 18:28:10.542 [INFO] Nessuna azione correttiva automatica disponibile
2026-06-13 18:28:10.571 [OK] Report diagnostica salvato: C:\cellular_speace\reports\manutenzione\correttiva\diagnosi_20260613_182752.json
2026-06-13 18:28:10.608 [OK] Diagnosi Markdown salvata: C:\cellular_speace\data\diagnosi\diagnosi_20260613_182752.md
