2026-06-13 13:12:21.334 [DIAG] Diagnostica processi...
2026-06-13 13:12:21.565 [DIAG] Diagnostica processi...
2026-06-13 13:12:21.606 [WARN] Errore diagnostica processi: Eccezione durante la chiamata di "ToDateTime" con "1" argomento/i: "Argomento specificato non compreso nell'intervallo.
Nome parametro: dmtfDate"
2026-06-13 13:12:21.612 [DIAG] Generazione raccomandazioni...
2026-06-13 13:12:21.648 [OK] Report diagnostica salvato: C:\cellular_speace\reports\manutenzione\correttiva\diagnosi_20260613_131221.json
2026-06-13 13:12:21.655 [OK] Diagnosi Markdown salvata: C:\cellular_speace\data\diagnosi\diagnosi_20260613_131221.md
2026-06-13 13:12:21.846 [WARN] Errore diagnostica processi: Eccezione durante la chiamata di "ToDateTime" con "1" argomento/i: "Argomento specificato non compreso nell'intervallo.
Nome parametro: dmtfDate"
2026-06-13 13:12:21.852 [DIAG] Generazione raccomandazioni...
2026-06-13 13:12:21.911 [OK] Report diagnostica salvato: C:\cellular_speace\reports\manutenzione\correttiva\diagnosi_20260613_131221.json
2026-06-13 13:12:21.917 [OK] Diagnosi Markdown salvata: C:\cellular_speace\data\diagnosi\diagnosi_20260613_131221.md
2026-06-13 13:12:21.952 [DIAG] Diagnostica runtime...
2026-06-13 13:12:21.972 [WARN] [medio] Runtime/errore_lettura_snapshot: Errore lettura snapshot: Impossibile convertire la stringa JSON perché un dizionario convertito da tale stringa contiene le chiavi duplicate 'Server' e 'SERVER'.
2026-06-13 13:12:21.988 [DIAG] Diagnostica memoria...
2026-06-13 13:12:22.374 [DIAG] Diagnostica file...
2026-06-13 13:12:25.220 [DIAG] Diagnostica processi...
2026-06-13 13:12:25.437 [WARN] Errore diagnostica processi: Eccezione durante la chiamata di "ToDateTime" con "1" argomento/i: "Argomento specificato non compreso nell'intervallo.
Nome parametro: dmtfDate"
2026-06-13 13:12:25.437 [DIAG] Diagnostica log errori...
2026-06-13 13:12:25.449 [WARN] Errore diagnostica log: Impossibile convertire 'System.Object[]' nel tipo 'System.String' richiesto da parametro 'ChildPath'. Specificato metodo non supportato.
2026-06-13 13:12:25.453 [DIAG] Generazione raccomandazioni...
2026-06-13 13:12:25.480 [FIX] Avvio azioni correttive automatiche...
2026-06-13 13:12:25.482 [INFO] Nessuna azione correttiva automatica disponibile
2026-06-13 13:12:25.482 [OK] Report diagnostica salvato: C:\cellular_speace\reports\manutenzione\correttiva\diagnosi_20260613_131221.json
2026-06-13 13:12:25.495 [OK] Diagnosi Markdown salvata: C:\cellular_speace\data\diagnosi\diagnosi_20260613_131221.md
