2026-06-13 17:03:39.306 [DIAG] Diagnostica processi...
2026-06-13 17:03:39.503 [DIAG] Diagnostica processi...
2026-06-13 17:03:39.573 [DIAG] Generazione raccomandazioni...
2026-06-13 17:03:39.669 [OK] Report diagnostica salvato: C:\cellular_speace\reports\manutenzione\correttiva\diagnosi_20260613_170339.json
2026-06-13 17:03:39.685 [OK] Diagnosi Markdown salvata: C:\cellular_speace\data\diagnosi\diagnosi_20260613_170339.md
2026-06-13 17:03:39.752 [DIAG] Generazione raccomandazioni...
2026-06-13 17:03:39.806 [OK] Report diagnostica salvato: C:\cellular_speace\reports\manutenzione\correttiva\diagnosi_20260613_170339.json
2026-06-13 17:03:39.812 [DIAG] Diagnostica runtime...
2026-06-13 17:03:39.831 [OK] Diagnosi Markdown salvata: C:\cellular_speace\data\diagnosi\diagnosi_20260613_170339.md
2026-06-13 17:03:39.879 [ERROR] [alto] Runtime/snapshot_vecchio: Snapshot ha 245.1min (>30min)
2026-06-13 17:03:39.913 [DIAG] Diagnostica runtime...
2026-06-13 17:03:39.937 [ERROR] [alto] Runtime/snapshot_vecchio: Snapshot ha 245.1min (>30min)
2026-06-13 17:03:40.128 [WARN] [medio] Runtime/errore_lettura_snapshot: Errore lettura snapshot: Impossibile convertire la stringa JSON perché un dizionario convertito da tale stringa contiene le chiavi duplicate 'Server' e 'SERVER'.
2026-06-13 17:03:40.287 [WARN] [medio] Runtime/errore_lettura_snapshot: Errore lettura snapshot: Impossibile convertire la stringa JSON perché un dizionario convertito da tale stringa contiene le chiavi duplicate 'Server' e 'SERVER'.
2026-06-13 17:03:40.713 [DIAG] Diagnostica memoria...
2026-06-13 17:03:40.736 [DIAG] Diagnostica memoria...
2026-06-13 17:03:41.191 [DIAG] Diagnostica file...
2026-06-13 17:03:41.218 [DIAG] Diagnostica file...
2026-06-13 17:03:46.691 [DIAG] Diagnostica processi...
2026-06-13 17:03:47.077 [DIAG] Diagnostica log errori...
2026-06-13 17:03:48.641 [DIAG] Diagnostica processi...
2026-06-13 17:03:49.126 [DIAG] Diagnostica log errori...
2026-06-13 17:04:02.158 [ERROR] [critico] Log/errori_recenti: 3359 errori nelle ultime 2 ore
2026-06-13 17:04:02.387 [ERROR] [critico] Log/errori_recenti: 3359 errori nelle ultime 2 ore
2026-06-13 17:04:02.698 [DIAG] Generazione raccomandazioni...
2026-06-13 17:04:02.856 [FIX] Avvio azioni correttive automatiche...
2026-06-13 17:04:02.890 [INFO] Nessuna azione correttiva automatica disponibile
2026-06-13 17:04:02.910 [ERROR] ERRORE FATALE: Il processo non può accedere al file 'C:\cellular_speace\data\logs\manutenzione\correttiva\diagnostica_20260613_170339.log' perché è in uso da un altro processo.
2026-06-13 17:04:02.937 [OK] Report diagnostica salvato: C:\cellular_speace\reports\manutenzione\correttiva\diagnosi_20260613_170339.json
2026-06-13 17:04:02.956 [OK] Diagnosi Markdown salvata: C:\cellular_speace\data\diagnosi\diagnosi_20260613_170339.md
