2026-06-13 14:02:17.219 [DIAG] Diagnostica processi...
2026-06-13 14:02:17.363 [DIAG] Generazione raccomandazioni...
2026-06-13 14:02:17.383 [OK] Report diagnostica salvato: C:\cellular_speace\reports\manutenzione\correttiva\diagnosi_20260613_140217.json
2026-06-13 14:02:17.396 [OK] Diagnosi Markdown salvata: C:\cellular_speace\data\diagnosi\diagnosi_20260613_140217.md
2026-06-13 14:02:17.422 [DIAG] Diagnostica runtime...
2026-06-13 14:02:17.426 [ERROR] [alto] Runtime/snapshot_vecchio: Snapshot ha 63.7min (>30min)
2026-06-13 14:02:17.446 [WARN] [medio] Runtime/errore_lettura_snapshot: Errore lettura snapshot: Impossibile convertire la stringa JSON perché un dizionario convertito da tale stringa contiene le chiavi duplicate 'Server' e 'SERVER'.
2026-06-13 14:02:17.460 [DIAG] Diagnostica memoria...
2026-06-13 14:02:17.746 [DIAG] Diagnostica file...
2026-06-13 14:02:17.753 [DIAG] Diagnostica processi...
2026-06-13 14:02:17.910 [DIAG] Generazione raccomandazioni...
2026-06-13 14:02:17.932 [OK] Report diagnostica salvato: C:\cellular_speace\reports\manutenzione\correttiva\diagnosi_20260613_140217.json
2026-06-13 14:02:17.936 [OK] Diagnosi Markdown salvata: C:\cellular_speace\data\diagnosi\diagnosi_20260613_140217.md
2026-06-13 14:02:20.322 [DIAG] Diagnostica processi...
2026-06-13 14:02:20.449 [DIAG] Diagnostica log errori...
2026-06-13 14:02:23.408 [ERROR] [critico] Log/errori_recenti: 2298 errori nelle ultime 2 ore
2026-06-13 14:02:23.417 [DIAG] Generazione raccomandazioni...
2026-06-13 14:02:23.430 [FIX] Avvio azioni correttive automatiche...
2026-06-13 14:02:23.432 [INFO] Nessuna azione correttiva automatica disponibile
2026-06-13 14:02:23.432 [OK] Report diagnostica salvato: C:\cellular_speace\reports\manutenzione\correttiva\diagnosi_20260613_140217.json
2026-06-13 14:02:23.432 [OK] Diagnosi Markdown salvata: C:\cellular_speace\data\diagnosi\diagnosi_20260613_140217.md
