2026-06-13 17:00:25.557 [DIAG] Diagnostica processi...
2026-06-13 17:00:25.685 [DIAG] Generazione raccomandazioni...
2026-06-13 17:00:25.700 [OK] Report diagnostica salvato: C:\cellular_speace\reports\manutenzione\correttiva\diagnosi_20260613_170025.json
2026-06-13 17:00:25.704 [OK] Diagnosi Markdown salvata: C:\cellular_speace\data\diagnosi\diagnosi_20260613_170025.md
2026-06-13 17:00:25.727 [DIAG] Diagnostica runtime...
2026-06-13 17:00:25.738 [ERROR] [alto] Runtime/snapshot_vecchio: Snapshot ha 241.9min (>30min)
2026-06-13 17:00:25.750 [WARN] [medio] Runtime/errore_lettura_snapshot: Errore lettura snapshot: Impossibile convertire la stringa JSON perché un dizionario convertito da tale stringa contiene le chiavi duplicate 'Server' e 'SERVER'.
2026-06-13 17:00:25.760 [DIAG] Diagnostica memoria...
2026-06-13 17:00:25.973 [DIAG] Diagnostica processi...
2026-06-13 17:00:26.009 [DIAG] Diagnostica file...
2026-06-13 17:00:26.106 [DIAG] Generazione raccomandazioni...
2026-06-13 17:00:26.122 [OK] Report diagnostica salvato: C:\cellular_speace\reports\manutenzione\correttiva\diagnosi_20260613_170025.json
2026-06-13 17:00:26.122 [OK] Diagnosi Markdown salvata: C:\cellular_speace\data\diagnosi\diagnosi_20260613_170025.md
2026-06-13 17:00:28.746 [DIAG] Diagnostica processi...
2026-06-13 17:00:28.900 [DIAG] Diagnostica log errori...
2026-06-13 17:00:34.591 [ERROR] [critico] Log/errori_recenti: 3382 errori nelle ultime 2 ore
2026-06-13 17:00:34.599 [DIAG] Generazione raccomandazioni...
2026-06-13 17:00:34.621 [FIX] Avvio azioni correttive automatiche...
2026-06-13 17:00:34.623 [INFO] Nessuna azione correttiva automatica disponibile
2026-06-13 17:00:34.623 [OK] Report diagnostica salvato: C:\cellular_speace\reports\manutenzione\correttiva\diagnosi_20260613_170025.json
2026-06-13 17:00:34.630 [OK] Diagnosi Markdown salvata: C:\cellular_speace\data\diagnosi\diagnosi_20260613_170025.md
