2026-06-13 15:11:59.075 [DIAG] Diagnostica processi...
2026-06-13 15:11:59.083 [DIAG] Diagnostica processi...
2026-06-13 15:11:59.304 [DIAG] Generazione raccomandazioni...
2026-06-13 15:11:59.337 [DIAG] Generazione raccomandazioni...
2026-06-13 15:11:59.378 [OK] Report diagnostica salvato: C:\cellular_speace\reports\manutenzione\correttiva\diagnosi_20260613_151159.json
2026-06-13 15:11:59.392 [OK] Diagnosi Markdown salvata: C:\cellular_speace\data\diagnosi\diagnosi_20260613_151159.md
2026-06-13 15:11:59.396 [OK] Report diagnostica salvato: C:\cellular_speace\reports\manutenzione\correttiva\diagnosi_20260613_151159.json
2026-06-13 15:11:59.422 [OK] Diagnosi Markdown salvata: C:\cellular_speace\data\diagnosi\diagnosi_20260613_151159.md
2026-06-13 15:11:59.456 [DIAG] Diagnostica runtime...
2026-06-13 15:11:59.467 [ERROR] [alto] Runtime/snapshot_vecchio: Snapshot ha 133.4min (>30min)
2026-06-13 15:11:59.493 [WARN] [medio] Runtime/errore_lettura_snapshot: Errore lettura snapshot: Impossibile convertire la stringa JSON perché un dizionario convertito da tale stringa contiene le chiavi duplicate 'Server' e 'SERVER'.
2026-06-13 15:11:59.519 [DIAG] Diagnostica memoria...
2026-06-13 15:11:59.923 [DIAG] Diagnostica file...
2026-06-13 15:12:04.948 [DIAG] Diagnostica processi...
2026-06-13 15:12:05.232 [DIAG] Diagnostica log errori...
2026-06-13 15:12:14.996 [ERROR] [critico] Log/errori_recenti: 3579 errori nelle ultime 2 ore
2026-06-13 15:12:15.222 [DIAG] Generazione raccomandazioni...
2026-06-13 15:12:15.376 [FIX] Avvio azioni correttive automatiche...
2026-06-13 15:12:15.388 [INFO] Nessuna azione correttiva automatica disponibile
2026-06-13 15:12:15.457 [OK] Report diagnostica salvato: C:\cellular_speace\reports\manutenzione\correttiva\diagnosi_20260613_151159.json
2026-06-13 15:12:15.471 [OK] Diagnosi Markdown salvata: C:\cellular_speace\data\diagnosi\diagnosi_20260613_151159.md
