2026-06-13 18:09:36.040 [DIAG] Diagnostica processi...
2026-06-13 18:09:36.287 [DIAG] Generazione raccomandazioni...
2026-06-13 18:09:36.340 [OK] Report diagnostica salvato: C:\cellular_speace\reports\manutenzione\correttiva\diagnosi_20260613_180936.json
2026-06-13 18:09:36.354 [OK] Diagnosi Markdown salvata: C:\cellular_speace\data\diagnosi\diagnosi_20260613_180936.md
2026-06-13 18:09:36.386 [DIAG] Diagnostica processi...
2026-06-13 18:09:36.399 [DIAG] Diagnostica runtime...
2026-06-13 18:09:36.409 [ERROR] [alto] Runtime/snapshot_vecchio: Snapshot ha 311.1min (>30min)
2026-06-13 18:09:36.532 [WARN] [medio] Runtime/errore_lettura_snapshot: Errore lettura snapshot: Impossibile convertire la stringa JSON perché un dizionario convertito da tale stringa contiene le chiavi duplicate 'Server' e 'SERVER'.
2026-06-13 18:09:36.554 [DIAG] Diagnostica memoria...
2026-06-13 18:09:36.606 [DIAG] Generazione raccomandazioni...
2026-06-13 18:09:36.660 [OK] Report diagnostica salvato: C:\cellular_speace\reports\manutenzione\correttiva\diagnosi_20260613_180936.json
2026-06-13 18:09:36.683 [OK] Diagnosi Markdown salvata: C:\cellular_speace\data\diagnosi\diagnosi_20260613_180936.md
2026-06-13 18:09:36.972 [DIAG] Diagnostica file...
2026-06-13 18:09:41.739 [DIAG] Diagnostica processi...
2026-06-13 18:09:41.925 [DIAG] Diagnostica log errori...
2026-06-13 18:09:48.721 [ERROR] [critico] Log/errori_recenti: 3383 errori nelle ultime 2 ore
2026-06-13 18:09:48.729 [DIAG] Generazione raccomandazioni...
2026-06-13 18:09:48.746 [FIX] Avvio azioni correttive automatiche...
2026-06-13 18:09:48.755 [INFO] Nessuna azione correttiva automatica disponibile
2026-06-13 18:09:48.759 [OK] Report diagnostica salvato: C:\cellular_speace\reports\manutenzione\correttiva\diagnosi_20260613_180936.json
2026-06-13 18:09:48.761 [OK] Diagnosi Markdown salvata: C:\cellular_speace\data\diagnosi\diagnosi_20260613_180936.md
