2026-06-13 18:54:37.618 [DIAG] Diagnostica processi...
2026-06-13 18:54:37.727 [DIAG] Diagnostica processi...
2026-06-13 18:54:37.774 [DIAG] Generazione raccomandazioni...
2026-06-13 18:54:37.792 [OK] Report diagnostica salvato: C:\cellular_speace\reports\manutenzione\correttiva\diagnosi_20260613_185437.json
2026-06-13 18:54:37.796 [OK] Diagnosi Markdown salvata: C:\cellular_speace\data\diagnosi\diagnosi_20260613_185437.md
2026-06-13 18:54:37.805 [DIAG] Diagnostica runtime...
2026-06-13 18:54:37.805 [ERROR] [alto] Runtime/snapshot_vecchio: Snapshot ha 356.1min (>30min)
2026-06-13 18:54:37.834 [WARN] [medio] Runtime/errore_lettura_snapshot: Errore lettura snapshot: Impossibile convertire la stringa JSON perché un dizionario convertito da tale stringa contiene le chiavi duplicate 'Server' e 'SERVER'.
2026-06-13 18:54:37.843 [DIAG] Diagnostica memoria...
2026-06-13 18:54:37.868 [DIAG] Generazione raccomandazioni...
2026-06-13 18:54:37.868 [OK] Report diagnostica salvato: C:\cellular_speace\reports\manutenzione\correttiva\diagnosi_20260613_185437.json
2026-06-13 18:54:37.884 [OK] Diagnosi Markdown salvata: C:\cellular_speace\data\diagnosi\diagnosi_20260613_185437.md
2026-06-13 18:54:38.055 [DIAG] Diagnostica file...
2026-06-13 18:54:40.857 [DIAG] Diagnostica processi...
2026-06-13 18:54:40.966 [DIAG] Diagnostica log errori...
2026-06-13 18:54:45.344 [ERROR] [critico] Log/errori_recenti: 3298 errori nelle ultime 2 ore
2026-06-13 18:54:45.352 [DIAG] Generazione raccomandazioni...
2026-06-13 18:54:45.360 [FIX] Avvio azioni correttive automatiche...
2026-06-13 18:54:45.360 [INFO] Nessuna azione correttiva automatica disponibile
2026-06-13 18:54:45.360 [OK] Report diagnostica salvato: C:\cellular_speace\reports\manutenzione\correttiva\diagnosi_20260613_185437.json
2026-06-13 18:54:45.376 [OK] Diagnosi Markdown salvata: C:\cellular_speace\data\diagnosi\diagnosi_20260613_185437.md
