2026-06-13 16:16:25.045 [DIAG] Diagnostica runtime...
2026-06-13 16:16:25.045 [ERROR] [alto] Runtime/snapshot_vecchio: Snapshot ha 197.9min (>30min)
2026-06-13 16:16:25.058 [DIAG] Diagnostica runtime...
2026-06-13 16:16:25.058 [ERROR] [alto] Runtime/snapshot_vecchio: Snapshot ha 197.9min (>30min)
2026-06-13 16:16:25.066 [WARN] [medio] Runtime/errore_lettura_snapshot: Errore lettura snapshot: Impossibile convertire la stringa JSON perché un dizionario convertito da tale stringa contiene le chiavi duplicate 'Server' e 'SERVER'.
2026-06-13 16:16:25.074 [DIAG] Diagnostica memoria...
2026-06-13 16:16:25.074 [WARN] [medio] Runtime/errore_lettura_snapshot: Errore lettura snapshot: Impossibile convertire la stringa JSON perché un dizionario convertito da tale stringa contiene le chiavi duplicate 'Server' e 'SERVER'.
2026-06-13 16:16:25.090 [DIAG] Diagnostica memoria...
2026-06-13 16:16:25.334 [DIAG] Diagnostica file...
2026-06-13 16:16:25.382 [DIAG] Diagnostica file...
2026-06-13 16:16:28.643 [DIAG] Diagnostica processi...
2026-06-13 16:16:28.729 [DIAG] Diagnostica processi...
2026-06-13 16:16:28.800 [DIAG] Diagnostica log errori...
2026-06-13 16:16:28.901 [DIAG] Diagnostica log errori...
2026-06-13 16:16:33.514 [ERROR] [critico] Log/errori_recenti: 3334 errori nelle ultime 2 ore
2026-06-13 16:16:33.514 [DIAG] Generazione raccomandazioni...
2026-06-13 16:16:33.535 [FIX] Avvio azioni correttive automatiche...
2026-06-13 16:16:33.537 [INFO] Nessuna azione correttiva automatica disponibile
2026-06-13 16:16:33.542 [OK] Report diagnostica salvato: C:\cellular_speace\reports\manutenzione\correttiva\diagnosi_20260613_161625.json
2026-06-13 16:16:33.546 [ERROR] [critico] Log/errori_recenti: 3334 errori nelle ultime 2 ore
2026-06-13 16:16:33.546 [ERROR] ERRORE FATALE: Il processo non può accedere al file 'C:\cellular_speace\data\logs\manutenzione\correttiva\diagnostica_20260613_161625.log' perché è in uso da un altro processo.
2026-06-13 16:16:33.546 [DIAG] Generazione raccomandazioni...
2026-06-13 16:16:33.571 [FIX] Avvio azioni correttive automatiche...
2026-06-13 16:16:33.571 [INFO] Nessuna azione correttiva automatica disponibile
2026-06-13 16:16:33.577 [OK] Report diagnostica salvato: C:\cellular_speace\reports\manutenzione\correttiva\diagnosi_20260613_161625.json
2026-06-13 16:16:33.577 [OK] Diagnosi Markdown salvata: C:\cellular_speace\data\diagnosi\diagnosi_20260613_161625.md
