2026-06-13 14:24:34.043 [DIAG] Diagnostica runtime...
2026-06-13 14:24:34.046 [ERROR] [alto] Runtime/snapshot_vecchio: Snapshot ha 86min (>30min)
2026-06-13 14:24:34.064 [WARN] [medio] Runtime/errore_lettura_snapshot: Errore lettura snapshot: Impossibile convertire la stringa JSON perché un dizionario convertito da tale stringa contiene le chiavi duplicate 'Server' e 'SERVER'.
2026-06-13 14:24:34.077 [DIAG] Diagnostica memoria...
2026-06-13 14:24:34.144 [DIAG] Diagnostica runtime...
2026-06-13 14:24:34.144 [ERROR] [alto] Runtime/snapshot_vecchio: Snapshot ha 86min (>30min)
2026-06-13 14:24:34.184 [WARN] [medio] Runtime/errore_lettura_snapshot: Errore lettura snapshot: Impossibile convertire la stringa JSON perché un dizionario convertito da tale stringa contiene le chiavi duplicate 'Server' e 'SERVER'.
2026-06-13 14:24:34.196 [DIAG] Diagnostica memoria...
2026-06-13 14:24:34.370 [DIAG] Diagnostica file...
2026-06-13 14:24:34.477 [DIAG] Diagnostica file...
2026-06-13 14:24:38.006 [DIAG] Diagnostica processi...
2026-06-13 14:24:38.146 [DIAG] Diagnostica processi...
2026-06-13 14:24:38.168 [DIAG] Diagnostica log errori...
2026-06-13 14:24:38.327 [DIAG] Diagnostica log errori...
2026-06-13 14:24:43.396 [ERROR] [critico] Log/errori_recenti: 2853 errori nelle ultime 2 ore
2026-06-13 14:24:43.405 [DIAG] Generazione raccomandazioni...
2026-06-13 14:24:43.430 [FIX] Avvio azioni correttive automatiche...
2026-06-13 14:24:43.436 [INFO] Nessuna azione correttiva automatica disponibile
2026-06-13 14:24:43.442 [OK] Report diagnostica salvato: C:\cellular_speace\reports\manutenzione\correttiva\diagnosi_20260613_142434.json
2026-06-13 14:24:43.450 [OK] Diagnosi Markdown salvata: C:\cellular_speace\data\diagnosi\diagnosi_20260613_142434.md
2026-06-13 14:24:43.620 [ERROR] [critico] Log/errori_recenti: 2854 errori nelle ultime 2 ore
2026-06-13 14:24:43.634 [DIAG] Generazione raccomandazioni...
2026-06-13 14:24:43.652 [FIX] Avvio azioni correttive automatiche...
2026-06-13 14:24:43.652 [INFO] Nessuna azione correttiva automatica disponibile
2026-06-13 14:24:43.652 [OK] Report diagnostica salvato: C:\cellular_speace\reports\manutenzione\correttiva\diagnosi_20260613_142434.json
2026-06-13 14:24:43.665 [OK] Diagnosi Markdown salvata: C:\cellular_speace\data\diagnosi\diagnosi_20260613_142434.md
