2026-06-13 17:28:18.108 [DIAG] Diagnostica runtime...
2026-06-13 17:28:18.108 [ERROR] [alto] Runtime/snapshot_vecchio: Snapshot ha 269.7min (>30min)
2026-06-13 17:28:18.139 [WARN] [medio] Runtime/errore_lettura_snapshot: Errore lettura snapshot: Impossibile convertire la stringa JSON perché un dizionario convertito da tale stringa contiene le chiavi duplicate 'Server' e 'SERVER'.
2026-06-13 17:28:18.153 [DIAG] Diagnostica memoria...
2026-06-13 17:28:18.528 [DIAG] Diagnostica file...
2026-06-13 17:28:18.714 [DIAG] Diagnostica processi...
2026-06-13 17:28:18.913 [DIAG] Generazione raccomandazioni...
2026-06-13 17:28:18.931 [OK] Report diagnostica salvato: C:\cellular_speace\reports\manutenzione\correttiva\diagnosi_20260613_172818.json
2026-06-13 17:28:18.934 [OK] Diagnosi Markdown salvata: C:\cellular_speace\data\diagnosi\diagnosi_20260613_172818.md
2026-06-13 17:28:18.968 [DIAG] Diagnostica runtime...
2026-06-13 17:28:18.974 [ERROR] [alto] Runtime/snapshot_vecchio: Snapshot ha 269.8min (>30min)
2026-06-13 17:28:18.995 [WARN] [medio] Runtime/errore_lettura_snapshot: Errore lettura snapshot: Impossibile convertire la stringa JSON perché un dizionario convertito da tale stringa contiene le chiavi duplicate 'Server' e 'SERVER'.
2026-06-13 17:28:19.011 [DIAG] Diagnostica memoria...
2026-06-13 17:28:19.354 [DIAG] Diagnostica file...
2026-06-13 17:28:22.860 [DIAG] Diagnostica processi...
2026-06-13 17:28:23.071 [DIAG] Diagnostica log errori...
2026-06-13 17:28:23.931 [DIAG] Diagnostica processi...
2026-06-13 17:28:24.102 [DIAG] Diagnostica log errori...
2026-06-13 17:28:30.032 [ERROR] [critico] Log/errori_recenti: 3370 errori nelle ultime 2 ore
2026-06-13 17:28:30.040 [DIAG] Generazione raccomandazioni...
2026-06-13 17:28:30.064 [FIX] Avvio azioni correttive automatiche...
2026-06-13 17:28:30.068 [INFO] Nessuna azione correttiva automatica disponibile
2026-06-13 17:28:30.071 [OK] Report diagnostica salvato: C:\cellular_speace\reports\manutenzione\correttiva\diagnosi_20260613_172818.json
2026-06-13 17:28:30.071 [OK] Diagnosi Markdown salvata: C:\cellular_speace\data\diagnosi\diagnosi_20260613_172818.md
2026-06-13 17:28:30.744 [ERROR] [critico] Log/errori_recenti: 3371 errori nelle ultime 2 ore
2026-06-13 17:28:30.760 [DIAG] Generazione raccomandazioni...
2026-06-13 17:28:30.778 [FIX] Avvio azioni correttive automatiche...
2026-06-13 17:28:30.778 [INFO] Nessuna azione correttiva automatica disponibile
2026-06-13 17:28:30.784 [OK] Report diagnostica salvato: C:\cellular_speace\reports\manutenzione\correttiva\diagnosi_20260613_172818.json
2026-06-13 17:28:30.788 [OK] Diagnosi Markdown salvata: C:\cellular_speace\data\diagnosi\diagnosi_20260613_172818.md
