2026-06-13 18:15:57.167 [DIAG] Diagnostica processi...
2026-06-13 18:15:57.190 [DIAG] Diagnostica runtime...
2026-06-13 18:15:57.196 [ERROR] [alto] Runtime/snapshot_vecchio: Snapshot ha 317.4min (>30min)
2026-06-13 18:15:57.214 [WARN] [medio] Runtime/errore_lettura_snapshot: Errore lettura snapshot: Impossibile convertire la stringa JSON perché un dizionario convertito da tale stringa contiene le chiavi duplicate 'Server' e 'SERVER'.
2026-06-13 18:15:57.229 [DIAG] Diagnostica memoria...
2026-06-13 18:15:57.333 [DIAG] Generazione raccomandazioni...
2026-06-13 18:15:57.358 [OK] Report diagnostica salvato: C:\cellular_speace\reports\manutenzione\correttiva\diagnosi_20260613_181557.json
2026-06-13 18:15:57.364 [OK] Diagnosi Markdown salvata: C:\cellular_speace\data\diagnosi\diagnosi_20260613_181557.md
2026-06-13 18:15:57.390 [DIAG] Diagnostica runtime...
2026-06-13 18:15:57.394 [ERROR] [alto] Runtime/snapshot_vecchio: Snapshot ha 317.4min (>30min)
2026-06-13 18:15:57.412 [WARN] [medio] Runtime/errore_lettura_snapshot: Errore lettura snapshot: Impossibile convertire la stringa JSON perché un dizionario convertito da tale stringa contiene le chiavi duplicate 'Server' e 'SERVER'.
2026-06-13 18:15:57.424 [DIAG] Diagnostica memoria...
2026-06-13 18:15:57.497 [DIAG] Diagnostica processi...
2026-06-13 18:15:57.618 [DIAG] Diagnostica file...
2026-06-13 18:15:57.687 [DIAG] Generazione raccomandazioni...
2026-06-13 18:15:57.704 [OK] Report diagnostica salvato: C:\cellular_speace\reports\manutenzione\correttiva\diagnosi_20260613_181557.json
2026-06-13 18:15:57.712 [OK] Diagnosi Markdown salvata: C:\cellular_speace\data\diagnosi\diagnosi_20260613_181557.md
2026-06-13 18:15:57.837 [DIAG] Diagnostica file...
2026-06-13 18:16:02.385 [DIAG] Diagnostica processi...
2026-06-13 18:16:02.610 [DIAG] Diagnostica log errori...
2026-06-13 18:16:02.757 [DIAG] Diagnostica processi...
2026-06-13 18:16:02.979 [DIAG] Diagnostica log errori...
2026-06-13 18:16:09.172 [ERROR] [critico] Log/errori_recenti: 3420 errori nelle ultime 2 ore
2026-06-13 18:16:09.188 [DIAG] Generazione raccomandazioni...
2026-06-13 18:16:09.207 [FIX] Avvio azioni correttive automatiche...
2026-06-13 18:16:09.210 [INFO] Nessuna azione correttiva automatica disponibile
2026-06-13 18:16:09.214 [OK] Report diagnostica salvato: C:\cellular_speace\reports\manutenzione\correttiva\diagnosi_20260613_181557.json
2026-06-13 18:16:09.218 [OK] Diagnosi Markdown salvata: C:\cellular_speace\data\diagnosi\diagnosi_20260613_181557.md
2026-06-13 18:16:09.562 [ERROR] [critico] Log/errori_recenti: 3421 errori nelle ultime 2 ore
2026-06-13 18:16:09.573 [DIAG] Generazione raccomandazioni...
2026-06-13 18:16:09.591 [FIX] Avvio azioni correttive automatiche...
2026-06-13 18:16:09.593 [INFO] Nessuna azione correttiva automatica disponibile
2026-06-13 18:16:09.597 [OK] Report diagnostica salvato: C:\cellular_speace\reports\manutenzione\correttiva\diagnosi_20260613_181557.json
2026-06-13 18:16:09.602 [OK] Diagnosi Markdown salvata: C:\cellular_speace\data\diagnosi\diagnosi_20260613_181557.md
