2026-06-13 13:47:04.099 [DIAG] Diagnostica runtime...
2026-06-13 13:47:04.105 [ERROR] [alto] Runtime/snapshot_vecchio: Snapshot ha 48.5min (>30min)
2026-06-13 13:47:04.125 [WARN] [medio] Runtime/errore_lettura_snapshot: Errore lettura snapshot: Impossibile convertire la stringa JSON perché un dizionario convertito da tale stringa contiene le chiavi duplicate 'Server' e 'SERVER'.
2026-06-13 13:47:04.142 [DIAG] Diagnostica memoria...
2026-06-13 13:47:04.242 [DIAG] Diagnostica processi...
2026-06-13 13:47:04.463 [DIAG] Generazione raccomandazioni...
2026-06-13 13:47:04.489 [OK] Report diagnostica salvato: C:\cellular_speace\reports\manutenzione\correttiva\diagnosi_20260613_134704.json
2026-06-13 13:47:04.495 [OK] Diagnosi Markdown salvata: C:\cellular_speace\data\diagnosi\diagnosi_20260613_134704.md
2026-06-13 13:47:04.519 [DIAG] Diagnostica file...
2026-06-13 13:47:04.538 [DIAG] Diagnostica runtime...
2026-06-13 13:47:04.544 [ERROR] [alto] Runtime/snapshot_vecchio: Snapshot ha 48.5min (>30min)
2026-06-13 13:47:04.567 [WARN] [medio] Runtime/errore_lettura_snapshot: Errore lettura snapshot: Impossibile convertire la stringa JSON perché un dizionario convertito da tale stringa contiene le chiavi duplicate 'Server' e 'SERVER'.
2026-06-13 13:47:04.585 [DIAG] Diagnostica memoria...
2026-06-13 13:47:05.017 [DIAG] Diagnostica file...
2026-06-13 13:47:08.835 [DIAG] Diagnostica processi...
2026-06-13 13:47:09.099 [DIAG] Diagnostica log errori...
2026-06-13 13:47:09.636 [DIAG] Diagnostica processi...
2026-06-13 13:47:09.869 [DIAG] Diagnostica log errori...
2026-06-13 13:47:15.643 [ERROR] [critico] Log/errori_recenti: 1803 errori nelle ultime 2 ore
2026-06-13 13:47:16.148 [DIAG] Generazione raccomandazioni...
2026-06-13 13:47:16.445 [FIX] Avvio azioni correttive automatiche...
2026-06-13 13:47:16.472 [INFO] Nessuna azione correttiva automatica disponibile
2026-06-13 13:47:16.520 [OK] Report diagnostica salvato: C:\cellular_speace\reports\manutenzione\correttiva\diagnosi_20260613_134704.json
2026-06-13 13:47:16.583 [OK] Diagnosi Markdown salvata: C:\cellular_speace\data\diagnosi\diagnosi_20260613_134704.md
2026-06-13 13:47:16.654 [ERROR] [critico] Log/errori_recenti: 1806 errori nelle ultime 2 ore
2026-06-13 13:47:16.979 [DIAG] Generazione raccomandazioni...
2026-06-13 13:47:17.159 [FIX] Avvio azioni correttive automatiche...
2026-06-13 13:47:17.171 [INFO] Nessuna azione correttiva automatica disponibile
2026-06-13 13:47:17.181 [OK] Report diagnostica salvato: C:\cellular_speace\reports\manutenzione\correttiva\diagnosi_20260613_134704.json
2026-06-13 13:47:17.208 [OK] Diagnosi Markdown salvata: C:\cellular_speace\data\diagnosi\diagnosi_20260613_134704.md
