2026-06-13 13:37:24.410 [DIAG] Diagnostica processi...
2026-06-13 13:37:24.418 [ERROR] ERRORE FATALE: Il processo non può accedere al file 'C:\cellular_speace\data\logs\manutenzione\correttiva\diagnostica_20260613_133724.log' perché è in uso da un altro processo.
2026-06-13 13:37:24.652 [DIAG] Diagnostica processi...
2026-06-13 13:37:24.669 [DIAG] Generazione raccomandazioni...
2026-06-13 13:37:24.712 [OK] Report diagnostica salvato: C:\cellular_speace\reports\manutenzione\correttiva\diagnosi_20260613_133724.json
2026-06-13 13:37:24.720 [OK] Diagnosi Markdown salvata: C:\cellular_speace\data\diagnosi\diagnosi_20260613_133724.md
2026-06-13 13:37:24.880 [DIAG] Generazione raccomandazioni...
2026-06-13 13:37:24.915 [OK] Report diagnostica salvato: C:\cellular_speace\reports\manutenzione\correttiva\diagnosi_20260613_133724.json
2026-06-13 13:37:24.923 [OK] Diagnosi Markdown salvata: C:\cellular_speace\data\diagnosi\diagnosi_20260613_133724.md
2026-06-13 13:37:24.966 [DIAG] Diagnostica runtime...
2026-06-13 13:37:24.979 [ERROR] [alto] Runtime/snapshot_vecchio: Snapshot ha 38.9min (>30min)
2026-06-13 13:37:25.032 [WARN] [medio] Runtime/errore_lettura_snapshot: Errore lettura snapshot: Impossibile convertire la stringa JSON perché un dizionario convertito da tale stringa contiene le chiavi duplicate 'Server' e 'SERVER'.
2026-06-13 13:37:25.114 [DIAG] Diagnostica memoria...
2026-06-13 13:37:25.520 [DIAG] Diagnostica file...
2026-06-13 13:37:29.931 [DIAG] Diagnostica processi...
2026-06-13 13:37:30.164 [DIAG] Diagnostica log errori...
2026-06-13 13:37:34.062 [ERROR] [critico] Log/errori_recenti: 1554 errori nelle ultime 2 ore
2026-06-13 13:37:34.453 [DIAG] Generazione raccomandazioni...
2026-06-13 13:37:34.704 [FIX] Avvio azioni correttive automatiche...
2026-06-13 13:37:34.746 [INFO] Nessuna azione correttiva automatica disponibile
2026-06-13 13:37:34.811 [OK] Report diagnostica salvato: C:\cellular_speace\reports\manutenzione\correttiva\diagnosi_20260613_133724.json
2026-06-13 13:37:34.906 [OK] Diagnosi Markdown salvata: C:\cellular_speace\data\diagnosi\diagnosi_20260613_133724.md
