2026-06-13 16:57:23.253 [DIAG] Diagnostica processi...
2026-06-13 16:57:23.438 [DIAG] Generazione raccomandazioni...
2026-06-13 16:57:23.466 [OK] Report diagnostica salvato: C:\cellular_speace\reports\manutenzione\correttiva\diagnosi_20260613_165723.json
2026-06-13 16:57:23.472 [OK] Diagnosi Markdown salvata: C:\cellular_speace\data\diagnosi\diagnosi_20260613_165723.md
2026-06-13 16:57:23.499 [DIAG] Diagnostica runtime...
2026-06-13 16:57:23.507 [ERROR] [alto] Runtime/snapshot_vecchio: Snapshot ha 238.8min (>30min)
2026-06-13 16:57:23.530 [WARN] [medio] Runtime/errore_lettura_snapshot: Errore lettura snapshot: Impossibile convertire la stringa JSON perché un dizionario convertito da tale stringa contiene le chiavi duplicate 'Server' e 'SERVER'.
2026-06-13 16:57:23.544 [DIAG] Diagnostica memoria...
2026-06-13 16:57:23.614 [DIAG] Diagnostica processi...
2026-06-13 16:57:23.818 [DIAG] Generazione raccomandazioni...
2026-06-13 16:57:23.835 [OK] Report diagnostica salvato: C:\cellular_speace\reports\manutenzione\correttiva\diagnosi_20260613_165723.json
2026-06-13 16:57:23.839 [OK] Diagnosi Markdown salvata: C:\cellular_speace\data\diagnosi\diagnosi_20260613_165723.md
2026-06-13 16:57:23.883 [DIAG] Diagnostica file...
2026-06-13 16:57:27.579 [DIAG] Diagnostica processi...
2026-06-13 16:57:27.709 [DIAG] Diagnostica log errori...
2026-06-13 16:57:32.640 [ERROR] [critico] Log/errori_recenti: 3374 errori nelle ultime 2 ore
2026-06-13 16:57:32.648 [DIAG] Generazione raccomandazioni...
2026-06-13 16:57:32.662 [FIX] Avvio azioni correttive automatiche...
2026-06-13 16:57:32.665 [INFO] Nessuna azione correttiva automatica disponibile
2026-06-13 16:57:32.669 [OK] Report diagnostica salvato: C:\cellular_speace\reports\manutenzione\correttiva\diagnosi_20260613_165723.json
2026-06-13 16:57:32.669 [OK] Diagnosi Markdown salvata: C:\cellular_speace\data\diagnosi\diagnosi_20260613_165723.md
