2026-06-13 16:10:46.362 [DIAG] Diagnostica processi...
2026-06-13 16:10:46.596 [DIAG] Generazione raccomandazioni...
2026-06-13 16:10:46.648 [OK] Report diagnostica salvato: C:\cellular_speace\reports\manutenzione\correttiva\diagnosi_20260613_161046.json
2026-06-13 16:10:46.669 [OK] Diagnosi Markdown salvata: C:\cellular_speace\data\diagnosi\diagnosi_20260613_161046.md
2026-06-13 16:10:46.739 [DIAG] Diagnostica runtime...
2026-06-13 16:10:46.753 [ERROR] [alto] Runtime/snapshot_vecchio: Snapshot ha 192.2min (>30min)
2026-06-13 16:10:46.808 [WARN] [medio] Runtime/errore_lettura_snapshot: Errore lettura snapshot: Impossibile convertire la stringa JSON perché un dizionario convertito da tale stringa contiene le chiavi duplicate 'Server' e 'SERVER'.
2026-06-13 16:10:46.823 [DIAG] Diagnostica processi...
2026-06-13 16:10:46.879 [DIAG] Diagnostica memoria...
2026-06-13 16:10:47.047 [DIAG] Generazione raccomandazioni...
2026-06-13 16:10:47.108 [OK] Report diagnostica salvato: C:\cellular_speace\reports\manutenzione\correttiva\diagnosi_20260613_161046.json
2026-06-13 16:10:47.118 [OK] Diagnosi Markdown salvata: C:\cellular_speace\data\diagnosi\diagnosi_20260613_161046.md
2026-06-13 16:10:47.314 [DIAG] Diagnostica file...
2026-06-13 16:10:52.722 [DIAG] Diagnostica processi...
2026-06-13 16:10:52.940 [DIAG] Diagnostica log errori...
2026-06-13 16:11:03.266 [ERROR] [critico] Log/errori_recenti: 3322 errori nelle ultime 2 ore
2026-06-13 16:11:03.589 [DIAG] Generazione raccomandazioni...
2026-06-13 16:11:03.815 [FIX] Avvio azioni correttive automatiche...
2026-06-13 16:11:03.825 [INFO] Nessuna azione correttiva automatica disponibile
2026-06-13 16:11:03.854 [OK] Report diagnostica salvato: C:\cellular_speace\reports\manutenzione\correttiva\diagnosi_20260613_161046.json
2026-06-13 16:11:03.914 [OK] Diagnosi Markdown salvata: C:\cellular_speace\data\diagnosi\diagnosi_20260613_161046.md
