2026-06-13 16:07:26.073 [DIAG] Diagnostica processi...
2026-06-13 16:07:26.261 [DIAG] Generazione raccomandazioni...
2026-06-13 16:07:26.296 [OK] Report diagnostica salvato: C:\cellular_speace\reports\manutenzione\correttiva\diagnosi_20260613_160726.json
2026-06-13 16:07:26.319 [OK] Diagnosi Markdown salvata: C:\cellular_speace\data\diagnosi\diagnosi_20260613_160726.md
2026-06-13 16:07:26.548 [DIAG] Diagnostica processi...
2026-06-13 16:07:26.734 [DIAG] Generazione raccomandazioni...
2026-06-13 16:07:26.750 [OK] Report diagnostica salvato: C:\cellular_speace\reports\manutenzione\correttiva\diagnosi_20260613_160726.json
2026-06-13 16:07:26.758 [OK] Diagnosi Markdown salvata: C:\cellular_speace\data\diagnosi\diagnosi_20260613_160726.md
2026-06-13 16:07:26.787 [DIAG] Diagnostica runtime...
2026-06-13 16:07:26.792 [ERROR] [alto] Runtime/snapshot_vecchio: Snapshot ha 188.9min (>30min)
2026-06-13 16:07:26.807 [WARN] [medio] Runtime/errore_lettura_snapshot: Errore lettura snapshot: Impossibile convertire la stringa JSON perché un dizionario convertito da tale stringa contiene le chiavi duplicate 'Server' e 'SERVER'.
2026-06-13 16:07:26.827 [DIAG] Diagnostica memoria...
2026-06-13 16:07:27.251 [DIAG] Diagnostica file...
2026-06-13 16:07:30.040 [DIAG] Diagnostica processi...
2026-06-13 16:07:30.142 [DIAG] Diagnostica log errori...
2026-06-13 16:07:34.045 [ERROR] [critico] Log/errori_recenti: 3294 errori nelle ultime 2 ore
2026-06-13 16:07:34.045 [DIAG] Generazione raccomandazioni...
2026-06-13 16:07:34.071 [FIX] Avvio azioni correttive automatiche...
2026-06-13 16:07:34.071 [INFO] Nessuna azione correttiva automatica disponibile
2026-06-13 16:07:34.076 [OK] Report diagnostica salvato: C:\cellular_speace\reports\manutenzione\correttiva\diagnosi_20260613_160726.json
2026-06-13 16:07:34.076 [OK] Diagnosi Markdown salvata: C:\cellular_speace\data\diagnosi\diagnosi_20260613_160726.md
