2026-06-13 17:50:40.240 [DIAG] Diagnostica runtime...
2026-06-13 17:50:40.311 [DIAG] Diagnostica runtime...
2026-06-13 17:50:40.329 [WARN] [medio] Runtime/errore_lettura_snapshot: Errore lettura snapshot: Il processo non può accedere al file 'C:\cellular_speace\data\logs\manutenzione\correttiva\diagnostica_20260613_175040.log' perché è in uso da un altro processo.
2026-06-13 17:50:40.370 [ERROR] [alto] Runtime/snapshot_vecchio: Snapshot ha 292.1min (>30min)
2026-06-13 17:50:41.136 [WARN] [medio] Runtime/errore_lettura_snapshot: Errore lettura snapshot: Impossibile convertire la stringa JSON perché un dizionario convertito da tale stringa contiene le chiavi duplicate 'Server' e 'SERVER'.
2026-06-13 17:50:41.837 [DIAG] Diagnostica memoria...
2026-06-13 17:50:42.508 [DIAG] Diagnostica file...
2026-06-13 17:50:42.730 [DIAG] Diagnostica memoria...
2026-06-13 17:50:43.686 [DIAG] Diagnostica file...
2026-06-13 17:50:49.821 [DIAG] Diagnostica processi...
2026-06-13 17:50:50.332 [DIAG] Diagnostica log errori...
2026-06-13 17:50:51.900 [DIAG] Diagnostica processi...
2026-06-13 17:50:52.304 [DIAG] Diagnostica log errori...
2026-06-13 17:51:02.343 [ERROR] [critico] Log/errori_recenti: 3407 errori nelle ultime 2 ore
2026-06-13 17:51:02.948 [DIAG] Generazione raccomandazioni...
2026-06-13 17:51:03.441 [FIX] Avvio azioni correttive automatiche...
2026-06-13 17:51:03.461 [INFO] Nessuna azione correttiva automatica disponibile
2026-06-13 17:51:03.489 [OK] Report diagnostica salvato: C:\cellular_speace\reports\manutenzione\correttiva\diagnosi_20260613_175040.json
2026-06-13 17:51:03.561 [OK] Diagnosi Markdown salvata: C:\cellular_speace\data\diagnosi\diagnosi_20260613_175040.md
2026-06-13 17:51:05.050 [ERROR] [critico] Log/errori_recenti: 3411 errori nelle ultime 2 ore
2026-06-13 17:51:05.434 [DIAG] Generazione raccomandazioni...
2026-06-13 17:51:05.775 [FIX] Avvio azioni correttive automatiche...
2026-06-13 17:51:05.832 [INFO] Nessuna azione correttiva automatica disponibile
2026-06-13 17:51:05.870 [OK] Report diagnostica salvato: C:\cellular_speace\reports\manutenzione\correttiva\diagnosi_20260613_175040.json
2026-06-13 17:51:05.969 [OK] Diagnosi Markdown salvata: C:\cellular_speace\data\diagnosi\diagnosi_20260613_175040.md
