2026-06-13 16:17:35.665 [DIAG] Diagnostica processi...
2026-06-13 16:17:35.790 [DIAG] Diagnostica processi...
2026-06-13 16:17:35.825 [DIAG] Generazione raccomandazioni...
2026-06-13 16:17:35.843 [OK] Report diagnostica salvato: C:\cellular_speace\reports\manutenzione\correttiva\diagnosi_20260613_161735.json
2026-06-13 16:17:35.847 [OK] Diagnosi Markdown salvata: C:\cellular_speace\data\diagnosi\diagnosi_20260613_161735.md
2026-06-13 16:17:35.862 [DIAG] Diagnostica runtime...
2026-06-13 16:17:35.882 [ERROR] [alto] Runtime/snapshot_vecchio: Snapshot ha 199min (>30min)
2026-06-13 16:17:35.902 [WARN] [medio] Runtime/errore_lettura_snapshot: Errore lettura snapshot: Impossibile convertire la stringa JSON perché un dizionario convertito da tale stringa contiene le chiavi duplicate 'Server' e 'SERVER'.
2026-06-13 16:17:35.915 [DIAG] Diagnostica memoria...
2026-06-13 16:17:35.937 [DIAG] Generazione raccomandazioni...
2026-06-13 16:17:35.959 [OK] Report diagnostica salvato: C:\cellular_speace\reports\manutenzione\correttiva\diagnosi_20260613_161735.json
2026-06-13 16:17:35.961 [OK] Diagnosi Markdown salvata: C:\cellular_speace\data\diagnosi\diagnosi_20260613_161735.md
2026-06-13 16:17:36.189 [DIAG] Diagnostica file...
2026-06-13 16:17:38.887 [DIAG] Diagnostica processi...
2026-06-13 16:17:38.989 [DIAG] Diagnostica log errori...
2026-06-13 16:17:43.669 [ERROR] [critico] Log/errori_recenti: 3363 errori nelle ultime 2 ore
2026-06-13 16:17:43.669 [DIAG] Generazione raccomandazioni...
2026-06-13 16:17:43.696 [FIX] Avvio azioni correttive automatiche...
2026-06-13 16:17:43.701 [INFO] Nessuna azione correttiva automatica disponibile
2026-06-13 16:17:43.701 [OK] Report diagnostica salvato: C:\cellular_speace\reports\manutenzione\correttiva\diagnosi_20260613_161735.json
2026-06-13 16:17:43.701 [OK] Diagnosi Markdown salvata: C:\cellular_speace\data\diagnosi\diagnosi_20260613_161735.md
