2026-06-13 15:41:12.366 [DIAG] Diagnostica runtime...
2026-06-13 15:41:12.370 [ERROR] [alto] Runtime/snapshot_vecchio: Snapshot ha 162.7min (>30min)
2026-06-13 15:41:12.409 [WARN] [medio] Runtime/errore_lettura_snapshot: Errore lettura snapshot: Impossibile convertire la stringa JSON perché un dizionario convertito da tale stringa contiene le chiavi duplicate 'Server' e 'SERVER'.
2026-06-13 15:41:12.460 [DIAG] Diagnostica memoria...
2026-06-13 15:41:12.477 [DIAG] Diagnostica processi...
2026-06-13 15:41:12.645 [DIAG] Diagnostica processi...
2026-06-13 15:41:12.681 [DIAG] Generazione raccomandazioni...
2026-06-13 15:41:12.700 [OK] Report diagnostica salvato: C:\cellular_speace\reports\manutenzione\correttiva\diagnosi_20260613_154112.json
2026-06-13 15:41:12.704 [OK] Diagnosi Markdown salvata: C:\cellular_speace\data\diagnosi\diagnosi_20260613_154112.md
2026-06-13 15:41:12.840 [DIAG] Diagnostica file...
2026-06-13 15:41:12.848 [DIAG] Generazione raccomandazioni...
2026-06-13 15:41:12.868 [OK] Report diagnostica salvato: C:\cellular_speace\reports\manutenzione\correttiva\diagnosi_20260613_154112.json
2026-06-13 15:41:12.877 [OK] Diagnosi Markdown salvata: C:\cellular_speace\data\diagnosi\diagnosi_20260613_154112.md
2026-06-13 15:41:12.915 [DIAG] Diagnostica runtime...
2026-06-13 15:41:12.924 [ERROR] [alto] Runtime/snapshot_vecchio: Snapshot ha 162.7min (>30min)
2026-06-13 15:41:12.961 [WARN] [medio] Runtime/errore_lettura_snapshot: Errore lettura snapshot: Impossibile convertire la stringa JSON perché un dizionario convertito da tale stringa contiene le chiavi duplicate 'Server' e 'SERVER'.
2026-06-13 15:41:12.977 [DIAG] Diagnostica memoria...
2026-06-13 15:41:13.356 [DIAG] Diagnostica file...
2026-06-13 15:41:16.998 [DIAG] Diagnostica processi...
2026-06-13 15:41:17.178 [DIAG] Diagnostica log errori...
2026-06-13 15:41:17.555 [DIAG] Diagnostica processi...
2026-06-13 15:41:17.742 [DIAG] Diagnostica log errori...
2026-06-13 15:41:23.464 [ERROR] [critico] Log/errori_recenti: 3427 errori nelle ultime 2 ore
2026-06-13 15:41:23.466 [DIAG] Generazione raccomandazioni...
2026-06-13 15:41:23.493 [FIX] Avvio azioni correttive automatiche...
2026-06-13 15:41:23.496 [INFO] Nessuna azione correttiva automatica disponibile
2026-06-13 15:41:23.496 [OK] Report diagnostica salvato: C:\cellular_speace\reports\manutenzione\correttiva\diagnosi_20260613_154112.json
2026-06-13 15:41:23.506 [OK] Diagnosi Markdown salvata: C:\cellular_speace\data\diagnosi\diagnosi_20260613_154112.md
2026-06-13 15:41:23.950 [ERROR] [critico] Log/errori_recenti: 3428 errori nelle ultime 2 ore
2026-06-13 15:41:23.950 [DIAG] Generazione raccomandazioni...
2026-06-13 15:41:24.038 [FIX] Avvio azioni correttive automatiche...
2026-06-13 15:41:24.052 [INFO] Nessuna azione correttiva automatica disponibile
2026-06-13 15:41:24.057 [OK] Report diagnostica salvato: C:\cellular_speace\reports\manutenzione\correttiva\diagnosi_20260613_154112.json
2026-06-13 15:41:24.064 [OK] Diagnosi Markdown salvata: C:\cellular_speace\data\diagnosi\diagnosi_20260613_154112.md
