2026-06-13 16:34:45.325 [DIAG] Diagnostica processi...
2026-06-13 16:34:45.531 [DIAG] Generazione raccomandazioni...
2026-06-13 16:34:45.641 [OK] Report diagnostica salvato: C:\cellular_speace\reports\manutenzione\correttiva\diagnosi_20260613_163445.json
2026-06-13 16:34:45.671 [OK] Diagnosi Markdown salvata: C:\cellular_speace\data\diagnosi\diagnosi_20260613_163445.md
2026-06-13 16:34:45.771 [DIAG] Diagnostica runtime...
2026-06-13 16:34:45.777 [ERROR] [alto] Runtime/snapshot_vecchio: Snapshot ha 216.2min (>30min)
2026-06-13 16:34:45.821 [DIAG] Diagnostica processi...
2026-06-13 16:34:45.833 [WARN] [medio] Runtime/errore_lettura_snapshot: Errore lettura snapshot: Impossibile convertire la stringa JSON perché un dizionario convertito da tale stringa contiene le chiavi duplicate 'Server' e 'SERVER'.
2026-06-13 16:34:46.021 [DIAG] Diagnostica memoria...
2026-06-13 16:34:46.042 [DIAG] Generazione raccomandazioni...
2026-06-13 16:34:46.106 [OK] Report diagnostica salvato: C:\cellular_speace\reports\manutenzione\correttiva\diagnosi_20260613_163445.json
2026-06-13 16:34:46.114 [OK] Diagnosi Markdown salvata: C:\cellular_speace\data\diagnosi\diagnosi_20260613_163445.md
2026-06-13 16:34:46.483 [DIAG] Diagnostica file...
2026-06-13 16:34:51.379 [DIAG] Diagnostica processi...
2026-06-13 16:34:51.581 [DIAG] Diagnostica log errori...
2026-06-13 16:34:59.187 [ERROR] [critico] Log/errori_recenti: 3366 errori nelle ultime 2 ore
2026-06-13 16:34:59.201 [DIAG] Generazione raccomandazioni...
2026-06-13 16:34:59.225 [FIX] Avvio azioni correttive automatiche...
2026-06-13 16:34:59.229 [INFO] Nessuna azione correttiva automatica disponibile
2026-06-13 16:34:59.235 [OK] Report diagnostica salvato: C:\cellular_speace\reports\manutenzione\correttiva\diagnosi_20260613_163445.json
2026-06-13 16:34:59.241 [OK] Diagnosi Markdown salvata: C:\cellular_speace\data\diagnosi\diagnosi_20260613_163445.md
