2026-06-13 18:57:29.557 [DIAG] Diagnostica processi...
2026-06-13 18:57:29.882 [DIAG] Diagnostica runtime...
2026-06-13 18:57:30.109 [ERROR] [alto] Runtime/snapshot_vecchio: Snapshot ha 358.9min (>30min)
2026-06-13 18:57:30.149 [DIAG] Diagnostica processi...
2026-06-13 18:57:30.253 [DIAG] Generazione raccomandazioni...
2026-06-13 18:57:30.769 [DIAG] Generazione raccomandazioni...
2026-06-13 18:57:31.174 [OK] Report diagnostica salvato: C:\cellular_speace\reports\manutenzione\correttiva\diagnosi_20260613_185729.json
2026-06-13 18:57:31.277 [OK] Diagnosi Markdown salvata: C:\cellular_speace\data\diagnosi\diagnosi_20260613_185729.md
2026-06-13 18:57:31.308 [WARN] [medio] Runtime/errore_lettura_snapshot: Errore lettura snapshot: Impossibile convertire la stringa JSON perché un dizionario convertito da tale stringa contiene le chiavi duplicate 'Server' e 'SERVER'.
2026-06-13 18:57:31.623 [OK] Report diagnostica salvato: C:\cellular_speace\reports\manutenzione\correttiva\diagnosi_20260613_185729.json
2026-06-13 18:57:31.730 [OK] Diagnosi Markdown salvata: C:\cellular_speace\data\diagnosi\diagnosi_20260613_185729.md
2026-06-13 18:57:33.416 [DIAG] Diagnostica memoria...
2026-06-13 18:57:34.267 [DIAG] Diagnostica file...
2026-06-13 18:57:41.822 [DIAG] Diagnostica processi...
2026-06-13 18:57:42.314 [DIAG] Diagnostica log errori...
2026-06-13 18:58:02.761 [ERROR] [critico] Log/errori_recenti: 3302 errori nelle ultime 2 ore
2026-06-13 18:58:03.524 [DIAG] Generazione raccomandazioni...
2026-06-13 18:58:03.914 [FIX] Avvio azioni correttive automatiche...
2026-06-13 18:58:03.979 [INFO] Nessuna azione correttiva automatica disponibile
2026-06-13 18:58:04.029 [OK] Report diagnostica salvato: C:\cellular_speace\reports\manutenzione\correttiva\diagnosi_20260613_185729.json
2026-06-13 18:58:04.113 [OK] Diagnosi Markdown salvata: C:\cellular_speace\data\diagnosi\diagnosi_20260613_185729.md
