2026-06-13 14:58:45.722 [DIAG] Diagnostica processi...
2026-06-13 14:58:45.763 [DIAG] Diagnostica processi...
2026-06-13 14:58:45.834 [DIAG] Generazione raccomandazioni...
2026-06-13 14:58:45.863 [OK] Report diagnostica salvato: C:\cellular_speace\reports\manutenzione\correttiva\diagnosi_20260613_145845.json
2026-06-13 14:58:45.867 [OK] Diagnosi Markdown salvata: C:\cellular_speace\data\diagnosi\diagnosi_20260613_145845.md
2026-06-13 14:58:45.875 [DIAG] Generazione raccomandazioni...
2026-06-13 14:58:45.883 [OK] Report diagnostica salvato: C:\cellular_speace\reports\manutenzione\correttiva\diagnosi_20260613_145845.json
2026-06-13 14:58:45.883 [DIAG] Diagnostica runtime...
2026-06-13 14:58:45.897 [OK] Diagnosi Markdown salvata: C:\cellular_speace\data\diagnosi\diagnosi_20260613_145845.md
2026-06-13 14:58:45.897 [ERROR] [alto] Runtime/snapshot_vecchio: Snapshot ha 120.2min (>30min)
2026-06-13 14:58:45.915 [WARN] [medio] Runtime/errore_lettura_snapshot: Errore lettura snapshot: Impossibile convertire la stringa JSON perché un dizionario convertito da tale stringa contiene le chiavi duplicate 'Server' e 'SERVER'.
2026-06-13 14:58:45.921 [DIAG] Diagnostica memoria...
2026-06-13 14:58:46.173 [DIAG] Diagnostica file...
2026-06-13 14:58:48.869 [DIAG] Diagnostica processi...
2026-06-13 14:58:49.018 [DIAG] Diagnostica log errori...
2026-06-13 14:58:54.983 [ERROR] [critico] Log/errori_recenti: 3639 errori nelle ultime 2 ore
2026-06-13 14:58:55.025 [DIAG] Generazione raccomandazioni...
2026-06-13 14:58:55.063 [FIX] Avvio azioni correttive automatiche...
2026-06-13 14:58:55.068 [INFO] Nessuna azione correttiva automatica disponibile
2026-06-13 14:58:55.073 [OK] Report diagnostica salvato: C:\cellular_speace\reports\manutenzione\correttiva\diagnosi_20260613_145845.json
2026-06-13 14:58:55.086 [OK] Diagnosi Markdown salvata: C:\cellular_speace\data\diagnosi\diagnosi_20260613_145845.md
