2026-06-13 13:13:18.248 [DIAG] Diagnostica runtime...
2026-06-13 13:13:18.264 [WARN] [medio] Runtime/errore_lettura_snapshot: Errore lettura snapshot: Impossibile convertire la stringa JSON perché un dizionario convertito da tale stringa contiene le chiavi duplicate 'Server' e 'SERVER'.
2026-06-13 13:13:18.280 [DIAG] Diagnostica memoria...
2026-06-13 13:13:18.448 [DIAG] Diagnostica processi...
2026-06-13 13:13:18.659 [DIAG] Diagnostica file...
2026-06-13 13:13:19.180 [WARN] Errore diagnostica processi: Eccezione durante la chiamata di "ToDateTime" con "1" argomento/i: "Argomento specificato non compreso nell'intervallo.
Nome parametro: dmtfDate"
2026-06-13 13:13:19.180 [DIAG] Generazione raccomandazioni...
2026-06-13 13:13:19.337 [OK] Report diagnostica salvato: C:\cellular_speace\reports\manutenzione\correttiva\diagnosi_20260613_131318.json
2026-06-13 13:13:19.350 [OK] Diagnosi Markdown salvata: C:\cellular_speace\data\diagnosi\diagnosi_20260613_131318.md
2026-06-13 13:13:21.509 [DIAG] Diagnostica processi...
2026-06-13 13:13:21.661 [WARN] Errore diagnostica processi: Eccezione durante la chiamata di "ToDateTime" con "1" argomento/i: "Argomento specificato non compreso nell'intervallo.
Nome parametro: dmtfDate"
2026-06-13 13:13:21.665 [DIAG] Diagnostica log errori...
2026-06-13 13:13:21.665 [WARN] Errore diagnostica log: Impossibile convertire 'System.Object[]' nel tipo 'System.String' richiesto da parametro 'ChildPath'. Specificato metodo non supportato.
2026-06-13 13:13:21.665 [DIAG] Generazione raccomandazioni...
2026-06-13 13:13:21.696 [FIX] Avvio azioni correttive automatiche...
2026-06-13 13:13:21.700 [INFO] Nessuna azione correttiva automatica disponibile
2026-06-13 13:13:21.702 [OK] Report diagnostica salvato: C:\cellular_speace\reports\manutenzione\correttiva\diagnosi_20260613_131318.json
2026-06-13 13:13:21.706 [OK] Diagnosi Markdown salvata: C:\cellular_speace\data\diagnosi\diagnosi_20260613_131318.md
