2026-06-13 15:40:15.269 [DIAG] Diagnostica processi...
2026-06-13 15:40:15.299 [DIAG] Diagnostica runtime...
2026-06-13 15:40:15.307 [ERROR] [alto] Runtime/snapshot_vecchio: Snapshot ha 161.7min (>30min)
2026-06-13 15:40:15.378 [WARN] [medio] Runtime/errore_lettura_snapshot: Errore lettura snapshot: Impossibile convertire la stringa JSON perché un dizionario convertito da tale stringa contiene le chiavi duplicate 'Server' e 'SERVER'.
2026-06-13 15:40:15.410 [DIAG] Diagnostica memoria...
2026-06-13 15:40:15.506 [DIAG] Generazione raccomandazioni...
2026-06-13 15:40:15.527 [OK] Report diagnostica salvato: C:\cellular_speace\reports\manutenzione\correttiva\diagnosi_20260613_154015.json
2026-06-13 15:40:15.535 [OK] Diagnosi Markdown salvata: C:\cellular_speace\data\diagnosi\diagnosi_20260613_154015.md
2026-06-13 15:40:15.579 [DIAG] Diagnostica runtime...
2026-06-13 15:40:15.587 [ERROR] [alto] Runtime/snapshot_vecchio: Snapshot ha 161.7min (>30min)
2026-06-13 15:40:15.618 [WARN] [medio] Runtime/errore_lettura_snapshot: Errore lettura snapshot: Impossibile convertire la stringa JSON perché un dizionario convertito da tale stringa contiene le chiavi duplicate 'Server' e 'SERVER'.
2026-06-13 15:40:15.644 [DIAG] Diagnostica memoria...
2026-06-13 15:40:15.833 [DIAG] Diagnostica file...
2026-06-13 15:40:16.167 [DIAG] Diagnostica file...
2026-06-13 15:40:21.759 [DIAG] Diagnostica processi...
2026-06-13 15:40:21.819 [DIAG] Diagnostica processi...
2026-06-13 15:40:22.123 [DIAG] Diagnostica log errori...
2026-06-13 15:40:22.182 [DIAG] Diagnostica log errori...
2026-06-13 15:40:35.360 [ERROR] [critico] Log/errori_recenti: 3408 errori nelle ultime 2 ore
2026-06-13 15:40:35.390 [ERROR] [critico] Log/errori_recenti: 3408 errori nelle ultime 2 ore
2026-06-13 15:40:35.414 [DIAG] Generazione raccomandazioni...
2026-06-13 15:40:35.470 [FIX] Avvio azioni correttive automatiche...
2026-06-13 15:40:35.474 [INFO] Nessuna azione correttiva automatica disponibile
2026-06-13 15:40:35.477 [DIAG] Generazione raccomandazioni...
2026-06-13 15:40:35.483 [OK] Report diagnostica salvato: C:\cellular_speace\reports\manutenzione\correttiva\diagnosi_20260613_154015.json
2026-06-13 15:40:35.493 [OK] Diagnosi Markdown salvata: C:\cellular_speace\data\diagnosi\diagnosi_20260613_154015.md
2026-06-13 15:40:35.523 [FIX] Avvio azioni correttive automatiche...
2026-06-13 15:40:35.529 [INFO] Nessuna azione correttiva automatica disponibile
2026-06-13 15:40:35.555 [OK] Report diagnostica salvato: C:\cellular_speace\reports\manutenzione\correttiva\diagnosi_20260613_154015.json
2026-06-13 15:40:35.565 [OK] Diagnosi Markdown salvata: C:\cellular_speace\data\diagnosi\diagnosi_20260613_154015.md
