2026-06-13 16:34:20.085 [DIAG] Diagnostica processi...
2026-06-13 16:34:20.337 [DIAG] Diagnostica processi...
2026-06-13 16:34:20.347 [DIAG] Generazione raccomandazioni...
2026-06-13 16:34:20.402 [OK] Report diagnostica salvato: C:\cellular_speace\reports\manutenzione\correttiva\diagnosi_20260613_163420.json
2026-06-13 16:34:20.422 [OK] Diagnosi Markdown salvata: C:\cellular_speace\data\diagnosi\diagnosi_20260613_163420.md
2026-06-13 16:34:20.458 [DIAG] Diagnostica processi...
2026-06-13 16:34:20.497 [DIAG] Diagnostica runtime...
2026-06-13 16:34:20.503 [ERROR] [alto] Runtime/snapshot_vecchio: Snapshot ha 215.8min (>30min)
2026-06-13 16:34:20.562 [DIAG] Generazione raccomandazioni...
2026-06-13 16:34:20.624 [OK] Report diagnostica salvato: C:\cellular_speace\reports\manutenzione\correttiva\diagnosi_20260613_163420.json
2026-06-13 16:34:20.632 [OK] Diagnosi Markdown salvata: C:\cellular_speace\data\diagnosi\diagnosi_20260613_163420.md
2026-06-13 16:34:20.667 [WARN] [medio] Runtime/errore_lettura_snapshot: Errore lettura snapshot: Impossibile convertire la stringa JSON perché un dizionario convertito da tale stringa contiene le chiavi duplicate 'Server' e 'SERVER'.
2026-06-13 16:34:20.698 [DIAG] Generazione raccomandazioni...
2026-06-13 16:34:20.792 [OK] Report diagnostica salvato: C:\cellular_speace\reports\manutenzione\correttiva\diagnosi_20260613_163420.json
2026-06-13 16:34:20.810 [OK] Diagnosi Markdown salvata: C:\cellular_speace\data\diagnosi\diagnosi_20260613_163420.md
2026-06-13 16:34:20.856 [DIAG] Diagnostica runtime...
2026-06-13 16:34:20.891 [DIAG] Diagnostica memoria...
2026-06-13 16:34:20.911 [WARN] [medio] Runtime/errore_lettura_snapshot: Errore lettura snapshot: Il processo non può accedere al file 'C:\cellular_speace\data\logs\manutenzione\correttiva\diagnostica_20260613_163420.log' perché è in uso da un altro processo.
2026-06-13 16:34:20.982 [DIAG] Diagnostica memoria...
2026-06-13 16:34:21.354 [DIAG] Diagnostica file...
2026-06-13 16:34:21.435 [DIAG] Diagnostica file...
2026-06-13 16:34:26.558 [DIAG] Diagnostica processi...
2026-06-13 16:34:26.807 [DIAG] Diagnostica log errori...
2026-06-13 16:34:27.073 [DIAG] Diagnostica processi...
2026-06-13 16:34:27.369 [DIAG] Diagnostica log errori...
2026-06-13 16:34:37.085 [ERROR] [critico] Log/errori_recenti: 3368 errori nelle ultime 2 ore
2026-06-13 16:34:37.106 [ERROR] [critico] Log/errori_recenti: 3368 errori nelle ultime 2 ore
2026-06-13 16:34:37.177 [DIAG] Generazione raccomandazioni...
2026-06-13 16:34:37.179 [DIAG] Generazione raccomandazioni...
2026-06-13 16:34:37.243 [FIX] Avvio azioni correttive automatiche...
2026-06-13 16:34:37.253 [FIX] Avvio azioni correttive automatiche...
2026-06-13 16:34:37.261 [INFO] Nessuna azione correttiva automatica disponibile
2026-06-13 16:34:37.261 [INFO] Nessuna azione correttiva automatica disponibile
2026-06-13 16:34:37.267 [OK] Report diagnostica salvato: C:\cellular_speace\reports\manutenzione\correttiva\diagnosi_20260613_163420.json
2026-06-13 16:34:37.276 [OK] Report diagnostica salvato: C:\cellular_speace\reports\manutenzione\correttiva\diagnosi_20260613_163420.json
2026-06-13 16:34:37.281 [OK] Diagnosi Markdown salvata: C:\cellular_speace\data\diagnosi\diagnosi_20260613_163420.md
2026-06-13 16:34:37.296 [OK] Diagnosi Markdown salvata: C:\cellular_speace\data\diagnosi\diagnosi_20260613_163420.md
