2026-06-13 17:29:07.099 [DIAG] Diagnostica processi...
2026-06-13 17:29:07.279 [DIAG] Generazione raccomandazioni...
2026-06-13 17:29:07.308 [OK] Report diagnostica salvato: C:\cellular_speace\reports\manutenzione\correttiva\diagnosi_20260613_172907.json
2026-06-13 17:29:07.321 [OK] Diagnosi Markdown salvata: C:\cellular_speace\data\diagnosi\diagnosi_20260613_172907.md
2026-06-13 17:29:07.348 [DIAG] Diagnostica runtime...
2026-06-13 17:29:07.353 [ERROR] [alto] Runtime/snapshot_vecchio: Snapshot ha 270.6min (>30min)
2026-06-13 17:29:07.385 [WARN] [medio] Runtime/errore_lettura_snapshot: Errore lettura snapshot: Impossibile convertire la stringa JSON perché un dizionario convertito da tale stringa contiene le chiavi duplicate 'Server' e 'SERVER'.
2026-06-13 17:29:07.403 [DIAG] Diagnostica memoria...
2026-06-13 17:29:07.554 [DIAG] Diagnostica processi...
2026-06-13 17:29:07.719 [DIAG] Generazione raccomandazioni...
2026-06-13 17:29:07.728 [DIAG] Diagnostica file...
2026-06-13 17:29:07.738 [OK] Report diagnostica salvato: C:\cellular_speace\reports\manutenzione\correttiva\diagnosi_20260613_172907.json
2026-06-13 17:29:07.742 [OK] Diagnosi Markdown salvata: C:\cellular_speace\data\diagnosi\diagnosi_20260613_172907.md
2026-06-13 17:29:07.767 [DIAG] Diagnostica runtime...
2026-06-13 17:29:07.781 [ERROR] [alto] Runtime/snapshot_vecchio: Snapshot ha 270.6min (>30min)
2026-06-13 17:29:07.799 [WARN] [medio] Runtime/errore_lettura_snapshot: Errore lettura snapshot: Impossibile convertire la stringa JSON perché un dizionario convertito da tale stringa contiene le chiavi duplicate 'Server' e 'SERVER'.
2026-06-13 17:29:07.814 [DIAG] Diagnostica memoria...
2026-06-13 17:29:07.926 [DIAG] Diagnostica processi...
2026-06-13 17:29:07.999 [DIAG] Diagnostica processi...
2026-06-13 17:29:08.088 [DIAG] Generazione raccomandazioni...
2026-06-13 17:29:08.103 [OK] Report diagnostica salvato: C:\cellular_speace\reports\manutenzione\correttiva\diagnosi_20260613_172907.json
2026-06-13 17:29:08.103 [OK] Diagnosi Markdown salvata: C:\cellular_speace\data\diagnosi\diagnosi_20260613_172907.md
2026-06-13 17:29:08.151 [DIAG] Diagnostica file...
2026-06-13 17:29:08.184 [DIAG] Generazione raccomandazioni...
2026-06-13 17:29:08.210 [OK] Report diagnostica salvato: C:\cellular_speace\reports\manutenzione\correttiva\diagnosi_20260613_172907.json
2026-06-13 17:29:08.225 [OK] Diagnosi Markdown salvata: C:\cellular_speace\data\diagnosi\diagnosi_20260613_172907.md
2026-06-13 17:29:12.283 [DIAG] Diagnostica processi...
2026-06-13 17:29:12.476 [DIAG] Diagnostica log errori...
2026-06-13 17:29:12.946 [DIAG] Diagnostica processi...
2026-06-13 17:29:13.137 [DIAG] Diagnostica log errori...
2026-06-13 17:29:21.014 [ERROR] [critico] Log/errori_recenti: 3383 errori nelle ultime 2 ore
2026-06-13 17:29:21.022 [DIAG] Generazione raccomandazioni...
2026-06-13 17:29:21.055 [FIX] Avvio azioni correttive automatiche...
2026-06-13 17:29:21.059 [INFO] Nessuna azione correttiva automatica disponibile
2026-06-13 17:29:21.063 [OK] Report diagnostica salvato: C:\cellular_speace\reports\manutenzione\correttiva\diagnosi_20260613_172907.json
2026-06-13 17:29:21.069 [OK] Diagnosi Markdown salvata: C:\cellular_speace\data\diagnosi\diagnosi_20260613_172907.md
2026-06-13 17:29:21.811 [ERROR] [critico] Log/errori_recenti: 3384 errori nelle ultime 2 ore
2026-06-13 17:29:21.821 [DIAG] Generazione raccomandazioni...
2026-06-13 17:29:21.838 [FIX] Avvio azioni correttive automatiche...
2026-06-13 17:29:21.838 [INFO] Nessuna azione correttiva automatica disponibile
2026-06-13 17:29:21.852 [OK] Report diagnostica salvato: C:\cellular_speace\reports\manutenzione\correttiva\diagnosi_20260613_172907.json
2026-06-13 17:29:21.856 [OK] Diagnosi Markdown salvata: C:\cellular_speace\data\diagnosi\diagnosi_20260613_172907.md
