2026-06-13 16:16:24.227 [DIAG] Diagnostica processi...
2026-06-13 16:16:24.412 [DIAG] Generazione raccomandazioni...
2026-06-13 16:16:24.428 [OK] Report diagnostica salvato: C:\cellular_speace\reports\manutenzione\correttiva\diagnosi_20260613_161624.json
2026-06-13 16:16:24.428 [OK] Diagnosi Markdown salvata: C:\cellular_speace\data\diagnosi\diagnosi_20260613_161624.md
2026-06-13 16:16:24.800 [DIAG] Diagnostica processi...
2026-06-13 16:16:24.854 [DIAG] Diagnostica processi...
2026-06-13 16:16:24.870 [DIAG] Diagnostica processi...
2026-06-13 16:16:24.925 [DIAG] Generazione raccomandazioni...
2026-06-13 16:16:24.941 [OK] Report diagnostica salvato: C:\cellular_speace\reports\manutenzione\correttiva\diagnosi_20260613_161624.json
2026-06-13 16:16:24.945 [OK] Diagnosi Markdown salvata: C:\cellular_speace\data\diagnosi\diagnosi_20260613_161624.md
2026-06-13 16:16:24.969 [DIAG] Diagnostica runtime...
2026-06-13 16:16:24.980 [ERROR] [alto] Runtime/snapshot_vecchio: Snapshot ha 197.9min (>30min)
2026-06-13 16:16:25.007 [DIAG] Generazione raccomandazioni...
2026-06-13 16:16:25.013 [WARN] [medio] Runtime/errore_lettura_snapshot: Errore lettura snapshot: Il processo non può accedere al file 'C:\cellular_speace\data\logs\manutenzione\correttiva\diagnostica_20260613_161624.log' perché è in uso da un altro processo.
2026-06-13 16:16:25.015 [DIAG] Generazione raccomandazioni...
2026-06-13 16:16:25.017 [OK] Report diagnostica salvato: C:\cellular_speace\reports\manutenzione\correttiva\diagnosi_20260613_161624.json
2026-06-13 16:16:25.027 [OK] Diagnosi Markdown salvata: C:\cellular_speace\data\diagnosi\diagnosi_20260613_161624.md
2026-06-13 16:16:25.027 [DIAG] Diagnostica memoria...
2026-06-13 16:16:25.027 [OK] Report diagnostica salvato: C:\cellular_speace\reports\manutenzione\correttiva\diagnosi_20260613_161624.json
2026-06-13 16:16:25.027 [OK] Diagnosi Markdown salvata: C:\cellular_speace\data\diagnosi\diagnosi_20260613_161624.md
2026-06-13 16:16:25.284 [DIAG] Diagnostica file...
2026-06-13 16:16:28.508 [DIAG] Diagnostica processi...
2026-06-13 16:16:28.684 [DIAG] Diagnostica log errori...
2026-06-13 16:16:33.429 [ERROR] [critico] Log/errori_recenti: 3334 errori nelle ultime 2 ore
2026-06-13 16:16:33.435 [DIAG] Generazione raccomandazioni...
2026-06-13 16:16:33.448 [FIX] Avvio azioni correttive automatiche...
2026-06-13 16:16:33.450 [INFO] Nessuna azione correttiva automatica disponibile
2026-06-13 16:16:33.456 [OK] Report diagnostica salvato: C:\cellular_speace\reports\manutenzione\correttiva\diagnosi_20260613_161624.json
2026-06-13 16:16:33.459 [OK] Diagnosi Markdown salvata: C:\cellular_speace\data\diagnosi\diagnosi_20260613_161624.md
