2026-06-13 15:55:44.398 [DIAG] Diagnostica runtime...
2026-06-13 15:55:44.411 [ERROR] [alto] Runtime/snapshot_vecchio: Snapshot ha 177.2min (>30min)
2026-06-13 15:55:44.683 [WARN] [medio] Runtime/errore_lettura_snapshot: Errore lettura snapshot: Impossibile convertire la stringa JSON perché un dizionario convertito da tale stringa contiene le chiavi duplicate 'Server' e 'SERVER'.
2026-06-13 15:55:44.700 [ERROR] ERRORE FATALE: Il processo non può accedere al file 'C:\cellular_speace\data\logs\manutenzione\correttiva\diagnostica_20260613_155544.log' perché è in uso da un altro processo.
2026-06-13 15:55:44.995 [DIAG] Diagnostica runtime...
2026-06-13 15:55:45.036 [ERROR] [alto] Runtime/snapshot_vecchio: Snapshot ha 177.2min (>30min)
2026-06-13 15:55:45.341 [DIAG] Diagnostica memoria...
2026-06-13 15:55:45.507 [WARN] [medio] Runtime/errore_lettura_snapshot: Errore lettura snapshot: Impossibile convertire la stringa JSON perché un dizionario convertito da tale stringa contiene le chiavi duplicate 'Server' e 'SERVER'.
2026-06-13 15:55:45.931 [DIAG] Diagnostica file...
2026-06-13 15:55:46.720 [DIAG] Diagnostica memoria...
2026-06-13 15:55:47.415 [DIAG] Diagnostica file...
2026-06-13 15:55:51.237 [DIAG] Diagnostica processi...
2026-06-13 15:55:51.606 [DIAG] Diagnostica log errori...
2026-06-13 15:55:54.308 [DIAG] Diagnostica processi...
2026-06-13 15:55:54.602 [DIAG] Diagnostica log errori...
2026-06-13 15:56:01.888 [ERROR] [critico] Log/errori_recenti: 3376 errori nelle ultime 2 ore
2026-06-13 15:56:02.036 [DIAG] Generazione raccomandazioni...
2026-06-13 15:56:02.129 [FIX] Avvio azioni correttive automatiche...
2026-06-13 15:56:02.141 [INFO] Nessuna azione correttiva automatica disponibile
2026-06-13 15:56:02.149 [OK] Report diagnostica salvato: C:\cellular_speace\reports\manutenzione\correttiva\diagnosi_20260613_155544.json
2026-06-13 15:56:02.157 [OK] Diagnosi Markdown salvata: C:\cellular_speace\data\diagnosi\diagnosi_20260613_155544.md
2026-06-13 15:56:04.557 [ERROR] [critico] Log/errori_recenti: 3373 errori nelle ultime 2 ore
2026-06-13 15:56:04.854 [DIAG] Generazione raccomandazioni...
2026-06-13 15:56:05.175 [FIX] Avvio azioni correttive automatiche...
2026-06-13 15:56:05.187 [INFO] Nessuna azione correttiva automatica disponibile
2026-06-13 15:56:05.209 [OK] Report diagnostica salvato: C:\cellular_speace\reports\manutenzione\correttiva\diagnosi_20260613_155544.json
2026-06-13 15:56:05.217 [OK] Diagnosi Markdown salvata: C:\cellular_speace\data\diagnosi\diagnosi_20260613_155544.md
