2026-06-13 18:30:33.296 [DIAG] Diagnostica processi...
2026-06-13 18:30:33.538 [DIAG] Diagnostica processi...
2026-06-13 18:30:33.564 [ERROR] ERRORE FATALE: Il processo non può accedere al file 'C:\cellular_speace\data\logs\manutenzione\correttiva\diagnostica_20260613_183033.log' perché è in uso da un altro processo.
2026-06-13 18:30:33.771 [DIAG] Diagnostica runtime...
2026-06-13 18:30:33.782 [ERROR] [alto] Runtime/snapshot_vecchio: Snapshot ha 332min (>30min)
2026-06-13 18:30:33.818 [DIAG] Generazione raccomandazioni...
2026-06-13 18:30:33.915 [OK] Report diagnostica salvato: C:\cellular_speace\reports\manutenzione\correttiva\diagnosi_20260613_183033.json
2026-06-13 18:30:33.933 [OK] Diagnosi Markdown salvata: C:\cellular_speace\data\diagnosi\diagnosi_20260613_183033.md
2026-06-13 18:30:34.007 [WARN] [medio] Runtime/errore_lettura_snapshot: Errore lettura snapshot: Impossibile convertire la stringa JSON perché un dizionario convertito da tale stringa contiene le chiavi duplicate 'Server' e 'SERVER'.
2026-06-13 18:30:34.013 [ERROR] ERRORE FATALE: Il processo non può accedere al file 'C:\cellular_speace\data\logs\manutenzione\correttiva\diagnostica_20260613_183033.log' perché è in uso da un altro processo.
2026-06-13 18:30:34.333 [DIAG] Diagnostica memoria...
2026-06-13 18:30:34.794 [DIAG] Diagnostica file...
2026-06-13 18:30:41.157 [DIAG] Diagnostica processi...
2026-06-13 18:30:41.496 [DIAG] Diagnostica log errori...
2026-06-13 18:30:56.615 [ERROR] [critico] Log/errori_recenti: 3371 errori nelle ultime 2 ore
2026-06-13 18:30:57.182 [DIAG] Generazione raccomandazioni...
2026-06-13 18:30:57.333 [FIX] Avvio azioni correttive automatiche...
2026-06-13 18:30:57.345 [INFO] Nessuna azione correttiva automatica disponibile
2026-06-13 18:30:57.372 [OK] Report diagnostica salvato: C:\cellular_speace\reports\manutenzione\correttiva\diagnosi_20260613_183033.json
2026-06-13 18:30:57.495 [OK] Diagnosi Markdown salvata: C:\cellular_speace\data\diagnosi\diagnosi_20260613_183033.md
