2026-06-13 17:08:54.528 [DIAG] Diagnostica processi...
2026-06-13 17:08:54.601 [DIAG] Diagnostica processi...
2026-06-13 17:08:54.795 [DIAG] Generazione raccomandazioni...
2026-06-13 17:08:54.843 [DIAG] Generazione raccomandazioni...
2026-06-13 17:08:54.864 [OK] Report diagnostica salvato: C:\cellular_speace\reports\manutenzione\correttiva\diagnosi_20260613_170854.json
2026-06-13 17:08:54.872 [OK] Diagnosi Markdown salvata: C:\cellular_speace\data\diagnosi\diagnosi_20260613_170854.md
2026-06-13 17:08:54.884 [OK] Report diagnostica salvato: C:\cellular_speace\reports\manutenzione\correttiva\diagnosi_20260613_170854.json
2026-06-13 17:08:54.891 [OK] Diagnosi Markdown salvata: C:\cellular_speace\data\diagnosi\diagnosi_20260613_170854.md
2026-06-13 17:08:54.919 [DIAG] Diagnostica runtime...
2026-06-13 17:08:54.924 [ERROR] [alto] Runtime/snapshot_vecchio: Snapshot ha 250.4min (>30min)
2026-06-13 17:08:54.946 [WARN] [medio] Runtime/errore_lettura_snapshot: Errore lettura snapshot: Impossibile convertire la stringa JSON perché un dizionario convertito da tale stringa contiene le chiavi duplicate 'Server' e 'SERVER'.
2026-06-13 17:08:54.991 [DIAG] Diagnostica memoria...
2026-06-13 17:08:55.380 [DIAG] Diagnostica file...
2026-06-13 17:09:00.669 [DIAG] Diagnostica processi...
2026-06-13 17:09:00.860 [DIAG] Diagnostica log errori...
2026-06-13 17:09:10.905 [ERROR] [critico] Log/errori_recenti: 3381 errori nelle ultime 2 ore
2026-06-13 17:09:11.114 [DIAG] Generazione raccomandazioni...
2026-06-13 17:09:11.176 [FIX] Avvio azioni correttive automatiche...
2026-06-13 17:09:11.190 [INFO] Nessuna azione correttiva automatica disponibile
2026-06-13 17:09:11.206 [OK] Report diagnostica salvato: C:\cellular_speace\reports\manutenzione\correttiva\diagnosi_20260613_170854.json
2026-06-13 17:09:11.216 [OK] Diagnosi Markdown salvata: C:\cellular_speace\data\diagnosi\diagnosi_20260613_170854.md
