2026-06-13 14:22:49.446 [DIAG] Diagnostica runtime...
2026-06-13 14:22:49.456 [ERROR] [alto] Runtime/snapshot_vecchio: Snapshot ha 84.3min (>30min)
2026-06-13 14:22:49.520 [WARN] [medio] Runtime/errore_lettura_snapshot: Errore lettura snapshot: Impossibile convertire la stringa JSON perché un dizionario convertito da tale stringa contiene le chiavi duplicate 'Server' e 'SERVER'.
2026-06-13 14:22:49.530 [DIAG] Diagnostica processi...
2026-06-13 14:22:49.546 [DIAG] Diagnostica memoria...
2026-06-13 14:22:49.771 [DIAG] Generazione raccomandazioni...
2026-06-13 14:22:49.851 [OK] Report diagnostica salvato: C:\cellular_speace\reports\manutenzione\correttiva\diagnosi_20260613_142249.json
2026-06-13 14:22:49.874 [OK] Diagnosi Markdown salvata: C:\cellular_speace\data\diagnosi\diagnosi_20260613_142249.md
2026-06-13 14:22:49.985 [DIAG] Diagnostica file...
2026-06-13 14:22:50.005 [DIAG] Diagnostica runtime...
2026-06-13 14:22:50.050 [ERROR] [alto] Runtime/snapshot_vecchio: Snapshot ha 84.3min (>30min)
2026-06-13 14:22:50.210 [WARN] [medio] Runtime/errore_lettura_snapshot: Errore lettura snapshot: Impossibile convertire la stringa JSON perché un dizionario convertito da tale stringa contiene le chiavi duplicate 'Server' e 'SERVER'.
2026-06-13 14:22:50.431 [DIAG] Diagnostica memoria...
2026-06-13 14:22:50.885 [DIAG] Diagnostica file...
2026-06-13 14:22:54.032 [DIAG] Diagnostica processi...
2026-06-13 14:22:54.185 [DIAG] Diagnostica log errori...
2026-06-13 14:22:54.804 [DIAG] Diagnostica processi...
2026-06-13 14:22:54.971 [DIAG] Diagnostica log errori...
2026-06-13 14:22:59.634 [ERROR] [critico] Log/errori_recenti: 2791 errori nelle ultime 2 ore
2026-06-13 14:22:59.648 [DIAG] Generazione raccomandazioni...
2026-06-13 14:22:59.673 [FIX] Avvio azioni correttive automatiche...
2026-06-13 14:22:59.673 [INFO] Nessuna azione correttiva automatica disponibile
2026-06-13 14:22:59.681 [OK] Report diagnostica salvato: C:\cellular_speace\reports\manutenzione\correttiva\diagnosi_20260613_142249.json
2026-06-13 14:22:59.687 [OK] Diagnosi Markdown salvata: C:\cellular_speace\data\diagnosi\diagnosi_20260613_142249.md
2026-06-13 14:23:00.378 [ERROR] [critico] Log/errori_recenti: 2792 errori nelle ultime 2 ore
2026-06-13 14:23:00.404 [DIAG] Generazione raccomandazioni...
2026-06-13 14:23:00.438 [FIX] Avvio azioni correttive automatiche...
2026-06-13 14:23:00.440 [INFO] Nessuna azione correttiva automatica disponibile
2026-06-13 14:23:00.448 [OK] Report diagnostica salvato: C:\cellular_speace\reports\manutenzione\correttiva\diagnosi_20260613_142249.json
2026-06-13 14:23:00.454 [OK] Diagnosi Markdown salvata: C:\cellular_speace\data\diagnosi\diagnosi_20260613_142249.md
