2026-06-13 13:10:33.312 [DIAG] Diagnostica processi...
2026-06-13 13:10:33.450 [WARN] Errore diagnostica processi: Eccezione durante la chiamata di "ToDateTime" con "1" argomento/i: "Argomento specificato non compreso nell'intervallo.
Nome parametro: dmtfDate"
2026-06-13 13:10:33.454 [DIAG] Generazione raccomandazioni...
2026-06-13 13:10:33.472 [OK] Report diagnostica salvato: C:\cellular_speace\reports\manutenzione\correttiva\diagnosi_20260613_131033.json
2026-06-13 13:10:33.481 [OK] Diagnosi Markdown salvata: C:\cellular_speace\data\diagnosi\diagnosi_20260613_131033.md
2026-06-13 13:10:33.506 [DIAG] Diagnostica runtime...
2026-06-13 13:10:33.579 [WARN] [medio] Runtime/errore_lettura_snapshot: Errore lettura snapshot: Impossibile convertire la stringa JSON perché un dizionario convertito da tale stringa contiene le chiavi duplicate 'Server' e 'SERVER'.
2026-06-13 13:10:33.597 [DIAG] Diagnostica memoria...
2026-06-13 13:10:33.901 [DIAG] Diagnostica file...
2026-06-13 13:10:36.404 [DIAG] Diagnostica processi...
2026-06-13 13:10:36.540 [WARN] Errore diagnostica processi: Eccezione durante la chiamata di "ToDateTime" con "1" argomento/i: "Argomento specificato non compreso nell'intervallo.
Nome parametro: dmtfDate"
2026-06-13 13:10:36.553 [DIAG] Diagnostica log errori...
2026-06-13 13:10:36.564 [WARN] Errore diagnostica log: Impossibile convertire 'System.Object[]' nel tipo 'System.String' richiesto da parametro 'ChildPath'. Specificato metodo non supportato.
2026-06-13 13:10:36.564 [DIAG] Generazione raccomandazioni...
2026-06-13 13:10:36.588 [FIX] Avvio azioni correttive automatiche...
2026-06-13 13:10:36.588 [INFO] Nessuna azione correttiva automatica disponibile
2026-06-13 13:10:36.596 [OK] Report diagnostica salvato: C:\cellular_speace\reports\manutenzione\correttiva\diagnosi_20260613_131033.json
2026-06-13 13:10:36.602 [OK] Diagnosi Markdown salvata: C:\cellular_speace\data\diagnosi\diagnosi_20260613_131033.md
