2026-06-13 13:58:05.180 [DIAG] Diagnostica runtime...
2026-06-13 13:58:05.180 [ERROR] [alto] Runtime/snapshot_vecchio: Snapshot ha 59.5min (>30min)
2026-06-13 13:58:05.210 [WARN] [medio] Runtime/errore_lettura_snapshot: Errore lettura snapshot: Impossibile convertire la stringa JSON perché un dizionario convertito da tale stringa contiene le chiavi duplicate 'Server' e 'SERVER'.
2026-06-13 13:58:05.214 [DIAG] Diagnostica runtime...
2026-06-13 13:58:05.214 [ERROR] [alto] Runtime/snapshot_vecchio: Snapshot ha 59.5min (>30min)
2026-06-13 13:58:05.226 [DIAG] Diagnostica memoria...
2026-06-13 13:58:05.241 [WARN] [medio] Runtime/errore_lettura_snapshot: Errore lettura snapshot: Impossibile convertire la stringa JSON perché un dizionario convertito da tale stringa contiene le chiavi duplicate 'Server' e 'SERVER'.
2026-06-13 13:58:05.264 [DIAG] Diagnostica memoria...
2026-06-13 13:58:05.376 [DIAG] Diagnostica processi...
2026-06-13 13:58:05.501 [DIAG] Diagnostica file...
2026-06-13 13:58:05.511 [DIAG] Generazione raccomandazioni...
2026-06-13 13:58:05.527 [OK] Report diagnostica salvato: C:\cellular_speace\reports\manutenzione\correttiva\diagnosi_20260613_135805.json
2026-06-13 13:58:05.534 [OK] Diagnosi Markdown salvata: C:\cellular_speace\data\diagnosi\diagnosi_20260613_135805.md
2026-06-13 13:58:05.534 [DIAG] Diagnostica file...
2026-06-13 13:58:07.915 [DIAG] Diagnostica processi...
2026-06-13 13:58:07.951 [DIAG] Diagnostica processi...
2026-06-13 13:58:08.040 [DIAG] Diagnostica log errori...
2026-06-13 13:58:08.053 [DIAG] Diagnostica log errori...
2026-06-13 13:58:10.494 [ERROR] [critico] Log/errori_recenti: 2167 errori nelle ultime 2 ore
2026-06-13 13:58:10.494 [DIAG] Generazione raccomandazioni...
2026-06-13 13:58:10.522 [ERROR] [critico] Log/errori_recenti: 2167 errori nelle ultime 2 ore
2026-06-13 13:58:10.525 [FIX] Avvio azioni correttive automatiche...
2026-06-13 13:58:10.525 [INFO] Nessuna azione correttiva automatica disponibile
2026-06-13 13:58:10.525 [DIAG] Generazione raccomandazioni...
2026-06-13 13:58:10.525 [OK] Report diagnostica salvato: C:\cellular_speace\reports\manutenzione\correttiva\diagnosi_20260613_135805.json
2026-06-13 13:58:10.542 [OK] Diagnosi Markdown salvata: C:\cellular_speace\data\diagnosi\diagnosi_20260613_135805.md
2026-06-13 13:58:10.554 [FIX] Avvio azioni correttive automatiche...
2026-06-13 13:58:10.558 [INFO] Nessuna azione correttiva automatica disponibile
2026-06-13 13:58:10.560 [OK] Report diagnostica salvato: C:\cellular_speace\reports\manutenzione\correttiva\diagnosi_20260613_135805.json
2026-06-13 13:58:10.560 [OK] Diagnosi Markdown salvata: C:\cellular_speace\data\diagnosi\diagnosi_20260613_135805.md
