2026-06-13 13:47:33.196 [DIAG] Diagnostica runtime...
2026-06-13 13:47:33.198 [ERROR] [alto] Runtime/snapshot_vecchio: Snapshot ha 49min (>30min)
2026-06-13 13:47:33.227 [WARN] [medio] Runtime/errore_lettura_snapshot: Errore lettura snapshot: Impossibile convertire la stringa JSON perché un dizionario convertito da tale stringa contiene le chiavi duplicate 'Server' e 'SERVER'.
2026-06-13 13:47:33.227 [DIAG] Diagnostica memoria...
2026-06-13 13:47:33.563 [DIAG] Diagnostica file...
2026-06-13 13:47:33.635 [DIAG] Diagnostica processi...
2026-06-13 13:47:33.825 [DIAG] Generazione raccomandazioni...
2026-06-13 13:47:33.846 [OK] Report diagnostica salvato: C:\cellular_speace\reports\manutenzione\correttiva\diagnosi_20260613_134733.json
2026-06-13 13:47:33.850 [OK] Diagnosi Markdown salvata: C:\cellular_speace\data\diagnosi\diagnosi_20260613_134733.md
2026-06-13 13:47:33.935 [DIAG] Diagnostica processi...
2026-06-13 13:47:34.100 [DIAG] Generazione raccomandazioni...
2026-06-13 13:47:34.122 [OK] Report diagnostica salvato: C:\cellular_speace\reports\manutenzione\correttiva\diagnosi_20260613_134733.json
2026-06-13 13:47:34.126 [OK] Diagnosi Markdown salvata: C:\cellular_speace\data\diagnosi\diagnosi_20260613_134733.md
2026-06-13 13:47:36.604 [DIAG] Diagnostica processi...
2026-06-13 13:47:36.790 [DIAG] Diagnostica log errori...
2026-06-13 13:47:39.900 [ERROR] [critico] Log/errori_recenti: 1831 errori nelle ultime 2 ore
2026-06-13 13:47:39.915 [DIAG] Generazione raccomandazioni...
2026-06-13 13:47:39.941 [FIX] Avvio azioni correttive automatiche...
2026-06-13 13:47:39.952 [INFO] Nessuna azione correttiva automatica disponibile
2026-06-13 13:47:39.963 [OK] Report diagnostica salvato: C:\cellular_speace\reports\manutenzione\correttiva\diagnosi_20260613_134733.json
2026-06-13 13:47:39.969 [OK] Diagnosi Markdown salvata: C:\cellular_speace\data\diagnosi\diagnosi_20260613_134733.md
