2026-06-13 13:10:37.701 [DIAG] Diagnostica processi...
2026-06-13 13:10:37.783 [DIAG] Diagnostica processi...
2026-06-13 13:10:37.879 [WARN] Errore diagnostica processi: Eccezione durante la chiamata di "ToDateTime" con "1" argomento/i: "Argomento specificato non compreso nell'intervallo.
Nome parametro: dmtfDate"
2026-06-13 13:10:37.886 [DIAG] Generazione raccomandazioni...
2026-06-13 13:10:37.906 [OK] Report diagnostica salvato: C:\cellular_speace\reports\manutenzione\correttiva\diagnosi_20260613_131037.json
2026-06-13 13:10:37.915 [OK] Diagnosi Markdown salvata: C:\cellular_speace\data\diagnosi\diagnosi_20260613_131037.md
2026-06-13 13:10:37.951 [WARN] Errore diagnostica processi: Eccezione durante la chiamata di "ToDateTime" con "1" argomento/i: "Argomento specificato non compreso nell'intervallo.
Nome parametro: dmtfDate"
2026-06-13 13:10:37.959 [DIAG] Generazione raccomandazioni...
2026-06-13 13:10:37.979 [OK] Report diagnostica salvato: C:\cellular_speace\reports\manutenzione\correttiva\diagnosi_20260613_131037.json
2026-06-13 13:10:37.984 [OK] Diagnosi Markdown salvata: C:\cellular_speace\data\diagnosi\diagnosi_20260613_131037.md
2026-06-13 13:10:38.008 [DIAG] Diagnostica runtime...
2026-06-13 13:10:38.020 [WARN] [medio] Runtime/errore_lettura_snapshot: Errore lettura snapshot: Impossibile convertire la stringa JSON perché un dizionario convertito da tale stringa contiene le chiavi duplicate 'Server' e 'SERVER'.
2026-06-13 13:10:38.034 [DIAG] Diagnostica memoria...
2026-06-13 13:10:38.325 [DIAG] Diagnostica file...
2026-06-13 13:10:40.649 [DIAG] Diagnostica processi...
2026-06-13 13:10:40.801 [WARN] Errore diagnostica processi: Eccezione durante la chiamata di "ToDateTime" con "1" argomento/i: "Argomento specificato non compreso nell'intervallo.
Nome parametro: dmtfDate"
2026-06-13 13:10:40.801 [DIAG] Diagnostica log errori...
2026-06-13 13:10:40.809 [WARN] Errore diagnostica log: Impossibile convertire 'System.Object[]' nel tipo 'System.String' richiesto da parametro 'ChildPath'. Specificato metodo non supportato.
2026-06-13 13:10:40.814 [DIAG] Generazione raccomandazioni...
2026-06-13 13:10:40.824 [FIX] Avvio azioni correttive automatiche...
2026-06-13 13:10:40.824 [INFO] Nessuna azione correttiva automatica disponibile
2026-06-13 13:10:40.824 [OK] Report diagnostica salvato: C:\cellular_speace\reports\manutenzione\correttiva\diagnosi_20260613_131037.json
2026-06-13 13:10:40.839 [OK] Diagnosi Markdown salvata: C:\cellular_speace\data\diagnosi\diagnosi_20260613_131037.md
