2026-06-13 15:15:23.152 [DIAG] Diagnostica processi...
2026-06-13 15:15:23.241 [DIAG] Diagnostica processi...
2026-06-13 15:15:23.376 [DIAG] Generazione raccomandazioni...
2026-06-13 15:15:23.404 [OK] Report diagnostica salvato: C:\cellular_speace\reports\manutenzione\correttiva\diagnosi_20260613_151523.json
2026-06-13 15:15:23.407 [OK] Diagnosi Markdown salvata: C:\cellular_speace\data\diagnosi\diagnosi_20260613_151523.md
2026-06-13 15:15:23.452 [DIAG] Generazione raccomandazioni...
2026-06-13 15:15:23.475 [OK] Report diagnostica salvato: C:\cellular_speace\reports\manutenzione\correttiva\diagnosi_20260613_151523.json
2026-06-13 15:15:23.485 [OK] Diagnosi Markdown salvata: C:\cellular_speace\data\diagnosi\diagnosi_20260613_151523.md
2026-06-13 15:15:23.521 [DIAG] Diagnostica runtime...
2026-06-13 15:15:23.525 [ERROR] [alto] Runtime/snapshot_vecchio: Snapshot ha 136.8min (>30min)
2026-06-13 15:15:23.561 [WARN] [medio] Runtime/errore_lettura_snapshot: Errore lettura snapshot: Impossibile convertire la stringa JSON perché un dizionario convertito da tale stringa contiene le chiavi duplicate 'Server' e 'SERVER'.
2026-06-13 15:15:23.579 [DIAG] Diagnostica memoria...
2026-06-13 15:15:24.000 [DIAG] Diagnostica file...
2026-06-13 15:15:29.023 [DIAG] Diagnostica processi...
2026-06-13 15:15:29.372 [DIAG] Diagnostica log errori...
2026-06-13 15:15:40.831 [ERROR] [critico] Log/errori_recenti: 3502 errori nelle ultime 2 ore
2026-06-13 15:15:41.032 [DIAG] Generazione raccomandazioni...
2026-06-13 15:15:41.314 [FIX] Avvio azioni correttive automatiche...
2026-06-13 15:15:41.339 [INFO] Nessuna azione correttiva automatica disponibile
2026-06-13 15:15:41.352 [OK] Report diagnostica salvato: C:\cellular_speace\reports\manutenzione\correttiva\diagnosi_20260613_151523.json
2026-06-13 15:15:41.380 [OK] Diagnosi Markdown salvata: C:\cellular_speace\data\diagnosi\diagnosi_20260613_151523.md
