2026-06-13 18:48:39.202 [DIAG] Diagnostica processi...
2026-06-13 18:48:39.429 [DIAG] Diagnostica processi...
2026-06-13 18:48:39.437 [DIAG] Diagnostica processi...
2026-06-13 18:48:39.491 [DIAG] Generazione raccomandazioni...
2026-06-13 18:48:39.719 [OK] Report diagnostica salvato: C:\cellular_speace\reports\manutenzione\correttiva\diagnosi_20260613_184839.json
2026-06-13 18:48:39.733 [DIAG] Generazione raccomandazioni...
2026-06-13 18:48:39.741 [OK] Diagnosi Markdown salvata: C:\cellular_speace\data\diagnosi\diagnosi_20260613_184839.md
2026-06-13 18:48:39.760 [DIAG] Generazione raccomandazioni...
2026-06-13 18:48:39.848 [OK] Report diagnostica salvato: C:\cellular_speace\reports\manutenzione\correttiva\diagnosi_20260613_184839.json
2026-06-13 18:48:39.856 [OK] Report diagnostica salvato: C:\cellular_speace\reports\manutenzione\correttiva\diagnosi_20260613_184839.json
2026-06-13 18:48:39.866 [OK] Diagnosi Markdown salvata: C:\cellular_speace\data\diagnosi\diagnosi_20260613_184839.md
2026-06-13 18:48:39.874 [OK] Diagnosi Markdown salvata: C:\cellular_speace\data\diagnosi\diagnosi_20260613_184839.md
2026-06-13 18:48:39.990 [DIAG] Diagnostica runtime...
2026-06-13 18:48:39.992 [DIAG] Diagnostica processi...
2026-06-13 18:48:39.998 [ERROR] [alto] Runtime/snapshot_vecchio: Snapshot ha 350.1min (>30min)
2026-06-13 18:48:40.196 [WARN] [medio] Runtime/errore_lettura_snapshot: Errore lettura snapshot: Impossibile convertire la stringa JSON perché un dizionario convertito da tale stringa contiene le chiavi duplicate 'Server' e 'SERVER'.
2026-06-13 18:48:40.216 [DIAG] Generazione raccomandazioni...
2026-06-13 18:48:40.292 [OK] Report diagnostica salvato: C:\cellular_speace\reports\manutenzione\correttiva\diagnosi_20260613_184839.json
2026-06-13 18:48:40.300 [OK] Diagnosi Markdown salvata: C:\cellular_speace\data\diagnosi\diagnosi_20260613_184839.md
2026-06-13 18:48:40.466 [DIAG] Diagnostica memoria...
2026-06-13 18:48:40.905 [DIAG] Diagnostica file...
2026-06-13 18:48:44.807 [DIAG] Diagnostica processi...
2026-06-13 18:48:44.964 [DIAG] Diagnostica log errori...
2026-06-13 18:48:51.011 [ERROR] [critico] Log/errori_recenti: 3283 errori nelle ultime 2 ore
2026-06-13 18:48:51.017 [DIAG] Generazione raccomandazioni...
2026-06-13 18:48:51.030 [FIX] Avvio azioni correttive automatiche...
2026-06-13 18:48:51.034 [INFO] Nessuna azione correttiva automatica disponibile
2026-06-13 18:48:51.038 [OK] Report diagnostica salvato: C:\cellular_speace\reports\manutenzione\correttiva\diagnosi_20260613_184839.json
2026-06-13 18:48:51.040 [OK] Diagnosi Markdown salvata: C:\cellular_speace\data\diagnosi\diagnosi_20260613_184839.md
