2026-06-13 15:07:16.098 [DIAG] Diagnostica processi...
2026-06-13 15:07:16.164 [DIAG] Diagnostica processi...
2026-06-13 15:07:16.431 [DIAG] Generazione raccomandazioni...
2026-06-13 15:07:16.481 [DIAG] Generazione raccomandazioni...
2026-06-13 15:07:16.599 [OK] Report diagnostica salvato: C:\cellular_speace\reports\manutenzione\correttiva\diagnosi_20260613_150716.json
2026-06-13 15:07:16.613 [OK] Diagnosi Markdown salvata: C:\cellular_speace\data\diagnosi\diagnosi_20260613_150716.md
2026-06-13 15:07:16.619 [OK] Report diagnostica salvato: C:\cellular_speace\reports\manutenzione\correttiva\diagnosi_20260613_150716.json
2026-06-13 15:07:16.631 [OK] Diagnosi Markdown salvata: C:\cellular_speace\data\diagnosi\diagnosi_20260613_150716.md
2026-06-13 15:07:16.671 [DIAG] Diagnostica runtime...
2026-06-13 15:07:16.682 [ERROR] [alto] Runtime/snapshot_vecchio: Snapshot ha 128.7min (>30min)
2026-06-13 15:07:16.819 [WARN] [medio] Runtime/errore_lettura_snapshot: Errore lettura snapshot: Impossibile convertire la stringa JSON perché un dizionario convertito da tale stringa contiene le chiavi duplicate 'Server' e 'SERVER'.
2026-06-13 15:07:16.870 [DIAG] Diagnostica memoria...
2026-06-13 15:07:17.360 [DIAG] Diagnostica file...
2026-06-13 15:07:22.583 [DIAG] Diagnostica processi...
2026-06-13 15:07:22.815 [DIAG] Diagnostica log errori...
2026-06-13 15:07:31.469 [ERROR] [critico] Log/errori_recenti: 3666 errori nelle ultime 2 ore
2026-06-13 15:07:31.491 [DIAG] Generazione raccomandazioni...
2026-06-13 15:07:31.534 [FIX] Avvio azioni correttive automatiche...
2026-06-13 15:07:31.540 [INFO] Nessuna azione correttiva automatica disponibile
2026-06-13 15:07:31.552 [OK] Report diagnostica salvato: C:\cellular_speace\reports\manutenzione\correttiva\diagnosi_20260613_150716.json
2026-06-13 15:07:31.560 [OK] Diagnosi Markdown salvata: C:\cellular_speace\data\diagnosi\diagnosi_20260613_150716.md
