2026-06-13 16:18:18.091 [DIAG] Diagnostica runtime...
2026-06-13 16:18:18.101 [ERROR] [alto] Runtime/snapshot_vecchio: Snapshot ha 199.7min (>30min)
2026-06-13 16:18:18.146 [DIAG] Diagnostica runtime...
2026-06-13 16:18:18.155 [WARN] [medio] Runtime/errore_lettura_snapshot: Errore lettura snapshot: Impossibile convertire la stringa JSON perché un dizionario convertito da tale stringa contiene le chiavi duplicate 'Server' e 'SERVER'.
2026-06-13 16:18:18.170 [ERROR] [alto] Runtime/snapshot_vecchio: Snapshot ha 199.7min (>30min)
2026-06-13 16:18:18.202 [WARN] [medio] Runtime/errore_lettura_snapshot: Errore lettura snapshot: Impossibile convertire la stringa JSON perché un dizionario convertito da tale stringa contiene le chiavi duplicate 'Server' e 'SERVER'.
2026-06-13 16:18:18.214 [DIAG] Diagnostica memoria...
2026-06-13 16:18:18.354 [DIAG] Diagnostica memoria...
2026-06-13 16:18:18.604 [DIAG] Diagnostica file...
2026-06-13 16:18:18.735 [DIAG] Diagnostica file...
2026-06-13 16:18:23.589 [DIAG] Diagnostica processi...
2026-06-13 16:18:23.630 [DIAG] Diagnostica processi...
2026-06-13 16:18:23.794 [DIAG] Diagnostica log errori...
2026-06-13 16:18:23.897 [DIAG] Diagnostica log errori...
2026-06-13 16:18:37.104 [ERROR] [critico] Log/errori_recenti: 3384 errori nelle ultime 2 ore
2026-06-13 16:18:37.287 [ERROR] [critico] Log/errori_recenti: 3385 errori nelle ultime 2 ore
2026-06-13 16:18:37.713 [DIAG] Generazione raccomandazioni...
2026-06-13 16:18:37.931 [DIAG] Generazione raccomandazioni...
2026-06-13 16:18:37.996 [FIX] Avvio azioni correttive automatiche...
2026-06-13 16:18:38.012 [INFO] Nessuna azione correttiva automatica disponibile
2026-06-13 16:18:38.050 [OK] Report diagnostica salvato: C:\cellular_speace\reports\manutenzione\correttiva\diagnosi_20260613_161818.json
2026-06-13 16:18:38.099 [OK] Diagnosi Markdown salvata: C:\cellular_speace\data\diagnosi\diagnosi_20260613_161818.md
2026-06-13 16:18:38.357 [FIX] Avvio azioni correttive automatiche...
2026-06-13 16:18:38.376 [INFO] Nessuna azione correttiva automatica disponibile
2026-06-13 16:18:38.509 [OK] Report diagnostica salvato: C:\cellular_speace\reports\manutenzione\correttiva\diagnosi_20260613_161818.json
2026-06-13 16:18:38.604 [OK] Diagnosi Markdown salvata: C:\cellular_speace\data\diagnosi\diagnosi_20260613_161818.md
