2026-06-13 14:03:52.522 [DIAG] Diagnostica processi...
2026-06-13 14:03:52.644 [DIAG] Diagnostica processi...
2026-06-13 14:03:52.771 [DIAG] Generazione raccomandazioni...
2026-06-13 14:03:52.846 [OK] Report diagnostica salvato: C:\cellular_speace\reports\manutenzione\correttiva\diagnosi_20260613_140352.json
2026-06-13 14:03:52.854 [OK] Diagnosi Markdown salvata: C:\cellular_speace\data\diagnosi\diagnosi_20260613_140352.md
2026-06-13 14:03:52.876 [DIAG] Generazione raccomandazioni...
2026-06-13 14:03:52.909 [DIAG] Diagnostica runtime...
2026-06-13 14:03:52.912 [OK] Report diagnostica salvato: C:\cellular_speace\reports\manutenzione\correttiva\diagnosi_20260613_140352.json
2026-06-13 14:03:52.919 [ERROR] [alto] Runtime/snapshot_vecchio: Snapshot ha 65.3min (>30min)
2026-06-13 14:03:52.929 [OK] Diagnosi Markdown salvata: C:\cellular_speace\data\diagnosi\diagnosi_20260613_140352.md
2026-06-13 14:03:52.981 [DIAG] Diagnostica runtime...
2026-06-13 14:03:52.987 [ERROR] [alto] Runtime/snapshot_vecchio: Snapshot ha 65.3min (>30min)
2026-06-13 14:03:52.997 [WARN] [medio] Runtime/errore_lettura_snapshot: Errore lettura snapshot: Impossibile convertire la stringa JSON perché un dizionario convertito da tale stringa contiene le chiavi duplicate 'Server' e 'SERVER'.
2026-06-13 14:03:53.023 [WARN] [medio] Runtime/errore_lettura_snapshot: Errore lettura snapshot: Impossibile convertire la stringa JSON perché un dizionario convertito da tale stringa contiene le chiavi duplicate 'Server' e 'SERVER'.
2026-06-13 14:03:53.036 [DIAG] Diagnostica memoria...
2026-06-13 14:03:53.050 [DIAG] Diagnostica memoria...
2026-06-13 14:03:53.528 [DIAG] Diagnostica file...
2026-06-13 14:03:53.560 [DIAG] Diagnostica file...
2026-06-13 14:03:58.700 [DIAG] Diagnostica processi...
2026-06-13 14:03:58.939 [DIAG] Diagnostica processi...
2026-06-13 14:03:58.986 [DIAG] Diagnostica log errori...
2026-06-13 14:03:59.283 [DIAG] Diagnostica log errori...
2026-06-13 14:04:04.460 [ERROR] [critico] Log/errori_recenti: 2335 errori nelle ultime 2 ore
2026-06-13 14:04:04.553 [DIAG] Generazione raccomandazioni...
2026-06-13 14:04:04.618 [FIX] Avvio azioni correttive automatiche...
2026-06-13 14:04:04.622 [INFO] Nessuna azione correttiva automatica disponibile
2026-06-13 14:04:04.626 [OK] Report diagnostica salvato: C:\cellular_speace\reports\manutenzione\correttiva\diagnosi_20260613_140352.json
2026-06-13 14:04:04.638 [OK] Diagnosi Markdown salvata: C:\cellular_speace\data\diagnosi\diagnosi_20260613_140352.md
2026-06-13 14:04:04.700 [ERROR] [critico] Log/errori_recenti: 2336 errori nelle ultime 2 ore
2026-06-13 14:04:04.740 [DIAG] Generazione raccomandazioni...
2026-06-13 14:04:04.778 [FIX] Avvio azioni correttive automatiche...
2026-06-13 14:04:04.782 [INFO] Nessuna azione correttiva automatica disponibile
2026-06-13 14:04:04.789 [OK] Report diagnostica salvato: C:\cellular_speace\reports\manutenzione\correttiva\diagnosi_20260613_140352.json
2026-06-13 14:04:04.800 [OK] Diagnosi Markdown salvata: C:\cellular_speace\data\diagnosi\diagnosi_20260613_140352.md
