2026-06-13 14:29:24.476 [DIAG] Diagnostica runtime...
2026-06-13 14:29:24.542 [ERROR] [alto] Runtime/snapshot_vecchio: Snapshot ha 90.9min (>30min)
2026-06-13 14:29:24.923 [DIAG] Diagnostica runtime...
2026-06-13 14:29:24.941 [ERROR] [alto] Runtime/snapshot_vecchio: Snapshot ha 90.9min (>30min)
2026-06-13 14:29:25.335 [WARN] [medio] Runtime/errore_lettura_snapshot: Errore lettura snapshot: Impossibile convertire la stringa JSON perché un dizionario convertito da tale stringa contiene le chiavi duplicate 'Server' e 'SERVER'.
2026-06-13 14:29:25.366 [WARN] [medio] Runtime/errore_lettura_snapshot: Errore lettura snapshot: Impossibile convertire la stringa JSON perché un dizionario convertito da tale stringa contiene le chiavi duplicate 'Server' e 'SERVER'.
2026-06-13 14:29:26.654 [DIAG] Diagnostica memoria...
2026-06-13 14:29:26.778 [DIAG] Diagnostica memoria...
2026-06-13 14:29:27.427 [DIAG] Diagnostica file...
2026-06-13 14:29:27.545 [DIAG] Diagnostica file...
2026-06-13 14:29:34.382 [DIAG] Diagnostica processi...
2026-06-13 14:29:34.713 [DIAG] Diagnostica log errori...
2026-06-13 14:29:35.036 [DIAG] Diagnostica processi...
2026-06-13 14:29:35.614 [DIAG] Diagnostica log errori...
2026-06-13 14:29:48.851 [ERROR] [critico] Log/errori_recenti: 2977 errori nelle ultime 2 ore
2026-06-13 14:29:49.567 [DIAG] Generazione raccomandazioni...
2026-06-13 14:29:50.008 [FIX] Avvio azioni correttive automatiche...
2026-06-13 14:29:50.116 [INFO] Nessuna azione correttiva automatica disponibile
2026-06-13 14:29:50.170 [OK] Report diagnostica salvato: C:\cellular_speace\reports\manutenzione\correttiva\diagnosi_20260613_142924.json
2026-06-13 14:29:50.200 [OK] Diagnosi Markdown salvata: C:\cellular_speace\data\diagnosi\diagnosi_20260613_142924.md
2026-06-13 14:29:51.193 [ERROR] [critico] Log/errori_recenti: 2978 errori nelle ultime 2 ore
2026-06-13 14:29:52.119 [DIAG] Generazione raccomandazioni...
2026-06-13 14:29:52.641 [FIX] Avvio azioni correttive automatiche...
2026-06-13 14:29:52.681 [INFO] Nessuna azione correttiva automatica disponibile
2026-06-13 14:29:52.706 [OK] Report diagnostica salvato: C:\cellular_speace\reports\manutenzione\correttiva\diagnosi_20260613_142924.json
2026-06-13 14:29:52.740 [OK] Diagnosi Markdown salvata: C:\cellular_speace\data\diagnosi\diagnosi_20260613_142924.md
