2026-06-13 14:20:25.307 [DIAG] Diagnostica processi...
2026-06-13 14:20:25.493 [DIAG] Generazione raccomandazioni...
2026-06-13 14:20:25.515 [OK] Report diagnostica salvato: C:\cellular_speace\reports\manutenzione\correttiva\diagnosi_20260613_142025.json
2026-06-13 14:20:25.522 [OK] Diagnosi Markdown salvata: C:\cellular_speace\data\diagnosi\diagnosi_20260613_142025.md
2026-06-13 14:20:25.752 [DIAG] Diagnostica processi...
2026-06-13 14:20:25.918 [DIAG] Generazione raccomandazioni...
2026-06-13 14:20:25.941 [OK] Report diagnostica salvato: C:\cellular_speace\reports\manutenzione\correttiva\diagnosi_20260613_142025.json
2026-06-13 14:20:25.946 [OK] Diagnosi Markdown salvata: C:\cellular_speace\data\diagnosi\diagnosi_20260613_142025.md
2026-06-13 14:20:25.972 [DIAG] Diagnostica runtime...
2026-06-13 14:20:25.977 [ERROR] [alto] Runtime/snapshot_vecchio: Snapshot ha 81.9min (>30min)
2026-06-13 14:20:25.994 [WARN] [medio] Runtime/errore_lettura_snapshot: Errore lettura snapshot: Impossibile convertire la stringa JSON perché un dizionario convertito da tale stringa contiene le chiavi duplicate 'Server' e 'SERVER'.
2026-06-13 14:20:26.009 [DIAG] Diagnostica memoria...
2026-06-13 14:20:26.272 [DIAG] Diagnostica file...
2026-06-13 14:20:29.144 [DIAG] Diagnostica processi...
2026-06-13 14:20:29.266 [DIAG] Diagnostica log errori...
2026-06-13 14:20:33.098 [ERROR] [critico] Log/errori_recenti: 2723 errori nelle ultime 2 ore
2026-06-13 14:20:33.107 [DIAG] Generazione raccomandazioni...
2026-06-13 14:20:33.134 [FIX] Avvio azioni correttive automatiche...
2026-06-13 14:20:33.134 [INFO] Nessuna azione correttiva automatica disponibile
2026-06-13 14:20:33.141 [OK] Report diagnostica salvato: C:\cellular_speace\reports\manutenzione\correttiva\diagnosi_20260613_142025.json
2026-06-13 14:20:33.149 [OK] Diagnosi Markdown salvata: C:\cellular_speace\data\diagnosi\diagnosi_20260613_142025.md
