2026-06-13 18:34:39.474 [DIAG] Diagnostica runtime...
2026-06-13 18:34:39.496 [ERROR] [alto] Runtime/snapshot_vecchio: Snapshot ha 336.1min (>30min)
2026-06-13 18:34:39.682 [DIAG] Diagnostica processi...
2026-06-13 18:34:39.714 [DIAG] Diagnostica runtime...
2026-06-13 18:34:39.753 [ERROR] [alto] Runtime/snapshot_vecchio: Snapshot ha 336.1min (>30min)
2026-06-13 18:34:39.880 [WARN] [medio] Runtime/errore_lettura_snapshot: Errore lettura snapshot: Impossibile convertire la stringa JSON perché un dizionario convertito da tale stringa contiene le chiavi duplicate 'Server' e 'SERVER'.
2026-06-13 18:34:39.952 [DIAG] Generazione raccomandazioni...
2026-06-13 18:34:40.157 [WARN] [medio] Runtime/errore_lettura_snapshot: Errore lettura snapshot: Impossibile convertire la stringa JSON perché un dizionario convertito da tale stringa contiene le chiavi duplicate 'Server' e 'SERVER'.
2026-06-13 18:34:40.185 [ERROR] ERRORE FATALE: Il processo non può accedere al file 'C:\cellular_speace\data\logs\manutenzione\correttiva\diagnostica_20260613_183439.log' perché è in uso da un altro processo.
2026-06-13 18:34:40.652 [DIAG] Diagnostica memoria...
2026-06-13 18:34:40.977 [DIAG] Diagnostica memoria...
2026-06-13 18:34:41.102 [DIAG] Diagnostica file...
2026-06-13 18:34:41.548 [DIAG] Diagnostica file...
2026-06-13 18:34:47.883 [DIAG] Diagnostica processi...
2026-06-13 18:34:48.169 [DIAG] Diagnostica log errori...
2026-06-13 18:34:48.390 [DIAG] Diagnostica processi...
2026-06-13 18:34:48.673 [DIAG] Diagnostica log errori...
2026-06-13 18:35:00.962 [ERROR] [critico] Log/errori_recenti: 3331 errori nelle ultime 2 ore
2026-06-13 18:35:01.260 [DIAG] Generazione raccomandazioni...
2026-06-13 18:35:01.444 [FIX] Avvio azioni correttive automatiche...
2026-06-13 18:35:01.464 [INFO] Nessuna azione correttiva automatica disponibile
2026-06-13 18:35:01.499 [OK] Report diagnostica salvato: C:\cellular_speace\reports\manutenzione\correttiva\diagnosi_20260613_183439.json
2026-06-13 18:35:01.552 [OK] Diagnosi Markdown salvata: C:\cellular_speace\data\diagnosi\diagnosi_20260613_183439.md
2026-06-13 18:35:01.784 [ERROR] [critico] Log/errori_recenti: 3332 errori nelle ultime 2 ore
2026-06-13 18:35:02.050 [DIAG] Generazione raccomandazioni...
2026-06-13 18:35:02.337 [FIX] Avvio azioni correttive automatiche...
2026-06-13 18:35:02.372 [INFO] Nessuna azione correttiva automatica disponibile
2026-06-13 18:35:02.392 [OK] Report diagnostica salvato: C:\cellular_speace\reports\manutenzione\correttiva\diagnosi_20260613_183439.json
2026-06-13 18:35:02.449 [OK] Diagnosi Markdown salvata: C:\cellular_speace\data\diagnosi\diagnosi_20260613_183439.md
