2026-06-13 13:23:00.458 [DIAG] Diagnostica processi...
2026-06-13 13:23:00.483 [DIAG] Diagnostica processi...
2026-06-13 13:23:00.571 [DIAG] Diagnostica processi...
2026-06-13 13:23:00.659 [DIAG] Generazione raccomandazioni...
2026-06-13 13:23:00.686 [OK] Report diagnostica salvato: C:\cellular_speace\reports\manutenzione\correttiva\diagnosi_20260613_132300.json
2026-06-13 13:23:00.688 [DIAG] Generazione raccomandazioni...
2026-06-13 13:23:00.693 [OK] Diagnosi Markdown salvata: C:\cellular_speace\data\diagnosi\diagnosi_20260613_132300.md
2026-06-13 13:23:00.749 [DIAG] Diagnostica runtime...
2026-06-13 13:23:00.767 [ERROR] Impossibile salvare report JSON: Il processo non può accedere al file 'C:\cellular_speace\data\logs\manutenzione\correttiva\diagnostica_20260613_132300.log' perché è in uso da un altro processo.
2026-06-13 13:23:00.787 [WARN] [medio] Runtime/errore_lettura_snapshot: Errore lettura snapshot: Impossibile convertire la stringa JSON perché un dizionario convertito da tale stringa contiene le chiavi duplicate 'Server' e 'SERVER'.
2026-06-13 13:23:00.817 [DIAG] Generazione raccomandazioni...
2026-06-13 13:23:00.828 [DIAG] Diagnostica memoria...
2026-06-13 13:23:00.832 [ERROR] ERRORE FATALE: Il processo non può accedere al file 'C:\cellular_speace\data\logs\manutenzione\correttiva\diagnostica_20260613_132300.log' perché è in uso da un altro processo.
2026-06-13 13:23:00.888 [OK] Report diagnostica salvato: C:\cellular_speace\reports\manutenzione\correttiva\diagnosi_20260613_132300.json
2026-06-13 13:23:00.898 [OK] Diagnosi Markdown salvata: C:\cellular_speace\data\diagnosi\diagnosi_20260613_132300.md
2026-06-13 13:23:01.173 [DIAG] Diagnostica file...
2026-06-13 13:23:05.260 [DIAG] Diagnostica processi...
2026-06-13 13:23:05.507 [DIAG] Diagnostica log errori...
2026-06-13 13:23:08.056 [ERROR] [critico] Log/errori_recenti: 1146 errori nelle ultime 2 ore
2026-06-13 13:23:08.300 [DIAG] Generazione raccomandazioni...
2026-06-13 13:23:08.373 [FIX] Avvio azioni correttive automatiche...
2026-06-13 13:23:08.375 [INFO] Nessuna azione correttiva automatica disponibile
2026-06-13 13:23:08.381 [OK] Report diagnostica salvato: C:\cellular_speace\reports\manutenzione\correttiva\diagnosi_20260613_132300.json
2026-06-13 13:23:08.387 [OK] Diagnosi Markdown salvata: C:\cellular_speace\data\diagnosi\diagnosi_20260613_132300.md
