2026-06-13 16:07:50.102 [DIAG] Diagnostica processi...
2026-06-13 16:07:50.218 [DIAG] Generazione raccomandazioni...
2026-06-13 16:07:50.234 [OK] Report diagnostica salvato: C:\cellular_speace\reports\manutenzione\correttiva\diagnosi_20260613_160750.json
2026-06-13 16:07:50.234 [OK] Diagnosi Markdown salvata: C:\cellular_speace\data\diagnosi\diagnosi_20260613_160750.md
2026-06-13 16:07:50.265 [DIAG] Diagnostica runtime...
2026-06-13 16:07:50.265 [ERROR] [alto] Runtime/snapshot_vecchio: Snapshot ha 189.3min (>30min)
2026-06-13 16:07:50.292 [WARN] [medio] Runtime/errore_lettura_snapshot: Errore lettura snapshot: Impossibile convertire la stringa JSON perché un dizionario convertito da tale stringa contiene le chiavi duplicate 'Server' e 'SERVER'.
2026-06-13 16:07:50.297 [DIAG] Diagnostica memoria...
2026-06-13 16:07:50.567 [DIAG] Diagnostica file...
2026-06-13 16:07:51.012 [DIAG] Diagnostica processi...
2026-06-13 16:07:51.124 [DIAG] Generazione raccomandazioni...
2026-06-13 16:07:51.134 [OK] Report diagnostica salvato: C:\cellular_speace\reports\manutenzione\correttiva\diagnosi_20260613_160750.json
2026-06-13 16:07:51.134 [OK] Diagnosi Markdown salvata: C:\cellular_speace\data\diagnosi\diagnosi_20260613_160750.md
2026-06-13 16:07:53.183 [DIAG] Diagnostica processi...
2026-06-13 16:07:53.309 [DIAG] Diagnostica log errori...
2026-06-13 16:07:58.163 [ERROR] [critico] Log/errori_recenti: 3300 errori nelle ultime 2 ore
2026-06-13 16:07:58.177 [DIAG] Generazione raccomandazioni...
2026-06-13 16:07:58.188 [FIX] Avvio azioni correttive automatiche...
2026-06-13 16:07:58.196 [INFO] Nessuna azione correttiva automatica disponibile
2026-06-13 16:07:58.196 [OK] Report diagnostica salvato: C:\cellular_speace\reports\manutenzione\correttiva\diagnosi_20260613_160750.json
2026-06-13 16:07:58.204 [OK] Diagnosi Markdown salvata: C:\cellular_speace\data\diagnosi\diagnosi_20260613_160750.md
