2026-06-13 18:49:10.338 [DIAG] Diagnostica processi...
2026-06-13 18:49:10.409 [DIAG] Diagnostica processi...
2026-06-13 18:49:10.568 [DIAG] Generazione raccomandazioni...
2026-06-13 18:49:10.617 [DIAG] Diagnostica processi...
2026-06-13 18:49:10.619 [DIAG] Diagnostica processi...
2026-06-13 18:49:10.631 [ERROR] Impossibile salvare report JSON: Il processo non può accedere al file 'C:\cellular_speace\data\logs\manutenzione\correttiva\diagnostica_20260613_184910.log' perché è in uso da un altro processo.
2026-06-13 18:49:10.659 [OK] Diagnosi Markdown salvata: C:\cellular_speace\data\diagnosi\diagnosi_20260613_184910.md
2026-06-13 18:49:10.669 [DIAG] Generazione raccomandazioni...
2026-06-13 18:49:10.706 [OK] Report diagnostica salvato: C:\cellular_speace\reports\manutenzione\correttiva\diagnosi_20260613_184910.json
2026-06-13 18:49:10.714 [OK] Diagnosi Markdown salvata: C:\cellular_speace\data\diagnosi\diagnosi_20260613_184910.md
2026-06-13 18:49:10.769 [DIAG] Diagnostica runtime...
2026-06-13 18:49:10.782 [ERROR] [alto] Runtime/snapshot_vecchio: Snapshot ha 350.6min (>30min)
2026-06-13 18:49:10.820 [DIAG] Generazione raccomandazioni...
2026-06-13 18:49:10.844 [DIAG] Generazione raccomandazioni...
2026-06-13 18:49:10.846 [WARN] [medio] Runtime/errore_lettura_snapshot: Errore lettura snapshot: Impossibile convertire la stringa JSON perché un dizionario convertito da tale stringa contiene le chiavi duplicate 'Server' e 'SERVER'.
2026-06-13 18:49:10.856 [OK] Report diagnostica salvato: C:\cellular_speace\reports\manutenzione\correttiva\diagnosi_20260613_184910.json
2026-06-13 18:49:10.866 [OK] Report diagnostica salvato: C:\cellular_speace\reports\manutenzione\correttiva\diagnosi_20260613_184910.json
2026-06-13 18:49:10.868 [DIAG] Diagnostica memoria...
2026-06-13 18:49:10.873 [OK] Diagnosi Markdown salvata: C:\cellular_speace\data\diagnosi\diagnosi_20260613_184910.md
2026-06-13 18:49:10.862 [OK] Diagnosi Markdown salvata: C:\cellular_speace\data\diagnosi\diagnosi_20260613_184910.md
2026-06-13 18:49:10.911 [DIAG] Diagnostica runtime...
2026-06-13 18:49:10.921 [ERROR] [alto] Runtime/snapshot_vecchio: Snapshot ha 350.6min (>30min)
2026-06-13 18:49:10.946 [WARN] [medio] Runtime/errore_lettura_snapshot: Errore lettura snapshot: Impossibile convertire la stringa JSON perché un dizionario convertito da tale stringa contiene le chiavi duplicate 'Server' e 'SERVER'.
2026-06-13 18:49:11.011 [DIAG] Diagnostica memoria...
2026-06-13 18:49:11.378 [DIAG] Diagnostica file...
2026-06-13 18:49:11.448 [DIAG] Diagnostica file...
2026-06-13 18:49:16.941 [DIAG] Diagnostica processi...
2026-06-13 18:49:17.170 [DIAG] Diagnostica log errori...
2026-06-13 18:49:17.634 [DIAG] Diagnostica processi...
2026-06-13 18:49:17.882 [DIAG] Diagnostica log errori...
2026-06-13 18:49:29.870 [ERROR] [critico] Log/errori_recenti: 3282 errori nelle ultime 2 ore
2026-06-13 18:49:30.044 [ERROR] [critico] Log/errori_recenti: 3281 errori nelle ultime 2 ore
2026-06-13 18:49:30.415 [DIAG] Generazione raccomandazioni...
2026-06-13 18:49:30.450 [DIAG] Generazione raccomandazioni...
2026-06-13 18:49:30.751 [FIX] Avvio azioni correttive automatiche...
2026-06-13 18:49:30.778 [INFO] Nessuna azione correttiva automatica disponibile
2026-06-13 18:49:30.794 [FIX] Avvio azioni correttive automatiche...
2026-06-13 18:49:30.798 [OK] Report diagnostica salvato: C:\cellular_speace\reports\manutenzione\correttiva\diagnosi_20260613_184910.json
2026-06-13 18:49:30.823 [OK] Diagnosi Markdown salvata: C:\cellular_speace\data\diagnosi\diagnosi_20260613_184910.md
2026-06-13 18:49:30.825 [INFO] Nessuna azione correttiva automatica disponibile
2026-06-13 18:49:30.871 [OK] Report diagnostica salvato: C:\cellular_speace\reports\manutenzione\correttiva\diagnosi_20260613_184910.json
2026-06-13 18:49:30.903 [OK] Diagnosi Markdown salvata: C:\cellular_speace\data\diagnosi\diagnosi_20260613_184910.md
