2026-06-13 14:03:59.396 [DIAG] Diagnostica processi...
2026-06-13 14:03:59.461 [DIAG] Diagnostica processi...
2026-06-13 14:03:59.466 [DIAG] Diagnostica processi...
2026-06-13 14:03:59.730 [DIAG] Generazione raccomandazioni...
2026-06-13 14:03:59.745 [DIAG] Generazione raccomandazioni...
2026-06-13 14:03:59.755 [ERROR] ERRORE FATALE: Il processo non può accedere al file 'C:\cellular_speace\data\logs\manutenzione\correttiva\diagnostica_20260613_140359.log' perché è in uso da un altro processo.
2026-06-13 14:03:59.808 [OK] Report diagnostica salvato: C:\cellular_speace\reports\manutenzione\correttiva\diagnosi_20260613_140359.json
2026-06-13 14:03:59.824 [OK] Diagnosi Markdown salvata: C:\cellular_speace\data\diagnosi\diagnosi_20260613_140359.md
2026-06-13 14:03:59.871 [OK] Report diagnostica salvato: C:\cellular_speace\reports\manutenzione\correttiva\diagnosi_20260613_140359.json
2026-06-13 14:03:59.880 [OK] Diagnosi Markdown salvata: C:\cellular_speace\data\diagnosi\diagnosi_20260613_140359.md
2026-06-13 14:03:59.933 [DIAG] Diagnostica runtime...
2026-06-13 14:03:59.954 [ERROR] [alto] Runtime/snapshot_vecchio: Snapshot ha 65.4min (>30min)
2026-06-13 14:04:00.086 [WARN] [medio] Runtime/errore_lettura_snapshot: Errore lettura snapshot: Impossibile convertire la stringa JSON perché un dizionario convertito da tale stringa contiene le chiavi duplicate 'Server' e 'SERVER'.
2026-06-13 14:04:00.208 [DIAG] Diagnostica memoria...
2026-06-13 14:04:00.659 [DIAG] Diagnostica file...
2026-06-13 14:04:05.476 [DIAG] Diagnostica processi...
2026-06-13 14:04:05.704 [DIAG] Diagnostica log errori...
2026-06-13 14:04:10.422 [ERROR] [critico] Log/errori_recenti: 2338 errori nelle ultime 2 ore
2026-06-13 14:04:10.430 [DIAG] Generazione raccomandazioni...
2026-06-13 14:04:10.457 [FIX] Avvio azioni correttive automatiche...
2026-06-13 14:04:10.461 [INFO] Nessuna azione correttiva automatica disponibile
2026-06-13 14:04:10.467 [OK] Report diagnostica salvato: C:\cellular_speace\reports\manutenzione\correttiva\diagnosi_20260613_140359.json
2026-06-13 14:04:10.467 [OK] Diagnosi Markdown salvata: C:\cellular_speace\data\diagnosi\diagnosi_20260613_140359.md
