2026-06-13 17:15:17.294 [DIAG] Diagnostica processi...
2026-06-13 17:15:17.481 [DIAG] Generazione raccomandazioni...
2026-06-13 17:15:17.499 [OK] Report diagnostica salvato: C:\cellular_speace\reports\manutenzione\correttiva\diagnosi_20260613_171517.json
2026-06-13 17:15:17.503 [OK] Diagnosi Markdown salvata: C:\cellular_speace\data\diagnosi\diagnosi_20260613_171517.md
2026-06-13 17:15:17.640 [DIAG] Diagnostica processi...
2026-06-13 17:15:17.821 [DIAG] Generazione raccomandazioni...
2026-06-13 17:15:17.863 [OK] Report diagnostica salvato: C:\cellular_speace\reports\manutenzione\correttiva\diagnosi_20260613_171517.json
2026-06-13 17:15:17.869 [OK] Diagnosi Markdown salvata: C:\cellular_speace\data\diagnosi\diagnosi_20260613_171517.md
2026-06-13 17:15:17.897 [DIAG] Diagnostica runtime...
2026-06-13 17:15:17.927 [ERROR] [alto] Runtime/snapshot_vecchio: Snapshot ha 256.7min (>30min)
2026-06-13 17:15:17.948 [WARN] [medio] Runtime/errore_lettura_snapshot: Errore lettura snapshot: Impossibile convertire la stringa JSON perché un dizionario convertito da tale stringa contiene le chiavi duplicate 'Server' e 'SERVER'.
2026-06-13 17:15:17.999 [DIAG] Diagnostica memoria...
2026-06-13 17:15:18.409 [DIAG] Diagnostica file...
2026-06-13 17:15:22.990 [DIAG] Diagnostica processi...
2026-06-13 17:15:23.173 [DIAG] Diagnostica log errori...
2026-06-13 17:15:30.011 [ERROR] [critico] Log/errori_recenti: 3367 errori nelle ultime 2 ore
2026-06-13 17:15:30.020 [DIAG] Generazione raccomandazioni...
2026-06-13 17:15:30.042 [FIX] Avvio azioni correttive automatiche...
2026-06-13 17:15:30.046 [INFO] Nessuna azione correttiva automatica disponibile
2026-06-13 17:15:30.048 [OK] Report diagnostica salvato: C:\cellular_speace\reports\manutenzione\correttiva\diagnosi_20260613_171517.json
2026-06-13 17:15:30.053 [OK] Diagnosi Markdown salvata: C:\cellular_speace\data\diagnosi\diagnosi_20260613_171517.md
