2026-06-13 13:58:50.281 [DIAG] Diagnostica processi...
2026-06-13 13:58:50.452 [DIAG] Generazione raccomandazioni...
2026-06-13 13:58:50.470 [OK] Report diagnostica salvato: C:\cellular_speace\reports\manutenzione\correttiva\diagnosi_20260613_135850.json
2026-06-13 13:58:50.479 [OK] Diagnosi Markdown salvata: C:\cellular_speace\data\diagnosi\diagnosi_20260613_135850.md
2026-06-13 13:58:50.515 [DIAG] Diagnostica runtime...
2026-06-13 13:58:50.523 [ERROR] [alto] Runtime/snapshot_vecchio: Snapshot ha 60.3min (>30min)
2026-06-13 13:58:50.542 [WARN] [medio] Runtime/errore_lettura_snapshot: Errore lettura snapshot: Impossibile convertire la stringa JSON perché un dizionario convertito da tale stringa contiene le chiavi duplicate 'Server' e 'SERVER'.
2026-06-13 13:58:50.553 [DIAG] Diagnostica memoria...
2026-06-13 13:58:50.874 [DIAG] Diagnostica file...
2026-06-13 13:58:50.997 [DIAG] Diagnostica processi...
2026-06-13 13:58:51.170 [DIAG] Generazione raccomandazioni...
2026-06-13 13:58:51.188 [OK] Report diagnostica salvato: C:\cellular_speace\reports\manutenzione\correttiva\diagnosi_20260613_135850.json
2026-06-13 13:58:51.196 [OK] Diagnosi Markdown salvata: C:\cellular_speace\data\diagnosi\diagnosi_20260613_135850.md
2026-06-13 13:58:53.797 [DIAG] Diagnostica processi...
2026-06-13 13:58:53.933 [DIAG] Diagnostica log errori...
2026-06-13 13:58:56.571 [ERROR] [critico] Log/errori_recenti: 2186 errori nelle ultime 2 ore
2026-06-13 13:58:56.571 [DIAG] Generazione raccomandazioni...
2026-06-13 13:58:56.599 [FIX] Avvio azioni correttive automatiche...
2026-06-13 13:58:56.602 [INFO] Nessuna azione correttiva automatica disponibile
2026-06-13 13:58:56.604 [OK] Report diagnostica salvato: C:\cellular_speace\reports\manutenzione\correttiva\diagnosi_20260613_135850.json
2026-06-13 13:58:56.604 [OK] Diagnosi Markdown salvata: C:\cellular_speace\data\diagnosi\diagnosi_20260613_135850.md
