2026-06-13 17:14:37.079 [DIAG] Diagnostica processi...
2026-06-13 17:14:37.281 [DIAG] Generazione raccomandazioni...
2026-06-13 17:14:37.301 [OK] Report diagnostica salvato: C:\cellular_speace\reports\manutenzione\correttiva\diagnosi_20260613_171437.json
2026-06-13 17:14:37.305 [OK] Diagnosi Markdown salvata: C:\cellular_speace\data\diagnosi\diagnosi_20260613_171437.md
2026-06-13 17:14:37.321 [DIAG] Diagnostica processi...
2026-06-13 17:14:37.334 [DIAG] Diagnostica runtime...
2026-06-13 17:14:37.351 [ERROR] [alto] Runtime/snapshot_vecchio: Snapshot ha 256.1min (>30min)
2026-06-13 17:14:37.369 [WARN] [medio] Runtime/errore_lettura_snapshot: Errore lettura snapshot: Impossibile convertire la stringa JSON perché un dizionario convertito da tale stringa contiene le chiavi duplicate 'Server' e 'SERVER'.
2026-06-13 17:14:37.378 [DIAG] Diagnostica memoria...
2026-06-13 17:14:37.517 [DIAG] Generazione raccomandazioni...
2026-06-13 17:14:37.594 [OK] Report diagnostica salvato: C:\cellular_speace\reports\manutenzione\correttiva\diagnosi_20260613_171437.json
2026-06-13 17:14:37.596 [OK] Diagnosi Markdown salvata: C:\cellular_speace\data\diagnosi\diagnosi_20260613_171437.md
2026-06-13 17:14:37.628 [DIAG] Diagnostica runtime...
2026-06-13 17:14:37.633 [ERROR] [alto] Runtime/snapshot_vecchio: Snapshot ha 256.1min (>30min)
2026-06-13 17:14:37.705 [WARN] [medio] Runtime/errore_lettura_snapshot: Errore lettura snapshot: Impossibile convertire la stringa JSON perché un dizionario convertito da tale stringa contiene le chiavi duplicate 'Server' e 'SERVER'.
2026-06-13 17:14:37.727 [DIAG] Diagnostica memoria...
2026-06-13 17:14:37.804 [DIAG] Diagnostica file...
2026-06-13 17:14:38.119 [DIAG] Diagnostica file...
2026-06-13 17:14:42.753 [DIAG] Diagnostica processi...
2026-06-13 17:14:42.768 [DIAG] Diagnostica processi...
2026-06-13 17:14:42.943 [DIAG] Diagnostica log errori...
2026-06-13 17:14:42.964 [DIAG] Diagnostica log errori...
2026-06-13 17:14:50.875 [ERROR] [critico] Log/errori_recenti: 3372 errori nelle ultime 2 ore
2026-06-13 17:14:50.888 [DIAG] Generazione raccomandazioni...
2026-06-13 17:14:50.915 [FIX] Avvio azioni correttive automatiche...
2026-06-13 17:14:50.919 [INFO] Nessuna azione correttiva automatica disponibile
2026-06-13 17:14:50.925 [OK] Report diagnostica salvato: C:\cellular_speace\reports\manutenzione\correttiva\diagnosi_20260613_171437.json
2026-06-13 17:14:50.929 [OK] Diagnosi Markdown salvata: C:\cellular_speace\data\diagnosi\diagnosi_20260613_171437.md
2026-06-13 17:14:51.138 [ERROR] [critico] Log/errori_recenti: 3372 errori nelle ultime 2 ore
2026-06-13 17:14:51.221 [DIAG] Generazione raccomandazioni...
2026-06-13 17:14:51.294 [FIX] Avvio azioni correttive automatiche...
2026-06-13 17:14:51.304 [INFO] Nessuna azione correttiva automatica disponibile
2026-06-13 17:14:51.312 [OK] Report diagnostica salvato: C:\cellular_speace\reports\manutenzione\correttiva\diagnosi_20260613_171437.json
2026-06-13 17:14:51.317 [OK] Diagnosi Markdown salvata: C:\cellular_speace\data\diagnosi\diagnosi_20260613_171437.md
