2026-06-13 14:06:14.146 [DIAG] Diagnostica processi...
2026-06-13 14:06:14.461 [DIAG] Generazione raccomandazioni...
2026-06-13 14:06:14.589 [DIAG] Diagnostica runtime...
2026-06-13 14:06:14.620 [ERROR] [alto] Runtime/snapshot_vecchio: Snapshot ha 67.7min (>30min)
2026-06-13 14:06:14.658 [OK] Report diagnostica salvato: C:\cellular_speace\reports\manutenzione\correttiva\diagnosi_20260613_140614.json
2026-06-13 14:06:14.693 [OK] Diagnosi Markdown salvata: C:\cellular_speace\data\diagnosi\diagnosi_20260613_140614.md
2026-06-13 14:06:14.812 [WARN] [medio] Runtime/errore_lettura_snapshot: Errore lettura snapshot: Impossibile convertire la stringa JSON perché un dizionario convertito da tale stringa contiene le chiavi duplicate 'Server' e 'SERVER'.
2026-06-13 14:06:14.888 [DIAG] Diagnostica processi...
2026-06-13 14:06:14.988 [DIAG] Diagnostica memoria...
2026-06-13 14:06:15.160 [DIAG] Generazione raccomandazioni...
2026-06-13 14:06:15.271 [OK] Report diagnostica salvato: C:\cellular_speace\reports\manutenzione\correttiva\diagnosi_20260613_140614.json
2026-06-13 14:06:15.279 [OK] Diagnosi Markdown salvata: C:\cellular_speace\data\diagnosi\diagnosi_20260613_140614.md
2026-06-13 14:06:15.481 [DIAG] Diagnostica file...
2026-06-13 14:06:18.813 [DIAG] Diagnostica processi...
2026-06-13 14:06:18.960 [DIAG] Diagnostica log errori...
2026-06-13 14:06:22.755 [ERROR] [critico] Log/errori_recenti: 2392 errori nelle ultime 2 ore
2026-06-13 14:06:22.765 [DIAG] Generazione raccomandazioni...
2026-06-13 14:06:22.790 [FIX] Avvio azioni correttive automatiche...
2026-06-13 14:06:22.798 [INFO] Nessuna azione correttiva automatica disponibile
2026-06-13 14:06:22.800 [OK] Report diagnostica salvato: C:\cellular_speace\reports\manutenzione\correttiva\diagnosi_20260613_140614.json
2026-06-13 14:06:22.800 [OK] Diagnosi Markdown salvata: C:\cellular_speace\data\diagnosi\diagnosi_20260613_140614.md
