2026-06-13 19:52:57.196 [DIAG] Diagnostica runtime...
2026-06-13 19:52:57.206 [ERROR] [alto] Runtime/snapshot_vecchio: Snapshot ha 414.4min (>30min)
2026-06-13 19:52:57.216 [DIAG] Diagnostica runtime...
2026-06-13 19:52:57.242 [ERROR] [alto] Runtime/snapshot_vecchio: Snapshot ha 414.4min (>30min)
2026-06-13 19:52:57.275 [WARN] [medio] Runtime/errore_lettura_snapshot: Errore lettura snapshot: Impossibile convertire la stringa JSON perché un dizionario convertito da tale stringa contiene le chiavi duplicate 'Server' e 'SERVER'.
2026-06-13 19:52:57.286 [WARN] [medio] Runtime/errore_lettura_snapshot: Errore lettura snapshot: Impossibile convertire la stringa JSON perché un dizionario convertito da tale stringa contiene le chiavi duplicate 'Server' e 'SERVER'.
2026-06-13 19:52:57.305 [DIAG] Diagnostica memoria...
2026-06-13 19:52:57.312 [DIAG] Diagnostica memoria...
2026-06-13 19:52:57.950 [DIAG] Diagnostica file...
2026-06-13 19:52:58.120 [DIAG] Diagnostica file...
2026-06-13 19:53:02.358 [DIAG] Diagnostica processi...
2026-06-13 19:53:02.483 [ERROR] [critico] Processi/nessun_processo: Nessun processo SPEACE in esecuzione
2026-06-13 19:53:02.493 [DIAG] Diagnostica log errori...
2026-06-13 19:53:02.696 [DIAG] Diagnostica processi...
2026-06-13 19:53:02.794 [ERROR] [critico] Processi/nessun_processo: Nessun processo SPEACE in esecuzione
2026-06-13 19:53:02.805 [DIAG] Diagnostica log errori...
2026-06-13 19:53:07.476 [ERROR] [critico] Log/errori_recenti: 2370 errori nelle ultime 2 ore
2026-06-13 19:53:07.499 [DIAG] Generazione raccomandazioni...
2026-06-13 19:53:07.520 [FIX] Avvio azioni correttive automatiche...
2026-06-13 19:53:07.522 [FIX] Tentativo avvio SPEACE...
2026-06-13 19:53:07.606 [FIX] AZIONE: Avviato SPEACE: C:\cellular_speace\ispettore_manutentore_neurologico_organismico_di_speace\avvio_locale.bat
2026-06-13 19:53:07.612 [OK] Report diagnostica salvato: C:\cellular_speace\reports\manutenzione\correttiva\diagnosi_20260613_195257.json
2026-06-13 19:53:07.616 [OK] Diagnosi Markdown salvata: C:\cellular_speace\data\diagnosi\diagnosi_20260613_195257.md
2026-06-13 19:53:08.019 [ERROR] [critico] Log/errori_recenti: 2372 errori nelle ultime 2 ore
2026-06-13 19:53:08.022 [DIAG] Generazione raccomandazioni...
2026-06-13 19:53:08.046 [FIX] Avvio azioni correttive automatiche...
2026-06-13 19:53:08.046 [FIX] Tentativo avvio SPEACE...
2026-06-13 19:53:08.096 [FIX] AZIONE: Avviato SPEACE: C:\cellular_speace\ispettore_manutentore_neurologico_organismico_di_speace\avvio_locale.bat
2026-06-13 19:53:08.106 [OK] Report diagnostica salvato: C:\cellular_speace\reports\manutenzione\correttiva\diagnosi_20260613_195257.json
2026-06-13 19:53:08.106 [OK] Diagnosi Markdown salvata: C:\cellular_speace\data\diagnosi\diagnosi_20260613_195257.md
