2026-06-13 15:15:03.343 [DIAG] Diagnostica processi...
2026-06-13 15:15:03.564 [DIAG] Generazione raccomandazioni...
2026-06-13 15:15:03.592 [OK] Report diagnostica salvato: C:\cellular_speace\reports\manutenzione\correttiva\diagnosi_20260613_151503.json
2026-06-13 15:15:03.598 [OK] Diagnosi Markdown salvata: C:\cellular_speace\data\diagnosi\diagnosi_20260613_151503.md
2026-06-13 15:15:03.630 [DIAG] Diagnostica runtime...
2026-06-13 15:15:03.637 [ERROR] [alto] Runtime/snapshot_vecchio: Snapshot ha 136.5min (>30min)
2026-06-13 15:15:03.677 [WARN] [medio] Runtime/errore_lettura_snapshot: Errore lettura snapshot: Impossibile convertire la stringa JSON perché un dizionario convertito da tale stringa contiene le chiavi duplicate 'Server' e 'SERVER'.
2026-06-13 15:15:03.706 [DIAG] Diagnostica memoria...
2026-06-13 15:15:03.860 [DIAG] Diagnostica processi...
2026-06-13 15:15:04.086 [DIAG] Generazione raccomandazioni...
2026-06-13 15:15:04.120 [OK] Report diagnostica salvato: C:\cellular_speace\reports\manutenzione\correttiva\diagnosi_20260613_151503.json
2026-06-13 15:15:04.124 [OK] Diagnosi Markdown salvata: C:\cellular_speace\data\diagnosi\diagnosi_20260613_151503.md
2026-06-13 15:15:04.128 [DIAG] Diagnostica file...
2026-06-13 15:15:08.984 [DIAG] Diagnostica processi...
2026-06-13 15:15:09.243 [DIAG] Diagnostica log errori...
2026-06-13 15:15:21.431 [ERROR] [critico] Log/errori_recenti: 3508 errori nelle ultime 2 ore
2026-06-13 15:15:21.812 [DIAG] Generazione raccomandazioni...
2026-06-13 15:15:22.122 [FIX] Avvio azioni correttive automatiche...
2026-06-13 15:15:22.142 [INFO] Nessuna azione correttiva automatica disponibile
2026-06-13 15:15:22.156 [OK] Report diagnostica salvato: C:\cellular_speace\reports\manutenzione\correttiva\diagnosi_20260613_151503.json
2026-06-13 15:15:22.184 [OK] Diagnosi Markdown salvata: C:\cellular_speace\data\diagnosi\diagnosi_20260613_151503.md
