2026-06-13 16:58:26.104 [DIAG] Diagnostica runtime...
2026-06-13 16:58:26.120 [ERROR] [alto] Runtime/snapshot_vecchio: Snapshot ha 239.9min (>30min)
2026-06-13 16:58:26.146 [WARN] [medio] Runtime/errore_lettura_snapshot: Errore lettura snapshot: Impossibile convertire la stringa JSON perché un dizionario convertito da tale stringa contiene le chiavi duplicate 'Server' e 'SERVER'.
2026-06-13 16:58:26.152 [DIAG] Diagnostica memoria...
2026-06-13 16:58:26.267 [DIAG] Diagnostica processi...
2026-06-13 16:58:26.405 [DIAG] Diagnostica file...
2026-06-13 16:58:26.405 [DIAG] Generazione raccomandazioni...
2026-06-13 16:58:26.437 [OK] Report diagnostica salvato: C:\cellular_speace\reports\manutenzione\correttiva\diagnosi_20260613_165826.json
2026-06-13 16:58:26.437 [OK] Diagnosi Markdown salvata: C:\cellular_speace\data\diagnosi\diagnosi_20260613_165826.md
2026-06-13 16:58:26.468 [DIAG] Diagnostica runtime...
2026-06-13 16:58:26.468 [ERROR] [alto] Runtime/snapshot_vecchio: Snapshot ha 239.9min (>30min)
2026-06-13 16:58:26.484 [WARN] [medio] Runtime/errore_lettura_snapshot: Errore lettura snapshot: Impossibile convertire la stringa JSON perché un dizionario convertito da tale stringa contiene le chiavi duplicate 'Server' e 'SERVER'.
2026-06-13 16:58:26.500 [DIAG] Diagnostica memoria...
2026-06-13 16:58:26.781 [DIAG] Diagnostica file...
2026-06-13 16:58:29.555 [DIAG] Diagnostica processi...
2026-06-13 16:58:29.695 [DIAG] Diagnostica log errori...
2026-06-13 16:58:30.130 [DIAG] Diagnostica processi...
2026-06-13 16:58:30.308 [DIAG] Diagnostica log errori...
2026-06-13 16:58:34.806 [ERROR] [critico] Log/errori_recenti: 3391 errori nelle ultime 2 ore
2026-06-13 16:58:34.812 [DIAG] Generazione raccomandazioni...
2026-06-13 16:58:34.827 [FIX] Avvio azioni correttive automatiche...
2026-06-13 16:58:34.829 [INFO] Nessuna azione correttiva automatica disponibile
2026-06-13 16:58:34.833 [OK] Report diagnostica salvato: C:\cellular_speace\reports\manutenzione\correttiva\diagnosi_20260613_165826.json
2026-06-13 16:58:34.835 [OK] Diagnosi Markdown salvata: C:\cellular_speace\data\diagnosi\diagnosi_20260613_165826.md
2026-06-13 16:58:35.217 [ERROR] [critico] Log/errori_recenti: 3392 errori nelle ultime 2 ore
2026-06-13 16:58:35.219 [DIAG] Generazione raccomandazioni...
2026-06-13 16:58:35.231 [FIX] Avvio azioni correttive automatiche...
2026-06-13 16:58:35.231 [INFO] Nessuna azione correttiva automatica disponibile
2026-06-13 16:58:35.231 [OK] Report diagnostica salvato: C:\cellular_speace\reports\manutenzione\correttiva\diagnosi_20260613_165826.json
2026-06-13 16:58:35.231 [OK] Diagnosi Markdown salvata: C:\cellular_speace\data\diagnosi\diagnosi_20260613_165826.md
