2026-06-13 15:00:10.131 [DIAG] Diagnostica processi...
2026-06-13 15:00:10.332 [DIAG] Generazione raccomandazioni...
2026-06-13 15:00:10.362 [DIAG] Diagnostica processi...
2026-06-13 15:00:10.385 [OK] Report diagnostica salvato: C:\cellular_speace\reports\manutenzione\correttiva\diagnosi_20260613_150010.json
2026-06-13 15:00:10.391 [OK] Diagnosi Markdown salvata: C:\cellular_speace\data\diagnosi\diagnosi_20260613_150010.md
2026-06-13 15:00:10.427 [DIAG] Diagnostica runtime...
2026-06-13 15:00:10.433 [ERROR] [alto] Runtime/snapshot_vecchio: Snapshot ha 121.6min (>30min)
2026-06-13 15:00:10.476 [WARN] [medio] Runtime/errore_lettura_snapshot: Errore lettura snapshot: Impossibile convertire la stringa JSON perché un dizionario convertito da tale stringa contiene le chiavi duplicate 'Server' e 'SERVER'.
2026-06-13 15:00:10.540 [DIAG] Diagnostica memoria...
2026-06-13 15:00:10.581 [DIAG] Generazione raccomandazioni...
2026-06-13 15:00:10.613 [OK] Report diagnostica salvato: C:\cellular_speace\reports\manutenzione\correttiva\diagnosi_20260613_150010.json
2026-06-13 15:00:10.620 [OK] Diagnosi Markdown salvata: C:\cellular_speace\data\diagnosi\diagnosi_20260613_150010.md
2026-06-13 15:00:10.922 [DIAG] Diagnostica file...
2026-06-13 15:00:14.788 [DIAG] Diagnostica processi...
2026-06-13 15:00:14.983 [DIAG] Diagnostica log errori...
2026-06-13 15:00:22.382 [ERROR] [critico] Log/errori_recenti: 3660 errori nelle ultime 2 ore
2026-06-13 15:00:22.403 [DIAG] Generazione raccomandazioni...
2026-06-13 15:00:22.432 [FIX] Avvio azioni correttive automatiche...
2026-06-13 15:00:22.437 [INFO] Nessuna azione correttiva automatica disponibile
2026-06-13 15:00:22.443 [OK] Report diagnostica salvato: C:\cellular_speace\reports\manutenzione\correttiva\diagnosi_20260613_150010.json
2026-06-13 15:00:22.448 [OK] Diagnosi Markdown salvata: C:\cellular_speace\data\diagnosi\diagnosi_20260613_150010.md
