2026-06-13 14:42:01.065 [DIAG] Diagnostica processi...
2026-06-13 14:42:01.174 [DIAG] Diagnostica processi...
2026-06-13 14:42:01.370 [DIAG] Generazione raccomandazioni...
2026-06-13 14:42:01.396 [DIAG] Generazione raccomandazioni...
2026-06-13 14:42:01.483 [OK] Report diagnostica salvato: C:\cellular_speace\reports\manutenzione\correttiva\diagnosi_20260613_144201.json
2026-06-13 14:42:01.495 [OK] Diagnosi Markdown salvata: C:\cellular_speace\data\diagnosi\diagnosi_20260613_144201.md
2026-06-13 14:42:01.542 [OK] Report diagnostica salvato: C:\cellular_speace\reports\manutenzione\correttiva\diagnosi_20260613_144201.json
2026-06-13 14:42:01.558 [DIAG] Diagnostica runtime...
2026-06-13 14:42:01.570 [OK] Diagnosi Markdown salvata: C:\cellular_speace\data\diagnosi\diagnosi_20260613_144201.md
2026-06-13 14:42:01.581 [ERROR] [alto] Runtime/snapshot_vecchio: Snapshot ha 103.5min (>30min)
2026-06-13 14:42:01.681 [WARN] [medio] Runtime/errore_lettura_snapshot: Errore lettura snapshot: Impossibile convertire la stringa JSON perché un dizionario convertito da tale stringa contiene le chiavi duplicate 'Server' e 'SERVER'.
2026-06-13 14:42:01.839 [DIAG] Diagnostica memoria...
2026-06-13 14:42:02.311 [DIAG] Diagnostica file...
2026-06-13 14:42:07.208 [DIAG] Diagnostica processi...
2026-06-13 14:42:07.441 [DIAG] Diagnostica log errori...
2026-06-13 14:42:19.204 [ERROR] [critico] Log/errori_recenti: 3305 errori nelle ultime 2 ore
2026-06-13 14:42:19.411 [DIAG] Generazione raccomandazioni...
2026-06-13 14:42:19.475 [FIX] Avvio azioni correttive automatiche...
2026-06-13 14:42:19.497 [INFO] Nessuna azione correttiva automatica disponibile
2026-06-13 14:42:19.505 [OK] Report diagnostica salvato: C:\cellular_speace\reports\manutenzione\correttiva\diagnosi_20260613_144201.json
2026-06-13 14:42:19.527 [OK] Diagnosi Markdown salvata: C:\cellular_speace\data\diagnosi\diagnosi_20260613_144201.md
