2026-06-13 17:35:43.102 [DIAG] Diagnostica processi...
2026-06-13 17:35:43.148 [DIAG] Diagnostica processi...
2026-06-13 17:35:43.290 [DIAG] Generazione raccomandazioni...
2026-06-13 17:35:43.311 [OK] Report diagnostica salvato: C:\cellular_speace\reports\manutenzione\correttiva\diagnosi_20260613_173543.json
2026-06-13 17:35:43.316 [OK] Diagnosi Markdown salvata: C:\cellular_speace\data\diagnosi\diagnosi_20260613_173543.md
2026-06-13 17:35:43.334 [DIAG] Generazione raccomandazioni...
2026-06-13 17:35:43.353 [OK] Report diagnostica salvato: C:\cellular_speace\reports\manutenzione\correttiva\diagnosi_20260613_173543.json
2026-06-13 17:35:43.361 [OK] Diagnosi Markdown salvata: C:\cellular_speace\data\diagnosi\diagnosi_20260613_173543.md
2026-06-13 17:35:43.384 [DIAG] Diagnostica runtime...
2026-06-13 17:35:43.394 [ERROR] [alto] Runtime/snapshot_vecchio: Snapshot ha 277.2min (>30min)
2026-06-13 17:35:43.412 [WARN] [medio] Runtime/errore_lettura_snapshot: Errore lettura snapshot: Impossibile convertire la stringa JSON perché un dizionario convertito da tale stringa contiene le chiavi duplicate 'Server' e 'SERVER'.
2026-06-13 17:35:43.426 [DIAG] Diagnostica memoria...
2026-06-13 17:35:43.681 [DIAG] Diagnostica file...
2026-06-13 17:35:46.727 [DIAG] Diagnostica processi...
2026-06-13 17:35:46.892 [DIAG] Diagnostica log errori...
2026-06-13 17:35:51.577 [ERROR] [critico] Log/errori_recenti: 3403 errori nelle ultime 2 ore
2026-06-13 17:35:51.577 [DIAG] Generazione raccomandazioni...
2026-06-13 17:35:51.596 [FIX] Avvio azioni correttive automatiche...
2026-06-13 17:35:51.596 [INFO] Nessuna azione correttiva automatica disponibile
2026-06-13 17:35:51.602 [OK] Report diagnostica salvato: C:\cellular_speace\reports\manutenzione\correttiva\diagnosi_20260613_173543.json
2026-06-13 17:35:51.608 [OK] Diagnosi Markdown salvata: C:\cellular_speace\data\diagnosi\diagnosi_20260613_173543.md
