2026-06-13 13:23:36.088 [DIAG] Diagnostica runtime...
2026-06-13 13:23:36.157 [WARN] [medio] Runtime/errore_lettura_snapshot: Errore lettura snapshot: Impossibile convertire la stringa JSON perché un dizionario convertito da tale stringa contiene le chiavi duplicate 'Server' e 'SERVER'.
2026-06-13 13:23:36.193 [DIAG] Diagnostica memoria...
2026-06-13 13:23:36.223 [DIAG] Diagnostica processi...
2026-06-13 13:23:36.412 [DIAG] Generazione raccomandazioni...
2026-06-13 13:23:36.451 [OK] Report diagnostica salvato: C:\cellular_speace\reports\manutenzione\correttiva\diagnosi_20260613_132336.json
2026-06-13 13:23:36.462 [OK] Diagnosi Markdown salvata: C:\cellular_speace\data\diagnosi\diagnosi_20260613_132336.md
2026-06-13 13:23:36.518 [DIAG] Diagnostica runtime...
2026-06-13 13:23:36.577 [DIAG] Diagnostica file...
2026-06-13 13:23:36.582 [WARN] [medio] Runtime/errore_lettura_snapshot: Errore lettura snapshot: Impossibile convertire la stringa JSON perché un dizionario convertito da tale stringa contiene le chiavi duplicate 'Server' e 'SERVER'.
2026-06-13 13:23:36.606 [DIAG] Diagnostica memoria...
2026-06-13 13:23:37.114 [DIAG] Diagnostica file...
2026-06-13 13:23:44.337 [DIAG] Diagnostica processi...
2026-06-13 13:23:44.543 [DIAG] Diagnostica processi...
2026-06-13 13:23:44.656 [DIAG] Diagnostica log errori...
2026-06-13 13:23:44.849 [DIAG] Diagnostica log errori...
2026-06-13 13:23:46.253 [ERROR] [critico] Log/errori_recenti: 1168 errori nelle ultime 2 ore
2026-06-13 13:23:46.264 [DIAG] Generazione raccomandazioni...
2026-06-13 13:23:46.290 [FIX] Avvio azioni correttive automatiche...
2026-06-13 13:23:46.294 [INFO] Nessuna azione correttiva automatica disponibile
2026-06-13 13:23:46.302 [OK] Report diagnostica salvato: C:\cellular_speace\reports\manutenzione\correttiva\diagnosi_20260613_132336.json
2026-06-13 13:23:46.306 [OK] Diagnosi Markdown salvata: C:\cellular_speace\data\diagnosi\diagnosi_20260613_132336.md
2026-06-13 13:23:46.359 [ERROR] [critico] Log/errori_recenti: 1169 errori nelle ultime 2 ore
2026-06-13 13:23:46.377 [DIAG] Generazione raccomandazioni...
2026-06-13 13:23:46.390 [FIX] Avvio azioni correttive automatiche...
2026-06-13 13:23:46.390 [INFO] Nessuna azione correttiva automatica disponibile
2026-06-13 13:23:46.406 [OK] Report diagnostica salvato: C:\cellular_speace\reports\manutenzione\correttiva\diagnosi_20260613_132336.json
2026-06-13 13:23:46.420 [OK] Diagnosi Markdown salvata: C:\cellular_speace\data\diagnosi\diagnosi_20260613_132336.md
