2026-06-13 16:00:22.194 [DIAG] Diagnostica processi...
2026-06-13 16:00:22.220 [DIAG] Diagnostica processi...
2026-06-13 16:00:22.349 [DIAG] Diagnostica processi...
2026-06-13 16:00:22.477 [DIAG] Generazione raccomandazioni...
2026-06-13 16:00:22.638 [DIAG] Generazione raccomandazioni...
2026-06-13 16:00:22.706 [DIAG] Generazione raccomandazioni...
2026-06-13 16:00:22.718 [OK] Report diagnostica salvato: C:\cellular_speace\reports\manutenzione\correttiva\diagnosi_20260613_160022.json
2026-06-13 16:00:22.750 [OK] Diagnosi Markdown salvata: C:\cellular_speace\data\diagnosi\diagnosi_20260613_160022.md
2026-06-13 16:00:22.762 [ERROR] ERRORE FATALE: Il processo non può accedere al file 'C:\cellular_speace\data\logs\manutenzione\correttiva\diagnostica_20260613_160022.log' perché è in uso da un altro processo.
2026-06-13 16:00:22.893 [OK] Report diagnostica salvato: C:\cellular_speace\reports\manutenzione\correttiva\diagnosi_20260613_160022.json
2026-06-13 16:00:22.919 [OK] Report diagnostica salvato: C:\cellular_speace\reports\manutenzione\correttiva\diagnosi_20260613_160022.json
2026-06-13 16:00:22.932 [OK] Diagnosi Markdown salvata: C:\cellular_speace\data\diagnosi\diagnosi_20260613_160022.md
2026-06-13 16:00:22.942 [ERROR] ERRORE FATALE: Il processo non può accedere al file 'C:\cellular_speace\data\logs\manutenzione\correttiva\diagnostica_20260613_160022.log' perché è in uso da un altro processo.
2026-06-13 16:00:23.081 [DIAG] Diagnostica runtime...
2026-06-13 16:00:23.097 [ERROR] [alto] Runtime/snapshot_vecchio: Snapshot ha 181.8min (>30min)
2026-06-13 16:00:23.329 [WARN] [medio] Runtime/errore_lettura_snapshot: Errore lettura snapshot: Impossibile convertire la stringa JSON perché un dizionario convertito da tale stringa contiene le chiavi duplicate 'Server' e 'SERVER'.
2026-06-13 16:00:23.889 [DIAG] Diagnostica memoria...
2026-06-13 16:00:24.470 [DIAG] Diagnostica file...
2026-06-13 16:00:29.692 [DIAG] Diagnostica processi...
2026-06-13 16:00:30.113 [DIAG] Diagnostica log errori...
2026-06-13 16:00:42.251 [ERROR] [critico] Log/errori_recenti: 3310 errori nelle ultime 2 ore
2026-06-13 16:00:42.587 [DIAG] Generazione raccomandazioni...
2026-06-13 16:00:42.819 [FIX] Avvio azioni correttive automatiche...
2026-06-13 16:00:42.827 [INFO] Nessuna azione correttiva automatica disponibile
2026-06-13 16:00:42.849 [OK] Report diagnostica salvato: C:\cellular_speace\reports\manutenzione\correttiva\diagnosi_20260613_160022.json
2026-06-13 16:00:42.935 [OK] Diagnosi Markdown salvata: C:\cellular_speace\data\diagnosi\diagnosi_20260613_160023.md
