2026-06-13 18:28:20.229 [DIAG] Diagnostica runtime...
2026-06-13 18:28:20.249 [ERROR] [alto] Runtime/snapshot_vecchio: Snapshot ha 329.8min (>30min)
2026-06-13 18:28:20.261 [DIAG] Diagnostica runtime...
2026-06-13 18:28:20.289 [ERROR] [alto] Runtime/snapshot_vecchio: Snapshot ha 329.8min (>30min)
2026-06-13 18:28:20.297 [DIAG] Diagnostica runtime...
2026-06-13 18:28:20.316 [ERROR] [alto] Runtime/snapshot_vecchio: Snapshot ha 329.8min (>30min)
2026-06-13 18:28:20.495 [WARN] [medio] Runtime/errore_lettura_snapshot: Errore lettura snapshot: Impossibile convertire la stringa JSON perché un dizionario convertito da tale stringa contiene le chiavi duplicate 'Server' e 'SERVER'.
2026-06-13 18:28:20.517 [WARN] [medio] Runtime/errore_lettura_snapshot: Errore lettura snapshot: Impossibile convertire la stringa JSON perché un dizionario convertito da tale stringa contiene le chiavi duplicate 'Server' e 'SERVER'.
2026-06-13 18:28:20.560 [WARN] [medio] Runtime/errore_lettura_snapshot: Errore lettura snapshot: Impossibile convertire la stringa JSON perché un dizionario convertito da tale stringa contiene le chiavi duplicate 'Server' e 'SERVER'.
2026-06-13 18:28:20.571 [DIAG] Diagnostica processi...
2026-06-13 18:28:20.710 [DIAG] Diagnostica memoria...
2026-06-13 18:28:20.720 [DIAG] Diagnostica memoria...
2026-06-13 18:28:20.819 [DIAG] Diagnostica memoria...
2026-06-13 18:28:20.873 [DIAG] Generazione raccomandazioni...
2026-06-13 18:28:21.008 [OK] Report diagnostica salvato: C:\cellular_speace\reports\manutenzione\correttiva\diagnosi_20260613_182820.json
2026-06-13 18:28:21.049 [OK] Diagnosi Markdown salvata: C:\cellular_speace\data\diagnosi\diagnosi_20260613_182820.md
2026-06-13 18:28:21.179 [DIAG] Diagnostica file...
2026-06-13 18:28:21.208 [DIAG] Diagnostica file...
2026-06-13 18:28:21.330 [DIAG] Diagnostica file...
2026-06-13 18:28:29.292 [DIAG] Diagnostica processi...
2026-06-13 18:28:29.573 [DIAG] Diagnostica processi...
2026-06-13 18:28:29.669 [DIAG] Diagnostica log errori...
2026-06-13 18:28:30.004 [DIAG] Diagnostica log errori...
2026-06-13 18:28:30.473 [DIAG] Diagnostica processi...
2026-06-13 18:28:31.042 [DIAG] Diagnostica log errori...
2026-06-13 18:28:44.202 [ERROR] [critico] Log/errori_recenti: 3363 errori nelle ultime 2 ore
2026-06-13 18:28:44.645 [DIAG] Generazione raccomandazioni...
2026-06-13 18:28:44.935 [FIX] Avvio azioni correttive automatiche...
2026-06-13 18:28:44.968 [INFO] Nessuna azione correttiva automatica disponibile
2026-06-13 18:28:45.016 [OK] Report diagnostica salvato: C:\cellular_speace\reports\manutenzione\correttiva\diagnosi_20260613_182820.json
2026-06-13 18:28:45.060 [OK] Diagnosi Markdown salvata: C:\cellular_speace\data\diagnosi\diagnosi_20260613_182820.md
2026-06-13 18:28:45.581 [ERROR] [critico] Log/errori_recenti: 3364 errori nelle ultime 2 ore
2026-06-13 18:28:45.612 [ERROR] [critico] Log/errori_recenti: 3364 errori nelle ultime 2 ore
2026-06-13 18:28:45.862 [DIAG] Generazione raccomandazioni...
2026-06-13 18:28:45.885 [DIAG] Generazione raccomandazioni...
2026-06-13 18:28:45.963 [FIX] Avvio azioni correttive automatiche...
2026-06-13 18:28:45.973 [INFO] Nessuna azione correttiva automatica disponibile
2026-06-13 18:28:45.993 [OK] Report diagnostica salvato: C:\cellular_speace\reports\manutenzione\correttiva\diagnosi_20260613_182820.json
2026-06-13 18:28:46.038 [OK] Diagnosi Markdown salvata: C:\cellular_speace\data\diagnosi\diagnosi_20260613_182820.md
2026-06-13 18:28:46.064 [FIX] Avvio azioni correttive automatiche...
2026-06-13 18:28:46.095 [INFO] Nessuna azione correttiva automatica disponibile
2026-06-13 18:28:46.159 [OK] Report diagnostica salvato: C:\cellular_speace\reports\manutenzione\correttiva\diagnosi_20260613_182820.json
2026-06-13 18:28:46.188 [OK] Diagnosi Markdown salvata: C:\cellular_speace\data\diagnosi\diagnosi_20260613_182820.md
