2026-06-13 18:47:56.487 [DIAG] Diagnostica processi...
2026-06-13 18:47:56.644 [DIAG] Generazione raccomandazioni...
2026-06-13 18:47:56.680 [DIAG] Diagnostica processi...
2026-06-13 18:47:56.665 [OK] Report diagnostica salvato: C:\cellular_speace\reports\manutenzione\correttiva\diagnosi_20260613_184756.json
2026-06-13 18:47:56.683 [OK] Diagnosi Markdown salvata: C:\cellular_speace\data\diagnosi\diagnosi_20260613_184756.md
2026-06-13 18:47:56.808 [DIAG] Generazione raccomandazioni...
2026-06-13 18:47:56.825 [OK] Report diagnostica salvato: C:\cellular_speace\reports\manutenzione\correttiva\diagnosi_20260613_184756.json
2026-06-13 18:47:56.831 [OK] Diagnosi Markdown salvata: C:\cellular_speace\data\diagnosi\diagnosi_20260613_184756.md
2026-06-13 18:47:56.852 [DIAG] Diagnostica runtime...
2026-06-13 18:47:56.854 [ERROR] [alto] Runtime/snapshot_vecchio: Snapshot ha 349.4min (>30min)
2026-06-13 18:47:56.869 [WARN] [medio] Runtime/errore_lettura_snapshot: Errore lettura snapshot: Impossibile convertire la stringa JSON perché un dizionario convertito da tale stringa contiene le chiavi duplicate 'Server' e 'SERVER'.
2026-06-13 18:47:56.881 [DIAG] Diagnostica memoria...
2026-06-13 18:47:57.141 [DIAG] Diagnostica file...
2026-06-13 18:48:00.099 [DIAG] Diagnostica processi...
2026-06-13 18:48:00.216 [DIAG] Diagnostica log errori...
2026-06-13 18:48:05.078 [ERROR] [critico] Log/errori_recenti: 3280 errori nelle ultime 2 ore
2026-06-13 18:48:05.094 [DIAG] Generazione raccomandazioni...
2026-06-13 18:48:05.112 [FIX] Avvio azioni correttive automatiche...
2026-06-13 18:48:05.112 [INFO] Nessuna azione correttiva automatica disponibile
2026-06-13 18:48:05.126 [OK] Report diagnostica salvato: C:\cellular_speace\reports\manutenzione\correttiva\diagnosi_20260613_184756.json
2026-06-13 18:48:05.126 [OK] Diagnosi Markdown salvata: C:\cellular_speace\data\diagnosi\diagnosi_20260613_184756.md
