2026-06-13 15:47:06.531 [DIAG] Diagnostica processi...
2026-06-13 15:47:06.596 [DIAG] Diagnostica processi...
2026-06-13 15:47:06.844 [DIAG] Diagnostica runtime...
2026-06-13 15:47:06.889 [ERROR] [alto] Runtime/snapshot_vecchio: Snapshot ha 168.6min (>30min)
2026-06-13 15:47:06.909 [DIAG] Generazione raccomandazioni...
2026-06-13 15:47:06.981 [DIAG] Generazione raccomandazioni...
2026-06-13 15:47:07.247 [OK] Report diagnostica salvato: C:\cellular_speace\reports\manutenzione\correttiva\diagnosi_20260613_154706.json
2026-06-13 15:47:07.287 [OK] Diagnosi Markdown salvata: C:\cellular_speace\data\diagnosi\diagnosi_20260613_154706.md
2026-06-13 15:47:07.385 [OK] Report diagnostica salvato: C:\cellular_speace\reports\manutenzione\correttiva\diagnosi_20260613_154706.json
2026-06-13 15:47:07.446 [OK] Diagnosi Markdown salvata: C:\cellular_speace\data\diagnosi\diagnosi_20260613_154706.md
2026-06-13 15:47:07.519 [WARN] [medio] Runtime/errore_lettura_snapshot: Errore lettura snapshot: Impossibile convertire la stringa JSON perché un dizionario convertito da tale stringa contiene le chiavi duplicate 'Server' e 'SERVER'.
2026-06-13 15:47:08.694 [DIAG] Diagnostica memoria...
2026-06-13 15:47:09.325 [DIAG] Diagnostica file...
2026-06-13 15:47:15.936 [DIAG] Diagnostica processi...
2026-06-13 15:47:16.456 [DIAG] Diagnostica log errori...
2026-06-13 15:47:37.958 [ERROR] [critico] Log/errori_recenti: 3399 errori nelle ultime 2 ore
2026-06-13 15:47:39.558 [DIAG] Generazione raccomandazioni...
2026-06-13 15:47:40.423 [FIX] Avvio azioni correttive automatiche...
2026-06-13 15:47:40.447 [INFO] Nessuna azione correttiva automatica disponibile
2026-06-13 15:47:40.839 [OK] Report diagnostica salvato: C:\cellular_speace\reports\manutenzione\correttiva\diagnosi_20260613_154706.json
2026-06-13 15:47:40.948 [OK] Diagnosi Markdown salvata: C:\cellular_speace\data\diagnosi\diagnosi_20260613_154706.md
