2026-06-13 18:23:23.180 [DIAG] Diagnostica processi...
2026-06-13 18:23:23.422 [DIAG] Generazione raccomandazioni...
2026-06-13 18:23:23.564 [DIAG] Diagnostica processi...
2026-06-13 18:23:23.669 [OK] Report diagnostica salvato: C:\cellular_speace\reports\manutenzione\correttiva\diagnosi_20260613_182323.json
2026-06-13 18:23:23.685 [OK] Diagnosi Markdown salvata: C:\cellular_speace\data\diagnosi\diagnosi_20260613_182323.md
2026-06-13 18:23:23.778 [DIAG] Generazione raccomandazioni...
2026-06-13 18:23:23.790 [DIAG] Diagnostica runtime...
2026-06-13 18:23:23.800 [ERROR] [alto] Runtime/snapshot_vecchio: Snapshot ha 324.8min (>30min)
2026-06-13 18:23:23.854 [OK] Report diagnostica salvato: C:\cellular_speace\reports\manutenzione\correttiva\diagnosi_20260613_182323.json
2026-06-13 18:23:23.890 [OK] Diagnosi Markdown salvata: C:\cellular_speace\data\diagnosi\diagnosi_20260613_182323.md
2026-06-13 18:23:23.966 [WARN] [medio] Runtime/errore_lettura_snapshot: Errore lettura snapshot: Impossibile convertire la stringa JSON perché un dizionario convertito da tale stringa contiene le chiavi duplicate 'Server' e 'SERVER'.
2026-06-13 18:23:23.976 [DIAG] Diagnostica runtime...
2026-06-13 18:23:23.987 [ERROR] [alto] Runtime/snapshot_vecchio: Snapshot ha 324.8min (>30min)
2026-06-13 18:23:24.108 [WARN] [medio] Runtime/errore_lettura_snapshot: Errore lettura snapshot: Impossibile convertire la stringa JSON perché un dizionario convertito da tale stringa contiene le chiavi duplicate 'Server' e 'SERVER'.
2026-06-13 18:23:24.192 [DIAG] Diagnostica memoria...
2026-06-13 18:23:24.349 [DIAG] Diagnostica memoria...
2026-06-13 18:23:24.677 [DIAG] Diagnostica file...
2026-06-13 18:23:24.798 [DIAG] Diagnostica file...
2026-06-13 18:23:30.169 [DIAG] Diagnostica processi...
2026-06-13 18:23:30.385 [DIAG] Diagnostica processi...
2026-06-13 18:23:30.402 [DIAG] Diagnostica log errori...
2026-06-13 18:23:30.616 [DIAG] Diagnostica log errori...
2026-06-13 18:23:40.404 [ERROR] [critico] Log/errori_recenti: 3367 errori nelle ultime 2 ore
2026-06-13 18:23:40.638 [DIAG] Generazione raccomandazioni...
2026-06-13 18:23:40.764 [FIX] Avvio azioni correttive automatiche...
2026-06-13 18:23:40.788 [INFO] Nessuna azione correttiva automatica disponibile
2026-06-13 18:23:40.810 [OK] Report diagnostica salvato: C:\cellular_speace\reports\manutenzione\correttiva\diagnosi_20260613_182323.json
2026-06-13 18:23:40.825 [OK] Diagnosi Markdown salvata: C:\cellular_speace\data\diagnosi\diagnosi_20260613_182323.md
2026-06-13 18:23:41.784 [ERROR] [critico] Log/errori_recenti: 3368 errori nelle ultime 2 ore
2026-06-13 18:23:41.932 [DIAG] Generazione raccomandazioni...
2026-06-13 18:23:41.993 [FIX] Avvio azioni correttive automatiche...
2026-06-13 18:23:42.003 [INFO] Nessuna azione correttiva automatica disponibile
2026-06-13 18:23:42.010 [OK] Report diagnostica salvato: C:\cellular_speace\reports\manutenzione\correttiva\diagnosi_20260613_182323.json
2026-06-13 18:23:42.021 [OK] Diagnosi Markdown salvata: C:\cellular_speace\data\diagnosi\diagnosi_20260613_182323.md
