2026-06-13 15:53:45.087 [DIAG] Diagnostica processi...
2026-06-13 15:53:45.237 [DIAG] Diagnostica runtime...
2026-06-13 15:53:45.247 [ERROR] [alto] Runtime/snapshot_vecchio: Snapshot ha 175.2min (>30min)
2026-06-13 15:53:45.273 [DIAG] Generazione raccomandazioni...
2026-06-13 15:53:45.279 [WARN] [medio] Runtime/errore_lettura_snapshot: Errore lettura snapshot: Impossibile convertire la stringa JSON perché un dizionario convertito da tale stringa contiene le chiavi duplicate 'Server' e 'SERVER'.
2026-06-13 15:53:45.295 [OK] Report diagnostica salvato: C:\cellular_speace\reports\manutenzione\correttiva\diagnosi_20260613_155345.json
2026-06-13 15:53:45.295 [DIAG] Diagnostica memoria...
2026-06-13 15:53:45.295 [OK] Diagnosi Markdown salvata: C:\cellular_speace\data\diagnosi\diagnosi_20260613_155345.md
2026-06-13 15:53:45.326 [DIAG] Diagnostica runtime...
2026-06-13 15:53:45.334 [ERROR] [alto] Runtime/snapshot_vecchio: Snapshot ha 175.2min (>30min)
2026-06-13 15:53:45.364 [WARN] [medio] Runtime/errore_lettura_snapshot: Errore lettura snapshot: Impossibile convertire la stringa JSON perché un dizionario convertito da tale stringa contiene le chiavi duplicate 'Server' e 'SERVER'.
2026-06-13 15:53:45.381 [DIAG] Diagnostica memoria...
2026-06-13 15:53:45.654 [DIAG] Diagnostica file...
2026-06-13 15:53:45.710 [DIAG] Diagnostica file...
2026-06-13 15:53:48.436 [DIAG] Diagnostica processi...
2026-06-13 15:53:48.609 [DIAG] Diagnostica log errori...
2026-06-13 15:53:48.931 [DIAG] Diagnostica processi...
2026-06-13 15:53:49.047 [DIAG] Diagnostica log errori...
2026-06-13 15:53:54.636 [ERROR] [critico] Log/errori_recenti: 3345 errori nelle ultime 2 ore
2026-06-13 15:53:54.646 [DIAG] Generazione raccomandazioni...
2026-06-13 15:53:54.669 [FIX] Avvio azioni correttive automatiche...
2026-06-13 15:53:54.671 [INFO] Nessuna azione correttiva automatica disponibile
2026-06-13 15:53:54.676 [OK] Report diagnostica salvato: C:\cellular_speace\reports\manutenzione\correttiva\diagnosi_20260613_155345.json
2026-06-13 15:53:54.676 [OK] Diagnosi Markdown salvata: C:\cellular_speace\data\diagnosi\diagnosi_20260613_155345.md
2026-06-13 15:53:54.818 [ERROR] [critico] Log/errori_recenti: 3345 errori nelle ultime 2 ore
2026-06-13 15:53:54.821 [DIAG] Generazione raccomandazioni...
2026-06-13 15:53:54.852 [FIX] Avvio azioni correttive automatiche...
2026-06-13 15:53:54.856 [INFO] Nessuna azione correttiva automatica disponibile
2026-06-13 15:53:54.860 [OK] Report diagnostica salvato: C:\cellular_speace\reports\manutenzione\correttiva\diagnosi_20260613_155345.json
2026-06-13 15:53:54.864 [OK] Diagnosi Markdown salvata: C:\cellular_speace\data\diagnosi\diagnosi_20260613_155345.md
