2026-06-13 16:48:42.206 [DIAG] Diagnostica processi...
2026-06-13 16:48:42.235 [DIAG] Diagnostica processi...
2026-06-13 16:48:42.450 [DIAG] Generazione raccomandazioni...
2026-06-13 16:48:42.479 [DIAG] Generazione raccomandazioni...
2026-06-13 16:48:42.568 [OK] Report diagnostica salvato: C:\cellular_speace\reports\manutenzione\correttiva\diagnosi_20260613_164842.json
2026-06-13 16:48:42.568 [ERROR] Impossibile salvare report JSON: Il processo non può accedere al file 'C:\cellular_speace\reports\manutenzione\correttiva\diagnosi_20260613_164842.json' perché è in uso da un altro processo.
2026-06-13 16:48:42.573 [OK] Diagnosi Markdown salvata: C:\cellular_speace\data\diagnosi\diagnosi_20260613_164842.md
2026-06-13 16:48:42.583 [OK] Diagnosi Markdown salvata: C:\cellular_speace\data\diagnosi\diagnosi_20260613_164842.md
2026-06-13 16:48:42.589 [DIAG] Diagnostica processi...
2026-06-13 16:48:42.612 [DIAG] Diagnostica runtime...
2026-06-13 16:48:42.618 [ERROR] [alto] Runtime/snapshot_vecchio: Snapshot ha 230.2min (>30min)
2026-06-13 16:48:42.643 [WARN] [medio] Runtime/errore_lettura_snapshot: Errore lettura snapshot: Impossibile convertire la stringa JSON perché un dizionario convertito da tale stringa contiene le chiavi duplicate 'Server' e 'SERVER'.
2026-06-13 16:48:42.657 [DIAG] Diagnostica memoria...
2026-06-13 16:48:42.800 [DIAG] Generazione raccomandazioni...
2026-06-13 16:48:42.835 [OK] Report diagnostica salvato: C:\cellular_speace\reports\manutenzione\correttiva\diagnosi_20260613_164842.json
2026-06-13 16:48:42.861 [OK] Diagnosi Markdown salvata: C:\cellular_speace\data\diagnosi\diagnosi_20260613_164842.md
2026-06-13 16:48:43.099 [DIAG] Diagnostica file...
2026-06-13 16:48:47.909 [DIAG] Diagnostica processi...
2026-06-13 16:48:48.133 [DIAG] Diagnostica log errori...
2026-06-13 16:48:55.525 [ERROR] [critico] Log/errori_recenti: 3357 errori nelle ultime 2 ore
2026-06-13 16:48:55.573 [DIAG] Generazione raccomandazioni...
2026-06-13 16:48:55.598 [FIX] Avvio azioni correttive automatiche...
2026-06-13 16:48:55.604 [INFO] Nessuna azione correttiva automatica disponibile
2026-06-13 16:48:55.608 [OK] Report diagnostica salvato: C:\cellular_speace\reports\manutenzione\correttiva\diagnosi_20260613_164842.json
2026-06-13 16:48:55.612 [OK] Diagnosi Markdown salvata: C:\cellular_speace\data\diagnosi\diagnosi_20260613_164842.md
