2026-06-13 14:19:56.131 [DIAG] Diagnostica runtime...
2026-06-13 14:19:56.134 [ERROR] [alto] Runtime/snapshot_vecchio: Snapshot ha 81.4min (>30min)
2026-06-13 14:19:56.149 [WARN] [medio] Runtime/errore_lettura_snapshot: Errore lettura snapshot: Impossibile convertire la stringa JSON perché un dizionario convertito da tale stringa contiene le chiavi duplicate 'Server' e 'SERVER'.
2026-06-13 14:19:56.175 [DIAG] Diagnostica memoria...
2026-06-13 14:19:56.443 [DIAG] Diagnostica file...
2026-06-13 14:19:56.733 [DIAG] Diagnostica processi...
2026-06-13 14:19:56.904 [DIAG] Generazione raccomandazioni...
2026-06-13 14:19:56.922 [OK] Report diagnostica salvato: C:\cellular_speace\reports\manutenzione\correttiva\diagnosi_20260613_141956.json
2026-06-13 14:19:56.922 [OK] Diagnosi Markdown salvata: C:\cellular_speace\data\diagnosi\diagnosi_20260613_141956.md
2026-06-13 14:19:56.958 [DIAG] Diagnostica runtime...
2026-06-13 14:19:56.958 [ERROR] [alto] Runtime/snapshot_vecchio: Snapshot ha 81.4min (>30min)
2026-06-13 14:19:56.995 [WARN] [medio] Runtime/errore_lettura_snapshot: Errore lettura snapshot: Impossibile convertire la stringa JSON perché un dizionario convertito da tale stringa contiene le chiavi duplicate 'Server' e 'SERVER'.
2026-06-13 14:19:57.011 [DIAG] Diagnostica memoria...
2026-06-13 14:19:57.362 [DIAG] Diagnostica file...
2026-06-13 14:19:59.869 [DIAG] Diagnostica processi...
2026-06-13 14:20:00.065 [DIAG] Diagnostica log errori...
2026-06-13 14:20:01.002 [DIAG] Diagnostica processi...
2026-06-13 14:20:01.144 [DIAG] Diagnostica log errori...
2026-06-13 14:20:05.540 [ERROR] [critico] Log/errori_recenti: 2718 errori nelle ultime 2 ore
2026-06-13 14:20:05.599 [DIAG] Generazione raccomandazioni...
2026-06-13 14:20:05.638 [FIX] Avvio azioni correttive automatiche...
2026-06-13 14:20:05.642 [INFO] Nessuna azione correttiva automatica disponibile
2026-06-13 14:20:05.649 [OK] Report diagnostica salvato: C:\cellular_speace\reports\manutenzione\correttiva\diagnosi_20260613_141956.json
2026-06-13 14:20:05.654 [OK] Diagnosi Markdown salvata: C:\cellular_speace\data\diagnosi\diagnosi_20260613_141956.md
2026-06-13 14:20:07.116 [ERROR] [critico] Log/errori_recenti: 2717 errori nelle ultime 2 ore
2026-06-13 14:20:07.247 [DIAG] Generazione raccomandazioni...
2026-06-13 14:20:07.376 [FIX] Avvio azioni correttive automatiche...
2026-06-13 14:20:07.399 [INFO] Nessuna azione correttiva automatica disponibile
2026-06-13 14:20:07.413 [OK] Report diagnostica salvato: C:\cellular_speace\reports\manutenzione\correttiva\diagnosi_20260613_141956.json
2026-06-13 14:20:07.423 [OK] Diagnosi Markdown salvata: C:\cellular_speace\data\diagnosi\diagnosi_20260613_141956.md
