2026-06-13 15:06:12.187 [DIAG] Diagnostica processi...
2026-06-13 15:06:12.304 [DIAG] Diagnostica processi...
2026-06-13 15:06:12.388 [DIAG] Generazione raccomandazioni...
2026-06-13 15:06:12.422 [OK] Report diagnostica salvato: C:\cellular_speace\reports\manutenzione\correttiva\diagnosi_20260613_150612.json
2026-06-13 15:06:12.424 [OK] Diagnosi Markdown salvata: C:\cellular_speace\data\diagnosi\diagnosi_20260613_150612.md
2026-06-13 15:06:12.456 [DIAG] Diagnostica runtime...
2026-06-13 15:06:12.471 [ERROR] [alto] Runtime/snapshot_vecchio: Snapshot ha 127.7min (>30min)
2026-06-13 15:06:12.473 [DIAG] Generazione raccomandazioni...
2026-06-13 15:06:12.496 [OK] Report diagnostica salvato: C:\cellular_speace\reports\manutenzione\correttiva\diagnosi_20260613_150612.json
2026-06-13 15:06:12.502 [WARN] [medio] Runtime/errore_lettura_snapshot: Errore lettura snapshot: Impossibile convertire la stringa JSON perché un dizionario convertito da tale stringa contiene le chiavi duplicate 'Server' e 'SERVER'.
2026-06-13 15:06:12.504 [ERROR] ERRORE FATALE: Il processo non può accedere al file 'C:\cellular_speace\data\logs\manutenzione\correttiva\diagnostica_20260613_150612.log' perché è in uso da un altro processo.
2026-06-13 15:06:12.514 [DIAG] Diagnostica memoria...
2026-06-13 15:06:12.820 [DIAG] Diagnostica file...
2026-06-13 15:06:16.519 [DIAG] Diagnostica processi...
2026-06-13 15:06:16.702 [DIAG] Diagnostica log errori...
2026-06-13 15:06:23.727 [ERROR] [critico] Log/errori_recenti: 3682 errori nelle ultime 2 ore
2026-06-13 15:06:23.735 [DIAG] Generazione raccomandazioni...
2026-06-13 15:06:23.759 [FIX] Avvio azioni correttive automatiche...
2026-06-13 15:06:23.764 [INFO] Nessuna azione correttiva automatica disponibile
2026-06-13 15:06:23.768 [OK] Report diagnostica salvato: C:\cellular_speace\reports\manutenzione\correttiva\diagnosi_20260613_150612.json
2026-06-13 15:06:23.768 [OK] Diagnosi Markdown salvata: C:\cellular_speace\data\diagnosi\diagnosi_20260613_150612.md
