2026-06-13 17:44:37.285 [DIAG] Diagnostica processi...
2026-06-13 17:44:37.349 [DIAG] Diagnostica processi...
2026-06-13 17:44:37.487 [DIAG] Generazione raccomandazioni...
2026-06-13 17:44:37.503 [OK] Report diagnostica salvato: C:\cellular_speace\reports\manutenzione\correttiva\diagnosi_20260613_174437.json
2026-06-13 17:44:37.509 [OK] Diagnosi Markdown salvata: C:\cellular_speace\data\diagnosi\diagnosi_20260613_174437.md
2026-06-13 17:44:37.563 [DIAG] Generazione raccomandazioni...
2026-06-13 17:44:37.581 [OK] Report diagnostica salvato: C:\cellular_speace\reports\manutenzione\correttiva\diagnosi_20260613_174437.json
2026-06-13 17:44:37.587 [OK] Diagnosi Markdown salvata: C:\cellular_speace\data\diagnosi\diagnosi_20260613_174437.md
2026-06-13 17:44:37.614 [DIAG] Diagnostica runtime...
2026-06-13 17:44:37.618 [ERROR] [alto] Runtime/snapshot_vecchio: Snapshot ha 286.1min (>30min)
2026-06-13 17:44:37.644 [WARN] [medio] Runtime/errore_lettura_snapshot: Errore lettura snapshot: Impossibile convertire la stringa JSON perché un dizionario convertito da tale stringa contiene le chiavi duplicate 'Server' e 'SERVER'.
2026-06-13 17:44:37.658 [DIAG] Diagnostica memoria...
2026-06-13 17:44:37.991 [DIAG] Diagnostica file...
2026-06-13 17:44:42.165 [DIAG] Diagnostica processi...
2026-06-13 17:44:42.335 [DIAG] Diagnostica log errori...
2026-06-13 17:44:50.478 [ERROR] [critico] Log/errori_recenti: 3419 errori nelle ultime 2 ore
2026-06-13 17:44:50.581 [DIAG] Generazione raccomandazioni...
2026-06-13 17:44:50.620 [FIX] Avvio azioni correttive automatiche...
2026-06-13 17:44:50.624 [INFO] Nessuna azione correttiva automatica disponibile
2026-06-13 17:44:50.644 [OK] Report diagnostica salvato: C:\cellular_speace\reports\manutenzione\correttiva\diagnosi_20260613_174437.json
2026-06-13 17:44:50.667 [OK] Diagnosi Markdown salvata: C:\cellular_speace\data\diagnosi\diagnosi_20260613_174437.md
