2026-06-13 17:42:12.224 [DIAG] Diagnostica runtime...
2026-06-13 17:42:12.246 [ERROR] [alto] Runtime/snapshot_vecchio: Snapshot ha 283.7min (>30min)
2026-06-13 17:42:12.623 [WARN] [medio] Runtime/errore_lettura_snapshot: Errore lettura snapshot: Impossibile convertire la stringa JSON perché un dizionario convertito da tale stringa contiene le chiavi duplicate 'Server' e 'SERVER'.
2026-06-13 17:42:12.671 [DIAG] Diagnostica runtime...
2026-06-13 17:42:12.729 [ERROR] [alto] Runtime/snapshot_vecchio: Snapshot ha 283.7min (>30min)
2026-06-13 17:42:13.021 [WARN] [medio] Runtime/errore_lettura_snapshot: Errore lettura snapshot: Impossibile convertire la stringa JSON perché un dizionario convertito da tale stringa contiene le chiavi duplicate 'Server' e 'SERVER'.
2026-06-13 17:42:13.085 [DIAG] Diagnostica memoria...
2026-06-13 17:42:13.645 [DIAG] Diagnostica file...
2026-06-13 17:42:13.896 [DIAG] Diagnostica memoria...
2026-06-13 17:42:14.559 [DIAG] Diagnostica file...
2026-06-13 17:42:20.854 [DIAG] Diagnostica processi...
2026-06-13 17:42:21.129 [DIAG] Diagnostica log errori...
2026-06-13 17:42:21.714 [DIAG] Diagnostica processi...
2026-06-13 17:42:21.981 [DIAG] Diagnostica log errori...
2026-06-13 17:42:31.546 [ERROR] [critico] Log/errori_recenti: 3392 errori nelle ultime 2 ore
2026-06-13 17:42:31.802 [DIAG] Generazione raccomandazioni...
2026-06-13 17:42:32.010 [FIX] Avvio azioni correttive automatiche...
2026-06-13 17:42:32.045 [INFO] Nessuna azione correttiva automatica disponibile
2026-06-13 17:42:32.089 [OK] Report diagnostica salvato: C:\cellular_speace\reports\manutenzione\correttiva\diagnosi_20260613_174212.json
2026-06-13 17:42:32.138 [OK] Diagnosi Markdown salvata: C:\cellular_speace\data\diagnosi\diagnosi_20260613_174212.md
2026-06-13 17:42:34.052 [ERROR] [critico] Log/errori_recenti: 3394 errori nelle ultime 2 ore
2026-06-13 17:42:34.349 [DIAG] Generazione raccomandazioni...
2026-06-13 17:42:34.704 [FIX] Avvio azioni correttive automatiche...
2026-06-13 17:42:34.718 [INFO] Nessuna azione correttiva automatica disponibile
2026-06-13 17:42:34.735 [OK] Report diagnostica salvato: C:\cellular_speace\reports\manutenzione\correttiva\diagnosi_20260613_174212.json
2026-06-13 17:42:34.767 [OK] Diagnosi Markdown salvata: C:\cellular_speace\data\diagnosi\diagnosi_20260613_174212.md
