2026-06-13 19:16:59.024 [DIAG] Diagnostica processi...
2026-06-13 19:16:59.320 [DIAG] Generazione raccomandazioni...
2026-06-13 19:16:59.349 [OK] Report diagnostica salvato: C:\cellular_speace\reports\manutenzione\correttiva\diagnosi_20260613_191659.json
2026-06-13 19:16:59.358 [OK] Diagnosi Markdown salvata: C:\cellular_speace\data\diagnosi\diagnosi_20260613_191659.md
2026-06-13 19:16:59.464 [DIAG] Diagnostica processi...
2026-06-13 19:16:59.479 [DIAG] Diagnostica runtime...
2026-06-13 19:16:59.490 [ERROR] [alto] Runtime/snapshot_vecchio: Snapshot ha 378.4min (>30min)
2026-06-13 19:16:59.565 [WARN] [medio] Runtime/errore_lettura_snapshot: Errore lettura snapshot: Impossibile convertire la stringa JSON perché un dizionario convertito da tale stringa contiene le chiavi duplicate 'Server' e 'SERVER'.
2026-06-13 19:16:59.641 [DIAG] Generazione raccomandazioni...
2026-06-13 19:16:59.677 [DIAG] Diagnostica memoria...
2026-06-13 19:16:59.694 [ERROR] Impossibile salvare report JSON: Il processo non può accedere al file 'C:\cellular_speace\data\logs\manutenzione\correttiva\diagnostica_20260613_191659.log' perché è in uso da un altro processo.
2026-06-13 19:16:59.790 [OK] Diagnosi Markdown salvata: C:\cellular_speace\data\diagnosi\diagnosi_20260613_191659.md
2026-06-13 19:17:00.063 [DIAG] Diagnostica file...
2026-06-13 19:17:06.908 [DIAG] Diagnostica processi...
2026-06-13 19:17:07.195 [DIAG] Diagnostica log errori...
2026-06-13 19:17:16.657 [ERROR] [critico] Log/errori_recenti: 2997 errori nelle ultime 2 ore
2026-06-13 19:17:16.669 [DIAG] Generazione raccomandazioni...
2026-06-13 19:17:16.696 [FIX] Avvio azioni correttive automatiche...
2026-06-13 19:17:16.701 [INFO] Nessuna azione correttiva automatica disponibile
2026-06-13 19:17:16.709 [OK] Report diagnostica salvato: C:\cellular_speace\reports\manutenzione\correttiva\diagnosi_20260613_191659.json
2026-06-13 19:17:16.717 [OK] Diagnosi Markdown salvata: C:\cellular_speace\data\diagnosi\diagnosi_20260613_191659.md
