2026-06-13 13:15:06.196 [DIAG] Diagnostica processi...
2026-06-13 13:15:06.255 [DIAG] Diagnostica processi...
2026-06-13 13:15:06.371 [DIAG] Generazione raccomandazioni...
2026-06-13 13:15:06.403 [OK] Report diagnostica salvato: C:\cellular_speace\reports\manutenzione\correttiva\diagnosi_20260613_131506.json
2026-06-13 13:15:06.413 [OK] Diagnosi Markdown salvata: C:\cellular_speace\data\diagnosi\diagnosi_20260613_131506.md
2026-06-13 13:15:06.465 [DIAG] Generazione raccomandazioni...
2026-06-13 13:15:06.483 [OK] Report diagnostica salvato: C:\cellular_speace\reports\manutenzione\correttiva\diagnosi_20260613_131506.json
2026-06-13 13:15:06.486 [OK] Diagnosi Markdown salvata: C:\cellular_speace\data\diagnosi\diagnosi_20260613_131506.md
2026-06-13 13:15:06.515 [DIAG] Diagnostica runtime...
2026-06-13 13:15:06.546 [ERROR] [alto] Runtime/tick_stall: Tick non avanza: #213095, eta 29688920min
2026-06-13 13:15:06.561 [WARN] [medio] Runtime/errore_lettura_snapshot: Errore lettura snapshot: Impossibile convertire la stringa JSON perché un dizionario convertito da tale stringa contiene le chiavi duplicate 'Server' e 'SERVER'.
2026-06-13 13:15:06.585 [DIAG] Diagnostica memoria...
2026-06-13 13:15:06.927 [DIAG] Diagnostica file...
2026-06-13 13:15:06.969 [DIAG] Diagnostica processi...
2026-06-13 13:15:07.200 [DIAG] Generazione raccomandazioni...
2026-06-13 13:15:07.231 [OK] Report diagnostica salvato: C:\cellular_speace\reports\manutenzione\correttiva\diagnosi_20260613_131506.json
2026-06-13 13:15:07.236 [OK] Diagnosi Markdown salvata: C:\cellular_speace\data\diagnosi\diagnosi_20260613_131506.md
2026-06-13 13:15:09.977 [DIAG] Diagnostica processi...
2026-06-13 13:15:10.127 [DIAG] Diagnostica log errori...
2026-06-13 13:15:10.895 [ERROR] [critico] Log/errori_recenti: 937 errori nelle ultime 2 ore
2026-06-13 13:15:10.919 [DIAG] Generazione raccomandazioni...
2026-06-13 13:15:10.953 [FIX] Avvio azioni correttive automatiche...
2026-06-13 13:15:10.958 [INFO] Nessuna azione correttiva automatica disponibile
2026-06-13 13:15:10.962 [OK] Report diagnostica salvato: C:\cellular_speace\reports\manutenzione\correttiva\diagnosi_20260613_131506.json
2026-06-13 13:15:10.962 [OK] Diagnosi Markdown salvata: C:\cellular_speace\data\diagnosi\diagnosi_20260613_131506.md
