2026-06-13 13:32:40.150 [DIAG] Diagnostica processi...
2026-06-13 13:32:40.276 [DIAG] Diagnostica runtime...
2026-06-13 13:32:40.292 [ERROR] [alto] Runtime/snapshot_vecchio: Snapshot ha 34.1min (>30min)
2026-06-13 13:32:40.385 [DIAG] Generazione raccomandazioni...
2026-06-13 13:32:40.403 [DIAG] Diagnostica processi...
2026-06-13 13:32:40.482 [WARN] [medio] Runtime/errore_lettura_snapshot: Errore lettura snapshot: Impossibile convertire la stringa JSON perché un dizionario convertito da tale stringa contiene le chiavi duplicate 'Server' e 'SERVER'.
2026-06-13 13:32:40.484 [OK] Report diagnostica salvato: C:\cellular_speace\reports\manutenzione\correttiva\diagnosi_20260613_133240.json
2026-06-13 13:32:40.516 [OK] Diagnosi Markdown salvata: C:\cellular_speace\data\diagnosi\diagnosi_20260613_133240.md
2026-06-13 13:32:40.571 [DIAG] Diagnostica processi...
2026-06-13 13:32:40.630 [DIAG] Generazione raccomandazioni...
2026-06-13 13:32:40.684 [OK] Report diagnostica salvato: C:\cellular_speace\reports\manutenzione\correttiva\diagnosi_20260613_133240.json
2026-06-13 13:32:40.692 [OK] Diagnosi Markdown salvata: C:\cellular_speace\data\diagnosi\diagnosi_20260613_133240.md
2026-06-13 13:32:40.706 [DIAG] Diagnostica memoria...
2026-06-13 13:32:40.821 [DIAG] Generazione raccomandazioni...
2026-06-13 13:32:40.870 [OK] Report diagnostica salvato: C:\cellular_speace\reports\manutenzione\correttiva\diagnosi_20260613_133240.json
2026-06-13 13:32:40.908 [OK] Diagnosi Markdown salvata: C:\cellular_speace\data\diagnosi\diagnosi_20260613_133240.md
2026-06-13 13:32:41.118 [DIAG] Diagnostica file...
2026-06-13 13:32:45.517 [DIAG] Diagnostica processi...
2026-06-13 13:32:45.733 [DIAG] Diagnostica log errori...
2026-06-13 13:32:47.975 [ERROR] [critico] Log/errori_recenti: 1398 errori nelle ultime 2 ore
2026-06-13 13:32:47.984 [DIAG] Generazione raccomandazioni...
2026-06-13 13:32:48.003 [FIX] Avvio azioni correttive automatiche...
2026-06-13 13:32:48.009 [INFO] Nessuna azione correttiva automatica disponibile
2026-06-13 13:32:48.015 [OK] Report diagnostica salvato: C:\cellular_speace\reports\manutenzione\correttiva\diagnosi_20260613_133240.json
2026-06-13 13:32:48.017 [OK] Diagnosi Markdown salvata: C:\cellular_speace\data\diagnosi\diagnosi_20260613_133240.md
