2026-06-13 13:19:36.396 [DIAG] Diagnostica processi...
2026-06-13 13:19:36.658 [DIAG] Generazione raccomandazioni...
2026-06-13 13:19:36.732 [DIAG] Diagnostica processi...
2026-06-13 13:19:36.757 [DIAG] Diagnostica processi...
2026-06-13 13:19:36.761 [OK] Report diagnostica salvato: C:\cellular_speace\reports\manutenzione\correttiva\diagnosi_20260613_131936.json
2026-06-13 13:19:36.800 [OK] Diagnosi Markdown salvata: C:\cellular_speace\data\diagnosi\diagnosi_20260613_131936.md
2026-06-13 13:19:36.905 [DIAG] Diagnostica runtime...
2026-06-13 13:19:37.068 [DIAG] Generazione raccomandazioni...
2026-06-13 13:19:37.081 [ERROR] ERRORE FATALE: Il processo non può accedere al file 'C:\cellular_speace\data\logs\manutenzione\correttiva\diagnostica_20260613_131936.log' perché è in uso da un altro processo.
2026-06-13 13:19:37.136 [WARN] [medio] Runtime/errore_lettura_snapshot: Errore lettura snapshot: Impossibile convertire la stringa JSON perché un dizionario convertito da tale stringa contiene le chiavi duplicate 'Server' e 'SERVER'.
2026-06-13 13:19:37.145 [OK] Report diagnostica salvato: C:\cellular_speace\reports\manutenzione\correttiva\diagnosi_20260613_131936.json
2026-06-13 13:19:37.152 [OK] Diagnosi Markdown salvata: C:\cellular_speace\data\diagnosi\diagnosi_20260613_131936.md
2026-06-13 13:19:37.177 [DIAG] Diagnostica memoria...
2026-06-13 13:19:37.696 [DIAG] Diagnostica file...
2026-06-13 13:19:45.517 [DIAG] Diagnostica processi...
2026-06-13 13:19:45.809 [DIAG] Diagnostica log errori...
2026-06-13 13:19:50.214 [ERROR] [critico] Log/errori_recenti: 1055 errori nelle ultime 2 ore
2026-06-13 13:19:50.341 [DIAG] Generazione raccomandazioni...
2026-06-13 13:19:50.435 [FIX] Avvio azioni correttive automatiche...
2026-06-13 13:19:50.445 [INFO] Nessuna azione correttiva automatica disponibile
2026-06-13 13:19:50.452 [OK] Report diagnostica salvato: C:\cellular_speace\reports\manutenzione\correttiva\diagnosi_20260613_131936.json
2026-06-13 13:19:50.461 [OK] Diagnosi Markdown salvata: C:\cellular_speace\data\diagnosi\diagnosi_20260613_131936.md
