2026-06-13 13:11:17.030 [DIAG] Diagnostica processi...
2026-06-13 13:11:17.249 [DIAG] Diagnostica processi...
2026-06-13 13:11:17.282 [WARN] Errore diagnostica processi: Eccezione durante la chiamata di "ToDateTime" con "1" argomento/i: "Argomento specificato non compreso nell'intervallo.
Nome parametro: dmtfDate"
2026-06-13 13:11:17.286 [DIAG] Generazione raccomandazioni...
2026-06-13 13:11:17.310 [OK] Report diagnostica salvato: C:\cellular_speace\reports\manutenzione\correttiva\diagnosi_20260613_131117.json
2026-06-13 13:11:17.310 [OK] Diagnosi Markdown salvata: C:\cellular_speace\data\diagnosi\diagnosi_20260613_131117.md
2026-06-13 13:11:17.546 [WARN] Errore diagnostica processi: Eccezione durante la chiamata di "ToDateTime" con "1" argomento/i: "Argomento specificato non compreso nell'intervallo.
Nome parametro: dmtfDate"
2026-06-13 13:11:17.546 [DIAG] Generazione raccomandazioni...
2026-06-13 13:11:17.579 [OK] Report diagnostica salvato: C:\cellular_speace\reports\manutenzione\correttiva\diagnosi_20260613_131117.json
2026-06-13 13:11:17.587 [OK] Diagnosi Markdown salvata: C:\cellular_speace\data\diagnosi\diagnosi_20260613_131117.md
2026-06-13 13:11:17.638 [DIAG] Diagnostica runtime...
2026-06-13 13:11:17.741 [WARN] [medio] Runtime/errore_lettura_snapshot: Errore lettura snapshot: Impossibile convertire la stringa JSON perché un dizionario convertito da tale stringa contiene le chiavi duplicate 'Server' e 'SERVER'.
2026-06-13 13:11:17.796 [DIAG] Diagnostica memoria...
2026-06-13 13:11:18.341 [DIAG] Diagnostica file...
2026-06-13 13:11:22.209 [DIAG] Diagnostica processi...
2026-06-13 13:11:22.441 [WARN] Errore diagnostica processi: Eccezione durante la chiamata di "ToDateTime" con "1" argomento/i: "Argomento specificato non compreso nell'intervallo.
Nome parametro: dmtfDate"
2026-06-13 13:11:22.454 [DIAG] Diagnostica log errori...
2026-06-13 13:11:22.459 [WARN] Errore diagnostica log: Impossibile convertire 'System.Object[]' nel tipo 'System.String' richiesto da parametro 'ChildPath'. Specificato metodo non supportato.
2026-06-13 13:11:22.459 [DIAG] Generazione raccomandazioni...
2026-06-13 13:11:22.508 [FIX] Avvio azioni correttive automatiche...
2026-06-13 13:11:22.512 [INFO] Nessuna azione correttiva automatica disponibile
2026-06-13 13:11:22.518 [OK] Report diagnostica salvato: C:\cellular_speace\reports\manutenzione\correttiva\diagnosi_20260613_131117.json
2026-06-13 13:11:22.530 [OK] Diagnosi Markdown salvata: C:\cellular_speace\data\diagnosi\diagnosi_20260613_131117.md
