2026-06-13 18:56:03.278 [DIAG] Diagnostica runtime...
2026-06-13 18:56:03.287 [ERROR] [alto] Runtime/snapshot_vecchio: Snapshot ha 357.5min (>30min)
2026-06-13 18:56:03.295 [DIAG] Diagnostica processi...
2026-06-13 18:56:03.582 [DIAG] Generazione raccomandazioni...
2026-06-13 18:56:03.613 [WARN] [medio] Runtime/errore_lettura_snapshot: Errore lettura snapshot: Impossibile convertire la stringa JSON perché un dizionario convertito da tale stringa contiene le chiavi duplicate 'Server' e 'SERVER'.
2026-06-13 18:56:03.672 [OK] Report diagnostica salvato: C:\cellular_speace\reports\manutenzione\correttiva\diagnosi_20260613_185603.json
2026-06-13 18:56:03.699 [OK] Diagnosi Markdown salvata: C:\cellular_speace\data\diagnosi\diagnosi_20260613_185603.md
2026-06-13 18:56:03.779 [DIAG] Diagnostica runtime...
2026-06-13 18:56:03.794 [ERROR] [alto] Runtime/snapshot_vecchio: Snapshot ha 357.5min (>30min)
2026-06-13 18:56:03.837 [DIAG] Diagnostica memoria...
2026-06-13 18:56:03.955 [WARN] [medio] Runtime/errore_lettura_snapshot: Errore lettura snapshot: Impossibile convertire la stringa JSON perché un dizionario convertito da tale stringa contiene le chiavi duplicate 'Server' e 'SERVER'.
2026-06-13 18:56:04.311 [DIAG] Diagnostica file...
2026-06-13 18:56:04.366 [DIAG] Diagnostica memoria...
2026-06-13 18:56:04.920 [DIAG] Diagnostica file...
2026-06-13 18:56:09.945 [DIAG] Diagnostica processi...
2026-06-13 18:56:10.148 [DIAG] Diagnostica log errori...
2026-06-13 18:56:11.150 [DIAG] Diagnostica processi...
2026-06-13 18:56:11.471 [DIAG] Diagnostica log errori...
2026-06-13 18:56:27.776 [ERROR] [critico] Log/errori_recenti: 3277 errori nelle ultime 2 ore
2026-06-13 18:56:28.404 [DIAG] Generazione raccomandazioni...
2026-06-13 18:56:28.848 [FIX] Avvio azioni correttive automatiche...
2026-06-13 18:56:28.903 [INFO] Nessuna azione correttiva automatica disponibile
2026-06-13 18:56:28.934 [OK] Report diagnostica salvato: C:\cellular_speace\reports\manutenzione\correttiva\diagnosi_20260613_185603.json
2026-06-13 18:56:29.019 [OK] Diagnosi Markdown salvata: C:\cellular_speace\data\diagnosi\diagnosi_20260613_185603.md
2026-06-13 18:56:29.118 [ERROR] [critico] Log/errori_recenti: 3283 errori nelle ultime 2 ore
2026-06-13 18:56:29.544 [DIAG] Generazione raccomandazioni...
2026-06-13 18:56:29.810 [FIX] Avvio azioni correttive automatiche...
2026-06-13 18:56:29.829 [INFO] Nessuna azione correttiva automatica disponibile
2026-06-13 18:56:29.863 [OK] Report diagnostica salvato: C:\cellular_speace\reports\manutenzione\correttiva\diagnosi_20260613_185603.json
2026-06-13 18:56:29.893 [OK] Diagnosi Markdown salvata: C:\cellular_speace\data\diagnosi\diagnosi_20260613_185603.md
