2026-06-13 16:57:10.118 [DIAG] Diagnostica processi...
2026-06-13 16:57:10.136 [DIAG] Diagnostica runtime...
2026-06-13 16:57:10.142 [ERROR] [alto] Runtime/snapshot_vecchio: Snapshot ha 238.6min (>30min)
2026-06-13 16:57:10.159 [WARN] [medio] Runtime/errore_lettura_snapshot: Errore lettura snapshot: Impossibile convertire la stringa JSON perché un dizionario convertito da tale stringa contiene le chiavi duplicate 'Server' e 'SERVER'.
2026-06-13 16:57:10.175 [DIAG] Diagnostica memoria...
2026-06-13 16:57:10.292 [DIAG] Generazione raccomandazioni...
2026-06-13 16:57:10.306 [OK] Report diagnostica salvato: C:\cellular_speace\reports\manutenzione\correttiva\diagnosi_20260613_165710.json
2026-06-13 16:57:10.306 [OK] Diagnosi Markdown salvata: C:\cellular_speace\data\diagnosi\diagnosi_20260613_165710.md
2026-06-13 16:57:10.344 [DIAG] Diagnostica runtime...
2026-06-13 16:57:10.348 [ERROR] [alto] Runtime/snapshot_vecchio: Snapshot ha 238.6min (>30min)
2026-06-13 16:57:10.370 [WARN] [medio] Runtime/errore_lettura_snapshot: Errore lettura snapshot: Impossibile convertire la stringa JSON perché un dizionario convertito da tale stringa contiene le chiavi duplicate 'Server' e 'SERVER'.
2026-06-13 16:57:10.384 [DIAG] Diagnostica memoria...
2026-06-13 16:57:10.474 [DIAG] Diagnostica file...
2026-06-13 16:57:10.600 [DIAG] Diagnostica processi...
2026-06-13 16:57:10.684 [DIAG] Diagnostica file...
2026-06-13 16:57:10.737 [DIAG] Generazione raccomandazioni...
2026-06-13 16:57:10.754 [OK] Report diagnostica salvato: C:\cellular_speace\reports\manutenzione\correttiva\diagnosi_20260613_165710.json
2026-06-13 16:57:10.758 [OK] Diagnosi Markdown salvata: C:\cellular_speace\data\diagnosi\diagnosi_20260613_165710.md
2026-06-13 16:57:14.129 [DIAG] Diagnostica processi...
2026-06-13 16:57:14.251 [DIAG] Diagnostica processi...
2026-06-13 16:57:14.304 [DIAG] Diagnostica log errori...
2026-06-13 16:57:14.403 [DIAG] Diagnostica log errori...
2026-06-13 16:57:20.544 [ERROR] [critico] Log/errori_recenti: 3361 errori nelle ultime 2 ore
2026-06-13 16:57:20.566 [DIAG] Generazione raccomandazioni...
2026-06-13 16:57:20.693 [FIX] Avvio azioni correttive automatiche...
2026-06-13 16:57:20.704 [INFO] Nessuna azione correttiva automatica disponibile
2026-06-13 16:57:20.720 [OK] Report diagnostica salvato: C:\cellular_speace\reports\manutenzione\correttiva\diagnosi_20260613_165710.json
2026-06-13 16:57:20.724 [OK] Diagnosi Markdown salvata: C:\cellular_speace\data\diagnosi\diagnosi_20260613_165710.md
2026-06-13 16:57:20.749 [ERROR] [critico] Log/errori_recenti: 3361 errori nelle ultime 2 ore
2026-06-13 16:57:20.758 [DIAG] Generazione raccomandazioni...
2026-06-13 16:57:20.778 [FIX] Avvio azioni correttive automatiche...
2026-06-13 16:57:20.780 [INFO] Nessuna azione correttiva automatica disponibile
2026-06-13 16:57:20.790 [OK] Report diagnostica salvato: C:\cellular_speace\reports\manutenzione\correttiva\diagnosi_20260613_165710.json
2026-06-13 16:57:20.794 [OK] Diagnosi Markdown salvata: C:\cellular_speace\data\diagnosi\diagnosi_20260613_165710.md
