2026-06-13 17:03:59.421 [DIAG] Diagnostica processi...
2026-06-13 17:03:59.590 [DIAG] Diagnostica processi...
2026-06-13 17:03:59.790 [DIAG] Generazione raccomandazioni...
2026-06-13 17:03:59.869 [DIAG] Generazione raccomandazioni...
2026-06-13 17:03:59.970 [DIAG] Diagnostica runtime...
2026-06-13 17:03:59.997 [ERROR] [alto] Runtime/snapshot_vecchio: Snapshot ha 245.4min (>30min)
2026-06-13 17:04:00.122 [OK] Report diagnostica salvato: C:\cellular_speace\reports\manutenzione\correttiva\diagnosi_20260613_170359.json
2026-06-13 17:04:00.146 [OK] Diagnosi Markdown salvata: C:\cellular_speace\data\diagnosi\diagnosi_20260613_170359.md
2026-06-13 17:04:00.353 [OK] Report diagnostica salvato: C:\cellular_speace\reports\manutenzione\correttiva\diagnosi_20260613_170359.json
2026-06-13 17:04:00.385 [OK] Diagnosi Markdown salvata: C:\cellular_speace\data\diagnosi\diagnosi_20260613_170359.md
2026-06-13 17:04:00.712 [WARN] [medio] Runtime/errore_lettura_snapshot: Errore lettura snapshot: Impossibile convertire la stringa JSON perché un dizionario convertito da tale stringa contiene le chiavi duplicate 'Server' e 'SERVER'.
2026-06-13 17:04:01.859 [DIAG] Diagnostica memoria...
2026-06-13 17:04:02.486 [DIAG] Diagnostica file...
2026-06-13 17:04:08.954 [DIAG] Diagnostica processi...
2026-06-13 17:04:09.211 [DIAG] Diagnostica log errori...
2026-06-13 17:04:20.715 [ERROR] [critico] Log/errori_recenti: 3376 errori nelle ultime 2 ore
2026-06-13 17:04:21.046 [DIAG] Generazione raccomandazioni...
2026-06-13 17:04:21.218 [FIX] Avvio azioni correttive automatiche...
2026-06-13 17:04:21.247 [INFO] Nessuna azione correttiva automatica disponibile
2026-06-13 17:04:21.318 [OK] Report diagnostica salvato: C:\cellular_speace\reports\manutenzione\correttiva\diagnosi_20260613_170359.json
2026-06-13 17:04:21.336 [OK] Diagnosi Markdown salvata: C:\cellular_speace\data\diagnosi\diagnosi_20260613_170359.md
