2026-06-13 14:36:43.442 [DIAG] Diagnostica processi...
2026-06-13 14:36:43.552 [DIAG] Diagnostica processi...
2026-06-13 14:36:43.562 [DIAG] Diagnostica processi...
2026-06-13 14:36:43.735 [DIAG] Generazione raccomandazioni...
2026-06-13 14:36:43.792 [DIAG] Generazione raccomandazioni...
2026-06-13 14:36:43.816 [OK] Report diagnostica salvato: C:\cellular_speace\reports\manutenzione\correttiva\diagnosi_20260613_143643.json
2026-06-13 14:36:43.825 [OK] Report diagnostica salvato: C:\cellular_speace\reports\manutenzione\correttiva\diagnosi_20260613_143643.json
2026-06-13 14:36:43.833 [ERROR] ERRORE FATALE: Il processo non può accedere al file 'C:\cellular_speace\data\logs\manutenzione\correttiva\diagnostica_20260613_143643.log' perché è in uso da un altro processo.
2026-06-13 14:36:43.838 [OK] Diagnosi Markdown salvata: C:\cellular_speace\data\diagnosi\diagnosi_20260613_143643.md
2026-06-13 14:36:43.842 [DIAG] Generazione raccomandazioni...
2026-06-13 14:36:43.874 [OK] Report diagnostica salvato: C:\cellular_speace\reports\manutenzione\correttiva\diagnosi_20260613_143643.json
2026-06-13 14:36:43.876 [DIAG] Diagnostica runtime...
2026-06-13 14:36:43.882 [OK] Diagnosi Markdown salvata: C:\cellular_speace\data\diagnosi\diagnosi_20260613_143643.md
2026-06-13 14:36:43.888 [ERROR] [alto] Runtime/snapshot_vecchio: Snapshot ha 98.2min (>30min)
2026-06-13 14:36:43.923 [WARN] [medio] Runtime/errore_lettura_snapshot: Errore lettura snapshot: Impossibile convertire la stringa JSON perché un dizionario convertito da tale stringa contiene le chiavi duplicate 'Server' e 'SERVER'.
2026-06-13 14:36:43.941 [DIAG] Diagnostica processi...
2026-06-13 14:36:44.016 [DIAG] Diagnostica memoria...
2026-06-13 14:36:44.188 [DIAG] Generazione raccomandazioni...
2026-06-13 14:36:44.237 [OK] Report diagnostica salvato: C:\cellular_speace\reports\manutenzione\correttiva\diagnosi_20260613_143643.json
2026-06-13 14:36:44.244 [OK] Diagnosi Markdown salvata: C:\cellular_speace\data\diagnosi\diagnosi_20260613_143643.md
2026-06-13 14:36:44.470 [DIAG] Diagnostica file...
2026-06-13 14:36:49.513 [DIAG] Diagnostica processi...
2026-06-13 14:36:49.757 [DIAG] Diagnostica log errori...
2026-06-13 14:36:58.013 [ERROR] [critico] Log/errori_recenti: 3178 errori nelle ultime 2 ore
2026-06-13 14:36:58.057 [DIAG] Generazione raccomandazioni...
2026-06-13 14:36:58.118 [FIX] Avvio azioni correttive automatiche...
2026-06-13 14:36:58.120 [INFO] Nessuna azione correttiva automatica disponibile
2026-06-13 14:36:58.126 [OK] Report diagnostica salvato: C:\cellular_speace\reports\manutenzione\correttiva\diagnosi_20260613_143643.json
2026-06-13 14:36:58.138 [OK] Diagnosi Markdown salvata: C:\cellular_speace\data\diagnosi\diagnosi_20260613_143643.md
