2026-06-13 19:17:31.071 [DIAG] Diagnostica runtime...
2026-06-13 19:17:31.078 [ERROR] [alto] Runtime/snapshot_vecchio: Snapshot ha 379min (>30min)
2026-06-13 19:17:31.108 [WARN] [medio] Runtime/errore_lettura_snapshot: Errore lettura snapshot: Impossibile convertire la stringa JSON perché un dizionario convertito da tale stringa contiene le chiavi duplicate 'Server' e 'SERVER'.
2026-06-13 19:17:31.138 [DIAG] Diagnostica memoria...
2026-06-13 19:17:31.205 [DIAG] Diagnostica runtime...
2026-06-13 19:17:31.212 [ERROR] [alto] Runtime/snapshot_vecchio: Snapshot ha 379min (>30min)
2026-06-13 19:17:31.241 [WARN] [medio] Runtime/errore_lettura_snapshot: Errore lettura snapshot: Impossibile convertire la stringa JSON perché un dizionario convertito da tale stringa contiene le chiavi duplicate 'Server' e 'SERVER'.
2026-06-13 19:17:31.272 [DIAG] Diagnostica memoria...
2026-06-13 19:17:31.486 [DIAG] Diagnostica file...
2026-06-13 19:17:31.634 [DIAG] Diagnostica file...
2026-06-13 19:17:37.235 [DIAG] Diagnostica processi...
2026-06-13 19:17:37.249 [DIAG] Diagnostica processi...
2026-06-13 19:17:37.419 [DIAG] Diagnostica log errori...
2026-06-13 19:17:37.421 [DIAG] Diagnostica log errori...
2026-06-13 19:17:45.515 [ERROR] [critico] Log/errori_recenti: 3002 errori nelle ultime 2 ore
2026-06-13 19:17:45.522 [DIAG] Generazione raccomandazioni...
2026-06-13 19:17:45.548 [FIX] Avvio azioni correttive automatiche...
2026-06-13 19:17:45.548 [INFO] Nessuna azione correttiva automatica disponibile
2026-06-13 19:17:45.564 [ERROR] [critico] Log/errori_recenti: 3002 errori nelle ultime 2 ore
2026-06-13 19:17:45.564 [OK] Report diagnostica salvato: C:\cellular_speace\reports\manutenzione\correttiva\diagnosi_20260613_191731.json
2026-06-13 19:17:45.573 [OK] Diagnosi Markdown salvata: C:\cellular_speace\data\diagnosi\diagnosi_20260613_191731.md
2026-06-13 19:17:45.573 [DIAG] Generazione raccomandazioni...
2026-06-13 19:17:45.606 [FIX] Avvio azioni correttive automatiche...
2026-06-13 19:17:45.612 [INFO] Nessuna azione correttiva automatica disponibile
2026-06-13 19:17:45.622 [OK] Report diagnostica salvato: C:\cellular_speace\reports\manutenzione\correttiva\diagnosi_20260613_191731.json
2026-06-13 19:17:45.629 [OK] Diagnosi Markdown salvata: C:\cellular_speace\data\diagnosi\diagnosi_20260613_191731.md
