2026-06-13 16:21:56.486 [DIAG] Diagnostica processi...
2026-06-13 16:21:56.501 [DIAG] Diagnostica processi...
2026-06-13 16:21:56.602 [DIAG] Generazione raccomandazioni...
2026-06-13 16:21:56.612 [DIAG] Generazione raccomandazioni...
2026-06-13 16:21:56.612 [OK] Report diagnostica salvato: C:\cellular_speace\reports\manutenzione\correttiva\diagnosi_20260613_162156.json
2026-06-13 16:21:56.628 [OK] Diagnosi Markdown salvata: C:\cellular_speace\data\diagnosi\diagnosi_20260613_162156.md
2026-06-13 16:21:56.633 [OK] Report diagnostica salvato: C:\cellular_speace\reports\manutenzione\correttiva\diagnosi_20260613_162156.json
2026-06-13 16:21:56.633 [OK] Diagnosi Markdown salvata: C:\cellular_speace\data\diagnosi\diagnosi_20260613_162156.md
2026-06-13 16:21:56.660 [DIAG] Diagnostica runtime...
2026-06-13 16:21:56.665 [ERROR] [alto] Runtime/snapshot_vecchio: Snapshot ha 203.4min (>30min)
2026-06-13 16:21:56.676 [WARN] [medio] Runtime/errore_lettura_snapshot: Errore lettura snapshot: Impossibile convertire la stringa JSON perché un dizionario convertito da tale stringa contiene le chiavi duplicate 'Server' e 'SERVER'.
2026-06-13 16:21:56.676 [DIAG] Diagnostica memoria...
2026-06-13 16:21:56.906 [DIAG] Diagnostica file...
2026-06-13 16:21:59.446 [DIAG] Diagnostica processi...
2026-06-13 16:21:59.554 [DIAG] Diagnostica log errori...
2026-06-13 16:22:03.587 [ERROR] [critico] Log/errori_recenti: 3413 errori nelle ultime 2 ore
2026-06-13 16:22:03.587 [DIAG] Generazione raccomandazioni...
2026-06-13 16:22:03.602 [FIX] Avvio azioni correttive automatiche...
2026-06-13 16:22:03.602 [INFO] Nessuna azione correttiva automatica disponibile
2026-06-13 16:22:03.602 [OK] Report diagnostica salvato: C:\cellular_speace\reports\manutenzione\correttiva\diagnosi_20260613_162156.json
2026-06-13 16:22:03.618 [OK] Diagnosi Markdown salvata: C:\cellular_speace\data\diagnosi\diagnosi_20260613_162156.md
