2026-06-13 17:30:51.209 [DIAG] Diagnostica processi...
2026-06-13 17:30:51.376 [DIAG] Generazione raccomandazioni...
2026-06-13 17:30:51.398 [OK] Report diagnostica salvato: C:\cellular_speace\reports\manutenzione\correttiva\diagnosi_20260613_173051.json
2026-06-13 17:30:51.406 [OK] Diagnosi Markdown salvata: C:\cellular_speace\data\diagnosi\diagnosi_20260613_173051.md
2026-06-13 17:30:51.438 [DIAG] Diagnostica runtime...
2026-06-13 17:30:51.443 [ERROR] [alto] Runtime/snapshot_vecchio: Snapshot ha 272.3min (>30min)
2026-06-13 17:30:51.463 [WARN] [medio] Runtime/errore_lettura_snapshot: Errore lettura snapshot: Impossibile convertire la stringa JSON perché un dizionario convertito da tale stringa contiene le chiavi duplicate 'Server' e 'SERVER'.
2026-06-13 17:30:51.477 [DIAG] Diagnostica memoria...
2026-06-13 17:30:51.631 [DIAG] Diagnostica processi...
2026-06-13 17:30:51.800 [DIAG] Generazione raccomandazioni...
2026-06-13 17:30:51.818 [OK] Report diagnostica salvato: C:\cellular_speace\reports\manutenzione\correttiva\diagnosi_20260613_173051.json
2026-06-13 17:30:51.823 [OK] Diagnosi Markdown salvata: C:\cellular_speace\data\diagnosi\diagnosi_20260613_173051.md
2026-06-13 17:30:51.839 [DIAG] Diagnostica file...
2026-06-13 17:30:55.172 [DIAG] Diagnostica processi...
2026-06-13 17:30:55.308 [DIAG] Diagnostica log errori...
2026-06-13 17:31:00.723 [ERROR] [critico] Log/errori_recenti: 3390 errori nelle ultime 2 ore
2026-06-13 17:31:00.729 [DIAG] Generazione raccomandazioni...
2026-06-13 17:31:00.748 [FIX] Avvio azioni correttive automatiche...
2026-06-13 17:31:00.748 [INFO] Nessuna azione correttiva automatica disponibile
2026-06-13 17:31:00.755 [OK] Report diagnostica salvato: C:\cellular_speace\reports\manutenzione\correttiva\diagnosi_20260613_173051.json
2026-06-13 17:31:00.759 [OK] Diagnosi Markdown salvata: C:\cellular_speace\data\diagnosi\diagnosi_20260613_173051.md
