2026-06-13 18:53:59.138 [DIAG] Diagnostica processi...
2026-06-13 18:53:59.263 [DIAG] Generazione raccomandazioni...
2026-06-13 18:53:59.292 [OK] Report diagnostica salvato: C:\cellular_speace\reports\manutenzione\correttiva\diagnosi_20260613_185359.json
2026-06-13 18:53:59.296 [OK] Diagnosi Markdown salvata: C:\cellular_speace\data\diagnosi\diagnosi_20260613_185359.md
2026-06-13 18:53:59.316 [DIAG] Diagnostica runtime...
2026-06-13 18:53:59.318 [ERROR] [alto] Runtime/snapshot_vecchio: Snapshot ha 355.4min (>30min)
2026-06-13 18:53:59.338 [WARN] [medio] Runtime/errore_lettura_snapshot: Errore lettura snapshot: Impossibile convertire la stringa JSON perché un dizionario convertito da tale stringa contiene le chiavi duplicate 'Server' e 'SERVER'.
2026-06-13 18:53:59.352 [DIAG] Diagnostica memoria...
2026-06-13 18:53:59.617 [DIAG] Diagnostica file...
2026-06-13 18:53:59.993 [DIAG] Diagnostica processi...
2026-06-13 18:54:00.155 [DIAG] Generazione raccomandazioni...
2026-06-13 18:54:00.177 [OK] Report diagnostica salvato: C:\cellular_speace\reports\manutenzione\correttiva\diagnosi_20260613_185359.json
2026-06-13 18:54:00.183 [OK] Diagnosi Markdown salvata: C:\cellular_speace\data\diagnosi\diagnosi_20260613_185359.md
2026-06-13 18:54:03.312 [DIAG] Diagnostica processi...
2026-06-13 18:54:03.495 [DIAG] Diagnostica log errori...
2026-06-13 18:54:11.446 [ERROR] [critico] Log/errori_recenti: 3320 errori nelle ultime 2 ore
2026-06-13 18:54:11.461 [DIAG] Generazione raccomandazioni...
2026-06-13 18:54:11.477 [FIX] Avvio azioni correttive automatiche...
2026-06-13 18:54:11.477 [INFO] Nessuna azione correttiva automatica disponibile
2026-06-13 18:54:11.477 [OK] Report diagnostica salvato: C:\cellular_speace\reports\manutenzione\correttiva\diagnosi_20260613_185359.json
2026-06-13 18:54:11.488 [OK] Diagnosi Markdown salvata: C:\cellular_speace\data\diagnosi\diagnosi_20260613_185359.md
