2026-06-13 13:21:21.034 [DIAG] Diagnostica runtime...
2026-06-13 13:21:21.056 [WARN] [medio] Runtime/errore_lettura_snapshot: Errore lettura snapshot: Impossibile convertire la stringa JSON perché un dizionario convertito da tale stringa contiene le chiavi duplicate 'Server' e 'SERVER'.
2026-06-13 13:21:21.073 [DIAG] Diagnostica memoria...
2026-06-13 13:21:21.364 [DIAG] Diagnostica file...
2026-06-13 13:21:21.431 [DIAG] Diagnostica processi...
2026-06-13 13:21:21.588 [DIAG] Diagnostica processi...
2026-06-13 13:21:21.588 [DIAG] Generazione raccomandazioni...
2026-06-13 13:21:21.604 [OK] Report diagnostica salvato: C:\cellular_speace\reports\manutenzione\correttiva\diagnosi_20260613_132121.json
2026-06-13 13:21:21.604 [OK] Diagnosi Markdown salvata: C:\cellular_speace\data\diagnosi\diagnosi_20260613_132121.md
2026-06-13 13:21:21.653 [DIAG] Diagnostica runtime...
2026-06-13 13:21:21.682 [WARN] [medio] Runtime/errore_lettura_snapshot: Errore lettura snapshot: Impossibile convertire la stringa JSON perché un dizionario convertito da tale stringa contiene le chiavi duplicate 'Server' e 'SERVER'.
2026-06-13 13:21:21.704 [DIAG] Diagnostica memoria...
2026-06-13 13:21:21.739 [DIAG] Generazione raccomandazioni...
2026-06-13 13:21:21.760 [OK] Report diagnostica salvato: C:\cellular_speace\reports\manutenzione\correttiva\diagnosi_20260613_132121.json
2026-06-13 13:21:21.766 [OK] Diagnosi Markdown salvata: C:\cellular_speace\data\diagnosi\diagnosi_20260613_132121.md
2026-06-13 13:21:22.012 [DIAG] Diagnostica file...
2026-06-13 13:21:23.760 [DIAG] Diagnostica processi...
2026-06-13 13:21:23.909 [DIAG] Diagnostica log errori...
2026-06-13 13:21:24.417 [DIAG] Diagnostica processi...
2026-06-13 13:21:24.548 [DIAG] Diagnostica log errori...
2026-06-13 13:21:24.795 [ERROR] [critico] Log/errori_recenti: 1107 errori nelle ultime 2 ore
2026-06-13 13:21:24.811 [DIAG] Generazione raccomandazioni...
2026-06-13 13:21:24.837 [FIX] Avvio azioni correttive automatiche...
2026-06-13 13:21:24.837 [INFO] Nessuna azione correttiva automatica disponibile
2026-06-13 13:21:24.837 [OK] Report diagnostica salvato: C:\cellular_speace\reports\manutenzione\correttiva\diagnosi_20260613_132121.json
2026-06-13 13:21:24.853 [OK] Diagnosi Markdown salvata: C:\cellular_speace\data\diagnosi\diagnosi_20260613_132121.md
2026-06-13 13:21:25.428 [ERROR] [critico] Log/errori_recenti: 1107 errori nelle ultime 2 ore
2026-06-13 13:21:25.434 [DIAG] Generazione raccomandazioni...
2026-06-13 13:21:25.459 [FIX] Avvio azioni correttive automatiche...
2026-06-13 13:21:25.460 [INFO] Nessuna azione correttiva automatica disponibile
2026-06-13 13:21:25.464 [OK] Report diagnostica salvato: C:\cellular_speace\reports\manutenzione\correttiva\diagnosi_20260613_132121.json
2026-06-13 13:21:25.468 [OK] Diagnosi Markdown salvata: C:\cellular_speace\data\diagnosi\diagnosi_20260613_132121.md
