2026-06-13 13:10:25.016 [DIAG] Diagnostica processi...
2026-06-13 13:10:25.184 [ERROR] [critico] Processi/nessun_processo: Nessun processo SPEACE in esecuzione
2026-06-13 13:10:25.192 [DIAG] Generazione raccomandazioni...
2026-06-13 13:10:25.218 [OK] Report diagnostica salvato: C:\cellular_speace\reports\manutenzione\correttiva\diagnosi_20260613_131025.json
2026-06-13 13:10:25.227 [OK] Diagnosi Markdown salvata: C:\cellular_speace\data\diagnosi\diagnosi_20260613_131025.md
2026-06-13 13:10:25.259 [DIAG] Diagnostica runtime...
2026-06-13 13:10:25.353 [WARN] [medio] Runtime/errore_lettura_snapshot: Errore lettura snapshot: Impossibile convertire la stringa JSON perché un dizionario convertito da tale stringa contiene le chiavi duplicate 'Server' e 'SERVER'.
2026-06-13 13:10:25.365 [DIAG] Diagnostica memoria...
2026-06-13 13:10:25.698 [DIAG] Diagnostica file...
2026-06-13 13:10:25.758 [DIAG] Diagnostica processi...
2026-06-13 13:10:25.905 [ERROR] [critico] Processi/nessun_processo: Nessun processo SPEACE in esecuzione
2026-06-13 13:10:25.918 [DIAG] Generazione raccomandazioni...
2026-06-13 13:10:25.936 [OK] Report diagnostica salvato: C:\cellular_speace\reports\manutenzione\correttiva\diagnosi_20260613_131025.json
2026-06-13 13:10:25.939 [OK] Diagnosi Markdown salvata: C:\cellular_speace\data\diagnosi\diagnosi_20260613_131025.md
2026-06-13 13:10:25.965 [DIAG] Diagnostica runtime...
2026-06-13 13:10:26.056 [WARN] [medio] Runtime/errore_lettura_snapshot: Errore lettura snapshot: Impossibile convertire la stringa JSON perché un dizionario convertito da tale stringa contiene le chiavi duplicate 'Server' e 'SERVER'.
2026-06-13 13:10:26.075 [DIAG] Diagnostica memoria...
2026-06-13 13:10:26.469 [DIAG] Diagnostica file...
2026-06-13 13:10:28.253 [DIAG] Diagnostica processi...
2026-06-13 13:10:28.423 [ERROR] [critico] Processi/nessun_processo: Nessun processo SPEACE in esecuzione
2026-06-13 13:10:28.441 [DIAG] Diagnostica log errori...
2026-06-13 13:10:28.448 [WARN] Errore diagnostica log: Impossibile convertire 'System.Object[]' nel tipo 'System.String' richiesto da parametro 'ChildPath'. Specificato metodo non supportato.
2026-06-13 13:10:28.448 [DIAG] Generazione raccomandazioni...
2026-06-13 13:10:28.489 [FIX] Avvio azioni correttive automatiche...
2026-06-13 13:10:28.492 [FIX] Tentativo avvio SPEACE...
2026-06-13 13:10:28.595 [FIX] AZIONE: Avviato SPEACE: C:\cellular_speace\ispettore_manutentore_neurologico_organismico_di_speace\avvio_locale.bat
2026-06-13 13:10:28.604 [OK] Report diagnostica salvato: C:\cellular_speace\reports\manutenzione\correttiva\diagnosi_20260613_131025.json
2026-06-13 13:10:28.609 [OK] Diagnosi Markdown salvata: C:\cellular_speace\data\diagnosi\diagnosi_20260613_131025.md
2026-06-13 13:10:29.129 [DIAG] Diagnostica processi...
2026-06-13 13:10:29.321 [WARN] Errore diagnostica processi: Eccezione durante la chiamata di "ToDateTime" con "1" argomento/i: "Argomento specificato non compreso nell'intervallo.
Nome parametro: dmtfDate"
2026-06-13 13:10:29.347 [DIAG] Diagnostica log errori...
2026-06-13 13:10:29.356 [WARN] Errore diagnostica log: Impossibile convertire 'System.Object[]' nel tipo 'System.String' richiesto da parametro 'ChildPath'. Specificato metodo non supportato.
2026-06-13 13:10:29.360 [DIAG] Generazione raccomandazioni...
2026-06-13 13:10:29.384 [FIX] Avvio azioni correttive automatiche...
2026-06-13 13:10:29.384 [INFO] Nessuna azione correttiva automatica disponibile
2026-06-13 13:10:29.402 [OK] Report diagnostica salvato: C:\cellular_speace\reports\manutenzione\correttiva\diagnosi_20260613_131025.json
2026-06-13 13:10:29.406 [OK] Diagnosi Markdown salvata: C:\cellular_speace\data\diagnosi\diagnosi_20260613_131025.md
