2026-06-13 19:19:57.064 [DIAG] Diagnostica processi...
2026-06-13 19:19:57.151 [DIAG] Generazione raccomandazioni...
2026-06-13 19:19:57.164 [OK] Report diagnostica salvato: C:\cellular_speace\reports\manutenzione\correttiva\diagnosi_20260613_191957.json
2026-06-13 19:19:57.164 [OK] Diagnosi Markdown salvata: C:\cellular_speace\data\diagnosi\diagnosi_20260613_191957.md
2026-06-13 19:19:57.415 [DIAG] Diagnostica processi...
2026-06-13 19:19:57.509 [DIAG] Generazione raccomandazioni...
2026-06-13 19:19:57.525 [OK] Report diagnostica salvato: C:\cellular_speace\reports\manutenzione\correttiva\diagnosi_20260613_191957.json
2026-06-13 19:19:57.533 [OK] Diagnosi Markdown salvata: C:\cellular_speace\data\diagnosi\diagnosi_20260613_191957.md
2026-06-13 19:19:57.551 [DIAG] Diagnostica runtime...
2026-06-13 19:19:57.555 [ERROR] [alto] Runtime/snapshot_vecchio: Snapshot ha 381.4min (>30min)
2026-06-13 19:19:57.570 [WARN] [medio] Runtime/errore_lettura_snapshot: Errore lettura snapshot: Impossibile convertire la stringa JSON perché un dizionario convertito da tale stringa contiene le chiavi duplicate 'Server' e 'SERVER'.
2026-06-13 19:19:57.585 [DIAG] Diagnostica memoria...
2026-06-13 19:19:57.766 [DIAG] Diagnostica file...
2026-06-13 19:20:00.977 [DIAG] Diagnostica processi...
2026-06-13 19:20:01.081 [DIAG] Diagnostica log errori...
2026-06-13 19:20:07.301 [ERROR] [critico] Log/errori_recenti: 2955 errori nelle ultime 2 ore
2026-06-13 19:20:07.317 [DIAG] Generazione raccomandazioni...
2026-06-13 19:20:07.337 [FIX] Avvio azioni correttive automatiche...
2026-06-13 19:20:07.337 [INFO] Nessuna azione correttiva automatica disponibile
2026-06-13 19:20:07.352 [OK] Report diagnostica salvato: C:\cellular_speace\reports\manutenzione\correttiva\diagnosi_20260613_191957.json
2026-06-13 19:20:07.358 [OK] Diagnosi Markdown salvata: C:\cellular_speace\data\diagnosi\diagnosi_20260613_191957.md
