2026-06-13 15:11:03.040 [DIAG] Diagnostica processi...
2026-06-13 15:11:03.064 [DIAG] Diagnostica processi...
2026-06-13 15:11:03.158 [DIAG] Diagnostica processi...
2026-06-13 15:11:03.266 [DIAG] Generazione raccomandazioni...
2026-06-13 15:11:03.294 [OK] Report diagnostica salvato: C:\cellular_speace\reports\manutenzione\correttiva\diagnosi_20260613_151103.json
2026-06-13 15:11:03.310 [DIAG] Generazione raccomandazioni...
2026-06-13 15:11:03.316 [OK] Diagnosi Markdown salvata: C:\cellular_speace\data\diagnosi\diagnosi_20260613_151103.md
2026-06-13 15:11:03.339 [OK] Report diagnostica salvato: C:\cellular_speace\reports\manutenzione\correttiva\diagnosi_20260613_151103.json
2026-06-13 15:11:03.347 [OK] Diagnosi Markdown salvata: C:\cellular_speace\data\diagnosi\diagnosi_20260613_151103.md
2026-06-13 15:11:03.391 [DIAG] Diagnostica runtime...
2026-06-13 15:11:03.395 [ERROR] [alto] Runtime/snapshot_vecchio: Snapshot ha 132.5min (>30min)
2026-06-13 15:11:03.432 [WARN] [medio] Runtime/errore_lettura_snapshot: Errore lettura snapshot: Impossibile convertire la stringa JSON perché un dizionario convertito da tale stringa contiene le chiavi duplicate 'Server' e 'SERVER'.
2026-06-13 15:11:03.452 [DIAG] Diagnostica memoria...
2026-06-13 15:11:03.839 [DIAG] Diagnostica file...
2026-06-13 15:11:07.392 [DIAG] Diagnostica processi...
2026-06-13 15:11:07.598 [DIAG] Diagnostica log errori...
2026-06-13 15:11:14.914 [ERROR] [critico] Log/errori_recenti: 3609 errori nelle ultime 2 ore
2026-06-13 15:11:14.926 [DIAG] Generazione raccomandazioni...
2026-06-13 15:11:14.953 [FIX] Avvio azioni correttive automatiche...
2026-06-13 15:11:14.957 [INFO] Nessuna azione correttiva automatica disponibile
2026-06-13 15:11:14.963 [OK] Report diagnostica salvato: C:\cellular_speace\reports\manutenzione\correttiva\diagnosi_20260613_151103.json
2026-06-13 15:11:14.973 [OK] Diagnosi Markdown salvata: C:\cellular_speace\data\diagnosi\diagnosi_20260613_151103.md
