2026-06-13 18:22:33.335 [DIAG] Diagnostica processi...
2026-06-13 18:22:33.347 [DIAG] Diagnostica processi...
2026-06-13 18:22:33.624 [DIAG] Generazione raccomandazioni...
2026-06-13 18:22:33.655 [DIAG] Generazione raccomandazioni...
2026-06-13 18:22:33.782 [OK] Report diagnostica salvato: C:\cellular_speace\reports\manutenzione\correttiva\diagnosi_20260613_182233.json
2026-06-13 18:22:33.806 [OK] Diagnosi Markdown salvata: C:\cellular_speace\data\diagnosi\diagnosi_20260613_182233.md
2026-06-13 18:22:33.856 [OK] Report diagnostica salvato: C:\cellular_speace\reports\manutenzione\correttiva\diagnosi_20260613_182233.json
2026-06-13 18:22:33.873 [OK] Diagnosi Markdown salvata: C:\cellular_speace\data\diagnosi\diagnosi_20260613_182233.md
2026-06-13 18:22:33.933 [DIAG] Diagnostica runtime...
2026-06-13 18:22:33.954 [ERROR] [alto] Runtime/snapshot_vecchio: Snapshot ha 324min (>30min)
2026-06-13 18:22:34.116 [WARN] [medio] Runtime/errore_lettura_snapshot: Errore lettura snapshot: Impossibile convertire la stringa JSON perché un dizionario convertito da tale stringa contiene le chiavi duplicate 'Server' e 'SERVER'.
2026-06-13 18:22:34.453 [DIAG] Diagnostica memoria...
2026-06-13 18:22:35.035 [DIAG] Diagnostica file...
2026-06-13 18:22:41.151 [DIAG] Diagnostica processi...
2026-06-13 18:22:41.409 [DIAG] Diagnostica log errori...
2026-06-13 18:22:52.962 [ERROR] [critico] Log/errori_recenti: 3372 errori nelle ultime 2 ore
2026-06-13 18:22:53.140 [DIAG] Generazione raccomandazioni...
2026-06-13 18:22:53.252 [FIX] Avvio azioni correttive automatiche...
2026-06-13 18:22:53.260 [INFO] Nessuna azione correttiva automatica disponibile
2026-06-13 18:22:53.270 [OK] Report diagnostica salvato: C:\cellular_speace\reports\manutenzione\correttiva\diagnosi_20260613_182233.json
2026-06-13 18:22:53.286 [OK] Diagnosi Markdown salvata: C:\cellular_speace\data\diagnosi\diagnosi_20260613_182233.md
