2026-06-13 13:21:09.122 [DIAG] Diagnostica processi...
2026-06-13 13:21:09.261 [DIAG] Generazione raccomandazioni...
2026-06-13 13:21:09.276 [OK] Report diagnostica salvato: C:\cellular_speace\reports\manutenzione\correttiva\diagnosi_20260613_132109.json
2026-06-13 13:21:09.280 [OK] Diagnosi Markdown salvata: C:\cellular_speace\data\diagnosi\diagnosi_20260613_132109.md
2026-06-13 13:21:09.296 [DIAG] Diagnostica runtime...
2026-06-13 13:21:09.321 [WARN] [medio] Runtime/errore_lettura_snapshot: Errore lettura snapshot: Impossibile convertire la stringa JSON perché un dizionario convertito da tale stringa contiene le chiavi duplicate 'Server' e 'SERVER'.
2026-06-13 13:21:09.334 [DIAG] Diagnostica memoria...
2026-06-13 13:21:09.584 [DIAG] Diagnostica file...
2026-06-13 13:21:09.836 [DIAG] Diagnostica processi...
2026-06-13 13:21:09.970 [DIAG] Generazione raccomandazioni...
2026-06-13 13:21:09.985 [OK] Report diagnostica salvato: C:\cellular_speace\reports\manutenzione\correttiva\diagnosi_20260613_132109.json
2026-06-13 13:21:09.992 [OK] Diagnosi Markdown salvata: C:\cellular_speace\data\diagnosi\diagnosi_20260613_132109.md
2026-06-13 13:21:11.760 [DIAG] Diagnostica processi...
2026-06-13 13:21:11.887 [DIAG] Diagnostica log errori...
2026-06-13 13:21:12.696 [ERROR] [critico] Log/errori_recenti: 1104 errori nelle ultime 2 ore
2026-06-13 13:21:12.712 [DIAG] Generazione raccomandazioni...
2026-06-13 13:21:12.747 [FIX] Avvio azioni correttive automatiche...
2026-06-13 13:21:12.753 [INFO] Nessuna azione correttiva automatica disponibile
2026-06-13 13:21:12.757 [OK] Report diagnostica salvato: C:\cellular_speace\reports\manutenzione\correttiva\diagnosi_20260613_132109.json
2026-06-13 13:21:12.761 [OK] Diagnosi Markdown salvata: C:\cellular_speace\data\diagnosi\diagnosi_20260613_132109.md
