2026-06-13 14:43:56.231 [DIAG] Diagnostica processi...
2026-06-13 14:43:56.489 [DIAG] Diagnostica processi...
2026-06-13 14:43:56.623 [DIAG] Generazione raccomandazioni...
2026-06-13 14:43:56.794 [DIAG] Generazione raccomandazioni...
2026-06-13 14:43:56.809 [OK] Report diagnostica salvato: C:\cellular_speace\reports\manutenzione\correttiva\diagnosi_20260613_144356.json
2026-06-13 14:43:56.829 [OK] Diagnosi Markdown salvata: C:\cellular_speace\data\diagnosi\diagnosi_20260613_144356.md
2026-06-13 14:43:56.929 [DIAG] Diagnostica runtime...
2026-06-13 14:43:56.944 [ERROR] [alto] Runtime/snapshot_vecchio: Snapshot ha 105.4min (>30min)
2026-06-13 14:43:56.952 [ERROR] Impossibile salvare report JSON: Il processo non può accedere al file 'C:\cellular_speace\data\logs\manutenzione\correttiva\diagnostica_20260613_144356.log' perché è in uso da un altro processo.
2026-06-13 14:43:57.079 [OK] Diagnosi Markdown salvata: C:\cellular_speace\data\diagnosi\diagnosi_20260613_144356.md
2026-06-13 14:43:57.622 [WARN] [medio] Runtime/errore_lettura_snapshot: Errore lettura snapshot: Impossibile convertire la stringa JSON perché un dizionario convertito da tale stringa contiene le chiavi duplicate 'Server' e 'SERVER'.
2026-06-13 14:43:58.529 [DIAG] Diagnostica memoria...
2026-06-13 14:43:59.194 [DIAG] Diagnostica file...
2026-06-13 14:44:05.958 [DIAG] Diagnostica processi...
2026-06-13 14:44:06.350 [DIAG] Diagnostica log errori...
2026-06-13 14:44:19.835 [ERROR] [critico] Log/errori_recenti: 3391 errori nelle ultime 2 ore
2026-06-13 14:44:20.150 [DIAG] Generazione raccomandazioni...
2026-06-13 14:44:20.333 [FIX] Avvio azioni correttive automatiche...
2026-06-13 14:44:20.365 [INFO] Nessuna azione correttiva automatica disponibile
2026-06-13 14:44:20.384 [OK] Report diagnostica salvato: C:\cellular_speace\reports\manutenzione\correttiva\diagnosi_20260613_144356.json
2026-06-13 14:44:20.397 [OK] Diagnosi Markdown salvata: C:\cellular_speace\data\diagnosi\diagnosi_20260613_144356.md
