2026-06-13 17:58:51.130 [DIAG] Diagnostica processi...
2026-06-13 17:58:51.397 [DIAG] Generazione raccomandazioni...
2026-06-13 17:58:51.564 [DIAG] Diagnostica processi...
2026-06-13 17:58:51.636 [OK] Report diagnostica salvato: C:\cellular_speace\reports\manutenzione\correttiva\diagnosi_20260613_175851.json
2026-06-13 17:58:51.691 [OK] Diagnosi Markdown salvata: C:\cellular_speace\data\diagnosi\diagnosi_20260613_175851.md
2026-06-13 17:58:51.873 [DIAG] Generazione raccomandazioni...
2026-06-13 17:58:51.981 [DIAG] Diagnostica runtime...
2026-06-13 17:58:52.009 [ERROR] [alto] Runtime/snapshot_vecchio: Snapshot ha 300.3min (>30min)
2026-06-13 17:58:52.268 [OK] Report diagnostica salvato: C:\cellular_speace\reports\manutenzione\correttiva\diagnosi_20260613_175851.json
2026-06-13 17:58:52.313 [OK] Diagnosi Markdown salvata: C:\cellular_speace\data\diagnosi\diagnosi_20260613_175851.md
2026-06-13 17:58:52.442 [WARN] [medio] Runtime/errore_lettura_snapshot: Errore lettura snapshot: Impossibile convertire la stringa JSON perché un dizionario convertito da tale stringa contiene le chiavi duplicate 'Server' e 'SERVER'.
2026-06-13 17:58:53.276 [DIAG] Diagnostica memoria...
2026-06-13 17:58:53.977 [DIAG] Diagnostica file...
2026-06-13 17:59:00.753 [DIAG] Diagnostica processi...
2026-06-13 17:59:01.101 [DIAG] Diagnostica log errori...
2026-06-13 17:59:13.628 [ERROR] [critico] Log/errori_recenti: 3406 errori nelle ultime 2 ore
2026-06-13 17:59:14.079 [DIAG] Generazione raccomandazioni...
2026-06-13 17:59:14.292 [FIX] Avvio azioni correttive automatiche...
2026-06-13 17:59:14.331 [INFO] Nessuna azione correttiva automatica disponibile
2026-06-13 17:59:14.372 [OK] Report diagnostica salvato: C:\cellular_speace\reports\manutenzione\correttiva\diagnosi_20260613_175851.json
2026-06-13 17:59:14.406 [OK] Diagnosi Markdown salvata: C:\cellular_speace\data\diagnosi\diagnosi_20260613_175851.md
