2026-06-13 19:46:25.376 [DIAG] Diagnostica processi...
2026-06-13 19:46:25.542 [DIAG] Diagnostica processi...
2026-06-13 19:46:25.547 [DIAG] Generazione raccomandazioni...
2026-06-13 19:46:25.575 [OK] Report diagnostica salvato: C:\cellular_speace\reports\manutenzione\correttiva\diagnosi_20260613_194625.json
2026-06-13 19:46:25.591 [OK] Diagnosi Markdown salvata: C:\cellular_speace\data\diagnosi\diagnosi_20260613_194625.md
2026-06-13 19:46:25.628 [DIAG] Diagnostica runtime...
2026-06-13 19:46:25.636 [ERROR] [alto] Runtime/snapshot_vecchio: Snapshot ha 407.9min (>30min)
2026-06-13 19:46:25.654 [WARN] [medio] Runtime/errore_lettura_snapshot: Errore lettura snapshot: Impossibile convertire la stringa JSON perché un dizionario convertito da tale stringa contiene le chiavi duplicate 'Server' e 'SERVER'.
2026-06-13 19:46:25.674 [DIAG] Diagnostica memoria...
2026-06-13 19:46:25.690 [DIAG] Generazione raccomandazioni...
2026-06-13 19:46:25.720 [OK] Report diagnostica salvato: C:\cellular_speace\reports\manutenzione\correttiva\diagnosi_20260613_194625.json
2026-06-13 19:46:25.727 [OK] Diagnosi Markdown salvata: C:\cellular_speace\data\diagnosi\diagnosi_20260613_194625.md
2026-06-13 19:46:26.010 [DIAG] Diagnostica file...
2026-06-13 19:46:29.033 [DIAG] Diagnostica processi...
2026-06-13 19:46:29.124 [DIAG] Diagnostica log errori...
2026-06-13 19:46:33.380 [ERROR] [critico] Log/errori_recenti: 2446 errori nelle ultime 2 ore
2026-06-13 19:46:33.389 [DIAG] Generazione raccomandazioni...
2026-06-13 19:46:33.401 [FIX] Avvio azioni correttive automatiche...
2026-06-13 19:46:33.404 [INFO] Nessuna azione correttiva automatica disponibile
2026-06-13 19:46:33.409 [OK] Report diagnostica salvato: C:\cellular_speace\reports\manutenzione\correttiva\diagnosi_20260613_194625.json
2026-06-13 19:46:33.413 [OK] Diagnosi Markdown salvata: C:\cellular_speace\data\diagnosi\diagnosi_20260613_194625.md
