2026-06-13 13:30:08.290 [DIAG] Diagnostica runtime...
2026-06-13 13:30:08.300 [ERROR] [alto] Runtime/snapshot_vecchio: Snapshot ha 31.6min (>30min)
2026-06-13 13:30:08.333 [WARN] [medio] Runtime/errore_lettura_snapshot: Errore lettura snapshot: Impossibile convertire la stringa JSON perché un dizionario convertito da tale stringa contiene le chiavi duplicate 'Server' e 'SERVER'.
2026-06-13 13:30:08.367 [DIAG] Diagnostica memoria...
2026-06-13 13:30:08.379 [DIAG] Diagnostica processi...
2026-06-13 13:30:08.624 [DIAG] Generazione raccomandazioni...
2026-06-13 13:30:08.827 [DIAG] Diagnostica file...
2026-06-13 13:30:08.831 [OK] Report diagnostica salvato: C:\cellular_speace\reports\manutenzione\correttiva\diagnosi_20260613_133008.json
2026-06-13 13:30:08.841 [OK] Diagnosi Markdown salvata: C:\cellular_speace\data\diagnosi\diagnosi_20260613_133008.md
2026-06-13 13:30:08.941 [DIAG] Diagnostica runtime...
2026-06-13 13:30:08.948 [DIAG] Diagnostica processi...
2026-06-13 13:30:08.948 [ERROR] [alto] Runtime/snapshot_vecchio: Snapshot ha 31.6min (>30min)
2026-06-13 13:30:09.118 [WARN] [medio] Runtime/errore_lettura_snapshot: Errore lettura snapshot: Impossibile convertire la stringa JSON perché un dizionario convertito da tale stringa contiene le chiavi duplicate 'Server' e 'SERVER'.
2026-06-13 13:30:09.171 [DIAG] Generazione raccomandazioni...
2026-06-13 13:30:09.206 [OK] Report diagnostica salvato: C:\cellular_speace\reports\manutenzione\correttiva\diagnosi_20260613_133008.json
2026-06-13 13:30:09.210 [OK] Diagnosi Markdown salvata: C:\cellular_speace\data\diagnosi\diagnosi_20260613_133008.md
2026-06-13 13:30:09.310 [DIAG] Diagnostica memoria...
2026-06-13 13:30:09.817 [DIAG] Diagnostica file...
2026-06-13 13:30:13.499 [DIAG] Diagnostica processi...
2026-06-13 13:30:13.763 [DIAG] Diagnostica log errori...
2026-06-13 13:30:14.321 [DIAG] Diagnostica processi...
2026-06-13 13:30:14.540 [DIAG] Diagnostica log errori...
2026-06-13 13:30:15.971 [ERROR] [critico] Log/errori_recenti: 1335 errori nelle ultime 2 ore
2026-06-13 13:30:15.997 [DIAG] Generazione raccomandazioni...
2026-06-13 13:30:16.022 [FIX] Avvio azioni correttive automatiche...
2026-06-13 13:30:16.034 [INFO] Nessuna azione correttiva automatica disponibile
2026-06-13 13:30:16.040 [OK] Report diagnostica salvato: C:\cellular_speace\reports\manutenzione\correttiva\diagnosi_20260613_133008.json
2026-06-13 13:30:16.048 [OK] Diagnosi Markdown salvata: C:\cellular_speace\data\diagnosi\diagnosi_20260613_133008.md
2026-06-13 13:30:16.669 [ERROR] [critico] Log/errori_recenti: 1336 errori nelle ultime 2 ore
2026-06-13 13:30:16.702 [DIAG] Generazione raccomandazioni...
2026-06-13 13:30:16.743 [FIX] Avvio azioni correttive automatiche...
2026-06-13 13:30:16.761 [INFO] Nessuna azione correttiva automatica disponibile
2026-06-13 13:30:16.771 [OK] Report diagnostica salvato: C:\cellular_speace\reports\manutenzione\correttiva\diagnosi_20260613_133008.json
2026-06-13 13:30:16.786 [OK] Diagnosi Markdown salvata: C:\cellular_speace\data\diagnosi\diagnosi_20260613_133008.md
