2026-06-13 15:25:55.345 [DIAG] Diagnostica processi...
2026-06-13 15:25:55.645 [DIAG] Generazione raccomandazioni...
2026-06-13 15:25:55.847 [OK] Report diagnostica salvato: C:\cellular_speace\reports\manutenzione\correttiva\diagnosi_20260613_152555.json
2026-06-13 15:25:55.938 [OK] Diagnosi Markdown salvata: C:\cellular_speace\data\diagnosi\diagnosi_20260613_152555.md
2026-06-13 15:25:55.954 [DIAG] Diagnostica runtime...
2026-06-13 15:25:55.991 [ERROR] [alto] Runtime/snapshot_vecchio: Snapshot ha 147.4min (>30min)
2026-06-13 15:25:56.095 [DIAG] Diagnostica runtime...
2026-06-13 15:25:56.154 [ERROR] [alto] Runtime/snapshot_vecchio: Snapshot ha 147.4min (>30min)
2026-06-13 15:25:56.399 [WARN] [medio] Runtime/errore_lettura_snapshot: Errore lettura snapshot: Impossibile convertire la stringa JSON perché un dizionario convertito da tale stringa contiene le chiavi duplicate 'Server' e 'SERVER'.
2026-06-13 15:25:56.496 [WARN] [medio] Runtime/errore_lettura_snapshot: Errore lettura snapshot: Impossibile convertire la stringa JSON perché un dizionario convertito da tale stringa contiene le chiavi duplicate 'Server' e 'SERVER'.
2026-06-13 15:25:57.196 [DIAG] Diagnostica memoria...
2026-06-13 15:25:57.224 [DIAG] Diagnostica memoria...
2026-06-13 15:25:57.917 [DIAG] Diagnostica file...
2026-06-13 15:25:58.014 [DIAG] Diagnostica file...
2026-06-13 15:26:04.183 [DIAG] Diagnostica processi...
2026-06-13 15:26:04.476 [DIAG] Diagnostica log errori...
2026-06-13 15:26:05.540 [DIAG] Diagnostica processi...
2026-06-13 15:26:05.974 [DIAG] Diagnostica log errori...
2026-06-13 15:26:19.545 [ERROR] [critico] Log/errori_recenti: 3493 errori nelle ultime 2 ore
2026-06-13 15:26:20.493 [ERROR] [critico] Log/errori_recenti: 3493 errori nelle ultime 2 ore
2026-06-13 15:26:20.837 [DIAG] Generazione raccomandazioni...
2026-06-13 15:26:21.346 [DIAG] Generazione raccomandazioni...
2026-06-13 15:26:21.742 [FIX] Avvio azioni correttive automatiche...
2026-06-13 15:26:21.831 [INFO] Nessuna azione correttiva automatica disponibile
2026-06-13 15:26:21.938 [FIX] Avvio azioni correttive automatiche...
2026-06-13 15:26:21.958 [ERROR] Impossibile salvare report JSON: Il processo non può accedere al file 'C:\cellular_speace\data\logs\manutenzione\correttiva\diagnostica_20260613_152555.log' perché è in uso da un altro processo.
2026-06-13 15:26:21.985 [INFO] Nessuna azione correttiva automatica disponibile
2026-06-13 15:26:22.133 [OK] Report diagnostica salvato: C:\cellular_speace\reports\manutenzione\correttiva\diagnosi_20260613_152555.json
2026-06-13 15:26:22.231 [OK] Diagnosi Markdown salvata: C:\cellular_speace\data\diagnosi\diagnosi_20260613_152555.md
2026-06-13 15:26:22.388 [OK] Diagnosi Markdown salvata: C:\cellular_speace\data\diagnosi\diagnosi_20260613_152555.md
