2026-06-13 16:06:29.503 [DIAG] Diagnostica processi...
2026-06-13 16:06:29.613 [DIAG] Diagnostica processi...
2026-06-13 16:06:29.745 [DIAG] Diagnostica runtime...
2026-06-13 16:06:29.757 [ERROR] [alto] Runtime/snapshot_vecchio: Snapshot ha 187.9min (>30min)
2026-06-13 16:06:29.785 [DIAG] Generazione raccomandazioni...
2026-06-13 16:06:29.821 [OK] Report diagnostica salvato: C:\cellular_speace\reports\manutenzione\correttiva\diagnosi_20260613_160629.json
2026-06-13 16:06:29.827 [OK] Diagnosi Markdown salvata: C:\cellular_speace\data\diagnosi\diagnosi_20260613_160629.md
2026-06-13 16:06:29.839 [DIAG] Diagnostica processi...
2026-06-13 16:06:29.843 [DIAG] Generazione raccomandazioni...
2026-06-13 16:06:29.856 [WARN] [medio] Runtime/errore_lettura_snapshot: Errore lettura snapshot: Impossibile convertire la stringa JSON perché un dizionario convertito da tale stringa contiene le chiavi duplicate 'Server' e 'SERVER'.
2026-06-13 16:06:29.891 [OK] Report diagnostica salvato: C:\cellular_speace\reports\manutenzione\correttiva\diagnosi_20260613_160629.json
2026-06-13 16:06:29.910 [OK] Diagnosi Markdown salvata: C:\cellular_speace\data\diagnosi\diagnosi_20260613_160629.md
2026-06-13 16:06:29.974 [DIAG] Diagnostica memoria...
2026-06-13 16:06:30.064 [DIAG] Generazione raccomandazioni...
2026-06-13 16:06:30.085 [OK] Report diagnostica salvato: C:\cellular_speace\reports\manutenzione\correttiva\diagnosi_20260613_160629.json
2026-06-13 16:06:30.093 [OK] Diagnosi Markdown salvata: C:\cellular_speace\data\diagnosi\diagnosi_20260613_160629.md
2026-06-13 16:06:30.343 [DIAG] Diagnostica file...
2026-06-13 16:06:34.311 [DIAG] Diagnostica processi...
2026-06-13 16:06:34.472 [DIAG] Diagnostica log errori...
2026-06-13 16:06:40.362 [ERROR] [critico] Log/errori_recenti: 3315 errori nelle ultime 2 ore
2026-06-13 16:06:40.372 [DIAG] Generazione raccomandazioni...
2026-06-13 16:06:40.392 [FIX] Avvio azioni correttive automatiche...
2026-06-13 16:06:40.396 [INFO] Nessuna azione correttiva automatica disponibile
2026-06-13 16:06:40.400 [OK] Report diagnostica salvato: C:\cellular_speace\reports\manutenzione\correttiva\diagnosi_20260613_160629.json
2026-06-13 16:06:40.404 [OK] Diagnosi Markdown salvata: C:\cellular_speace\data\diagnosi\diagnosi_20260613_160629.md
