2026-06-13 18:57:31.670 [DIAG] Diagnostica runtime...
2026-06-13 18:57:31.726 [ERROR] [alto] Runtime/snapshot_vecchio: Snapshot ha 359min (>30min)
2026-06-13 18:57:32.097 [DIAG] Diagnostica runtime...
2026-06-13 18:57:32.191 [DIAG] Diagnostica runtime...
2026-06-13 18:57:32.225 [WARN] [medio] Runtime/errore_lettura_snapshot: Errore lettura snapshot: Il processo non può accedere al file 'C:\cellular_speace\data\logs\manutenzione\correttiva\diagnostica_20260613_185731.log' perché è in uso da un altro processo.
2026-06-13 18:57:32.281 [ERROR] [alto] Runtime/snapshot_vecchio: Snapshot ha 359min (>30min)
2026-06-13 18:57:32.995 [WARN] [medio] Runtime/errore_lettura_snapshot: Errore lettura snapshot: Impossibile convertire la stringa JSON perché un dizionario convertito da tale stringa contiene le chiavi duplicate 'Server' e 'SERVER'.
2026-06-13 18:57:33.096 [WARN] [medio] Runtime/errore_lettura_snapshot: Errore lettura snapshot: Impossibile convertire la stringa JSON perché un dizionario convertito da tale stringa contiene le chiavi duplicate 'Server' e 'SERVER'.
2026-06-13 18:57:34.563 [DIAG] Diagnostica memoria...
2026-06-13 18:57:35.287 [DIAG] Diagnostica memoria...
2026-06-13 18:57:35.592 [DIAG] Diagnostica memoria...
2026-06-13 18:57:35.754 [DIAG] Diagnostica file...
2026-06-13 18:57:36.165 [DIAG] Diagnostica file...
2026-06-13 18:57:36.413 [DIAG] Diagnostica file...
2026-06-13 18:57:49.847 [DIAG] Diagnostica processi...
2026-06-13 18:57:50.415 [DIAG] Diagnostica log errori...
2026-06-13 18:57:52.339 [DIAG] Diagnostica processi...
2026-06-13 18:57:52.779 [DIAG] Diagnostica log errori...
2026-06-13 18:57:53.626 [DIAG] Diagnostica processi...
2026-06-13 18:57:54.156 [DIAG] Diagnostica log errori...
2026-06-13 18:58:10.460 [ERROR] [critico] Log/errori_recenti: 3303 errori nelle ultime 2 ore
2026-06-13 18:58:11.274 [DIAG] Generazione raccomandazioni...
2026-06-13 18:58:11.724 [FIX] Avvio azioni correttive automatiche...
2026-06-13 18:58:11.784 [INFO] Nessuna azione correttiva automatica disponibile
2026-06-13 18:58:11.823 [OK] Report diagnostica salvato: C:\cellular_speace\reports\manutenzione\correttiva\diagnosi_20260613_185731.json
2026-06-13 18:58:11.947 [OK] Diagnosi Markdown salvata: C:\cellular_speace\data\diagnosi\diagnosi_20260613_185731.md
2026-06-13 18:58:12.015 [ERROR] [critico] Log/errori_recenti: 3301 errori nelle ultime 2 ore
2026-06-13 18:58:12.161 [ERROR] [critico] Log/errori_recenti: 3305 errori nelle ultime 2 ore
2026-06-13 18:58:12.918 [DIAG] Generazione raccomandazioni...
2026-06-13 18:58:12.930 [DIAG] Generazione raccomandazioni...
2026-06-13 18:58:13.329 [FIX] Avvio azioni correttive automatiche...
2026-06-13 18:58:13.374 [INFO] Nessuna azione correttiva automatica disponibile
2026-06-13 18:58:13.412 [OK] Report diagnostica salvato: C:\cellular_speace\reports\manutenzione\correttiva\diagnosi_20260613_185731.json
2026-06-13 18:58:13.465 [OK] Diagnosi Markdown salvata: C:\cellular_speace\data\diagnosi\diagnosi_20260613_185731.md
2026-06-13 18:58:13.479 [FIX] Avvio azioni correttive automatiche...
2026-06-13 18:58:13.534 [INFO] Nessuna azione correttiva automatica disponibile
2026-06-13 18:58:13.697 [OK] Report diagnostica salvato: C:\cellular_speace\reports\manutenzione\correttiva\diagnosi_20260613_185731.json
2026-06-13 18:58:13.744 [OK] Diagnosi Markdown salvata: C:\cellular_speace\data\diagnosi\diagnosi_20260613_185731.md
