2026-06-13 13:36:25.515 [DIAG] Diagnostica processi...
2026-06-13 13:36:25.727 [DIAG] Generazione raccomandazioni...
2026-06-13 13:36:25.763 [OK] Report diagnostica salvato: C:\cellular_speace\reports\manutenzione\correttiva\diagnosi_20260613_133625.json
2026-06-13 13:36:25.788 [OK] Diagnosi Markdown salvata: C:\cellular_speace\data\diagnosi\diagnosi_20260613_133625.md
2026-06-13 13:36:25.820 [DIAG] Diagnostica runtime...
2026-06-13 13:36:25.827 [ERROR] [alto] Runtime/snapshot_vecchio: Snapshot ha 37.9min (>30min)
2026-06-13 13:36:25.888 [WARN] [medio] Runtime/errore_lettura_snapshot: Errore lettura snapshot: Impossibile convertire la stringa JSON perché un dizionario convertito da tale stringa contiene le chiavi duplicate 'Server' e 'SERVER'.
2026-06-13 13:36:25.927 [DIAG] Diagnostica memoria...
2026-06-13 13:36:25.952 [DIAG] Diagnostica processi...
2026-06-13 13:36:26.140 [DIAG] Generazione raccomandazioni...
2026-06-13 13:36:26.206 [OK] Report diagnostica salvato: C:\cellular_speace\reports\manutenzione\correttiva\diagnosi_20260613_133625.json
2026-06-13 13:36:26.212 [OK] Diagnosi Markdown salvata: C:\cellular_speace\data\diagnosi\diagnosi_20260613_133625.md
2026-06-13 13:36:26.345 [DIAG] Diagnostica file...
2026-06-13 13:36:30.476 [DIAG] Diagnostica processi...
2026-06-13 13:36:30.704 [DIAG] Diagnostica log errori...
2026-06-13 13:36:33.471 [ERROR] [critico] Log/errori_recenti: 1529 errori nelle ultime 2 ore
2026-06-13 13:36:33.484 [DIAG] Generazione raccomandazioni...
2026-06-13 13:36:33.512 [FIX] Avvio azioni correttive automatiche...
2026-06-13 13:36:33.514 [INFO] Nessuna azione correttiva automatica disponibile
2026-06-13 13:36:33.521 [OK] Report diagnostica salvato: C:\cellular_speace\reports\manutenzione\correttiva\diagnosi_20260613_133625.json
2026-06-13 13:36:33.525 [OK] Diagnosi Markdown salvata: C:\cellular_speace\data\diagnosi\diagnosi_20260613_133625.md
