2026-06-13 14:24:22.074 [DIAG] Diagnostica processi...
2026-06-13 14:24:22.139 [DIAG] Diagnostica processi...
2026-06-13 14:24:22.196 [DIAG] Diagnostica runtime...
2026-06-13 14:24:22.209 [ERROR] [alto] Runtime/snapshot_vecchio: Snapshot ha 85.8min (>30min)
2026-06-13 14:24:22.250 [WARN] [medio] Runtime/errore_lettura_snapshot: Errore lettura snapshot: Impossibile convertire la stringa JSON perché un dizionario convertito da tale stringa contiene le chiavi duplicate 'Server' e 'SERVER'.
2026-06-13 14:24:22.288 [DIAG] Diagnostica memoria...
2026-06-13 14:24:22.308 [DIAG] Generazione raccomandazioni...
2026-06-13 14:24:22.337 [OK] Report diagnostica salvato: C:\cellular_speace\reports\manutenzione\correttiva\diagnosi_20260613_142422.json
2026-06-13 14:24:22.351 [OK] Diagnosi Markdown salvata: C:\cellular_speace\data\diagnosi\diagnosi_20260613_142422.md
2026-06-13 14:24:22.358 [DIAG] Generazione raccomandazioni...
2026-06-13 14:24:22.394 [DIAG] Diagnostica runtime...
2026-06-13 14:24:22.396 [OK] Report diagnostica salvato: C:\cellular_speace\reports\manutenzione\correttiva\diagnosi_20260613_142422.json
2026-06-13 14:24:22.404 [OK] Diagnosi Markdown salvata: C:\cellular_speace\data\diagnosi\diagnosi_20260613_142422.md
2026-06-13 14:24:22.424 [WARN] [medio] Runtime/errore_lettura_snapshot: Errore lettura snapshot: Il processo non può accedere al file 'C:\cellular_speace\data\logs\manutenzione\correttiva\diagnostica_20260613_142422.log' perché è in uso da un altro processo.
2026-06-13 14:24:22.440 [DIAG] Diagnostica memoria...
2026-06-13 14:24:22.677 [DIAG] Diagnostica file...
2026-06-13 14:24:22.798 [DIAG] Diagnostica file...
2026-06-13 14:24:26.794 [DIAG] Diagnostica processi...
2026-06-13 14:24:26.946 [DIAG] Diagnostica processi...
2026-06-13 14:24:26.977 [DIAG] Diagnostica log errori...
2026-06-13 14:24:27.114 [DIAG] Diagnostica log errori...
2026-06-13 14:24:32.298 [ERROR] [critico] Log/errori_recenti: 2842 errori nelle ultime 2 ore
2026-06-13 14:24:32.308 [DIAG] Generazione raccomandazioni...
2026-06-13 14:24:32.330 [ERROR] [critico] Log/errori_recenti: 2842 errori nelle ultime 2 ore
2026-06-13 14:24:32.333 [FIX] Avvio azioni correttive automatiche...
2026-06-13 14:24:32.333 [INFO] Nessuna azione correttiva automatica disponibile
2026-06-13 14:24:32.344 [DIAG] Generazione raccomandazioni...
2026-06-13 14:24:32.344 [OK] Report diagnostica salvato: C:\cellular_speace\reports\manutenzione\correttiva\diagnosi_20260613_142422.json
2026-06-13 14:24:32.346 [OK] Diagnosi Markdown salvata: C:\cellular_speace\data\diagnosi\diagnosi_20260613_142422.md
2026-06-13 14:24:32.357 [FIX] Avvio azioni correttive automatiche...
2026-06-13 14:24:32.373 [INFO] Nessuna azione correttiva automatica disponibile
2026-06-13 14:24:32.373 [OK] Report diagnostica salvato: C:\cellular_speace\reports\manutenzione\correttiva\diagnosi_20260613_142422.json
2026-06-13 14:24:32.386 [OK] Diagnosi Markdown salvata: C:\cellular_speace\data\diagnosi\diagnosi_20260613_142422.md
