2026-06-13 14:08:49.294 [DIAG] Diagnostica processi...
2026-06-13 14:08:49.600 [DIAG] Generazione raccomandazioni...
2026-06-13 14:08:49.739 [OK] Report diagnostica salvato: C:\cellular_speace\reports\manutenzione\correttiva\diagnosi_20260613_140849.json
2026-06-13 14:08:49.763 [OK] Diagnosi Markdown salvata: C:\cellular_speace\data\diagnosi\diagnosi_20260613_140849.md
2026-06-13 14:08:49.830 [DIAG] Diagnostica processi...
2026-06-13 14:08:49.849 [ERROR] ERRORE FATALE: Il processo non può accedere al file 'C:\cellular_speace\data\logs\manutenzione\correttiva\diagnostica_20260613_140849.log' perché è in uso da un altro processo.
2026-06-13 14:08:50.005 [DIAG] Diagnostica runtime...
2026-06-13 14:08:50.098 [ERROR] [alto] Runtime/snapshot_vecchio: Snapshot ha 70.3min (>30min)
2026-06-13 14:08:50.218 [DIAG] Generazione raccomandazioni...
2026-06-13 14:08:50.612 [OK] Report diagnostica salvato: C:\cellular_speace\reports\manutenzione\correttiva\diagnosi_20260613_140849.json
2026-06-13 14:08:50.679 [OK] Diagnosi Markdown salvata: C:\cellular_speace\data\diagnosi\diagnosi_20260613_140849.md
2026-06-13 14:08:50.807 [WARN] [medio] Runtime/errore_lettura_snapshot: Errore lettura snapshot: Impossibile convertire la stringa JSON perché un dizionario convertito da tale stringa contiene le chiavi duplicate 'Server' e 'SERVER'.
2026-06-13 14:08:51.779 [DIAG] Diagnostica memoria...
2026-06-13 14:08:52.453 [DIAG] Diagnostica file...
2026-06-13 14:08:58.466 [DIAG] Diagnostica processi...
2026-06-13 14:08:58.902 [DIAG] Diagnostica log errori...
2026-06-13 14:09:08.688 [ERROR] [critico] Log/errori_recenti: 2479 errori nelle ultime 2 ore
2026-06-13 14:09:09.515 [DIAG] Generazione raccomandazioni...
2026-06-13 14:09:10.233 [FIX] Avvio azioni correttive automatiche...
2026-06-13 14:09:10.263 [INFO] Nessuna azione correttiva automatica disponibile
2026-06-13 14:09:10.443 [OK] Report diagnostica salvato: C:\cellular_speace\reports\manutenzione\correttiva\diagnosi_20260613_140849.json
2026-06-13 14:09:10.650 [OK] Diagnosi Markdown salvata: C:\cellular_speace\data\diagnosi\diagnosi_20260613_140849.md
