2026-06-13 15:09:49.251 [DIAG] Diagnostica processi...
2026-06-13 15:09:49.329 [DIAG] Diagnostica processi...
2026-06-13 15:09:49.606 [DIAG] Generazione raccomandazioni...
2026-06-13 15:09:49.685 [DIAG] Generazione raccomandazioni...
2026-06-13 15:09:49.786 [OK] Report diagnostica salvato: C:\cellular_speace\reports\manutenzione\correttiva\diagnosi_20260613_150949.json
2026-06-13 15:09:49.816 [OK] Diagnosi Markdown salvata: C:\cellular_speace\data\diagnosi\diagnosi_20260613_150949.md
2026-06-13 15:09:49.909 [OK] Report diagnostica salvato: C:\cellular_speace\reports\manutenzione\correttiva\diagnosi_20260613_150949.json
2026-06-13 15:09:49.925 [OK] Diagnosi Markdown salvata: C:\cellular_speace\data\diagnosi\diagnosi_20260613_150949.md
2026-06-13 15:09:50.045 [DIAG] Diagnostica runtime...
2026-06-13 15:09:50.122 [ERROR] [alto] Runtime/snapshot_vecchio: Snapshot ha 131.3min (>30min)
2026-06-13 15:09:50.554 [WARN] [medio] Runtime/errore_lettura_snapshot: Errore lettura snapshot: Impossibile convertire la stringa JSON perché un dizionario convertito da tale stringa contiene le chiavi duplicate 'Server' e 'SERVER'.
2026-06-13 15:09:51.962 [DIAG] Diagnostica memoria...
2026-06-13 15:09:52.610 [DIAG] Diagnostica file...
2026-06-13 15:09:58.501 [DIAG] Diagnostica processi...
2026-06-13 15:09:58.879 [DIAG] Diagnostica log errori...
2026-06-13 15:10:11.579 [ERROR] [critico] Log/errori_recenti: 3666 errori nelle ultime 2 ore
2026-06-13 15:10:11.799 [DIAG] Generazione raccomandazioni...
2026-06-13 15:10:11.860 [FIX] Avvio azioni correttive automatiche...
2026-06-13 15:10:11.912 [INFO] Nessuna azione correttiva automatica disponibile
2026-06-13 15:10:11.937 [OK] Report diagnostica salvato: C:\cellular_speace\reports\manutenzione\correttiva\diagnosi_20260613_150949.json
2026-06-13 15:10:11.979 [OK] Diagnosi Markdown salvata: C:\cellular_speace\data\diagnosi\diagnosi_20260613_150949.md
