2026-06-13 18:51:41.261 [DIAG] Diagnostica processi...
2026-06-13 18:51:41.380 [DIAG] Generazione raccomandazioni...
2026-06-13 18:51:41.394 [OK] Report diagnostica salvato: C:\cellular_speace\reports\manutenzione\correttiva\diagnosi_20260613_185141.json
2026-06-13 18:51:41.396 [OK] Diagnosi Markdown salvata: C:\cellular_speace\data\diagnosi\diagnosi_20260613_185141.md
2026-06-13 18:51:41.415 [DIAG] Diagnostica runtime...
2026-06-13 18:51:41.423 [ERROR] [alto] Runtime/snapshot_vecchio: Snapshot ha 353.1min (>30min)
2026-06-13 18:51:41.444 [WARN] [medio] Runtime/errore_lettura_snapshot: Errore lettura snapshot: Impossibile convertire la stringa JSON perché un dizionario convertito da tale stringa contiene le chiavi duplicate 'Server' e 'SERVER'.
2026-06-13 18:51:41.455 [DIAG] Diagnostica memoria...
2026-06-13 18:51:41.508 [DIAG] Diagnostica processi...
2026-06-13 18:51:41.609 [DIAG] Generazione raccomandazioni...
2026-06-13 18:51:41.633 [OK] Report diagnostica salvato: C:\cellular_speace\reports\manutenzione\correttiva\diagnosi_20260613_185141.json
2026-06-13 18:51:41.633 [OK] Diagnosi Markdown salvata: C:\cellular_speace\data\diagnosi\diagnosi_20260613_185141.md
2026-06-13 18:51:41.689 [DIAG] Diagnostica file...
2026-06-13 18:51:44.772 [DIAG] Diagnostica processi...
2026-06-13 18:51:44.899 [DIAG] Diagnostica log errori...
2026-06-13 18:51:49.326 [ERROR] [critico] Log/errori_recenti: 3325 errori nelle ultime 2 ore
2026-06-13 18:51:49.326 [DIAG] Generazione raccomandazioni...
2026-06-13 18:51:49.342 [FIX] Avvio azioni correttive automatiche...
2026-06-13 18:51:49.342 [INFO] Nessuna azione correttiva automatica disponibile
2026-06-13 18:51:49.348 [OK] Report diagnostica salvato: C:\cellular_speace\reports\manutenzione\correttiva\diagnosi_20260613_185141.json
2026-06-13 18:51:49.349 [OK] Diagnosi Markdown salvata: C:\cellular_speace\data\diagnosi\diagnosi_20260613_185141.md
