2026-06-13 17:01:46.678 [DIAG] Diagnostica processi...
2026-06-13 17:01:46.757 [DIAG] Diagnostica runtime...
2026-06-13 17:01:46.787 [DIAG] Diagnostica processi...
2026-06-13 17:01:46.856 [ERROR] [alto] Runtime/snapshot_vecchio: Snapshot ha 243.2min (>30min)
2026-06-13 17:01:46.964 [DIAG] Generazione raccomandazioni...
2026-06-13 17:01:47.146 [DIAG] Generazione raccomandazioni...
2026-06-13 17:01:47.309 [OK] Report diagnostica salvato: C:\cellular_speace\reports\manutenzione\correttiva\diagnosi_20260613_170146.json
2026-06-13 17:01:47.343 [OK] Diagnosi Markdown salvata: C:\cellular_speace\data\diagnosi\diagnosi_20260613_170146.md
2026-06-13 17:01:47.408 [WARN] [medio] Runtime/errore_lettura_snapshot: Errore lettura snapshot: Impossibile convertire la stringa JSON perché un dizionario convertito da tale stringa contiene le chiavi duplicate 'Server' e 'SERVER'.
2026-06-13 17:01:47.536 [OK] Report diagnostica salvato: C:\cellular_speace\reports\manutenzione\correttiva\diagnosi_20260613_170146.json
2026-06-13 17:01:47.577 [OK] Diagnosi Markdown salvata: C:\cellular_speace\data\diagnosi\diagnosi_20260613_170146.md
2026-06-13 17:01:48.229 [DIAG] Diagnostica memoria...
2026-06-13 17:01:48.737 [DIAG] Diagnostica file...
2026-06-13 17:01:55.729 [DIAG] Diagnostica processi...
2026-06-13 17:01:56.089 [DIAG] Diagnostica log errori...
2026-06-13 17:02:08.878 [ERROR] [critico] Log/errori_recenti: 3391 errori nelle ultime 2 ore
2026-06-13 17:02:09.300 [DIAG] Generazione raccomandazioni...
2026-06-13 17:02:09.769 [FIX] Avvio azioni correttive automatiche...
2026-06-13 17:02:09.802 [INFO] Nessuna azione correttiva automatica disponibile
2026-06-13 17:02:09.890 [OK] Report diagnostica salvato: C:\cellular_speace\reports\manutenzione\correttiva\diagnosi_20260613_170146.json
2026-06-13 17:02:10.011 [OK] Diagnosi Markdown salvata: C:\cellular_speace\data\diagnosi\diagnosi_20260613_170146.md
