2026-06-13 15:07:40.259 [DIAG] Diagnostica runtime...
2026-06-13 15:07:40.277 [ERROR] [alto] Runtime/snapshot_vecchio: Snapshot ha 129.1min (>30min)
2026-06-13 15:07:40.460 [DIAG] Diagnostica processi...
2026-06-13 15:07:40.770 [DIAG] Generazione raccomandazioni...
2026-06-13 15:07:40.898 [OK] Report diagnostica salvato: C:\cellular_speace\reports\manutenzione\correttiva\diagnosi_20260613_150740.json
2026-06-13 15:07:40.919 [WARN] [medio] Runtime/errore_lettura_snapshot: Errore lettura snapshot: Impossibile convertire la stringa JSON perché un dizionario convertito da tale stringa contiene le chiavi duplicate 'Server' e 'SERVER'.
2026-06-13 15:07:40.935 [OK] Diagnosi Markdown salvata: C:\cellular_speace\data\diagnosi\diagnosi_20260613_150740.md
2026-06-13 15:07:40.965 [DIAG] Diagnostica processi...
2026-06-13 15:07:41.054 [DIAG] Diagnostica memoria...
2026-06-13 15:07:41.278 [DIAG] Generazione raccomandazioni...
2026-06-13 15:07:41.417 [OK] Report diagnostica salvato: C:\cellular_speace\reports\manutenzione\correttiva\diagnosi_20260613_150740.json
2026-06-13 15:07:41.433 [OK] Diagnosi Markdown salvata: C:\cellular_speace\data\diagnosi\diagnosi_20260613_150740.md
2026-06-13 15:07:41.597 [DIAG] Diagnostica file...
2026-06-13 15:07:47.260 [DIAG] Diagnostica processi...
2026-06-13 15:07:47.556 [DIAG] Diagnostica log errori...
2026-06-13 15:08:01.491 [ERROR] [critico] Log/errori_recenti: 3661 errori nelle ultime 2 ore
2026-06-13 15:08:02.110 [DIAG] Generazione raccomandazioni...
2026-06-13 15:08:02.518 [FIX] Avvio azioni correttive automatiche...
2026-06-13 15:08:02.613 [INFO] Nessuna azione correttiva automatica disponibile
2026-06-13 15:08:02.644 [OK] Report diagnostica salvato: C:\cellular_speace\reports\manutenzione\correttiva\diagnosi_20260613_150740.json
2026-06-13 15:08:02.662 [OK] Diagnosi Markdown salvata: C:\cellular_speace\data\diagnosi\diagnosi_20260613_150740.md
