2026-06-13 13:23:54.189 [DIAG] Diagnostica processi...
2026-06-13 13:23:54.454 [DIAG] Generazione raccomandazioni...
2026-06-13 13:23:54.499 [OK] Report diagnostica salvato: C:\cellular_speace\reports\manutenzione\correttiva\diagnosi_20260613_132354.json
2026-06-13 13:23:54.507 [OK] Diagnosi Markdown salvata: C:\cellular_speace\data\diagnosi\diagnosi_20260613_132354.md
2026-06-13 13:23:54.554 [DIAG] Diagnostica runtime...
2026-06-13 13:23:54.646 [WARN] [medio] Runtime/errore_lettura_snapshot: Errore lettura snapshot: Impossibile convertire la stringa JSON perché un dizionario convertito da tale stringa contiene le chiavi duplicate 'Server' e 'SERVER'.
2026-06-13 13:23:54.687 [DIAG] Diagnostica processi...
2026-06-13 13:23:54.775 [DIAG] Diagnostica memoria...
2026-06-13 13:23:54.945 [DIAG] Generazione raccomandazioni...
2026-06-13 13:23:55.006 [OK] Report diagnostica salvato: C:\cellular_speace\reports\manutenzione\correttiva\diagnosi_20260613_132354.json
2026-06-13 13:23:55.016 [OK] Diagnosi Markdown salvata: C:\cellular_speace\data\diagnosi\diagnosi_20260613_132354.md
2026-06-13 13:23:55.250 [DIAG] Diagnostica file...
2026-06-13 13:23:59.306 [DIAG] Diagnostica processi...
2026-06-13 13:23:59.525 [DIAG] Diagnostica log errori...
2026-06-13 13:24:01.259 [ERROR] [critico] Log/errori_recenti: 1171 errori nelle ultime 2 ore
2026-06-13 13:24:01.272 [DIAG] Generazione raccomandazioni...
2026-06-13 13:24:01.309 [FIX] Avvio azioni correttive automatiche...
2026-06-13 13:24:01.313 [INFO] Nessuna azione correttiva automatica disponibile
2026-06-13 13:24:01.319 [OK] Report diagnostica salvato: C:\cellular_speace\reports\manutenzione\correttiva\diagnosi_20260613_132354.json
2026-06-13 13:24:01.327 [OK] Diagnosi Markdown salvata: C:\cellular_speace\data\diagnosi\diagnosi_20260613_132354.md
