2026-06-13 16:46:12.540 [DIAG] Diagnostica runtime...
2026-06-13 16:46:12.557 [DIAG] Diagnostica processi...
2026-06-13 16:46:12.589 [ERROR] [alto] Runtime/snapshot_vecchio: Snapshot ha 227.7min (>30min)
2026-06-13 16:46:12.658 [DIAG] Diagnostica processi...
2026-06-13 16:46:12.860 [DIAG] Diagnostica processi...
2026-06-13 16:46:12.954 [DIAG] Generazione raccomandazioni...
2026-06-13 16:46:13.004 [DIAG] Diagnostica processi...
2026-06-13 16:46:13.048 [DIAG] Generazione raccomandazioni...
2026-06-13 16:46:13.323 [DIAG] Generazione raccomandazioni...
2026-06-13 16:46:13.391 [DIAG] Generazione raccomandazioni...
2026-06-13 16:46:13.409 [OK] Report diagnostica salvato: C:\cellular_speace\reports\manutenzione\correttiva\diagnosi_20260613_164612.json
2026-06-13 16:46:13.444 [OK] Diagnosi Markdown salvata: C:\cellular_speace\data\diagnosi\diagnosi_20260613_164612.md
2026-06-13 16:46:13.513 [WARN] [medio] Runtime/errore_lettura_snapshot: Errore lettura snapshot: Impossibile convertire la stringa JSON perché un dizionario convertito da tale stringa contiene le chiavi duplicate 'Server' e 'SERVER'.
2026-06-13 16:46:13.621 [OK] Report diagnostica salvato: C:\cellular_speace\reports\manutenzione\correttiva\diagnosi_20260613_164612.json
2026-06-13 16:46:13.655 [OK] Report diagnostica salvato: C:\cellular_speace\reports\manutenzione\correttiva\diagnosi_20260613_164612.json
2026-06-13 16:46:13.677 [OK] Diagnosi Markdown salvata: C:\cellular_speace\data\diagnosi\diagnosi_20260613_164612.md
2026-06-13 16:46:13.937 [OK] Report diagnostica salvato: C:\cellular_speace\reports\manutenzione\correttiva\diagnosi_20260613_164612.json
2026-06-13 16:46:13.989 [OK] Diagnosi Markdown salvata: C:\cellular_speace\data\diagnosi\diagnosi_20260613_164612.md
2026-06-13 16:46:14.962 [DIAG] Diagnostica memoria...
2026-06-13 16:46:15.718 [DIAG] Diagnostica file...
2026-06-13 16:46:21.481 [DIAG] Diagnostica processi...
2026-06-13 16:46:21.825 [DIAG] Diagnostica log errori...
2026-06-13 16:46:35.656 [ERROR] [critico] Log/errori_recenti: 3349 errori nelle ultime 2 ore
2026-06-13 16:46:36.220 [DIAG] Generazione raccomandazioni...
2026-06-13 16:46:36.635 [FIX] Avvio azioni correttive automatiche...
2026-06-13 16:46:36.657 [INFO] Nessuna azione correttiva automatica disponibile
2026-06-13 16:46:36.679 [OK] Report diagnostica salvato: C:\cellular_speace\reports\manutenzione\correttiva\diagnosi_20260613_164612.json
2026-06-13 16:46:36.722 [OK] Diagnosi Markdown salvata: C:\cellular_speace\data\diagnosi\diagnosi_20260613_164612.md
