2026-06-13 17:00:45.066 [DIAG] Diagnostica runtime...
2026-06-13 17:00:45.071 [ERROR] [alto] Runtime/snapshot_vecchio: Snapshot ha 242.2min (>30min)
2026-06-13 17:00:45.112 [WARN] [medio] Runtime/errore_lettura_snapshot: Errore lettura snapshot: Impossibile convertire la stringa JSON perché un dizionario convertito da tale stringa contiene le chiavi duplicate 'Server' e 'SERVER'.
2026-06-13 17:00:45.145 [DIAG] Diagnostica memoria...
2026-06-13 17:00:45.526 [DIAG] Diagnostica file...
2026-06-13 17:00:45.621 [DIAG] Diagnostica processi...
2026-06-13 17:00:45.821 [DIAG] Generazione raccomandazioni...
2026-06-13 17:00:45.852 [OK] Report diagnostica salvato: C:\cellular_speace\reports\manutenzione\correttiva\diagnosi_20260613_170045.json
2026-06-13 17:00:45.858 [OK] Diagnosi Markdown salvata: C:\cellular_speace\data\diagnosi\diagnosi_20260613_170045.md
2026-06-13 17:00:45.888 [DIAG] Diagnostica runtime...
2026-06-13 17:00:45.892 [ERROR] [alto] Runtime/snapshot_vecchio: Snapshot ha 242.2min (>30min)
2026-06-13 17:00:45.917 [WARN] [medio] Runtime/errore_lettura_snapshot: Errore lettura snapshot: Impossibile convertire la stringa JSON perché un dizionario convertito da tale stringa contiene le chiavi duplicate 'Server' e 'SERVER'.
2026-06-13 17:00:45.932 [DIAG] Diagnostica memoria...
2026-06-13 17:00:46.329 [DIAG] Diagnostica file...
2026-06-13 17:00:49.612 [DIAG] Diagnostica processi...
2026-06-13 17:00:49.792 [DIAG] Diagnostica log errori...
2026-06-13 17:00:50.661 [DIAG] Diagnostica processi...
2026-06-13 17:00:50.839 [DIAG] Diagnostica log errori...
2026-06-13 17:00:56.868 [ERROR] [critico] Log/errori_recenti: 3402 errori nelle ultime 2 ore
2026-06-13 17:00:56.874 [DIAG] Generazione raccomandazioni...
2026-06-13 17:00:56.902 [FIX] Avvio azioni correttive automatiche...
2026-06-13 17:00:56.905 [INFO] Nessuna azione correttiva automatica disponibile
2026-06-13 17:00:56.913 [OK] Report diagnostica salvato: C:\cellular_speace\reports\manutenzione\correttiva\diagnosi_20260613_170045.json
2026-06-13 17:00:56.919 [OK] Diagnosi Markdown salvata: C:\cellular_speace\data\diagnosi\diagnosi_20260613_170045.md
2026-06-13 17:00:57.381 [ERROR] [critico] Log/errori_recenti: 3404 errori nelle ultime 2 ore
2026-06-13 17:00:57.392 [DIAG] Generazione raccomandazioni...
2026-06-13 17:00:57.411 [FIX] Avvio azioni correttive automatiche...
2026-06-13 17:00:57.415 [INFO] Nessuna azione correttiva automatica disponibile
2026-06-13 17:00:57.417 [OK] Report diagnostica salvato: C:\cellular_speace\reports\manutenzione\correttiva\diagnosi_20260613_170045.json
2026-06-13 17:00:57.425 [OK] Diagnosi Markdown salvata: C:\cellular_speace\data\diagnosi\diagnosi_20260613_170045.md
