2026-06-13 15:47:48.345 [DIAG] Diagnostica runtime...
2026-06-13 15:47:48.400 [ERROR] [alto] Runtime/snapshot_vecchio: Snapshot ha 169.3min (>30min)
2026-06-13 15:47:49.468 [DIAG] Diagnostica runtime...
2026-06-13 15:47:49.567 [ERROR] [alto] Runtime/snapshot_vecchio: Snapshot ha 169.3min (>30min)
2026-06-13 15:47:50.583 [WARN] [medio] Runtime/errore_lettura_snapshot: Errore lettura snapshot: Impossibile convertire la stringa JSON perché un dizionario convertito da tale stringa contiene le chiavi duplicate 'Server' e 'SERVER'.
2026-06-13 15:47:51.146 [WARN] [medio] Runtime/errore_lettura_snapshot: Errore lettura snapshot: Impossibile convertire la stringa JSON perché un dizionario convertito da tale stringa contiene le chiavi duplicate 'Server' e 'SERVER'.
2026-06-13 15:47:52.167 [DIAG] Diagnostica memoria...
2026-06-13 15:47:52.905 [DIAG] Diagnostica memoria...
2026-06-13 15:47:52.962 [DIAG] Diagnostica file...
2026-06-13 15:47:53.704 [DIAG] Diagnostica file...
2026-06-13 15:48:01.924 [DIAG] Diagnostica processi...
2026-06-13 15:48:02.309 [DIAG] Diagnostica processi...
2026-06-13 15:48:02.429 [DIAG] Diagnostica log errori...
2026-06-13 15:48:02.700 [DIAG] Diagnostica log errori...
2026-06-13 15:48:19.443 [ERROR] [critico] Log/errori_recenti: 3424 errori nelle ultime 2 ore
2026-06-13 15:48:19.946 [DIAG] Generazione raccomandazioni...
2026-06-13 15:48:20.198 [ERROR] [critico] Log/errori_recenti: 3425 errori nelle ultime 2 ore
2026-06-13 15:48:20.227 [FIX] Avvio azioni correttive automatiche...
2026-06-13 15:48:20.257 [INFO] Nessuna azione correttiva automatica disponibile
2026-06-13 15:48:20.384 [OK] Report diagnostica salvato: C:\cellular_speace\reports\manutenzione\correttiva\diagnosi_20260613_154747.json
2026-06-13 15:48:20.409 [OK] Diagnosi Markdown salvata: C:\cellular_speace\data\diagnosi\diagnosi_20260613_154747.md
2026-06-13 15:48:20.492 [DIAG] Generazione raccomandazioni...
2026-06-13 15:48:20.651 [FIX] Avvio azioni correttive automatiche...
2026-06-13 15:48:20.659 [INFO] Nessuna azione correttiva automatica disponibile
2026-06-13 15:48:20.673 [OK] Report diagnostica salvato: C:\cellular_speace\reports\manutenzione\correttiva\diagnosi_20260613_154747.json
2026-06-13 15:48:20.685 [OK] Diagnosi Markdown salvata: C:\cellular_speace\data\diagnosi\diagnosi_20260613_154747.md
