2026-06-13 17:13:55.464 [DIAG] Diagnostica processi...
2026-06-13 17:13:55.751 [DIAG] Generazione raccomandazioni...
2026-06-13 17:13:55.880 [OK] Report diagnostica salvato: C:\cellular_speace\reports\manutenzione\correttiva\diagnosi_20260613_171355.json
2026-06-13 17:13:55.893 [DIAG] Diagnostica processi...
2026-06-13 17:13:55.901 [OK] Diagnosi Markdown salvata: C:\cellular_speace\data\diagnosi\diagnosi_20260613_171355.md
2026-06-13 17:13:56.055 [DIAG] Diagnostica runtime...
2026-06-13 17:13:56.120 [ERROR] [alto] Runtime/snapshot_vecchio: Snapshot ha 255.4min (>30min)
2026-06-13 17:13:56.285 [DIAG] Generazione raccomandazioni...
2026-06-13 17:13:56.341 [WARN] [medio] Runtime/errore_lettura_snapshot: Errore lettura snapshot: Impossibile convertire la stringa JSON perché un dizionario convertito da tale stringa contiene le chiavi duplicate 'Server' e 'SERVER'.
2026-06-13 17:13:56.356 [OK] Report diagnostica salvato: C:\cellular_speace\reports\manutenzione\correttiva\diagnosi_20260613_171355.json
2026-06-13 17:13:56.384 [OK] Diagnosi Markdown salvata: C:\cellular_speace\data\diagnosi\diagnosi_20260613_171355.md
2026-06-13 17:13:56.747 [DIAG] Diagnostica memoria...
2026-06-13 17:13:57.285 [DIAG] Diagnostica file...
2026-06-13 17:14:03.241 [DIAG] Diagnostica processi...
2026-06-13 17:14:03.470 [DIAG] Diagnostica log errori...
2026-06-13 17:14:15.092 [ERROR] [critico] Log/errori_recenti: 3371 errori nelle ultime 2 ore
2026-06-13 17:14:15.380 [DIAG] Generazione raccomandazioni...
2026-06-13 17:14:15.636 [FIX] Avvio azioni correttive automatiche...
2026-06-13 17:14:15.650 [INFO] Nessuna azione correttiva automatica disponibile
2026-06-13 17:14:15.683 [OK] Report diagnostica salvato: C:\cellular_speace\reports\manutenzione\correttiva\diagnosi_20260613_171355.json
2026-06-13 17:14:15.700 [OK] Diagnosi Markdown salvata: C:\cellular_speace\data\diagnosi\diagnosi_20260613_171355.md
