2026-06-13 13:32:47.208 [DIAG] Diagnostica processi...
2026-06-13 13:32:47.328 [DIAG] Diagnostica processi...
2026-06-13 13:32:47.404 [DIAG] Generazione raccomandazioni...
2026-06-13 13:32:47.422 [OK] Report diagnostica salvato: C:\cellular_speace\reports\manutenzione\correttiva\diagnosi_20260613_133247.json
2026-06-13 13:32:47.422 [OK] Diagnosi Markdown salvata: C:\cellular_speace\data\diagnosi\diagnosi_20260613_133247.md
2026-06-13 13:32:47.455 [DIAG] Diagnostica runtime...
2026-06-13 13:32:47.462 [ERROR] [alto] Runtime/snapshot_vecchio: Snapshot ha 34.2min (>30min)
2026-06-13 13:32:47.495 [WARN] [medio] Runtime/errore_lettura_snapshot: Errore lettura snapshot: Impossibile convertire la stringa JSON perché un dizionario convertito da tale stringa contiene le chiavi duplicate 'Server' e 'SERVER'.
2026-06-13 13:32:47.495 [DIAG] Generazione raccomandazioni...
2026-06-13 13:32:47.510 [DIAG] Diagnostica memoria...
2026-06-13 13:32:47.522 [OK] Report diagnostica salvato: C:\cellular_speace\reports\manutenzione\correttiva\diagnosi_20260613_133247.json
2026-06-13 13:32:47.529 [OK] Diagnosi Markdown salvata: C:\cellular_speace\data\diagnosi\diagnosi_20260613_133247.md
2026-06-13 13:32:47.842 [DIAG] Diagnostica file...
2026-06-13 13:32:51.015 [DIAG] Diagnostica processi...
2026-06-13 13:32:51.204 [DIAG] Diagnostica log errori...
2026-06-13 13:32:53.182 [ERROR] [critico] Log/errori_recenti: 1409 errori nelle ultime 2 ore
2026-06-13 13:32:53.190 [DIAG] Generazione raccomandazioni...
2026-06-13 13:32:53.206 [FIX] Avvio azioni correttive automatiche...
2026-06-13 13:32:53.222 [INFO] Nessuna azione correttiva automatica disponibile
2026-06-13 13:32:53.227 [OK] Report diagnostica salvato: C:\cellular_speace\reports\manutenzione\correttiva\diagnosi_20260613_133247.json
2026-06-13 13:32:53.233 [OK] Diagnosi Markdown salvata: C:\cellular_speace\data\diagnosi\diagnosi_20260613_133247.md
