2026-06-13 19:10:11.052 [DIAG] Diagnostica processi...
2026-06-13 19:10:11.136 [DIAG] Generazione raccomandazioni...
2026-06-13 19:10:11.148 [OK] Report diagnostica salvato: C:\cellular_speace\reports\manutenzione\correttiva\diagnosi_20260613_191011.json
2026-06-13 19:10:11.151 [OK] Diagnosi Markdown salvata: C:\cellular_speace\data\diagnosi\diagnosi_20260613_191011.md
2026-06-13 19:10:11.165 [DIAG] Diagnostica runtime...
2026-06-13 19:10:11.165 [ERROR] [alto] Runtime/snapshot_vecchio: Snapshot ha 371.6min (>30min)
2026-06-13 19:10:11.192 [WARN] [medio] Runtime/errore_lettura_snapshot: Errore lettura snapshot: Impossibile convertire la stringa JSON perché un dizionario convertito da tale stringa contiene le chiavi duplicate 'Server' e 'SERVER'.
2026-06-13 19:10:11.201 [DIAG] Diagnostica memoria...
2026-06-13 19:10:11.278 [DIAG] Diagnostica processi...
2026-06-13 19:10:11.363 [DIAG] Generazione raccomandazioni...
2026-06-13 19:10:11.370 [OK] Report diagnostica salvato: C:\cellular_speace\reports\manutenzione\correttiva\diagnosi_20260613_191011.json
2026-06-13 19:10:11.378 [OK] Diagnosi Markdown salvata: C:\cellular_speace\data\diagnosi\diagnosi_20260613_191011.md
2026-06-13 19:10:11.389 [DIAG] Diagnostica file...
2026-06-13 19:10:11.389 [DIAG] Diagnostica runtime...
2026-06-13 19:10:11.402 [ERROR] [alto] Runtime/snapshot_vecchio: Snapshot ha 371.6min (>30min)
2026-06-13 19:10:11.434 [WARN] [medio] Runtime/errore_lettura_snapshot: Errore lettura snapshot: Impossibile convertire la stringa JSON perché un dizionario convertito da tale stringa contiene le chiavi duplicate 'Server' e 'SERVER'.
2026-06-13 19:10:11.446 [DIAG] Diagnostica memoria...
2026-06-13 19:10:11.616 [DIAG] Diagnostica file...
2026-06-13 19:10:14.314 [DIAG] Diagnostica processi...
2026-06-13 19:10:14.405 [DIAG] Diagnostica log errori...
2026-06-13 19:10:14.639 [DIAG] Diagnostica processi...
2026-06-13 19:10:14.716 [DIAG] Diagnostica log errori...
2026-06-13 19:10:18.890 [ERROR] [critico] Log/errori_recenti: 3095 errori nelle ultime 2 ore
2026-06-13 19:10:18.895 [DIAG] Generazione raccomandazioni...
2026-06-13 19:10:18.910 [FIX] Avvio azioni correttive automatiche...
2026-06-13 19:10:18.910 [INFO] Nessuna azione correttiva automatica disponibile
2026-06-13 19:10:18.915 [OK] Report diagnostica salvato: C:\cellular_speace\reports\manutenzione\correttiva\diagnosi_20260613_191011.json
2026-06-13 19:10:18.915 [OK] Diagnosi Markdown salvata: C:\cellular_speace\data\diagnosi\diagnosi_20260613_191011.md
2026-06-13 19:10:19.284 [ERROR] [critico] Log/errori_recenti: 3096 errori nelle ultime 2 ore
2026-06-13 19:10:19.290 [DIAG] Generazione raccomandazioni...
2026-06-13 19:10:19.309 [FIX] Avvio azioni correttive automatiche...
2026-06-13 19:10:19.311 [INFO] Nessuna azione correttiva automatica disponibile
2026-06-13 19:10:19.316 [OK] Report diagnostica salvato: C:\cellular_speace\reports\manutenzione\correttiva\diagnosi_20260613_191011.json
2026-06-13 19:10:19.321 [OK] Diagnosi Markdown salvata: C:\cellular_speace\data\diagnosi\diagnosi_20260613_191011.md
