2026-06-13 16:26:05.307 [DIAG] Diagnostica runtime...
2026-06-13 16:26:05.333 [ERROR] [alto] Runtime/snapshot_vecchio: Snapshot ha 207.5min (>30min)
2026-06-13 16:26:05.560 [DIAG] Diagnostica processi...
2026-06-13 16:26:05.648 [WARN] [medio] Runtime/errore_lettura_snapshot: Errore lettura snapshot: Impossibile convertire la stringa JSON perché un dizionario convertito da tale stringa contiene le chiavi duplicate 'Server' e 'SERVER'.
2026-06-13 16:26:05.816 [DIAG] Generazione raccomandazioni...
2026-06-13 16:26:05.987 [OK] Report diagnostica salvato: C:\cellular_speace\reports\manutenzione\correttiva\diagnosi_20260613_162605.json
2026-06-13 16:26:06.003 [OK] Diagnosi Markdown salvata: C:\cellular_speace\data\diagnosi\diagnosi_20260613_162605.md
2026-06-13 16:26:06.044 [DIAG] Diagnostica processi...
2026-06-13 16:26:06.204 [DIAG] Diagnostica memoria...
2026-06-13 16:26:06.285 [DIAG] Generazione raccomandazioni...
2026-06-13 16:26:06.456 [OK] Report diagnostica salvato: C:\cellular_speace\reports\manutenzione\correttiva\diagnosi_20260613_162605.json
2026-06-13 16:26:06.490 [OK] Diagnosi Markdown salvata: C:\cellular_speace\data\diagnosi\diagnosi_20260613_162605.md
2026-06-13 16:26:06.710 [DIAG] Diagnostica file...
2026-06-13 16:26:12.033 [DIAG] Diagnostica processi...
2026-06-13 16:26:12.325 [DIAG] Diagnostica log errori...
2026-06-13 16:26:24.741 [ERROR] [critico] Log/errori_recenti: 3377 errori nelle ultime 2 ore
2026-06-13 16:26:25.173 [DIAG] Generazione raccomandazioni...
2026-06-13 16:26:25.501 [FIX] Avvio azioni correttive automatiche...
2026-06-13 16:26:25.531 [INFO] Nessuna azione correttiva automatica disponibile
2026-06-13 16:26:25.569 [OK] Report diagnostica salvato: C:\cellular_speace\reports\manutenzione\correttiva\diagnosi_20260613_162605.json
2026-06-13 16:26:25.685 [OK] Diagnosi Markdown salvata: C:\cellular_speace\data\diagnosi\diagnosi_20260613_162605.md
