2026-06-13 14:02:19.030 [DIAG] Diagnostica processi...
2026-06-13 14:02:19.165 [DIAG] Generazione raccomandazioni...
2026-06-13 14:02:19.193 [OK] Report diagnostica salvato: C:\cellular_speace\reports\manutenzione\correttiva\diagnosi_20260613_140219.json
2026-06-13 14:02:19.196 [OK] Diagnosi Markdown salvata: C:\cellular_speace\data\diagnosi\diagnosi_20260613_140219.md
2026-06-13 14:02:19.220 [DIAG] Diagnostica runtime...
2026-06-13 14:02:19.230 [ERROR] [alto] Runtime/snapshot_vecchio: Snapshot ha 63.8min (>30min)
2026-06-13 14:02:19.240 [WARN] [medio] Runtime/errore_lettura_snapshot: Errore lettura snapshot: Impossibile convertire la stringa JSON perché un dizionario convertito da tale stringa contiene le chiavi duplicate 'Server' e 'SERVER'.
2026-06-13 14:02:19.259 [DIAG] Diagnostica memoria...
2026-06-13 14:02:19.519 [DIAG] Diagnostica file...
2026-06-13 14:02:19.803 [DIAG] Diagnostica processi...
2026-06-13 14:02:19.932 [DIAG] Generazione raccomandazioni...
2026-06-13 14:02:19.946 [OK] Report diagnostica salvato: C:\cellular_speace\reports\manutenzione\correttiva\diagnosi_20260613_140219.json
2026-06-13 14:02:19.946 [OK] Diagnosi Markdown salvata: C:\cellular_speace\data\diagnosi\diagnosi_20260613_140219.md
2026-06-13 14:02:22.296 [DIAG] Diagnostica processi...
2026-06-13 14:02:22.433 [DIAG] Diagnostica log errori...
2026-06-13 14:02:25.216 [ERROR] [critico] Log/errori_recenti: 2299 errori nelle ultime 2 ore
2026-06-13 14:02:25.218 [DIAG] Generazione raccomandazioni...
2026-06-13 14:02:25.239 [FIX] Avvio azioni correttive automatiche...
2026-06-13 14:02:25.241 [INFO] Nessuna azione correttiva automatica disponibile
2026-06-13 14:02:25.243 [OK] Report diagnostica salvato: C:\cellular_speace\reports\manutenzione\correttiva\diagnosi_20260613_140219.json
2026-06-13 14:02:25.243 [OK] Diagnosi Markdown salvata: C:\cellular_speace\data\diagnosi\diagnosi_20260613_140219.md
