2026-06-13 16:02:26.149 [DIAG] Diagnostica processi...
2026-06-13 16:02:26.229 [DIAG] Diagnostica processi...
2026-06-13 16:02:26.446 [DIAG] Generazione raccomandazioni...
2026-06-13 16:02:26.569 [OK] Report diagnostica salvato: C:\cellular_speace\reports\manutenzione\correttiva\diagnosi_20260613_160226.json
2026-06-13 16:02:26.593 [OK] Diagnosi Markdown salvata: C:\cellular_speace\data\diagnosi\diagnosi_20260613_160226.md
2026-06-13 16:02:26.627 [DIAG] Generazione raccomandazioni...
2026-06-13 16:02:26.809 [DIAG] Diagnostica runtime...
2026-06-13 16:02:26.849 [ERROR] [alto] Runtime/snapshot_vecchio: Snapshot ha 183.9min (>30min)
2026-06-13 16:02:26.919 [OK] Report diagnostica salvato: C:\cellular_speace\reports\manutenzione\correttiva\diagnosi_20260613_160226.json
2026-06-13 16:02:26.995 [OK] Diagnosi Markdown salvata: C:\cellular_speace\data\diagnosi\diagnosi_20260613_160226.md
2026-06-13 16:02:27.124 [WARN] [medio] Runtime/errore_lettura_snapshot: Errore lettura snapshot: Impossibile convertire la stringa JSON perché un dizionario convertito da tale stringa contiene le chiavi duplicate 'Server' e 'SERVER'.
2026-06-13 16:02:27.583 [DIAG] Diagnostica memoria...
2026-06-13 16:02:28.181 [DIAG] Diagnostica file...
2026-06-13 16:02:34.821 [DIAG] Diagnostica processi...
2026-06-13 16:02:35.164 [DIAG] Diagnostica log errori...
2026-06-13 16:02:47.190 [ERROR] [critico] Log/errori_recenti: 3330 errori nelle ultime 2 ore
2026-06-13 16:02:47.396 [DIAG] Generazione raccomandazioni...
2026-06-13 16:02:47.530 [FIX] Avvio azioni correttive automatiche...
2026-06-13 16:02:47.548 [INFO] Nessuna azione correttiva automatica disponibile
2026-06-13 16:02:47.562 [OK] Report diagnostica salvato: C:\cellular_speace\reports\manutenzione\correttiva\diagnosi_20260613_160226.json
2026-06-13 16:02:47.571 [OK] Diagnosi Markdown salvata: C:\cellular_speace\data\diagnosi\diagnosi_20260613_160226.md
