2026-06-13 18:54:58.214 [DIAG] Diagnostica processi...
2026-06-13 18:54:58.369 [DIAG] Generazione raccomandazioni...
2026-06-13 18:54:58.383 [OK] Report diagnostica salvato: C:\cellular_speace\reports\manutenzione\correttiva\diagnosi_20260613_185458.json
2026-06-13 18:54:58.391 [OK] Diagnosi Markdown salvata: C:\cellular_speace\data\diagnosi\diagnosi_20260613_185458.md
2026-06-13 18:54:58.423 [DIAG] Diagnostica runtime...
2026-06-13 18:54:58.430 [ERROR] [alto] Runtime/snapshot_vecchio: Snapshot ha 356.4min (>30min)
2026-06-13 18:54:58.450 [WARN] [medio] Runtime/errore_lettura_snapshot: Errore lettura snapshot: Impossibile convertire la stringa JSON perché un dizionario convertito da tale stringa contiene le chiavi duplicate 'Server' e 'SERVER'.
2026-06-13 18:54:58.459 [DIAG] Diagnostica memoria...
2026-06-13 18:54:58.492 [DIAG] Diagnostica processi...
2026-06-13 18:54:58.634 [DIAG] Generazione raccomandazioni...
2026-06-13 18:54:58.644 [OK] Report diagnostica salvato: C:\cellular_speace\reports\manutenzione\correttiva\diagnosi_20260613_185458.json
2026-06-13 18:54:58.644 [OK] Diagnosi Markdown salvata: C:\cellular_speace\data\diagnosi\diagnosi_20260613_185458.md
2026-06-13 18:54:58.715 [DIAG] Diagnostica file...
2026-06-13 18:55:02.367 [DIAG] Diagnostica processi...
2026-06-13 18:55:02.476 [DIAG] Diagnostica log errori...
2026-06-13 18:55:08.050 [ERROR] [critico] Log/errori_recenti: 3287 errori nelle ultime 2 ore
2026-06-13 18:55:08.059 [DIAG] Generazione raccomandazioni...
2026-06-13 18:55:08.080 [FIX] Avvio azioni correttive automatiche...
2026-06-13 18:55:08.083 [INFO] Nessuna azione correttiva automatica disponibile
2026-06-13 18:55:08.088 [OK] Report diagnostica salvato: C:\cellular_speace\reports\manutenzione\correttiva\diagnosi_20260613_185458.json
2026-06-13 18:55:08.092 [OK] Diagnosi Markdown salvata: C:\cellular_speace\data\diagnosi\diagnosi_20260613_185458.md
