2026-06-13 14:24:14.134 [DIAG] Diagnostica processi...
2026-06-13 14:24:14.306 [DIAG] Generazione raccomandazioni...
2026-06-13 14:24:14.338 [OK] Report diagnostica salvato: C:\cellular_speace\reports\manutenzione\correttiva\diagnosi_20260613_142414.json
2026-06-13 14:24:14.338 [OK] Diagnosi Markdown salvata: C:\cellular_speace\data\diagnosi\diagnosi_20260613_142414.md
2026-06-13 14:24:14.372 [DIAG] Diagnostica runtime...
2026-06-13 14:24:14.372 [ERROR] [alto] Runtime/snapshot_vecchio: Snapshot ha 85.7min (>30min)
2026-06-13 14:24:14.407 [WARN] [medio] Runtime/errore_lettura_snapshot: Errore lettura snapshot: Impossibile convertire la stringa JSON perché un dizionario convertito da tale stringa contiene le chiavi duplicate 'Server' e 'SERVER'.
2026-06-13 14:24:14.417 [DIAG] Diagnostica memoria...
2026-06-13 14:24:14.727 [DIAG] Diagnostica file...
2026-06-13 14:24:14.965 [DIAG] Diagnostica processi...
2026-06-13 14:24:14.970 [DIAG] Diagnostica processi...
2026-06-13 14:24:15.142 [DIAG] Generazione raccomandazioni...
2026-06-13 14:24:15.160 [DIAG] Generazione raccomandazioni...
2026-06-13 14:24:15.160 [OK] Report diagnostica salvato: C:\cellular_speace\reports\manutenzione\correttiva\diagnosi_20260613_142414.json
2026-06-13 14:24:15.170 [OK] Diagnosi Markdown salvata: C:\cellular_speace\data\diagnosi\diagnosi_20260613_142414.md
2026-06-13 14:24:15.180 [OK] Report diagnostica salvato: C:\cellular_speace\reports\manutenzione\correttiva\diagnosi_20260613_142414.json
2026-06-13 14:24:15.187 [OK] Diagnosi Markdown salvata: C:\cellular_speace\data\diagnosi\diagnosi_20260613_142414.md
2026-06-13 14:24:18.374 [DIAG] Diagnostica processi...
2026-06-13 14:24:18.624 [DIAG] Diagnostica log errori...
2026-06-13 14:24:25.246 [ERROR] [critico] Log/errori_recenti: 2833 errori nelle ultime 2 ore
2026-06-13 14:24:25.259 [DIAG] Generazione raccomandazioni...
2026-06-13 14:24:25.285 [FIX] Avvio azioni correttive automatiche...
2026-06-13 14:24:25.296 [INFO] Nessuna azione correttiva automatica disponibile
2026-06-13 14:24:25.305 [OK] Report diagnostica salvato: C:\cellular_speace\reports\manutenzione\correttiva\diagnosi_20260613_142414.json
2026-06-13 14:24:25.329 [OK] Diagnosi Markdown salvata: C:\cellular_speace\data\diagnosi\diagnosi_20260613_142414.md
