2026-06-13 17:58:23.945 [DIAG] Diagnostica runtime...
2026-06-13 17:58:23.984 [ERROR] [alto] Runtime/snapshot_vecchio: Snapshot ha 299.8min (>30min)
2026-06-13 17:58:24.339 [DIAG] Diagnostica runtime...
2026-06-13 17:58:24.390 [ERROR] [alto] Runtime/snapshot_vecchio: Snapshot ha 299.9min (>30min)
2026-06-13 17:58:24.632 [WARN] [medio] Runtime/errore_lettura_snapshot: Errore lettura snapshot: Impossibile convertire la stringa JSON perché un dizionario convertito da tale stringa contiene le chiavi duplicate 'Server' e 'SERVER'.
2026-06-13 17:58:25.009 [WARN] [medio] Runtime/errore_lettura_snapshot: Errore lettura snapshot: Impossibile convertire la stringa JSON perché un dizionario convertito da tale stringa contiene le chiavi duplicate 'Server' e 'SERVER'.
2026-06-13 17:58:25.802 [DIAG] Diagnostica memoria...
2026-06-13 17:58:26.157 [DIAG] Diagnostica memoria...
2026-06-13 17:58:26.352 [DIAG] Diagnostica file...
2026-06-13 17:58:26.648 [DIAG] Diagnostica file...
2026-06-13 17:58:32.273 [DIAG] Diagnostica processi...
2026-06-13 17:58:32.660 [DIAG] Diagnostica log errori...
2026-06-13 17:58:34.204 [DIAG] Diagnostica processi...
2026-06-13 17:58:34.579 [DIAG] Diagnostica log errori...
2026-06-13 17:58:47.050 [ERROR] [critico] Log/errori_recenti: 3400 errori nelle ultime 2 ore
2026-06-13 17:58:47.568 [DIAG] Generazione raccomandazioni...
2026-06-13 17:58:48.093 [FIX] Avvio azioni correttive automatiche...
2026-06-13 17:58:48.195 [INFO] Nessuna azione correttiva automatica disponibile
2026-06-13 17:58:48.224 [OK] Report diagnostica salvato: C:\cellular_speace\reports\manutenzione\correttiva\diagnosi_20260613_175823.json
2026-06-13 17:58:48.316 [OK] Diagnosi Markdown salvata: C:\cellular_speace\data\diagnosi\diagnosi_20260613_175823.md
2026-06-13 17:58:49.985 [ERROR] [critico] Log/errori_recenti: 3401 errori nelle ultime 2 ore
2026-06-13 17:58:50.370 [DIAG] Generazione raccomandazioni...
2026-06-13 17:58:50.691 [FIX] Avvio azioni correttive automatiche...
2026-06-13 17:58:50.712 [INFO] Nessuna azione correttiva automatica disponibile
2026-06-13 17:58:50.742 [OK] Report diagnostica salvato: C:\cellular_speace\reports\manutenzione\correttiva\diagnosi_20260613_175823.json
2026-06-13 17:58:50.768 [OK] Diagnosi Markdown salvata: C:\cellular_speace\data\diagnosi\diagnosi_20260613_175823.md
