2026-06-13 13:52:47.244 [DIAG] Diagnostica processi...
2026-06-13 13:52:47.459 [DIAG] Generazione raccomandazioni...
2026-06-13 13:52:47.483 [OK] Report diagnostica salvato: C:\cellular_speace\reports\manutenzione\correttiva\diagnosi_20260613_135247.json
2026-06-13 13:52:47.483 [OK] Diagnosi Markdown salvata: C:\cellular_speace\data\diagnosi\diagnosi_20260613_135247.md
2026-06-13 13:52:47.775 [DIAG] Diagnostica processi...
2026-06-13 13:52:47.917 [DIAG] Generazione raccomandazioni...
2026-06-13 13:52:47.957 [OK] Report diagnostica salvato: C:\cellular_speace\reports\manutenzione\correttiva\diagnosi_20260613_135247.json
2026-06-13 13:52:47.963 [OK] Diagnosi Markdown salvata: C:\cellular_speace\data\diagnosi\diagnosi_20260613_135247.md
2026-06-13 13:52:47.981 [DIAG] Diagnostica runtime...
2026-06-13 13:52:47.996 [ERROR] [alto] Runtime/snapshot_vecchio: Snapshot ha 54.2min (>30min)
2026-06-13 13:52:48.019 [WARN] [medio] Runtime/errore_lettura_snapshot: Errore lettura snapshot: Impossibile convertire la stringa JSON perché un dizionario convertito da tale stringa contiene le chiavi duplicate 'Server' e 'SERVER'.
2026-06-13 13:52:48.040 [DIAG] Diagnostica memoria...
2026-06-13 13:52:48.331 [DIAG] Diagnostica file...
2026-06-13 13:52:51.133 [DIAG] Diagnostica processi...
2026-06-13 13:52:51.255 [DIAG] Diagnostica log errori...
2026-06-13 13:52:54.139 [ERROR] [critico] Log/errori_recenti: 2008 errori nelle ultime 2 ore
2026-06-13 13:52:54.141 [DIAG] Generazione raccomandazioni...
2026-06-13 13:52:54.165 [FIX] Avvio azioni correttive automatiche...
2026-06-13 13:52:54.165 [INFO] Nessuna azione correttiva automatica disponibile
2026-06-13 13:52:54.169 [OK] Report diagnostica salvato: C:\cellular_speace\reports\manutenzione\correttiva\diagnosi_20260613_135247.json
2026-06-13 13:52:54.177 [OK] Diagnosi Markdown salvata: C:\cellular_speace\data\diagnosi\diagnosi_20260613_135247.md
