2026-06-13 16:03:39.331 [DIAG] Diagnostica processi...
2026-06-13 16:03:39.371 [DIAG] Diagnostica processi...
2026-06-13 16:03:39.585 [DIAG] Generazione raccomandazioni...
2026-06-13 16:03:39.626 [DIAG] Generazione raccomandazioni...
2026-06-13 16:03:39.811 [OK] Report diagnostica salvato: C:\cellular_speace\reports\manutenzione\correttiva\diagnosi_20260613_160339.json
2026-06-13 16:03:39.848 [OK] Diagnosi Markdown salvata: C:\cellular_speace\data\diagnosi\diagnosi_20260613_160339.md
2026-06-13 16:03:39.864 [OK] Report diagnostica salvato: C:\cellular_speace\reports\manutenzione\correttiva\diagnosi_20260613_160339.json
2026-06-13 16:03:39.903 [OK] Diagnosi Markdown salvata: C:\cellular_speace\data\diagnosi\diagnosi_20260613_160339.md
2026-06-13 16:03:40.145 [DIAG] Diagnostica runtime...
2026-06-13 16:03:40.185 [ERROR] [alto] Runtime/snapshot_vecchio: Snapshot ha 185.1min (>30min)
2026-06-13 16:03:40.671 [WARN] [medio] Runtime/errore_lettura_snapshot: Errore lettura snapshot: Impossibile convertire la stringa JSON perché un dizionario convertito da tale stringa contiene le chiavi duplicate 'Server' e 'SERVER'.
2026-06-13 16:03:41.902 [DIAG] Diagnostica memoria...
2026-06-13 16:03:42.553 [DIAG] Diagnostica file...
2026-06-13 16:03:47.932 [DIAG] Diagnostica processi...
2026-06-13 16:03:48.181 [DIAG] Diagnostica log errori...
2026-06-13 16:03:59.661 [ERROR] [critico] Log/errori_recenti: 3334 errori nelle ultime 2 ore
2026-06-13 16:04:00.109 [DIAG] Generazione raccomandazioni...
2026-06-13 16:04:00.565 [FIX] Avvio azioni correttive automatiche...
2026-06-13 16:04:00.609 [INFO] Nessuna azione correttiva automatica disponibile
2026-06-13 16:04:00.670 [OK] Report diagnostica salvato: C:\cellular_speace\reports\manutenzione\correttiva\diagnosi_20260613_160339.json
2026-06-13 16:04:00.712 [OK] Diagnosi Markdown salvata: C:\cellular_speace\data\diagnosi\diagnosi_20260613_160339.md
