2026-06-13 13:08:35.041 [DIAG] Diagnostica runtime...
2026-06-13 13:08:35.055 [WARN] [medio] Runtime/errore_lettura_snapshot: Errore lettura snapshot: Impossibile convertire la stringa JSON perché un dizionario convertito da tale stringa contiene le chiavi duplicate 'Server' e 'SERVER'.
2026-06-13 13:08:35.075 [DIAG] Diagnostica memoria...
2026-06-13 13:08:35.238 [DIAG] Diagnostica processi...
2026-06-13 13:08:35.492 [WARN] Errore diagnostica processi: Eccezione durante la chiamata di "ToDateTime" con "1" argomento/i: "Argomento specificato non compreso nell'intervallo.
Nome parametro: dmtfDate"
2026-06-13 13:08:35.497 [DIAG] Generazione raccomandazioni...
2026-06-13 13:08:35.519 [DIAG] Diagnostica file...
2026-06-13 13:08:35.523 [OK] Report diagnostica salvato: C:\cellular_speace\reports\manutenzione\correttiva\diagnosi_20260613_130835.json
2026-06-13 13:08:35.531 [OK] Diagnosi Markdown salvata: C:\cellular_speace\data\diagnosi\diagnosi_20260613_130835.md
2026-06-13 13:08:39.104 [DIAG] Diagnostica processi...
2026-06-13 13:08:39.378 [WARN] Errore diagnostica processi: Eccezione durante la chiamata di "ToDateTime" con "1" argomento/i: "Argomento specificato non compreso nell'intervallo.
Nome parametro: dmtfDate"
2026-06-13 13:08:39.387 [DIAG] Diagnostica log errori...
2026-06-13 13:08:39.391 [WARN] Errore diagnostica log: Impossibile convertire 'System.Object[]' nel tipo 'System.String' richiesto da parametro 'ChildPath'. Specificato metodo non supportato.
2026-06-13 13:08:39.397 [DIAG] Generazione raccomandazioni...
2026-06-13 13:08:39.423 [FIX] Avvio azioni correttive automatiche...
2026-06-13 13:08:39.425 [INFO] Nessuna azione correttiva automatica disponibile
2026-06-13 13:08:39.437 [OK] Report diagnostica salvato: C:\cellular_speace\reports\manutenzione\correttiva\diagnosi_20260613_130835.json
2026-06-13 13:08:39.442 [OK] Diagnosi Markdown salvata: C:\cellular_speace\data\diagnosi\diagnosi_20260613_130835.md
