2026-06-13 18:23:20.292 [DIAG] Diagnostica processi...
2026-06-13 18:23:20.649 [DIAG] Generazione raccomandazioni...
2026-06-13 18:23:20.704 [DIAG] Diagnostica processi...
2026-06-13 18:23:20.921 [DIAG] Diagnostica runtime...
2026-06-13 18:23:20.945 [ERROR] [alto] Runtime/snapshot_vecchio: Snapshot ha 324.8min (>30min)
2026-06-13 18:23:20.961 [OK] Report diagnostica salvato: C:\cellular_speace\reports\manutenzione\correttiva\diagnosi_20260613_182320.json
2026-06-13 18:23:20.997 [DIAG] Generazione raccomandazioni...
2026-06-13 18:23:21.016 [OK] Diagnosi Markdown salvata: C:\cellular_speace\data\diagnosi\diagnosi_20260613_182320.md
2026-06-13 18:23:21.220 [OK] Report diagnostica salvato: C:\cellular_speace\reports\manutenzione\correttiva\diagnosi_20260613_182320.json
2026-06-13 18:23:21.229 [OK] Diagnosi Markdown salvata: C:\cellular_speace\data\diagnosi\diagnosi_20260613_182320.md
2026-06-13 18:23:21.329 [WARN] [medio] Runtime/errore_lettura_snapshot: Errore lettura snapshot: Impossibile convertire la stringa JSON perché un dizionario convertito da tale stringa contiene le chiavi duplicate 'Server' e 'SERVER'.
2026-06-13 18:23:22.000 [DIAG] Diagnostica memoria...
2026-06-13 18:23:22.548 [DIAG] Diagnostica file...
2026-06-13 18:23:28.017 [DIAG] Diagnostica processi...
2026-06-13 18:23:28.239 [DIAG] Diagnostica log errori...
2026-06-13 18:23:38.776 [ERROR] [critico] Log/errori_recenti: 3363 errori nelle ultime 2 ore
2026-06-13 18:23:39.081 [DIAG] Generazione raccomandazioni...
2026-06-13 18:23:39.200 [FIX] Avvio azioni correttive automatiche...
2026-06-13 18:23:39.227 [INFO] Nessuna azione correttiva automatica disponibile
2026-06-13 18:23:39.251 [OK] Report diagnostica salvato: C:\cellular_speace\reports\manutenzione\correttiva\diagnosi_20260613_182320.json
2026-06-13 18:23:39.286 [OK] Diagnosi Markdown salvata: C:\cellular_speace\data\diagnosi\diagnosi_20260613_182320.md
