2026-06-13 15:19:29.396 [DIAG] Diagnostica processi...
2026-06-13 15:19:29.476 [DIAG] Diagnostica runtime...
2026-06-13 15:19:29.492 [ERROR] [alto] Runtime/snapshot_vecchio: Snapshot ha 140.9min (>30min)
2026-06-13 15:19:29.673 [DIAG] Diagnostica processi...
2026-06-13 15:19:29.718 [DIAG] Generazione raccomandazioni...
2026-06-13 15:19:29.889 [WARN] [medio] Runtime/errore_lettura_snapshot: Errore lettura snapshot: Impossibile convertire la stringa JSON perché un dizionario convertito da tale stringa contiene le chiavi duplicate 'Server' e 'SERVER'.
2026-06-13 15:19:30.054 [OK] Report diagnostica salvato: C:\cellular_speace\reports\manutenzione\correttiva\diagnosi_20260613_151929.json
2026-06-13 15:19:30.064 [DIAG] Generazione raccomandazioni...
2026-06-13 15:19:30.079 [OK] Diagnosi Markdown salvata: C:\cellular_speace\data\diagnosi\diagnosi_20260613_151929.md
2026-06-13 15:19:30.222 [OK] Report diagnostica salvato: C:\cellular_speace\reports\manutenzione\correttiva\diagnosi_20260613_151929.json
2026-06-13 15:19:30.287 [OK] Diagnosi Markdown salvata: C:\cellular_speace\data\diagnosi\diagnosi_20260613_151929.md
2026-06-13 15:19:30.443 [DIAG] Diagnostica memoria...
2026-06-13 15:19:30.937 [DIAG] Diagnostica file...
2026-06-13 15:19:36.472 [DIAG] Diagnostica processi...
2026-06-13 15:19:37.148 [DIAG] Diagnostica log errori...
2026-06-13 15:19:49.128 [ERROR] [critico] Log/errori_recenti: 3484 errori nelle ultime 2 ore
2026-06-13 15:19:49.398 [DIAG] Generazione raccomandazioni...
2026-06-13 15:19:49.505 [FIX] Avvio azioni correttive automatiche...
2026-06-13 15:19:49.552 [INFO] Nessuna azione correttiva automatica disponibile
2026-06-13 15:19:49.578 [OK] Report diagnostica salvato: C:\cellular_speace\reports\manutenzione\correttiva\diagnosi_20260613_151929.json
2026-06-13 15:19:49.626 [OK] Diagnosi Markdown salvata: C:\cellular_speace\data\diagnosi\diagnosi_20260613_151929.md
