2026-06-13 13:26:31.247 [DIAG] Diagnostica processi...
2026-06-13 13:26:31.368 [DIAG] Diagnostica processi...
2026-06-13 13:26:31.446 [DIAG] Generazione raccomandazioni...
2026-06-13 13:26:31.468 [OK] Report diagnostica salvato: C:\cellular_speace\reports\manutenzione\correttiva\diagnosi_20260613_132631.json
2026-06-13 13:26:31.468 [OK] Diagnosi Markdown salvata: C:\cellular_speace\data\diagnosi\diagnosi_20260613_132631.md
2026-06-13 13:26:31.542 [DIAG] Generazione raccomandazioni...
2026-06-13 13:26:31.563 [OK] Report diagnostica salvato: C:\cellular_speace\reports\manutenzione\correttiva\diagnosi_20260613_132631.json
2026-06-13 13:26:31.565 [OK] Diagnosi Markdown salvata: C:\cellular_speace\data\diagnosi\diagnosi_20260613_132631.md
2026-06-13 13:26:31.587 [DIAG] Diagnostica runtime...
2026-06-13 13:26:31.604 [WARN] [medio] Runtime/errore_lettura_snapshot: Errore lettura snapshot: Impossibile convertire la stringa JSON perché un dizionario convertito da tale stringa contiene le chiavi duplicate 'Server' e 'SERVER'.
2026-06-13 13:26:31.618 [DIAG] Diagnostica memoria...
2026-06-13 13:26:31.928 [DIAG] Diagnostica file...
2026-06-13 13:26:34.452 [DIAG] Diagnostica processi...
2026-06-13 13:26:34.624 [DIAG] Diagnostica log errori...
2026-06-13 13:26:35.927 [ERROR] [critico] Log/errori_recenti: 1233 errori nelle ultime 2 ore
2026-06-13 13:26:35.941 [DIAG] Generazione raccomandazioni...
2026-06-13 13:26:35.958 [FIX] Avvio azioni correttive automatiche...
2026-06-13 13:26:35.958 [INFO] Nessuna azione correttiva automatica disponibile
2026-06-13 13:26:35.967 [OK] Report diagnostica salvato: C:\cellular_speace\reports\manutenzione\correttiva\diagnosi_20260613_132631.json
2026-06-13 13:26:35.976 [OK] Diagnosi Markdown salvata: C:\cellular_speace\data\diagnosi\diagnosi_20260613_132631.md
