2026-06-13 18:44:00.302 [DIAG] Diagnostica runtime...
2026-06-13 18:44:00.320 [DIAG] Diagnostica processi...
2026-06-13 18:44:00.421 [ERROR] [alto] Runtime/snapshot_vecchio: Snapshot ha 345.5min (>30min)
2026-06-13 18:44:00.516 [DIAG] Diagnostica runtime...
2026-06-13 18:44:00.540 [ERROR] [alto] Runtime/snapshot_vecchio: Snapshot ha 345.5min (>30min)
2026-06-13 18:44:00.621 [DIAG] Generazione raccomandazioni...
2026-06-13 18:44:00.735 [WARN] [medio] Runtime/errore_lettura_snapshot: Errore lettura snapshot: Impossibile convertire la stringa JSON perché un dizionario convertito da tale stringa contiene le chiavi duplicate 'Server' e 'SERVER'.
2026-06-13 18:44:00.789 [WARN] [medio] Runtime/errore_lettura_snapshot: Errore lettura snapshot: Impossibile convertire la stringa JSON perché un dizionario convertito da tale stringa contiene le chiavi duplicate 'Server' e 'SERVER'.
2026-06-13 18:44:00.799 [OK] Report diagnostica salvato: C:\cellular_speace\reports\manutenzione\correttiva\diagnosi_20260613_184400.json
2026-06-13 18:44:00.841 [OK] Diagnosi Markdown salvata: C:\cellular_speace\data\diagnosi\diagnosi_20260613_184400.md
2026-06-13 18:44:01.011 [DIAG] Diagnostica runtime...
2026-06-13 18:44:01.027 [ERROR] [alto] Runtime/snapshot_vecchio: Snapshot ha 345.5min (>30min)
2026-06-13 18:44:01.216 [DIAG] Diagnostica memoria...
2026-06-13 18:44:01.291 [WARN] [medio] Runtime/errore_lettura_snapshot: Errore lettura snapshot: Impossibile convertire la stringa JSON perché un dizionario convertito da tale stringa contiene le chiavi duplicate 'Server' e 'SERVER'.
2026-06-13 18:44:01.439 [DIAG] Diagnostica memoria...
2026-06-13 18:44:01.833 [DIAG] Diagnostica file...
2026-06-13 18:44:02.046 [DIAG] Diagnostica file...
2026-06-13 18:44:02.379 [DIAG] Diagnostica memoria...
2026-06-13 18:44:02.991 [DIAG] Diagnostica file...
2026-06-13 18:44:08.262 [DIAG] Diagnostica processi...
2026-06-13 18:44:08.681 [DIAG] Diagnostica log errori...
2026-06-13 18:44:10.118 [DIAG] Diagnostica processi...
2026-06-13 18:44:10.679 [DIAG] Diagnostica log errori...
2026-06-13 18:44:11.133 [DIAG] Diagnostica processi...
2026-06-13 18:44:11.771 [DIAG] Diagnostica log errori...
2026-06-13 18:44:24.751 [ERROR] [critico] Log/errori_recenti: 3303 errori nelle ultime 2 ore
2026-06-13 18:44:25.130 [ERROR] [critico] Log/errori_recenti: 3303 errori nelle ultime 2 ore
2026-06-13 18:44:25.144 [DIAG] Generazione raccomandazioni...
2026-06-13 18:44:25.368 [FIX] Avvio azioni correttive automatiche...
2026-06-13 18:44:25.396 [INFO] Nessuna azione correttiva automatica disponibile
2026-06-13 18:44:25.413 [OK] Report diagnostica salvato: C:\cellular_speace\reports\manutenzione\correttiva\diagnosi_20260613_184400.json
2026-06-13 18:44:25.446 [DIAG] Generazione raccomandazioni...
2026-06-13 18:44:25.456 [ERROR] ERRORE FATALE: Il processo non può accedere al file 'C:\cellular_speace\data\logs\manutenzione\correttiva\diagnostica_20260613_184400.log' perché è in uso da un altro processo.
2026-06-13 18:44:25.634 [FIX] Avvio azioni correttive automatiche...
2026-06-13 18:44:25.648 [INFO] Nessuna azione correttiva automatica disponibile
2026-06-13 18:44:25.692 [OK] Report diagnostica salvato: C:\cellular_speace\reports\manutenzione\correttiva\diagnosi_20260613_184400.json
2026-06-13 18:44:25.718 [OK] Diagnosi Markdown salvata: C:\cellular_speace\data\diagnosi\diagnosi_20260613_184400.md
2026-06-13 18:44:27.087 [ERROR] [critico] Log/errori_recenti: 3306 errori nelle ultime 2 ore
2026-06-13 18:44:27.167 [DIAG] Generazione raccomandazioni...
2026-06-13 18:44:27.250 [FIX] Avvio azioni correttive automatiche...
2026-06-13 18:44:27.258 [INFO] Nessuna azione correttiva automatica disponibile
2026-06-13 18:44:27.272 [OK] Report diagnostica salvato: C:\cellular_speace\reports\manutenzione\correttiva\diagnosi_20260613_184400.json
2026-06-13 18:44:27.280 [OK] Diagnosi Markdown salvata: C:\cellular_speace\data\diagnosi\diagnosi_20260613_184400.md
