2026-06-13 13:17:36.029 [DIAG] Diagnostica processi...
2026-06-13 13:17:36.266 [DIAG] Generazione raccomandazioni...
2026-06-13 13:17:36.298 [OK] Report diagnostica salvato: C:\cellular_speace\reports\manutenzione\correttiva\diagnosi_20260613_131736.json
2026-06-13 13:17:36.304 [OK] Diagnosi Markdown salvata: C:\cellular_speace\data\diagnosi\diagnosi_20260613_131736.md
2026-06-13 13:17:36.347 [DIAG] Diagnostica runtime...
2026-06-13 13:17:36.375 [WARN] [medio] Runtime/errore_lettura_snapshot: Errore lettura snapshot: Impossibile convertire la stringa JSON perché un dizionario convertito da tale stringa contiene le chiavi duplicate 'Server' e 'SERVER'.
2026-06-13 13:17:36.393 [DIAG] Diagnostica memoria...
2026-06-13 13:17:36.828 [DIAG] Diagnostica processi...
2026-06-13 13:17:36.904 [DIAG] Diagnostica file...
2026-06-13 13:17:37.034 [DIAG] Generazione raccomandazioni...
2026-06-13 13:17:37.053 [OK] Report diagnostica salvato: C:\cellular_speace\reports\manutenzione\correttiva\diagnosi_20260613_131736.json
2026-06-13 13:17:37.066 [OK] Diagnosi Markdown salvata: C:\cellular_speace\data\diagnosi\diagnosi_20260613_131736.md
2026-06-13 13:17:40.302 [DIAG] Diagnostica processi...
2026-06-13 13:17:40.491 [WARN] [medio] Processi/troppi_processi: 6 processi SPEACE attivi (attesi 1-3)
2026-06-13 13:17:40.508 [DIAG] Diagnostica log errori...
2026-06-13 13:17:41.584 [ERROR] [critico] Log/errori_recenti: 1012 errori nelle ultime 2 ore
2026-06-13 13:17:41.612 [DIAG] Generazione raccomandazioni...
2026-06-13 13:17:41.658 [FIX] Avvio azioni correttive automatiche...
2026-06-13 13:17:41.659 [INFO] Nessuna azione correttiva automatica disponibile
2026-06-13 13:17:41.665 [OK] Report diagnostica salvato: C:\cellular_speace\reports\manutenzione\correttiva\diagnosi_20260613_131736.json
2026-06-13 13:17:41.665 [OK] Diagnosi Markdown salvata: C:\cellular_speace\data\diagnosi\diagnosi_20260613_131736.md
