2026-06-13 15:14:26.216 [DIAG] Diagnostica processi...
2026-06-13 15:14:26.402 [DIAG] Generazione raccomandazioni...
2026-06-13 15:14:26.427 [OK] Report diagnostica salvato: C:\cellular_speace\reports\manutenzione\correttiva\diagnosi_20260613_151426.json
2026-06-13 15:14:26.435 [OK] Diagnosi Markdown salvata: C:\cellular_speace\data\diagnosi\diagnosi_20260613_151426.md
2026-06-13 15:14:26.468 [DIAG] Diagnostica runtime...
2026-06-13 15:14:26.472 [ERROR] [alto] Runtime/snapshot_vecchio: Snapshot ha 135.9min (>30min)
2026-06-13 15:14:26.500 [WARN] [medio] Runtime/errore_lettura_snapshot: Errore lettura snapshot: Impossibile convertire la stringa JSON perché un dizionario convertito da tale stringa contiene le chiavi duplicate 'Server' e 'SERVER'.
2026-06-13 15:14:26.519 [DIAG] Diagnostica memoria...
2026-06-13 15:14:26.876 [DIAG] Diagnostica file...
2026-06-13 15:14:26.898 [DIAG] Diagnostica processi...
2026-06-13 15:14:27.097 [DIAG] Generazione raccomandazioni...
2026-06-13 15:14:27.125 [OK] Report diagnostica salvato: C:\cellular_speace\reports\manutenzione\correttiva\diagnosi_20260613_151426.json
2026-06-13 15:14:27.127 [OK] Diagnosi Markdown salvata: C:\cellular_speace\data\diagnosi\diagnosi_20260613_151426.md
2026-06-13 15:14:30.742 [DIAG] Diagnostica processi...
2026-06-13 15:14:30.904 [DIAG] Diagnostica log errori...
2026-06-13 15:14:37.862 [ERROR] [critico] Log/errori_recenti: 3496 errori nelle ultime 2 ore
2026-06-13 15:14:37.878 [DIAG] Generazione raccomandazioni...
2026-06-13 15:14:37.888 [FIX] Avvio azioni correttive automatiche...
2026-06-13 15:14:37.903 [INFO] Nessuna azione correttiva automatica disponibile
2026-06-13 15:14:37.912 [OK] Report diagnostica salvato: C:\cellular_speace\reports\manutenzione\correttiva\diagnosi_20260613_151426.json
2026-06-13 15:14:37.915 [OK] Diagnosi Markdown salvata: C:\cellular_speace\data\diagnosi\diagnosi_20260613_151426.md
