2026-06-13 13:37:31.159 [DIAG] Diagnostica processi...
2026-06-13 13:37:31.430 [DIAG] Generazione raccomandazioni...
2026-06-13 13:37:31.505 [OK] Report diagnostica salvato: C:\cellular_speace\reports\manutenzione\correttiva\diagnosi_20260613_133731.json
2026-06-13 13:37:31.523 [DIAG] Diagnostica processi...
2026-06-13 13:37:31.525 [OK] Diagnosi Markdown salvata: C:\cellular_speace\data\diagnosi\diagnosi_20260613_133731.md
2026-06-13 13:37:31.680 [DIAG] Diagnostica runtime...
2026-06-13 13:37:31.688 [ERROR] [alto] Runtime/snapshot_vecchio: Snapshot ha 39min (>30min)
2026-06-13 13:37:31.751 [DIAG] Generazione raccomandazioni...
2026-06-13 13:37:31.898 [OK] Report diagnostica salvato: C:\cellular_speace\reports\manutenzione\correttiva\diagnosi_20260613_133731.json
2026-06-13 13:37:31.929 [WARN] [medio] Runtime/errore_lettura_snapshot: Errore lettura snapshot: Impossibile convertire la stringa JSON perché un dizionario convertito da tale stringa contiene le chiavi duplicate 'Server' e 'SERVER'.
2026-06-13 13:37:31.933 [ERROR] ERRORE FATALE: Il processo non può accedere al file 'C:\cellular_speace\data\logs\manutenzione\correttiva\diagnostica_20260613_133731.log' perché è in uso da un altro processo.
2026-06-13 13:37:32.048 [DIAG] Diagnostica memoria...
2026-06-13 13:37:32.521 [DIAG] Diagnostica file...
2026-06-13 13:37:37.637 [DIAG] Diagnostica processi...
2026-06-13 13:37:37.875 [DIAG] Diagnostica log errori...
2026-06-13 13:37:41.934 [ERROR] [critico] Log/errori_recenti: 1557 errori nelle ultime 2 ore
2026-06-13 13:37:42.298 [DIAG] Generazione raccomandazioni...
2026-06-13 13:37:42.589 [FIX] Avvio azioni correttive automatiche...
2026-06-13 13:37:42.629 [INFO] Nessuna azione correttiva automatica disponibile
2026-06-13 13:37:42.645 [OK] Report diagnostica salvato: C:\cellular_speace\reports\manutenzione\correttiva\diagnosi_20260613_133731.json
2026-06-13 13:37:42.683 [OK] Diagnosi Markdown salvata: C:\cellular_speace\data\diagnosi\diagnosi_20260613_133731.md
