2026-06-13 15:58:40.112 [DIAG] Diagnostica processi...
2026-06-13 15:58:40.314 [DIAG] Generazione raccomandazioni...
2026-06-13 15:58:40.336 [OK] Report diagnostica salvato: C:\cellular_speace\reports\manutenzione\correttiva\diagnosi_20260613_155840.json
2026-06-13 15:58:40.343 [OK] Diagnosi Markdown salvata: C:\cellular_speace\data\diagnosi\diagnosi_20260613_155840.md
2026-06-13 15:58:40.379 [DIAG] Diagnostica runtime...
2026-06-13 15:58:40.385 [ERROR] [alto] Runtime/snapshot_vecchio: Snapshot ha 180.1min (>30min)
2026-06-13 15:58:40.411 [WARN] [medio] Runtime/errore_lettura_snapshot: Errore lettura snapshot: Impossibile convertire la stringa JSON perché un dizionario convertito da tale stringa contiene le chiavi duplicate 'Server' e 'SERVER'.
2026-06-13 15:58:40.435 [DIAG] Diagnostica memoria...
2026-06-13 15:58:40.794 [DIAG] Diagnostica file...
2026-06-13 15:58:40.801 [DIAG] Diagnostica processi...
2026-06-13 15:58:40.983 [DIAG] Generazione raccomandazioni...
2026-06-13 15:58:41.002 [OK] Report diagnostica salvato: C:\cellular_speace\reports\manutenzione\correttiva\diagnosi_20260613_155840.json
2026-06-13 15:58:41.007 [OK] Diagnosi Markdown salvata: C:\cellular_speace\data\diagnosi\diagnosi_20260613_155840.md
2026-06-13 15:58:45.177 [DIAG] Diagnostica processi...
2026-06-13 15:58:45.454 [DIAG] Diagnostica log errori...
2026-06-13 15:58:53.856 [ERROR] [critico] Log/errori_recenti: 3355 errori nelle ultime 2 ore
2026-06-13 15:58:53.864 [DIAG] Generazione raccomandazioni...
2026-06-13 15:58:53.887 [FIX] Avvio azioni correttive automatiche...
2026-06-13 15:58:53.891 [INFO] Nessuna azione correttiva automatica disponibile
2026-06-13 15:58:53.898 [OK] Report diagnostica salvato: C:\cellular_speace\reports\manutenzione\correttiva\diagnosi_20260613_155840.json
2026-06-13 15:58:53.902 [OK] Diagnosi Markdown salvata: C:\cellular_speace\data\diagnosi\diagnosi_20260613_155840.md
