2026-06-13 18:44:04.506 [DIAG] Diagnostica runtime...
2026-06-13 18:44:04.592 [DIAG] Diagnostica runtime...
2026-06-13 18:44:04.610 [ERROR] [alto] Runtime/snapshot_vecchio: Snapshot ha 345.5min (>30min)
2026-06-13 18:44:04.626 [WARN] [medio] Runtime/errore_lettura_snapshot: Errore lettura snapshot: Il processo non può accedere al file 'C:\cellular_speace\data\logs\manutenzione\correttiva\diagnostica_20260613_184404.log' perché è in uso da un altro processo.
2026-06-13 18:44:05.124 [WARN] [medio] Runtime/errore_lettura_snapshot: Errore lettura snapshot: Impossibile convertire la stringa JSON perché un dizionario convertito da tale stringa contiene le chiavi duplicate 'Server' e 'SERVER'.
2026-06-13 18:44:05.688 [DIAG] Diagnostica memoria...
2026-06-13 18:44:06.284 [DIAG] Diagnostica memoria...
2026-06-13 18:44:06.355 [DIAG] Diagnostica file...
2026-06-13 18:44:07.071 [DIAG] Diagnostica file...
2026-06-13 18:44:14.960 [DIAG] Diagnostica processi...
2026-06-13 18:44:15.393 [DIAG] Diagnostica log errori...
2026-06-13 18:44:16.937 [DIAG] Diagnostica processi...
2026-06-13 18:44:17.200 [DIAG] Diagnostica log errori...
2026-06-13 18:44:27.534 [ERROR] [critico] Log/errori_recenti: 3303 errori nelle ultime 2 ore
2026-06-13 18:44:27.556 [DIAG] Generazione raccomandazioni...
2026-06-13 18:44:27.574 [FIX] Avvio azioni correttive automatiche...
2026-06-13 18:44:27.580 [INFO] Nessuna azione correttiva automatica disponibile
2026-06-13 18:44:27.601 [OK] Report diagnostica salvato: C:\cellular_speace\reports\manutenzione\correttiva\diagnosi_20260613_184404.json
2026-06-13 18:44:27.606 [OK] Diagnosi Markdown salvata: C:\cellular_speace\data\diagnosi\diagnosi_20260613_184404.md
2026-06-13 18:44:28.451 [ERROR] [critico] Log/errori_recenti: 3304 errori nelle ultime 2 ore
2026-06-13 18:44:28.474 [DIAG] Generazione raccomandazioni...
2026-06-13 18:44:28.498 [FIX] Avvio azioni correttive automatiche...
2026-06-13 18:44:28.502 [INFO] Nessuna azione correttiva automatica disponibile
2026-06-13 18:44:28.506 [OK] Report diagnostica salvato: C:\cellular_speace\reports\manutenzione\correttiva\diagnosi_20260613_184404.json
2026-06-13 18:44:28.512 [OK] Diagnosi Markdown salvata: C:\cellular_speace\data\diagnosi\diagnosi_20260613_184404.md
