2026-06-13 16:54:47.147 [DIAG] Diagnostica runtime...
2026-06-13 16:54:47.157 [ERROR] [alto] Runtime/snapshot_vecchio: Snapshot ha 236.2min (>30min)
2026-06-13 16:54:47.224 [WARN] [medio] Runtime/errore_lettura_snapshot: Errore lettura snapshot: Impossibile convertire la stringa JSON perché un dizionario convertito da tale stringa contiene le chiavi duplicate 'Server' e 'SERVER'.
2026-06-13 16:54:47.257 [DIAG] Diagnostica memoria...
2026-06-13 16:54:47.571 [DIAG] Diagnostica file...
2026-06-13 16:54:47.609 [DIAG] Diagnostica processi...
2026-06-13 16:54:47.800 [DIAG] Generazione raccomandazioni...
2026-06-13 16:54:47.821 [OK] Report diagnostica salvato: C:\cellular_speace\reports\manutenzione\correttiva\diagnosi_20260613_165447.json
2026-06-13 16:54:47.826 [OK] Diagnosi Markdown salvata: C:\cellular_speace\data\diagnosi\diagnosi_20260613_165447.md
2026-06-13 16:54:47.842 [DIAG] Diagnostica runtime...
2026-06-13 16:54:47.852 [ERROR] [alto] Runtime/snapshot_vecchio: Snapshot ha 236.2min (>30min)
2026-06-13 16:54:47.886 [WARN] [medio] Runtime/errore_lettura_snapshot: Errore lettura snapshot: Impossibile convertire la stringa JSON perché un dizionario convertito da tale stringa contiene le chiavi duplicate 'Server' e 'SERVER'.
2026-06-13 16:54:47.890 [DIAG] Diagnostica memoria...
2026-06-13 16:54:48.204 [DIAG] Diagnostica file...
2026-06-13 16:54:52.346 [DIAG] Diagnostica processi...
2026-06-13 16:54:52.648 [DIAG] Diagnostica log errori...
2026-06-13 16:54:53.098 [DIAG] Diagnostica processi...
2026-06-13 16:54:53.309 [DIAG] Diagnostica log errori...
2026-06-13 16:55:00.017 [ERROR] [critico] Log/errori_recenti: 3375 errori nelle ultime 2 ore
2026-06-13 16:55:00.038 [DIAG] Generazione raccomandazioni...
2026-06-13 16:55:00.062 [FIX] Avvio azioni correttive automatiche...
2026-06-13 16:55:00.064 [INFO] Nessuna azione correttiva automatica disponibile
2026-06-13 16:55:00.091 [OK] Report diagnostica salvato: C:\cellular_speace\reports\manutenzione\correttiva\diagnosi_20260613_165447.json
2026-06-13 16:55:00.105 [OK] Diagnosi Markdown salvata: C:\cellular_speace\data\diagnosi\diagnosi_20260613_165447.md
2026-06-13 16:55:00.509 [ERROR] [critico] Log/errori_recenti: 3376 errori nelle ultime 2 ore
2026-06-13 16:55:00.516 [DIAG] Generazione raccomandazioni...
2026-06-13 16:55:00.534 [FIX] Avvio azioni correttive automatiche...
2026-06-13 16:55:00.538 [INFO] Nessuna azione correttiva automatica disponibile
2026-06-13 16:55:00.542 [OK] Report diagnostica salvato: C:\cellular_speace\reports\manutenzione\correttiva\diagnosi_20260613_165447.json
2026-06-13 16:55:00.546 [OK] Diagnosi Markdown salvata: C:\cellular_speace\data\diagnosi\diagnosi_20260613_165447.md
