2026-06-13 17:48:40.282 [DIAG] Diagnostica processi...
2026-06-13 17:48:40.484 [DIAG] Generazione raccomandazioni...
2026-06-13 17:48:40.529 [OK] Report diagnostica salvato: C:\cellular_speace\reports\manutenzione\correttiva\diagnosi_20260613_174840.json
2026-06-13 17:48:40.535 [OK] Diagnosi Markdown salvata: C:\cellular_speace\data\diagnosi\diagnosi_20260613_174840.md
2026-06-13 17:48:40.571 [DIAG] Diagnostica processi...
2026-06-13 17:48:40.776 [DIAG] Generazione raccomandazioni...
2026-06-13 17:48:40.818 [OK] Report diagnostica salvato: C:\cellular_speace\reports\manutenzione\correttiva\diagnosi_20260613_174840.json
2026-06-13 17:48:40.830 [OK] Diagnosi Markdown salvata: C:\cellular_speace\data\diagnosi\diagnosi_20260613_174840.md
2026-06-13 17:48:40.872 [DIAG] Diagnostica runtime...
2026-06-13 17:48:40.887 [ERROR] [alto] Runtime/snapshot_vecchio: Snapshot ha 290.1min (>30min)
2026-06-13 17:48:40.917 [WARN] [medio] Runtime/errore_lettura_snapshot: Errore lettura snapshot: Impossibile convertire la stringa JSON perché un dizionario convertito da tale stringa contiene le chiavi duplicate 'Server' e 'SERVER'.
2026-06-13 17:48:40.927 [DIAG] Diagnostica memoria...
2026-06-13 17:48:41.300 [DIAG] Diagnostica file...
2026-06-13 17:48:45.981 [DIAG] Diagnostica processi...
2026-06-13 17:48:46.150 [DIAG] Diagnostica log errori...
2026-06-13 17:48:56.839 [ERROR] [critico] Log/errori_recenti: 3366 errori nelle ultime 2 ore
2026-06-13 17:48:56.936 [DIAG] Generazione raccomandazioni...
2026-06-13 17:48:56.977 [FIX] Avvio azioni correttive automatiche...
2026-06-13 17:48:56.981 [INFO] Nessuna azione correttiva automatica disponibile
2026-06-13 17:48:56.987 [OK] Report diagnostica salvato: C:\cellular_speace\reports\manutenzione\correttiva\diagnosi_20260613_174840.json
2026-06-13 17:48:56.993 [OK] Diagnosi Markdown salvata: C:\cellular_speace\data\diagnosi\diagnosi_20260613_174840.md
